ABC command line: "&read _init.aig; &fdrw -G 2 -a -F _coef.log -S _init.stat -C 20000".

Level
....level is computed as FO
....use shortest path as dist = 0
....pick min of dist as level = 0
....Level is computed on pAbs = 1
Itp
....Itp is computed with incremental sat solver = 0
....Itp is computed on pAbs = 0
....G support contain merge frontier = 0
....G supprot contain not same merge frontier support = 2
....cost eval of the patch is 0
....coef of cost eval = 0.000000
Shrink
....keep special case 0 in Gsupport first
....shrink base on level of pAbs
FD Rewrite
....synthesis before replacement = 0
....synthesis after rewriting = 0
start checking node init
nid 2333 conflict required 368
nid 2333(368) with shrink lv_lim 3 have found patch sized 1272
G support: { 862 863 865 876 877 879 880 890 891 896 900 910 911 922 929 940 950 951 952 956 959 968 971 972 983 986 988 989 996 997 998 999 1000 1009 1011 1013 1014 1016 1017 1040 1042 1049 1053 1055 1063 1070 1071 1075 1085 1086 1088 1091 1095 1103 1104 1105 1107 1116 1117 1120 1121 1130 1134 1141 1149 1150 1151 1154 1155 1163 1165 1172 1174 1186 1187 1189 1190 1191 1192 1193 1194 1198 1199 1202 1209 1214 1219 1220 1221 1224 1229 1237 1238 1245 1251 1252 1256 1261 1262 1278 1279 1283 1290 1291 1292 1302 1303 1307 1308 1311 1319 1320 1321 1322 1329 1330 1335 1337 1339 1344 1345 1349 1354 1363 1368 1370 1371 1375 1376 1380 1386 1388 1389 1391 1401 1402 1403 1404 1405 1406 1409 1413 1414 1419 1420 1422 1428 1429 1430 1433 1434 1435 1447 1451 1454 1466 1471 1474 1475 1484 1485 1487 1488 1489 1490 1504 1509 1513 1516 619 665 666 699 703 709 710 736 770 772 775 776 790 791 792 799 806 827 828 830 838 841 843 1536 1537 1540 1541 1542 1546 1553 1554 1560 1561 1562 1564 1569 }
nid 2338 conflict required 373
nid 2338(373) with shrink lv_lim 3 have found patch sized 388
G support: { 876 890 896 900 922 924 933 956 959 968 971 972 983 986 989 996 998 999 1000 1014 1040 1049 1091 1093 1095 1103 1104 1105 1107 1116 1120 1127 1134 1151 1154 1155 1163 1164 1174 1186 1187 1191 1193 1194 1209 1210 1211 1214 1219 1238 1245 1251 1252 1256 1261 1262 1278 1279 1283 1285 1307 1308 1319 1335 1370 1371 1375 1376 1386 1388 1389 1391 1392 1419 1420 1428 1434 1435 1474 1475 1478 1484 1487 1488 1489 1490 1496 1504 1505 1506 1510 1511 1513 709 710 806 838 1536 1537 1540 1553 1554 1560 1561 1562 1564 1569 }
nid 2375 conflict required 411
nid 2375(411) is SAT/UNSOLVED
nid 2410 conflict required 446
nid 2410(446) is SAT/UNSOLVED
nid 2411 conflict required 447
nid 2411(447) is SAT/UNSOLVED
nid 2447 conflict required 483
nid 2447(483) is SAT/UNSOLVED
nid 2448 conflict required 484
nid 2448(484) is SAT/UNSOLVED
nid 2449 conflict required 485
nid 2449(485) is SAT/UNSOLVED
nid 2450 conflict required 486
nid 2450(486) is SAT/UNSOLVED
nid 2451 conflict required 487
nid 2451(487) is SAT/UNSOLVED
nid 2460 conflict required 496
nid 2460(496) is SAT/UNSOLVED
nid 2461 conflict required 497
nid 2461(497) is SAT/UNSOLVED
nid 2462 conflict required 498
nid 2462(498) is SAT/UNSOLVED
nid 2464 conflict required 500
nid 2464(500) is SAT/UNSOLVED
nid 2465 conflict required 501
nid 2465(501) is SAT/UNSOLVED
