ABC command line: "&read _init.aig; &fdrw -g -G 2 -E 2 -P 70.0 -a -F _coef.log -C 100".

Level
....level is computed as FO
....use shortest path as dist = 0
....pick min of dist as level = 0
....Level is computed on pAbs = 1
Itp
....Itp is computed with incremental sat solver = 0
....Itp is computed on pAbs = 0
....G support contain merge frontier = 1
....G supprot contain not same merge frontier support = 2
....cost eval of the patch is 2
....coef of cost eval = 70.000000
Shrink
....keep special case 0 in Gsupport first
....shrink base on level of pAbs
FD Rewrite
....synthesis before replacement = 0
....synthesis after rewriting = 0
initial #Unsat: 512
start replace node finding
maxMffc = 377, max reduce = 41
dump 2059, new mffc = 376
dump 2062, new mffc = 375
dump 2167, new mffc = 374
dump 2171, new mffc = 373
dump 2182, new mffc = 372
dump 2183, new mffc = 371
dump 2184, new mffc = 370
dump 2187, new mffc = 369
dump 2192, new mffc = 368
dump 2194, new mffc = 367
dump 2268, new mffc = 366
dump 2322, new mffc = 365
dump 2325, new mffc = 364
dump 2344, new mffc = 363
dump 2347, new mffc = 362
dump 2609, new mffc = 361
dump 2679, new mffc = 360
dump 2739, new mffc = 359
dump 2330, new mffc = 357
dump 2360, new mffc = 355
dump 2198, new mffc = 353
dump 2201, new mffc = 351
dump 2466, new mffc = 348
dump 2579, new mffc = 345
nid = 2346, patch size = 11
nid = 2424, patch size = 44
nid = 2418, patch size = 14
nid = 2667, patch size = 14
nid = 2423, patch size = 18
nid = 2481, patch size = 52
nid = 2441, patch size = 12
nid = 2560, patch size = 14
nid = 2456, patch size = 21
nid = 2543, patch size = 14
nid = 2554, patch size = 39
nid = 2582, patch size = 19
nid = 2155, patch size = 52
nid = 2357, patch size = 27
nid = 2478, patch size = 68
nid = 2267, patch size = 51
nid = 2139, patch size = 43
nid = 2576, patch size = 43
nid = 2454, patch size = 23
nid = 2412, patch size = 32
nid = 2585, patch size = 52
nid = 2147, patch size = 26
nid = 2691, patch size = 47
nid = 2692, patch size = 52
nid = 2503, patch size = 43
nid = 2677, patch size = 28
nid = 2162, patch size = 53
nid = 2119, patch size = 35
nid = 2531, patch size = 46
nid = 2253, patch size = 70
nid = 2320, patch size = 66
nid = 2298, patch size = 34
nid = 2400, patch size = 17
start replacement
trim: 2846->2201
Trim time:  9.602592 sec
start conflict test
start final
newly find #UNSAT: 11
nid = 1622(1153)
conflict = 10
patch = 14
org status = -1
nid = 1623(1173)
conflict = 51
patch = 51
org status = -1
nid = 1630(1180)
conflict = 10
patch = 11
org status = -5
nid = 1632(1182)
conflict = 10
patch = 22
org status = -1
nid = 1639(1198)
conflict = 21
patch = 23
org status = -1
nid = 1650(1403)
conflict = 6
patch = 9
org status = -5
nid = 1651(1406)
conflict = 40
patch = 44
org status = -1
nid = 1656(1411)
conflict = 36
patch = 58
org status = -1
nid = 1657(1415)
conflict = 42
patch = 67
org status = -1
nid = 1738(1494)
conflict = 32
patch = 45
org status = -1
nid = 2009(1738)
conflict = 54
patch = 49
org status = -1
nSimWords = 0
    0 : { 1967 1825 1974 }
    1 : { 1962 1822 1966 }
    2 : { 1877 1873 1874 }
    3 : { 1859 1887 1860 }
    4 : { 1776 1778 1785 }
    5 : { 1782 1798 1786 }
    6 : { 1796 1791 1786 }
    7 : { 1784 1786 1778 }
    8 : { 1783 1798 1791 }
    9 : { 1334 1751 1753 }
   10 : { 347 347 1745 }
   11 : { 1689 1690 1407 }
   12 : { 1411 1407 1423 }
   13 : { 1692 1687 1546 }
   14 : { 1551 1691 1547 }
   15 : { 1434 1431 1429 }
   16 : { 1435 1429 1431 }
   17 : { 1402 1402 1393 }
   18 : { 1406 1393 1402 }
   19 : { 1263 1328 1171 }
