ABC command line: "&read _init.aig; &fdrw -g -G 2 -E 2 -P 70.0 -a -F _coef.log -C 100".

Level
....level is computed as FO
....use shortest path as dist = 0
....pick min of dist as level = 0
....Level is computed on pAbs = 1
Itp
....Itp is computed with incremental sat solver = 0
....Itp is computed on pAbs = 0
....G support contain merge frontier = 1
....G supprot contain not same merge frontier support = 2
....cost eval of the patch is 2
....coef of cost eval = 70.000000
Shrink
....keep special case 0 in Gsupport first
....shrink base on level of pAbs
FD Rewrite
....synthesis before replacement = 0
....synthesis after rewriting = 0
initial #Unsat: 325
start replace node finding
maxMffc = 310, max reduce = 29
dump 2396, new mffc = 309
dump 2555, new mffc = 308
dump 2604, new mffc = 307
dump 2606, new mffc = 306
dump 2630, new mffc = 305
dump 2644, new mffc = 304
dump 2648, new mffc = 303
dump 2685, new mffc = 302
dump 2729, new mffc = 301
dump 2781, new mffc = 300
dump 3069, new mffc = 299
dump 2628, new mffc = 297
dump 2808, new mffc = 295
dump 2588, new mffc = 292
dump 2868, new mffc = 290
dump 2400, new mffc = 286
dump 2682, new mffc = 282
dump 2683, new mffc = 281
dump 2964, new mffc = 277
dump 2579, new mffc = 273
dump 2872, new mffc = 271
nid = 2668, patch size = 11
nid = 2596, patch size = 9
nid = 2815, patch size = 14
nid = 2775, patch size = 34
nid = 2812, patch size = 12
nid = 2821, patch size = 30
nid = 2640, patch size = 14
nid = 2740, patch size = 10
nid = 2779, patch size = 18
nid = 2793, patch size = 61
nid = 2611, patch size = 52
nid = 2699, patch size = 32
nid = 2833, patch size = 54
nid = 2900, patch size = 39
nid = 2679, patch size = 29
nid = 2433, patch size = 54
nid = 2973, patch size = 40
nid = 2853, patch size = 15
nid = 2727, patch size = 16
nid = 2956, patch size = 46
nid = 2867, patch size = 44
nid = 2716, patch size = 68
nid = 2762, patch size = 34
nid = 3067, patch size = 51
nid = 2492, patch size = 33
nid = 2469, patch size = 57
start replacement
trim: 3253->2816
Trim time: 12.726567 sec
start conflict test
start final
newly find #UNSAT: 11
nid = 1176(404)
conflict = 21
patch = 40
org status = -7
nid = 1178(475)
conflict = 42
patch = 51
org status = -7
nid = 1257(1253)
conflict = 97
patch = 43
org status = -1
nid = 1408(1375)
conflict = 54
patch = 23
org status = -5
nid = 1434(1401)
conflict = 95
patch = 42
org status = -1
nid = 1467(1458)
conflict = 39
patch = 49
org status = -5
nid = 1468(1461)
conflict = 40
patch = 49
org status = -5
nid = 1544(1536)
conflict = 47
patch = 33
org status = -7
nid = 1545(1537)
conflict = 52
patch = 42
org status = -7
nid = 1555(1544)
conflict = 52
patch = 27
org status = -5
nid = 1651(1636)
conflict = 48
patch = 39
org status = -7
nSimWords = 0
    0 : { 305 305 1694 }
    1 : { 1689 1695 1697 }
    2 : { 1666 1672 923 }
    3 : { 1676 1682 1381 }
    4 : { 1431 1437 1438 }
    5 : { 1170 1120 1169 }
    6 : { 1166 1119 613 }
    7 : { 1029 613 1120 }
    8 : { 330 549 329 }
    9 : { 347 347 348 }
   10 : { 389 404 348 }
   11 : { 335 1381 335 }
