ABC command line: "&read _init.aig; &fdrw -g -G 2 -E 2 -P 70.0 -a -F _coef.log -C 100".

Level
....level is computed as FO
....use shortest path as dist = 0
....pick min of dist as level = 0
....Level is computed on pAbs = 1
Itp
....Itp is computed with incremental sat solver = 0
....Itp is computed on pAbs = 0
....G support contain merge frontier = 1
....G supprot contain not same merge frontier support = 2
....cost eval of the patch is 2
....coef of cost eval = 70.000000
Shrink
....keep special case 0 in Gsupport first
....shrink base on level of pAbs
FD Rewrite
....synthesis before replacement = 0
....synthesis after rewriting = 0
initial #Unsat: 459
start replace node finding
maxMffc = 235, max reduce = 25
dump 1030, new mffc = 234
dump 1080, new mffc = 233
dump 1081, new mffc = 232
dump 1090, new mffc = 231
dump 1212, new mffc = 230
dump 1077, new mffc = 228
dump 1529, new mffc = 226
dump 1539, new mffc = 224
dump 1127, new mffc = 221
dump 1250, new mffc = 218
dump 1086, new mffc = 214
dump 1099, new mffc = 212
dump 1306, new mffc = 208
dump 1133, new mffc = 204
nid = 1095, patch size = 59
nid = 1162, patch size = 62
nid = 1183, patch size = 53
nid = 1194, patch size = 25
nid = 1075, patch size = 6
nid = 1300, patch size = 11
nid = 1151, patch size = 70
nid = 1243, patch size = 8
nid = 1142, patch size = 22
nid = 1535, patch size = 35
nid = 1545, patch size = 61
nid = 1351, patch size = 30
nid = 1549, patch size = 12
nid = 1554, patch size = 56
nid = 1236, patch size = 27
nid = 1203, patch size = 26
nid = 1202, patch size = 48
nid = 1645, patch size = 65
nid = 1462, patch size = 38
nid = 1130, patch size = 53
nid = 1426, patch size = 19
nid = 2353, patch size = 43
nid = 1403, patch size = 31
nid = 1294, patch size = 56
start replacement
trim: 3307->2724
Trim time:  6.461382 sec
start conflict test
start final
newly find #UNSAT: 33
nid = 2801(683)
conflict = 4
patch = 8
org status = -1
nid = 2426(2452)
conflict = 44
patch = 68
org status = -7
nid = 2464(2486)
conflict = 21
patch = 17
org status = -7
nid = 2488(2502)
conflict = 7
patch = 16
org status = -7
nid = 2554(2570)
conflict = 60
patch = 55
org status = -5
nid = 2739(2731)
conflict = 93
patch = 43
org status = -1
nid = 2792(2778)
conflict = 37
patch = 41
org status = -5
nid = 2907(2868)
conflict = 19
patch = 52
org status = -1
nid = 2915(2876)
conflict = 48
patch = 70
org status = -7
nid = 2959(2902)
conflict = 4
patch = 11
org status = -5
nid = 2960(2915)
conflict = 25
patch = 63
org status = -1
nid = 2974(2929)
conflict = 4
patch = 9
org status = -5
nid = 2996(2937)
conflict = 48
patch = 26
org status = -5
nid = 3011(2941)
conflict = 20
patch = 14
org status = -1
nid = 3052(2950)
conflict = 25
patch = 12
org status = -5
nid = 3108(2973)
conflict = 15
patch = 12
org status = -5
nid = 2990(3129)
conflict = 72
patch = 70
org status = -5
nid = 3016(3149)
conflict = 36
patch = 26
org status = -7
nid = 3019(3150)
conflict = 38
patch = 23
org status = -7
nid = 3020(3151)
conflict = 65
patch = 43
org status = -7
nid = 3059(3187)
conflict = 47
patch = 61
org status = -1
nid = 3076(3197)
conflict = 33
patch = 11
org status = -7
nid = 3077(3198)
conflict = 27
patch = 13
org status = -7
nid = 3078(3199)
conflict = 18
patch = 17
org status = -7
nid = 3079(3200)
conflict = 35
patch = 32
org status = -7
nid = 3092(3213)
conflict = 2
patch = 6
org status = -7
nid = 3122(3220)
conflict = 13
patch = 16
org status = -7
nid = 3123(3221)
conflict = 12
patch = 17
org status = -7
nid = 3124(3222)
conflict = 23
patch = 23
org status = -7
nid = 3129(3227)
conflict = 29
patch = 11
org status = -7
nid = 3130(3228)
conflict = 28
patch = 10
org status = -7
nid = 3131(3229)
conflict = 45
patch = 31
org status = -7
nid = 3134(3232)
conflict = 61
patch = 65
org status = -7
nSimWords = 0
    0 : { 330 335 1666 }
    1 : { 1232 763 1676 }
    2 : { 1524 836 1529 }
    3 : { 827 836 1190 }
    4 : { 1254 1194 1185 }
    5 : { 367 1134 1174 }
    6 : { 362 362 694 }
    7 : { 565 581 576 }
    8 : { 1035 1084 306 }
    9 : { 950 955 828 }
   10 : { 654 670 809 }
   11 : { 366 366 1166 }
   12 : { 1107 1171 1024 }
   13 : { 1114 387 1025 }
   14 : { 368 1171 366 }
   15 : { 536 552 330 }
   16 : { 747 765 763 }
   17 : { 350 350 746 }
   18 : { 687 703 352 }
   19 : { 562 349 578 }
   20 : { 422 445 438 }
   21 : { 426 438 445 }
