ABC command line: "&read _init.aig; &fdrw -g -G 2 -E 2 -P 70.0 -a -F _coef.log -C 100".

Level
....level is computed as FO
....use shortest path as dist = 0
....pick min of dist as level = 0
....Level is computed on pAbs = 1
Itp
....Itp is computed with incremental sat solver = 0
....Itp is computed on pAbs = 0
....G support contain merge frontier = 1
....G supprot contain not same merge frontier support = 2
....cost eval of the patch is 2
....coef of cost eval = 70.000000
Shrink
....keep special case 0 in Gsupport first
....shrink base on level of pAbs
FD Rewrite
....synthesis before replacement = 0
....synthesis after rewriting = 0
initial #Unsat: 448
start replace node finding
maxMffc = 212, max reduce = 38
dump 1386, new mffc = 211
dump 1547, new mffc = 210
dump 1562, new mffc = 209
dump 1598, new mffc = 208
dump 1693, new mffc = 207
dump 1729, new mffc = 206
dump 1786, new mffc = 205
dump 1427, new mffc = 203
dump 1820, new mffc = 201
dump 1834, new mffc = 199
dump 1385, new mffc = 196
dump 1395, new mffc = 194
nid = 1587, patch size = 8
nid = 1589, patch size = 20
nid = 1797, patch size = 31
nid = 1706, patch size = 63
nid = 1716, patch size = 58
nid = 1414, patch size = 43
nid = 1360, patch size = 23
nid = 1413, patch size = 63
nid = 1615, patch size = 53
nid = 1561, patch size = 36
nid = 1478, patch size = 19
nid = 1401, patch size = 20
nid = 1760, patch size = 21
nid = 1403, patch size = 36
nid = 1358, patch size = 20
nid = 1392, patch size = 49
nid = 1391, patch size = 40
nid = 1421, patch size = 45
nid = 1824, patch size = 23
nid = 1442, patch size = 65
nid = 1686, patch size = 36
nid = 1546, patch size = 68
start replacement
trim: 2417->1906
Trim time:  9.659198 sec
start conflict test
start final
newly find #UNSAT: 42
nid = 1886(1721)
conflict = 27
patch = 33
org status = -5
nid = 1888(1736)
conflict = 59
patch = 45
org status = -5
nid = 1913(1763)
conflict = 33
patch = 61
org status = -7
nid = 1949(1796)
conflict = 56
patch = 49
org status = -5
nid = 1986(1808)
conflict = 25
patch = 68
org status = -5
nid = 1988(1810)
conflict = 21
patch = 40
org status = -1
nid = 1994(1814)
conflict = 8
patch = 20
org status = -7
nid = 1996(1816)
conflict = 24
patch = 62
org status = -7
nid = 2055(1853)
conflict = 53
patch = 51
org status = -5
nid = 2059(1854)
conflict = 63
patch = 64
org status = -5
nid = 2110(1860)
conflict = 27
patch = 20
org status = -5
nid = 2111(1861)
conflict = 26
patch = 33
org status = -5
nid = 2470(1871)
conflict = 30
patch = 34
org status = -7
nid = 2201(1929)
conflict = 47
patch = 43
org status = -5
nid = 2202(1930)
conflict = 27
patch = 27
org status = -5
nid = 2203(1931)
conflict = 19
patch = 22
org status = -5
nid = 2204(1943)
conflict = 55
patch = 30
org status = -5
nid = 2207(1946)
conflict = 12
patch = 23
org status = -5
nid = 2211(1950)
conflict = 57
patch = 47
org status = -5
nid = 2221(1958)
conflict = 28
patch = 30
org status = -5
nid = 2222(1959)
conflict = 30
patch = 60
org status = -5
nid = 2240(1969)
conflict = 24
patch = 33
org status = -5
nid = 2242(1970)
conflict = 28
patch = 42
org status = -5
nid = 2243(1971)
conflict = 16
patch = 26
org status = -5
nid = 2370(2065)
conflict = 24
patch = 26
org status = -5
nid = 2371(2066)
conflict = 32
patch = 30
org status = -1
nid = 2385(2095)
conflict = 31
patch = 16
org status = -5
nid = 2386(2096)
conflict = 25
patch = 16
org status = -5
nid = 2387(2097)
conflict = 43
patch = 21
org status = -1
nid = 2388(2098)
conflict = 7
patch = 16
org status = -7
nid = 2389(2099)
conflict = 6
patch = 11
org status = -5
nid = 2400(2110)
conflict = 90
patch = 55
org status = -1
nid = 2401(2111)
conflict = 76
patch = 61
org status = -5
nid = 2469(2156)
conflict = 13
patch = 8
org status = -7
nid = 1915(2478)
conflict = 48
patch = 56
org status = -7
nid = 1916(2479)
conflict = 24
patch = 48
org status = -7
nid = 2241(2555)
conflict = 38
patch = 58
org status = -1
nid = 2244(2556)
conflict = 36
patch = 30
org status = -1
nid = 2245(2557)
conflict = 46
patch = 67
org status = -7
nid = 2269(2559)
conflict = 41
patch = 44
org status = -7
nid = 2427(2584)
conflict = 52
patch = 50
org status = -1
nid = 2471(2586)
conflict = 54
patch = 61
org status = -5
nSimWords = 0
    0 : { 318 318 317 }
    1 : { 1158 1158 1159 }
