ABC command line: "&read _init.aig; &fdrw -g -G 2 -E 2 -P 70.0 -a -F _coef.log -C 100".

Level
....level is computed as FO
....use shortest path as dist = 0
....pick min of dist as level = 0
....Level is computed on pAbs = 1
Itp
....Itp is computed with incremental sat solver = 0
....Itp is computed on pAbs = 0
....G support contain merge frontier = 1
....G supprot contain not same merge frontier support = 2
....cost eval of the patch is 2
....coef of cost eval = 70.000000
Shrink
....keep special case 0 in Gsupport first
....shrink base on level of pAbs
FD Rewrite
....synthesis before replacement = 0
....synthesis after rewriting = 0
initial #Unsat: 558
start replace node finding
maxMffc = 512, max reduce = 52
dump 1828, new mffc = 511
dump 1830, new mffc = 510
dump 1931, new mffc = 509
dump 1938, new mffc = 508
dump 1973, new mffc = 507
dump 2298, new mffc = 506
dump 2539, new mffc = 505
dump 2251, new mffc = 503
dump 2522, new mffc = 501
dump 2258, new mffc = 497
dump 2321, new mffc = 493
dump 2257, new mffc = 490
dump 2310, new mffc = 489
dump 2323, new mffc = 487
nid = 2341, patch size = 7
nid = 2164, patch size = 16
nid = 2335, patch size = 61
nid = 2325, patch size = 27
nid = 2343, patch size = 65
nid = 2309, patch size = 11
nid = 2353, patch size = 8
nid = 2401, patch size = 14
nid = 2145, patch size = 24
nid = 2313, patch size = 19
nid = 2157, patch size = 23
nid = 2224, patch size = 16
nid = 2228, patch size = 68
nid = 1813, patch size = 19
nid = 2156, patch size = 24
nid = 2232, patch size = 21
nid = 2245, patch size = 62
nid = 2026, patch size = 29
nid = 1957, patch size = 58
nid = 2175, patch size = 32
nid = 2009, patch size = 16
nid = 2127, patch size = 40
nid = 1995, patch size = 42
nid = 1996, patch size = 52
nid = 2528, patch size = 44
nid = 2379, patch size = 41
nid = 1954, patch size = 46
nid = 2122, patch size = 36
nid = 2361, patch size = 58
nid = 1865, patch size = 53
nid = 2464, patch size = 26
nid = 1912, patch size = 32
nid = 1913, patch size = 40
nid = 1776, patch size = 23
nid = 2462, patch size = 55
nid = 1811, patch size = 68
nid = 1859, patch size = 57
nid = 2207, patch size = 28
nid = 2070, patch size = 51
nid = 2296, patch size = 21
nid = 2121, patch size = 68
nid = 2399, patch size = 31
nid = 2436, patch size = 67
start replacement
trim: 2645->1569
Trim time:  6.653447 sec
start conflict test
start final
newly find #UNSAT: 4
nid = 1495(1062)
conflict = 52
patch = 65
org status = -5
nid = 1496(1103)
conflict = 28
patch = 28
org status = -5
nid = 1497(1104)
conflict = 15
patch = 22
org status = -5
nid = 1503(1110)
conflict = 89
patch = 70
org status = -1
nSimWords = 0
