ABC command line: "&read _init.aig; &fdrw -g -G 2 -E 2 -P 70.0 -a -F _coef.log -C 100".

Level
....level is computed as FO
....use shortest path as dist = 0
....pick min of dist as level = 0
....Level is computed on pAbs = 1
Itp
....Itp is computed with incremental sat solver = 0
....Itp is computed on pAbs = 0
....G support contain merge frontier = 1
....G supprot contain not same merge frontier support = 2
....cost eval of the patch is 2
....coef of cost eval = 70.000000
Shrink
....keep special case 0 in Gsupport first
....shrink base on level of pAbs
FD Rewrite
....synthesis before replacement = 0
....synthesis after rewriting = 0
initial #Unsat: 334
start replace node finding
maxMffc = 211, max reduce = 27
dump 1772, new mffc = 210
dump 1778, new mffc = 209
dump 1792, new mffc = 208
dump 1823, new mffc = 207
dump 1828, new mffc = 206
dump 1858, new mffc = 205
dump 1862, new mffc = 204
dump 1870, new mffc = 203
dump 1940, new mffc = 202
dump 1985, new mffc = 201
dump 1988, new mffc = 200
dump 1989, new mffc = 199
dump 2031, new mffc = 198
dump 2073, new mffc = 197
dump 2123, new mffc = 196
dump 2226, new mffc = 195
dump 2042, new mffc = 193
dump 1919, new mffc = 191
dump 2134, new mffc = 189
dump 2174, new mffc = 187
nid = 1982, patch size = 63
nid = 1917, patch size = 5
nid = 2166, patch size = 31
nid = 2069, patch size = 23
nid = 2070, patch size = 47
nid = 2156, patch size = 66
nid = 2170, patch size = 33
nid = 2186, patch size = 26
nid = 2064, patch size = 68
nid = 2217, patch size = 13
nid = 2219, patch size = 15
nid = 2159, patch size = 33
nid = 2221, patch size = 22
nid = 2233, patch size = 22
nid = 2168, patch size = 49
nid = 2108, patch size = 9
nid = 2146, patch size = 17
nid = 2040, patch size = 39
nid = 2005, patch size = 65
nid = 2002, patch size = 64
nid = 1904, patch size = 36
nid = 2143, patch size = 66
nid = 2185, patch size = 14
nid = 2027, patch size = 17
nid = 2133, patch size = 48
nid = 2077, patch size = 35
nid = 2189, patch size = 55
nid = 2243, patch size = 65
nid = 1929, patch size = 49
nid = 2112, patch size = 53
nid = 2110, patch size = 64
nid = 1975, patch size = 51
nid = 1810, patch size = 52
nid = 1903, patch size = 62
nid = 1811, patch size = 52
nid = 2209, patch size = 40
nid = 2213, patch size = 68
nid = 2257, patch size = 65
start replacement
trim: 2773->1909
Trim time:  5.269836 sec
start conflict test
start final
newly find #UNSAT: 9
nid = 1463(1082)
conflict = 54
patch = 40
org status = -5
nid = 1464(1084)
conflict = 6
patch = 3
org status = -5
nid = 1598(1218)
conflict = 45
patch = 33
org status = -5
nid = 1631(1238)
conflict = 29
patch = 36
org status = -5
nid = 1632(1240)
conflict = 31
patch = 35
org status = -5
nid = 1633(1241)
conflict = 51
patch = 67
org status = -5
nid = 1644(1252)
conflict = 90
patch = 64
org status = -7
nid = 1651(1260)
conflict = 7
patch = 7
org status = -5
nid = 1663(1288)
conflict = 64
patch = 65
org status = -7
nSimWords = 0
    0 : { 340 278 1352 }
