ABC command line: "&read _init.aig; &fdrw -g -G 2 -E 2 -P 70.0 -a -F _coef.log -C 100".

Level
....level is computed as FO
....use shortest path as dist = 0
....pick min of dist as level = 0
....Level is computed on pAbs = 1
Itp
....Itp is computed with incremental sat solver = 0
....Itp is computed on pAbs = 0
....G support contain merge frontier = 1
....G supprot contain not same merge frontier support = 2
....cost eval of the patch is 2
....coef of cost eval = 70.000000
Shrink
....keep special case 0 in Gsupport first
....shrink base on level of pAbs
FD Rewrite
....synthesis before replacement = 0
....synthesis after rewriting = 0
initial #Unsat: 449
start replace node finding
maxMffc = 131, max reduce = 31
dump 1181, new mffc = 130
dump 1389, new mffc = 129
dump 1379, new mffc = 127
dump 1186, new mffc = 123
nid = 1229, patch size = 36
nid = 1314, patch size = 13
nid = 1255, patch size = 39
nid = 1363, patch size = 34
nid = 1571, patch size = 37
nid = 1479, patch size = 62
nid = 2298, patch size = 26
nid = 1343, patch size = 51
start replacement
trim: 3045->2870
Trim time:  6.792804 sec
start conflict test
start final
newly find #UNSAT: 8
nid = 2580(2557)
conflict = 26
patch = 33
org status = -5
nid = 2621(2599)
conflict = 3
patch = 7
org status = -1
nid = 2747(2710)
conflict = 46
patch = 49
org status = -5
nid = 2843(2800)
conflict = 44
patch = 39
org status = -5
nid = 3006(2949)
conflict = 53
patch = 62
org status = -1
nid = 3024(2978)
conflict = 35
patch = 67
org status = -1
nid = 3049(2988)
conflict = 85
patch = 66
org status = -1
nid = 2642(3143)
conflict = 48
patch = 62
org status = -5
nSimWords = 0
