ABC command line: "&read _init.aig; &fdrw -g -G 2 -E 2 -P 70.0 -a -F _coef.log -C 100".

Level
....level is computed as FO
....use shortest path as dist = 0
....pick min of dist as level = 0
....Level is computed on pAbs = 1
Itp
....Itp is computed with incremental sat solver = 0
....Itp is computed on pAbs = 0
....G support contain merge frontier = 1
....G supprot contain not same merge frontier support = 2
....cost eval of the patch is 2
....coef of cost eval = 70.000000
Shrink
....keep special case 0 in Gsupport first
....shrink base on level of pAbs
FD Rewrite
....synthesis before replacement = 0
....synthesis after rewriting = 0
initial #Unsat: 491
start replace node finding
maxMffc = 178, max reduce = 22
dump 1146, new mffc = 177
dump 1325, new mffc = 175
dump 1119, new mffc = 172
dump 583, new mffc = 170
dump 1116, new mffc = 166
nid = 1176, patch size = 59
nid = 1251, patch size = 7
nid = 1182, patch size = 67
nid = 1413, patch size = 12
nid = 1504, patch size = 18
nid = 1406, patch size = 21
nid = 1503, patch size = 15
nid = 1108, patch size = 36
nid = 1509, patch size = 16
nid = 1199, patch size = 22
nid = 932, patch size = 31
nid = 1280, patch size = 63
nid = 1086, patch size = 23
nid = 2237, patch size = 25
nid = 1235, patch size = 38
start replacement
trim: 3090->2909
Trim time:  5.228707 sec
start conflict test
start final
newly find #UNSAT: 15
nid = 2336(2395)
conflict = 84
patch = 53
org status = -5
nid = 2573(2617)
conflict = 57
patch = 54
org status = -5
nid = 2697(2716)
conflict = 12
patch = 27
org status = -5
nid = 2702(2721)
conflict = 23
patch = 44
org status = -5
nid = 2787(2835)
conflict = 71
patch = 31
org status = -1
nid = 2788(2836)
conflict = 42
patch = 64
org status = -5
nid = 2834(2862)
conflict = 48
patch = 45
org status = -1
nid = 2835(2864)
conflict = 78
patch = 31
org status = -5
nid = 2854(2886)
conflict = 37
patch = 55
org status = -5
nid = 2880(2903)
conflict = 29
patch = 38
org status = -1
nid = 2903(2926)
conflict = 80
patch = 69
org status = -1
nid = 2904(2927)
conflict = 2
patch = 6
org status = -5
nid = 3161(3108)
conflict = 21
patch = 21
org status = -5
nid = 3170(3113)
conflict = 43
patch = 61
org status = -5
nid = 2917(3216)
conflict = 38
patch = 45
org status = -5
nSimWords = 0
    0 : { 2384 2301 3051 }
    1 : { 3096 3054 3048 }
    2 : { 903 909 2251 }
    3 : { 1071 3050 2260 }
    4 : { 2481 2407 428 }
    5 : { 2499 2426 2408 }
    6 : { 1607 1524 2403 }
    7 : { 2432 2361 2388 }
    8 : { 2453 2387 2359 }
    9 : { 1495 1508 381 }
   10 : { 1500 1505 1404 }
   11 : { 1404 1284 1305 }
   12 : { 1187 1167 331 }
   13 : { 787 807 1232 }
   14 : { 803 1226 644 }
   15 : { 852 1223 589 }
   16 : { 713 1147 733 }
   17 : { 812 1231 997 }
   18 : { 598 636 931 }
   19 : { 853 825 590 }
   20 : { 587 584 626 }
   21 : { 589 626 584 }
   22 : { 590 627 630 }
   23 : { 329 328 298 }
   24 : { 384 388 332 }
   25 : { 312 314 377 }
   26 : { 301 308 296 }
   27 : { 306 309 306 }
