ABC command line: "&read _init.aig; &fdrw -g -G 2 -E 2 -P 70.0 -a -F _coef.log -C 100".

Level
....level is computed as FO
....use shortest path as dist = 0
....pick min of dist as level = 0
....Level is computed on pAbs = 1
Itp
....Itp is computed with incremental sat solver = 0
....Itp is computed on pAbs = 0
....G support contain merge frontier = 1
....G supprot contain not same merge frontier support = 2
....cost eval of the patch is 2
....coef of cost eval = 70.000000
Shrink
....keep special case 0 in Gsupport first
....shrink base on level of pAbs
FD Rewrite
....synthesis before replacement = 0
....synthesis after rewriting = 0
initial #Unsat: 488
start replace node finding
maxMffc = 331, max reduce = 35
dump 1946, new mffc = 330
dump 1949, new mffc = 329
dump 1953, new mffc = 328
dump 1960, new mffc = 327
dump 1991, new mffc = 326
dump 1998, new mffc = 325
dump 2064, new mffc = 324
dump 2079, new mffc = 323
dump 2223, new mffc = 322
dump 2226, new mffc = 321
dump 2227, new mffc = 320
dump 2229, new mffc = 319
dump 2239, new mffc = 318
dump 2266, new mffc = 317
dump 2268, new mffc = 316
dump 2273, new mffc = 315
dump 2277, new mffc = 314
dump 2292, new mffc = 313
dump 2423, new mffc = 312
dump 2452, new mffc = 311
dump 2470, new mffc = 310
dump 2517, new mffc = 309
dump 2177, new mffc = 307
dump 2242, new mffc = 304
dump 2243, new mffc = 303
dump 2265, new mffc = 300
dump 2481, new mffc = 297
dump 2482, new mffc = 296
nid = 1987, patch size = 53
nid = 2360, patch size = 57
nid = 2275, patch size = 29
nid = 2362, patch size = 52
nid = 2511, patch size = 8
nid = 2513, patch size = 54
nid = 2063, patch size = 39
nid = 2236, patch size = 59
nid = 2237, patch size = 43
nid = 2081, patch size = 36
nid = 2309, patch size = 11
nid = 2351, patch size = 60
nid = 2398, patch size = 56
nid = 2405, patch size = 26
nid = 2151, patch size = 12
nid = 2262, patch size = 16
nid = 2161, patch size = 44
nid = 2308, patch size = 46
nid = 2419, patch size = 59
nid = 2143, patch size = 25
nid = 1986, patch size = 48
nid = 2058, patch size = 27
nid = 2173, patch size = 24
nid = 2203, patch size = 23
nid = 2248, patch size = 19
nid = 2325, patch size = 48
nid = 2091, patch size = 53
nid = 2358, patch size = 58
nid = 2095, patch size = 62
nid = 2217, patch size = 33
nid = 2377, patch size = 61
nid = 2344, patch size = 44
nid = 2106, patch size = 47
nid = 2135, patch size = 29
nid = 2219, patch size = 58
nid = 2469, patch size = 66
nid = 2395, patch size = 46
nid = 2199, patch size = 64
nid = 2048, patch size = 62
start replacement
trim: 2940->2014
Trim time:  7.722250 sec
start conflict test
start final
newly find #UNSAT: 10
nid = 1357(1017)
conflict = 31
patch = 27
org status = -5
nid = 1448(1035)
conflict = 21
patch = 25
org status = -5
nid = 1487(1129)
conflict = 13
patch = 16
org status = -5
nid = 1509(1152)
conflict = 10
patch = 9
org status = -5
nid = 1526(1166)
conflict = 6
patch = 3
org status = -1
nid = 1539(1174)
conflict = 8
patch = 9
org status = -5
nid = 1510(1176)
conflict = 37
patch = 45
org status = -5
nid = 1511(1177)
conflict = 24
patch = 33
org status = -5
nid = 1512(1178)
conflict = 28
patch = 50
org status = -5
nid = 1528(1180)
conflict = 40
patch = 39
org status = -1
nSimWords = 0
    0 : { 1458 1495 1570 }
    1 : { 1587 1627 1870 }
    2 : { 1690 1725 1747 }
    3 : { 1577 1756 1376 }
    4 : { 1350 1351 342 }
    5 : { 1523 1557 374 }
    6 : { 1403 1469 1440 }
    7 : { 1158 1160 318 }
    8 : { 1159 1161 1158 }
    9 : { 843 843 957 }
   10 : { 1017 2319 1016 }
   11 : { 1015 2317 1014 }
