ABC command line: "&read _init.aig; &fdrw -g -G 2 -E 2 -P 70.0 -a -F _coef.log -C 100".

Level
....level is computed as FO
....use shortest path as dist = 0
....pick min of dist as level = 0
....Level is computed on pAbs = 1
Itp
....Itp is computed with incremental sat solver = 0
....Itp is computed on pAbs = 0
....G support contain merge frontier = 1
....G supprot contain not same merge frontier support = 2
....cost eval of the patch is 2
....coef of cost eval = 70.000000
Shrink
....keep special case 0 in Gsupport first
....shrink base on level of pAbs
FD Rewrite
....synthesis before replacement = 0
....synthesis after rewriting = 0
initial #Unsat: 292
start replace node finding
maxMffc = 413, max reduce = 45
dump 3120, new mffc = 412
dump 2561, new mffc = 409
dump 2738, new mffc = 406
dump 2785, new mffc = 403
nid = 2743, patch size = 22
nid = 2790, patch size = 42
nid = 2654, patch size = 7
nid = 2882, patch size = 14
nid = 2679, patch size = 63
nid = 2501, patch size = 30
nid = 2987, patch size = 51
nid = 2504, patch size = 56
nid = 2960, patch size = 70
nid = 2893, patch size = 30
nid = 2681, patch size = 17
nid = 2717, patch size = 22
nid = 2671, patch size = 45
nid = 2554, patch size = 26
nid = 2630, patch size = 49
nid = 2611, patch size = 25
nid = 2387, patch size = 51
nid = 2760, patch size = 14
nid = 2850, patch size = 32
nid = 2460, patch size = 42
nid = 2537, patch size = 47
nid = 2832, patch size = 38
nid = 2490, patch size = 35
nid = 2593, patch size = 14
nid = 3048, patch size = 57
nid = 2942, patch size = 48
nid = 2871, patch size = 57
nid = 2645, patch size = 67
start replacement
trim: 3286->2669
Trim time:  9.471021 sec
start conflict test
start final
newly find #UNSAT: 4
nid = 1454(1449)
conflict = 50
patch = 47
org status = -1
nid = 1471(1466)
conflict = 57
patch = 55
org status = -7
nid = 1473(1468)
conflict = 9
patch = 9
org status = -7
nid = 2314(2303)
conflict = 22
patch = 42
org status = -5
nSimWords = 0
    0 : { 1371 1442 1084 }
    1 : { 1378 1449 883 }
    2 : { 1560 1564 1450 }
    3 : { 826 919 883 }
    4 : { 536 650 629 }
    5 : { 1426 1493 1376 }
    6 : { 1374 1447 920 }
    7 : { 1068 1072 1269 }
    8 : { 1074 1071 1068 }
    9 : { 1067 1068 1071 }
   10 : { 322 321 456 }
   11 : { 861 320 453 }
   12 : { 823 880 430 }
   13 : { 514 383 650 }
   14 : { 789 1376 847 }
   15 : { 337 339 334 }
   16 : { 515 384 373 }
   17 : { 340 340 337 }
   18 : { 263 263 319 }
