ABC command line: "&read replace_2107.aig; &cec -m -v".

label 1
label 3
Assuming the current network is a single-output miter.
label 6
Start EquivFixOutputPairs =     0.00 sec
End EquivFixOutputPairs =     0.00 sec
Start ManSatSweeping =     0.00 sec
Simulating 15 words for 15 rounds. SAT solving with 1000 conflicts.
nSimWords = 0
cst =    2002  cls =      0  lit =    2002  unused =     256  proof =     0
cst =       2  cls =      6  lit =       8  unused =    2244  proof =     0
cst =       2  cls =      3  lit =       5  unused =    2250  proof =     0
cst =       1  cls =      2  lit =       3  unused =    2253  proof =     0
cst =       1  cls =      2  lit =       3  unused =    2253  proof =     0
cst =       1  cls =      2  lit =       3  unused =    2253  proof =     0
cst =       1  cls =      2  lit =       3  unused =    2253  proof =     0
cst =       1  cls =      2  lit =       3  unused =    2253  proof =     0
cst =       1  cls =      2  lit =       3  unused =    2253  proof =     0
cst =       1  cls =      2  lit =       3  unused =    2253  proof =     0
  1 : P =      0. D =      0. F =     1. M =     659. And =    2002. Time =     0.02 sec
Increasing conflict limit to 10000.
The result is written into file "cec_giaSweep.aig".
Switching into reduced mode.
  2 : P =      0. D =      1. F =     0. M =     659. And =    2002. Time =     0.00 sec
Switching into normal mode.
  3 : P =      0. D =      1. F =     0. M =       0. And =    2002. Time =     0.00 sec
  4 : P =      0. D =      0. F =     1. M =       0. And =    2002. Time =     0.29 sec
Increasing conflict limit to 100000.
The result is written into file "cec_giaSweep.aig".
  5 : P =      0. D =      0. F =     1. M =       0. And =    2002. Time =     4.19 sec
Performed 5 SAT calls: P = 0  D = 2  F = 3
NBeg = 2002. NEnd = 2002. (Gain =   0.00 %).  RBeg = 0. REnd = 0. (Gain =   0.00 %).
Sim  =     0.00 sec (  0.00 %)
Sat  =     4.50 sec (  0.00 %)
Pat  =     0.00 sec (  0.00 %)
Time =     4.51 sec
End ManSatSweeping =     4.51 sec
Networks are UNDECIDED after the new CEC engine.  Time =     4.51 sec
Calling the old CEC engine.
Start Old Verify =     4.51 sec
Original miter:   Nodes =   2005.
label 27
Initial SAT:      Nodes =   2005.  Time =     0.02 sec
Rewriting:        Nodes =   2005.  Time =     0.02 sec
There are 0 XORs
Balance-X:        Nodes =   2260.  Time =     0.00 sec
Starting Fra_SmlSimulate......classes =     2.   Lits =      6.
Refined classes  after Pattern 0=     2.   Changes =    0.   Lits =      6.
Refined classes after pattern 1 =     2.   Changes =    0.   Lits =      6.
Refined classes  =     2.   Changes =    0.   Lits =      6.
start Fra_FraigSweep...
Fraiging (i=1):   Nodes =   2260.  Time =     0.00 sec
Rewriting:        Nodes =   2028.  Time =     0.01 sec
There are 0 XORs
Balance-X:        Nodes =   2257.  Time =     0.00 sec
Starting Fra_SmlSimulate......classes =     2.   Lits =      6.
Refined classes  after Pattern 0=     2.   Changes =    0.   Lits =      6.
Refined classes after pattern 1 =     2.   Changes =    0.   Lits =      6.
Refined classes  =     2.   Changes =    0.   Lits =      6.
start Fra_FraigSweep...
Fraiging (i=2):   Nodes =   2257.  Time =     0.00 sec
Rewriting:        Nodes =   2029.  Time =     0.01 sec
There are 0 XORs
Balance-X:        Nodes =   2257.  Time =     0.00 sec
Starting Fra_SmlSimulate......classes =     2.   Lits =      6.
Refined classes  after Pattern 0=     2.   Changes =    0.   Lits =      6.
Refined classes after pattern 1 =     2.   Changes =    0.   Lits =      6.
Refined classes  =     2.   Changes =    0.   Lits =      6.
start Fra_FraigSweep...
Fraiging (i=3):   Nodes =   2257.  Time =     0.01 sec
Rewriting:        Nodes =   2029.  Time =     0.01 sec
There are 0 XORs
Balance-X:        Nodes =   2257.  Time =     0.00 sec
Starting Fra_SmlSimulate......classes =     2.   Lits =      6.
Refined classes  after Pattern 0=     2.   Changes =    0.   Lits =      6.
Refined classes after pattern 1 =     2.   Changes =    0.   Lits =      6.
Refined classes  =     2.   Changes =    0.   Lits =      6.
start Fra_FraigSweep...
Fraiging (i=4):   Nodes =   2257.  Time =     0.04 sec
Rewriting:        Nodes =   2029.  Time =     0.01 sec
There are 0 XORs
Balance-X:        Nodes =   2257.  Time =     0.00 sec
Starting Fra_SmlSimulate......classes =     2.   Lits =      6.
Refined classes  after Pattern 0=     2.   Changes =    0.   Lits =      6.
Refined classes after pattern 1 =     2.   Changes =    0.   Lits =      6.
Refined classes  =     2.   Changes =    0.   Lits =      6.
start Fra_FraigSweep...
Fraiging (i=5):   Nodes =   2257.  Time =     0.47 sec
Rewriting:        Nodes =   2029.  Time =     0.01 sec
There are 0 XORs
Balance-X:        Nodes =   2257.  Time =     0.00 sec
Starting Fra_SmlSimulate......classes =     2.   Lits =      6.
Refined classes  after Pattern 0=     2.   Changes =    0.   Lits =      6.
Refined classes after pattern 1 =     2.   Changes =    0.   Lits =      6.
Refined classes  =     2.   Changes =    0.   Lits =      6.
start Fra_FraigSweep...
Fraiging (i=6):   Nodes =   2257.  Time =     5.18 sec
Rewriting:        Nodes =   2029.  Time =     0.01 sec
label 27
CNF stats: Vars =   1566. Clauses =    4658. Literals =    12576. Time =     0.00 sec
Running SAT solver with parameters 10000 and 1000 and 50.
reduceDB: Keeping    5026 out of   10000 clauses (50.26 %)  Time =     0.03 sec
reduceDB: Keeping    5514 out of   11001 clauses (50.12 %)  Time =     0.03 sec
reduceDB: Keeping    6010 out of   12000 clauses (50.08 %)  Time =     0.03 sec
reduceDB: Keeping    6532 out of   13001 clauses (50.24 %)  Time =     0.03 sec
reduceDB: Keeping    7015 out of   14000 clauses (50.11 %)  Time =     0.03 sec
reduceDB: Keeping    7764 out of   15000 clauses (51.76 %)  Time =     0.03 sec
reduceDB: Keeping    8377 out of   16001 clauses (52.35 %)  Time =     0.03 sec
reduceDB: Keeping    8989 out of   17001 clauses (52.87 %)  Time =     0.03 sec
reduceDB: Keeping    9601 out of   18000 clauses (53.34 %)  Time =     0.04 sec
reduceDB: Keeping   10111 out of   19000 clauses (53.22 %)  Time =     0.04 sec
reduceDB: Keeping   10812 out of   20000 clauses (54.06 %)  Time =     0.04 sec
reduceDB: Keeping   11502 out of   21003 clauses (54.76 %)  Time =     0.04 sec
reduceDB: Keeping   12049 out of   22004 clauses (54.76 %)  Time =     0.04 sec
reduceDB: Keeping   12614 out of   23001 clauses (54.84 %)  Time =     0.04 sec
reduceDB: Keeping   11283 out of   24000 clauses (47.01 %)  Time =     0.04 sec
reduceDB: Keeping   12753 out of   25001 clauses (51.01 %)  Time =     0.05 sec
reduceDB: Keeping   13402 out of   26001 clauses (51.54 %)  Time =     0.05 sec
reduceDB: Keeping   14136 out of   27001 clauses (52.35 %)  Time =     0.05 sec
reduceDB: Keeping   14566 out of   28000 clauses (52.02 %)  Time =     0.05 sec
reduceDB: Keeping   15807 out of   29001 clauses (54.51 %)  Time =     0.05 sec
reduceDB: Keeping   14600 out of   30000 clauses (48.67 %)  Time =     0.05 sec
reduceDB: Keeping   15918 out of   31001 clauses (51.35 %)  Time =     0.06 sec
reduceDB: Keeping   16302 out of   32000 clauses (50.94 %)  Time =     0.06 sec
reduceDB: Keeping   16741 out of   33000 clauses (50.73 %)  Time =     0.06 sec
reduceDB: Keeping   17517 out of   34000 clauses (51.52 %)  Time =     0.06 sec
reduceDB: Keeping   18160 out of   35001 clauses (51.88 %)  Time =     0.06 sec
reduceDB: Keeping   18805 out of   36000 clauses (52.24 %)  Time =     0.07 sec
reduceDB: Keeping   19152 out of   37000 clauses (51.76 %)  Time =     0.07 sec
reduceDB: Keeping   19869 out of   38000 clauses (52.29 %)  Time =     0.07 sec
reduceDB: Keeping   20522 out of   39002 clauses (52.62 %)  Time =     0.07 sec
reduceDB: Keeping   21002 out of   40002 clauses (52.50 %)  Time =     0.07 sec
reduceDB: Keeping   21400 out of   41001 clauses (52.19 %)  Time =     0.08 sec
reduceDB: Keeping   21923 out of   42000 clauses (52.20 %)  Time =     0.08 sec
reduceDB: Keeping   23120 out of   43000 clauses (53.77 %)  Time =     0.08 sec
reduceDB: Keeping   20236 out of   44000 clauses (45.99 %)  Time =     0.08 sec
reduceDB: Keeping   22632 out of   45002 clauses (50.29 %)  Time =     0.09 sec
reduceDB: Keeping   23264 out of   46000 clauses (50.57 %)  Time =     0.09 sec
reduceDB: Keeping   23720 out of   47000 clauses (50.47 %)  Time =     0.09 sec
reduceDB: Keeping   25066 out of   48001 clauses (52.22 %)  Time =     0.09 sec
reduceDB: Keeping   25363 out of   49001 clauses (51.76 %)  Time =     0.10 sec
reduceDB: Keeping   26268 out of   50002 clauses (52.53 %)  Time =     0.10 sec
reduceDB: Keeping   26891 out of   51000 clauses (52.73 %)  Time =     0.10 sec
reduceDB: Keeping   27376 out of   52000 clauses (52.65 %)  Time =     0.11 sec
reduceDB: Keeping   27651 out of   53000 clauses (52.17 %)  Time =     0.11 sec
reduceDB: Keeping   28583 out of   54001 clauses (52.93 %)  Time =     0.11 sec
reduceDB: Keeping   29046 out of   55000 clauses (52.81 %)  Time =     0.12 sec
reduceDB: Keeping   29237 out of   56001 clauses (52.21 %)  Time =     0.12 sec
reduceDB: Keeping   29323 out of   57001 clauses (51.44 %)  Time =     0.12 sec
reduceDB: Keeping   29607 out of   58002 clauses (51.04 %)  Time =     0.13 sec
reduceDB: Keeping   29950 out of   59002 clauses (50.76 %)  Time =     0.13 sec
reduceDB: Keeping   30956 out of   60000 clauses (51.59 %)  Time =     0.13 sec
reduceDB: Keeping   31080 out of   61000 clauses (50.95 %)  Time =     0.14 sec
reduceDB: Keeping   32011 out of   62002 clauses (51.63 %)  Time =     0.14 sec
reduceDB: Keeping   32484 out of   63001 clauses (51.56 %)  Time =     0.14 sec
reduceDB: Keeping   33075 out of   64000 clauses (51.68 %)  Time =     0.15 sec
reduceDB: Keeping   33457 out of   65001 clauses (51.47 %)  Time =     0.15 sec
reduceDB: Keeping   34565 out of   66001 clauses (52.37 %)  Time =     0.15 sec
reduceDB: Keeping   35821 out of   67001 clauses (53.46 %)  Time =     0.16 sec
reduceDB: Keeping   35482 out of   68001 clauses (52.18 %)  Time =     0.16 sec
reduceDB: Keeping   36075 out of   69000 clauses (52.28 %)  Time =     0.16 sec
reduceDB: Keeping   35859 out of   70001 clauses (51.23 %)  Time =     0.17 sec
reduceDB: Keeping   36353 out of   71002 clauses (51.20 %)  Time =     0.17 sec
reduceDB: Keeping   36862 out of   72001 clauses (51.20 %)  Time =     0.18 sec
reduceDB: Keeping   37174 out of   73001 clauses (50.92 %)  Time =     0.18 sec
reduceDB: Keeping   38027 out of   74000 clauses (51.39 %)  Time =     0.18 sec
reduceDB: Keeping   38052 out of   75000 clauses (50.74 %)  Time =     0.19 sec
reduceDB: Keeping   38734 out of   76000 clauses (50.97 %)  Time =     0.19 sec
reduceDB: Keeping   38896 out of   77000 clauses (50.51 %)  Time =     0.20 sec
reduceDB: Keeping   39343 out of   78001 clauses (50.44 %)  Time =     0.20 sec
reduceDB: Keeping   39775 out of   79000 clauses (50.35 %)  Time =     0.21 sec
reduceDB: Keeping   40959 out of   80000 clauses (51.20 %)  Time =     0.21 sec
reduceDB: Keeping   42378 out of   81002 clauses (52.32 %)  Time =     0.21 sec
reduceDB: Keeping   42756 out of   82001 clauses (52.14 %)  Time =     0.22 sec
reduceDB: Keeping   42959 out of   83000 clauses (51.76 %)  Time =     0.22 sec
reduceDB: Keeping   42918 out of   84001 clauses (51.09 %)  Time =     0.23 sec
reduceDB: Keeping   43669 out of   85000 clauses (51.38 %)  Time =     0.23 sec
reduceDB: Keeping   43876 out of   86000 clauses (51.02 %)  Time =     0.24 sec
reduceDB: Keeping   44090 out of   87000 clauses (50.68 %)  Time =     0.24 sec
reduceDB: Keeping   44705 out of   88000 clauses (50.80 %)  Time =     0.25 sec
reduceDB: Keeping   44954 out of   89001 clauses (50.51 %)  Time =     0.25 sec
reduceDB: Keeping   44971 out of   90001 clauses (49.97 %)  Time =     0.26 sec
reduceDB: Keeping   45617 out of   91000 clauses (50.13 %)  Time =     0.26 sec
reduceDB: Keeping   46626 out of   92000 clauses (50.68 %)  Time =     0.27 sec
reduceDB: Keeping   48007 out of   93000 clauses (51.62 %)  Time =     0.27 sec
reduceDB: Keeping   49345 out of   94000 clauses (52.49 %)  Time =     0.28 sec
reduceDB: Keeping   51793 out of   95000 clauses (54.52 %)  Time =     0.28 sec
reduceDB: Keeping   40117 out of   96001 clauses (41.79 %)  Time =     0.29 sec
reduceDB: Keeping   47218 out of   97001 clauses (48.68 %)  Time =     0.29 sec
reduceDB: Keeping   48877 out of   98000 clauses (49.87 %)  Time =     0.30 sec
reduceDB: Keeping   49074 out of   99001 clauses (49.57 %)  Time =     0.30 sec
reduceDB: Keeping   49782 out of  100004 clauses (49.78 %)  Time =     0.31 sec
reduceDB: Keeping   50608 out of  101000 clauses (50.11 %)  Time =     0.31 sec
reduceDB: Keeping   50453 out of  102001 clauses (49.46 %)  Time =     0.32 sec
reduceDB: Keeping   50997 out of  103000 clauses (49.51 %)  Time =     0.32 sec
reduceDB: Keeping   51793 out of  104000 clauses (49.80 %)  Time =     0.33 sec
reduceDB: Keeping   52503 out of  105003 clauses (50.00 %)  Time =     0.34 sec
reduceDB: Keeping   53164 out of  106002 clauses (50.15 %)  Time =     0.34 sec
reduceDB: Keeping   53647 out of  107000 clauses (50.14 %)  Time =     0.35 sec
reduceDB: Keeping   54292 out of  108000 clauses (50.27 %)  Time =     0.35 sec
reduceDB: Keeping   55496 out of  109000 clauses (50.91 %)  Time =     0.36 sec
reduceDB: Keeping   55937 out of  110001 clauses (50.85 %)  Time =     0.37 sec
reduceDB: Keeping   57147 out of  111000 clauses (51.48 %)  Time =     0.37 sec
reduceDB: Keeping   57613 out of  112002 clauses (51.44 %)  Time =     0.38 sec
reduceDB: Keeping   58982 out of  113000 clauses (52.20 %)  Time =     0.38 sec
reduceDB: Keeping   59695 out of  114003 clauses (52.36 %)  Time =     0.39 sec
reduceDB: Keeping   59535 out of  115001 clauses (51.77 %)  Time =     0.40 sec
reduceDB: Keeping   60378 out of  116000 clauses (52.05 %)  Time =     0.40 sec
reduceDB: Keeping   61696 out of  117000 clauses (52.73 %)  Time =     0.41 sec
reduceDB: Keeping   63081 out of  118000 clauses (53.46 %)  Time =     0.42 sec
reduceDB: Keeping   48646 out of  119000 clauses (40.88 %)  Time =     0.42 sec
reduceDB: Keeping   60052 out of  120000 clauses (50.04 %)  Time =     0.43 sec
starts        :             6322
conflicts     :          3645836
decisions     :          4183319
propagations  :       1102107643
Final SAT:        Nodes =   2029.  Time =   358.57 sec
Networks are equivalent.  Time =   368.86 sec
End Old Verify =   368.86 sec
