ABC command line: "&read replace_1430.aig; &cec -m -v".

label 1
label 3
Assuming the current network is a single-output miter.
label 6
Start EquivFixOutputPairs =     0.00 sec
End EquivFixOutputPairs =     0.00 sec
Start ManSatSweeping =     0.00 sec
Simulating 15 words for 15 rounds. SAT solving with 1000 conflicts.
nSimWords = 0
cst =    2185  cls =      0  lit =    2185  unused =     256  proof =     0
cst =       3  cls =      9  lit =      14  unused =    2418  proof =     0
cst =       2  cls =      2  lit =       5  unused =    2434  proof =     0
cst =       0  cls =      1  lit =       1  unused =    2439  proof =     0
cst =       0  cls =      1  lit =       1  unused =    2439  proof =     0
cst =       0  cls =      1  lit =       1  unused =    2439  proof =     0
cst =       0  cls =      1  lit =       1  unused =    2439  proof =     0
cst =       0  cls =      1  lit =       1  unused =    2439  proof =     0
cst =       0  cls =      1  lit =       1  unused =    2439  proof =     0
cst =       0  cls =      1  lit =       1  unused =    2439  proof =     0
  1 : P =      0. D =      0. F =     1. M =     730. And =    2185. Time =     0.03 sec
Increasing conflict limit to 10000.
The result is written into file "cec_giaSweep.aig".
Switching into reduced mode.
  2 : P =      0. D =      0. F =     1. M =     730. And =    2185. Time =     0.31 sec
Increasing conflict limit to 100000.
The result is written into file "cec_giaSweep.aig".
Switching into normal mode.
  3 : P =      0. D =      0. F =     1. M =       0. And =    2185. Time =     4.18 sec
Performed 3 SAT calls: P = 0  D = 0  F = 3
NBeg = 2185. NEnd = 2185. (Gain =   0.00 %).  RBeg = 0. REnd = 0. (Gain =   0.00 %).
Sim  =     0.01 sec (  0.00 %)
Sat  =     4.52 sec (  0.00 %)
Pat  =     0.00 sec (  0.00 %)
Time =     4.54 sec
End ManSatSweeping =     4.54 sec
Networks are UNDECIDED after the new CEC engine.  Time =     4.54 sec
Calling the old CEC engine.
Start Old Verify =     4.54 sec
Original miter:   Nodes =   2188.
label 27
Initial SAT:      Nodes =   2188.  Time =     0.01 sec
Rewriting:        Nodes =   2187.  Time =     0.02 sec
There are 0 XORs
Balance-X:        Nodes =   2460.  Time =     0.00 sec
Starting Fra_SmlSimulate......classes =     1.   Lits =      4.
Refined classes  after Pattern 0=     1.   Changes =    0.   Lits =      4.
Refined classes after pattern 1 =     1.   Changes =    0.   Lits =      4.
Refined classes  =     1.   Changes =    0.   Lits =      4.
start Fra_FraigSweep...
Fraiging (i=1):   Nodes =   2460.  Time =     0.00 sec
Rewriting:        Nodes =   2207.  Time =     0.01 sec
There are 0 XORs
Balance-X:        Nodes =   2458.  Time =     0.00 sec
Starting Fra_SmlSimulate......classes =     1.   Lits =      4.
Refined classes  after Pattern 0=     1.   Changes =    0.   Lits =      4.
Refined classes after pattern 1 =     1.   Changes =    0.   Lits =      4.
Refined classes  =     1.   Changes =    0.   Lits =      4.
start Fra_FraigSweep...
Fraiging (i=2):   Nodes =   2458.  Time =     0.00 sec
Rewriting:        Nodes =   2212.  Time =     0.01 sec
There are 0 XORs
Balance-X:        Nodes =   2458.  Time =     0.00 sec
Starting Fra_SmlSimulate......classes =     1.   Lits =      4.
Refined classes  after Pattern 0=     1.   Changes =    0.   Lits =      4.
Refined classes after pattern 1 =     1.   Changes =    0.   Lits =      4.
Refined classes  =     1.   Changes =    0.   Lits =      4.
start Fra_FraigSweep...
Fraiging (i=3):   Nodes =   2458.  Time =     0.00 sec
Rewriting:        Nodes =   2205.  Time =     0.01 sec
There are 0 XORs
Balance-X:        Nodes =   2458.  Time =     0.00 sec
Starting Fra_SmlSimulate......classes =     1.   Lits =      4.
Refined classes  after Pattern 0=     1.   Changes =    0.   Lits =      4.
Refined classes after pattern 1 =     1.   Changes =    0.   Lits =      4.
Refined classes  =     1.   Changes =    0.   Lits =      4.
start Fra_FraigSweep...
Fraiging (i=4):   Nodes =   2458.  Time =     0.04 sec
Rewriting:        Nodes =   2206.  Time =     0.01 sec
There are 0 XORs
Balance-X:        Nodes =   2458.  Time =     0.00 sec
Starting Fra_SmlSimulate......classes =     1.   Lits =      4.
Refined classes  after Pattern 0=     1.   Changes =    0.   Lits =      4.
Refined classes after pattern 1 =     1.   Changes =    0.   Lits =      4.
Refined classes  =     1.   Changes =    0.   Lits =      4.
start Fra_FraigSweep...
Fraiging (i=5):   Nodes =   2458.  Time =     0.47 sec
Rewriting:        Nodes =   2205.  Time =     0.01 sec
There are 0 XORs
Balance-X:        Nodes =   2458.  Time =     0.00 sec
Starting Fra_SmlSimulate......classes =     1.   Lits =      4.
Refined classes  after Pattern 0=     1.   Changes =    0.   Lits =      4.
Refined classes after pattern 1 =     1.   Changes =    0.   Lits =      4.
Refined classes  =     1.   Changes =    0.   Lits =      4.
start Fra_FraigSweep...
Fraiging (i=6):   Nodes =   2458.  Time =     5.17 sec
Rewriting:        Nodes =   2206.  Time =     0.01 sec
label 27
CNF stats: Vars =   1672. Clauses =    5067. Literals =    13679. Time =     0.00 sec
Running SAT solver with parameters 10000 and 1000 and 50.
reduceDB: Keeping    5021 out of   10003 clauses (50.19 %)  Time =     0.03 sec
reduceDB: Keeping    5518 out of   11002 clauses (50.15 %)  Time =     0.03 sec
reduceDB: Keeping    6013 out of   12000 clauses (50.11 %)  Time =     0.03 sec
reduceDB: Keeping    6533 out of   13000 clauses (50.25 %)  Time =     0.03 sec
reduceDB: Keeping    7026 out of   14000 clauses (50.19 %)  Time =     0.03 sec
reduceDB: Keeping    7711 out of   15001 clauses (51.40 %)  Time =     0.03 sec
reduceDB: Keeping    8150 out of   16000 clauses (50.94 %)  Time =     0.03 sec
reduceDB: Keeping    8813 out of   17000 clauses (51.84 %)  Time =     0.03 sec
reduceDB: Keeping    9436 out of   18001 clauses (52.42 %)  Time =     0.03 sec
reduceDB: Keeping   10048 out of   19001 clauses (52.88 %)  Time =     0.03 sec
reduceDB: Keeping   10725 out of   20003 clauses (53.62 %)  Time =     0.03 sec
reduceDB: Keeping   11228 out of   21000 clauses (53.47 %)  Time =     0.04 sec
reduceDB: Keeping   11820 out of   22001 clauses (53.72 %)  Time =     0.04 sec
reduceDB: Keeping   12311 out of   23000 clauses (53.53 %)  Time =     0.04 sec
reduceDB: Keeping   12764 out of   24000 clauses (53.18 %)  Time =     0.04 sec
reduceDB: Keeping   13655 out of   25000 clauses (54.62 %)  Time =     0.04 sec
reduceDB: Keeping   14048 out of   26000 clauses (54.03 %)  Time =     0.04 sec
reduceDB: Keeping   14577 out of   27000 clauses (53.99 %)  Time =     0.04 sec
reduceDB: Keeping   15111 out of   28002 clauses (53.96 %)  Time =     0.05 sec
reduceDB: Keeping   15659 out of   29001 clauses (53.99 %)  Time =     0.05 sec
reduceDB: Keeping   16355 out of   30001 clauses (54.51 %)  Time =     0.05 sec
reduceDB: Keeping   13633 out of   31003 clauses (43.97 %)  Time =     0.05 sec
reduceDB: Keeping   16051 out of   32002 clauses (50.16 %)  Time =     0.05 sec
reduceDB: Keeping   16562 out of   33000 clauses (50.19 %)  Time =     0.05 sec
reduceDB: Keeping   17051 out of   34001 clauses (50.15 %)  Time =     0.06 sec
reduceDB: Keeping   17760 out of   35000 clauses (50.74 %)  Time =     0.06 sec
reduceDB: Keeping   18559 out of   36000 clauses (51.55 %)  Time =     0.06 sec
reduceDB: Keeping   19614 out of   37001 clauses (53.01 %)  Time =     0.06 sec
reduceDB: Keeping   20241 out of   38002 clauses (53.26 %)  Time =     0.06 sec
reduceDB: Keeping   20501 out of   39001 clauses (52.57 %)  Time =     0.07 sec
reduceDB: Keeping   20783 out of   40001 clauses (51.96 %)  Time =     0.07 sec
reduceDB: Keeping   21257 out of   41000 clauses (51.85 %)  Time =     0.07 sec
reduceDB: Keeping   22291 out of   42001 clauses (53.07 %)  Time =     0.07 sec
reduceDB: Keeping   23066 out of   43000 clauses (53.64 %)  Time =     0.07 sec
reduceDB: Keeping   23412 out of   44001 clauses (53.21 %)  Time =     0.08 sec
reduceDB: Keeping   23941 out of   45000 clauses (53.20 %)  Time =     0.08 sec
reduceDB: Keeping   24142 out of   46000 clauses (52.48 %)  Time =     0.08 sec
reduceDB: Keeping   24457 out of   47000 clauses (52.04 %)  Time =     0.08 sec
reduceDB: Keeping   24659 out of   48003 clauses (51.37 %)  Time =     0.09 sec
reduceDB: Keeping   25361 out of   49001 clauses (51.76 %)  Time =     0.09 sec
reduceDB: Keeping   26089 out of   50000 clauses (52.18 %)  Time =     0.09 sec
reduceDB: Keeping   26359 out of   51001 clauses (51.68 %)  Time =     0.09 sec
reduceDB: Keeping   26722 out of   52001 clauses (51.39 %)  Time =     0.10 sec
reduceDB: Keeping   27257 out of   53000 clauses (51.43 %)  Time =     0.10 sec
reduceDB: Keeping   27893 out of   54000 clauses (51.65 %)  Time =     0.10 sec
reduceDB: Keeping   28471 out of   55002 clauses (51.76 %)  Time =     0.11 sec
reduceDB: Keeping   28640 out of   56000 clauses (51.14 %)  Time =     0.11 sec
reduceDB: Keeping   28966 out of   57001 clauses (50.82 %)  Time =     0.11 sec
reduceDB: Keeping   29174 out of   58000 clauses (50.30 %)  Time =     0.12 sec
reduceDB: Keeping   29591 out of   59001 clauses (50.15 %)  Time =     0.12 sec
reduceDB: Keeping   30080 out of   60001 clauses (50.13 %)  Time =     0.12 sec
reduceDB: Keeping   30605 out of   61000 clauses (50.17 %)  Time =     0.12 sec
reduceDB: Keeping   31674 out of   62000 clauses (51.09 %)  Time =     0.13 sec
reduceDB: Keeping   33687 out of   63004 clauses (53.47 %)  Time =     0.13 sec
reduceDB: Keeping   34816 out of   64001 clauses (54.40 %)  Time =     0.13 sec
reduceDB: Keeping   35196 out of   65001 clauses (54.15 %)  Time =     0.14 sec
reduceDB: Keeping   35535 out of   66001 clauses (53.84 %)  Time =     0.14 sec
reduceDB: Keeping   35830 out of   67002 clauses (53.48 %)  Time =     0.14 sec
reduceDB: Keeping   36069 out of   68002 clauses (53.04 %)  Time =     0.15 sec
reduceDB: Keeping   36650 out of   69000 clauses (53.12 %)  Time =     0.15 sec
reduceDB: Keeping   36264 out of   70002 clauses (51.80 %)  Time =     0.15 sec
reduceDB: Keeping   36846 out of   71000 clauses (51.90 %)  Time =     0.16 sec
reduceDB: Keeping   36973 out of   72002 clauses (51.35 %)  Time =     0.16 sec
reduceDB: Keeping   37040 out of   73001 clauses (50.74 %)  Time =     0.17 sec
reduceDB: Keeping   38884 out of   74000 clauses (52.55 %)  Time =     0.17 sec
reduceDB: Keeping   38491 out of   75000 clauses (51.32 %)  Time =     0.17 sec
reduceDB: Keeping   38532 out of   76001 clauses (50.70 %)  Time =     0.18 sec
reduceDB: Keeping   39344 out of   77002 clauses (51.09 %)  Time =     0.18 sec
reduceDB: Keeping   39110 out of   78000 clauses (50.14 %)  Time =     0.19 sec
reduceDB: Keeping   39800 out of   79000 clauses (50.38 %)  Time =     0.19 sec
reduceDB: Keeping   40374 out of   80002 clauses (50.47 %)  Time =     0.19 sec
reduceDB: Keeping   40989 out of   81000 clauses (50.60 %)  Time =     0.20 sec
reduceDB: Keeping   41043 out of   82001 clauses (50.05 %)  Time =     0.20 sec
reduceDB: Keeping   41489 out of   83000 clauses (49.99 %)  Time =     0.21 sec
reduceDB: Keeping   41999 out of   84000 clauses (50.00 %)  Time =     0.21 sec
reduceDB: Keeping   42596 out of   85001 clauses (50.11 %)  Time =     0.21 sec
reduceDB: Keeping   43092 out of   86003 clauses (50.11 %)  Time =     0.22 sec
reduceDB: Keeping   43629 out of   87001 clauses (50.15 %)  Time =     0.22 sec
reduceDB: Keeping   43948 out of   88000 clauses (49.94 %)  Time =     0.23 sec
reduceDB: Keeping   44574 out of   89000 clauses (50.08 %)  Time =     0.23 sec
reduceDB: Keeping   44707 out of   90002 clauses (49.67 %)  Time =     0.24 sec
reduceDB: Keeping   45642 out of   91002 clauses (50.15 %)  Time =     0.24 sec
reduceDB: Keeping   46119 out of   92000 clauses (50.13 %)  Time =     0.25 sec
reduceDB: Keeping   47415 out of   93000 clauses (50.98 %)  Time =     0.25 sec
reduceDB: Keeping   47848 out of   94000 clauses (50.90 %)  Time =     0.25 sec
reduceDB: Keeping   48297 out of   95002 clauses (50.84 %)  Time =     0.26 sec
reduceDB: Keeping   48305 out of   96001 clauses (50.32 %)  Time =     0.26 sec
reduceDB: Keeping   49143 out of   97000 clauses (50.66 %)  Time =     0.27 sec
reduceDB: Keeping   49491 out of   98001 clauses (50.50 %)  Time =     0.27 sec
reduceDB: Keeping   50339 out of   99000 clauses (50.85 %)  Time =     0.28 sec
reduceDB: Keeping   50072 out of  100002 clauses (50.07 %)  Time =     0.28 sec
reduceDB: Keeping   50438 out of  101000 clauses (49.94 %)  Time =     0.29 sec
reduceDB: Keeping   50891 out of  102000 clauses (49.89 %)  Time =     0.29 sec
reduceDB: Keeping   51426 out of  103001 clauses (49.93 %)  Time =     0.30 sec
reduceDB: Keeping   51992 out of  104000 clauses (49.99 %)  Time =     0.30 sec
reduceDB: Keeping   52557 out of  105002 clauses (50.05 %)  Time =     0.31 sec
reduceDB: Keeping   53194 out of  106000 clauses (50.18 %)  Time =     0.31 sec
reduceDB: Keeping   52427 out of  107001 clauses (49.00 %)  Time =     0.32 sec
reduceDB: Keeping   53886 out of  108002 clauses (49.89 %)  Time =     0.33 sec
reduceDB: Keeping   54645 out of  109003 clauses (50.13 %)  Time =     0.33 sec
reduceDB: Keeping   54730 out of  110000 clauses (49.75 %)  Time =     0.34 sec
reduceDB: Keeping   55582 out of  111002 clauses (50.07 %)  Time =     0.34 sec
reduceDB: Keeping   54898 out of  112000 clauses (49.02 %)  Time =     0.35 sec
reduceDB: Keeping   56604 out of  113000 clauses (50.09 %)  Time =     0.35 sec
reduceDB: Keeping   56612 out of  114001 clauses (49.66 %)  Time =     0.36 sec
reduceDB: Keeping   55809 out of  115001 clauses (48.53 %)  Time =     0.36 sec
reduceDB: Keeping   58158 out of  116000 clauses (50.14 %)  Time =     0.37 sec
reduceDB: Keeping   58590 out of  117003 clauses (50.08 %)  Time =     0.38 sec
reduceDB: Keeping   59550 out of  118001 clauses (50.47 %)  Time =     0.38 sec
reduceDB: Keeping   60098 out of  119001 clauses (50.50 %)  Time =     0.39 sec
reduceDB: Keeping   61382 out of  120000 clauses (51.15 %)  Time =     0.39 sec
reduceDB: Keeping   62354 out of  121001 clauses (51.53 %)  Time =     0.40 sec
reduceDB: Keeping   62189 out of  122002 clauses (50.97 %)  Time =     0.41 sec
reduceDB: Keeping   62759 out of  123001 clauses (51.02 %)  Time =     0.41 sec
reduceDB: Keeping   63451 out of  124001 clauses (51.17 %)  Time =     0.42 sec
reduceDB: Keeping   63989 out of  125001 clauses (51.19 %)  Time =     0.42 sec
reduceDB: Keeping   64188 out of  126002 clauses (50.94 %)  Time =     0.43 sec
reduceDB: Keeping   65566 out of  127000 clauses (51.63 %)  Time =     0.44 sec
reduceDB: Keeping   68758 out of  128002 clauses (53.72 %)  Time =     0.44 sec
reduceDB: Keeping   68556 out of  129001 clauses (53.14 %)  Time =     0.45 sec
reduceDB: Keeping   69927 out of  130003 clauses (53.79 %)  Time =     0.46 sec
reduceDB: Keeping   70424 out of  131001 clauses (53.76 %)  Time =     0.46 sec
reduceDB: Keeping   71814 out of  132000 clauses (54.40 %)  Time =     0.47 sec
reduceDB: Keeping   52662 out of  133000 clauses (39.60 %)  Time =     0.48 sec
starts        :             7953
conflicts     :          4439157
decisions     :          5096810
propagations  :       1452593859
Final SAT:        Nodes =   2206.  Time =   434.32 sec
Networks are equivalent.  Time =   444.63 sec
End Old Verify =   444.63 sec
