ABC command line: "&read replace_1572.aig; &cec -m -v".

label 1
label 3
Assuming the current network is a single-output miter.
label 6
Start EquivFixOutputPairs =     0.00 sec
End EquivFixOutputPairs =     0.00 sec
Start ManSatSweeping =     0.00 sec
Simulating 15 words for 15 rounds. SAT solving with 1000 conflicts.
nSimWords = 0
cst =    2095  cls =      0  lit =    2095  unused =     256  proof =     0
cst =       1  cls =      7  lit =       8  unused =    2336  proof =     0
cst =       0  cls =      1  lit =       1  unused =    2349  proof =     0
cst =       0  cls =      1  lit =       1  unused =    2349  proof =     0
cst =       0  cls =      1  lit =       1  unused =    2349  proof =     0
cst =       0  cls =      1  lit =       1  unused =    2349  proof =     0
cst =       0  cls =      1  lit =       1  unused =    2349  proof =     0
cst =       0  cls =      1  lit =       1  unused =    2349  proof =     0
cst =       0  cls =      1  lit =       1  unused =    2349  proof =     0
cst =       0  cls =      1  lit =       1  unused =    2349  proof =     0
  1 : P =      0. D =      0. F =     1. M =     681. And =    2095. Time =     0.03 sec
Increasing conflict limit to 10000.
The result is written into file "cec_giaSweep.aig".
Switching into reduced mode.
  2 : P =      0. D =      0. F =     1. M =     681. And =    2095. Time =     0.75 sec
Increasing conflict limit to 100000.
The result is written into file "cec_giaSweep.aig".
Switching into normal mode.
  3 : P =      0. D =      0. F =     1. M =       0. And =    2095. Time =     6.72 sec
Performed 3 SAT calls: P = 0  D = 0  F = 3
NBeg = 2095. NEnd = 2095. (Gain =   0.00 %).  RBeg = 0. REnd = 0. (Gain =   0.00 %).
Sim  =     0.00 sec (  0.00 %)
Sat  =     7.50 sec (  0.00 %)
Pat  =     0.00 sec (  0.00 %)
Time =     7.51 sec
End ManSatSweeping =     7.51 sec
Networks are UNDECIDED after the new CEC engine.  Time =     7.51 sec
Calling the old CEC engine.
Start Old Verify =     7.51 sec
Original miter:   Nodes =   2098.
label 27
Initial SAT:      Nodes =   2098.  Time =     0.03 sec
Rewriting:        Nodes =   2098.  Time =     0.03 sec
There are 0 XORs
Balance-X:        Nodes =   2367.  Time =     0.00 sec
Starting Fra_SmlSimulate......classes =     2.   Lits =      5.
Refined classes  after Pattern 0=     2.   Changes =    0.   Lits =      5.
Refined classes after pattern 1 =     2.   Changes =    0.   Lits =      5.
Refined classes  =     2.   Changes =    0.   Lits =      5.
start Fra_FraigSweep...
Fraiging (i=1):   Nodes =   2366.  Time =     0.00 sec
Rewriting:        Nodes =   2121.  Time =     0.01 sec
There are 0 XORs
Balance-X:        Nodes =   2364.  Time =     0.00 sec
Starting Fra_SmlSimulate......classes =     1.   Lits =      4.
Refined classes  after Pattern 0=     1.   Changes =    0.   Lits =      4.
Refined classes after pattern 1 =     1.   Changes =    0.   Lits =      4.
Refined classes  =     1.   Changes =    0.   Lits =      4.
start Fra_FraigSweep...
Fraiging (i=2):   Nodes =   2364.  Time =     0.00 sec
Rewriting:        Nodes =   2122.  Time =     0.01 sec
There are 0 XORs
Balance-X:        Nodes =   2364.  Time =     0.00 sec
Starting Fra_SmlSimulate......classes =     1.   Lits =      4.
Refined classes  after Pattern 0=     1.   Changes =    0.   Lits =      4.
Refined classes after pattern 1 =     1.   Changes =    0.   Lits =      4.
Refined classes  =     1.   Changes =    0.   Lits =      4.
start Fra_FraigSweep...
Fraiging (i=3):   Nodes =   2364.  Time =     0.01 sec
Rewriting:        Nodes =   2123.  Time =     0.01 sec
There are 0 XORs
Balance-X:        Nodes =   2364.  Time =     0.00 sec
Starting Fra_SmlSimulate......classes =     1.   Lits =      4.
Refined classes  after Pattern 0=     1.   Changes =    0.   Lits =      4.
Refined classes after pattern 1 =     1.   Changes =    0.   Lits =      4.
Refined classes  =     1.   Changes =    0.   Lits =      4.
start Fra_FraigSweep...
Fraiging (i=4):   Nodes =   2364.  Time =     0.07 sec
Rewriting:        Nodes =   2122.  Time =     0.01 sec
There are 0 XORs
Balance-X:        Nodes =   2364.  Time =     0.00 sec
Starting Fra_SmlSimulate......classes =     1.   Lits =      4.
Refined classes  after Pattern 0=     1.   Changes =    0.   Lits =      4.
Refined classes after pattern 1 =     1.   Changes =    0.   Lits =      4.
Refined classes  =     1.   Changes =    0.   Lits =      4.
start Fra_FraigSweep...
Fraiging (i=5):   Nodes =   2364.  Time =     1.05 sec
Rewriting:        Nodes =   2123.  Time =     0.02 sec
There are 0 XORs
Balance-X:        Nodes =   2364.  Time =     0.00 sec
Starting Fra_SmlSimulate......classes =     1.   Lits =      4.
Refined classes  after Pattern 0=     1.   Changes =    0.   Lits =      4.
Refined classes after pattern 1 =     1.   Changes =    0.   Lits =      4.
Refined classes  =     1.   Changes =    0.   Lits =      4.
start Fra_FraigSweep...
Fraiging (i=6):   Nodes =   2364.  Time =     9.11 sec
Rewriting:        Nodes =   2122.  Time =     0.01 sec
label 27
CNF stats: Vars =   1616. Clauses =    4871. Literals =    13178. Time =     0.00 sec
Running SAT solver with parameters 10000 and 1000 and 50.
reduceDB: Keeping    5023 out of   10002 clauses (50.22 %)  Time =     0.07 sec
reduceDB: Keeping    5513 out of   11001 clauses (50.11 %)  Time =     0.07 sec
reduceDB: Keeping    6016 out of   12000 clauses (50.13 %)  Time =     0.07 sec
reduceDB: Keeping    6530 out of   13000 clauses (50.23 %)  Time =     0.07 sec
reduceDB: Keeping    7027 out of   14002 clauses (50.19 %)  Time =     0.07 sec
reduceDB: Keeping    7524 out of   15000 clauses (50.16 %)  Time =     0.07 sec
reduceDB: Keeping    8023 out of   16000 clauses (50.14 %)  Time =     0.08 sec
reduceDB: Keeping    8747 out of   17000 clauses (51.45 %)  Time =     0.08 sec
reduceDB: Keeping    9356 out of   18000 clauses (51.98 %)  Time =     0.08 sec
reduceDB: Keeping    9829 out of   19000 clauses (51.73 %)  Time =     0.08 sec
reduceDB: Keeping   10384 out of   20001 clauses (51.92 %)  Time =     0.09 sec
reduceDB: Keeping   11059 out of   21003 clauses (52.65 %)  Time =     0.09 sec
reduceDB: Keeping   11506 out of   22000 clauses (52.30 %)  Time =     0.09 sec
reduceDB: Keeping   12196 out of   23000 clauses (53.03 %)  Time =     0.10 sec
reduceDB: Keeping   13019 out of   24000 clauses (54.25 %)  Time =     0.10 sec
reduceDB: Keeping   13622 out of   25000 clauses (54.49 %)  Time =     0.10 sec
reduceDB: Keeping   14098 out of   26000 clauses (54.22 %)  Time =     0.11 sec
reduceDB: Keeping   14647 out of   27000 clauses (54.25 %)  Time =     0.11 sec
reduceDB: Keeping   15211 out of   28002 clauses (54.32 %)  Time =     0.12 sec
reduceDB: Keeping   13348 out of   29000 clauses (46.03 %)  Time =     0.12 sec
reduceDB: Keeping   15271 out of   30000 clauses (50.90 %)  Time =     0.12 sec
reduceDB: Keeping   15997 out of   31000 clauses (51.60 %)  Time =     0.12 sec
reduceDB: Keeping   16555 out of   32002 clauses (51.73 %)  Time =     0.13 sec
reduceDB: Keeping   16951 out of   33000 clauses (51.37 %)  Time =     0.13 sec
reduceDB: Keeping   17630 out of   34003 clauses (51.85 %)  Time =     0.13 sec
reduceDB: Keeping   18223 out of   35000 clauses (52.07 %)  Time =     0.13 sec
reduceDB: Keeping   18750 out of   36002 clauses (52.08 %)  Time =     0.14 sec
reduceDB: Keeping   19381 out of   37001 clauses (52.38 %)  Time =     0.14 sec
reduceDB: Keeping   19910 out of   38000 clauses (52.39 %)  Time =     0.15 sec
reduceDB: Keeping   20367 out of   39001 clauses (52.22 %)  Time =     0.15 sec
reduceDB: Keeping   20952 out of   40001 clauses (52.38 %)  Time =     0.16 sec
reduceDB: Keeping   21489 out of   41001 clauses (52.41 %)  Time =     0.16 sec
reduceDB: Keeping   22123 out of   42000 clauses (52.67 %)  Time =     0.17 sec
reduceDB: Keeping   22782 out of   43002 clauses (52.98 %)  Time =     0.17 sec
reduceDB: Keeping   23422 out of   44001 clauses (53.23 %)  Time =     0.17 sec
reduceDB: Keeping   24586 out of   45002 clauses (54.63 %)  Time =     0.18 sec
reduceDB: Keeping   24956 out of   46001 clauses (54.25 %)  Time =     0.18 sec
reduceDB: Keeping   25325 out of   47001 clauses (53.88 %)  Time =     0.19 sec
reduceDB: Keeping   26022 out of   48001 clauses (54.21 %)  Time =     0.19 sec
reduceDB: Keeping   26218 out of   49000 clauses (53.51 %)  Time =     0.20 sec
reduceDB: Keeping   27116 out of   50001 clauses (54.23 %)  Time =     0.20 sec
reduceDB: Keeping   27590 out of   51002 clauses (54.10 %)  Time =     0.21 sec
reduceDB: Keeping   28126 out of   52000 clauses (54.09 %)  Time =     0.22 sec
reduceDB: Keeping   28272 out of   53000 clauses (53.34 %)  Time =     0.22 sec
reduceDB: Keeping   29412 out of   54001 clauses (54.47 %)  Time =     0.23 sec
reduceDB: Keeping   30070 out of   55003 clauses (54.67 %)  Time =     0.24 sec
reduceDB: Keeping   30073 out of   56000 clauses (53.70 %)  Time =     0.24 sec
reduceDB: Keeping   30349 out of   57001 clauses (53.24 %)  Time =     0.25 sec
reduceDB: Keeping   30774 out of   58001 clauses (53.06 %)  Time =     0.26 sec
reduceDB: Keeping   31513 out of   59002 clauses (53.41 %)  Time =     0.27 sec
reduceDB: Keeping   31772 out of   60000 clauses (52.95 %)  Time =     0.29 sec
reduceDB: Keeping   32404 out of   61001 clauses (53.12 %)  Time =     0.30 sec
reduceDB: Keeping   32680 out of   62000 clauses (52.71 %)  Time =     0.30 sec
reduceDB: Keeping   33218 out of   63000 clauses (52.73 %)  Time =     0.31 sec
reduceDB: Keeping   33974 out of   64001 clauses (53.08 %)  Time =     0.33 sec
reduceDB: Keeping   34398 out of   65002 clauses (52.92 %)  Time =     0.34 sec
reduceDB: Keeping   35128 out of   66001 clauses (53.22 %)  Time =     0.36 sec
reduceDB: Keeping   35784 out of   67000 clauses (53.41 %)  Time =     0.38 sec
reduceDB: Keeping   36942 out of   68002 clauses (54.32 %)  Time =     0.40 sec
reduceDB: Keeping   36796 out of   69002 clauses (53.33 %)  Time =     0.40 sec
reduceDB: Keeping   36991 out of   70002 clauses (52.84 %)  Time =     0.41 sec
reduceDB: Keeping   37373 out of   71002 clauses (52.64 %)  Time =     0.42 sec
reduceDB: Keeping   37918 out of   72000 clauses (52.66 %)  Time =     0.43 sec
reduceDB: Keeping   37735 out of   73002 clauses (51.69 %)  Time =     0.44 sec
reduceDB: Keeping   37872 out of   74002 clauses (51.18 %)  Time =     0.46 sec
reduceDB: Keeping   39283 out of   75001 clauses (52.38 %)  Time =     0.48 sec
reduceDB: Keeping   39376 out of   76002 clauses (51.81 %)  Time =     0.49 sec
reduceDB: Keeping   40100 out of   77003 clauses (52.08 %)  Time =     0.50 sec
reduceDB: Keeping   40621 out of   78000 clauses (52.08 %)  Time =     0.51 sec
reduceDB: Keeping   40710 out of   79000 clauses (51.53 %)  Time =     0.52 sec
reduceDB: Keeping   40588 out of   80001 clauses (50.73 %)  Time =     0.53 sec
reduceDB: Keeping   41508 out of   81001 clauses (51.24 %)  Time =     0.54 sec
reduceDB: Keeping   43215 out of   82001 clauses (52.70 %)  Time =     0.55 sec
reduceDB: Keeping   43198 out of   83000 clauses (52.05 %)  Time =     0.56 sec
reduceDB: Keeping   43537 out of   84000 clauses (51.83 %)  Time =     0.57 sec
reduceDB: Keeping   43941 out of   85003 clauses (51.69 %)  Time =     0.58 sec
reduceDB: Keeping   44561 out of   86002 clauses (51.81 %)  Time =     0.60 sec
reduceDB: Keeping   44666 out of   87000 clauses (51.34 %)  Time =     0.61 sec
reduceDB: Keeping   44564 out of   88000 clauses (50.64 %)  Time =     0.62 sec
reduceDB: Keeping   44817 out of   89000 clauses (50.36 %)  Time =     0.63 sec
reduceDB: Keeping   45532 out of   90001 clauses (50.59 %)  Time =     0.64 sec
reduceDB: Keeping   45903 out of   91000 clauses (50.44 %)  Time =     0.65 sec
reduceDB: Keeping   46409 out of   92000 clauses (50.44 %)  Time =     0.67 sec
reduceDB: Keeping   47362 out of   93001 clauses (50.93 %)  Time =     0.68 sec
reduceDB: Keeping   48571 out of   94000 clauses (51.67 %)  Time =     0.69 sec
reduceDB: Keeping   50443 out of   95000 clauses (53.10 %)  Time =     0.71 sec
reduceDB: Keeping   51006 out of   96002 clauses (53.13 %)  Time =     0.72 sec
reduceDB: Keeping   51597 out of   97002 clauses (53.19 %)  Time =     0.73 sec
reduceDB: Keeping   52983 out of   98000 clauses (54.06 %)  Time =     0.74 sec
reduceDB: Keeping   39972 out of   99000 clauses (40.38 %)  Time =     0.75 sec
reduceDB: Keeping   49979 out of  100001 clauses (49.98 %)  Time =     0.77 sec
reduceDB: Keeping   50479 out of  101001 clauses (49.98 %)  Time =     0.80 sec
reduceDB: Keeping   51089 out of  102000 clauses (50.09 %)  Time =     0.81 sec
reduceDB: Keeping   51589 out of  103001 clauses (50.09 %)  Time =     0.82 sec
reduceDB: Keeping   46542 out of  104001 clauses (44.75 %)  Time =     0.84 sec
reduceDB: Keeping   52454 out of  105000 clauses (49.96 %)  Time =     0.85 sec
reduceDB: Keeping   53145 out of  106000 clauses (50.14 %)  Time =     0.87 sec
reduceDB: Keeping   53161 out of  107000 clauses (49.68 %)  Time =     0.88 sec
reduceDB: Keeping   53965 out of  108000 clauses (49.97 %)  Time =     0.89 sec
reduceDB: Keeping   54610 out of  109001 clauses (50.10 %)  Time =     0.92 sec
reduceDB: Keeping   54697 out of  110000 clauses (49.72 %)  Time =     0.95 sec
reduceDB: Keeping   55480 out of  111001 clauses (49.98 %)  Time =     0.97 sec
reduceDB: Keeping   54366 out of  112000 clauses (48.54 %)  Time =     1.00 sec
reduceDB: Keeping   56665 out of  113002 clauses (50.15 %)  Time =     1.02 sec
reduceDB: Keeping   57065 out of  114000 clauses (50.06 %)  Time =     1.03 sec
reduceDB: Keeping   57631 out of  115001 clauses (50.11 %)  Time =     1.05 sec
reduceDB: Keeping   58161 out of  116001 clauses (50.14 %)  Time =     1.06 sec
reduceDB: Keeping   58530 out of  117000 clauses (50.03 %)  Time =     1.08 sec
reduceDB: Keeping   59269 out of  118002 clauses (50.23 %)  Time =     1.09 sec
reduceDB: Keeping   60080 out of  119001 clauses (50.49 %)  Time =     1.11 sec
reduceDB: Keeping   62824 out of  120002 clauses (52.35 %)  Time =     1.12 sec
reduceDB: Keeping   64643 out of  121000 clauses (53.42 %)  Time =     1.14 sec
reduceDB: Keeping   65655 out of  122000 clauses (53.82 %)  Time =     1.15 sec
reduceDB: Keeping   67070 out of  123001 clauses (54.53 %)  Time =     1.17 sec
starts        :             6652
conflicts     :          3788764
decisions     :          4344982
propagations  :       1192342464
Final SAT:        Nodes =   2122.  Time =   744.75 sec
Networks are equivalent.  Time =   762.66 sec
End Old Verify =   762.66 sec
