ABC command line: "&read replace_2166.aig; &cec -m -v".

label 1
label 3
Assuming the current network is a single-output miter.
label 6
Start EquivFixOutputPairs =     0.00 sec
End EquivFixOutputPairs =     0.00 sec
Start ManSatSweeping =     0.00 sec
Simulating 15 words for 15 rounds. SAT solving with 1000 conflicts.
nSimWords = 0
cst =    2152  cls =      0  lit =    2152  unused =     256  proof =     0
cst =       9  cls =     16  lit =      27  unused =    2365  proof =     0
cst =       4  cls =      9  lit =      13  unused =    2386  proof =     0
cst =       1  cls =      2  lit =       3  unused =    2403  proof =     0
cst =       1  cls =      2  lit =       3  unused =    2403  proof =     0
cst =       1  cls =      2  lit =       3  unused =    2403  proof =     0
cst =       1  cls =      2  lit =       3  unused =    2403  proof =     0
cst =       1  cls =      2  lit =       3  unused =    2403  proof =     0
cst =       1  cls =      2  lit =       3  unused =    2403  proof =     0
cst =       1  cls =      2  lit =       3  unused =    2403  proof =     0
  1 : P =      0. D =      0. F =     1. M =     710. And =    2152. Time =     0.02 sec
Increasing conflict limit to 10000.
The result is written into file "cec_giaSweep.aig".
Switching into reduced mode.
  2 : P =      0. D =      1. F =     0. M =     710. And =    2152. Time =     0.00 sec
Switching into normal mode.
  3 : P =      0. D =      0. F =     1. M =       0. And =    2152. Time =     0.26 sec
Increasing conflict limit to 100000.
The result is written into file "cec_giaSweep.aig".
  4 : P =      0. D =      0. F =     1. M =       0. And =    2152. Time =     3.89 sec
Performed 4 SAT calls: P = 0  D = 1  F = 3
NBeg = 2152. NEnd = 2152. (Gain =   0.00 %).  RBeg = 0. REnd = 0. (Gain =   0.00 %).
Sim  =     0.00 sec (  0.00 %)
Sat  =     4.17 sec (  0.00 %)
Pat  =     0.00 sec (  0.00 %)
Time =     4.18 sec
End ManSatSweeping =     4.18 sec
Networks are UNDECIDED after the new CEC engine.  Time =     4.18 sec
Calling the old CEC engine.
Start Old Verify =     4.18 sec
Original miter:   Nodes =   2155.
label 27
Initial SAT:      Nodes =   2155.  Time =     0.02 sec
Rewriting:        Nodes =   2155.  Time =     0.02 sec
There are 0 XORs
Balance-X:        Nodes =   2417.  Time =     0.00 sec
Starting Fra_SmlSimulate......classes =     3.   Lits =      7.
Refined classes  after Pattern 0=     3.   Changes =    0.   Lits =      7.
Refined classes after pattern 1 =     3.   Changes =    0.   Lits =      7.
Refined classes  =     2.   Changes =    1.   Lits =      6.
Refined classes  =     2.   Changes =    0.   Lits =      6.
start Fra_FraigSweep...
Fraiging (i=1):   Nodes =   2417.  Time =     0.00 sec
Rewriting:        Nodes =   2178.  Time =     0.01 sec
There are 0 XORs
Balance-X:        Nodes =   2413.  Time =     0.00 sec
Starting Fra_SmlSimulate......classes =     3.   Lits =      7.
Refined classes  after Pattern 0=     3.   Changes =    0.   Lits =      7.
Refined classes after pattern 1 =     3.   Changes =    0.   Lits =      7.
Refined classes  =     2.   Changes =    1.   Lits =      6.
Refined classes  =     2.   Changes =    0.   Lits =      6.
start Fra_FraigSweep...
Fraiging (i=2):   Nodes =   2413.  Time =     0.00 sec
Rewriting:        Nodes =   2180.  Time =     0.01 sec
There are 0 XORs
Balance-X:        Nodes =   2413.  Time =     0.00 sec
Starting Fra_SmlSimulate......classes =     3.   Lits =      7.
Refined classes  after Pattern 0=     3.   Changes =    0.   Lits =      7.
Refined classes after pattern 1 =     3.   Changes =    0.   Lits =      7.
Refined classes  =     2.   Changes =    1.   Lits =      6.
Refined classes  =     2.   Changes =    0.   Lits =      6.
start Fra_FraigSweep...
Fraiging (i=3):   Nodes =   2413.  Time =     0.01 sec
Rewriting:        Nodes =   2180.  Time =     0.01 sec
There are 0 XORs
Balance-X:        Nodes =   2413.  Time =     0.00 sec
Starting Fra_SmlSimulate......classes =     3.   Lits =      7.
Refined classes  after Pattern 0=     3.   Changes =    0.   Lits =      7.
Refined classes after pattern 1 =     3.   Changes =    0.   Lits =      7.
Refined classes  =     2.   Changes =    1.   Lits =      6.
Refined classes  =     2.   Changes =    0.   Lits =      6.
start Fra_FraigSweep...
Fraiging (i=4):   Nodes =   2413.  Time =     0.10 sec
Rewriting:        Nodes =   2180.  Time =     0.01 sec
There are 0 XORs
Balance-X:        Nodes =   2413.  Time =     0.00 sec
Starting Fra_SmlSimulate......classes =     3.   Lits =      7.
Refined classes  after Pattern 0=     3.   Changes =    0.   Lits =      7.
Refined classes after pattern 1 =     3.   Changes =    0.   Lits =      7.
Refined classes  =     2.   Changes =    1.   Lits =      6.
Refined classes  =     2.   Changes =    0.   Lits =      6.
start Fra_FraigSweep...
Fraiging (i=5):   Nodes =   2413.  Time =     0.99 sec
Rewriting:        Nodes =   2180.  Time =     0.01 sec
There are 0 XORs
Balance-X:        Nodes =   2413.  Time =     0.00 sec
Starting Fra_SmlSimulate......classes =     3.   Lits =      7.
Refined classes  after Pattern 0=     3.   Changes =    0.   Lits =      7.
Refined classes after pattern 1 =     3.   Changes =    0.   Lits =      7.
Refined classes  =     2.   Changes =    1.   Lits =      6.
Refined classes  =     2.   Changes =    0.   Lits =      6.
start Fra_FraigSweep...
Fraiging (i=6):   Nodes =   2413.  Time =    11.58 sec
Rewriting:        Nodes =   2180.  Time =     0.01 sec
label 27
CNF stats: Vars =   1649. Clauses =    4981. Literals =    13420. Time =     0.00 sec
Running SAT solver with parameters 10000 and 1000 and 50.
reduceDB: Keeping    5034 out of   10001 clauses (50.33 %)  Time =     0.05 sec
reduceDB: Keeping    5518 out of   11000 clauses (50.16 %)  Time =     0.05 sec
reduceDB: Keeping    6010 out of   12000 clauses (50.08 %)  Time =     0.05 sec
reduceDB: Keeping    6515 out of   13001 clauses (50.11 %)  Time =     0.05 sec
reduceDB: Keeping    7008 out of   14001 clauses (50.05 %)  Time =     0.05 sec
reduceDB: Keeping    7668 out of   15000 clauses (51.12 %)  Time =     0.05 sec
reduceDB: Keeping    8140 out of   16000 clauses (50.88 %)  Time =     0.05 sec
reduceDB: Keeping    8639 out of   17000 clauses (50.82 %)  Time =     0.05 sec
reduceDB: Keeping    9318 out of   18002 clauses (51.76 %)  Time =     0.05 sec
reduceDB: Keeping    9819 out of   19003 clauses (51.67 %)  Time =     0.05 sec
reduceDB: Keeping   10430 out of   20000 clauses (52.15 %)  Time =     0.06 sec
reduceDB: Keeping   10994 out of   21000 clauses (52.35 %)  Time =     0.06 sec
reduceDB: Keeping   11413 out of   22000 clauses (51.88 %)  Time =     0.06 sec
reduceDB: Keeping   12031 out of   23000 clauses (52.31 %)  Time =     0.06 sec
reduceDB: Keeping   12540 out of   24000 clauses (52.25 %)  Time =     0.06 sec
reduceDB: Keeping   13042 out of   25000 clauses (52.17 %)  Time =     0.06 sec
reduceDB: Keeping   13602 out of   26000 clauses (52.32 %)  Time =     0.06 sec
reduceDB: Keeping   14290 out of   27001 clauses (52.92 %)  Time =     0.07 sec
reduceDB: Keeping   14827 out of   28001 clauses (52.95 %)  Time =     0.07 sec
reduceDB: Keeping   15479 out of   29001 clauses (53.37 %)  Time =     0.07 sec
reduceDB: Keeping   16190 out of   30002 clauses (53.96 %)  Time =     0.07 sec
reduceDB: Keeping   16563 out of   31004 clauses (53.42 %)  Time =     0.07 sec
reduceDB: Keeping   16991 out of   32000 clauses (53.10 %)  Time =     0.07 sec
reduceDB: Keeping   17431 out of   33002 clauses (52.82 %)  Time =     0.08 sec
reduceDB: Keeping   17961 out of   34000 clauses (52.83 %)  Time =     0.08 sec
reduceDB: Keeping   18507 out of   35000 clauses (52.88 %)  Time =     0.08 sec
reduceDB: Keeping   18801 out of   36002 clauses (52.22 %)  Time =     0.08 sec
reduceDB: Keeping   19128 out of   37001 clauses (51.70 %)  Time =     0.08 sec
reduceDB: Keeping   19677 out of   38000 clauses (51.78 %)  Time =     0.09 sec
reduceDB: Keeping   19963 out of   39000 clauses (51.19 %)  Time =     0.09 sec
reduceDB: Keeping   20644 out of   40001 clauses (51.61 %)  Time =     0.09 sec
reduceDB: Keeping   20965 out of   41001 clauses (51.13 %)  Time =     0.09 sec
reduceDB: Keeping   21625 out of   42000 clauses (51.49 %)  Time =     0.10 sec
reduceDB: Keeping   23489 out of   43002 clauses (54.62 %)  Time =     0.10 sec
reduceDB: Keeping   18798 out of   44003 clauses (42.72 %)  Time =     0.10 sec
reduceDB: Keeping   22548 out of   45000 clauses (50.11 %)  Time =     0.10 sec
reduceDB: Keeping   23071 out of   46001 clauses (50.15 %)  Time =     0.11 sec
reduceDB: Keeping   23480 out of   47000 clauses (49.96 %)  Time =     0.11 sec
reduceDB: Keeping   24074 out of   48001 clauses (50.15 %)  Time =     0.11 sec
reduceDB: Keeping   24566 out of   49002 clauses (50.13 %)  Time =     0.11 sec
reduceDB: Keeping   25053 out of   50001 clauses (50.10 %)  Time =     0.12 sec
reduceDB: Keeping   25405 out of   51001 clauses (49.81 %)  Time =     0.12 sec
reduceDB: Keeping   26089 out of   52001 clauses (50.17 %)  Time =     0.12 sec
reduceDB: Keeping   26497 out of   53000 clauses (49.99 %)  Time =     0.13 sec
reduceDB: Keeping   27072 out of   54001 clauses (50.13 %)  Time =     0.13 sec
reduceDB: Keeping   27590 out of   55000 clauses (50.16 %)  Time =     0.13 sec
reduceDB: Keeping   28063 out of   56000 clauses (50.11 %)  Time =     0.13 sec
reduceDB: Keeping   28477 out of   57000 clauses (49.96 %)  Time =     0.14 sec
reduceDB: Keeping   28949 out of   58001 clauses (49.91 %)  Time =     0.14 sec
reduceDB: Keeping   29578 out of   59001 clauses (50.13 %)  Time =     0.14 sec
reduceDB: Keeping   30106 out of   60001 clauses (50.18 %)  Time =     0.15 sec
reduceDB: Keeping   30576 out of   61002 clauses (50.12 %)  Time =     0.15 sec
reduceDB: Keeping   30886 out of   62000 clauses (49.82 %)  Time =     0.16 sec
reduceDB: Keeping   31470 out of   63001 clauses (49.95 %)  Time =     0.16 sec
reduceDB: Keeping   31976 out of   64000 clauses (49.96 %)  Time =     0.16 sec
reduceDB: Keeping   32563 out of   65000 clauses (50.10 %)  Time =     0.17 sec
reduceDB: Keeping   33076 out of   66000 clauses (50.12 %)  Time =     0.17 sec
reduceDB: Keeping   33612 out of   67000 clauses (50.17 %)  Time =     0.17 sec
reduceDB: Keeping   34089 out of   68001 clauses (50.13 %)  Time =     0.18 sec
reduceDB: Keeping   34627 out of   69001 clauses (50.18 %)  Time =     0.18 sec
reduceDB: Keeping   34987 out of   70001 clauses (49.98 %)  Time =     0.19 sec
reduceDB: Keeping   35587 out of   71000 clauses (50.12 %)  Time =     0.19 sec
reduceDB: Keeping   36001 out of   72000 clauses (50.00 %)  Time =     0.19 sec
reduceDB: Keeping   36599 out of   73001 clauses (50.13 %)  Time =     0.20 sec
reduceDB: Keeping   37104 out of   74002 clauses (50.14 %)  Time =     0.20 sec
reduceDB: Keeping   37436 out of   75000 clauses (49.91 %)  Time =     0.21 sec
reduceDB: Keeping   37488 out of   76000 clauses (49.33 %)  Time =     0.21 sec
reduceDB: Keeping   38599 out of   77000 clauses (50.13 %)  Time =     0.21 sec
reduceDB: Keeping   39141 out of   78001 clauses (50.18 %)  Time =     0.22 sec
reduceDB: Keeping   39577 out of   79000 clauses (50.10 %)  Time =     0.22 sec
reduceDB: Keeping   40079 out of   80003 clauses (50.10 %)  Time =     0.23 sec
reduceDB: Keeping   40600 out of   81003 clauses (50.12 %)  Time =     0.23 sec
reduceDB: Keeping   41098 out of   82000 clauses (50.12 %)  Time =     0.24 sec
reduceDB: Keeping   41589 out of   83000 clauses (50.11 %)  Time =     0.24 sec
reduceDB: Keeping   42086 out of   84000 clauses (50.10 %)  Time =     0.24 sec
reduceDB: Keeping   42617 out of   85002 clauses (50.14 %)  Time =     0.25 sec
reduceDB: Keeping   43102 out of   86000 clauses (50.12 %)  Time =     0.26 sec
reduceDB: Keeping   43457 out of   87002 clauses (49.95 %)  Time =     0.26 sec
reduceDB: Keeping   44009 out of   88000 clauses (50.01 %)  Time =     0.26 sec
reduceDB: Keeping   44647 out of   89002 clauses (50.16 %)  Time =     0.27 sec
reduceDB: Keeping   44982 out of   90001 clauses (49.98 %)  Time =     0.27 sec
reduceDB: Keeping   45580 out of   91002 clauses (50.09 %)  Time =     0.28 sec
reduceDB: Keeping   46485 out of   92001 clauses (50.53 %)  Time =     0.28 sec
reduceDB: Keeping   47510 out of   93001 clauses (51.09 %)  Time =     0.29 sec
reduceDB: Keeping   48616 out of   94000 clauses (51.72 %)  Time =     0.29 sec
reduceDB: Keeping   49082 out of   95001 clauses (51.66 %)  Time =     0.30 sec
reduceDB: Keeping   50393 out of   96000 clauses (52.49 %)  Time =     0.30 sec
reduceDB: Keeping   51799 out of   97000 clauses (53.40 %)  Time =     0.31 sec
reduceDB: Keeping   53105 out of   98000 clauses (54.19 %)  Time =     0.31 sec
reduceDB: Keeping   52936 out of   99001 clauses (53.47 %)  Time =     0.32 sec
reduceDB: Keeping   52309 out of  100000 clauses (52.31 %)  Time =     0.33 sec
reduceDB: Keeping   52010 out of  101001 clauses (51.49 %)  Time =     0.33 sec
reduceDB: Keeping   51392 out of  102001 clauses (50.38 %)  Time =     0.34 sec
reduceDB: Keeping   52589 out of  103002 clauses (51.06 %)  Time =     0.34 sec
reduceDB: Keeping   52106 out of  104002 clauses (50.10 %)  Time =     0.35 sec
reduceDB: Keeping   52765 out of  105001 clauses (50.25 %)  Time =     0.35 sec
reduceDB: Keeping   52996 out of  106000 clauses (50.00 %)  Time =     0.36 sec
reduceDB: Keeping   53614 out of  107000 clauses (50.11 %)  Time =     0.36 sec
reduceDB: Keeping   54597 out of  108001 clauses (50.55 %)  Time =     0.37 sec
reduceDB: Keeping   56640 out of  109001 clauses (51.96 %)  Time =     0.38 sec
reduceDB: Keeping   56701 out of  110000 clauses (51.55 %)  Time =     0.38 sec
reduceDB: Keeping   57078 out of  111002 clauses (51.42 %)  Time =     0.39 sec
reduceDB: Keeping   56393 out of  112001 clauses (50.35 %)  Time =     0.40 sec
reduceDB: Keeping   57038 out of  113000 clauses (50.48 %)  Time =     0.40 sec
reduceDB: Keeping   57879 out of  114001 clauses (50.77 %)  Time =     0.41 sec
reduceDB: Keeping   57725 out of  115001 clauses (50.20 %)  Time =     0.42 sec
reduceDB: Keeping   58759 out of  116003 clauses (50.65 %)  Time =     0.42 sec
reduceDB: Keeping   58834 out of  117001 clauses (50.29 %)  Time =     0.43 sec
reduceDB: Keeping   59594 out of  118000 clauses (50.50 %)  Time =     0.43 sec
reduceDB: Keeping   60513 out of  119002 clauses (50.85 %)  Time =     0.44 sec
reduceDB: Keeping   60749 out of  120002 clauses (50.62 %)  Time =     0.45 sec
reduceDB: Keeping   61282 out of  121000 clauses (50.65 %)  Time =     0.46 sec
reduceDB: Keeping   61510 out of  122000 clauses (50.42 %)  Time =     0.46 sec
reduceDB: Keeping   61650 out of  123001 clauses (50.12 %)  Time =     0.47 sec
reduceDB: Keeping   62242 out of  124000 clauses (50.20 %)  Time =     0.48 sec
reduceDB: Keeping   63753 out of  125000 clauses (51.00 %)  Time =     0.48 sec
reduceDB: Keeping   63837 out of  126001 clauses (50.66 %)  Time =     0.49 sec
reduceDB: Keeping   66662 out of  127001 clauses (52.49 %)  Time =     0.50 sec
reduceDB: Keeping   68870 out of  128001 clauses (53.80 %)  Time =     0.50 sec
reduceDB: Keeping   68620 out of  129000 clauses (53.19 %)  Time =     0.51 sec
reduceDB: Keeping   69679 out of  130003 clauses (53.60 %)  Time =     0.52 sec
reduceDB: Keeping   70886 out of  131000 clauses (54.11 %)  Time =     0.52 sec
starts        :             7676
conflicts     :          4317145
decisions     :          4988058
propagations  :       1352966774
Final SAT:        Nodes =   2180.  Time =   434.45 sec
Networks are equivalent.  Time =   451.41 sec
End Old Verify =   451.41 sec
