ABC command line: "&read replace_1527.aig; &cec -m -v".

label 1
label 3
Assuming the current network is a single-output miter.
label 6
Start EquivFixOutputPairs =     0.00 sec
End EquivFixOutputPairs =     0.00 sec
Start ManSatSweeping =     0.00 sec
Simulating 15 words for 15 rounds. SAT solving with 1000 conflicts.
nSimWords = 0
cst =    3399  cls =      0  lit =    3399  unused =     256  proof =     0
cst =      85  cls =    141  lit =     273  unused =    3241  proof =     0
cst =      27  cls =     45  lit =      74  unused =    3536  proof =     0
cst =       6  cls =     14  lit =      20  unused =    3621  proof =     0
cst =       1  cls =      6  lit =       7  unused =    3642  proof =     0
cst =       0  cls =      2  lit =       2  unused =    3651  proof =     0
cst =       0  cls =      1  lit =       1  unused =    3653  proof =     0
cst =       0  cls =      1  lit =       1  unused =    3653  proof =     0
cst =       0  cls =      1  lit =       1  unused =    3653  proof =     0
cst =       0  cls =      1  lit =       1  unused =    3653  proof =     0
  1 : P =      0. D =      0. F =     1. M =    1315. And =    3399. Time =     0.02 sec
Increasing conflict limit to 10000.
The result is written into file "cec_giaSweep.aig".
Switching into reduced mode.
  2 : P =      0. D =      0. F =     1. M =    1315. And =    3399. Time =     0.37 sec
Increasing conflict limit to 100000.
The result is written into file "cec_giaSweep.aig".
Switching into normal mode.
  3 : P =      0. D =      0. F =     1. M =       0. And =    3399. Time =     4.69 sec
Performed 3 SAT calls: P = 0  D = 0  F = 3
NBeg = 3399. NEnd = 3399. (Gain =   0.00 %).  RBeg = 0. REnd = 0. (Gain =   0.00 %).
Sim  =     0.00 sec (  0.00 %)
Sat  =     5.09 sec (  0.00 %)
Pat  =     0.00 sec (  0.00 %)
Time =     5.10 sec
End ManSatSweeping =     5.10 sec
Networks are UNDECIDED after the new CEC engine.  Time =     5.10 sec
Calling the old CEC engine.
Start Old Verify =     5.10 sec
Original miter:   Nodes =   3402.
label 27
Initial SAT:      Nodes =   3402.  Time =     0.02 sec
Rewriting:        Nodes =   3400.  Time =     0.03 sec
There are 0 XORs
Balance-X:        Nodes =   3683.  Time =     0.00 sec
Starting Fra_SmlSimulate......classes =    29.   Lits =     38.
Refined classes  after Pattern 0=    29.   Changes =    0.   Lits =     38.
Refined classes after pattern 1 =    28.   Changes =    1.   Lits =     37.
Refined classes  =    11.   Changes =   21.   Lits =     16.
Refined classes  =     5.   Changes =    7.   Lits =      9.
Refined classes  =     5.   Changes =    0.   Lits =      9.
start Fra_FraigSweep...
Fraiging (i=1):   Nodes =   3682.  Time =     0.00 sec
Rewriting:        Nodes =   3427.  Time =     0.01 sec
There are 0 XORs
Balance-X:        Nodes =   3680.  Time =     0.00 sec
Starting Fra_SmlSimulate......classes =    27.   Lits =     36.
Refined classes  after Pattern 0=    27.   Changes =    0.   Lits =     36.
Refined classes after pattern 1 =    26.   Changes =    1.   Lits =     35.
Refined classes  =     9.   Changes =   21.   Lits =     14.
Refined classes  =     4.   Changes =    6.   Lits =      8.
Refined classes  =     4.   Changes =    0.   Lits =      8.
start Fra_FraigSweep...
Fraiging (i=2):   Nodes =   3680.  Time =     0.00 sec
Rewriting:        Nodes =   3425.  Time =     0.01 sec
There are 0 XORs
Balance-X:        Nodes =   3680.  Time =     0.00 sec
Starting Fra_SmlSimulate......classes =    28.   Lits =     37.
Refined classes  after Pattern 0=    28.   Changes =    0.   Lits =     37.
Refined classes after pattern 1 =    27.   Changes =    1.   Lits =     36.
Refined classes  =    10.   Changes =   21.   Lits =     15.
Refined classes  =     4.   Changes =    7.   Lits =      8.
Refined classes  =     4.   Changes =    0.   Lits =      8.
start Fra_FraigSweep...
Fraiging (i=3):   Nodes =   3680.  Time =     0.02 sec
Rewriting:        Nodes =   3425.  Time =     0.01 sec
There are 0 XORs
Balance-X:        Nodes =   3680.  Time =     0.00 sec
Starting Fra_SmlSimulate......classes =    27.   Lits =     36.
Refined classes  after Pattern 0=    27.   Changes =    0.   Lits =     36.
Refined classes after pattern 1 =    26.   Changes =    1.   Lits =     35.
Refined classes  =     9.   Changes =   21.   Lits =     14.
Refined classes  =     4.   Changes =    6.   Lits =      8.
Refined classes  =     4.   Changes =    0.   Lits =      8.
start Fra_FraigSweep...
Fraiging (i=4):   Nodes =   3680.  Time =     0.13 sec
Rewriting:        Nodes =   3425.  Time =     0.01 sec
There are 0 XORs
Balance-X:        Nodes =   3680.  Time =     0.00 sec
Starting Fra_SmlSimulate......classes =    28.   Lits =     37.
Refined classes  after Pattern 0=    28.   Changes =    0.   Lits =     37.
Refined classes after pattern 1 =    27.   Changes =    1.   Lits =     36.
Refined classes  =    10.   Changes =   21.   Lits =     15.
Refined classes  =     4.   Changes =    7.   Lits =      8.
Refined classes  =     4.   Changes =    0.   Lits =      8.
start Fra_FraigSweep...
Fraiging (i=5):   Nodes =   3680.  Time =     1.33 sec
Rewriting:        Nodes =   3425.  Time =     0.01 sec
There are 0 XORs
Balance-X:        Nodes =   3680.  Time =     0.00 sec
Starting Fra_SmlSimulate......classes =    27.   Lits =     36.
Refined classes  after Pattern 0=    27.   Changes =    0.   Lits =     36.
Refined classes after pattern 1 =    26.   Changes =    1.   Lits =     35.
Refined classes  =     9.   Changes =   21.   Lits =     14.
Refined classes  =     4.   Changes =    6.   Lits =      8.
Refined classes  =     4.   Changes =    0.   Lits =      8.
start Fra_FraigSweep...
Fraiging (i=6):   Nodes =   3680.  Time =    13.96 sec
Rewriting:        Nodes =   3425.  Time =     0.01 sec
label 27
CNF stats: Vars =   2232. Clauses =    7470. Literals =    20231. Time =     0.01 sec
Running SAT solver with parameters 10000 and 1000 and 50.
reduceDB: Keeping    5023 out of   10001 clauses (50.22 %)  Time =     0.05 sec
reduceDB: Keeping    5516 out of   11001 clauses (50.14 %)  Time =     0.05 sec
reduceDB: Keeping    6009 out of   12000 clauses (50.08 %)  Time =     0.05 sec
reduceDB: Keeping    6525 out of   13000 clauses (50.19 %)  Time =     0.05 sec
reduceDB: Keeping    7019 out of   14000 clauses (50.14 %)  Time =     0.05 sec
reduceDB: Keeping    7519 out of   15001 clauses (50.12 %)  Time =     0.05 sec
reduceDB: Keeping    8032 out of   16000 clauses (50.20 %)  Time =     0.05 sec
reduceDB: Keeping    8512 out of   17000 clauses (50.07 %)  Time =     0.05 sec
reduceDB: Keeping    9031 out of   18001 clauses (50.17 %)  Time =     0.05 sec
reduceDB: Keeping    9723 out of   19000 clauses (51.17 %)  Time =     0.05 sec
reduceDB: Keeping   10184 out of   20003 clauses (50.91 %)  Time =     0.06 sec
reduceDB: Keeping   11056 out of   21000 clauses (52.65 %)  Time =     0.06 sec
reduceDB: Keeping   11714 out of   22000 clauses (53.25 %)  Time =     0.06 sec
reduceDB: Keeping   12444 out of   23002 clauses (54.10 %)  Time =     0.06 sec
reduceDB: Keeping   12805 out of   24000 clauses (53.35 %)  Time =     0.06 sec
reduceDB: Keeping   13615 out of   25000 clauses (54.46 %)  Time =     0.06 sec
reduceDB: Keeping   14110 out of   26001 clauses (54.27 %)  Time =     0.06 sec
reduceDB: Keeping   14483 out of   27001 clauses (53.64 %)  Time =     0.07 sec
reduceDB: Keeping   15143 out of   28001 clauses (54.08 %)  Time =     0.07 sec
reduceDB: Keeping   15810 out of   29001 clauses (54.52 %)  Time =     0.07 sec
reduceDB: Keeping   16435 out of   30000 clauses (54.78 %)  Time =     0.07 sec
reduceDB: Keeping   16972 out of   31000 clauses (54.75 %)  Time =     0.07 sec
reduceDB: Keeping   17302 out of   32002 clauses (54.07 %)  Time =     0.07 sec
reduceDB: Keeping   17904 out of   33002 clauses (54.25 %)  Time =     0.08 sec
reduceDB: Keeping   18407 out of   34000 clauses (54.14 %)  Time =     0.08 sec
reduceDB: Keeping   18921 out of   35000 clauses (54.06 %)  Time =     0.08 sec
reduceDB: Keeping   19650 out of   36000 clauses (54.58 %)  Time =     0.08 sec
reduceDB: Keeping   16469 out of   37001 clauses (44.51 %)  Time =     0.08 sec
reduceDB: Keeping   19048 out of   38002 clauses (50.12 %)  Time =     0.09 sec
reduceDB: Keeping   19550 out of   39000 clauses (50.13 %)  Time =     0.09 sec
reduceDB: Keeping   20200 out of   40000 clauses (50.50 %)  Time =     0.09 sec
reduceDB: Keeping   21341 out of   41001 clauses (52.05 %)  Time =     0.09 sec
reduceDB: Keeping   22330 out of   42000 clauses (53.17 %)  Time =     0.10 sec
reduceDB: Keeping   23114 out of   43000 clauses (53.75 %)  Time =     0.10 sec
reduceDB: Keeping   23853 out of   44000 clauses (54.21 %)  Time =     0.10 sec
reduceDB: Keeping   24243 out of   45001 clauses (53.87 %)  Time =     0.10 sec
reduceDB: Keeping   24581 out of   46003 clauses (53.43 %)  Time =     0.11 sec
reduceDB: Keeping   24449 out of   47000 clauses (52.02 %)  Time =     0.11 sec
reduceDB: Keeping   25309 out of   48000 clauses (52.73 %)  Time =     0.11 sec
reduceDB: Keeping   25564 out of   49000 clauses (52.17 %)  Time =     0.11 sec
reduceDB: Keeping   26134 out of   50000 clauses (52.27 %)  Time =     0.12 sec
reduceDB: Keeping   26235 out of   51000 clauses (51.44 %)  Time =     0.12 sec
reduceDB: Keeping   27069 out of   52001 clauses (52.05 %)  Time =     0.12 sec
reduceDB: Keeping   27115 out of   53000 clauses (51.16 %)  Time =     0.13 sec
reduceDB: Keeping   27781 out of   54000 clauses (51.45 %)  Time =     0.13 sec
reduceDB: Keeping   29060 out of   55000 clauses (52.84 %)  Time =     0.13 sec
reduceDB: Keeping   29119 out of   56000 clauses (52.00 %)  Time =     0.14 sec
reduceDB: Keeping   29620 out of   57004 clauses (51.96 %)  Time =     0.14 sec
reduceDB: Keeping   29673 out of   58004 clauses (51.16 %)  Time =     0.14 sec
reduceDB: Keeping   30204 out of   59000 clauses (51.19 %)  Time =     0.15 sec
reduceDB: Keeping   30923 out of   60002 clauses (51.54 %)  Time =     0.15 sec
reduceDB: Keeping   31389 out of   61000 clauses (51.46 %)  Time =     0.15 sec
reduceDB: Keeping   31775 out of   62002 clauses (51.25 %)  Time =     0.16 sec
reduceDB: Keeping   32555 out of   63004 clauses (51.67 %)  Time =     0.16 sec
reduceDB: Keeping   33765 out of   64000 clauses (52.76 %)  Time =     0.16 sec
reduceDB: Keeping   33747 out of   65000 clauses (51.92 %)  Time =     0.17 sec
reduceDB: Keeping   34546 out of   66001 clauses (52.34 %)  Time =     0.17 sec
reduceDB: Keeping   35506 out of   67001 clauses (52.99 %)  Time =     0.17 sec
reduceDB: Keeping   35902 out of   68002 clauses (52.80 %)  Time =     0.18 sec
reduceDB: Keeping   36360 out of   69000 clauses (52.70 %)  Time =     0.18 sec
reduceDB: Keeping   36280 out of   70000 clauses (51.83 %)  Time =     0.19 sec
reduceDB: Keeping   36706 out of   71002 clauses (51.70 %)  Time =     0.19 sec
reduceDB: Keeping   36955 out of   72000 clauses (51.33 %)  Time =     0.19 sec
reduceDB: Keeping   37364 out of   73000 clauses (51.18 %)  Time =     0.20 sec
reduceDB: Keeping   38013 out of   74001 clauses (51.37 %)  Time =     0.20 sec
reduceDB: Keeping   38352 out of   75001 clauses (51.14 %)  Time =     0.21 sec
reduceDB: Keeping   38499 out of   76001 clauses (50.66 %)  Time =     0.21 sec
reduceDB: Keeping   39267 out of   77000 clauses (51.00 %)  Time =     0.22 sec
reduceDB: Keeping   39294 out of   78001 clauses (50.38 %)  Time =     0.22 sec
reduceDB: Keeping   39686 out of   79000 clauses (50.24 %)  Time =     0.23 sec
reduceDB: Keeping   40523 out of   80001 clauses (50.65 %)  Time =     0.23 sec
reduceDB: Keeping   40925 out of   81000 clauses (50.52 %)  Time =     0.23 sec
reduceDB: Keeping   41067 out of   82000 clauses (50.08 %)  Time =     0.24 sec
reduceDB: Keeping   42179 out of   83000 clauses (50.82 %)  Time =     0.24 sec
reduceDB: Keeping   42470 out of   84002 clauses (50.56 %)  Time =     0.25 sec
reduceDB: Keeping   42605 out of   85003 clauses (50.12 %)  Time =     0.25 sec
reduceDB: Keeping   43064 out of   86000 clauses (50.07 %)  Time =     0.26 sec
reduceDB: Keeping   44461 out of   87000 clauses (51.10 %)  Time =     0.26 sec
reduceDB: Keeping   44762 out of   88000 clauses (50.87 %)  Time =     0.27 sec
reduceDB: Keeping   45105 out of   89000 clauses (50.68 %)  Time =     0.27 sec
reduceDB: Keeping   45092 out of   90001 clauses (50.10 %)  Time =     0.28 sec
reduceDB: Keeping   45532 out of   91001 clauses (50.03 %)  Time =     0.29 sec
reduceDB: Keeping   46198 out of   92000 clauses (50.22 %)  Time =     0.29 sec
reduceDB: Keeping   48244 out of   93000 clauses (51.88 %)  Time =     0.30 sec
reduceDB: Keeping   49623 out of   94002 clauses (52.79 %)  Time =     0.30 sec
reduceDB: Keeping   50412 out of   95001 clauses (53.06 %)  Time =     0.31 sec
reduceDB: Keeping   51340 out of   96000 clauses (53.48 %)  Time =     0.31 sec
reduceDB: Keeping   52088 out of   97002 clauses (53.70 %)  Time =     0.32 sec
reduceDB: Keeping   52879 out of   98000 clauses (53.96 %)  Time =     0.32 sec
reduceDB: Keeping   40382 out of   99001 clauses (40.79 %)  Time =     0.33 sec
reduceDB: Keeping   48038 out of  100006 clauses (48.04 %)  Time =     0.33 sec
reduceDB: Keeping   50484 out of  101001 clauses (49.98 %)  Time =     0.34 sec
reduceDB: Keeping   50998 out of  102000 clauses (50.00 %)  Time =     0.34 sec
reduceDB: Keeping   51430 out of  103002 clauses (49.93 %)  Time =     0.35 sec
reduceDB: Keeping   51992 out of  104000 clauses (49.99 %)  Time =     0.36 sec
reduceDB: Keeping   52640 out of  105001 clauses (50.13 %)  Time =     0.36 sec
reduceDB: Keeping   49337 out of  106001 clauses (46.54 %)  Time =     0.37 sec
reduceDB: Keeping   53481 out of  107001 clauses (49.98 %)  Time =     0.37 sec
reduceDB: Keeping   54115 out of  108002 clauses (50.11 %)  Time =     0.38 sec
reduceDB: Keeping   54650 out of  109000 clauses (50.14 %)  Time =     0.39 sec
reduceDB: Keeping   55121 out of  110000 clauses (50.11 %)  Time =     0.39 sec
reduceDB: Keeping   54729 out of  111000 clauses (49.31 %)  Time =     0.40 sec
reduceDB: Keeping   56155 out of  112000 clauses (50.14 %)  Time =     0.41 sec
reduceDB: Keeping   55896 out of  113003 clauses (49.46 %)  Time =     0.41 sec
reduceDB: Keeping   57144 out of  114003 clauses (50.12 %)  Time =     0.42 sec
reduceDB: Keeping   57447 out of  115000 clauses (49.95 %)  Time =     0.43 sec
reduceDB: Keeping   57454 out of  116001 clauses (49.53 %)  Time =     0.43 sec
reduceDB: Keeping   58593 out of  117000 clauses (50.08 %)  Time =     0.44 sec
reduceDB: Keeping   59229 out of  118000 clauses (50.19 %)  Time =     0.45 sec
reduceDB: Keeping   60232 out of  119000 clauses (50.62 %)  Time =     0.45 sec
reduceDB: Keeping   63426 out of  120000 clauses (52.85 %)  Time =     0.46 sec
reduceDB: Keeping   64753 out of  121001 clauses (53.51 %)  Time =     0.47 sec
reduceDB: Keeping   65284 out of  122000 clauses (53.51 %)  Time =     0.47 sec
reduceDB: Keeping   65985 out of  123000 clauses (53.65 %)  Time =     0.48 sec
reduceDB: Keeping   51983 out of  124001 clauses (41.92 %)  Time =     0.49 sec
starts        :             6854
conflicts     :          3885643
decisions     :          4476060
propagations  :       1718068990
Final SAT:        Nodes =   3425.  Time =   422.10 sec
Networks are equivalent.  Time =   442.77 sec
End Old Verify =   442.77 sec
