ABC command line: "&read replace_1531.aig; &cec -m -v".

label 1
label 3
Assuming the current network is a single-output miter.
label 6
Start EquivFixOutputPairs =     0.00 sec
End EquivFixOutputPairs =     0.00 sec
Start ManSatSweeping =     0.00 sec
Simulating 15 words for 15 rounds. SAT solving with 1000 conflicts.
nSimWords = 0
cst =    2005  cls =      0  lit =    2005  unused =     256  proof =     0
cst =       2  cls =      4  lit =       6  unused =    2251  proof =     0
cst =       1  cls =      2  lit =       3  unused =    2256  proof =     0
cst =       0  cls =      1  lit =       1  unused =    2259  proof =     0
cst =       0  cls =      1  lit =       1  unused =    2259  proof =     0
cst =       0  cls =      1  lit =       1  unused =    2259  proof =     0
cst =       0  cls =      1  lit =       1  unused =    2259  proof =     0
cst =       0  cls =      1  lit =       1  unused =    2259  proof =     0
cst =       0  cls =      1  lit =       1  unused =    2259  proof =     0
cst =       0  cls =      1  lit =       1  unused =    2259  proof =     0
  1 : P =      0. D =      0. F =     1. M =     661. And =    2005. Time =     0.02 sec
Increasing conflict limit to 10000.
The result is written into file "cec_giaSweep.aig".
Switching into reduced mode.
  2 : P =      0. D =      0. F =     1. M =     661. And =    2005. Time =     0.28 sec
Increasing conflict limit to 100000.
The result is written into file "cec_giaSweep.aig".
Switching into normal mode.
  3 : P =      0. D =      0. F =     1. M =       0. And =    2005. Time =     4.07 sec
Performed 3 SAT calls: P = 0  D = 0  F = 3
NBeg = 2005. NEnd = 2005. (Gain =   0.00 %).  RBeg = 0. REnd = 0. (Gain =   0.00 %).
Sim  =     0.00 sec (  0.00 %)
Sat  =     4.37 sec (  0.00 %)
Pat  =     0.00 sec (  0.00 %)
Time =     4.38 sec
End ManSatSweeping =     4.38 sec
Networks are UNDECIDED after the new CEC engine.  Time =     4.38 sec
Calling the old CEC engine.
Start Old Verify =     4.38 sec
Original miter:   Nodes =   2008.
label 27
Initial SAT:      Nodes =   2008.  Time =     0.02 sec
Rewriting:        Nodes =   2008.  Time =     0.02 sec
There are 0 XORs
Balance-X:        Nodes =   2275.  Time =     0.00 sec
Starting Fra_SmlSimulate......classes =     1.   Lits =      4.
Refined classes  after Pattern 0=     1.   Changes =    0.   Lits =      4.
Refined classes after pattern 1 =     1.   Changes =    0.   Lits =      4.
Refined classes  =     1.   Changes =    0.   Lits =      4.
start Fra_FraigSweep...
Fraiging (i=1):   Nodes =   2275.  Time =     0.00 sec
Rewriting:        Nodes =   2027.  Time =     0.01 sec
There are 0 XORs
Balance-X:        Nodes =   2273.  Time =     0.00 sec
Starting Fra_SmlSimulate......classes =     1.   Lits =      4.
Refined classes  after Pattern 0=     1.   Changes =    0.   Lits =      4.
Refined classes after pattern 1 =     1.   Changes =    0.   Lits =      4.
Refined classes  =     1.   Changes =    0.   Lits =      4.
start Fra_FraigSweep...
Fraiging (i=2):   Nodes =   2273.  Time =     0.00 sec
Rewriting:        Nodes =   2028.  Time =     0.01 sec
There are 0 XORs
Balance-X:        Nodes =   2273.  Time =     0.00 sec
Starting Fra_SmlSimulate......classes =     1.   Lits =      4.
Refined classes  after Pattern 0=     1.   Changes =    0.   Lits =      4.
Refined classes after pattern 1 =     1.   Changes =    0.   Lits =      4.
Refined classes  =     1.   Changes =    0.   Lits =      4.
start Fra_FraigSweep...
Fraiging (i=3):   Nodes =   2273.  Time =     0.01 sec
Rewriting:        Nodes =   2028.  Time =     0.01 sec
There are 0 XORs
Balance-X:        Nodes =   2273.  Time =     0.00 sec
Starting Fra_SmlSimulate......classes =     1.   Lits =      4.
Refined classes  after Pattern 0=     1.   Changes =    0.   Lits =      4.
Refined classes after pattern 1 =     1.   Changes =    0.   Lits =      4.
Refined classes  =     1.   Changes =    0.   Lits =      4.
start Fra_FraigSweep...
Fraiging (i=4):   Nodes =   2273.  Time =     0.08 sec
Rewriting:        Nodes =   2028.  Time =     0.01 sec
There are 0 XORs
Balance-X:        Nodes =   2273.  Time =     0.00 sec
Starting Fra_SmlSimulate......classes =     1.   Lits =      4.
Refined classes  after Pattern 0=     1.   Changes =    0.   Lits =      4.
Refined classes after pattern 1 =     1.   Changes =    0.   Lits =      4.
Refined classes  =     1.   Changes =    0.   Lits =      4.
start Fra_FraigSweep...
Fraiging (i=5):   Nodes =   2273.  Time =     0.95 sec
Rewriting:        Nodes =   2028.  Time =     0.01 sec
There are 0 XORs
Balance-X:        Nodes =   2273.  Time =     0.00 sec
Starting Fra_SmlSimulate......classes =     1.   Lits =      4.
Refined classes  after Pattern 0=     1.   Changes =    0.   Lits =      4.
Refined classes after pattern 1 =     1.   Changes =    0.   Lits =      4.
Refined classes  =     1.   Changes =    0.   Lits =      4.
start Fra_FraigSweep...
Fraiging (i=6):   Nodes =   2273.  Time =    11.40 sec
Rewriting:        Nodes =   2028.  Time =     0.01 sec
label 27
CNF stats: Vars =   1571. Clauses =    4680. Literals =    12645. Time =     0.00 sec
Running SAT solver with parameters 10000 and 1000 and 50.
reduceDB: Keeping    5024 out of   10000 clauses (50.24 %)  Time =     0.04 sec
reduceDB: Keeping    5513 out of   11000 clauses (50.12 %)  Time =     0.05 sec
reduceDB: Keeping    6016 out of   12001 clauses (50.13 %)  Time =     0.05 sec
reduceDB: Keeping    6524 out of   13000 clauses (50.18 %)  Time =     0.05 sec
reduceDB: Keeping    7020 out of   14000 clauses (50.14 %)  Time =     0.05 sec
reduceDB: Keeping    7652 out of   15003 clauses (51.00 %)  Time =     0.05 sec
reduceDB: Keeping    8056 out of   16000 clauses (50.35 %)  Time =     0.05 sec
reduceDB: Keeping    8521 out of   17001 clauses (50.12 %)  Time =     0.05 sec
reduceDB: Keeping    9017 out of   18001 clauses (50.09 %)  Time =     0.05 sec
reduceDB: Keeping    9544 out of   19000 clauses (50.23 %)  Time =     0.05 sec
reduceDB: Keeping   10277 out of   20000 clauses (51.38 %)  Time =     0.05 sec
reduceDB: Keeping   11023 out of   21002 clauses (52.49 %)  Time =     0.06 sec
reduceDB: Keeping   11306 out of   22000 clauses (51.39 %)  Time =     0.06 sec
reduceDB: Keeping   11636 out of   23000 clauses (50.59 %)  Time =     0.06 sec
reduceDB: Keeping   12285 out of   24001 clauses (51.19 %)  Time =     0.06 sec
reduceDB: Keeping   13065 out of   25001 clauses (52.26 %)  Time =     0.06 sec
reduceDB: Keeping   13525 out of   26002 clauses (52.02 %)  Time =     0.06 sec
reduceDB: Keeping   13786 out of   27002 clauses (51.06 %)  Time =     0.06 sec
reduceDB: Keeping   14649 out of   28000 clauses (52.32 %)  Time =     0.07 sec
reduceDB: Keeping   15306 out of   29002 clauses (52.78 %)  Time =     0.07 sec
reduceDB: Keeping   16418 out of   30001 clauses (54.72 %)  Time =     0.07 sec
reduceDB: Keeping   16940 out of   31001 clauses (54.64 %)  Time =     0.07 sec
reduceDB: Keeping   17475 out of   32000 clauses (54.61 %)  Time =     0.07 sec
reduceDB: Keeping   17853 out of   33000 clauses (54.10 %)  Time =     0.07 sec
reduceDB: Keeping   18238 out of   34001 clauses (53.64 %)  Time =     0.08 sec
reduceDB: Keeping   18692 out of   35000 clauses (53.41 %)  Time =     0.08 sec
reduceDB: Keeping   18936 out of   36000 clauses (52.60 %)  Time =     0.08 sec
reduceDB: Keeping   19611 out of   37000 clauses (53.00 %)  Time =     0.08 sec
reduceDB: Keeping   19739 out of   38000 clauses (51.94 %)  Time =     0.09 sec
reduceDB: Keeping   20444 out of   39001 clauses (52.42 %)  Time =     0.09 sec
reduceDB: Keeping   20886 out of   40000 clauses (52.22 %)  Time =     0.09 sec
reduceDB: Keeping   21162 out of   41000 clauses (51.61 %)  Time =     0.09 sec
reduceDB: Keeping   21676 out of   42000 clauses (51.61 %)  Time =     0.09 sec
reduceDB: Keeping   22471 out of   43002 clauses (52.26 %)  Time =     0.10 sec
reduceDB: Keeping   22944 out of   44003 clauses (52.14 %)  Time =     0.10 sec
reduceDB: Keeping   23802 out of   45000 clauses (52.89 %)  Time =     0.10 sec
reduceDB: Keeping   24181 out of   46001 clauses (52.57 %)  Time =     0.11 sec
reduceDB: Keeping   24769 out of   47005 clauses (52.69 %)  Time =     0.11 sec
reduceDB: Keeping   24972 out of   48000 clauses (52.02 %)  Time =     0.11 sec
reduceDB: Keeping   25238 out of   49000 clauses (51.51 %)  Time =     0.11 sec
reduceDB: Keeping   25800 out of   50000 clauses (51.60 %)  Time =     0.12 sec
reduceDB: Keeping   26545 out of   51003 clauses (52.05 %)  Time =     0.12 sec
reduceDB: Keeping   26759 out of   52000 clauses (51.46 %)  Time =     0.12 sec
reduceDB: Keeping   26857 out of   53001 clauses (50.67 %)  Time =     0.13 sec
reduceDB: Keeping   27531 out of   54000 clauses (50.98 %)  Time =     0.13 sec
reduceDB: Keeping   27863 out of   55001 clauses (50.66 %)  Time =     0.13 sec
reduceDB: Keeping   28587 out of   56000 clauses (51.05 %)  Time =     0.13 sec
reduceDB: Keeping   29018 out of   57000 clauses (50.91 %)  Time =     0.14 sec
reduceDB: Keeping   29400 out of   58000 clauses (50.69 %)  Time =     0.14 sec
reduceDB: Keeping   29723 out of   59004 clauses (50.37 %)  Time =     0.14 sec
reduceDB: Keeping   30314 out of   60001 clauses (50.52 %)  Time =     0.15 sec
reduceDB: Keeping   30735 out of   61000 clauses (50.39 %)  Time =     0.15 sec
reduceDB: Keeping   31545 out of   62000 clauses (50.88 %)  Time =     0.15 sec
reduceDB: Keeping   32088 out of   63001 clauses (50.93 %)  Time =     0.16 sec
reduceDB: Keeping   33254 out of   64000 clauses (51.96 %)  Time =     0.16 sec
reduceDB: Keeping   34200 out of   65000 clauses (52.62 %)  Time =     0.16 sec
reduceDB: Keeping   35158 out of   66001 clauses (53.27 %)  Time =     0.17 sec
reduceDB: Keeping   36268 out of   67000 clauses (54.13 %)  Time =     0.17 sec
reduceDB: Keeping   35953 out of   68001 clauses (52.87 %)  Time =     0.18 sec
reduceDB: Keeping   36329 out of   69000 clauses (52.65 %)  Time =     0.18 sec
reduceDB: Keeping   35909 out of   70001 clauses (51.30 %)  Time =     0.18 sec
reduceDB: Keeping   36380 out of   71000 clauses (51.24 %)  Time =     0.19 sec
reduceDB: Keeping   36958 out of   72000 clauses (51.33 %)  Time =     0.19 sec
reduceDB: Keeping   36779 out of   73000 clauses (50.38 %)  Time =     0.20 sec
reduceDB: Keeping   37470 out of   74001 clauses (50.63 %)  Time =     0.20 sec
reduceDB: Keeping   37658 out of   75000 clauses (50.21 %)  Time =     0.20 sec
reduceDB: Keeping   37978 out of   76001 clauses (49.97 %)  Time =     0.21 sec
reduceDB: Keeping   38836 out of   77000 clauses (50.44 %)  Time =     0.21 sec
reduceDB: Keeping   39211 out of   78000 clauses (50.27 %)  Time =     0.22 sec
reduceDB: Keeping   39599 out of   79002 clauses (50.12 %)  Time =     0.22 sec
reduceDB: Keeping   40069 out of   80002 clauses (50.08 %)  Time =     0.23 sec
reduceDB: Keeping   40669 out of   81000 clauses (50.21 %)  Time =     0.23 sec
reduceDB: Keeping   40987 out of   82000 clauses (49.98 %)  Time =     0.23 sec
reduceDB: Keeping   41606 out of   83000 clauses (50.13 %)  Time =     0.24 sec
reduceDB: Keeping   42126 out of   84002 clauses (50.15 %)  Time =     0.24 sec
reduceDB: Keeping   42605 out of   85002 clauses (50.12 %)  Time =     0.25 sec
reduceDB: Keeping   40874 out of   86000 clauses (47.53 %)  Time =     0.25 sec
reduceDB: Keeping   43483 out of   87005 clauses (49.98 %)  Time =     0.26 sec
reduceDB: Keeping   44110 out of   88000 clauses (50.12 %)  Time =     0.26 sec
reduceDB: Keeping   44517 out of   89000 clauses (50.02 %)  Time =     0.27 sec
reduceDB: Keeping   45119 out of   90000 clauses (50.13 %)  Time =     0.27 sec
reduceDB: Keeping   44376 out of   91000 clauses (48.76 %)  Time =     0.28 sec
reduceDB: Keeping   46080 out of   92000 clauses (50.09 %)  Time =     0.28 sec
reduceDB: Keeping   45936 out of   93002 clauses (49.39 %)  Time =     0.29 sec
reduceDB: Keeping   47068 out of   94001 clauses (50.07 %)  Time =     0.29 sec
reduceDB: Keeping   47607 out of   95000 clauses (50.11 %)  Time =     0.30 sec
reduceDB: Keeping   49229 out of   96003 clauses (51.28 %)  Time =     0.30 sec
reduceDB: Keeping   50034 out of   97000 clauses (51.58 %)  Time =     0.31 sec
reduceDB: Keeping   51853 out of   98000 clauses (52.91 %)  Time =     0.31 sec
reduceDB: Keeping   40243 out of   99000 clauses (40.65 %)  Time =     0.32 sec
reduceDB: Keeping   49423 out of  100000 clauses (49.42 %)  Time =     0.33 sec
reduceDB: Keeping   50022 out of  101001 clauses (49.53 %)  Time =     0.33 sec
reduceDB: Keeping   50956 out of  102001 clauses (49.96 %)  Time =     0.34 sec
reduceDB: Keeping   51427 out of  103001 clauses (49.93 %)  Time =     0.34 sec
reduceDB: Keeping   51978 out of  104001 clauses (49.98 %)  Time =     0.35 sec
reduceDB: Keeping   52675 out of  105001 clauses (50.17 %)  Time =     0.36 sec
reduceDB: Keeping   49615 out of  106002 clauses (46.81 %)  Time =     0.36 sec
reduceDB: Keeping   53443 out of  107006 clauses (49.94 %)  Time =     0.37 sec
reduceDB: Keeping   50052 out of  108000 clauses (46.34 %)  Time =     0.37 sec
reduceDB: Keeping   54494 out of  109000 clauses (49.99 %)  Time =     0.38 sec
reduceDB: Keeping   53048 out of  110000 clauses (48.23 %)  Time =     0.39 sec
reduceDB: Keeping   55662 out of  111001 clauses (50.15 %)  Time =     0.39 sec
reduceDB: Keeping   55232 out of  112000 clauses (49.31 %)  Time =     0.40 sec
reduceDB: Keeping   56648 out of  113000 clauses (50.13 %)  Time =     0.41 sec
reduceDB: Keeping   56119 out of  114000 clauses (49.23 %)  Time =     0.41 sec
reduceDB: Keeping   56116 out of  115001 clauses (48.80 %)  Time =     0.42 sec
reduceDB: Keeping   54430 out of  116003 clauses (46.92 %)  Time =     0.43 sec
reduceDB: Keeping   57518 out of  117000 clauses (49.16 %)  Time =     0.43 sec
reduceDB: Keeping   60382 out of  118000 clauses (51.17 %)  Time =     0.44 sec
reduceDB: Keeping   62558 out of  119000 clauses (52.57 %)  Time =     0.44 sec
reduceDB: Keeping   61911 out of  120002 clauses (51.59 %)  Time =     0.45 sec
reduceDB: Keeping   63991 out of  121001 clauses (52.88 %)  Time =     0.46 sec
reduceDB: Keeping   63873 out of  122000 clauses (52.35 %)  Time =     0.46 sec
reduceDB: Keeping   64519 out of  123000 clauses (52.45 %)  Time =     0.47 sec
reduceDB: Keeping   65557 out of  124000 clauses (52.87 %)  Time =     0.48 sec
reduceDB: Keeping   65873 out of  125001 clauses (52.70 %)  Time =     0.48 sec
reduceDB: Keeping   67091 out of  126001 clauses (53.25 %)  Time =     0.49 sec
reduceDB: Keeping   53125 out of  127000 clauses (41.83 %)  Time =     0.50 sec
starts        :             7165
conflicts     :          4100965
decisions     :          4660329
propagations  :       1279345696
Final SAT:        Nodes =   2028.  Time =   440.02 sec
Networks are equivalent.  Time =   456.90 sec
End Old Verify =   456.90 sec
