ABC command line: "&read replace_1551.aig; &cec -m -v".

label 1
label 3
Assuming the current network is a single-output miter.
label 6
Start EquivFixOutputPairs =     0.00 sec
End EquivFixOutputPairs =     0.00 sec
Start ManSatSweeping =     0.00 sec
Simulating 15 words for 15 rounds. SAT solving with 1000 conflicts.
nSimWords = 0
cst =    2351  cls =      0  lit =    2351  unused =     256  proof =     0
cst =       6  cls =     20  lit =      30  unused =    2557  proof =     0
cst =       3  cls =      6  lit =      11  unused =    2590  proof =     0
cst =       0  cls =      1  lit =       1  unused =    2605  proof =     0
cst =       0  cls =      1  lit =       1  unused =    2605  proof =     0
cst =       0  cls =      1  lit =       1  unused =    2605  proof =     0
cst =       0  cls =      1  lit =       1  unused =    2605  proof =     0
cst =       0  cls =      1  lit =       1  unused =    2605  proof =     0
cst =       0  cls =      1  lit =       1  unused =    2605  proof =     0
cst =       0  cls =      1  lit =       1  unused =    2605  proof =     0
  1 : P =      0. D =      0. F =     1. M =     797. And =    2351. Time =     0.02 sec
Increasing conflict limit to 10000.
The result is written into file "cec_giaSweep.aig".
Switching into reduced mode.
  2 : P =      0. D =      0. F =     1. M =     797. And =    2351. Time =     0.31 sec
Increasing conflict limit to 100000.
The result is written into file "cec_giaSweep.aig".
Switching into normal mode.
  3 : P =      0. D =      0. F =     1. M =       0. And =    2351. Time =     4.28 sec
Performed 3 SAT calls: P = 0  D = 0  F = 3
NBeg = 2351. NEnd = 2351. (Gain =   0.00 %).  RBeg = 0. REnd = 0. (Gain =   0.00 %).
Sim  =     0.00 sec (  0.00 %)
Sat  =     4.61 sec (  0.00 %)
Pat  =     0.00 sec (  0.00 %)
Time =     4.61 sec
End ManSatSweeping =     4.61 sec
Networks are UNDECIDED after the new CEC engine.  Time =     4.61 sec
Calling the old CEC engine.
Start Old Verify =     4.61 sec
Original miter:   Nodes =   2354.
label 27
Initial SAT:      Nodes =   2354.  Time =     0.02 sec
Rewriting:        Nodes =   2354.  Time =     0.02 sec
There are 0 XORs
Balance-X:        Nodes =   2629.  Time =     0.00 sec
Starting Fra_SmlSimulate......classes =     1.   Lits =      4.
Refined classes  after Pattern 0=     1.   Changes =    0.   Lits =      4.
Refined classes after pattern 1 =     1.   Changes =    0.   Lits =      4.
Refined classes  =     1.   Changes =    0.   Lits =      4.
start Fra_FraigSweep...
Fraiging (i=1):   Nodes =   2629.  Time =     0.00 sec
Rewriting:        Nodes =   2374.  Time =     0.01 sec
There are 0 XORs
Balance-X:        Nodes =   2626.  Time =     0.00 sec
Starting Fra_SmlSimulate......classes =     1.   Lits =      4.
Refined classes  after Pattern 0=     1.   Changes =    0.   Lits =      4.
Refined classes after pattern 1 =     1.   Changes =    0.   Lits =      4.
Refined classes  =     1.   Changes =    0.   Lits =      4.
start Fra_FraigSweep...
Fraiging (i=2):   Nodes =   2626.  Time =     0.00 sec
Rewriting:        Nodes =   2377.  Time =     0.01 sec
There are 0 XORs
Balance-X:        Nodes =   2625.  Time =     0.00 sec
Starting Fra_SmlSimulate......classes =     1.   Lits =      4.
Refined classes  after Pattern 0=     1.   Changes =    0.   Lits =      4.
Refined classes after pattern 1 =     1.   Changes =    0.   Lits =      4.
Refined classes  =     1.   Changes =    0.   Lits =      4.
start Fra_FraigSweep...
Fraiging (i=3):   Nodes =   2625.  Time =     0.01 sec
Rewriting:        Nodes =   2375.  Time =     0.01 sec
There are 0 XORs
Balance-X:        Nodes =   2625.  Time =     0.00 sec
Starting Fra_SmlSimulate......classes =     1.   Lits =      4.
Refined classes  after Pattern 0=     1.   Changes =    0.   Lits =      4.
Refined classes after pattern 1 =     1.   Changes =    0.   Lits =      4.
Refined classes  =     1.   Changes =    0.   Lits =      4.
start Fra_FraigSweep...
Fraiging (i=4):   Nodes =   2625.  Time =     0.09 sec
Rewriting:        Nodes =   2375.  Time =     0.01 sec
There are 0 XORs
Balance-X:        Nodes =   2625.  Time =     0.00 sec
Starting Fra_SmlSimulate......classes =     1.   Lits =      4.
Refined classes  after Pattern 0=     1.   Changes =    0.   Lits =      4.
Refined classes after pattern 1 =     1.   Changes =    0.   Lits =      4.
Refined classes  =     1.   Changes =    0.   Lits =      4.
start Fra_FraigSweep...
Fraiging (i=5):   Nodes =   2625.  Time =     1.04 sec
Rewriting:        Nodes =   2375.  Time =     0.01 sec
There are 0 XORs
Balance-X:        Nodes =   2625.  Time =     0.00 sec
Starting Fra_SmlSimulate......classes =     1.   Lits =      4.
Refined classes  after Pattern 0=     1.   Changes =    0.   Lits =      4.
Refined classes after pattern 1 =     1.   Changes =    0.   Lits =      4.
Refined classes  =     1.   Changes =    0.   Lits =      4.
start Fra_FraigSweep...
Fraiging (i=6):   Nodes =   2625.  Time =    12.46 sec
Rewriting:        Nodes =   2375.  Time =     0.01 sec
label 27
CNF stats: Vars =   1747. Clauses =    5395. Literals =    14591. Time =     0.00 sec
Running SAT solver with parameters 10000 and 1000 and 50.
reduceDB: Keeping    5026 out of   10001 clauses (50.25 %)  Time =     0.04 sec
reduceDB: Keeping    5519 out of   11001 clauses (50.17 %)  Time =     0.04 sec
reduceDB: Keeping    6004 out of   12000 clauses (50.03 %)  Time =     0.05 sec
reduceDB: Keeping    6531 out of   13001 clauses (50.23 %)  Time =     0.05 sec
reduceDB: Keeping    7017 out of   14000 clauses (50.12 %)  Time =     0.05 sec
reduceDB: Keeping    7698 out of   15000 clauses (51.32 %)  Time =     0.05 sec
reduceDB: Keeping    8331 out of   16001 clauses (52.07 %)  Time =     0.05 sec
reduceDB: Keeping    8787 out of   17000 clauses (51.69 %)  Time =     0.05 sec
reduceDB: Keeping    9518 out of   18001 clauses (52.87 %)  Time =     0.05 sec
reduceDB: Keeping   10265 out of   19001 clauses (54.02 %)  Time =     0.05 sec
reduceDB: Keeping   10807 out of   20000 clauses (54.03 %)  Time =     0.05 sec
reduceDB: Keeping   11471 out of   21000 clauses (54.62 %)  Time =     0.05 sec
reduceDB: Keeping   12021 out of   22000 clauses (54.64 %)  Time =     0.06 sec
reduceDB: Keeping   12571 out of   23002 clauses (54.65 %)  Time =     0.06 sec
reduceDB: Keeping   13098 out of   24001 clauses (54.57 %)  Time =     0.06 sec
reduceDB: Keeping   13705 out of   25000 clauses (54.82 %)  Time =     0.06 sec
reduceDB: Keeping   14084 out of   26000 clauses (54.17 %)  Time =     0.06 sec
reduceDB: Keeping   12414 out of   27000 clauses (45.98 %)  Time =     0.06 sec
reduceDB: Keeping   14100 out of   28001 clauses (50.36 %)  Time =     0.07 sec
reduceDB: Keeping   15162 out of   29001 clauses (52.28 %)  Time =     0.07 sec
reduceDB: Keeping   15814 out of   30000 clauses (52.71 %)  Time =     0.07 sec
reduceDB: Keeping   16328 out of   31004 clauses (52.66 %)  Time =     0.07 sec
reduceDB: Keeping   16897 out of   32000 clauses (52.80 %)  Time =     0.07 sec
reduceDB: Keeping   17431 out of   33000 clauses (52.82 %)  Time =     0.07 sec
reduceDB: Keeping   18023 out of   34000 clauses (53.01 %)  Time =     0.08 sec
reduceDB: Keeping   18626 out of   35001 clauses (53.22 %)  Time =     0.08 sec
reduceDB: Keeping   18939 out of   36001 clauses (52.61 %)  Time =     0.08 sec
reduceDB: Keeping   19520 out of   37000 clauses (52.76 %)  Time =     0.08 sec
reduceDB: Keeping   19923 out of   38000 clauses (52.43 %)  Time =     0.08 sec
reduceDB: Keeping   20493 out of   39000 clauses (52.55 %)  Time =     0.09 sec
reduceDB: Keeping   21113 out of   40000 clauses (52.78 %)  Time =     0.09 sec
reduceDB: Keeping   21230 out of   41000 clauses (51.78 %)  Time =     0.09 sec
reduceDB: Keeping   22090 out of   42002 clauses (52.59 %)  Time =     0.09 sec
reduceDB: Keeping   22665 out of   43000 clauses (52.71 %)  Time =     0.10 sec
reduceDB: Keeping   23493 out of   44000 clauses (53.39 %)  Time =     0.10 sec
reduceDB: Keeping   20584 out of   45001 clauses (45.74 %)  Time =     0.10 sec
reduceDB: Keeping   23135 out of   46002 clauses (50.29 %)  Time =     0.10 sec
reduceDB: Keeping   23767 out of   47000 clauses (50.57 %)  Time =     0.11 sec
reduceDB: Keeping   24190 out of   48000 clauses (50.40 %)  Time =     0.11 sec
reduceDB: Keeping   24844 out of   49001 clauses (50.70 %)  Time =     0.11 sec
reduceDB: Keeping   25153 out of   50000 clauses (50.31 %)  Time =     0.12 sec
reduceDB: Keeping   25614 out of   51000 clauses (50.22 %)  Time =     0.12 sec
reduceDB: Keeping   26214 out of   52001 clauses (50.41 %)  Time =     0.12 sec
reduceDB: Keeping   26572 out of   53000 clauses (50.14 %)  Time =     0.12 sec
reduceDB: Keeping   27075 out of   54000 clauses (50.14 %)  Time =     0.13 sec
reduceDB: Keeping   27822 out of   55000 clauses (50.59 %)  Time =     0.13 sec
reduceDB: Keeping   28289 out of   56000 clauses (50.52 %)  Time =     0.13 sec
reduceDB: Keeping   28479 out of   57000 clauses (49.96 %)  Time =     0.14 sec
reduceDB: Keeping   28918 out of   58000 clauses (49.86 %)  Time =     0.14 sec
reduceDB: Keeping   29624 out of   59000 clauses (50.21 %)  Time =     0.14 sec
reduceDB: Keeping   30089 out of   60001 clauses (50.15 %)  Time =     0.15 sec
reduceDB: Keeping   30546 out of   61000 clauses (50.08 %)  Time =     0.15 sec
reduceDB: Keeping   30959 out of   62001 clauses (49.93 %)  Time =     0.15 sec
reduceDB: Keeping   32584 out of   63001 clauses (51.72 %)  Time =     0.16 sec
reduceDB: Keeping   33321 out of   64001 clauses (52.06 %)  Time =     0.16 sec
reduceDB: Keeping   33790 out of   65001 clauses (51.98 %)  Time =     0.16 sec
reduceDB: Keeping   35433 out of   66003 clauses (53.68 %)  Time =     0.17 sec
reduceDB: Keeping   36166 out of   67002 clauses (53.98 %)  Time =     0.17 sec
reduceDB: Keeping   35821 out of   68001 clauses (52.68 %)  Time =     0.18 sec
reduceDB: Keeping   36085 out of   69000 clauses (52.30 %)  Time =     0.18 sec
reduceDB: Keeping   36406 out of   70000 clauses (52.01 %)  Time =     0.18 sec
reduceDB: Keeping   36492 out of   71002 clauses (51.40 %)  Time =     0.19 sec
reduceDB: Keeping   36417 out of   72000 clauses (50.58 %)  Time =     0.19 sec
reduceDB: Keeping   36727 out of   73000 clauses (50.31 %)  Time =     0.20 sec
reduceDB: Keeping   38420 out of   74000 clauses (51.92 %)  Time =     0.20 sec
reduceDB: Keeping   38781 out of   75001 clauses (51.71 %)  Time =     0.21 sec
reduceDB: Keeping   39225 out of   76001 clauses (51.61 %)  Time =     0.21 sec
reduceDB: Keeping   39866 out of   77001 clauses (51.77 %)  Time =     0.21 sec
reduceDB: Keeping   40360 out of   78000 clauses (51.74 %)  Time =     0.22 sec
reduceDB: Keeping   40066 out of   79001 clauses (50.72 %)  Time =     0.22 sec
reduceDB: Keeping   41916 out of   80000 clauses (52.40 %)  Time =     0.23 sec
reduceDB: Keeping   43722 out of   81001 clauses (53.98 %)  Time =     0.23 sec
reduceDB: Keeping   43420 out of   82002 clauses (52.95 %)  Time =     0.24 sec
reduceDB: Keeping   43530 out of   83002 clauses (52.44 %)  Time =     0.24 sec
reduceDB: Keeping   43902 out of   84001 clauses (52.26 %)  Time =     0.25 sec
reduceDB: Keeping   43405 out of   85001 clauses (51.06 %)  Time =     0.25 sec
reduceDB: Keeping   43746 out of   86002 clauses (50.87 %)  Time =     0.26 sec
reduceDB: Keeping   44908 out of   87001 clauses (51.62 %)  Time =     0.26 sec
reduceDB: Keeping   45406 out of   88000 clauses (51.60 %)  Time =     0.27 sec
reduceDB: Keeping   45011 out of   89002 clauses (50.57 %)  Time =     0.27 sec
reduceDB: Keeping   45786 out of   90000 clauses (50.87 %)  Time =     0.27 sec
reduceDB: Keeping   46212 out of   91001 clauses (50.78 %)  Time =     0.28 sec
reduceDB: Keeping   46478 out of   92001 clauses (50.52 %)  Time =     0.29 sec
reduceDB: Keeping   47504 out of   93000 clauses (51.08 %)  Time =     0.29 sec
reduceDB: Keeping   48262 out of   94001 clauses (51.34 %)  Time =     0.30 sec
reduceDB: Keeping   50324 out of   95000 clauses (52.97 %)  Time =     0.30 sec
reduceDB: Keeping   52052 out of   96000 clauses (54.22 %)  Time =     0.31 sec
reduceDB: Keeping   41105 out of   97001 clauses (42.38 %)  Time =     0.31 sec
reduceDB: Keeping   48884 out of   98001 clauses (49.88 %)  Time =     0.32 sec
reduceDB: Keeping   53100 out of   99000 clauses (53.64 %)  Time =     0.32 sec
reduceDB: Keeping   54768 out of  100001 clauses (54.77 %)  Time =     0.33 sec
reduceDB: Keeping   54888 out of  101000 clauses (54.34 %)  Time =     0.33 sec
reduceDB: Keeping   55065 out of  102000 clauses (53.99 %)  Time =     0.34 sec
reduceDB: Keeping   55752 out of  103001 clauses (54.13 %)  Time =     0.34 sec
reduceDB: Keeping   55850 out of  104001 clauses (53.70 %)  Time =     0.35 sec
reduceDB: Keeping   55808 out of  105002 clauses (53.15 %)  Time =     0.36 sec
reduceDB: Keeping   56640 out of  106000 clauses (53.43 %)  Time =     0.36 sec
reduceDB: Keeping   57115 out of  107003 clauses (53.38 %)  Time =     0.37 sec
reduceDB: Keeping   57231 out of  108000 clauses (52.99 %)  Time =     0.38 sec
reduceDB: Keeping   58439 out of  109002 clauses (53.61 %)  Time =     0.38 sec
reduceDB: Keeping   59873 out of  110000 clauses (54.43 %)  Time =     0.39 sec
reduceDB: Keeping   59510 out of  111001 clauses (53.61 %)  Time =     0.39 sec
reduceDB: Keeping   60344 out of  112001 clauses (53.88 %)  Time =     0.40 sec
reduceDB: Keeping   60713 out of  113000 clauses (53.73 %)  Time =     0.41 sec
reduceDB: Keeping   61436 out of  114001 clauses (53.89 %)  Time =     0.41 sec
reduceDB: Keeping   61368 out of  115003 clauses (53.36 %)  Time =     0.42 sec
reduceDB: Keeping   61567 out of  116002 clauses (53.07 %)  Time =     0.43 sec
reduceDB: Keeping   61698 out of  117000 clauses (52.73 %)  Time =     0.43 sec
reduceDB: Keeping   62115 out of  118003 clauses (52.64 %)  Time =     0.44 sec
reduceDB: Keeping   64902 out of  119001 clauses (54.54 %)  Time =     0.45 sec
reduceDB: Keeping   48918 out of  120000 clauses (40.77 %)  Time =     0.45 sec
reduceDB: Keeping   58380 out of  121001 clauses (48.25 %)  Time =     0.46 sec
reduceDB: Keeping   60854 out of  122001 clauses (49.88 %)  Time =     0.47 sec
reduceDB: Keeping   61317 out of  123001 clauses (49.85 %)  Time =     0.47 sec
reduceDB: Keeping   61977 out of  124001 clauses (49.98 %)  Time =     0.48 sec
reduceDB: Keeping   62609 out of  125002 clauses (50.09 %)  Time =     0.49 sec
reduceDB: Keeping   59759 out of  126003 clauses (47.43 %)  Time =     0.50 sec
reduceDB: Keeping   63689 out of  127002 clauses (50.15 %)  Time =     0.50 sec
reduceDB: Keeping   64170 out of  128002 clauses (50.13 %)  Time =     0.51 sec
reduceDB: Keeping   64663 out of  129001 clauses (50.13 %)  Time =     0.52 sec
reduceDB: Keeping   66186 out of  130002 clauses (50.91 %)  Time =     0.53 sec
reduceDB: Keeping   68523 out of  131000 clauses (52.31 %)  Time =     0.54 sec
reduceDB: Keeping   70450 out of  132000 clauses (53.37 %)  Time =     0.54 sec
starts        :             7681
conflicts     :          4333162
decisions     :          4998038
propagations  :       1460964972
Final SAT:        Nodes =   2375.  Time =   450.89 sec
Networks are equivalent.  Time =   469.20 sec
End Old Verify =   469.20 sec
