ABC command line: "&read replace_1422.aig; &cec -m -v".

label 1
label 3
Assuming the current network is a single-output miter.
label 6
Start EquivFixOutputPairs =     0.00 sec
End EquivFixOutputPairs =     0.00 sec
Start ManSatSweeping =     0.00 sec
Simulating 15 words for 15 rounds. SAT solving with 1000 conflicts.
nSimWords = 0
cst =    2030  cls =      0  lit =    2030  unused =     256  proof =     0
cst =       4  cls =      7  lit =      12  unused =    2267  proof =     0
cst =       2  cls =      3  lit =       6  unused =    2277  proof =     0
cst =       0  cls =      1  lit =       1  unused =    2284  proof =     0
cst =       0  cls =      1  lit =       1  unused =    2284  proof =     0
cst =       0  cls =      1  lit =       1  unused =    2284  proof =     0
cst =       0  cls =      1  lit =       1  unused =    2284  proof =     0
cst =       0  cls =      1  lit =       1  unused =    2284  proof =     0
cst =       0  cls =      1  lit =       1  unused =    2284  proof =     0
cst =       0  cls =      1  lit =       1  unused =    2284  proof =     0
  1 : P =      0. D =      0. F =     1. M =     661. And =    2030. Time =     0.02 sec
Increasing conflict limit to 10000.
The result is written into file "cec_giaSweep.aig".
Switching into reduced mode.
  2 : P =      0. D =      0. F =     1. M =     661. And =    2030. Time =     0.29 sec
Increasing conflict limit to 100000.
The result is written into file "cec_giaSweep.aig".
Switching into normal mode.
  3 : P =      0. D =      0. F =     1. M =       0. And =    2030. Time =     4.03 sec
Performed 3 SAT calls: P = 0  D = 0  F = 3
NBeg = 2030. NEnd = 2030. (Gain =   0.00 %).  RBeg = 0. REnd = 0. (Gain =   0.00 %).
Sim  =     0.00 sec (  0.00 %)
Sat  =     4.33 sec (  0.00 %)
Pat  =     0.00 sec (  0.00 %)
Time =     4.36 sec
End ManSatSweeping =     4.36 sec
Networks are UNDECIDED after the new CEC engine.  Time =     4.36 sec
Calling the old CEC engine.
Start Old Verify =     4.36 sec
Original miter:   Nodes =   2033.
label 27
Initial SAT:      Nodes =   2033.  Time =     0.01 sec
Rewriting:        Nodes =   2033.  Time =     0.02 sec
There are 0 XORs
Balance-X:        Nodes =   2300.  Time =     0.00 sec
Starting Fra_SmlSimulate......classes =     1.   Lits =      4.
Refined classes  after Pattern 0=     1.   Changes =    0.   Lits =      4.
Refined classes after pattern 1 =     1.   Changes =    0.   Lits =      4.
Refined classes  =     1.   Changes =    0.   Lits =      4.
start Fra_FraigSweep...
Fraiging (i=1):   Nodes =   2300.  Time =     0.00 sec
Rewriting:        Nodes =   2054.  Time =     0.01 sec
There are 0 XORs
Balance-X:        Nodes =   2298.  Time =     0.00 sec
Starting Fra_SmlSimulate......classes =     1.   Lits =      4.
Refined classes  after Pattern 0=     1.   Changes =    0.   Lits =      4.
Refined classes after pattern 1 =     1.   Changes =    0.   Lits =      4.
Refined classes  =     1.   Changes =    0.   Lits =      4.
start Fra_FraigSweep...
Fraiging (i=2):   Nodes =   2298.  Time =     0.00 sec
Rewriting:        Nodes =   2056.  Time =     0.01 sec
There are 0 XORs
Balance-X:        Nodes =   2298.  Time =     0.00 sec
Starting Fra_SmlSimulate......classes =     1.   Lits =      4.
Refined classes  after Pattern 0=     1.   Changes =    0.   Lits =      4.
Refined classes after pattern 1 =     1.   Changes =    0.   Lits =      4.
Refined classes  =     1.   Changes =    0.   Lits =      4.
start Fra_FraigSweep...
Fraiging (i=3):   Nodes =   2298.  Time =     0.01 sec
Rewriting:        Nodes =   2053.  Time =     0.01 sec
There are 0 XORs
Balance-X:        Nodes =   2298.  Time =     0.00 sec
Starting Fra_SmlSimulate......classes =     1.   Lits =      4.
Refined classes  after Pattern 0=     1.   Changes =    0.   Lits =      4.
Refined classes after pattern 1 =     1.   Changes =    0.   Lits =      4.
Refined classes  =     1.   Changes =    0.   Lits =      4.
start Fra_FraigSweep...
Fraiging (i=4):   Nodes =   2298.  Time =     0.08 sec
Rewriting:        Nodes =   2056.  Time =     0.01 sec
There are 0 XORs
Balance-X:        Nodes =   2298.  Time =     0.00 sec
Starting Fra_SmlSimulate......classes =     1.   Lits =      4.
Refined classes  after Pattern 0=     1.   Changes =    0.   Lits =      4.
Refined classes after pattern 1 =     1.   Changes =    0.   Lits =      4.
Refined classes  =     1.   Changes =    0.   Lits =      4.
start Fra_FraigSweep...
Fraiging (i=5):   Nodes =   2298.  Time =     0.88 sec
Rewriting:        Nodes =   2053.  Time =     0.01 sec
There are 0 XORs
Balance-X:        Nodes =   2298.  Time =     0.00 sec
Starting Fra_SmlSimulate......classes =     1.   Lits =      4.
Refined classes  after Pattern 0=     1.   Changes =    0.   Lits =      4.
Refined classes after pattern 1 =     1.   Changes =    0.   Lits =      4.
Refined classes  =     1.   Changes =    0.   Lits =      4.
start Fra_FraigSweep...
Fraiging (i=6):   Nodes =   2298.  Time =    11.16 sec
Rewriting:        Nodes =   2056.  Time =     0.01 sec
label 27
CNF stats: Vars =   1587. Clauses =    4747. Literals =    12831. Time =     0.00 sec
Running SAT solver with parameters 10000 and 1000 and 50.
reduceDB: Keeping    5028 out of   10000 clauses (50.28 %)  Time =     0.04 sec
reduceDB: Keeping    5509 out of   11002 clauses (50.07 %)  Time =     0.04 sec
reduceDB: Keeping    6015 out of   12001 clauses (50.12 %)  Time =     0.04 sec
reduceDB: Keeping    6527 out of   13000 clauses (50.21 %)  Time =     0.04 sec
reduceDB: Keeping    7015 out of   14000 clauses (50.11 %)  Time =     0.04 sec
reduceDB: Keeping    7579 out of   15003 clauses (50.52 %)  Time =     0.04 sec
reduceDB: Keeping    8203 out of   16001 clauses (51.27 %)  Time =     0.05 sec
reduceDB: Keeping    8689 out of   17000 clauses (51.11 %)  Time =     0.05 sec
reduceDB: Keeping    9474 out of   18000 clauses (52.63 %)  Time =     0.05 sec
reduceDB: Keeping   10020 out of   19000 clauses (52.74 %)  Time =     0.05 sec
reduceDB: Keeping   10708 out of   20000 clauses (53.54 %)  Time =     0.05 sec
reduceDB: Keeping   11334 out of   21000 clauses (53.97 %)  Time =     0.05 sec
reduceDB: Keeping   11574 out of   22001 clauses (52.61 %)  Time =     0.05 sec
reduceDB: Keeping   12421 out of   23000 clauses (54.00 %)  Time =     0.05 sec
reduceDB: Keeping   12943 out of   24000 clauses (53.93 %)  Time =     0.06 sec
reduceDB: Keeping   13659 out of   25000 clauses (54.64 %)  Time =     0.06 sec
reduceDB: Keeping   13966 out of   26001 clauses (53.71 %)  Time =     0.06 sec
reduceDB: Keeping   14640 out of   27001 clauses (54.22 %)  Time =     0.06 sec
reduceDB: Keeping   15341 out of   28001 clauses (54.79 %)  Time =     0.06 sec
reduceDB: Keeping   13237 out of   29001 clauses (45.64 %)  Time =     0.06 sec
reduceDB: Keeping   15036 out of   30001 clauses (50.12 %)  Time =     0.06 sec
reduceDB: Keeping   15800 out of   31000 clauses (50.97 %)  Time =     0.07 sec
reduceDB: Keeping   16732 out of   32001 clauses (52.29 %)  Time =     0.07 sec
reduceDB: Keeping   17110 out of   33001 clauses (51.85 %)  Time =     0.07 sec
reduceDB: Keeping   17711 out of   34001 clauses (52.09 %)  Time =     0.07 sec
reduceDB: Keeping   18616 out of   35000 clauses (53.19 %)  Time =     0.07 sec
reduceDB: Keeping   19314 out of   36001 clauses (53.65 %)  Time =     0.08 sec
reduceDB: Keeping   20115 out of   37000 clauses (54.36 %)  Time =     0.08 sec
reduceDB: Keeping   20611 out of   38002 clauses (54.24 %)  Time =     0.08 sec
reduceDB: Keeping   21063 out of   39003 clauses (54.00 %)  Time =     0.08 sec
reduceDB: Keeping   21271 out of   40002 clauses (53.17 %)  Time =     0.08 sec
reduceDB: Keeping   21604 out of   41002 clauses (52.69 %)  Time =     0.09 sec
reduceDB: Keeping   22598 out of   42000 clauses (53.80 %)  Time =     0.09 sec
reduceDB: Keeping   23513 out of   43000 clauses (54.68 %)  Time =     0.09 sec
reduceDB: Keeping   19765 out of   44002 clauses (44.92 %)  Time =     0.09 sec
reduceDB: Keeping   22559 out of   45001 clauses (50.13 %)  Time =     0.09 sec
reduceDB: Keeping   23255 out of   46000 clauses (50.55 %)  Time =     0.10 sec
reduceDB: Keeping   23896 out of   47002 clauses (50.84 %)  Time =     0.10 sec
reduceDB: Keeping   24660 out of   48003 clauses (51.37 %)  Time =     0.10 sec
reduceDB: Keeping   24935 out of   49001 clauses (50.89 %)  Time =     0.11 sec
reduceDB: Keeping   26288 out of   50001 clauses (52.57 %)  Time =     0.11 sec
reduceDB: Keeping   26747 out of   51001 clauses (52.44 %)  Time =     0.11 sec
reduceDB: Keeping   27178 out of   52003 clauses (52.26 %)  Time =     0.11 sec
reduceDB: Keeping   28224 out of   53002 clauses (53.25 %)  Time =     0.12 sec
reduceDB: Keeping   29350 out of   54001 clauses (54.35 %)  Time =     0.12 sec
reduceDB: Keeping   25571 out of   55001 clauses (46.49 %)  Time =     0.12 sec
reduceDB: Keeping   28072 out of   56000 clauses (50.13 %)  Time =     0.13 sec
reduceDB: Keeping   28600 out of   57001 clauses (50.17 %)  Time =     0.13 sec
reduceDB: Keeping   29228 out of   58001 clauses (50.39 %)  Time =     0.13 sec
reduceDB: Keeping   29926 out of   59002 clauses (50.72 %)  Time =     0.13 sec
reduceDB: Keeping   30620 out of   60000 clauses (51.03 %)  Time =     0.14 sec
reduceDB: Keeping   31083 out of   61000 clauses (50.96 %)  Time =     0.14 sec
reduceDB: Keeping   32150 out of   62001 clauses (51.85 %)  Time =     0.14 sec
reduceDB: Keeping   32860 out of   63001 clauses (52.16 %)  Time =     0.15 sec
reduceDB: Keeping   34246 out of   64000 clauses (53.51 %)  Time =     0.15 sec
reduceDB: Keeping   35348 out of   65001 clauses (54.38 %)  Time =     0.15 sec
reduceDB: Keeping   29624 out of   66001 clauses (44.88 %)  Time =     0.16 sec
reduceDB: Keeping   33557 out of   67002 clauses (50.08 %)  Time =     0.16 sec
reduceDB: Keeping   34742 out of   68002 clauses (51.09 %)  Time =     0.16 sec
reduceDB: Keeping   35191 out of   69000 clauses (51.00 %)  Time =     0.17 sec
reduceDB: Keeping   35835 out of   70001 clauses (51.19 %)  Time =     0.17 sec
reduceDB: Keeping   36856 out of   71001 clauses (51.91 %)  Time =     0.17 sec
reduceDB: Keeping   36865 out of   72001 clauses (51.20 %)  Time =     0.18 sec
reduceDB: Keeping   38384 out of   73002 clauses (52.58 %)  Time =     0.18 sec
reduceDB: Keeping   39203 out of   74000 clauses (52.98 %)  Time =     0.19 sec
reduceDB: Keeping   38797 out of   75002 clauses (51.73 %)  Time =     0.19 sec
reduceDB: Keeping   39514 out of   76000 clauses (51.99 %)  Time =     0.19 sec
reduceDB: Keeping   39905 out of   77000 clauses (51.82 %)  Time =     0.20 sec
reduceDB: Keeping   40485 out of   78000 clauses (51.90 %)  Time =     0.20 sec
reduceDB: Keeping   40360 out of   79001 clauses (51.09 %)  Time =     0.21 sec
reduceDB: Keeping   41921 out of   80000 clauses (52.40 %)  Time =     0.21 sec
reduceDB: Keeping   43092 out of   81000 clauses (53.20 %)  Time =     0.21 sec
reduceDB: Keeping   43286 out of   82001 clauses (52.79 %)  Time =     0.22 sec
reduceDB: Keeping   43300 out of   83000 clauses (52.17 %)  Time =     0.22 sec
reduceDB: Keeping   44018 out of   84001 clauses (52.40 %)  Time =     0.23 sec
reduceDB: Keeping   43729 out of   85001 clauses (51.45 %)  Time =     0.23 sec
reduceDB: Keeping   44055 out of   86000 clauses (51.23 %)  Time =     0.24 sec
reduceDB: Keeping   45715 out of   87000 clauses (52.55 %)  Time =     0.24 sec
reduceDB: Keeping   46136 out of   88001 clauses (52.43 %)  Time =     0.24 sec
reduceDB: Keeping   45586 out of   89000 clauses (51.22 %)  Time =     0.25 sec
reduceDB: Keeping   46389 out of   90000 clauses (51.54 %)  Time =     0.25 sec
reduceDB: Keeping   46459 out of   91002 clauses (51.05 %)  Time =     0.26 sec
reduceDB: Keeping   47074 out of   92000 clauses (51.17 %)  Time =     0.26 sec
reduceDB: Keeping   48215 out of   93000 clauses (51.84 %)  Time =     0.27 sec
reduceDB: Keeping   48649 out of   94000 clauses (51.75 %)  Time =     0.27 sec
reduceDB: Keeping   50053 out of   95000 clauses (52.69 %)  Time =     0.28 sec
reduceDB: Keeping   51541 out of   96000 clauses (53.69 %)  Time =     0.28 sec
reduceDB: Keeping   52986 out of   97000 clauses (54.62 %)  Time =     0.29 sec
reduceDB: Keeping   42936 out of   98000 clauses (43.81 %)  Time =     0.29 sec
reduceDB: Keeping   49949 out of   99000 clauses (50.45 %)  Time =     0.30 sec
reduceDB: Keeping   53383 out of  100000 clauses (53.38 %)  Time =     0.30 sec
reduceDB: Keeping   53830 out of  101000 clauses (53.30 %)  Time =     0.31 sec
reduceDB: Keeping   54034 out of  102000 clauses (52.97 %)  Time =     0.31 sec
reduceDB: Keeping   54512 out of  103002 clauses (52.92 %)  Time =     0.32 sec
reduceDB: Keeping   55388 out of  104001 clauses (53.26 %)  Time =     0.32 sec
reduceDB: Keeping   55509 out of  105001 clauses (52.87 %)  Time =     0.33 sec
reduceDB: Keeping   55707 out of  106000 clauses (52.55 %)  Time =     0.33 sec
reduceDB: Keeping   56475 out of  107002 clauses (52.78 %)  Time =     0.34 sec
reduceDB: Keeping   57157 out of  108000 clauses (52.92 %)  Time =     0.34 sec
reduceDB: Keeping   57895 out of  109001 clauses (53.11 %)  Time =     0.35 sec
reduceDB: Keeping   59380 out of  110003 clauses (53.98 %)  Time =     0.35 sec
reduceDB: Keeping   60186 out of  111000 clauses (54.22 %)  Time =     0.36 sec
reduceDB: Keeping   59709 out of  112000 clauses (53.31 %)  Time =     0.37 sec
reduceDB: Keeping   60288 out of  113001 clauses (53.35 %)  Time =     0.37 sec
reduceDB: Keeping   60929 out of  114000 clauses (53.45 %)  Time =     0.38 sec
reduceDB: Keeping   60864 out of  115003 clauses (52.92 %)  Time =     0.38 sec
reduceDB: Keeping   61312 out of  116000 clauses (52.86 %)  Time =     0.39 sec
reduceDB: Keeping   61848 out of  117000 clauses (52.86 %)  Time =     0.39 sec
reduceDB: Keeping   61745 out of  118004 clauses (52.32 %)  Time =     0.40 sec
reduceDB: Keeping   62648 out of  119003 clauses (52.64 %)  Time =     0.41 sec
reduceDB: Keeping   64944 out of  120001 clauses (54.12 %)  Time =     0.41 sec
reduceDB: Keeping   51119 out of  121000 clauses (42.25 %)  Time =     0.42 sec
reduceDB: Keeping   57934 out of  122002 clauses (47.49 %)  Time =     0.42 sec
reduceDB: Keeping   61500 out of  123000 clauses (50.00 %)  Time =     0.43 sec
reduceDB: Keeping   61969 out of  124000 clauses (49.98 %)  Time =     0.44 sec
reduceDB: Keeping   62620 out of  125000 clauses (50.10 %)  Time =     0.44 sec
reduceDB: Keeping   63383 out of  126002 clauses (50.30 %)  Time =     0.45 sec
reduceDB: Keeping   65604 out of  127001 clauses (51.66 %)  Time =     0.45 sec
starts        :             7163
conflicts     :          4024591
decisions     :          4602462
propagations  :       1272985862
Final SAT:        Nodes =   2056.  Time =   385.22 sec
Networks are equivalent.  Time =   401.78 sec
End Old Verify =   401.79 sec
