ABC command line: "&read replace_1651.aig; &cec -m -v".

label 1
label 3
Assuming the current network is a single-output miter.
label 6
Start EquivFixOutputPairs =     0.00 sec
End EquivFixOutputPairs =     0.00 sec
Start ManSatSweeping =     0.00 sec
Simulating 15 words for 15 rounds. SAT solving with 1000 conflicts.
nSimWords = 0
cst =    2468  cls =      0  lit =    2468  unused =     256  proof =     0
cst =      19  cls =     41  lit =      68  unused =    2615  proof =     0
cst =       4  cls =      8  lit =      13  unused =    2703  proof =     0
cst =       0  cls =      2  lit =       2  unused =    2720  proof =     0
cst =       0  cls =      1  lit =       1  unused =    2722  proof =     0
cst =       0  cls =      1  lit =       1  unused =    2722  proof =     0
cst =       0  cls =      1  lit =       1  unused =    2722  proof =     0
cst =       0  cls =      1  lit =       1  unused =    2722  proof =     0
cst =       0  cls =      1  lit =       1  unused =    2722  proof =     0
cst =       0  cls =      1  lit =       1  unused =    2722  proof =     0
  1 : P =      0. D =      0. F =     1. M =     861. And =    2468. Time =     0.03 sec
Increasing conflict limit to 10000.
The result is written into file "cec_giaSweep.aig".
Switching into reduced mode.
  2 : P =      0. D =      0. F =     1. M =     861. And =    2468. Time =     0.30 sec
Increasing conflict limit to 100000.
The result is written into file "cec_giaSweep.aig".
Switching into normal mode.
  3 : P =      0. D =      0. F =     1. M =       0. And =    2468. Time =     4.02 sec
Performed 3 SAT calls: P = 0  D = 0  F = 3
NBeg = 2468. NEnd = 2468. (Gain =   0.00 %).  RBeg = 0. REnd = 0. (Gain =   0.00 %).
Sim  =     0.01 sec (  0.00 %)
Sat  =     4.35 sec (  0.00 %)
Pat  =     0.00 sec (  0.00 %)
Time =     4.36 sec
End ManSatSweeping =     4.36 sec
Networks are UNDECIDED after the new CEC engine.  Time =     4.36 sec
Calling the old CEC engine.
Start Old Verify =     4.36 sec
Original miter:   Nodes =   2471.
label 27
Initial SAT:      Nodes =   2471.  Time =     0.02 sec
Rewriting:        Nodes =   2469.  Time =     0.02 sec
There are 0 XORs
Balance-X:        Nodes =   2740.  Time =     0.00 sec
Starting Fra_SmlSimulate......classes =     2.   Lits =      5.
Refined classes  after Pattern 0=     2.   Changes =    0.   Lits =      5.
Refined classes after pattern 1 =     2.   Changes =    0.   Lits =      5.
Refined classes  =     2.   Changes =    0.   Lits =      5.
start Fra_FraigSweep...
Fraiging (i=1):   Nodes =   2740.  Time =     0.00 sec
Rewriting:        Nodes =   2490.  Time =     0.01 sec
There are 0 XORs
Balance-X:        Nodes =   2737.  Time =     0.00 sec
Starting Fra_SmlSimulate......classes =     1.   Lits =      4.
Refined classes  after Pattern 0=     1.   Changes =    0.   Lits =      4.
Refined classes after pattern 1 =     1.   Changes =    0.   Lits =      4.
Refined classes  =     1.   Changes =    0.   Lits =      4.
start Fra_FraigSweep...
Fraiging (i=2):   Nodes =   2737.  Time =     0.00 sec
Rewriting:        Nodes =   2492.  Time =     0.01 sec
There are 0 XORs
Balance-X:        Nodes =   2737.  Time =     0.00 sec
Starting Fra_SmlSimulate......classes =     2.   Lits =      5.
Refined classes  after Pattern 0=     2.   Changes =    0.   Lits =      5.
Refined classes after pattern 1 =     2.   Changes =    0.   Lits =      5.
Refined classes  =     2.   Changes =    0.   Lits =      5.
start Fra_FraigSweep...
Fraiging (i=3):   Nodes =   2732.  Time =     0.01 sec
Rewriting:        Nodes =   2487.  Time =     0.01 sec
There are 0 XORs
Balance-X:        Nodes =   2732.  Time =     0.00 sec
Starting Fra_SmlSimulate......classes =     1.   Lits =      4.
Refined classes  after Pattern 0=     1.   Changes =    0.   Lits =      4.
Refined classes after pattern 1 =     1.   Changes =    0.   Lits =      4.
Refined classes  =     1.   Changes =    0.   Lits =      4.
start Fra_FraigSweep...
Fraiging (i=4):   Nodes =   2732.  Time =     0.04 sec
Rewriting:        Nodes =   2487.  Time =     0.01 sec
There are 0 XORs
Balance-X:        Nodes =   2732.  Time =     0.00 sec
Starting Fra_SmlSimulate......classes =     1.   Lits =      4.
Refined classes  after Pattern 0=     1.   Changes =    0.   Lits =      4.
Refined classes after pattern 1 =     1.   Changes =    0.   Lits =      4.
Refined classes  =     1.   Changes =    0.   Lits =      4.
start Fra_FraigSweep...
Fraiging (i=5):   Nodes =   2732.  Time =     0.49 sec
Rewriting:        Nodes =   2487.  Time =     0.01 sec
There are 0 XORs
Balance-X:        Nodes =   2732.  Time =     0.00 sec
Starting Fra_SmlSimulate......classes =     1.   Lits =      4.
Refined classes  after Pattern 0=     1.   Changes =    0.   Lits =      4.
Refined classes after pattern 1 =     1.   Changes =    0.   Lits =      4.
Refined classes  =     1.   Changes =    0.   Lits =      4.
start Fra_FraigSweep...
Fraiging (i=6):   Nodes =   2732.  Time =     5.17 sec
Rewriting:        Nodes =   2487.  Time =     0.01 sec
label 27
CNF stats: Vars =   1802. Clauses =    5608. Literals =    15138. Time =     0.00 sec
Running SAT solver with parameters 10000 and 1000 and 50.
reduceDB: Keeping    5021 out of   10000 clauses (50.21 %)  Time =     0.03 sec
reduceDB: Keeping    5513 out of   11001 clauses (50.11 %)  Time =     0.03 sec
reduceDB: Keeping    6019 out of   12001 clauses (50.15 %)  Time =     0.03 sec
reduceDB: Keeping    6538 out of   13001 clauses (50.29 %)  Time =     0.03 sec
reduceDB: Keeping    7012 out of   14002 clauses (50.08 %)  Time =     0.03 sec
reduceDB: Keeping    7509 out of   15000 clauses (50.06 %)  Time =     0.03 sec
reduceDB: Keeping    8028 out of   16000 clauses (50.17 %)  Time =     0.03 sec
reduceDB: Keeping    8529 out of   17003 clauses (50.16 %)  Time =     0.03 sec
reduceDB: Keeping    9031 out of   18002 clauses (50.17 %)  Time =     0.03 sec
reduceDB: Keeping    9534 out of   19001 clauses (50.18 %)  Time =     0.03 sec
reduceDB: Keeping   10361 out of   20000 clauses (51.80 %)  Time =     0.03 sec
reduceDB: Keeping   11169 out of   21002 clauses (53.18 %)  Time =     0.04 sec
reduceDB: Keeping   11614 out of   22000 clauses (52.79 %)  Time =     0.04 sec
reduceDB: Keeping   12001 out of   23000 clauses (52.18 %)  Time =     0.04 sec
reduceDB: Keeping   12580 out of   24001 clauses (52.41 %)  Time =     0.04 sec
reduceDB: Keeping   13247 out of   25000 clauses (52.99 %)  Time =     0.04 sec
reduceDB: Keeping   13641 out of   26003 clauses (52.46 %)  Time =     0.04 sec
reduceDB: Keeping   14341 out of   27001 clauses (53.11 %)  Time =     0.04 sec
reduceDB: Keeping   14886 out of   28000 clauses (53.16 %)  Time =     0.05 sec
reduceDB: Keeping   15561 out of   29000 clauses (53.66 %)  Time =     0.05 sec
reduceDB: Keeping   16285 out of   30000 clauses (54.28 %)  Time =     0.05 sec
reduceDB: Keeping   16968 out of   31000 clauses (54.74 %)  Time =     0.05 sec
reduceDB: Keeping   17382 out of   32000 clauses (54.32 %)  Time =     0.05 sec
reduceDB: Keeping   17840 out of   33001 clauses (54.06 %)  Time =     0.05 sec
reduceDB: Keeping   18341 out of   34000 clauses (53.94 %)  Time =     0.06 sec
reduceDB: Keeping   18754 out of   35000 clauses (53.58 %)  Time =     0.06 sec
reduceDB: Keeping   19129 out of   36000 clauses (53.14 %)  Time =     0.06 sec
reduceDB: Keeping   19779 out of   37002 clauses (53.45 %)  Time =     0.06 sec
reduceDB: Keeping   19950 out of   38002 clauses (52.50 %)  Time =     0.06 sec
reduceDB: Keeping   20417 out of   39001 clauses (52.35 %)  Time =     0.07 sec
reduceDB: Keeping   20966 out of   40000 clauses (52.41 %)  Time =     0.07 sec
reduceDB: Keeping   21448 out of   41003 clauses (52.31 %)  Time =     0.07 sec
reduceDB: Keeping   21939 out of   42003 clauses (52.23 %)  Time =     0.07 sec
reduceDB: Keeping   22398 out of   43000 clauses (52.09 %)  Time =     0.07 sec
reduceDB: Keeping   23557 out of   44000 clauses (53.54 %)  Time =     0.08 sec
reduceDB: Keeping   24249 out of   45001 clauses (53.89 %)  Time =     0.08 sec
reduceDB: Keeping   24579 out of   46000 clauses (53.43 %)  Time =     0.08 sec
reduceDB: Keeping   24524 out of   47000 clauses (52.18 %)  Time =     0.08 sec
reduceDB: Keeping   24826 out of   48001 clauses (51.72 %)  Time =     0.09 sec
reduceDB: Keeping   25462 out of   49000 clauses (51.96 %)  Time =     0.09 sec
reduceDB: Keeping   26032 out of   50005 clauses (52.06 %)  Time =     0.09 sec
reduceDB: Keeping   26157 out of   51002 clauses (51.29 %)  Time =     0.10 sec
reduceDB: Keeping   26466 out of   52001 clauses (50.90 %)  Time =     0.10 sec
reduceDB: Keeping   27067 out of   53002 clauses (51.07 %)  Time =     0.10 sec
reduceDB: Keeping   27534 out of   54000 clauses (50.99 %)  Time =     0.10 sec
reduceDB: Keeping   28297 out of   55000 clauses (51.45 %)  Time =     0.11 sec
reduceDB: Keeping   28691 out of   56000 clauses (51.23 %)  Time =     0.11 sec
reduceDB: Keeping   28990 out of   57000 clauses (50.86 %)  Time =     0.11 sec
reduceDB: Keeping   29138 out of   58000 clauses (50.24 %)  Time =     0.12 sec
reduceDB: Keeping   29945 out of   59002 clauses (50.75 %)  Time =     0.12 sec
reduceDB: Keeping   30072 out of   60001 clauses (50.12 %)  Time =     0.12 sec
reduceDB: Keeping   30595 out of   61000 clauses (50.16 %)  Time =     0.13 sec
reduceDB: Keeping   31061 out of   62000 clauses (50.10 %)  Time =     0.13 sec
reduceDB: Keeping   31580 out of   63001 clauses (50.13 %)  Time =     0.13 sec
reduceDB: Keeping   32080 out of   64002 clauses (50.12 %)  Time =     0.13 sec
reduceDB: Keeping   32510 out of   65004 clauses (50.01 %)  Time =     0.14 sec
reduceDB: Keeping   33076 out of   66001 clauses (50.11 %)  Time =     0.14 sec
reduceDB: Keeping   33580 out of   67000 clauses (50.12 %)  Time =     0.14 sec
reduceDB: Keeping   33764 out of   68000 clauses (49.65 %)  Time =     0.15 sec
reduceDB: Keeping   34588 out of   69000 clauses (50.13 %)  Time =     0.15 sec
reduceDB: Keeping   35095 out of   70000 clauses (50.14 %)  Time =     0.16 sec
reduceDB: Keeping   35627 out of   71000 clauses (50.18 %)  Time =     0.16 sec
reduceDB: Keeping   36119 out of   72001 clauses (50.16 %)  Time =     0.16 sec
reduceDB: Keeping   36570 out of   73001 clauses (50.10 %)  Time =     0.17 sec
reduceDB: Keeping   37536 out of   74002 clauses (50.72 %)  Time =     0.17 sec
reduceDB: Keeping   37868 out of   75001 clauses (50.49 %)  Time =     0.17 sec
reduceDB: Keeping   38082 out of   76001 clauses (50.11 %)  Time =     0.18 sec
reduceDB: Keeping   38448 out of   77002 clauses (49.93 %)  Time =     0.18 sec
reduceDB: Keeping   39136 out of   78002 clauses (50.17 %)  Time =     0.19 sec
reduceDB: Keeping   39600 out of   79002 clauses (50.13 %)  Time =     0.19 sec
reduceDB: Keeping   40462 out of   80000 clauses (50.58 %)  Time =     0.19 sec
reduceDB: Keeping   41353 out of   81000 clauses (51.05 %)  Time =     0.20 sec
reduceDB: Keeping   41085 out of   82000 clauses (50.10 %)  Time =     0.20 sec
reduceDB: Keeping   41582 out of   83000 clauses (50.10 %)  Time =     0.21 sec
reduceDB: Keeping   42125 out of   84000 clauses (50.15 %)  Time =     0.21 sec
reduceDB: Keeping   42024 out of   85000 clauses (49.44 %)  Time =     0.22 sec
reduceDB: Keeping   42996 out of   86002 clauses (49.99 %)  Time =     0.22 sec
reduceDB: Keeping   43654 out of   87001 clauses (50.18 %)  Time =     0.22 sec
reduceDB: Keeping   44137 out of   88000 clauses (50.16 %)  Time =     0.23 sec
reduceDB: Keeping   44335 out of   89000 clauses (49.81 %)  Time =     0.23 sec
reduceDB: Keeping   45132 out of   90001 clauses (50.15 %)  Time =     0.24 sec
reduceDB: Keeping   44155 out of   91001 clauses (48.52 %)  Time =     0.24 sec
reduceDB: Keeping   46101 out of   92000 clauses (50.11 %)  Time =     0.25 sec
reduceDB: Keeping   46726 out of   93000 clauses (50.24 %)  Time =     0.25 sec
reduceDB: Keeping   48575 out of   94001 clauses (51.67 %)  Time =     0.26 sec
reduceDB: Keeping   50486 out of   95001 clauses (53.14 %)  Time =     0.26 sec
reduceDB: Keeping   51857 out of   96000 clauses (54.02 %)  Time =     0.26 sec
reduceDB: Keeping   41191 out of   97002 clauses (42.46 %)  Time =     0.27 sec
reduceDB: Keeping   48771 out of   98001 clauses (49.77 %)  Time =     0.27 sec
reduceDB: Keeping   49224 out of   99001 clauses (49.72 %)  Time =     0.28 sec
reduceDB: Keeping   49487 out of  100001 clauses (49.49 %)  Time =     0.28 sec
reduceDB: Keeping   49125 out of  101001 clauses (48.64 %)  Time =     0.29 sec
reduceDB: Keeping   50873 out of  102001 clauses (49.88 %)  Time =     0.29 sec
reduceDB: Keeping   51155 out of  103000 clauses (49.67 %)  Time =     0.30 sec
reduceDB: Keeping   51914 out of  104000 clauses (49.92 %)  Time =     0.30 sec
reduceDB: Keeping   52484 out of  105002 clauses (49.98 %)  Time =     0.31 sec
reduceDB: Keeping   53152 out of  106000 clauses (50.14 %)  Time =     0.32 sec
reduceDB: Keeping   50971 out of  107006 clauses (47.63 %)  Time =     0.32 sec
reduceDB: Keeping   53946 out of  108002 clauses (49.95 %)  Time =     0.33 sec
reduceDB: Keeping   54664 out of  109001 clauses (50.15 %)  Time =     0.33 sec
reduceDB: Keeping   55025 out of  110001 clauses (50.02 %)  Time =     0.34 sec
reduceDB: Keeping   55673 out of  111000 clauses (50.16 %)  Time =     0.34 sec
reduceDB: Keeping   55674 out of  112000 clauses (49.71 %)  Time =     0.35 sec
reduceDB: Keeping   56667 out of  113002 clauses (50.15 %)  Time =     0.35 sec
reduceDB: Keeping   56965 out of  114000 clauses (49.97 %)  Time =     0.36 sec
reduceDB: Keeping   56318 out of  115001 clauses (48.97 %)  Time =     0.37 sec
reduceDB: Keeping   58140 out of  116000 clauses (50.12 %)  Time =     0.37 sec
reduceDB: Keeping   58906 out of  117001 clauses (50.35 %)  Time =     0.38 sec
reduceDB: Keeping   60351 out of  118000 clauses (51.14 %)  Time =     0.38 sec
reduceDB: Keeping   61157 out of  119000 clauses (51.39 %)  Time =     0.39 sec
reduceDB: Keeping   61094 out of  120000 clauses (50.91 %)  Time =     0.39 sec
reduceDB: Keeping   62397 out of  121000 clauses (51.57 %)  Time =     0.40 sec
reduceDB: Keeping   62696 out of  122000 clauses (51.39 %)  Time =     0.41 sec
reduceDB: Keeping   64076 out of  123000 clauses (52.09 %)  Time =     0.41 sec
reduceDB: Keeping   64025 out of  124000 clauses (51.63 %)  Time =     0.42 sec
reduceDB: Keeping   65501 out of  125002 clauses (52.40 %)  Time =     0.43 sec
reduceDB: Keeping   66490 out of  126000 clauses (52.77 %)  Time =     0.43 sec
reduceDB: Keeping   67549 out of  127002 clauses (53.19 %)  Time =     0.44 sec
reduceDB: Keeping   69064 out of  128001 clauses (53.96 %)  Time =     0.44 sec
reduceDB: Keeping   69220 out of  129000 clauses (53.66 %)  Time =     0.45 sec
reduceDB: Keeping   71117 out of  130000 clauses (54.71 %)  Time =     0.46 sec
reduceDB: Keeping   53782 out of  131000 clauses (41.05 %)  Time =     0.46 sec
starts        :             7676
conflicts     :          4315174
decisions     :          4973137
propagations  :       1501236877
Final SAT:        Nodes =   2487.  Time =   415.92 sec
Networks are equivalent.  Time =   426.08 sec
End Old Verify =   426.08 sec
