ABC command line: "&read replace_2036.aig; &cec -m -v".

label 1
label 3
Assuming the current network is a single-output miter.
label 6
Start EquivFixOutputPairs =     0.00 sec
End EquivFixOutputPairs =     0.00 sec
Start ManSatSweeping =     0.00 sec
Simulating 15 words for 15 rounds. SAT solving with 1000 conflicts.
nSimWords = 0
cst =    2909  cls =      0  lit =    2909  unused =     256  proof =     0
cst =      18  cls =     43  lit =      68  unused =    3054  proof =     0
cst =       3  cls =     15  lit =      19  unused =    3131  proof =     0
cst =       1  cls =      5  lit =       6  unused =    3154  proof =     0
cst =       0  cls =      2  lit =       2  unused =    3161  proof =     0
cst =       0  cls =      2  lit =       2  unused =    3161  proof =     0
cst =       0  cls =      1  lit =       1  unused =    3163  proof =     0
cst =       0  cls =      1  lit =       1  unused =    3163  proof =     0
cst =       0  cls =      1  lit =       1  unused =    3163  proof =     0
cst =       0  cls =      1  lit =       1  unused =    3163  proof =     0
  1 : P =      0. D =      0. F =     1. M =    1112. And =    2909. Time =     0.03 sec
Increasing conflict limit to 10000.
The result is written into file "cec_giaSweep.aig".
Switching into reduced mode.
  2 : P =      0. D =      0. F =     1. M =    1112. And =    2909. Time =     0.32 sec
Increasing conflict limit to 100000.
The result is written into file "cec_giaSweep.aig".
Switching into normal mode.
  3 : P =      0. D =      0. F =     1. M =       0. And =    2909. Time =     4.28 sec
Performed 3 SAT calls: P = 0  D = 0  F = 3
NBeg = 2909. NEnd = 2909. (Gain =   0.00 %).  RBeg = 0. REnd = 0. (Gain =   0.00 %).
Sim  =     0.00 sec (  0.00 %)
Sat  =     4.62 sec (  0.00 %)
Pat  =     0.00 sec (  0.00 %)
Time =     4.63 sec
End ManSatSweeping =     4.63 sec
Networks are UNDECIDED after the new CEC engine.  Time =     4.63 sec
Calling the old CEC engine.
Start Old Verify =     4.63 sec
Original miter:   Nodes =   2912.
label 27
Initial SAT:      Nodes =   2912.  Time =     0.02 sec
Rewriting:        Nodes =   2912.  Time =     0.02 sec
There are 0 XORs
Balance-X:        Nodes =   3193.  Time =     0.00 sec
Starting Fra_SmlSimulate......classes =     8.   Lits =     11.
Refined classes  after Pattern 0=     8.   Changes =    0.   Lits =     11.
Refined classes after pattern 1 =     8.   Changes =    0.   Lits =     11.
Refined classes  =     4.   Changes =    4.   Lits =      7.
Refined classes  =     2.   Changes =    2.   Lits =      5.
Refined classes  =     1.   Changes =    1.   Lits =      4.
Refined classes  =     1.   Changes =    0.   Lits =      4.
start Fra_FraigSweep...
Fraiging (i=1):   Nodes =   3193.  Time =     0.00 sec
Rewriting:        Nodes =   2938.  Time =     0.01 sec
There are 0 XORs
Balance-X:        Nodes =   3192.  Time =     0.00 sec
Starting Fra_SmlSimulate......classes =     8.   Lits =     11.
Refined classes  after Pattern 0=     8.   Changes =    0.   Lits =     11.
Refined classes after pattern 1 =     8.   Changes =    0.   Lits =     11.
Refined classes  =     4.   Changes =    4.   Lits =      7.
Refined classes  =     2.   Changes =    2.   Lits =      5.
Refined classes  =     1.   Changes =    1.   Lits =      4.
Refined classes  =     1.   Changes =    0.   Lits =      4.
start Fra_FraigSweep...
Fraiging (i=2):   Nodes =   3192.  Time =     0.00 sec
Rewriting:        Nodes =   2936.  Time =     0.01 sec
There are 0 XORs
Balance-X:        Nodes =   3192.  Time =     0.00 sec
Starting Fra_SmlSimulate......classes =     8.   Lits =     11.
Refined classes  after Pattern 0=     8.   Changes =    0.   Lits =     11.
Refined classes after pattern 1 =     8.   Changes =    0.   Lits =     11.
Refined classes  =     4.   Changes =    4.   Lits =      7.
Refined classes  =     2.   Changes =    2.   Lits =      5.
Refined classes  =     1.   Changes =    1.   Lits =      4.
Refined classes  =     1.   Changes =    0.   Lits =      4.
start Fra_FraigSweep...
Fraiging (i=3):   Nodes =   3192.  Time =     0.01 sec
Rewriting:        Nodes =   2936.  Time =     0.01 sec
There are 0 XORs
Balance-X:        Nodes =   3192.  Time =     0.00 sec
Starting Fra_SmlSimulate......classes =     8.   Lits =     11.
Refined classes  after Pattern 0=     8.   Changes =    0.   Lits =     11.
Refined classes after pattern 1 =     8.   Changes =    0.   Lits =     11.
Refined classes  =     4.   Changes =    4.   Lits =      7.
Refined classes  =     2.   Changes =    2.   Lits =      5.
Refined classes  =     1.   Changes =    1.   Lits =      4.
Refined classes  =     1.   Changes =    0.   Lits =      4.
start Fra_FraigSweep...
Fraiging (i=4):   Nodes =   3192.  Time =     0.12 sec
Rewriting:        Nodes =   2936.  Time =     0.01 sec
There are 0 XORs
Balance-X:        Nodes =   3192.  Time =     0.00 sec
Starting Fra_SmlSimulate......classes =     8.   Lits =     11.
Refined classes  after Pattern 0=     8.   Changes =    0.   Lits =     11.
Refined classes after pattern 1 =     8.   Changes =    0.   Lits =     11.
Refined classes  =     4.   Changes =    4.   Lits =      7.
Refined classes  =     2.   Changes =    2.   Lits =      5.
Refined classes  =     1.   Changes =    1.   Lits =      4.
Refined classes  =     1.   Changes =    0.   Lits =      4.
start Fra_FraigSweep...
Fraiging (i=5):   Nodes =   3192.  Time =     1.25 sec
Rewriting:        Nodes =   2936.  Time =     0.01 sec
There are 0 XORs
Balance-X:        Nodes =   3192.  Time =     0.00 sec
Starting Fra_SmlSimulate......classes =     8.   Lits =     11.
Refined classes  after Pattern 0=     8.   Changes =    0.   Lits =     11.
Refined classes after pattern 1 =     8.   Changes =    0.   Lits =     11.
Refined classes  =     4.   Changes =    4.   Lits =      7.
Refined classes  =     2.   Changes =    2.   Lits =      5.
Refined classes  =     1.   Changes =    1.   Lits =      4.
Refined classes  =     1.   Changes =    0.   Lits =      4.
start Fra_FraigSweep...
Fraiging (i=6):   Nodes =   3192.  Time =    13.14 sec
Rewriting:        Nodes =   2936.  Time =     0.01 sec
label 27
CNF stats: Vars =   2025. Clauses =    6536. Literals =    17713. Time =     0.00 sec
Running SAT solver with parameters 10000 and 1000 and 50.
reduceDB: Keeping    5013 out of   10000 clauses (50.13 %)  Time =     0.04 sec
reduceDB: Keeping    5516 out of   11001 clauses (50.14 %)  Time =     0.04 sec
reduceDB: Keeping    6011 out of   12001 clauses (50.09 %)  Time =     0.05 sec
reduceDB: Keeping    6517 out of   13000 clauses (50.13 %)  Time =     0.05 sec
reduceDB: Keeping    7024 out of   14001 clauses (50.17 %)  Time =     0.05 sec
reduceDB: Keeping    7519 out of   15001 clauses (50.12 %)  Time =     0.05 sec
reduceDB: Keeping    8029 out of   16003 clauses (50.17 %)  Time =     0.05 sec
reduceDB: Keeping    8501 out of   17000 clauses (50.01 %)  Time =     0.05 sec
reduceDB: Keeping    9022 out of   18000 clauses (50.12 %)  Time =     0.05 sec
reduceDB: Keeping    9541 out of   19000 clauses (50.22 %)  Time =     0.05 sec
reduceDB: Keeping   10034 out of   20000 clauses (50.17 %)  Time =     0.05 sec
reduceDB: Keeping   10843 out of   21000 clauses (51.63 %)  Time =     0.06 sec
reduceDB: Keeping   11114 out of   22001 clauses (50.52 %)  Time =     0.06 sec
reduceDB: Keeping   11549 out of   23000 clauses (50.21 %)  Time =     0.06 sec
reduceDB: Keeping   12295 out of   24001 clauses (51.23 %)  Time =     0.06 sec
reduceDB: Keeping   12730 out of   25000 clauses (50.92 %)  Time =     0.06 sec
reduceDB: Keeping   13361 out of   26000 clauses (51.39 %)  Time =     0.06 sec
reduceDB: Keeping   13684 out of   27000 clauses (50.68 %)  Time =     0.06 sec
reduceDB: Keeping   14457 out of   28002 clauses (51.63 %)  Time =     0.07 sec
reduceDB: Keeping   15038 out of   29002 clauses (51.85 %)  Time =     0.07 sec
reduceDB: Keeping   15596 out of   30000 clauses (51.99 %)  Time =     0.07 sec
reduceDB: Keeping   15964 out of   31000 clauses (51.50 %)  Time =     0.07 sec
reduceDB: Keeping   16587 out of   32002 clauses (51.83 %)  Time =     0.07 sec
reduceDB: Keeping   17245 out of   33001 clauses (52.26 %)  Time =     0.07 sec
reduceDB: Keeping   17965 out of   34000 clauses (52.84 %)  Time =     0.08 sec
reduceDB: Keeping   18397 out of   35000 clauses (52.56 %)  Time =     0.08 sec
reduceDB: Keeping   18661 out of   36002 clauses (51.83 %)  Time =     0.08 sec
reduceDB: Keeping   18998 out of   37000 clauses (51.35 %)  Time =     0.08 sec
reduceDB: Keeping   19504 out of   38001 clauses (51.32 %)  Time =     0.09 sec
reduceDB: Keeping   20124 out of   39001 clauses (51.60 %)  Time =     0.09 sec
reduceDB: Keeping   20291 out of   40000 clauses (50.73 %)  Time =     0.09 sec
reduceDB: Keeping   20803 out of   41000 clauses (50.74 %)  Time =     0.09 sec
reduceDB: Keeping   21666 out of   42000 clauses (51.59 %)  Time =     0.09 sec
reduceDB: Keeping   22887 out of   43001 clauses (53.22 %)  Time =     0.10 sec
reduceDB: Keeping   23194 out of   44001 clauses (52.71 %)  Time =     0.10 sec
reduceDB: Keeping   23536 out of   45000 clauses (52.30 %)  Time =     0.10 sec
reduceDB: Keeping   23780 out of   46002 clauses (51.69 %)  Time =     0.11 sec
reduceDB: Keeping   24068 out of   47000 clauses (51.21 %)  Time =     0.11 sec
reduceDB: Keeping   24288 out of   48000 clauses (50.60 %)  Time =     0.11 sec
reduceDB: Keeping   24558 out of   49004 clauses (50.11 %)  Time =     0.11 sec
reduceDB: Keeping   25103 out of   50002 clauses (50.20 %)  Time =     0.12 sec
reduceDB: Keeping   25561 out of   51000 clauses (50.12 %)  Time =     0.12 sec
reduceDB: Keeping   26073 out of   52001 clauses (50.14 %)  Time =     0.12 sec
reduceDB: Keeping   26512 out of   53002 clauses (50.02 %)  Time =     0.13 sec
reduceDB: Keeping   27052 out of   54003 clauses (50.09 %)  Time =     0.13 sec
reduceDB: Keeping   27587 out of   55003 clauses (50.16 %)  Time =     0.13 sec
reduceDB: Keeping   28025 out of   56001 clauses (50.04 %)  Time =     0.13 sec
reduceDB: Keeping   28451 out of   57000 clauses (49.91 %)  Time =     0.14 sec
reduceDB: Keeping   29070 out of   58001 clauses (50.12 %)  Time =     0.14 sec
reduceDB: Keeping   29625 out of   59003 clauses (50.21 %)  Time =     0.14 sec
reduceDB: Keeping   30085 out of   60000 clauses (50.14 %)  Time =     0.15 sec
reduceDB: Keeping   30573 out of   61001 clauses (50.12 %)  Time =     0.15 sec
reduceDB: Keeping   31091 out of   62003 clauses (50.14 %)  Time =     0.16 sec
reduceDB: Keeping   32268 out of   63001 clauses (51.22 %)  Time =     0.16 sec
reduceDB: Keeping   33291 out of   64001 clauses (52.02 %)  Time =     0.16 sec
reduceDB: Keeping   33756 out of   65002 clauses (51.93 %)  Time =     0.17 sec
reduceDB: Keeping   34850 out of   66002 clauses (52.80 %)  Time =     0.17 sec
reduceDB: Keeping   36007 out of   67000 clauses (53.74 %)  Time =     0.17 sec
reduceDB: Keeping   35320 out of   68001 clauses (51.94 %)  Time =     0.18 sec
reduceDB: Keeping   35755 out of   69001 clauses (51.82 %)  Time =     0.18 sec
reduceDB: Keeping   35769 out of   70002 clauses (51.10 %)  Time =     0.18 sec
reduceDB: Keeping   35558 out of   71001 clauses (50.08 %)  Time =     0.19 sec
reduceDB: Keeping   36298 out of   72001 clauses (50.41 %)  Time =     0.19 sec
reduceDB: Keeping   36788 out of   73000 clauses (50.39 %)  Time =     0.20 sec
reduceDB: Keeping   37184 out of   74003 clauses (50.25 %)  Time =     0.20 sec
reduceDB: Keeping   37611 out of   75001 clauses (50.15 %)  Time =     0.20 sec
reduceDB: Keeping   38014 out of   76001 clauses (50.02 %)  Time =     0.21 sec
reduceDB: Keeping   38627 out of   77000 clauses (50.16 %)  Time =     0.21 sec
reduceDB: Keeping   39131 out of   78000 clauses (50.17 %)  Time =     0.22 sec
reduceDB: Keeping   39580 out of   79002 clauses (50.10 %)  Time =     0.22 sec
reduceDB: Keeping   40171 out of   80000 clauses (50.21 %)  Time =     0.23 sec
reduceDB: Keeping   40629 out of   81000 clauses (50.16 %)  Time =     0.23 sec
reduceDB: Keeping   41139 out of   82000 clauses (50.17 %)  Time =     0.24 sec
reduceDB: Keeping   41586 out of   83002 clauses (50.10 %)  Time =     0.24 sec
reduceDB: Keeping   42134 out of   84001 clauses (50.16 %)  Time =     0.25 sec
reduceDB: Keeping   42610 out of   85001 clauses (50.13 %)  Time =     0.25 sec
reduceDB: Keeping   42919 out of   86000 clauses (49.91 %)  Time =     0.25 sec
reduceDB: Keeping   43516 out of   87000 clauses (50.02 %)  Time =     0.26 sec
reduceDB: Keeping   44143 out of   88001 clauses (50.16 %)  Time =     0.26 sec
reduceDB: Keeping   44626 out of   89000 clauses (50.14 %)  Time =     0.27 sec
reduceDB: Keeping   45012 out of   90000 clauses (50.01 %)  Time =     0.27 sec
reduceDB: Keeping   45627 out of   91001 clauses (50.14 %)  Time =     0.28 sec
reduceDB: Keeping   45990 out of   92002 clauses (49.99 %)  Time =     0.28 sec
reduceDB: Keeping   46643 out of   93001 clauses (50.15 %)  Time =     0.29 sec
reduceDB: Keeping   47121 out of   94000 clauses (50.13 %)  Time =     0.29 sec
reduceDB: Keeping   47362 out of   95000 clauses (49.85 %)  Time =     0.30 sec
reduceDB: Keeping   48142 out of   96000 clauses (50.15 %)  Time =     0.30 sec
reduceDB: Keeping   49491 out of   97000 clauses (51.02 %)  Time =     0.31 sec
reduceDB: Keeping   50988 out of   98001 clauses (52.03 %)  Time =     0.31 sec
reduceDB: Keeping   52239 out of   99001 clauses (52.77 %)  Time =     0.32 sec
reduceDB: Keeping   51411 out of  100000 clauses (51.41 %)  Time =     0.33 sec
reduceDB: Keeping   51779 out of  101000 clauses (51.27 %)  Time =     0.33 sec
reduceDB: Keeping   51071 out of  102000 clauses (50.07 %)  Time =     0.34 sec
reduceDB: Keeping   51797 out of  103000 clauses (50.29 %)  Time =     0.34 sec
reduceDB: Keeping   52010 out of  104000 clauses (50.01 %)  Time =     0.35 sec
reduceDB: Keeping   52611 out of  105002 clauses (50.10 %)  Time =     0.35 sec
reduceDB: Keeping   53201 out of  106001 clauses (50.19 %)  Time =     0.36 sec
reduceDB: Keeping   53599 out of  107000 clauses (50.09 %)  Time =     0.37 sec
reduceDB: Keeping   55165 out of  108000 clauses (51.08 %)  Time =     0.37 sec
reduceDB: Keeping   55756 out of  109000 clauses (51.15 %)  Time =     0.38 sec
reduceDB: Keeping   56862 out of  110001 clauses (51.69 %)  Time =     0.38 sec
reduceDB: Keeping   57513 out of  111001 clauses (51.81 %)  Time =     0.39 sec
reduceDB: Keeping   56943 out of  112001 clauses (50.84 %)  Time =     0.40 sec
reduceDB: Keeping   59297 out of  113000 clauses (52.48 %)  Time =     0.40 sec
reduceDB: Keeping   59721 out of  114000 clauses (52.39 %)  Time =     0.41 sec
reduceDB: Keeping   60546 out of  115000 clauses (52.65 %)  Time =     0.41 sec
reduceDB: Keeping   60520 out of  116000 clauses (52.17 %)  Time =     0.42 sec
reduceDB: Keeping   61779 out of  117000 clauses (52.80 %)  Time =     0.43 sec
reduceDB: Keeping   49122 out of  118000 clauses (41.63 %)  Time =     0.43 sec
reduceDB: Keeping   60740 out of  119000 clauses (51.04 %)  Time =     0.44 sec
starts        :             6142
conflicts     :          3564608
decisions     :          4130325
propagations  :       1463911278
Final SAT:        Nodes =   2936.  Time =   374.27 sec
Networks are equivalent.  Time =   393.54 sec
End Old Verify =   393.54 sec
