ABC command line: "&read replace_1513.aig; &cec -m -v".

label 1
label 3
Assuming the current network is a single-output miter.
label 6
Start EquivFixOutputPairs =     0.00 sec
End EquivFixOutputPairs =     0.00 sec
Start ManSatSweeping =     0.00 sec
Simulating 15 words for 15 rounds. SAT solving with 1000 conflicts.
nSimWords = 0
cst =    4275  cls =      0  lit =    4275  unused =     256  proof =     0
cst =      64  cls =    148  lit =     272  unused =    4111  proof =     0
cst =      15  cls =     49  lit =      68  unused =    4414  proof =     0
cst =       3  cls =     17  lit =      20  unused =    4494  proof =     0
cst =       1  cls =      5  lit =       6  unused =    4520  proof =     0
cst =       1  cls =      3  lit =       4  unused =    4524  proof =     0
cst =       0  cls =      1  lit =       1  unused =    4529  proof =     0
cst =       0  cls =      1  lit =       1  unused =    4529  proof =     0
cst =       0  cls =      1  lit =       1  unused =    4529  proof =     0
cst =       0  cls =      1  lit =       1  unused =    4529  proof =     0
  1 : P =      0. D =      0. F =     1. M =    1742. And =    4275. Time =     0.03 sec
Increasing conflict limit to 10000.
The result is written into file "cec_giaSweep.aig".
Switching into reduced mode.
  2 : P =      0. D =      0. F =     1. M =    1742. And =    4275. Time =     0.43 sec
Increasing conflict limit to 100000.
The result is written into file "cec_giaSweep.aig".
Switching into normal mode.
  3 : P =      0. D =      0. F =     1. M =       0. And =    4275. Time =     5.26 sec
Performed 3 SAT calls: P = 0  D = 0  F = 3
NBeg = 4275. NEnd = 4275. (Gain =   0.00 %).  RBeg = 0. REnd = 0. (Gain =   0.00 %).
Sim  =     0.00 sec (  0.00 %)
Sat  =     5.71 sec (  0.00 %)
Pat  =     0.00 sec (  0.00 %)
Time =     5.74 sec
End ManSatSweeping =     5.74 sec
Networks are UNDECIDED after the new CEC engine.  Time =     5.74 sec
Calling the old CEC engine.
Start Old Verify =     5.74 sec
Original miter:   Nodes =   4278.
label 27
Initial SAT:      Nodes =   4278.  Time =     0.02 sec
Rewriting:        Nodes =   4277.  Time =     0.03 sec
There are 0 XORs
Balance-X:        Nodes =   4566.  Time =     0.00 sec
Starting Fra_SmlSimulate......classes =    21.   Lits =     33.
Refined classes  after Pattern 0=    21.   Changes =    0.   Lits =     33.
Refined classes after pattern 1 =    21.   Changes =    0.   Lits =     33.
Refined classes  =    14.   Changes =   14.   Lits =     19.
Refined classes  =     7.   Changes =    9.   Lits =     10.
Refined classes  =     5.   Changes =    2.   Lits =      8.
Refined classes  =     5.   Changes =    0.   Lits =      8.
start Fra_FraigSweep...
Fraiging (i=1):   Nodes =   4562.  Time =     0.00 sec
Rewriting:        Nodes =   4302.  Time =     0.01 sec
There are 0 XORs
Balance-X:        Nodes =   4560.  Time =     0.00 sec
Starting Fra_SmlSimulate......classes =    17.   Lits =     29.
Refined classes  after Pattern 0=    17.   Changes =    0.   Lits =     29.
Refined classes after pattern 1 =    17.   Changes =    0.   Lits =     29.
Refined classes  =    10.   Changes =   14.   Lits =     15.
Refined classes  =     3.   Changes =    9.   Lits =      6.
Refined classes  =     1.   Changes =    2.   Lits =      4.
Refined classes  =     1.   Changes =    0.   Lits =      4.
start Fra_FraigSweep...
Fraiging (i=2):   Nodes =   4560.  Time =     0.00 sec
Rewriting:        Nodes =   4301.  Time =     0.01 sec
There are 0 XORs
Balance-X:        Nodes =   4560.  Time =     0.00 sec
Starting Fra_SmlSimulate......classes =    17.   Lits =     29.
Refined classes  after Pattern 0=    17.   Changes =    0.   Lits =     29.
Refined classes after pattern 1 =    17.   Changes =    0.   Lits =     29.
Refined classes  =    10.   Changes =   14.   Lits =     15.
Refined classes  =     3.   Changes =    9.   Lits =      6.
Refined classes  =     1.   Changes =    2.   Lits =      4.
Refined classes  =     1.   Changes =    0.   Lits =      4.
start Fra_FraigSweep...
Fraiging (i=3):   Nodes =   4560.  Time =     0.01 sec
Rewriting:        Nodes =   4301.  Time =     0.01 sec
There are 0 XORs
Balance-X:        Nodes =   4560.  Time =     0.00 sec
Starting Fra_SmlSimulate......classes =    17.   Lits =     29.
Refined classes  after Pattern 0=    17.   Changes =    0.   Lits =     29.
Refined classes after pattern 1 =    17.   Changes =    0.   Lits =     29.
Refined classes  =    10.   Changes =   14.   Lits =     15.
Refined classes  =     3.   Changes =    9.   Lits =      6.
Refined classes  =     1.   Changes =    2.   Lits =      4.
Refined classes  =     1.   Changes =    0.   Lits =      4.
start Fra_FraigSweep...
Fraiging (i=4):   Nodes =   4560.  Time =     0.06 sec
Rewriting:        Nodes =   4301.  Time =     0.01 sec
There are 0 XORs
Balance-X:        Nodes =   4560.  Time =     0.00 sec
Starting Fra_SmlSimulate......classes =    17.   Lits =     29.
Refined classes  after Pattern 0=    17.   Changes =    0.   Lits =     29.
Refined classes after pattern 1 =    17.   Changes =    0.   Lits =     29.
Refined classes  =    10.   Changes =   14.   Lits =     15.
Refined classes  =     3.   Changes =    9.   Lits =      6.
Refined classes  =     1.   Changes =    2.   Lits =      4.
Refined classes  =     1.   Changes =    0.   Lits =      4.
start Fra_FraigSweep...
Fraiging (i=5):   Nodes =   4560.  Time =     0.71 sec
Rewriting:        Nodes =   4301.  Time =     0.01 sec
There are 0 XORs
Balance-X:        Nodes =   4560.  Time =     0.00 sec
Starting Fra_SmlSimulate......classes =    17.   Lits =     29.
Refined classes  after Pattern 0=    17.   Changes =    0.   Lits =     29.
Refined classes after pattern 1 =    17.   Changes =    0.   Lits =     29.
Refined classes  =    10.   Changes =   14.   Lits =     15.
Refined classes  =     3.   Changes =    9.   Lits =      6.
Refined classes  =     1.   Changes =    2.   Lits =      4.
Refined classes  =     1.   Changes =    0.   Lits =      4.
start Fra_FraigSweep...
Fraiging (i=6):   Nodes =   4560.  Time =     7.32 sec
Rewriting:        Nodes =   4301.  Time =     0.01 sec
label 27
CNF stats: Vars =   2642. Clauses =    9217. Literals =    25164. Time =     0.00 sec
Running SAT solver with parameters 10000 and 1000 and 50.
reduceDB: Keeping    5020 out of   10001 clauses (50.19 %)  Time =     0.03 sec
reduceDB: Keeping    5517 out of   11002 clauses (50.15 %)  Time =     0.03 sec
reduceDB: Keeping    6006 out of   12000 clauses (50.05 %)  Time =     0.03 sec
reduceDB: Keeping    6525 out of   13000 clauses (50.19 %)  Time =     0.03 sec
reduceDB: Keeping    7021 out of   14000 clauses (50.15 %)  Time =     0.03 sec
reduceDB: Keeping    7527 out of   15000 clauses (50.18 %)  Time =     0.03 sec
reduceDB: Keeping    8126 out of   16000 clauses (50.79 %)  Time =     0.03 sec
reduceDB: Keeping    8579 out of   17003 clauses (50.46 %)  Time =     0.04 sec
reduceDB: Keeping    9228 out of   18000 clauses (51.27 %)  Time =     0.04 sec
reduceDB: Keeping    9802 out of   19000 clauses (51.59 %)  Time =     0.04 sec
reduceDB: Keeping   10371 out of   20000 clauses (51.85 %)  Time =     0.04 sec
reduceDB: Keeping   11089 out of   21000 clauses (52.80 %)  Time =     0.04 sec
reduceDB: Keeping   11776 out of   22000 clauses (53.53 %)  Time =     0.04 sec
reduceDB: Keeping   12491 out of   23001 clauses (54.31 %)  Time =     0.04 sec
reduceDB: Keeping   13017 out of   24002 clauses (54.23 %)  Time =     0.04 sec
reduceDB: Keeping   13603 out of   25001 clauses (54.41 %)  Time =     0.05 sec
reduceDB: Keeping   14064 out of   26003 clauses (54.09 %)  Time =     0.05 sec
reduceDB: Keeping   14429 out of   27001 clauses (53.44 %)  Time =     0.05 sec
reduceDB: Keeping   15086 out of   28000 clauses (53.88 %)  Time =     0.05 sec
reduceDB: Keeping   15871 out of   29000 clauses (54.73 %)  Time =     0.05 sec
reduceDB: Keeping   16395 out of   30000 clauses (54.65 %)  Time =     0.05 sec
reduceDB: Keeping   16979 out of   31001 clauses (54.77 %)  Time =     0.06 sec
reduceDB: Keeping   17291 out of   32001 clauses (54.03 %)  Time =     0.06 sec
reduceDB: Keeping   17791 out of   33001 clauses (53.91 %)  Time =     0.06 sec
reduceDB: Keeping   18322 out of   34000 clauses (53.89 %)  Time =     0.06 sec
reduceDB: Keeping   18578 out of   35000 clauses (53.08 %)  Time =     0.06 sec
reduceDB: Keeping   18977 out of   36000 clauses (52.71 %)  Time =     0.07 sec
reduceDB: Keeping   20135 out of   37000 clauses (54.42 %)  Time =     0.07 sec
reduceDB: Keeping   20488 out of   38001 clauses (53.91 %)  Time =     0.07 sec
reduceDB: Keeping   20936 out of   39000 clauses (53.68 %)  Time =     0.07 sec
reduceDB: Keeping   21178 out of   40001 clauses (52.94 %)  Time =     0.08 sec
reduceDB: Keeping   21655 out of   41000 clauses (52.82 %)  Time =     0.08 sec
reduceDB: Keeping   22411 out of   42001 clauses (53.36 %)  Time =     0.08 sec
reduceDB: Keeping   23511 out of   43001 clauses (54.68 %)  Time =     0.08 sec
reduceDB: Keeping   19789 out of   44000 clauses (44.98 %)  Time =     0.09 sec
reduceDB: Keeping   22566 out of   45001 clauses (50.15 %)  Time =     0.09 sec
reduceDB: Keeping   23463 out of   46001 clauses (51.01 %)  Time =     0.09 sec
reduceDB: Keeping   23871 out of   47002 clauses (50.79 %)  Time =     0.09 sec
reduceDB: Keeping   24274 out of   48001 clauses (50.57 %)  Time =     0.10 sec
reduceDB: Keeping   24659 out of   49001 clauses (50.32 %)  Time =     0.10 sec
reduceDB: Keeping   25702 out of   50001 clauses (51.40 %)  Time =     0.10 sec
reduceDB: Keeping   26214 out of   51001 clauses (51.40 %)  Time =     0.10 sec
reduceDB: Keeping   26448 out of   52001 clauses (50.86 %)  Time =     0.11 sec
reduceDB: Keeping   26897 out of   53000 clauses (50.75 %)  Time =     0.11 sec
reduceDB: Keeping   27241 out of   54000 clauses (50.45 %)  Time =     0.11 sec
reduceDB: Keeping   27862 out of   55000 clauses (50.66 %)  Time =     0.12 sec
reduceDB: Keeping   28097 out of   56002 clauses (50.17 %)  Time =     0.12 sec
reduceDB: Keeping   28613 out of   57000 clauses (50.20 %)  Time =     0.12 sec
reduceDB: Keeping   29061 out of   58000 clauses (50.11 %)  Time =     0.13 sec
reduceDB: Keeping   29609 out of   59001 clauses (50.18 %)  Time =     0.13 sec
reduceDB: Keeping   30263 out of   60002 clauses (50.44 %)  Time =     0.13 sec
reduceDB: Keeping   30630 out of   61002 clauses (50.21 %)  Time =     0.14 sec
reduceDB: Keeping   31469 out of   62000 clauses (50.76 %)  Time =     0.14 sec
reduceDB: Keeping   32091 out of   63001 clauses (50.94 %)  Time =     0.14 sec
reduceDB: Keeping   33083 out of   64001 clauses (51.69 %)  Time =     0.15 sec
reduceDB: Keeping   34436 out of   65000 clauses (52.98 %)  Time =     0.15 sec
reduceDB: Keeping   35664 out of   66000 clauses (54.04 %)  Time =     0.15 sec
reduceDB: Keeping   29839 out of   67001 clauses (44.54 %)  Time =     0.16 sec
reduceDB: Keeping   33936 out of   68002 clauses (49.90 %)  Time =     0.16 sec
reduceDB: Keeping   34635 out of   69001 clauses (50.19 %)  Time =     0.17 sec
reduceDB: Keeping   34850 out of   70000 clauses (49.79 %)  Time =     0.17 sec
reduceDB: Keeping   35627 out of   71001 clauses (50.18 %)  Time =     0.17 sec
reduceDB: Keeping   35809 out of   72002 clauses (49.73 %)  Time =     0.18 sec
reduceDB: Keeping   36571 out of   73001 clauses (50.10 %)  Time =     0.18 sec
reduceDB: Keeping   36983 out of   74003 clauses (49.98 %)  Time =     0.19 sec
reduceDB: Keeping   37382 out of   75002 clauses (49.84 %)  Time =     0.19 sec
reduceDB: Keeping   38084 out of   76000 clauses (50.11 %)  Time =     0.20 sec
reduceDB: Keeping   38582 out of   77001 clauses (50.11 %)  Time =     0.20 sec
reduceDB: Keeping   38991 out of   78003 clauses (49.99 %)  Time =     0.20 sec
reduceDB: Keeping   39414 out of   79002 clauses (49.89 %)  Time =     0.21 sec
reduceDB: Keeping   40021 out of   80000 clauses (50.03 %)  Time =     0.21 sec
reduceDB: Keeping   40496 out of   81001 clauses (49.99 %)  Time =     0.22 sec
reduceDB: Keeping   40971 out of   82001 clauses (49.96 %)  Time =     0.22 sec
reduceDB: Keeping   41453 out of   83000 clauses (49.94 %)  Time =     0.23 sec
reduceDB: Keeping   42137 out of   84000 clauses (50.16 %)  Time =     0.23 sec
reduceDB: Keeping   42650 out of   85001 clauses (50.18 %)  Time =     0.24 sec
reduceDB: Keeping   43106 out of   86002 clauses (50.12 %)  Time =     0.24 sec
reduceDB: Keeping   42961 out of   87000 clauses (49.38 %)  Time =     0.25 sec
reduceDB: Keeping   43969 out of   88000 clauses (49.96 %)  Time =     0.25 sec
reduceDB: Keeping   44684 out of   89001 clauses (50.21 %)  Time =     0.26 sec
reduceDB: Keeping   44789 out of   90001 clauses (49.77 %)  Time =     0.26 sec
reduceDB: Keeping   45582 out of   91002 clauses (50.09 %)  Time =     0.27 sec
reduceDB: Keeping   45844 out of   92000 clauses (49.83 %)  Time =     0.27 sec
reduceDB: Keeping   46957 out of   93002 clauses (50.49 %)  Time =     0.28 sec
reduceDB: Keeping   51074 out of   94000 clauses (54.33 %)  Time =     0.28 sec
reduceDB: Keeping   40088 out of   95001 clauses (42.20 %)  Time =     0.29 sec
reduceDB: Keeping   48104 out of   96002 clauses (50.11 %)  Time =     0.29 sec
reduceDB: Keeping   48477 out of   97000 clauses (49.98 %)  Time =     0.30 sec
reduceDB: Keeping   49081 out of   98001 clauses (50.08 %)  Time =     0.30 sec
reduceDB: Keeping   50694 out of   99001 clauses (51.21 %)  Time =     0.31 sec
reduceDB: Keeping   50925 out of  100001 clauses (50.92 %)  Time =     0.31 sec
reduceDB: Keeping   51206 out of  101002 clauses (50.70 %)  Time =     0.32 sec
reduceDB: Keeping   51705 out of  102001 clauses (50.69 %)  Time =     0.33 sec
reduceDB: Keeping   51565 out of  103000 clauses (50.06 %)  Time =     0.33 sec
reduceDB: Keeping   52332 out of  104000 clauses (50.32 %)  Time =     0.34 sec
reduceDB: Keeping   52888 out of  105000 clauses (50.37 %)  Time =     0.34 sec
reduceDB: Keeping   52901 out of  106002 clauses (49.91 %)  Time =     0.35 sec
reduceDB: Keeping   53612 out of  107000 clauses (50.10 %)  Time =     0.36 sec
reduceDB: Keeping   54522 out of  108000 clauses (50.48 %)  Time =     0.36 sec
reduceDB: Keeping   55011 out of  109003 clauses (50.47 %)  Time =     0.37 sec
reduceDB: Keeping   55317 out of  110000 clauses (50.29 %)  Time =     0.37 sec
reduceDB: Keeping   55664 out of  111002 clauses (50.15 %)  Time =     0.38 sec
reduceDB: Keeping   55994 out of  112000 clauses (49.99 %)  Time =     0.39 sec
reduceDB: Keeping   56924 out of  113001 clauses (50.37 %)  Time =     0.39 sec
reduceDB: Keeping   58079 out of  114001 clauses (50.95 %)  Time =     0.40 sec
reduceDB: Keeping   58560 out of  115001 clauses (50.92 %)  Time =     0.41 sec
reduceDB: Keeping   59218 out of  116000 clauses (51.05 %)  Time =     0.41 sec
reduceDB: Keeping   59768 out of  117000 clauses (51.08 %)  Time =     0.42 sec
reduceDB: Keeping   61759 out of  118000 clauses (52.34 %)  Time =     0.43 sec
reduceDB: Keeping   64440 out of  119001 clauses (54.15 %)  Time =     0.43 sec
reduceDB: Keeping   50717 out of  120002 clauses (42.26 %)  Time =     0.44 sec
reduceDB: Keeping   60482 out of  121000 clauses (49.99 %)  Time =     0.45 sec
reduceDB: Keeping   61187 out of  122000 clauses (50.15 %)  Time =     0.45 sec
starts        :             6653
conflicts     :          3801689
decisions     :          4391838
propagations  :       2016070615
Final SAT:        Nodes =   4301.  Time =   414.66 sec
Networks are equivalent.  Time =   428.66 sec
End Old Verify =   428.66 sec
