ABC command line: "&read replace_1497.aig; &cec -m -v".

label 1
label 3
Assuming the current network is a single-output miter.
label 6
Start EquivFixOutputPairs =     0.00 sec
End EquivFixOutputPairs =     0.00 sec
Start ManSatSweeping =     0.00 sec
Simulating 15 words for 15 rounds. SAT solving with 1000 conflicts.
nSimWords = 0
cst =    2078  cls =      0  lit =    2078  unused =     256  proof =     0
cst =       3  cls =      6  lit =       9  unused =    2319  proof =     0
cst =       1  cls =      2  lit =       3  unused =    2329  proof =     0
cst =       0  cls =      1  lit =       1  unused =    2332  proof =     0
cst =       0  cls =      1  lit =       1  unused =    2332  proof =     0
cst =       0  cls =      1  lit =       1  unused =    2332  proof =     0
cst =       0  cls =      1  lit =       1  unused =    2332  proof =     0
cst =       0  cls =      1  lit =       1  unused =    2332  proof =     0
cst =       0  cls =      1  lit =       1  unused =    2332  proof =     0
cst =       0  cls =      1  lit =       1  unused =    2332  proof =     0
  1 : P =      0. D =      0. F =     1. M =     682. And =    2078. Time =     0.03 sec
Increasing conflict limit to 10000.
The result is written into file "cec_giaSweep.aig".
Switching into reduced mode.
  2 : P =      0. D =      0. F =     1. M =     682. And =    2078. Time =     0.71 sec
Increasing conflict limit to 100000.
The result is written into file "cec_giaSweep.aig".
Switching into normal mode.
  3 : P =      0. D =      0. F =     1. M =       0. And =    2078. Time =     4.77 sec
Performed 3 SAT calls: P = 0  D = 0  F = 3
NBeg = 2078. NEnd = 2078. (Gain =   0.00 %).  RBeg = 0. REnd = 0. (Gain =   0.00 %).
Sim  =     0.00 sec (  0.00 %)
Sat  =     5.52 sec (  0.00 %)
Pat  =     0.00 sec (  0.00 %)
Time =     5.52 sec
End ManSatSweeping =     5.52 sec
Networks are UNDECIDED after the new CEC engine.  Time =     5.52 sec
Calling the old CEC engine.
Start Old Verify =     5.52 sec
Original miter:   Nodes =   2081.
label 27
Initial SAT:      Nodes =   2081.  Time =     0.02 sec
Rewriting:        Nodes =   2081.  Time =     0.02 sec
There are 0 XORs
Balance-X:        Nodes =   2344.  Time =     0.00 sec
Starting Fra_SmlSimulate......classes =     1.   Lits =      4.
Refined classes  after Pattern 0=     1.   Changes =    0.   Lits =      4.
Refined classes after pattern 1 =     1.   Changes =    0.   Lits =      4.
Refined classes  =     1.   Changes =    0.   Lits =      4.
start Fra_FraigSweep...
Fraiging (i=1):   Nodes =   2344.  Time =     0.00 sec
Rewriting:        Nodes =   2099.  Time =     0.01 sec
There are 0 XORs
Balance-X:        Nodes =   2341.  Time =     0.00 sec
Starting Fra_SmlSimulate......classes =     1.   Lits =      4.
Refined classes  after Pattern 0=     1.   Changes =    0.   Lits =      4.
Refined classes after pattern 1 =     1.   Changes =    0.   Lits =      4.
Refined classes  =     1.   Changes =    0.   Lits =      4.
start Fra_FraigSweep...
Fraiging (i=2):   Nodes =   2341.  Time =     0.00 sec
Rewriting:        Nodes =   2100.  Time =     0.01 sec
There are 0 XORs
Balance-X:        Nodes =   2341.  Time =     0.00 sec
Starting Fra_SmlSimulate......classes =     1.   Lits =      4.
Refined classes  after Pattern 0=     1.   Changes =    0.   Lits =      4.
Refined classes after pattern 1 =     1.   Changes =    0.   Lits =      4.
Refined classes  =     1.   Changes =    0.   Lits =      4.
start Fra_FraigSweep...
Fraiging (i=3):   Nodes =   2341.  Time =     0.01 sec
Rewriting:        Nodes =   2100.  Time =     0.01 sec
There are 0 XORs
Balance-X:        Nodes =   2341.  Time =     0.00 sec
Starting Fra_SmlSimulate......classes =     1.   Lits =      4.
Refined classes  after Pattern 0=     1.   Changes =    0.   Lits =      4.
Refined classes after pattern 1 =     1.   Changes =    0.   Lits =      4.
Refined classes  =     1.   Changes =    0.   Lits =      4.
start Fra_FraigSweep...
Fraiging (i=4):   Nodes =   2341.  Time =     0.10 sec
Rewriting:        Nodes =   2100.  Time =     0.01 sec
There are 0 XORs
Balance-X:        Nodes =   2341.  Time =     0.00 sec
Starting Fra_SmlSimulate......classes =     1.   Lits =      4.
Refined classes  after Pattern 0=     1.   Changes =    0.   Lits =      4.
Refined classes after pattern 1 =     1.   Changes =    0.   Lits =      4.
Refined classes  =     1.   Changes =    0.   Lits =      4.
start Fra_FraigSweep...
Fraiging (i=5):   Nodes =   2341.  Time =     1.14 sec
Rewriting:        Nodes =   2100.  Time =     0.01 sec
There are 0 XORs
Balance-X:        Nodes =   2341.  Time =     0.00 sec
Starting Fra_SmlSimulate......classes =     1.   Lits =      4.
Refined classes  after Pattern 0=     1.   Changes =    0.   Lits =      4.
Refined classes after pattern 1 =     1.   Changes =    0.   Lits =      4.
Refined classes  =     1.   Changes =    0.   Lits =      4.
start Fra_FraigSweep...
Fraiging (i=6):   Nodes =   2341.  Time =    15.07 sec
Rewriting:        Nodes =   2100.  Time =     0.01 sec
label 27
CNF stats: Vars =   1613. Clauses =    4837. Literals =    13052. Time =     0.00 sec
Running SAT solver with parameters 10000 and 1000 and 50.
reduceDB: Keeping    5026 out of   10001 clauses (50.25 %)  Time =     0.06 sec
reduceDB: Keeping    5508 out of   11001 clauses (50.07 %)  Time =     0.06 sec
reduceDB: Keeping    6015 out of   12000 clauses (50.12 %)  Time =     0.06 sec
reduceDB: Keeping    6516 out of   13000 clauses (50.12 %)  Time =     0.06 sec
reduceDB: Keeping    7018 out of   14000 clauses (50.13 %)  Time =     0.06 sec
reduceDB: Keeping    7517 out of   15001 clauses (50.11 %)  Time =     0.06 sec
reduceDB: Keeping    8034 out of   16002 clauses (50.21 %)  Time =     0.06 sec
reduceDB: Keeping    8493 out of   17003 clauses (49.95 %)  Time =     0.07 sec
reduceDB: Keeping    9022 out of   18001 clauses (50.12 %)  Time =     0.07 sec
reduceDB: Keeping    9524 out of   19002 clauses (50.12 %)  Time =     0.07 sec
reduceDB: Keeping   10457 out of   20001 clauses (52.28 %)  Time =     0.07 sec
reduceDB: Keeping   11305 out of   21000 clauses (53.83 %)  Time =     0.07 sec
reduceDB: Keeping   11568 out of   22001 clauses (52.58 %)  Time =     0.08 sec
reduceDB: Keeping   11983 out of   23000 clauses (52.10 %)  Time =     0.08 sec
reduceDB: Keeping   12578 out of   24003 clauses (52.40 %)  Time =     0.08 sec
reduceDB: Keeping   12933 out of   25000 clauses (51.73 %)  Time =     0.08 sec
reduceDB: Keeping   13237 out of   26000 clauses (50.91 %)  Time =     0.08 sec
reduceDB: Keeping   13839 out of   27000 clauses (51.26 %)  Time =     0.09 sec
reduceDB: Keeping   14320 out of   28001 clauses (51.14 %)  Time =     0.09 sec
reduceDB: Keeping   14751 out of   29000 clauses (50.87 %)  Time =     0.09 sec
reduceDB: Keeping   15411 out of   30001 clauses (51.37 %)  Time =     0.09 sec
reduceDB: Keeping   15916 out of   31004 clauses (51.34 %)  Time =     0.09 sec
reduceDB: Keeping   16573 out of   32002 clauses (51.79 %)  Time =     0.10 sec
reduceDB: Keeping   16744 out of   33000 clauses (50.74 %)  Time =     0.10 sec
reduceDB: Keeping   17344 out of   34000 clauses (51.01 %)  Time =     0.10 sec
reduceDB: Keeping   17820 out of   35000 clauses (50.91 %)  Time =     0.11 sec
reduceDB: Keeping   18730 out of   36001 clauses (52.03 %)  Time =     0.11 sec
reduceDB: Keeping   19179 out of   37001 clauses (51.83 %)  Time =     0.11 sec
reduceDB: Keeping   19584 out of   38001 clauses (51.54 %)  Time =     0.12 sec
reduceDB: Keeping   20186 out of   39001 clauses (51.76 %)  Time =     0.13 sec
reduceDB: Keeping   20501 out of   40002 clauses (51.25 %)  Time =     0.14 sec
reduceDB: Keeping   20788 out of   41000 clauses (50.70 %)  Time =     0.14 sec
reduceDB: Keeping   21671 out of   42002 clauses (51.60 %)  Time =     0.15 sec
reduceDB: Keeping   22238 out of   43001 clauses (51.72 %)  Time =     0.15 sec
reduceDB: Keeping   23079 out of   44001 clauses (52.45 %)  Time =     0.16 sec
reduceDB: Keeping   23855 out of   45000 clauses (53.01 %)  Time =     0.16 sec
reduceDB: Keeping   24048 out of   46000 clauses (52.28 %)  Time =     0.17 sec
reduceDB: Keeping   24125 out of   47000 clauses (51.33 %)  Time =     0.18 sec
reduceDB: Keeping   24424 out of   48000 clauses (50.88 %)  Time =     0.18 sec
reduceDB: Keeping   24544 out of   49000 clauses (50.09 %)  Time =     0.19 sec
reduceDB: Keeping   25065 out of   50002 clauses (50.13 %)  Time =     0.19 sec
reduceDB: Keeping   25727 out of   51003 clauses (50.44 %)  Time =     0.21 sec
reduceDB: Keeping   26068 out of   52000 clauses (50.13 %)  Time =     0.22 sec
reduceDB: Keeping   26396 out of   53002 clauses (49.80 %)  Time =     0.22 sec
reduceDB: Keeping   27072 out of   54000 clauses (50.13 %)  Time =     0.23 sec
reduceDB: Keeping   27578 out of   55000 clauses (50.14 %)  Time =     0.24 sec
reduceDB: Keeping   27968 out of   56000 clauses (49.94 %)  Time =     0.24 sec
reduceDB: Keeping   28563 out of   57001 clauses (50.11 %)  Time =     0.25 sec
reduceDB: Keeping   29036 out of   58001 clauses (50.06 %)  Time =     0.26 sec
reduceDB: Keeping   29586 out of   59000 clauses (50.15 %)  Time =     0.27 sec
reduceDB: Keeping   30106 out of   60000 clauses (50.18 %)  Time =     0.27 sec
reduceDB: Keeping   30572 out of   61002 clauses (50.12 %)  Time =     0.28 sec
reduceDB: Keeping   31052 out of   62001 clauses (50.08 %)  Time =     0.29 sec
reduceDB: Keeping   32092 out of   63000 clauses (50.94 %)  Time =     0.30 sec
reduceDB: Keeping   32949 out of   64003 clauses (51.48 %)  Time =     0.30 sec
reduceDB: Keeping   33935 out of   65000 clauses (52.21 %)  Time =     0.31 sec
reduceDB: Keeping   34238 out of   66000 clauses (51.88 %)  Time =     0.33 sec
reduceDB: Keeping   35265 out of   67000 clauses (52.63 %)  Time =     0.34 sec
reduceDB: Keeping   34855 out of   68001 clauses (51.26 %)  Time =     0.36 sec
reduceDB: Keeping   35375 out of   69000 clauses (51.27 %)  Time =     0.38 sec
reduceDB: Keeping   35347 out of   70000 clauses (50.50 %)  Time =     0.40 sec
reduceDB: Keeping   35656 out of   71001 clauses (50.22 %)  Time =     0.41 sec
reduceDB: Keeping   36075 out of   72000 clauses (50.10 %)  Time =     0.42 sec
reduceDB: Keeping   36623 out of   73001 clauses (50.17 %)  Time =     0.43 sec
reduceDB: Keeping   36993 out of   74000 clauses (49.99 %)  Time =     0.44 sec
reduceDB: Keeping   37637 out of   75000 clauses (50.18 %)  Time =     0.44 sec
reduceDB: Keeping   38100 out of   76000 clauses (50.13 %)  Time =     0.45 sec
reduceDB: Keeping   38587 out of   77000 clauses (50.11 %)  Time =     0.46 sec
reduceDB: Keeping   38994 out of   78002 clauses (49.99 %)  Time =     0.47 sec
reduceDB: Keeping   39377 out of   79000 clauses (49.84 %)  Time =     0.48 sec
reduceDB: Keeping   40059 out of   80000 clauses (50.07 %)  Time =     0.49 sec
reduceDB: Keeping   40338 out of   81000 clauses (49.80 %)  Time =     0.50 sec
reduceDB: Keeping   41000 out of   82001 clauses (50.00 %)  Time =     0.51 sec
reduceDB: Keeping   41417 out of   83001 clauses (49.90 %)  Time =     0.52 sec
reduceDB: Keeping   41992 out of   84000 clauses (49.99 %)  Time =     0.54 sec
reduceDB: Keeping   42649 out of   85001 clauses (50.17 %)  Time =     0.55 sec
reduceDB: Keeping   43091 out of   86002 clauses (50.10 %)  Time =     0.56 sec
reduceDB: Keeping   42582 out of   87001 clauses (48.94 %)  Time =     0.57 sec
reduceDB: Keeping   43977 out of   88000 clauses (49.97 %)  Time =     0.59 sec
reduceDB: Keeping   44651 out of   89000 clauses (50.17 %)  Time =     0.61 sec
reduceDB: Keeping   44496 out of   90000 clauses (49.44 %)  Time =     0.63 sec
reduceDB: Keeping   45607 out of   91003 clauses (50.12 %)  Time =     0.64 sec
reduceDB: Keeping   44345 out of   92001 clauses (48.20 %)  Time =     0.65 sec
reduceDB: Keeping   46578 out of   93000 clauses (50.08 %)  Time =     0.66 sec
reduceDB: Keeping   47486 out of   94001 clauses (50.52 %)  Time =     0.68 sec
reduceDB: Keeping   48248 out of   95000 clauses (50.79 %)  Time =     0.69 sec
reduceDB: Keeping   49164 out of   96000 clauses (51.21 %)  Time =     0.71 sec
reduceDB: Keeping   50334 out of   97000 clauses (51.89 %)  Time =     0.72 sec
reduceDB: Keeping   52308 out of   98000 clauses (53.38 %)  Time =     0.73 sec
reduceDB: Keeping   54105 out of   99003 clauses (54.65 %)  Time =     0.75 sec
reduceDB: Keeping   53709 out of  100001 clauses (53.71 %)  Time =     0.76 sec
reduceDB: Keeping   54163 out of  101000 clauses (53.63 %)  Time =     0.77 sec
reduceDB: Keeping   53784 out of  102000 clauses (52.73 %)  Time =     0.80 sec
reduceDB: Keeping   53640 out of  103000 clauses (52.08 %)  Time =     0.81 sec
reduceDB: Keeping   54110 out of  104001 clauses (52.03 %)  Time =     0.83 sec
reduceDB: Keeping   54413 out of  105000 clauses (51.82 %)  Time =     0.84 sec
reduceDB: Keeping   54819 out of  106000 clauses (51.72 %)  Time =     0.87 sec
reduceDB: Keeping   55053 out of  107001 clauses (51.45 %)  Time =     0.89 sec
reduceDB: Keeping   55827 out of  108000 clauses (51.69 %)  Time =     0.90 sec
reduceDB: Keeping   59246 out of  109000 clauses (54.35 %)  Time =     0.91 sec
reduceDB: Keeping   59270 out of  110003 clauses (53.88 %)  Time =     0.95 sec
reduceDB: Keeping   59080 out of  111003 clauses (53.22 %)  Time =     0.96 sec
reduceDB: Keeping   59409 out of  112002 clauses (53.04 %)  Time =     0.98 sec
reduceDB: Keeping   60352 out of  113000 clauses (53.41 %)  Time =     0.99 sec
reduceDB: Keeping   60777 out of  114001 clauses (53.31 %)  Time =     1.02 sec
reduceDB: Keeping   60496 out of  115000 clauses (52.61 %)  Time =     1.05 sec
reduceDB: Keeping   61196 out of  116000 clauses (52.76 %)  Time =     1.07 sec
reduceDB: Keeping   61528 out of  117001 clauses (52.59 %)  Time =     1.08 sec
reduceDB: Keeping   62588 out of  118000 clauses (53.04 %)  Time =     1.10 sec
reduceDB: Keeping   63968 out of  119001 clauses (53.75 %)  Time =     1.11 sec
reduceDB: Keeping   46218 out of  120000 clauses (38.52 %)  Time =     1.14 sec
reduceDB: Keeping   60421 out of  121001 clauses (49.93 %)  Time =     1.16 sec
reduceDB: Keeping   53995 out of  122001 clauses (44.26 %)  Time =     1.17 sec
reduceDB: Keeping   61408 out of  123000 clauses (49.93 %)  Time =     1.19 sec
reduceDB: Keeping   62109 out of  124000 clauses (50.09 %)  Time =     1.20 sec
reduceDB: Keeping   59877 out of  125002 clauses (47.90 %)  Time =     1.23 sec
reduceDB: Keeping   65383 out of  126000 clauses (51.89 %)  Time =     1.26 sec
starts        :             7065
conflicts     :          3973556
decisions     :          4600877
propagations  :       1214251810
Final SAT:        Nodes =   2100.  Time =   765.44 sec
Networks are equivalent.  Time =   787.38 sec
End Old Verify =   787.38 sec
