ABC command line: "&read replace_2157.aig; &cec -m -v".

label 1
label 3
Assuming the current network is a single-output miter.
label 6
Start EquivFixOutputPairs =     0.00 sec
End EquivFixOutputPairs =     0.00 sec
Start ManSatSweeping =     0.00 sec
Simulating 15 words for 15 rounds. SAT solving with 1000 conflicts.
nSimWords = 0
cst =    2003  cls =      0  lit =    2003  unused =     256  proof =     0
cst =       3  cls =      4  lit =       7  unused =    2248  proof =     0
cst =       2  cls =      3  lit =       5  unused =    2251  proof =     0
cst =       0  cls =      1  lit =       1  unused =    2257  proof =     0
cst =       0  cls =      1  lit =       1  unused =    2257  proof =     0
cst =       0  cls =      1  lit =       1  unused =    2257  proof =     0
cst =       0  cls =      1  lit =       1  unused =    2257  proof =     0
cst =       0  cls =      1  lit =       1  unused =    2257  proof =     0
cst =       0  cls =      1  lit =       1  unused =    2257  proof =     0
cst =       0  cls =      1  lit =       1  unused =    2257  proof =     0
  1 : P =      0. D =      0. F =     1. M =     658. And =    2003. Time =     0.02 sec
Increasing conflict limit to 10000.
The result is written into file "cec_giaSweep.aig".
Switching into reduced mode.
  2 : P =      0. D =      0. F =     1. M =     658. And =    2003. Time =     0.30 sec
Increasing conflict limit to 100000.
The result is written into file "cec_giaSweep.aig".
Switching into normal mode.
  3 : P =      0. D =      0. F =     1. M =       0. And =    2003. Time =     4.05 sec
Performed 3 SAT calls: P = 0  D = 0  F = 3
NBeg = 2003. NEnd = 2003. (Gain =   0.00 %).  RBeg = 0. REnd = 0. (Gain =   0.00 %).
Sim  =     0.00 sec (  0.00 %)
Sat  =     4.36 sec (  0.00 %)
Pat  =     0.00 sec (  0.00 %)
Time =     4.36 sec
End ManSatSweeping =     4.36 sec
Networks are UNDECIDED after the new CEC engine.  Time =     4.36 sec
Calling the old CEC engine.
Start Old Verify =     4.36 sec
Original miter:   Nodes =   2006.
label 27
Initial SAT:      Nodes =   2006.  Time =     0.02 sec
Rewriting:        Nodes =   2006.  Time =     0.02 sec
There are 0 XORs
Balance-X:        Nodes =   2266.  Time =     0.00 sec
Starting Fra_SmlSimulate......classes =     1.   Lits =      4.
Refined classes  after Pattern 0=     1.   Changes =    0.   Lits =      4.
Refined classes after pattern 1 =     1.   Changes =    0.   Lits =      4.
Refined classes  =     1.   Changes =    0.   Lits =      4.
start Fra_FraigSweep...
Fraiging (i=1):   Nodes =   2266.  Time =     0.00 sec
Rewriting:        Nodes =   2025.  Time =     0.01 sec
There are 0 XORs
Balance-X:        Nodes =   2262.  Time =     0.00 sec
Starting Fra_SmlSimulate......classes =     1.   Lits =      4.
Refined classes  after Pattern 0=     1.   Changes =    0.   Lits =      4.
Refined classes after pattern 1 =     1.   Changes =    0.   Lits =      4.
Refined classes  =     1.   Changes =    0.   Lits =      4.
start Fra_FraigSweep...
Fraiging (i=2):   Nodes =   2262.  Time =     0.00 sec
Rewriting:        Nodes =   2028.  Time =     0.01 sec
There are 0 XORs
Balance-X:        Nodes =   2262.  Time =     0.00 sec
Starting Fra_SmlSimulate......classes =     1.   Lits =      4.
Refined classes  after Pattern 0=     1.   Changes =    0.   Lits =      4.
Refined classes after pattern 1 =     1.   Changes =    0.   Lits =      4.
Refined classes  =     1.   Changes =    0.   Lits =      4.
start Fra_FraigSweep...
Fraiging (i=3):   Nodes =   2262.  Time =     0.01 sec
Rewriting:        Nodes =   2027.  Time =     0.01 sec
There are 0 XORs
Balance-X:        Nodes =   2262.  Time =     0.00 sec
Starting Fra_SmlSimulate......classes =     1.   Lits =      4.
Refined classes  after Pattern 0=     1.   Changes =    0.   Lits =      4.
Refined classes after pattern 1 =     1.   Changes =    0.   Lits =      4.
Refined classes  =     1.   Changes =    0.   Lits =      4.
start Fra_FraigSweep...
Fraiging (i=4):   Nodes =   2262.  Time =     0.08 sec
Rewriting:        Nodes =   2028.  Time =     0.01 sec
There are 0 XORs
Balance-X:        Nodes =   2262.  Time =     0.00 sec
Starting Fra_SmlSimulate......classes =     1.   Lits =      4.
Refined classes  after Pattern 0=     1.   Changes =    0.   Lits =      4.
Refined classes after pattern 1 =     1.   Changes =    0.   Lits =      4.
Refined classes  =     1.   Changes =    0.   Lits =      4.
start Fra_FraigSweep...
Fraiging (i=5):   Nodes =   2262.  Time =     0.96 sec
Rewriting:        Nodes =   2027.  Time =     0.01 sec
There are 0 XORs
Balance-X:        Nodes =   2262.  Time =     0.00 sec
Starting Fra_SmlSimulate......classes =     1.   Lits =      4.
Refined classes  after Pattern 0=     1.   Changes =    0.   Lits =      4.
Refined classes after pattern 1 =     1.   Changes =    0.   Lits =      4.
Refined classes  =     1.   Changes =    0.   Lits =      4.
start Fra_FraigSweep...
Fraiging (i=6):   Nodes =   2262.  Time =    11.30 sec
Rewriting:        Nodes =   2028.  Time =     0.01 sec
label 27
CNF stats: Vars =   1567. Clauses =    4669. Literals =    12615. Time =     0.00 sec
Running SAT solver with parameters 10000 and 1000 and 50.
reduceDB: Keeping    5023 out of   10000 clauses (50.23 %)  Time =     0.04 sec
reduceDB: Keeping    5511 out of   11000 clauses (50.10 %)  Time =     0.05 sec
reduceDB: Keeping    6007 out of   12000 clauses (50.06 %)  Time =     0.05 sec
reduceDB: Keeping    6528 out of   13000 clauses (50.22 %)  Time =     0.05 sec
reduceDB: Keeping    7019 out of   14000 clauses (50.14 %)  Time =     0.05 sec
reduceDB: Keeping    7524 out of   15000 clauses (50.16 %)  Time =     0.05 sec
reduceDB: Keeping    8026 out of   16001 clauses (50.16 %)  Time =     0.05 sec
reduceDB: Keeping    8496 out of   17001 clauses (49.97 %)  Time =     0.05 sec
reduceDB: Keeping    9022 out of   18001 clauses (50.12 %)  Time =     0.05 sec
reduceDB: Keeping    9527 out of   19000 clauses (50.14 %)  Time =     0.05 sec
reduceDB: Keeping   10028 out of   20000 clauses (50.14 %)  Time =     0.05 sec
reduceDB: Keeping   10552 out of   21000 clauses (50.25 %)  Time =     0.06 sec
reduceDB: Keeping   11033 out of   22000 clauses (50.15 %)  Time =     0.06 sec
reduceDB: Keeping   11546 out of   23000 clauses (50.20 %)  Time =     0.06 sec
reduceDB: Keeping   12020 out of   24000 clauses (50.08 %)  Time =     0.06 sec
reduceDB: Keeping   12577 out of   25001 clauses (50.31 %)  Time =     0.06 sec
reduceDB: Keeping   13190 out of   26002 clauses (50.73 %)  Time =     0.06 sec
reduceDB: Keeping   13551 out of   27001 clauses (50.19 %)  Time =     0.06 sec
reduceDB: Keeping   14275 out of   28000 clauses (50.98 %)  Time =     0.07 sec
reduceDB: Keeping   15271 out of   29001 clauses (52.66 %)  Time =     0.07 sec
reduceDB: Keeping   16143 out of   30002 clauses (53.81 %)  Time =     0.07 sec
reduceDB: Keeping   16755 out of   31001 clauses (54.05 %)  Time =     0.07 sec
reduceDB: Keeping   17086 out of   32001 clauses (53.39 %)  Time =     0.07 sec
reduceDB: Keeping   17368 out of   33000 clauses (52.63 %)  Time =     0.07 sec
reduceDB: Keeping   18017 out of   34002 clauses (52.99 %)  Time =     0.08 sec
reduceDB: Keeping   18509 out of   35004 clauses (52.88 %)  Time =     0.08 sec
reduceDB: Keeping   19156 out of   36000 clauses (53.21 %)  Time =     0.08 sec
reduceDB: Keeping   19632 out of   37000 clauses (53.06 %)  Time =     0.08 sec
reduceDB: Keeping   19999 out of   38000 clauses (52.63 %)  Time =     0.09 sec
reduceDB: Keeping   20356 out of   39000 clauses (52.19 %)  Time =     0.09 sec
reduceDB: Keeping   20680 out of   40001 clauses (51.70 %)  Time =     0.09 sec
reduceDB: Keeping   21023 out of   41000 clauses (51.28 %)  Time =     0.09 sec
reduceDB: Keeping   21710 out of   42001 clauses (51.69 %)  Time =     0.09 sec
reduceDB: Keeping   22247 out of   43001 clauses (51.74 %)  Time =     0.10 sec
reduceDB: Keeping   22795 out of   44000 clauses (51.81 %)  Time =     0.10 sec
reduceDB: Keeping   23559 out of   45002 clauses (52.35 %)  Time =     0.10 sec
reduceDB: Keeping   23397 out of   46000 clauses (50.86 %)  Time =     0.10 sec
reduceDB: Keeping   23964 out of   47000 clauses (50.99 %)  Time =     0.11 sec
reduceDB: Keeping   24293 out of   48002 clauses (50.61 %)  Time =     0.11 sec
reduceDB: Keeping   24674 out of   49001 clauses (50.35 %)  Time =     0.11 sec
reduceDB: Keeping   25385 out of   50000 clauses (50.77 %)  Time =     0.12 sec
reduceDB: Keeping   25590 out of   51002 clauses (50.17 %)  Time =     0.12 sec
reduceDB: Keeping   26006 out of   52000 clauses (50.01 %)  Time =     0.12 sec
reduceDB: Keeping   26564 out of   53001 clauses (50.12 %)  Time =     0.12 sec
reduceDB: Keeping   27085 out of   54000 clauses (50.16 %)  Time =     0.13 sec
reduceDB: Keeping   27500 out of   55000 clauses (50.00 %)  Time =     0.13 sec
reduceDB: Keeping   28089 out of   56001 clauses (50.16 %)  Time =     0.13 sec
reduceDB: Keeping   28616 out of   57000 clauses (50.20 %)  Time =     0.14 sec
reduceDB: Keeping   29078 out of   58001 clauses (50.13 %)  Time =     0.14 sec
reduceDB: Keeping   29568 out of   59000 clauses (50.12 %)  Time =     0.14 sec
reduceDB: Keeping   30099 out of   60000 clauses (50.16 %)  Time =     0.15 sec
reduceDB: Keeping   30582 out of   61002 clauses (50.13 %)  Time =     0.15 sec
reduceDB: Keeping   31083 out of   62000 clauses (50.13 %)  Time =     0.15 sec
reduceDB: Keeping   31565 out of   63002 clauses (50.10 %)  Time =     0.16 sec
reduceDB: Keeping   32076 out of   64000 clauses (50.12 %)  Time =     0.16 sec
reduceDB: Keeping   32388 out of   65000 clauses (49.83 %)  Time =     0.16 sec
reduceDB: Keeping   33154 out of   66001 clauses (50.23 %)  Time =     0.17 sec
reduceDB: Keeping   33644 out of   67001 clauses (50.21 %)  Time =     0.17 sec
reduceDB: Keeping   34061 out of   68000 clauses (50.09 %)  Time =     0.18 sec
reduceDB: Keeping   34589 out of   69001 clauses (50.13 %)  Time =     0.18 sec
reduceDB: Keeping   35126 out of   70000 clauses (50.18 %)  Time =     0.18 sec
reduceDB: Keeping   35477 out of   71000 clauses (49.97 %)  Time =     0.19 sec
reduceDB: Keeping   36119 out of   72001 clauses (50.16 %)  Time =     0.19 sec
reduceDB: Keeping   36694 out of   73000 clauses (50.27 %)  Time =     0.20 sec
reduceDB: Keeping   37246 out of   74001 clauses (50.33 %)  Time =     0.20 sec
reduceDB: Keeping   37622 out of   75001 clauses (50.16 %)  Time =     0.20 sec
reduceDB: Keeping   38073 out of   76001 clauses (50.10 %)  Time =     0.21 sec
reduceDB: Keeping   38443 out of   77000 clauses (49.93 %)  Time =     0.21 sec
reduceDB: Keeping   39121 out of   78000 clauses (50.16 %)  Time =     0.22 sec
reduceDB: Keeping   39623 out of   79001 clauses (50.16 %)  Time =     0.22 sec
reduceDB: Keeping   40767 out of   80000 clauses (50.96 %)  Time =     0.23 sec
reduceDB: Keeping   40992 out of   81000 clauses (50.61 %)  Time =     0.23 sec
reduceDB: Keeping   41423 out of   82000 clauses (50.52 %)  Time =     0.23 sec
reduceDB: Keeping   41591 out of   83000 clauses (50.11 %)  Time =     0.24 sec
reduceDB: Keeping   42078 out of   84000 clauses (50.09 %)  Time =     0.24 sec
reduceDB: Keeping   41960 out of   85000 clauses (49.36 %)  Time =     0.25 sec
reduceDB: Keeping   43297 out of   86001 clauses (50.34 %)  Time =     0.25 sec
reduceDB: Keeping   43581 out of   87001 clauses (50.09 %)  Time =     0.26 sec
reduceDB: Keeping   44091 out of   88000 clauses (50.10 %)  Time =     0.26 sec
reduceDB: Keeping   44551 out of   89000 clauses (50.06 %)  Time =     0.27 sec
reduceDB: Keeping   45117 out of   90003 clauses (50.13 %)  Time =     0.27 sec
reduceDB: Keeping   45392 out of   91001 clauses (49.88 %)  Time =     0.28 sec
reduceDB: Keeping   46107 out of   92002 clauses (50.12 %)  Time =     0.28 sec
reduceDB: Keeping   46694 out of   93000 clauses (50.21 %)  Time =     0.29 sec
reduceDB: Keeping   48896 out of   94000 clauses (52.02 %)  Time =     0.29 sec
reduceDB: Keeping   49682 out of   95000 clauses (52.30 %)  Time =     0.30 sec
reduceDB: Keeping   50571 out of   96001 clauses (52.68 %)  Time =     0.30 sec
reduceDB: Keeping   51589 out of   97002 clauses (53.18 %)  Time =     0.31 sec
reduceDB: Keeping   53562 out of   98001 clauses (54.65 %)  Time =     0.31 sec
reduceDB: Keeping   54123 out of   99000 clauses (54.67 %)  Time =     0.32 sec
reduceDB: Keeping   53765 out of  100001 clauses (53.76 %)  Time =     0.32 sec
reduceDB: Keeping   54116 out of  101000 clauses (53.58 %)  Time =     0.33 sec
reduceDB: Keeping   54415 out of  102001 clauses (53.35 %)  Time =     0.34 sec
reduceDB: Keeping   54335 out of  103001 clauses (52.75 %)  Time =     0.34 sec
reduceDB: Keeping   55058 out of  104002 clauses (52.94 %)  Time =     0.35 sec
reduceDB: Keeping   54848 out of  105000 clauses (52.24 %)  Time =     0.35 sec
reduceDB: Keeping   56202 out of  106001 clauses (53.02 %)  Time =     0.36 sec
reduceDB: Keeping   55962 out of  107002 clauses (52.30 %)  Time =     0.36 sec
reduceDB: Keeping   56271 out of  108000 clauses (52.10 %)  Time =     0.37 sec
reduceDB: Keeping   58025 out of  109001 clauses (53.23 %)  Time =     0.38 sec
reduceDB: Keeping   57975 out of  110002 clauses (52.70 %)  Time =     0.38 sec
reduceDB: Keeping   58012 out of  111001 clauses (52.26 %)  Time =     0.39 sec
reduceDB: Keeping   58357 out of  112000 clauses (52.10 %)  Time =     0.39 sec
reduceDB: Keeping   58158 out of  113001 clauses (51.47 %)  Time =     0.40 sec
reduceDB: Keeping   59459 out of  114001 clauses (52.16 %)  Time =     0.41 sec
reduceDB: Keeping   59307 out of  115001 clauses (51.57 %)  Time =     0.41 sec
reduceDB: Keeping   60134 out of  116000 clauses (51.84 %)  Time =     0.42 sec
reduceDB: Keeping   61022 out of  117000 clauses (52.16 %)  Time =     0.43 sec
reduceDB: Keeping   61666 out of  118000 clauses (52.26 %)  Time =     0.43 sec
reduceDB: Keeping   46691 out of  119002 clauses (39.24 %)  Time =     0.44 sec
reduceDB: Keeping   58255 out of  120002 clauses (48.55 %)  Time =     0.44 sec
reduceDB: Keeping   60516 out of  121001 clauses (50.01 %)  Time =     0.45 sec
reduceDB: Keeping   61959 out of  122000 clauses (50.79 %)  Time =     0.46 sec
reduceDB: Keeping   64246 out of  123001 clauses (52.23 %)  Time =     0.46 sec
reduceDB: Keeping   53807 out of  124001 clauses (43.39 %)  Time =     0.47 sec
starts        :             6780
conflicts     :          3859215
decisions     :          4446055
propagations  :       1158284812
Final SAT:        Nodes =   2028.  Time =   386.00 sec
Networks are equivalent.  Time =   402.80 sec
End Old Verify =   402.80 sec
