ABC command line: "&read replace_2146.aig; &cec -m -v".

label 1
label 3
Assuming the current network is a single-output miter.
label 6
Start EquivFixOutputPairs =     0.00 sec
End EquivFixOutputPairs =     0.00 sec
Start ManSatSweeping =     0.00 sec
Simulating 15 words for 15 rounds. SAT solving with 1000 conflicts.
nSimWords = 0
cst =    2006  cls =      0  lit =    2006  unused =     256  proof =     0
cst =       3  cls =      4  lit =       7  unused =    2251  proof =     0
cst =       2  cls =      3  lit =       5  unused =    2254  proof =     0
cst =       0  cls =      1  lit =       1  unused =    2260  proof =     0
cst =       0  cls =      1  lit =       1  unused =    2260  proof =     0
cst =       0  cls =      1  lit =       1  unused =    2260  proof =     0
cst =       0  cls =      1  lit =       1  unused =    2260  proof =     0
cst =       0  cls =      1  lit =       1  unused =    2260  proof =     0
cst =       0  cls =      1  lit =       1  unused =    2260  proof =     0
cst =       0  cls =      1  lit =       1  unused =    2260  proof =     0
  1 : P =      0. D =      0. F =     1. M =     661. And =    2006. Time =     0.02 sec
Increasing conflict limit to 10000.
The result is written into file "cec_giaSweep.aig".
Switching into reduced mode.
  2 : P =      0. D =      0. F =     1. M =     661. And =    2006. Time =     0.31 sec
Increasing conflict limit to 100000.
The result is written into file "cec_giaSweep.aig".
Switching into normal mode.
  3 : P =      0. D =      0. F =     1. M =       0. And =    2006. Time =     4.17 sec
Performed 3 SAT calls: P = 0  D = 0  F = 3
NBeg = 2006. NEnd = 2006. (Gain =   0.00 %).  RBeg = 0. REnd = 0. (Gain =   0.00 %).
Sim  =     0.00 sec (  0.00 %)
Sat  =     4.50 sec (  0.00 %)
Pat  =     0.00 sec (  0.00 %)
Time =     4.51 sec
End ManSatSweeping =     4.51 sec
Networks are UNDECIDED after the new CEC engine.  Time =     4.51 sec
Calling the old CEC engine.
Start Old Verify =     4.51 sec
Original miter:   Nodes =   2009.
label 27
Initial SAT:      Nodes =   2009.  Time =     0.02 sec
Rewriting:        Nodes =   2009.  Time =     0.02 sec
There are 0 XORs
Balance-X:        Nodes =   2273.  Time =     0.00 sec
Starting Fra_SmlSimulate......classes =     1.   Lits =      4.
Refined classes  after Pattern 0=     1.   Changes =    0.   Lits =      4.
Refined classes after pattern 1 =     1.   Changes =    0.   Lits =      4.
Refined classes  =     1.   Changes =    0.   Lits =      4.
start Fra_FraigSweep...
Fraiging (i=1):   Nodes =   2273.  Time =     0.00 sec
Rewriting:        Nodes =   2028.  Time =     0.01 sec
There are 0 XORs
Balance-X:        Nodes =   2270.  Time =     0.00 sec
Starting Fra_SmlSimulate......classes =     1.   Lits =      4.
Refined classes  after Pattern 0=     1.   Changes =    0.   Lits =      4.
Refined classes after pattern 1 =     1.   Changes =    0.   Lits =      4.
Refined classes  =     1.   Changes =    0.   Lits =      4.
start Fra_FraigSweep...
Fraiging (i=2):   Nodes =   2270.  Time =     0.00 sec
Rewriting:        Nodes =   2030.  Time =     0.01 sec
There are 0 XORs
Balance-X:        Nodes =   2269.  Time =     0.00 sec
Starting Fra_SmlSimulate......classes =     1.   Lits =      4.
Refined classes  after Pattern 0=     1.   Changes =    0.   Lits =      4.
Refined classes after pattern 1 =     1.   Changes =    0.   Lits =      4.
Refined classes  =     1.   Changes =    0.   Lits =      4.
start Fra_FraigSweep...
Fraiging (i=3):   Nodes =   2269.  Time =     0.00 sec
Rewriting:        Nodes =   2028.  Time =     0.01 sec
There are 0 XORs
Balance-X:        Nodes =   2268.  Time =     0.00 sec
Starting Fra_SmlSimulate......classes =     1.   Lits =      4.
Refined classes  after Pattern 0=     1.   Changes =    0.   Lits =      4.
Refined classes after pattern 1 =     1.   Changes =    0.   Lits =      4.
Refined classes  =     1.   Changes =    0.   Lits =      4.
start Fra_FraigSweep...
Fraiging (i=4):   Nodes =   2268.  Time =     0.04 sec
Rewriting:        Nodes =   2028.  Time =     0.01 sec
There are 0 XORs
Balance-X:        Nodes =   2268.  Time =     0.00 sec
Starting Fra_SmlSimulate......classes =     1.   Lits =      4.
Refined classes  after Pattern 0=     1.   Changes =    0.   Lits =      4.
Refined classes after pattern 1 =     1.   Changes =    0.   Lits =      4.
Refined classes  =     1.   Changes =    0.   Lits =      4.
start Fra_FraigSweep...
Fraiging (i=5):   Nodes =   2268.  Time =     0.46 sec
Rewriting:        Nodes =   2028.  Time =     0.01 sec
There are 0 XORs
Balance-X:        Nodes =   2268.  Time =     0.00 sec
Starting Fra_SmlSimulate......classes =     1.   Lits =      4.
Refined classes  after Pattern 0=     1.   Changes =    0.   Lits =      4.
Refined classes after pattern 1 =     1.   Changes =    0.   Lits =      4.
Refined classes  =     1.   Changes =    0.   Lits =      4.
start Fra_FraigSweep...
Fraiging (i=6):   Nodes =   2268.  Time =     5.28 sec
Rewriting:        Nodes =   2028.  Time =     0.01 sec
label 27
CNF stats: Vars =   1561. Clauses =    4656. Literals =    12596. Time =     0.00 sec
Running SAT solver with parameters 10000 and 1000 and 50.
reduceDB: Keeping    5028 out of   10000 clauses (50.28 %)  Time =     0.03 sec
reduceDB: Keeping    5512 out of   11001 clauses (50.10 %)  Time =     0.03 sec
reduceDB: Keeping    5996 out of   12000 clauses (49.97 %)  Time =     0.03 sec
reduceDB: Keeping    6529 out of   13002 clauses (50.22 %)  Time =     0.03 sec
reduceDB: Keeping    7020 out of   14000 clauses (50.14 %)  Time =     0.03 sec
reduceDB: Keeping    7528 out of   15000 clauses (50.19 %)  Time =     0.03 sec
reduceDB: Keeping    8219 out of   16002 clauses (51.36 %)  Time =     0.03 sec
reduceDB: Keeping    8742 out of   17002 clauses (51.42 %)  Time =     0.03 sec
reduceDB: Keeping    9325 out of   18000 clauses (51.81 %)  Time =     0.04 sec
reduceDB: Keeping   10006 out of   19002 clauses (52.66 %)  Time =     0.04 sec
reduceDB: Keeping   10569 out of   20000 clauses (52.84 %)  Time =     0.04 sec
reduceDB: Keeping   11259 out of   21001 clauses (53.61 %)  Time =     0.04 sec
reduceDB: Keeping   11536 out of   22001 clauses (52.43 %)  Time =     0.04 sec
reduceDB: Keeping   12012 out of   23001 clauses (52.22 %)  Time =     0.04 sec
reduceDB: Keeping   12474 out of   24001 clauses (51.97 %)  Time =     0.04 sec
reduceDB: Keeping   13121 out of   25003 clauses (52.48 %)  Time =     0.04 sec
reduceDB: Keeping   13507 out of   26001 clauses (51.95 %)  Time =     0.05 sec
reduceDB: Keeping   13941 out of   27000 clauses (51.63 %)  Time =     0.05 sec
reduceDB: Keeping   14601 out of   28000 clauses (52.15 %)  Time =     0.05 sec
reduceDB: Keeping   15285 out of   29001 clauses (52.71 %)  Time =     0.05 sec
reduceDB: Keeping   15732 out of   30001 clauses (52.44 %)  Time =     0.05 sec
reduceDB: Keeping   16112 out of   31000 clauses (51.97 %)  Time =     0.05 sec
reduceDB: Keeping   16839 out of   32000 clauses (52.62 %)  Time =     0.06 sec
reduceDB: Keeping   17398 out of   33000 clauses (52.72 %)  Time =     0.06 sec
reduceDB: Keeping   17738 out of   34000 clauses (52.17 %)  Time =     0.06 sec
reduceDB: Keeping   18121 out of   35000 clauses (51.77 %)  Time =     0.06 sec
reduceDB: Keeping   18802 out of   36001 clauses (52.23 %)  Time =     0.06 sec
reduceDB: Keeping   19417 out of   37002 clauses (52.48 %)  Time =     0.07 sec
reduceDB: Keeping   19880 out of   38002 clauses (52.31 %)  Time =     0.07 sec
reduceDB: Keeping   20272 out of   39000 clauses (51.98 %)  Time =     0.07 sec
reduceDB: Keeping   20547 out of   40001 clauses (51.37 %)  Time =     0.07 sec
reduceDB: Keeping   21016 out of   41002 clauses (51.26 %)  Time =     0.08 sec
reduceDB: Keeping   22009 out of   42000 clauses (52.40 %)  Time =     0.08 sec
reduceDB: Keeping   22434 out of   43001 clauses (52.17 %)  Time =     0.08 sec
reduceDB: Keeping   23175 out of   44000 clauses (52.67 %)  Time =     0.08 sec
reduceDB: Keeping   23565 out of   45001 clauses (52.37 %)  Time =     0.09 sec
reduceDB: Keeping   23894 out of   46000 clauses (51.94 %)  Time =     0.09 sec
reduceDB: Keeping   24444 out of   47001 clauses (52.01 %)  Time =     0.09 sec
reduceDB: Keeping   25071 out of   48001 clauses (52.23 %)  Time =     0.09 sec
reduceDB: Keeping   25368 out of   49000 clauses (51.77 %)  Time =     0.10 sec
reduceDB: Keeping   25780 out of   50001 clauses (51.56 %)  Time =     0.10 sec
reduceDB: Keeping   25855 out of   51002 clauses (50.69 %)  Time =     0.10 sec
reduceDB: Keeping   26513 out of   52000 clauses (50.99 %)  Time =     0.10 sec
reduceDB: Keeping   26794 out of   53001 clauses (50.55 %)  Time =     0.11 sec
reduceDB: Keeping   27343 out of   54001 clauses (50.63 %)  Time =     0.11 sec
reduceDB: Keeping   27922 out of   55000 clauses (50.77 %)  Time =     0.11 sec
reduceDB: Keeping   28524 out of   56002 clauses (50.93 %)  Time =     0.12 sec
reduceDB: Keeping   28663 out of   57000 clauses (50.29 %)  Time =     0.12 sec
reduceDB: Keeping   29426 out of   58001 clauses (50.73 %)  Time =     0.12 sec
reduceDB: Keeping   29614 out of   59000 clauses (50.19 %)  Time =     0.13 sec
reduceDB: Keeping   30383 out of   60000 clauses (50.64 %)  Time =     0.13 sec
reduceDB: Keeping   30875 out of   61000 clauses (50.61 %)  Time =     0.13 sec
reduceDB: Keeping   31936 out of   62001 clauses (51.51 %)  Time =     0.14 sec
reduceDB: Keeping   32886 out of   63000 clauses (52.20 %)  Time =     0.14 sec
reduceDB: Keeping   34560 out of   64001 clauses (54.00 %)  Time =     0.14 sec
reduceDB: Keeping   35175 out of   65000 clauses (54.12 %)  Time =     0.15 sec
reduceDB: Keeping   36155 out of   66000 clauses (54.78 %)  Time =     0.15 sec
reduceDB: Keeping   28750 out of   67000 clauses (42.91 %)  Time =     0.16 sec
reduceDB: Keeping   33980 out of   68000 clauses (49.97 %)  Time =     0.16 sec
reduceDB: Keeping   34606 out of   69000 clauses (50.15 %)  Time =     0.16 sec
reduceDB: Keeping   34972 out of   70001 clauses (49.96 %)  Time =     0.17 sec
reduceDB: Keeping   35622 out of   71001 clauses (50.17 %)  Time =     0.17 sec
reduceDB: Keeping   35989 out of   72000 clauses (49.98 %)  Time =     0.18 sec
reduceDB: Keeping   36122 out of   73001 clauses (49.48 %)  Time =     0.18 sec
reduceDB: Keeping   37110 out of   74001 clauses (50.15 %)  Time =     0.18 sec
reduceDB: Keeping   37609 out of   75000 clauses (50.15 %)  Time =     0.19 sec
reduceDB: Keeping   38031 out of   76002 clauses (50.04 %)  Time =     0.19 sec
reduceDB: Keeping   38608 out of   77001 clauses (50.14 %)  Time =     0.20 sec
reduceDB: Keeping   39106 out of   78002 clauses (50.13 %)  Time =     0.20 sec
reduceDB: Keeping   39586 out of   79000 clauses (50.11 %)  Time =     0.20 sec
reduceDB: Keeping   40106 out of   80000 clauses (50.13 %)  Time =     0.21 sec
reduceDB: Keeping   40621 out of   81002 clauses (50.15 %)  Time =     0.21 sec
reduceDB: Keeping   41099 out of   82000 clauses (50.12 %)  Time =     0.22 sec
reduceDB: Keeping   41580 out of   83002 clauses (50.10 %)  Time =     0.22 sec
reduceDB: Keeping   42107 out of   84000 clauses (50.13 %)  Time =     0.23 sec
reduceDB: Keeping   42628 out of   85001 clauses (50.15 %)  Time =     0.23 sec
reduceDB: Keeping   42803 out of   86000 clauses (49.77 %)  Time =     0.24 sec
reduceDB: Keeping   43470 out of   87001 clauses (49.96 %)  Time =     0.24 sec
reduceDB: Keeping   44135 out of   88002 clauses (50.15 %)  Time =     0.25 sec
reduceDB: Keeping   43916 out of   89000 clauses (49.34 %)  Time =     0.25 sec
reduceDB: Keeping   45112 out of   90000 clauses (50.12 %)  Time =     0.26 sec
reduceDB: Keeping   44338 out of   91000 clauses (48.72 %)  Time =     0.26 sec
reduceDB: Keeping   46125 out of   92001 clauses (50.14 %)  Time =     0.27 sec
reduceDB: Keeping   46359 out of   93000 clauses (49.85 %)  Time =     0.27 sec
reduceDB: Keeping   47410 out of   94000 clauses (50.44 %)  Time =     0.28 sec
reduceDB: Keeping   48323 out of   95000 clauses (50.87 %)  Time =     0.28 sec
reduceDB: Keeping   49660 out of   96001 clauses (51.73 %)  Time =     0.28 sec
reduceDB: Keeping   50400 out of   97000 clauses (51.96 %)  Time =     0.29 sec
reduceDB: Keeping   51547 out of   98000 clauses (52.60 %)  Time =     0.30 sec
reduceDB: Keeping   53433 out of   99002 clauses (53.97 %)  Time =     0.30 sec
reduceDB: Keeping   53176 out of  100001 clauses (53.18 %)  Time =     0.31 sec
reduceDB: Keeping   52610 out of  101001 clauses (52.09 %)  Time =     0.31 sec
reduceDB: Keeping   52718 out of  102000 clauses (51.68 %)  Time =     0.32 sec
reduceDB: Keeping   52250 out of  103001 clauses (50.73 %)  Time =     0.32 sec
reduceDB: Keeping   53147 out of  104003 clauses (51.10 %)  Time =     0.33 sec
reduceDB: Keeping   54004 out of  105000 clauses (51.43 %)  Time =     0.33 sec
reduceDB: Keeping   53971 out of  106001 clauses (50.92 %)  Time =     0.34 sec
reduceDB: Keeping   54569 out of  107000 clauses (51.00 %)  Time =     0.35 sec
reduceDB: Keeping   56272 out of  108000 clauses (52.10 %)  Time =     0.35 sec
reduceDB: Keeping   57333 out of  109000 clauses (52.60 %)  Time =     0.36 sec
reduceDB: Keeping   57248 out of  110004 clauses (52.04 %)  Time =     0.36 sec
reduceDB: Keeping   56940 out of  111002 clauses (51.30 %)  Time =     0.37 sec
reduceDB: Keeping   57025 out of  112002 clauses (50.91 %)  Time =     0.38 sec
reduceDB: Keeping   57979 out of  113001 clauses (51.31 %)  Time =     0.38 sec
reduceDB: Keeping   58694 out of  114002 clauses (51.49 %)  Time =     0.39 sec
reduceDB: Keeping   59429 out of  115001 clauses (51.68 %)  Time =     0.39 sec
reduceDB: Keeping   59122 out of  116001 clauses (50.97 %)  Time =     0.40 sec
reduceDB: Keeping   60532 out of  117002 clauses (51.74 %)  Time =     0.41 sec
reduceDB: Keeping   63267 out of  118001 clauses (53.62 %)  Time =     0.41 sec
reduceDB: Keeping   47482 out of  119002 clauses (39.90 %)  Time =     0.42 sec
reduceDB: Keeping   57832 out of  120001 clauses (48.19 %)  Time =     0.43 sec
reduceDB: Keeping   60774 out of  121002 clauses (50.23 %)  Time =     0.43 sec
reduceDB: Keeping   63161 out of  122001 clauses (51.77 %)  Time =     0.44 sec
reduceDB: Keeping   66343 out of  123001 clauses (53.94 %)  Time =     0.45 sec
starts        :             6653
conflicts     :          3819132
decisions     :          4390314
propagations  :       1146763990
Final SAT:        Nodes =   2028.  Time =   380.07 sec
Networks are equivalent.  Time =   390.46 sec
End Old Verify =   390.46 sec
