ABC command line: "&read replace_1423.aig; &cec -m -v".

label 1
label 3
Assuming the current network is a single-output miter.
label 6
Start EquivFixOutputPairs =     0.00 sec
End EquivFixOutputPairs =     0.00 sec
Start ManSatSweeping =     0.00 sec
Simulating 15 words for 15 rounds. SAT solving with 1000 conflicts.
nSimWords = 0
cst =    2044  cls =      0  lit =    2044  unused =     256  proof =     0
cst =       4  cls =      6  lit =      10  unused =    2284  proof =     0
cst =       2  cls =      4  lit =       6  unused =    2290  proof =     0
cst =       0  cls =      1  lit =       1  unused =    2298  proof =     0
cst =       0  cls =      1  lit =       1  unused =    2298  proof =     0
cst =       0  cls =      1  lit =       1  unused =    2298  proof =     0
cst =       0  cls =      1  lit =       1  unused =    2298  proof =     0
cst =       0  cls =      1  lit =       1  unused =    2298  proof =     0
cst =       0  cls =      1  lit =       1  unused =    2298  proof =     0
cst =       0  cls =      1  lit =       1  unused =    2298  proof =     0
  1 : P =      0. D =      0. F =     1. M =     671. And =    2044. Time =     0.02 sec
Increasing conflict limit to 10000.
The result is written into file "cec_giaSweep.aig".
Switching into reduced mode.
  2 : P =      0. D =      0. F =     1. M =     671. And =    2044. Time =     0.26 sec
Increasing conflict limit to 100000.
The result is written into file "cec_giaSweep.aig".
Switching into normal mode.
  3 : P =      0. D =      0. F =     1. M =       0. And =    2044. Time =     3.64 sec
Performed 3 SAT calls: P = 0  D = 0  F = 3
NBeg = 2044. NEnd = 2044. (Gain =   0.00 %).  RBeg = 0. REnd = 0. (Gain =   0.00 %).
Sim  =     0.00 sec (  0.00 %)
Sat  =     3.93 sec (  0.00 %)
Pat  =     0.00 sec (  0.00 %)
Time =     3.94 sec
End ManSatSweeping =     3.94 sec
Networks are UNDECIDED after the new CEC engine.  Time =     3.94 sec
Calling the old CEC engine.
Start Old Verify =     3.94 sec
Original miter:   Nodes =   2047.
label 27
Initial SAT:      Nodes =   2047.  Time =     0.02 sec
Rewriting:        Nodes =   2047.  Time =     0.02 sec
There are 0 XORs
Balance-X:        Nodes =   2312.  Time =     0.00 sec
Starting Fra_SmlSimulate......classes =     1.   Lits =      4.
Refined classes  after Pattern 0=     1.   Changes =    0.   Lits =      4.
Refined classes after pattern 1 =     1.   Changes =    0.   Lits =      4.
Refined classes  =     1.   Changes =    0.   Lits =      4.
start Fra_FraigSweep...
Fraiging (i=1):   Nodes =   2312.  Time =     0.00 sec
Rewriting:        Nodes =   2068.  Time =     0.01 sec
There are 0 XORs
Balance-X:        Nodes =   2310.  Time =     0.00 sec
Starting Fra_SmlSimulate......classes =     1.   Lits =      4.
Refined classes  after Pattern 0=     1.   Changes =    0.   Lits =      4.
Refined classes after pattern 1 =     1.   Changes =    0.   Lits =      4.
Refined classes  =     1.   Changes =    0.   Lits =      4.
start Fra_FraigSweep...
Fraiging (i=2):   Nodes =   2310.  Time =     0.00 sec
Rewriting:        Nodes =   2069.  Time =     0.01 sec
There are 0 XORs
Balance-X:        Nodes =   2309.  Time =     0.00 sec
Starting Fra_SmlSimulate......classes =     1.   Lits =      4.
Refined classes  after Pattern 0=     1.   Changes =    0.   Lits =      4.
Refined classes after pattern 1 =     1.   Changes =    0.   Lits =      4.
Refined classes  =     1.   Changes =    0.   Lits =      4.
start Fra_FraigSweep...
Fraiging (i=3):   Nodes =   2309.  Time =     0.00 sec
Rewriting:        Nodes =   2069.  Time =     0.01 sec
There are 0 XORs
Balance-X:        Nodes =   2309.  Time =     0.00 sec
Starting Fra_SmlSimulate......classes =     1.   Lits =      4.
Refined classes  after Pattern 0=     1.   Changes =    0.   Lits =      4.
Refined classes after pattern 1 =     1.   Changes =    0.   Lits =      4.
Refined classes  =     1.   Changes =    0.   Lits =      4.
start Fra_FraigSweep...
Fraiging (i=4):   Nodes =   2309.  Time =     0.04 sec
Rewriting:        Nodes =   2067.  Time =     0.01 sec
There are 0 XORs
Balance-X:        Nodes =   2308.  Time =     0.00 sec
Starting Fra_SmlSimulate......classes =     1.   Lits =      4.
Refined classes  after Pattern 0=     1.   Changes =    0.   Lits =      4.
Refined classes after pattern 1 =     1.   Changes =    0.   Lits =      4.
Refined classes  =     1.   Changes =    0.   Lits =      4.
start Fra_FraigSweep...
Fraiging (i=5):   Nodes =   2308.  Time =     0.44 sec
Rewriting:        Nodes =   2067.  Time =     0.01 sec
There are 0 XORs
Balance-X:        Nodes =   2308.  Time =     0.00 sec
Starting Fra_SmlSimulate......classes =     1.   Lits =      4.
Refined classes  after Pattern 0=     1.   Changes =    0.   Lits =      4.
Refined classes after pattern 1 =     1.   Changes =    0.   Lits =      4.
Refined classes  =     1.   Changes =    0.   Lits =      4.
start Fra_FraigSweep...
Fraiging (i=6):   Nodes =   2308.  Time =     5.19 sec
Rewriting:        Nodes =   2067.  Time =     0.01 sec
label 27
CNF stats: Vars =   1596. Clauses =    4765. Literals =    12856. Time =     0.00 sec
Running SAT solver with parameters 10000 and 1000 and 50.
reduceDB: Keeping    5028 out of   10000 clauses (50.28 %)  Time =     0.03 sec
reduceDB: Keeping    5514 out of   11000 clauses (50.13 %)  Time =     0.03 sec
reduceDB: Keeping    6002 out of   12000 clauses (50.02 %)  Time =     0.03 sec
reduceDB: Keeping    6539 out of   13001 clauses (50.30 %)  Time =     0.03 sec
reduceDB: Keeping    7011 out of   14000 clauses (50.08 %)  Time =     0.03 sec
reduceDB: Keeping    7531 out of   15001 clauses (50.20 %)  Time =     0.03 sec
reduceDB: Keeping    8014 out of   16000 clauses (50.09 %)  Time =     0.03 sec
reduceDB: Keeping    8490 out of   17000 clauses (49.94 %)  Time =     0.03 sec
reduceDB: Keeping    9014 out of   18001 clauses (50.07 %)  Time =     0.03 sec
reduceDB: Keeping    9571 out of   19001 clauses (50.37 %)  Time =     0.04 sec
reduceDB: Keeping   10022 out of   20001 clauses (50.11 %)  Time =     0.04 sec
reduceDB: Keeping   10577 out of   21001 clauses (50.36 %)  Time =     0.04 sec
reduceDB: Keeping   11126 out of   22004 clauses (50.56 %)  Time =     0.04 sec
reduceDB: Keeping   11724 out of   23000 clauses (50.97 %)  Time =     0.04 sec
reduceDB: Keeping   12039 out of   24001 clauses (50.16 %)  Time =     0.04 sec
reduceDB: Keeping   12630 out of   25001 clauses (50.52 %)  Time =     0.04 sec
reduceDB: Keeping   13250 out of   26000 clauses (50.96 %)  Time =     0.04 sec
reduceDB: Keeping   13761 out of   27000 clauses (50.97 %)  Time =     0.05 sec
reduceDB: Keeping   14292 out of   28003 clauses (51.04 %)  Time =     0.05 sec
reduceDB: Keeping   14665 out of   29001 clauses (50.57 %)  Time =     0.05 sec
reduceDB: Keeping   15784 out of   30000 clauses (52.61 %)  Time =     0.05 sec
reduceDB: Keeping   16026 out of   31002 clauses (51.69 %)  Time =     0.05 sec
reduceDB: Keeping   16536 out of   32003 clauses (51.67 %)  Time =     0.05 sec
reduceDB: Keeping   17085 out of   33002 clauses (51.77 %)  Time =     0.06 sec
reduceDB: Keeping   17491 out of   34000 clauses (51.44 %)  Time =     0.06 sec
reduceDB: Keeping   18029 out of   35001 clauses (51.51 %)  Time =     0.06 sec
reduceDB: Keeping   19031 out of   36000 clauses (52.86 %)  Time =     0.06 sec
reduceDB: Keeping   19516 out of   37002 clauses (52.74 %)  Time =     0.06 sec
reduceDB: Keeping   19980 out of   38001 clauses (52.58 %)  Time =     0.07 sec
reduceDB: Keeping   20564 out of   39000 clauses (52.73 %)  Time =     0.07 sec
reduceDB: Keeping   20672 out of   40001 clauses (51.68 %)  Time =     0.07 sec
reduceDB: Keeping   20847 out of   41003 clauses (50.84 %)  Time =     0.07 sec
reduceDB: Keeping   21265 out of   42000 clauses (50.63 %)  Time =     0.07 sec
reduceDB: Keeping   22105 out of   43000 clauses (51.41 %)  Time =     0.08 sec
reduceDB: Keeping   22646 out of   44000 clauses (51.47 %)  Time =     0.08 sec
reduceDB: Keeping   23010 out of   45004 clauses (51.13 %)  Time =     0.08 sec
reduceDB: Keeping   23179 out of   46000 clauses (50.39 %)  Time =     0.08 sec
reduceDB: Keeping   23600 out of   47000 clauses (50.21 %)  Time =     0.09 sec
reduceDB: Keeping   24063 out of   48000 clauses (50.13 %)  Time =     0.09 sec
reduceDB: Keeping   24595 out of   49001 clauses (50.19 %)  Time =     0.09 sec
reduceDB: Keeping   25486 out of   50000 clauses (50.97 %)  Time =     0.09 sec
reduceDB: Keeping   26019 out of   51001 clauses (51.02 %)  Time =     0.10 sec
reduceDB: Keeping   26460 out of   52001 clauses (50.88 %)  Time =     0.10 sec
reduceDB: Keeping   27128 out of   53004 clauses (51.18 %)  Time =     0.10 sec
reduceDB: Keeping   27277 out of   54001 clauses (50.51 %)  Time =     0.11 sec
reduceDB: Keeping   27570 out of   55000 clauses (50.13 %)  Time =     0.11 sec
reduceDB: Keeping   28050 out of   56000 clauses (50.09 %)  Time =     0.11 sec
reduceDB: Keeping   28684 out of   57001 clauses (50.32 %)  Time =     0.11 sec
reduceDB: Keeping   29533 out of   58000 clauses (50.92 %)  Time =     0.12 sec
reduceDB: Keeping   29912 out of   59002 clauses (50.70 %)  Time =     0.12 sec
reduceDB: Keeping   30164 out of   60000 clauses (50.27 %)  Time =     0.12 sec
reduceDB: Keeping   30929 out of   61000 clauses (50.70 %)  Time =     0.13 sec
reduceDB: Keeping   31195 out of   62000 clauses (50.31 %)  Time =     0.13 sec
reduceDB: Keeping   31586 out of   63000 clauses (50.14 %)  Time =     0.13 sec
reduceDB: Keeping   32069 out of   64001 clauses (50.11 %)  Time =     0.14 sec
reduceDB: Keeping   33305 out of   65000 clauses (51.24 %)  Time =     0.14 sec
reduceDB: Keeping   34272 out of   66003 clauses (51.92 %)  Time =     0.14 sec
reduceDB: Keeping   35583 out of   67001 clauses (53.11 %)  Time =     0.15 sec
reduceDB: Keeping   35608 out of   68000 clauses (52.36 %)  Time =     0.15 sec
reduceDB: Keeping   36132 out of   69002 clauses (52.36 %)  Time =     0.15 sec
reduceDB: Keeping   36656 out of   70002 clauses (52.36 %)  Time =     0.16 sec
reduceDB: Keeping   36645 out of   71001 clauses (51.61 %)  Time =     0.16 sec
reduceDB: Keeping   37359 out of   72001 clauses (51.89 %)  Time =     0.17 sec
reduceDB: Keeping   37065 out of   73000 clauses (50.77 %)  Time =     0.17 sec
reduceDB: Keeping   37486 out of   74000 clauses (50.66 %)  Time =     0.17 sec
reduceDB: Keeping   37694 out of   75003 clauses (50.26 %)  Time =     0.18 sec
reduceDB: Keeping   37982 out of   76001 clauses (49.98 %)  Time =     0.18 sec
reduceDB: Keeping   38417 out of   77001 clauses (49.89 %)  Time =     0.19 sec
reduceDB: Keeping   39110 out of   78000 clauses (50.14 %)  Time =     0.19 sec
reduceDB: Keeping   39618 out of   79000 clauses (50.15 %)  Time =     0.19 sec
reduceDB: Keeping   40558 out of   80001 clauses (50.70 %)  Time =     0.20 sec
reduceDB: Keeping   40630 out of   81002 clauses (50.16 %)  Time =     0.20 sec
reduceDB: Keeping   41271 out of   82000 clauses (50.33 %)  Time =     0.21 sec
reduceDB: Keeping   41609 out of   83002 clauses (50.13 %)  Time =     0.21 sec
reduceDB: Keeping   42137 out of   84000 clauses (50.16 %)  Time =     0.21 sec
reduceDB: Keeping   42305 out of   85002 clauses (49.77 %)  Time =     0.22 sec
reduceDB: Keeping   42994 out of   86000 clauses (49.99 %)  Time =     0.22 sec
reduceDB: Keeping   43607 out of   87001 clauses (50.12 %)  Time =     0.23 sec
reduceDB: Keeping   44059 out of   88001 clauses (50.07 %)  Time =     0.23 sec
reduceDB: Keeping   44496 out of   89000 clauses (50.00 %)  Time =     0.24 sec
reduceDB: Keeping   45093 out of   90001 clauses (50.10 %)  Time =     0.24 sec
reduceDB: Keeping   45331 out of   91001 clauses (49.81 %)  Time =     0.25 sec
reduceDB: Keeping   46101 out of   92000 clauses (50.11 %)  Time =     0.25 sec
reduceDB: Keeping   46491 out of   93001 clauses (49.99 %)  Time =     0.25 sec
reduceDB: Keeping   46924 out of   94002 clauses (49.92 %)  Time =     0.26 sec
reduceDB: Keeping   47611 out of   95000 clauses (50.12 %)  Time =     0.26 sec
reduceDB: Keeping   47964 out of   96000 clauses (49.96 %)  Time =     0.27 sec
reduceDB: Keeping   48568 out of   97001 clauses (50.07 %)  Time =     0.27 sec
reduceDB: Keeping   50395 out of   98000 clauses (51.42 %)  Time =     0.28 sec
reduceDB: Keeping   50661 out of   99000 clauses (51.17 %)  Time =     0.28 sec
reduceDB: Keeping   51230 out of  100000 clauses (51.23 %)  Time =     0.29 sec
reduceDB: Keeping   51662 out of  101002 clauses (51.15 %)  Time =     0.29 sec
reduceDB: Keeping   51966 out of  102000 clauses (50.95 %)  Time =     0.30 sec
reduceDB: Keeping   53076 out of  103000 clauses (51.53 %)  Time =     0.30 sec
reduceDB: Keeping   54131 out of  104000 clauses (52.05 %)  Time =     0.31 sec
reduceDB: Keeping   53660 out of  105000 clauses (51.10 %)  Time =     0.31 sec
reduceDB: Keeping   54301 out of  106002 clauses (51.23 %)  Time =     0.32 sec
reduceDB: Keeping   54392 out of  107000 clauses (50.83 %)  Time =     0.32 sec
reduceDB: Keeping   55940 out of  108000 clauses (51.80 %)  Time =     0.33 sec
reduceDB: Keeping   56851 out of  109001 clauses (52.16 %)  Time =     0.34 sec
reduceDB: Keeping   57108 out of  110001 clauses (51.92 %)  Time =     0.34 sec
reduceDB: Keeping   57607 out of  111003 clauses (51.90 %)  Time =     0.35 sec
reduceDB: Keeping   57912 out of  112000 clauses (51.71 %)  Time =     0.35 sec
reduceDB: Keeping   59667 out of  113001 clauses (52.80 %)  Time =     0.36 sec
reduceDB: Keeping   59648 out of  114000 clauses (52.32 %)  Time =     0.36 sec
reduceDB: Keeping   60362 out of  115001 clauses (52.49 %)  Time =     0.37 sec
reduceDB: Keeping   60740 out of  116002 clauses (52.36 %)  Time =     0.38 sec
reduceDB: Keeping   60871 out of  117000 clauses (52.03 %)  Time =     0.38 sec
reduceDB: Keeping   62677 out of  118000 clauses (53.12 %)  Time =     0.39 sec
reduceDB: Keeping   64084 out of  119000 clauses (53.85 %)  Time =     0.39 sec
reduceDB: Keeping   48341 out of  120001 clauses (40.28 %)  Time =     0.40 sec
reduceDB: Keeping   60092 out of  121001 clauses (49.66 %)  Time =     0.41 sec
reduceDB: Keeping   60920 out of  122000 clauses (49.93 %)  Time =     0.41 sec
reduceDB: Keeping   61485 out of  123002 clauses (49.99 %)  Time =     0.42 sec
reduceDB: Keeping   64763 out of  124001 clauses (52.23 %)  Time =     0.42 sec
starts        :             6780
conflicts     :          3861072
decisions     :          4423159
propagations  :       1194632047
Final SAT:        Nodes =   2067.  Time =   362.74 sec
Networks are equivalent.  Time =   372.44 sec
End Old Verify =   372.44 sec
