ABC command line: "&read replace_1390.aig; &cec -m -v".

label 1
label 3
Assuming the current network is a single-output miter.
label 6
Start EquivFixOutputPairs =     0.00 sec
End EquivFixOutputPairs =     0.00 sec
Start ManSatSweeping =     0.00 sec
Simulating 15 words for 15 rounds. SAT solving with 1000 conflicts.
nSimWords = 0
cst =    2517  cls =      0  lit =    2517  unused =     256  proof =     0
cst =       3  cls =     17  lit =      22  unused =    2734  proof =     0
cst =       2  cls =      4  lit =       7  unused =    2762  proof =     0
cst =       0  cls =      2  lit =       2  unused =    2769  proof =     0
cst =       0  cls =      1  lit =       1  unused =    2771  proof =     0
cst =       0  cls =      1  lit =       1  unused =    2771  proof =     0
cst =       0  cls =      1  lit =       1  unused =    2771  proof =     0
cst =       0  cls =      1  lit =       1  unused =    2771  proof =     0
cst =       0  cls =      1  lit =       1  unused =    2771  proof =     0
cst =       0  cls =      1  lit =       1  unused =    2771  proof =     0
  1 : P =      0. D =      0. F =     1. M =     870. And =    2517. Time =     0.03 sec
Increasing conflict limit to 10000.
The result is written into file "cec_giaSweep.aig".
Switching into reduced mode.
  2 : P =      0. D =      0. F =     1. M =     870. And =    2517. Time =     0.32 sec
Increasing conflict limit to 100000.
The result is written into file "cec_giaSweep.aig".
Switching into normal mode.
  3 : P =      0. D =      0. F =     1. M =       0. And =    2517. Time =     4.24 sec
Performed 3 SAT calls: P = 0  D = 0  F = 3
NBeg = 2517. NEnd = 2517. (Gain =   0.00 %).  RBeg = 0. REnd = 0. (Gain =   0.00 %).
Sim  =     0.01 sec (  0.00 %)
Sat  =     4.59 sec (  0.00 %)
Pat  =     0.00 sec (  0.00 %)
Time =     4.60 sec
End ManSatSweeping =     4.60 sec
Networks are UNDECIDED after the new CEC engine.  Time =     4.60 sec
Calling the old CEC engine.
Start Old Verify =     4.60 sec
Original miter:   Nodes =   2520.
label 27
Initial SAT:      Nodes =   2520.  Time =     0.02 sec
Rewriting:        Nodes =   2520.  Time =     0.02 sec
There are 0 XORs
Balance-X:        Nodes =   2810.  Time =     0.00 sec
Starting Fra_SmlSimulate......classes =     2.   Lits =      5.
Refined classes  after Pattern 0=     2.   Changes =    0.   Lits =      5.
Refined classes after pattern 1 =     2.   Changes =    0.   Lits =      5.
Refined classes  =     1.   Changes =    1.   Lits =      4.
Refined classes  =     1.   Changes =    0.   Lits =      4.
start Fra_FraigSweep...
Fraiging (i=1):   Nodes =   2810.  Time =     0.00 sec
Rewriting:        Nodes =   2546.  Time =     0.01 sec
There are 0 XORs
Balance-X:        Nodes =   2807.  Time =     0.00 sec
Starting Fra_SmlSimulate......classes =     2.   Lits =      5.
Refined classes  after Pattern 0=     2.   Changes =    0.   Lits =      5.
Refined classes after pattern 1 =     2.   Changes =    0.   Lits =      5.
Refined classes  =     1.   Changes =    1.   Lits =      4.
Refined classes  =     1.   Changes =    0.   Lits =      4.
start Fra_FraigSweep...
Fraiging (i=2):   Nodes =   2807.  Time =     0.00 sec
Rewriting:        Nodes =   2545.  Time =     0.01 sec
There are 0 XORs
Balance-X:        Nodes =   2807.  Time =     0.00 sec
Starting Fra_SmlSimulate......classes =     2.   Lits =      5.
Refined classes  after Pattern 0=     2.   Changes =    0.   Lits =      5.
Refined classes after pattern 1 =     2.   Changes =    0.   Lits =      5.
Refined classes  =     1.   Changes =    1.   Lits =      4.
Refined classes  =     1.   Changes =    0.   Lits =      4.
start Fra_FraigSweep...
Fraiging (i=3):   Nodes =   2807.  Time =     0.01 sec
Rewriting:        Nodes =   2545.  Time =     0.01 sec
There are 0 XORs
Balance-X:        Nodes =   2807.  Time =     0.00 sec
Starting Fra_SmlSimulate......classes =     2.   Lits =      5.
Refined classes  after Pattern 0=     2.   Changes =    0.   Lits =      5.
Refined classes after pattern 1 =     2.   Changes =    0.   Lits =      5.
Refined classes  =     1.   Changes =    1.   Lits =      4.
Refined classes  =     1.   Changes =    0.   Lits =      4.
start Fra_FraigSweep...
Fraiging (i=4):   Nodes =   2807.  Time =     0.09 sec
Rewriting:        Nodes =   2545.  Time =     0.01 sec
There are 0 XORs
Balance-X:        Nodes =   2807.  Time =     0.00 sec
Starting Fra_SmlSimulate......classes =     2.   Lits =      5.
Refined classes  after Pattern 0=     2.   Changes =    0.   Lits =      5.
Refined classes after pattern 1 =     2.   Changes =    0.   Lits =      5.
Refined classes  =     1.   Changes =    1.   Lits =      4.
Refined classes  =     1.   Changes =    0.   Lits =      4.
start Fra_FraigSweep...
Fraiging (i=5):   Nodes =   2807.  Time =     1.04 sec
Rewriting:        Nodes =   2545.  Time =     0.01 sec
There are 0 XORs
Balance-X:        Nodes =   2807.  Time =     0.00 sec
Starting Fra_SmlSimulate......classes =     2.   Lits =      5.
Refined classes  after Pattern 0=     2.   Changes =    0.   Lits =      5.
Refined classes after pattern 1 =     2.   Changes =    0.   Lits =      5.
Refined classes  =     1.   Changes =    1.   Lits =      4.
Refined classes  =     1.   Changes =    0.   Lits =      4.
start Fra_FraigSweep...
Fraiging (i=6):   Nodes =   2807.  Time =    12.11 sec
Rewriting:        Nodes =   2545.  Time =     0.01 sec
label 27
CNF stats: Vars =   1829. Clauses =    5742. Literals =    15527. Time =     0.00 sec
Running SAT solver with parameters 10000 and 1000 and 50.
reduceDB: Keeping    5027 out of   10000 clauses (50.27 %)  Time =     0.04 sec
reduceDB: Keeping    5514 out of   11000 clauses (50.13 %)  Time =     0.04 sec
reduceDB: Keeping    6008 out of   12002 clauses (50.06 %)  Time =     0.04 sec
reduceDB: Keeping    6522 out of   13000 clauses (50.17 %)  Time =     0.04 sec
reduceDB: Keeping    7011 out of   14000 clauses (50.08 %)  Time =     0.04 sec
reduceDB: Keeping    7523 out of   15000 clauses (50.15 %)  Time =     0.05 sec
reduceDB: Keeping    8036 out of   16001 clauses (50.22 %)  Time =     0.05 sec
reduceDB: Keeping    8596 out of   17000 clauses (50.56 %)  Time =     0.05 sec
reduceDB: Keeping    9163 out of   18000 clauses (50.91 %)  Time =     0.05 sec
reduceDB: Keeping    9765 out of   19001 clauses (51.39 %)  Time =     0.05 sec
reduceDB: Keeping   10390 out of   20000 clauses (51.95 %)  Time =     0.05 sec
reduceDB: Keeping   11185 out of   21001 clauses (53.26 %)  Time =     0.05 sec
reduceDB: Keeping   11686 out of   22004 clauses (53.11 %)  Time =     0.05 sec
reduceDB: Keeping   12120 out of   23000 clauses (52.70 %)  Time =     0.05 sec
reduceDB: Keeping   12651 out of   24001 clauses (52.71 %)  Time =     0.06 sec
reduceDB: Keeping   13375 out of   25004 clauses (53.49 %)  Time =     0.06 sec
reduceDB: Keeping   13734 out of   26000 clauses (52.82 %)  Time =     0.06 sec
reduceDB: Keeping   14052 out of   27003 clauses (52.04 %)  Time =     0.06 sec
reduceDB: Keeping   14570 out of   28000 clauses (52.04 %)  Time =     0.06 sec
reduceDB: Keeping   13485 out of   29001 clauses (46.50 %)  Time =     0.06 sec
reduceDB: Keeping   15068 out of   30000 clauses (50.23 %)  Time =     0.07 sec
reduceDB: Keeping   15553 out of   31000 clauses (50.17 %)  Time =     0.07 sec
reduceDB: Keeping   16147 out of   32001 clauses (50.46 %)  Time =     0.07 sec
reduceDB: Keeping   16720 out of   33000 clauses (50.67 %)  Time =     0.07 sec
reduceDB: Keeping   17269 out of   34002 clauses (50.79 %)  Time =     0.07 sec
reduceDB: Keeping   17817 out of   35002 clauses (50.90 %)  Time =     0.07 sec
reduceDB: Keeping   18396 out of   36003 clauses (51.10 %)  Time =     0.08 sec
reduceDB: Keeping   19104 out of   37003 clauses (51.63 %)  Time =     0.08 sec
reduceDB: Keeping   19597 out of   38001 clauses (51.57 %)  Time =     0.08 sec
reduceDB: Keeping   20283 out of   39000 clauses (52.01 %)  Time =     0.08 sec
reduceDB: Keeping   20583 out of   40000 clauses (51.46 %)  Time =     0.08 sec
reduceDB: Keeping   21237 out of   41000 clauses (51.80 %)  Time =     0.09 sec
reduceDB: Keeping   22873 out of   42001 clauses (54.46 %)  Time =     0.09 sec
reduceDB: Keeping   19456 out of   43001 clauses (45.25 %)  Time =     0.09 sec
reduceDB: Keeping   22034 out of   44002 clauses (50.07 %)  Time =     0.09 sec
reduceDB: Keeping   22620 out of   45001 clauses (50.27 %)  Time =     0.10 sec
reduceDB: Keeping   23039 out of   46003 clauses (50.08 %)  Time =     0.10 sec
reduceDB: Keeping   23559 out of   47001 clauses (50.12 %)  Time =     0.10 sec
reduceDB: Keeping   24108 out of   48002 clauses (50.22 %)  Time =     0.10 sec
reduceDB: Keeping   24898 out of   49002 clauses (50.81 %)  Time =     0.11 sec
reduceDB: Keeping   25440 out of   50000 clauses (50.88 %)  Time =     0.11 sec
reduceDB: Keeping   25743 out of   51001 clauses (50.48 %)  Time =     0.11 sec
reduceDB: Keeping   26562 out of   52001 clauses (51.08 %)  Time =     0.11 sec
reduceDB: Keeping   27328 out of   53000 clauses (51.56 %)  Time =     0.12 sec
reduceDB: Keeping   28508 out of   54001 clauses (52.79 %)  Time =     0.12 sec
reduceDB: Keeping   28563 out of   55001 clauses (51.93 %)  Time =     0.12 sec
reduceDB: Keeping   28854 out of   56003 clauses (51.52 %)  Time =     0.13 sec
reduceDB: Keeping   29383 out of   57001 clauses (51.55 %)  Time =     0.13 sec
reduceDB: Keeping   29966 out of   58000 clauses (51.67 %)  Time =     0.13 sec
reduceDB: Keeping   30600 out of   59000 clauses (51.86 %)  Time =     0.14 sec
reduceDB: Keeping   30727 out of   60000 clauses (51.21 %)  Time =     0.14 sec
reduceDB: Keeping   30769 out of   61002 clauses (50.44 %)  Time =     0.14 sec
reduceDB: Keeping   32265 out of   62000 clauses (52.04 %)  Time =     0.14 sec
reduceDB: Keeping   33167 out of   63000 clauses (52.65 %)  Time =     0.15 sec
reduceDB: Keeping   34182 out of   64000 clauses (53.41 %)  Time =     0.15 sec
reduceDB: Keeping   34889 out of   65000 clauses (53.68 %)  Time =     0.15 sec
reduceDB: Keeping   35574 out of   66000 clauses (53.90 %)  Time =     0.16 sec
reduceDB: Keeping   36275 out of   67000 clauses (54.14 %)  Time =     0.16 sec
reduceDB: Keeping   36375 out of   68000 clauses (53.49 %)  Time =     0.16 sec
reduceDB: Keeping   36474 out of   69001 clauses (52.86 %)  Time =     0.17 sec
reduceDB: Keeping   36553 out of   70001 clauses (52.22 %)  Time =     0.17 sec
reduceDB: Keeping   36778 out of   71004 clauses (51.80 %)  Time =     0.18 sec
reduceDB: Keeping   37029 out of   72000 clauses (51.43 %)  Time =     0.18 sec
reduceDB: Keeping   37487 out of   73001 clauses (51.35 %)  Time =     0.18 sec
reduceDB: Keeping   38772 out of   74001 clauses (52.39 %)  Time =     0.19 sec
reduceDB: Keeping   38237 out of   75001 clauses (50.98 %)  Time =     0.19 sec
reduceDB: Keeping   38888 out of   76000 clauses (51.17 %)  Time =     0.20 sec
reduceDB: Keeping   39265 out of   77001 clauses (50.99 %)  Time =     0.20 sec
reduceDB: Keeping   39546 out of   78000 clauses (50.70 %)  Time =     0.20 sec
reduceDB: Keeping   40189 out of   79000 clauses (50.87 %)  Time =     0.21 sec
reduceDB: Keeping   41916 out of   80001 clauses (52.39 %)  Time =     0.21 sec
reduceDB: Keeping   43520 out of   81002 clauses (53.73 %)  Time =     0.22 sec
reduceDB: Keeping   42971 out of   82000 clauses (52.40 %)  Time =     0.22 sec
reduceDB: Keeping   43057 out of   83003 clauses (51.87 %)  Time =     0.22 sec
reduceDB: Keeping   43436 out of   84002 clauses (51.71 %)  Time =     0.23 sec
reduceDB: Keeping   43756 out of   85001 clauses (51.48 %)  Time =     0.23 sec
reduceDB: Keeping   43939 out of   86001 clauses (51.09 %)  Time =     0.24 sec
reduceDB: Keeping   45064 out of   87000 clauses (51.80 %)  Time =     0.24 sec
reduceDB: Keeping   45297 out of   88000 clauses (51.47 %)  Time =     0.25 sec
reduceDB: Keeping   45549 out of   89000 clauses (51.18 %)  Time =     0.25 sec
reduceDB: Keeping   45850 out of   90001 clauses (50.94 %)  Time =     0.26 sec
reduceDB: Keeping   46173 out of   91003 clauses (50.74 %)  Time =     0.26 sec
reduceDB: Keeping   46578 out of   92000 clauses (50.63 %)  Time =     0.27 sec
reduceDB: Keeping   47480 out of   93000 clauses (51.05 %)  Time =     0.27 sec
reduceDB: Keeping   48913 out of   94000 clauses (52.04 %)  Time =     0.27 sec
reduceDB: Keeping   51244 out of   95001 clauses (53.94 %)  Time =     0.28 sec
reduceDB: Keeping   51865 out of   96003 clauses (54.02 %)  Time =     0.28 sec
reduceDB: Keeping   40915 out of   97001 clauses (42.18 %)  Time =     0.29 sec
reduceDB: Keeping   48904 out of   98000 clauses (49.90 %)  Time =     0.29 sec
reduceDB: Keeping   49511 out of   99001 clauses (50.01 %)  Time =     0.30 sec
reduceDB: Keeping   50013 out of  100001 clauses (50.01 %)  Time =     0.30 sec
reduceDB: Keeping   50297 out of  101000 clauses (49.80 %)  Time =     0.31 sec
reduceDB: Keeping   50845 out of  102000 clauses (49.85 %)  Time =     0.31 sec
reduceDB: Keeping   51395 out of  103000 clauses (49.90 %)  Time =     0.32 sec
reduceDB: Keeping   51970 out of  104001 clauses (49.97 %)  Time =     0.32 sec
reduceDB: Keeping   52648 out of  105001 clauses (50.14 %)  Time =     0.33 sec
reduceDB: Keeping   53153 out of  106000 clauses (50.14 %)  Time =     0.34 sec
reduceDB: Keeping   53825 out of  107000 clauses (50.30 %)  Time =     0.34 sec
reduceDB: Keeping   55068 out of  108001 clauses (50.99 %)  Time =     0.35 sec
reduceDB: Keeping   57828 out of  109000 clauses (53.05 %)  Time =     0.35 sec
reduceDB: Keeping   58516 out of  110001 clauses (53.20 %)  Time =     0.36 sec
reduceDB: Keeping   58949 out of  111001 clauses (53.11 %)  Time =     0.36 sec
reduceDB: Keeping   59737 out of  112001 clauses (53.34 %)  Time =     0.37 sec
reduceDB: Keeping   60212 out of  113000 clauses (53.28 %)  Time =     0.37 sec
reduceDB: Keeping   61358 out of  114000 clauses (53.82 %)  Time =     0.38 sec
reduceDB: Keeping   61392 out of  115004 clauses (53.38 %)  Time =     0.39 sec
reduceDB: Keeping   62084 out of  116001 clauses (53.52 %)  Time =     0.39 sec
reduceDB: Keeping   62270 out of  117001 clauses (53.22 %)  Time =     0.40 sec
reduceDB: Keeping   63413 out of  118000 clauses (53.74 %)  Time =     0.40 sec
reduceDB: Keeping   64746 out of  119002 clauses (54.41 %)  Time =     0.41 sec
reduceDB: Keeping   50248 out of  120000 clauses (41.87 %)  Time =     0.42 sec
reduceDB: Keeping   60267 out of  121000 clauses (49.81 %)  Time =     0.42 sec
reduceDB: Keeping   56344 out of  122001 clauses (46.18 %)  Time =     0.43 sec
starts        :             6441
conflicts     :          3701363
decisions     :          4261191
propagations  :       1333465267
Final SAT:        Nodes =   2545.  Time =   354.26 sec
Networks are equivalent.  Time =   372.21 sec
End Old Verify =   372.21 sec
