ABC command line: "&read replace_2104.aig; &cec -m -v".

label 1
label 3
Assuming the current network is a single-output miter.
label 6
Start EquivFixOutputPairs =     0.00 sec
End EquivFixOutputPairs =     0.00 sec
Start ManSatSweeping =     0.00 sec
Simulating 15 words for 15 rounds. SAT solving with 1000 conflicts.
nSimWords = 0
cst =    2014  cls =      0  lit =    2014  unused =     256  proof =     0
cst =       2  cls =      5  lit =       8  unused =    2257  proof =     0
cst =       2  cls =      3  lit =       5  unused =    2262  proof =     0
cst =       1  cls =      2  lit =       3  unused =    2265  proof =     0
cst =       1  cls =      2  lit =       3  unused =    2265  proof =     0
cst =       1  cls =      2  lit =       3  unused =    2265  proof =     0
cst =       1  cls =      2  lit =       3  unused =    2265  proof =     0
cst =       1  cls =      2  lit =       3  unused =    2265  proof =     0
cst =       1  cls =      2  lit =       3  unused =    2265  proof =     0
cst =       1  cls =      2  lit =       3  unused =    2265  proof =     0
  1 : P =      0. D =      0. F =     1. M =     659. And =    2014. Time =     0.02 sec
Increasing conflict limit to 10000.
The result is written into file "cec_giaSweep.aig".
Switching into reduced mode.
  2 : P =      0. D =      1. F =     0. M =     659. And =    2014. Time =     0.00 sec
Switching into normal mode.
  3 : P =      0. D =      1. F =     0. M =       0. And =    2014. Time =     0.00 sec
  4 : P =      0. D =      0. F =     1. M =       0. And =    2014. Time =     0.30 sec
Increasing conflict limit to 100000.
The result is written into file "cec_giaSweep.aig".
  5 : P =      0. D =      0. F =     1. M =       0. And =    2014. Time =     3.89 sec
Performed 5 SAT calls: P = 0  D = 2  F = 3
NBeg = 2014. NEnd = 2014. (Gain =   0.00 %).  RBeg = 0. REnd = 0. (Gain =   0.00 %).
Sim  =     0.00 sec (  0.00 %)
Sat  =     4.21 sec (  0.00 %)
Pat  =     0.00 sec (  0.00 %)
Time =     4.21 sec
End ManSatSweeping =     4.21 sec
Networks are UNDECIDED after the new CEC engine.  Time =     4.21 sec
Calling the old CEC engine.
Start Old Verify =     4.21 sec
Original miter:   Nodes =   2017.
label 27
Initial SAT:      Nodes =   2017.  Time =     0.02 sec
Rewriting:        Nodes =   2017.  Time =     0.02 sec
There are 0 XORs
Balance-X:        Nodes =   2277.  Time =     0.00 sec
Starting Fra_SmlSimulate......classes =     2.   Lits =      6.
Refined classes  after Pattern 0=     2.   Changes =    0.   Lits =      6.
Refined classes after pattern 1 =     2.   Changes =    0.   Lits =      6.
Refined classes  =     2.   Changes =    0.   Lits =      6.
start Fra_FraigSweep...
Fraiging (i=1):   Nodes =   2277.  Time =     0.00 sec
Rewriting:        Nodes =   2037.  Time =     0.01 sec
There are 0 XORs
Balance-X:        Nodes =   2275.  Time =     0.00 sec
Starting Fra_SmlSimulate......classes =     2.   Lits =      6.
Refined classes  after Pattern 0=     2.   Changes =    0.   Lits =      6.
Refined classes after pattern 1 =     2.   Changes =    0.   Lits =      6.
Refined classes  =     2.   Changes =    0.   Lits =      6.
start Fra_FraigSweep...
Fraiging (i=2):   Nodes =   2275.  Time =     0.00 sec
Rewriting:        Nodes =   2038.  Time =     0.01 sec
There are 0 XORs
Balance-X:        Nodes =   2275.  Time =     0.00 sec
Starting Fra_SmlSimulate......classes =     2.   Lits =      6.
Refined classes  after Pattern 0=     2.   Changes =    0.   Lits =      6.
Refined classes after pattern 1 =     2.   Changes =    0.   Lits =      6.
Refined classes  =     2.   Changes =    0.   Lits =      6.
start Fra_FraigSweep...
Fraiging (i=3):   Nodes =   2275.  Time =     0.01 sec
Rewriting:        Nodes =   2038.  Time =     0.01 sec
There are 0 XORs
Balance-X:        Nodes =   2275.  Time =     0.00 sec
Starting Fra_SmlSimulate......classes =     2.   Lits =      6.
Refined classes  after Pattern 0=     2.   Changes =    0.   Lits =      6.
Refined classes after pattern 1 =     2.   Changes =    0.   Lits =      6.
Refined classes  =     2.   Changes =    0.   Lits =      6.
start Fra_FraigSweep...
Fraiging (i=4):   Nodes =   2275.  Time =     0.04 sec
Rewriting:        Nodes =   2038.  Time =     0.01 sec
There are 0 XORs
Balance-X:        Nodes =   2275.  Time =     0.00 sec
Starting Fra_SmlSimulate......classes =     2.   Lits =      6.
Refined classes  after Pattern 0=     2.   Changes =    0.   Lits =      6.
Refined classes after pattern 1 =     2.   Changes =    0.   Lits =      6.
Refined classes  =     2.   Changes =    0.   Lits =      6.
start Fra_FraigSweep...
Fraiging (i=5):   Nodes =   2275.  Time =     0.45 sec
Rewriting:        Nodes =   2038.  Time =     0.01 sec
There are 0 XORs
Balance-X:        Nodes =   2275.  Time =     0.00 sec
Starting Fra_SmlSimulate......classes =     2.   Lits =      6.
Refined classes  after Pattern 0=     2.   Changes =    0.   Lits =      6.
Refined classes after pattern 1 =     2.   Changes =    0.   Lits =      6.
Refined classes  =     2.   Changes =    0.   Lits =      6.
start Fra_FraigSweep...
Fraiging (i=6):   Nodes =   2275.  Time =     5.06 sec
Rewriting:        Nodes =   2038.  Time =     0.01 sec
label 27
CNF stats: Vars =   1584. Clauses =    4716. Literals =    12727. Time =     0.00 sec
Running SAT solver with parameters 10000 and 1000 and 50.
reduceDB: Keeping    5016 out of   10003 clauses (50.14 %)  Time =     0.03 sec
reduceDB: Keeping    5517 out of   11001 clauses (50.15 %)  Time =     0.03 sec
reduceDB: Keeping    6015 out of   12001 clauses (50.12 %)  Time =     0.03 sec
reduceDB: Keeping    6533 out of   13000 clauses (50.25 %)  Time =     0.03 sec
reduceDB: Keeping    7024 out of   14001 clauses (50.17 %)  Time =     0.03 sec
reduceDB: Keeping    7538 out of   15001 clauses (50.25 %)  Time =     0.03 sec
reduceDB: Keeping    8032 out of   16001 clauses (50.20 %)  Time =     0.03 sec
reduceDB: Keeping    8514 out of   17000 clauses (50.08 %)  Time =     0.04 sec
reduceDB: Keeping    9123 out of   18001 clauses (50.68 %)  Time =     0.04 sec
reduceDB: Keeping    9944 out of   19002 clauses (52.33 %)  Time =     0.04 sec
reduceDB: Keeping   10752 out of   20000 clauses (53.76 %)  Time =     0.04 sec
reduceDB: Keeping    9981 out of   21001 clauses (47.53 %)  Time =     0.04 sec
reduceDB: Keeping   11124 out of   22000 clauses (50.56 %)  Time =     0.04 sec
reduceDB: Keeping   11777 out of   23003 clauses (51.20 %)  Time =     0.04 sec
reduceDB: Keeping   12266 out of   24001 clauses (51.11 %)  Time =     0.04 sec
reduceDB: Keeping   12890 out of   25000 clauses (51.56 %)  Time =     0.05 sec
reduceDB: Keeping   13380 out of   26001 clauses (51.46 %)  Time =     0.05 sec
reduceDB: Keeping   13863 out of   27001 clauses (51.34 %)  Time =     0.05 sec
reduceDB: Keeping   14649 out of   28000 clauses (52.32 %)  Time =     0.05 sec
reduceDB: Keeping   15217 out of   29000 clauses (52.47 %)  Time =     0.05 sec
reduceDB: Keeping   16065 out of   30000 clauses (53.55 %)  Time =     0.05 sec
reduceDB: Keeping   16108 out of   31001 clauses (51.96 %)  Time =     0.06 sec
reduceDB: Keeping   16570 out of   32002 clauses (51.78 %)  Time =     0.06 sec
reduceDB: Keeping   17060 out of   33001 clauses (51.70 %)  Time =     0.06 sec
reduceDB: Keeping   18044 out of   34000 clauses (53.07 %)  Time =     0.06 sec
reduceDB: Keeping   18301 out of   35000 clauses (52.29 %)  Time =     0.06 sec
reduceDB: Keeping   18836 out of   36000 clauses (52.32 %)  Time =     0.07 sec
reduceDB: Keeping   19132 out of   37000 clauses (51.71 %)  Time =     0.07 sec
reduceDB: Keeping   19811 out of   38000 clauses (52.13 %)  Time =     0.07 sec
reduceDB: Keeping   20510 out of   39001 clauses (52.59 %)  Time =     0.07 sec
reduceDB: Keeping   20926 out of   40000 clauses (52.31 %)  Time =     0.07 sec
reduceDB: Keeping   21259 out of   41001 clauses (51.85 %)  Time =     0.08 sec
reduceDB: Keeping   21910 out of   42002 clauses (52.16 %)  Time =     0.08 sec
reduceDB: Keeping   22689 out of   43002 clauses (52.76 %)  Time =     0.08 sec
reduceDB: Keeping   23078 out of   44000 clauses (52.45 %)  Time =     0.08 sec
reduceDB: Keeping   23845 out of   45001 clauses (52.99 %)  Time =     0.09 sec
reduceDB: Keeping   23979 out of   46001 clauses (52.13 %)  Time =     0.09 sec
reduceDB: Keeping   24101 out of   47002 clauses (51.28 %)  Time =     0.09 sec
reduceDB: Keeping   24638 out of   48001 clauses (51.33 %)  Time =     0.10 sec
reduceDB: Keeping   25211 out of   49003 clauses (51.45 %)  Time =     0.10 sec
reduceDB: Keeping   26437 out of   50002 clauses (52.87 %)  Time =     0.10 sec
reduceDB: Keeping   26662 out of   51004 clauses (52.27 %)  Time =     0.10 sec
reduceDB: Keeping   27163 out of   52002 clauses (52.23 %)  Time =     0.11 sec
reduceDB: Keeping   27533 out of   53000 clauses (51.95 %)  Time =     0.11 sec
reduceDB: Keeping   28217 out of   54003 clauses (52.25 %)  Time =     0.11 sec
reduceDB: Keeping   28474 out of   55002 clauses (51.77 %)  Time =     0.12 sec
reduceDB: Keeping   28797 out of   56000 clauses (51.42 %)  Time =     0.12 sec
reduceDB: Keeping   29503 out of   57002 clauses (51.76 %)  Time =     0.12 sec
reduceDB: Keeping   30032 out of   58001 clauses (51.78 %)  Time =     0.13 sec
reduceDB: Keeping   30393 out of   59000 clauses (51.51 %)  Time =     0.13 sec
reduceDB: Keeping   31227 out of   60003 clauses (52.04 %)  Time =     0.13 sec
reduceDB: Keeping   30878 out of   61001 clauses (50.62 %)  Time =     0.14 sec
reduceDB: Keeping   32162 out of   62002 clauses (51.87 %)  Time =     0.14 sec
reduceDB: Keeping   32783 out of   63000 clauses (52.04 %)  Time =     0.14 sec
reduceDB: Keeping   33801 out of   64000 clauses (52.81 %)  Time =     0.15 sec
reduceDB: Keeping   34842 out of   65001 clauses (53.60 %)  Time =     0.15 sec
reduceDB: Keeping   27679 out of   66000 clauses (41.94 %)  Time =     0.15 sec
reduceDB: Keeping   33384 out of   67000 clauses (49.83 %)  Time =     0.16 sec
reduceDB: Keeping   34126 out of   68000 clauses (50.19 %)  Time =     0.16 sec
reduceDB: Keeping   34631 out of   69001 clauses (50.19 %)  Time =     0.16 sec
reduceDB: Keeping   35067 out of   70000 clauses (50.10 %)  Time =     0.17 sec
reduceDB: Keeping   35627 out of   71002 clauses (50.18 %)  Time =     0.17 sec
reduceDB: Keeping   36067 out of   72001 clauses (50.09 %)  Time =     0.18 sec
reduceDB: Keeping   36587 out of   73005 clauses (50.12 %)  Time =     0.18 sec
reduceDB: Keeping   37107 out of   74000 clauses (50.14 %)  Time =     0.18 sec
reduceDB: Keeping   37508 out of   75000 clauses (50.01 %)  Time =     0.19 sec
reduceDB: Keeping   37925 out of   76002 clauses (49.90 %)  Time =     0.19 sec
reduceDB: Keeping   38611 out of   77004 clauses (50.14 %)  Time =     0.20 sec
reduceDB: Keeping   39130 out of   78000 clauses (50.17 %)  Time =     0.20 sec
reduceDB: Keeping   39573 out of   79001 clauses (50.09 %)  Time =     0.21 sec
reduceDB: Keeping   40086 out of   80001 clauses (50.11 %)  Time =     0.21 sec
reduceDB: Keeping   40703 out of   81000 clauses (50.25 %)  Time =     0.21 sec
reduceDB: Keeping   41085 out of   82000 clauses (50.10 %)  Time =     0.22 sec
reduceDB: Keeping   41608 out of   83002 clauses (50.13 %)  Time =     0.22 sec
reduceDB: Keeping   42181 out of   84002 clauses (50.21 %)  Time =     0.23 sec
reduceDB: Keeping   42651 out of   85000 clauses (50.18 %)  Time =     0.23 sec
reduceDB: Keeping   42789 out of   86000 clauses (49.75 %)  Time =     0.24 sec
reduceDB: Keeping   43504 out of   87003 clauses (50.00 %)  Time =     0.24 sec
reduceDB: Keeping   44131 out of   88002 clauses (50.15 %)  Time =     0.25 sec
reduceDB: Keeping   44084 out of   89000 clauses (49.53 %)  Time =     0.25 sec
reduceDB: Keeping   45152 out of   90003 clauses (50.17 %)  Time =     0.26 sec
reduceDB: Keeping   43747 out of   91000 clauses (48.07 %)  Time =     0.26 sec
reduceDB: Keeping   46074 out of   92001 clauses (50.08 %)  Time =     0.27 sec
reduceDB: Keeping   46315 out of   93000 clauses (49.80 %)  Time =     0.27 sec
reduceDB: Keeping   47098 out of   94001 clauses (50.10 %)  Time =     0.28 sec
reduceDB: Keeping   47438 out of   95000 clauses (49.93 %)  Time =     0.28 sec
reduceDB: Keeping   47776 out of   96001 clauses (49.77 %)  Time =     0.29 sec
reduceDB: Keeping   48656 out of   97000 clauses (50.16 %)  Time =     0.29 sec
reduceDB: Keeping   49106 out of   98001 clauses (50.11 %)  Time =     0.30 sec
reduceDB: Keeping   49660 out of   99000 clauses (50.16 %)  Time =     0.30 sec
reduceDB: Keeping   50169 out of  100000 clauses (50.17 %)  Time =     0.31 sec
reduceDB: Keeping   50495 out of  101001 clauses (49.99 %)  Time =     0.31 sec
reduceDB: Keeping   50992 out of  102000 clauses (49.99 %)  Time =     0.32 sec
reduceDB: Keeping   51605 out of  103000 clauses (50.10 %)  Time =     0.33 sec
reduceDB: Keeping   52128 out of  104002 clauses (50.12 %)  Time =     0.33 sec
reduceDB: Keeping   52650 out of  105001 clauses (50.14 %)  Time =     0.34 sec
reduceDB: Keeping   52430 out of  106003 clauses (49.46 %)  Time =     0.34 sec
reduceDB: Keeping   53444 out of  107000 clauses (49.95 %)  Time =     0.35 sec
reduceDB: Keeping   54118 out of  108000 clauses (50.11 %)  Time =     0.35 sec
reduceDB: Keeping   54467 out of  109004 clauses (49.97 %)  Time =     0.36 sec
reduceDB: Keeping   55146 out of  110002 clauses (50.13 %)  Time =     0.37 sec
reduceDB: Keeping   55650 out of  111001 clauses (50.13 %)  Time =     0.37 sec
reduceDB: Keeping   56136 out of  112002 clauses (50.12 %)  Time =     0.38 sec
reduceDB: Keeping   56179 out of  113002 clauses (49.72 %)  Time =     0.38 sec
reduceDB: Keeping   57186 out of  114004 clauses (50.16 %)  Time =     0.39 sec
reduceDB: Keeping   57434 out of  115001 clauses (49.94 %)  Time =     0.40 sec
reduceDB: Keeping   58144 out of  116000 clauses (50.12 %)  Time =     0.40 sec
reduceDB: Keeping   58747 out of  117000 clauses (50.21 %)  Time =     0.41 sec
reduceDB: Keeping   59046 out of  118000 clauses (50.04 %)  Time =     0.42 sec
reduceDB: Keeping   62054 out of  119000 clauses (52.15 %)  Time =     0.42 sec
reduceDB: Keeping   62427 out of  120001 clauses (52.02 %)  Time =     0.43 sec
reduceDB: Keeping   62518 out of  121001 clauses (51.67 %)  Time =     0.44 sec
reduceDB: Keeping   63039 out of  122001 clauses (51.67 %)  Time =     0.44 sec
reduceDB: Keeping   64552 out of  123002 clauses (52.48 %)  Time =     0.45 sec
reduceDB: Keeping   65165 out of  124002 clauses (52.55 %)  Time =     0.46 sec
reduceDB: Keeping   65496 out of  125000 clauses (52.40 %)  Time =     0.46 sec
reduceDB: Keeping   65441 out of  126001 clauses (51.94 %)  Time =     0.47 sec
reduceDB: Keeping   66961 out of  127001 clauses (52.72 %)  Time =     0.48 sec
reduceDB: Keeping   68670 out of  128000 clauses (53.65 %)  Time =     0.48 sec
reduceDB: Keeping   70211 out of  129001 clauses (54.43 %)  Time =     0.49 sec
reduceDB: Keeping   53571 out of  130000 clauses (41.21 %)  Time =     0.50 sec
starts        :             7547
conflicts     :          4244762
decisions     :          4901748
propagations  :       1258806581
Final SAT:        Nodes =   2038.  Time =   423.26 sec
Networks are equivalent.  Time =   433.12 sec
End Old Verify =   433.12 sec
