ABC command line: "&read replace_2050.aig; &cec -m -v".

label 1
label 3
Assuming the current network is a single-output miter.
label 6
Start EquivFixOutputPairs =     0.00 sec
End EquivFixOutputPairs =     0.00 sec
Start ManSatSweeping =     0.00 sec
Simulating 15 words for 15 rounds. SAT solving with 1000 conflicts.
nSimWords = 0
cst =    2157  cls =      0  lit =    2157  unused =     256  proof =     0
cst =       3  cls =      6  lit =       9  unused =    2398  proof =     0
cst =       2  cls =      4  lit =       6  unused =    2403  proof =     0
cst =       0  cls =      1  lit =       1  unused =    2411  proof =     0
cst =       0  cls =      1  lit =       1  unused =    2411  proof =     0
cst =       0  cls =      1  lit =       1  unused =    2411  proof =     0
cst =       0  cls =      1  lit =       1  unused =    2411  proof =     0
cst =       0  cls =      1  lit =       1  unused =    2411  proof =     0
cst =       0  cls =      1  lit =       1  unused =    2411  proof =     0
cst =       0  cls =      1  lit =       1  unused =    2411  proof =     0
  1 : P =      0. D =      0. F =     1. M =     701. And =    2157. Time =     0.02 sec
Increasing conflict limit to 10000.
The result is written into file "cec_giaSweep.aig".
Switching into reduced mode.
  2 : P =      0. D =      0. F =     1. M =     701. And =    2157. Time =     0.29 sec
Increasing conflict limit to 100000.
The result is written into file "cec_giaSweep.aig".
Switching into normal mode.
  3 : P =      0. D =      0. F =     1. M =       0. And =    2157. Time =     4.07 sec
Performed 3 SAT calls: P = 0  D = 0  F = 3
NBeg = 2157. NEnd = 2157. (Gain =   0.00 %).  RBeg = 0. REnd = 0. (Gain =   0.00 %).
Sim  =     0.00 sec (  0.00 %)
Sat  =     4.37 sec (  0.00 %)
Pat  =     0.00 sec (  0.00 %)
Time =     4.38 sec
End ManSatSweeping =     4.38 sec
Networks are UNDECIDED after the new CEC engine.  Time =     4.38 sec
Calling the old CEC engine.
Start Old Verify =     4.38 sec
Original miter:   Nodes =   2160.
label 27
Initial SAT:      Nodes =   2160.  Time =     0.02 sec
Rewriting:        Nodes =   2160.  Time =     0.02 sec
There are 0 XORs
Balance-X:        Nodes =   2434.  Time =     0.00 sec
Starting Fra_SmlSimulate......classes =     1.   Lits =      4.
Refined classes  after Pattern 0=     1.   Changes =    0.   Lits =      4.
Refined classes after pattern 1 =     1.   Changes =    0.   Lits =      4.
Refined classes  =     1.   Changes =    0.   Lits =      4.
start Fra_FraigSweep...
Fraiging (i=1):   Nodes =   2434.  Time =     0.00 sec
Rewriting:        Nodes =   2177.  Time =     0.01 sec
There are 0 XORs
Balance-X:        Nodes =   2432.  Time =     0.00 sec
Starting Fra_SmlSimulate......classes =     1.   Lits =      4.
Refined classes  after Pattern 0=     1.   Changes =    0.   Lits =      4.
Refined classes after pattern 1 =     1.   Changes =    0.   Lits =      4.
Refined classes  =     1.   Changes =    0.   Lits =      4.
start Fra_FraigSweep...
Fraiging (i=2):   Nodes =   2432.  Time =     0.00 sec
Rewriting:        Nodes =   2178.  Time =     0.01 sec
There are 0 XORs
Balance-X:        Nodes =   2432.  Time =     0.00 sec
Starting Fra_SmlSimulate......classes =     1.   Lits =      4.
Refined classes  after Pattern 0=     1.   Changes =    0.   Lits =      4.
Refined classes after pattern 1 =     1.   Changes =    0.   Lits =      4.
Refined classes  =     1.   Changes =    0.   Lits =      4.
start Fra_FraigSweep...
Fraiging (i=3):   Nodes =   2432.  Time =     0.01 sec
Rewriting:        Nodes =   2177.  Time =     0.01 sec
There are 0 XORs
Balance-X:        Nodes =   2432.  Time =     0.00 sec
Starting Fra_SmlSimulate......classes =     1.   Lits =      4.
Refined classes  after Pattern 0=     1.   Changes =    0.   Lits =      4.
Refined classes after pattern 1 =     1.   Changes =    0.   Lits =      4.
Refined classes  =     1.   Changes =    0.   Lits =      4.
start Fra_FraigSweep...
Fraiging (i=4):   Nodes =   2432.  Time =     0.09 sec
Rewriting:        Nodes =   2178.  Time =     0.01 sec
There are 0 XORs
Balance-X:        Nodes =   2432.  Time =     0.00 sec
Starting Fra_SmlSimulate......classes =     1.   Lits =      4.
Refined classes  after Pattern 0=     1.   Changes =    0.   Lits =      4.
Refined classes after pattern 1 =     1.   Changes =    0.   Lits =      4.
Refined classes  =     1.   Changes =    0.   Lits =      4.
start Fra_FraigSweep...
Fraiging (i=5):   Nodes =   2432.  Time =     1.02 sec
Rewriting:        Nodes =   2177.  Time =     0.01 sec
There are 0 XORs
Balance-X:        Nodes =   2432.  Time =     0.00 sec
Starting Fra_SmlSimulate......classes =     1.   Lits =      4.
Refined classes  after Pattern 0=     1.   Changes =    0.   Lits =      4.
Refined classes after pattern 1 =     1.   Changes =    0.   Lits =      4.
Refined classes  =     1.   Changes =    0.   Lits =      4.
start Fra_FraigSweep...
Fraiging (i=6):   Nodes =   2432.  Time =    11.71 sec
Rewriting:        Nodes =   2178.  Time =     0.01 sec
label 27
CNF stats: Vars =   1663. Clauses =    5015. Literals =    13521. Time =     0.00 sec
Running SAT solver with parameters 10000 and 1000 and 50.
reduceDB: Keeping    5024 out of   10000 clauses (50.24 %)  Time =     0.04 sec
reduceDB: Keeping    5515 out of   11000 clauses (50.14 %)  Time =     0.05 sec
reduceDB: Keeping    6019 out of   12001 clauses (50.15 %)  Time =     0.05 sec
reduceDB: Keeping    6537 out of   13000 clauses (50.28 %)  Time =     0.05 sec
reduceDB: Keeping    7014 out of   14001 clauses (50.10 %)  Time =     0.05 sec
reduceDB: Keeping    7561 out of   15001 clauses (50.40 %)  Time =     0.05 sec
reduceDB: Keeping    8171 out of   16001 clauses (51.07 %)  Time =     0.05 sec
reduceDB: Keeping    8689 out of   17000 clauses (51.11 %)  Time =     0.05 sec
reduceDB: Keeping    9218 out of   18000 clauses (51.21 %)  Time =     0.05 sec
reduceDB: Keeping    9767 out of   19001 clauses (51.40 %)  Time =     0.05 sec
reduceDB: Keeping   10720 out of   20001 clauses (53.60 %)  Time =     0.05 sec
reduceDB: Keeping   11379 out of   21002 clauses (54.18 %)  Time =     0.06 sec
reduceDB: Keeping   11493 out of   22002 clauses (52.24 %)  Time =     0.06 sec
reduceDB: Keeping   12207 out of   23003 clauses (53.07 %)  Time =     0.06 sec
reduceDB: Keeping   12640 out of   24000 clauses (52.67 %)  Time =     0.06 sec
reduceDB: Keeping   13369 out of   25000 clauses (53.48 %)  Time =     0.06 sec
reduceDB: Keeping   13772 out of   26001 clauses (52.97 %)  Time =     0.06 sec
reduceDB: Keeping   14583 out of   27003 clauses (54.01 %)  Time =     0.06 sec
reduceDB: Keeping   15171 out of   28001 clauses (54.18 %)  Time =     0.07 sec
reduceDB: Keeping   15862 out of   29003 clauses (54.69 %)  Time =     0.07 sec
reduceDB: Keeping   13724 out of   30000 clauses (45.75 %)  Time =     0.07 sec
reduceDB: Keeping   15556 out of   31001 clauses (50.18 %)  Time =     0.07 sec
reduceDB: Keeping   16136 out of   32000 clauses (50.42 %)  Time =     0.07 sec
reduceDB: Keeping   16644 out of   33001 clauses (50.43 %)  Time =     0.07 sec
reduceDB: Keeping   17364 out of   34002 clauses (51.07 %)  Time =     0.08 sec
reduceDB: Keeping   17946 out of   35002 clauses (51.27 %)  Time =     0.08 sec
reduceDB: Keeping   18926 out of   36000 clauses (52.57 %)  Time =     0.08 sec
reduceDB: Keeping   19726 out of   37002 clauses (53.31 %)  Time =     0.08 sec
reduceDB: Keeping   20069 out of   38002 clauses (52.81 %)  Time =     0.09 sec
reduceDB: Keeping   20881 out of   39002 clauses (53.54 %)  Time =     0.09 sec
reduceDB: Keeping   20987 out of   40001 clauses (52.47 %)  Time =     0.09 sec
reduceDB: Keeping   21300 out of   41001 clauses (51.95 %)  Time =     0.09 sec
reduceDB: Keeping   22017 out of   42000 clauses (52.42 %)  Time =     0.09 sec
reduceDB: Keeping   22919 out of   43001 clauses (53.30 %)  Time =     0.10 sec
reduceDB: Keeping   23444 out of   44000 clauses (53.28 %)  Time =     0.10 sec
reduceDB: Keeping   24044 out of   45000 clauses (53.43 %)  Time =     0.10 sec
reduceDB: Keeping   24551 out of   46000 clauses (53.37 %)  Time =     0.10 sec
reduceDB: Keeping   24874 out of   47002 clauses (52.92 %)  Time =     0.11 sec
reduceDB: Keeping   25152 out of   48000 clauses (52.40 %)  Time =     0.11 sec
reduceDB: Keeping   25649 out of   49003 clauses (52.34 %)  Time =     0.11 sec
reduceDB: Keeping   26229 out of   50003 clauses (52.45 %)  Time =     0.12 sec
reduceDB: Keeping   26691 out of   51000 clauses (52.34 %)  Time =     0.12 sec
reduceDB: Keeping   27166 out of   52000 clauses (52.24 %)  Time =     0.12 sec
reduceDB: Keeping   27773 out of   53001 clauses (52.40 %)  Time =     0.12 sec
reduceDB: Keeping   28292 out of   54001 clauses (52.39 %)  Time =     0.13 sec
reduceDB: Keeping   29380 out of   55000 clauses (53.42 %)  Time =     0.13 sec
reduceDB: Keeping   29272 out of   56000 clauses (52.27 %)  Time =     0.13 sec
reduceDB: Keeping   29190 out of   57000 clauses (51.21 %)  Time =     0.14 sec
reduceDB: Keeping   29620 out of   58000 clauses (51.07 %)  Time =     0.14 sec
reduceDB: Keeping   30338 out of   59000 clauses (51.42 %)  Time =     0.14 sec
reduceDB: Keeping   30712 out of   60000 clauses (51.19 %)  Time =     0.15 sec
reduceDB: Keeping   31201 out of   61001 clauses (51.15 %)  Time =     0.15 sec
reduceDB: Keeping   32933 out of   62002 clauses (53.12 %)  Time =     0.15 sec
reduceDB: Keeping   33587 out of   63001 clauses (53.31 %)  Time =     0.16 sec
reduceDB: Keeping   34490 out of   64000 clauses (53.89 %)  Time =     0.16 sec
reduceDB: Keeping   34875 out of   65001 clauses (53.65 %)  Time =     0.16 sec
reduceDB: Keeping   36006 out of   66000 clauses (54.55 %)  Time =     0.17 sec
reduceDB: Keeping   28115 out of   67001 clauses (41.96 %)  Time =     0.17 sec
reduceDB: Keeping   33998 out of   68001 clauses (50.00 %)  Time =     0.18 sec
reduceDB: Keeping   34563 out of   69000 clauses (50.09 %)  Time =     0.18 sec
reduceDB: Keeping   35041 out of   70000 clauses (50.06 %)  Time =     0.18 sec
reduceDB: Keeping   35589 out of   71002 clauses (50.12 %)  Time =     0.19 sec
reduceDB: Keeping   35772 out of   72000 clauses (49.68 %)  Time =     0.19 sec
reduceDB: Keeping   36588 out of   73002 clauses (50.12 %)  Time =     0.19 sec
reduceDB: Keeping   36997 out of   74001 clauses (50.00 %)  Time =     0.20 sec
reduceDB: Keeping   36866 out of   75001 clauses (49.15 %)  Time =     0.20 sec
reduceDB: Keeping   38111 out of   76001 clauses (50.15 %)  Time =     0.21 sec
reduceDB: Keeping   38608 out of   77001 clauses (50.14 %)  Time =     0.21 sec
reduceDB: Keeping   39157 out of   78000 clauses (50.20 %)  Time =     0.22 sec
reduceDB: Keeping   39506 out of   79001 clauses (50.01 %)  Time =     0.22 sec
reduceDB: Keeping   39943 out of   80000 clauses (49.93 %)  Time =     0.22 sec
reduceDB: Keeping   42309 out of   81000 clauses (52.23 %)  Time =     0.23 sec
reduceDB: Keeping   42949 out of   82000 clauses (52.38 %)  Time =     0.23 sec
reduceDB: Keeping   42150 out of   83001 clauses (50.78 %)  Time =     0.24 sec
reduceDB: Keeping   42858 out of   84000 clauses (51.02 %)  Time =     0.24 sec
reduceDB: Keeping   42866 out of   85002 clauses (50.43 %)  Time =     0.25 sec
reduceDB: Keeping   43513 out of   86003 clauses (50.59 %)  Time =     0.25 sec
reduceDB: Keeping   44213 out of   87002 clauses (50.82 %)  Time =     0.26 sec
reduceDB: Keeping   44538 out of   88000 clauses (50.61 %)  Time =     0.26 sec
reduceDB: Keeping   44465 out of   89000 clauses (49.96 %)  Time =     0.26 sec
reduceDB: Keeping   45103 out of   90000 clauses (50.11 %)  Time =     0.27 sec
reduceDB: Keeping   45187 out of   91000 clauses (49.66 %)  Time =     0.27 sec
reduceDB: Keeping   46095 out of   92001 clauses (50.10 %)  Time =     0.28 sec
reduceDB: Keeping   46455 out of   93003 clauses (49.95 %)  Time =     0.28 sec
reduceDB: Keeping   47060 out of   94001 clauses (50.06 %)  Time =     0.29 sec
reduceDB: Keeping   47580 out of   95001 clauses (50.08 %)  Time =     0.29 sec
reduceDB: Keeping   48050 out of   96000 clauses (50.05 %)  Time =     0.30 sec
reduceDB: Keeping   49233 out of   97000 clauses (50.76 %)  Time =     0.30 sec
reduceDB: Keeping   49526 out of   98000 clauses (50.54 %)  Time =     0.31 sec
reduceDB: Keeping   51196 out of   99001 clauses (51.71 %)  Time =     0.31 sec
reduceDB: Keeping   51164 out of  100000 clauses (51.16 %)  Time =     0.32 sec
reduceDB: Keeping   50890 out of  101001 clauses (50.39 %)  Time =     0.33 sec
reduceDB: Keeping   51308 out of  102000 clauses (50.30 %)  Time =     0.33 sec
reduceDB: Keeping   51645 out of  103000 clauses (50.14 %)  Time =     0.34 sec
reduceDB: Keeping   52474 out of  104002 clauses (50.45 %)  Time =     0.34 sec
reduceDB: Keeping   53042 out of  105001 clauses (50.52 %)  Time =     0.35 sec
reduceDB: Keeping   54234 out of  106001 clauses (51.16 %)  Time =     0.35 sec
reduceDB: Keeping   54618 out of  107000 clauses (51.04 %)  Time =     0.36 sec
reduceDB: Keeping   55267 out of  108000 clauses (51.17 %)  Time =     0.37 sec
reduceDB: Keeping   56586 out of  109000 clauses (51.91 %)  Time =     0.37 sec
reduceDB: Keeping   55816 out of  110000 clauses (50.74 %)  Time =     0.38 sec
reduceDB: Keeping   56897 out of  111001 clauses (51.26 %)  Time =     0.38 sec
reduceDB: Keeping   57429 out of  112005 clauses (51.27 %)  Time =     0.39 sec
reduceDB: Keeping   57613 out of  113000 clauses (50.98 %)  Time =     0.40 sec
reduceDB: Keeping   58640 out of  114000 clauses (51.44 %)  Time =     0.40 sec
reduceDB: Keeping   59249 out of  115001 clauses (51.52 %)  Time =     0.41 sec
reduceDB: Keeping   59977 out of  116001 clauses (51.70 %)  Time =     0.41 sec
reduceDB: Keeping   60253 out of  117000 clauses (51.50 %)  Time =     0.42 sec
reduceDB: Keeping   62372 out of  118002 clauses (52.86 %)  Time =     0.43 sec
reduceDB: Keeping   63447 out of  119001 clauses (53.32 %)  Time =     0.43 sec
reduceDB: Keeping   65123 out of  120000 clauses (54.27 %)  Time =     0.44 sec
reduceDB: Keeping   66099 out of  121000 clauses (54.63 %)  Time =     0.45 sec
reduceDB: Keeping   49879 out of  122002 clauses (40.88 %)  Time =     0.45 sec
reduceDB: Keeping   54869 out of  123001 clauses (44.61 %)  Time =     0.46 sec
starts        :             6684
conflicts     :          3826320
decisions     :          4380404
propagations  :       1243507879
Final SAT:        Nodes =   2178.  Time =   376.12 sec
Networks are equivalent.  Time =   393.42 sec
End Old Verify =   393.42 sec
