ABC command line: "&read replace_1454.aig; &cec -m -v".

label 1
label 3
Assuming the current network is a single-output miter.
label 6
Start EquivFixOutputPairs =     0.00 sec
End EquivFixOutputPairs =     0.00 sec
Start ManSatSweeping =     0.00 sec
Simulating 15 words for 15 rounds. SAT solving with 1000 conflicts.
nSimWords = 0
cst =    4635  cls =      0  lit =    4635  unused =     256  proof =     0
cst =     138  cls =    200  lit =     437  unused =    4254  proof =     0
cst =      51  cls =     79  lit =     141  unused =    4671  proof =     0
cst =      11  cls =     27  lit =      40  unused =    4824  proof =     0
cst =       4  cls =     11  lit =      15  unused =    4865  proof =     0
cst =       2  cls =      5  lit =       7  unused =    4879  proof =     0
cst =       2  cls =      3  lit =       5  unused =    4883  proof =     0
cst =       1  cls =      2  lit =       3  unused =    4886  proof =     0
cst =       0  cls =      1  lit =       1  unused =    4889  proof =     0
cst =       0  cls =      1  lit =       1  unused =    4889  proof =     0
  1 : P =      0. D =      0. F =     1. M =    1927. And =    4635. Time =     0.03 sec
Increasing conflict limit to 10000.
The result is written into file "cec_giaSweep.aig".
Switching into reduced mode.
  2 : P =      0. D =      0. F =     1. M =    1927. And =    4635. Time =     0.38 sec
Increasing conflict limit to 100000.
The result is written into file "cec_giaSweep.aig".
Switching into normal mode.
  3 : P =      0. D =      0. F =     1. M =       0. And =    4635. Time =     4.99 sec
Performed 3 SAT calls: P = 0  D = 0  F = 3
NBeg = 4635. NEnd = 4635. (Gain =   0.00 %).  RBeg = 0. REnd = 0. (Gain =   0.00 %).
Sim  =     0.01 sec (  0.00 %)
Sat  =     5.40 sec (  0.00 %)
Pat  =     0.00 sec (  0.00 %)
Time =     5.42 sec
End ManSatSweeping =     5.42 sec
Networks are UNDECIDED after the new CEC engine.  Time =     5.42 sec
Calling the old CEC engine.
Start Old Verify =     5.42 sec
Original miter:   Nodes =   4638.
label 27
Initial SAT:      Nodes =   4638.  Time =     0.02 sec
Rewriting:        Nodes =   4630.  Time =     0.04 sec
There are 0 XORs
Balance-X:        Nodes =   4911.  Time =     0.00 sec
Starting Fra_SmlSimulate......classes =    25.   Lits =     47.
Refined classes  after Pattern 0=    25.   Changes =    0.   Lits =     47.
Refined classes after pattern 1 =    25.   Changes =    3.   Lits =     44.
Refined classes  =    13.   Changes =   21.   Lits =     23.
Refined classes  =    10.   Changes =    6.   Lits =     17.
Refined classes  =     7.   Changes =    6.   Lits =     11.
Refined classes  =     7.   Changes =    1.   Lits =     10.
Refined classes  =     5.   Changes =    2.   Lits =      8.
Refined classes  =     5.   Changes =    0.   Lits =      8.
start Fra_FraigSweep...
Fraiging (i=1):   Nodes =   4911.  Time =     0.00 sec
Rewriting:        Nodes =   4652.  Time =     0.01 sec
There are 0 XORs
Balance-X:        Nodes =   4909.  Time =     0.00 sec
Starting Fra_SmlSimulate......classes =    25.   Lits =     47.
Refined classes  after Pattern 0=    25.   Changes =    0.   Lits =     47.
Refined classes after pattern 1 =    25.   Changes =    3.   Lits =     44.
Refined classes  =    13.   Changes =   21.   Lits =     23.
Refined classes  =    10.   Changes =    6.   Lits =     17.
Refined classes  =     7.   Changes =    6.   Lits =     11.
Refined classes  =     7.   Changes =    1.   Lits =     10.
Refined classes  =     5.   Changes =    2.   Lits =      8.
Refined classes  =     5.   Changes =    0.   Lits =      8.
start Fra_FraigSweep...
Fraiging (i=2):   Nodes =   4909.  Time =     0.00 sec
Rewriting:        Nodes =   4648.  Time =     0.01 sec
There are 0 XORs
Balance-X:        Nodes =   4909.  Time =     0.00 sec
Starting Fra_SmlSimulate......classes =    25.   Lits =     47.
Refined classes  after Pattern 0=    25.   Changes =    0.   Lits =     47.
Refined classes after pattern 1 =    25.   Changes =    3.   Lits =     44.
Refined classes  =    13.   Changes =   21.   Lits =     23.
Refined classes  =    10.   Changes =    6.   Lits =     17.
Refined classes  =     7.   Changes =    6.   Lits =     11.
Refined classes  =     7.   Changes =    1.   Lits =     10.
Refined classes  =     5.   Changes =    2.   Lits =      8.
Refined classes  =     5.   Changes =    0.   Lits =      8.
start Fra_FraigSweep...
Fraiging (i=3):   Nodes =   4909.  Time =     0.01 sec
Rewriting:        Nodes =   4649.  Time =     0.01 sec
There are 0 XORs
Balance-X:        Nodes =   4909.  Time =     0.00 sec
Starting Fra_SmlSimulate......classes =    25.   Lits =     47.
Refined classes  after Pattern 0=    25.   Changes =    0.   Lits =     47.
Refined classes after pattern 1 =    25.   Changes =    3.   Lits =     44.
Refined classes  =    13.   Changes =   21.   Lits =     23.
Refined classes  =    10.   Changes =    6.   Lits =     17.
Refined classes  =     7.   Changes =    6.   Lits =     11.
Refined classes  =     7.   Changes =    1.   Lits =     10.
Refined classes  =     5.   Changes =    2.   Lits =      8.
Refined classes  =     5.   Changes =    0.   Lits =      8.
start Fra_FraigSweep...
Fraiging (i=4):   Nodes =   4909.  Time =     0.08 sec
Rewriting:        Nodes =   4648.  Time =     0.01 sec
There are 0 XORs
Balance-X:        Nodes =   4909.  Time =     0.00 sec
Starting Fra_SmlSimulate......classes =    25.   Lits =     47.
Refined classes  after Pattern 0=    25.   Changes =    0.   Lits =     47.
Refined classes after pattern 1 =    25.   Changes =    3.   Lits =     44.
Refined classes  =    13.   Changes =   21.   Lits =     23.
Refined classes  =    10.   Changes =    6.   Lits =     17.
Refined classes  =     7.   Changes =    6.   Lits =     11.
Refined classes  =     7.   Changes =    1.   Lits =     10.
Refined classes  =     5.   Changes =    2.   Lits =      8.
Refined classes  =     5.   Changes =    0.   Lits =      8.
start Fra_FraigSweep...
Fraiging (i=5):   Nodes =   4909.  Time =     0.77 sec
Rewriting:        Nodes =   4649.  Time =     0.01 sec
There are 0 XORs
Balance-X:        Nodes =   4909.  Time =     0.00 sec
Starting Fra_SmlSimulate......classes =    25.   Lits =     47.
Refined classes  after Pattern 0=    25.   Changes =    0.   Lits =     47.
Refined classes after pattern 1 =    25.   Changes =    3.   Lits =     44.
Refined classes  =    13.   Changes =   21.   Lits =     23.
Refined classes  =    10.   Changes =    6.   Lits =     17.
Refined classes  =     7.   Changes =    6.   Lits =     11.
Refined classes  =     7.   Changes =    1.   Lits =     10.
Refined classes  =     5.   Changes =    2.   Lits =      8.
Refined classes  =     5.   Changes =    0.   Lits =      8.
start Fra_FraigSweep...
Fraiging (i=6):   Nodes =   4909.  Time =     7.06 sec
Rewriting:        Nodes =   4648.  Time =     0.01 sec
label 27
CNF stats: Vars =   2805. Clauses =    9917. Literals =    27121. Time =     0.00 sec
Running SAT solver with parameters 10000 and 1000 and 50.
reduceDB: Keeping    5019 out of   10000 clauses (50.19 %)  Time =     0.03 sec
reduceDB: Keeping    5519 out of   11000 clauses (50.17 %)  Time =     0.03 sec
reduceDB: Keeping    6019 out of   12001 clauses (50.15 %)  Time =     0.03 sec
reduceDB: Keeping    6517 out of   13002 clauses (50.12 %)  Time =     0.03 sec
reduceDB: Keeping    7018 out of   14002 clauses (50.12 %)  Time =     0.03 sec
reduceDB: Keeping    7523 out of   15000 clauses (50.15 %)  Time =     0.03 sec
reduceDB: Keeping    8032 out of   16000 clauses (50.20 %)  Time =     0.03 sec
reduceDB: Keeping    8520 out of   17001 clauses (50.11 %)  Time =     0.03 sec
reduceDB: Keeping    9006 out of   18000 clauses (50.03 %)  Time =     0.03 sec
reduceDB: Keeping    9615 out of   19001 clauses (50.60 %)  Time =     0.04 sec
reduceDB: Keeping   10228 out of   20000 clauses (51.14 %)  Time =     0.04 sec
reduceDB: Keeping   10920 out of   21003 clauses (51.99 %)  Time =     0.04 sec
reduceDB: Keeping   11407 out of   22001 clauses (51.85 %)  Time =     0.04 sec
reduceDB: Keeping   12099 out of   23000 clauses (52.60 %)  Time =     0.04 sec
reduceDB: Keeping   12843 out of   24001 clauses (53.51 %)  Time =     0.04 sec
reduceDB: Keeping   13494 out of   25000 clauses (53.98 %)  Time =     0.04 sec
reduceDB: Keeping   14025 out of   26000 clauses (53.94 %)  Time =     0.04 sec
reduceDB: Keeping   14306 out of   27001 clauses (52.98 %)  Time =     0.05 sec
reduceDB: Keeping   15006 out of   28001 clauses (53.59 %)  Time =     0.05 sec
reduceDB: Keeping   15809 out of   29002 clauses (54.51 %)  Time =     0.05 sec
reduceDB: Keeping   13222 out of   30002 clauses (44.07 %)  Time =     0.05 sec
reduceDB: Keeping   15556 out of   31001 clauses (50.18 %)  Time =     0.05 sec
reduceDB: Keeping   16139 out of   32000 clauses (50.43 %)  Time =     0.05 sec
reduceDB: Keeping   16548 out of   33000 clauses (50.15 %)  Time =     0.06 sec
reduceDB: Keeping   17273 out of   34000 clauses (50.80 %)  Time =     0.06 sec
reduceDB: Keeping   17595 out of   35000 clauses (50.27 %)  Time =     0.06 sec
reduceDB: Keeping   18410 out of   36001 clauses (51.14 %)  Time =     0.06 sec
reduceDB: Keeping   18965 out of   37000 clauses (51.26 %)  Time =     0.06 sec
reduceDB: Keeping   19880 out of   38002 clauses (52.31 %)  Time =     0.07 sec
reduceDB: Keeping   20289 out of   39001 clauses (52.02 %)  Time =     0.07 sec
reduceDB: Keeping   20636 out of   40002 clauses (51.59 %)  Time =     0.07 sec
reduceDB: Keeping   21571 out of   41003 clauses (52.61 %)  Time =     0.07 sec
reduceDB: Keeping   22363 out of   42000 clauses (53.25 %)  Time =     0.08 sec
reduceDB: Keeping   23568 out of   43003 clauses (54.81 %)  Time =     0.08 sec
reduceDB: Keeping   24118 out of   44001 clauses (54.81 %)  Time =     0.08 sec
reduceDB: Keeping   24649 out of   45000 clauses (54.78 %)  Time =     0.08 sec
reduceDB: Keeping   25003 out of   46001 clauses (54.35 %)  Time =     0.09 sec
reduceDB: Keeping   25321 out of   47000 clauses (53.87 %)  Time =     0.09 sec
reduceDB: Keeping   25625 out of   48002 clauses (53.38 %)  Time =     0.09 sec
reduceDB: Keeping   25988 out of   49000 clauses (53.04 %)  Time =     0.09 sec
reduceDB: Keeping   27006 out of   50001 clauses (54.01 %)  Time =     0.10 sec
reduceDB: Keeping   27123 out of   51000 clauses (53.18 %)  Time =     0.10 sec
reduceDB: Keeping   27595 out of   52000 clauses (53.07 %)  Time =     0.10 sec
reduceDB: Keeping   27966 out of   53000 clauses (52.77 %)  Time =     0.10 sec
reduceDB: Keeping   28590 out of   54001 clauses (52.94 %)  Time =     0.11 sec
reduceDB: Keeping   29934 out of   55001 clauses (54.42 %)  Time =     0.11 sec
reduceDB: Keeping   29847 out of   56003 clauses (53.30 %)  Time =     0.11 sec
reduceDB: Keeping   30349 out of   57000 clauses (53.24 %)  Time =     0.12 sec
reduceDB: Keeping   30543 out of   58001 clauses (52.66 %)  Time =     0.12 sec
reduceDB: Keeping   30837 out of   59000 clauses (52.27 %)  Time =     0.12 sec
reduceDB: Keeping   31290 out of   60003 clauses (52.15 %)  Time =     0.13 sec
reduceDB: Keeping   31428 out of   61000 clauses (51.52 %)  Time =     0.13 sec
reduceDB: Keeping   31567 out of   62000 clauses (50.91 %)  Time =     0.13 sec
reduceDB: Keeping   33512 out of   63002 clauses (53.19 %)  Time =     0.14 sec
reduceDB: Keeping   34573 out of   64001 clauses (54.02 %)  Time =     0.14 sec
reduceDB: Keeping   35324 out of   65000 clauses (54.34 %)  Time =     0.14 sec
reduceDB: Keeping   36158 out of   66000 clauses (54.78 %)  Time =     0.15 sec
reduceDB: Keeping   36640 out of   67002 clauses (54.68 %)  Time =     0.15 sec
reduceDB: Keeping   37106 out of   68001 clauses (54.57 %)  Time =     0.15 sec
reduceDB: Keeping   36869 out of   69000 clauses (53.43 %)  Time =     0.16 sec
reduceDB: Keeping   37079 out of   70000 clauses (52.97 %)  Time =     0.16 sec
reduceDB: Keeping   37100 out of   71000 clauses (52.25 %)  Time =     0.16 sec
reduceDB: Keeping   37838 out of   72000 clauses (52.55 %)  Time =     0.17 sec
reduceDB: Keeping   37797 out of   73000 clauses (51.78 %)  Time =     0.17 sec
reduceDB: Keeping   38813 out of   74000 clauses (52.45 %)  Time =     0.17 sec
reduceDB: Keeping   39166 out of   75002 clauses (52.22 %)  Time =     0.18 sec
reduceDB: Keeping   39329 out of   76001 clauses (51.75 %)  Time =     0.18 sec
reduceDB: Keeping   40016 out of   77001 clauses (51.97 %)  Time =     0.19 sec
reduceDB: Keeping   40802 out of   78000 clauses (52.31 %)  Time =     0.19 sec
reduceDB: Keeping   41101 out of   79001 clauses (52.03 %)  Time =     0.19 sec
reduceDB: Keeping   40831 out of   80000 clauses (51.04 %)  Time =     0.20 sec
reduceDB: Keeping   40943 out of   81000 clauses (50.55 %)  Time =     0.20 sec
reduceDB: Keeping   43114 out of   82000 clauses (52.58 %)  Time =     0.21 sec
reduceDB: Keeping   43004 out of   83000 clauses (51.81 %)  Time =     0.21 sec
reduceDB: Keeping   43100 out of   84002 clauses (51.31 %)  Time =     0.22 sec
reduceDB: Keeping   42966 out of   85001 clauses (50.55 %)  Time =     0.22 sec
reduceDB: Keeping   44020 out of   86000 clauses (51.19 %)  Time =     0.22 sec
reduceDB: Keeping   44767 out of   87001 clauses (51.46 %)  Time =     0.23 sec
reduceDB: Keeping   44775 out of   88002 clauses (50.88 %)  Time =     0.23 sec
reduceDB: Keeping   45177 out of   89000 clauses (50.76 %)  Time =     0.24 sec
reduceDB: Keeping   46100 out of   90001 clauses (51.22 %)  Time =     0.24 sec
reduceDB: Keeping   46333 out of   91002 clauses (50.91 %)  Time =     0.25 sec
reduceDB: Keeping   46196 out of   92000 clauses (50.21 %)  Time =     0.25 sec
reduceDB: Keeping   47341 out of   93000 clauses (50.90 %)  Time =     0.26 sec
reduceDB: Keeping   48049 out of   94001 clauses (51.12 %)  Time =     0.26 sec
reduceDB: Keeping   48849 out of   95003 clauses (51.42 %)  Time =     0.27 sec
reduceDB: Keeping   49296 out of   96001 clauses (51.35 %)  Time =     0.27 sec
reduceDB: Keeping   50258 out of   97001 clauses (51.81 %)  Time =     0.28 sec
reduceDB: Keeping   51466 out of   98000 clauses (52.52 %)  Time =     0.28 sec
reduceDB: Keeping   52485 out of   99002 clauses (53.01 %)  Time =     0.29 sec
reduceDB: Keeping   54075 out of  100000 clauses (54.08 %)  Time =     0.29 sec
reduceDB: Keeping   53353 out of  101000 clauses (52.82 %)  Time =     0.30 sec
reduceDB: Keeping   53693 out of  102000 clauses (52.64 %)  Time =     0.30 sec
reduceDB: Keeping   54210 out of  103001 clauses (52.63 %)  Time =     0.31 sec
reduceDB: Keeping   54058 out of  104002 clauses (51.98 %)  Time =     0.31 sec
reduceDB: Keeping   55765 out of  105002 clauses (53.11 %)  Time =     0.32 sec
reduceDB: Keeping   56238 out of  106000 clauses (53.05 %)  Time =     0.32 sec
reduceDB: Keeping   55870 out of  107000 clauses (52.21 %)  Time =     0.33 sec
reduceDB: Keeping   56034 out of  108000 clauses (51.88 %)  Time =     0.33 sec
reduceDB: Keeping   56583 out of  109000 clauses (51.91 %)  Time =     0.34 sec
reduceDB: Keeping   57900 out of  110002 clauses (52.64 %)  Time =     0.34 sec
reduceDB: Keeping   58596 out of  111000 clauses (52.79 %)  Time =     0.35 sec
reduceDB: Keeping   57866 out of  112000 clauses (51.67 %)  Time =     0.35 sec
reduceDB: Keeping   58624 out of  113000 clauses (51.88 %)  Time =     0.36 sec
reduceDB: Keeping   59854 out of  114001 clauses (52.50 %)  Time =     0.37 sec
reduceDB: Keeping   60617 out of  115002 clauses (52.71 %)  Time =     0.37 sec
reduceDB: Keeping   60891 out of  116001 clauses (52.49 %)  Time =     0.38 sec
reduceDB: Keeping   61472 out of  117001 clauses (52.54 %)  Time =     0.38 sec
reduceDB: Keeping   60795 out of  118000 clauses (51.52 %)  Time =     0.39 sec
reduceDB: Keeping   63046 out of  119001 clauses (52.98 %)  Time =     0.40 sec
reduceDB: Keeping   65023 out of  120001 clauses (54.19 %)  Time =     0.40 sec
reduceDB: Keeping   66400 out of  121000 clauses (54.88 %)  Time =     0.41 sec
reduceDB: Keeping   66477 out of  122000 clauses (54.49 %)  Time =     0.41 sec
reduceDB: Keeping   66864 out of  123000 clauses (54.36 %)  Time =     0.42 sec
reduceDB: Keeping   67261 out of  124001 clauses (54.24 %)  Time =     0.43 sec
reduceDB: Keeping   67289 out of  125000 clauses (53.83 %)  Time =     0.43 sec
reduceDB: Keeping   67764 out of  126000 clauses (53.78 %)  Time =     0.44 sec
reduceDB: Keeping   68796 out of  127000 clauses (54.17 %)  Time =     0.45 sec
reduceDB: Keeping   51282 out of  128001 clauses (40.06 %)  Time =     0.45 sec
starts        :             7164
conflicts     :          4033479
decisions     :          4644210
propagations  :       2215832876
Final SAT:        Nodes =   4648.  Time =   440.85 sec
Networks are equivalent.  Time =   454.35 sec
End Old Verify =   454.35 sec
