ABC command line: "&read replace_1612.aig; &cec -m -v".

label 1
label 3
Assuming the current network is a single-output miter.
label 6
Start EquivFixOutputPairs =     0.00 sec
End EquivFixOutputPairs =     0.00 sec
Start ManSatSweeping =     0.00 sec
Simulating 15 words for 15 rounds. SAT solving with 1000 conflicts.
nSimWords = 0
cst =    2256  cls =      0  lit =    2256  unused =     256  proof =     0
cst =       5  cls =     17  lit =      25  unused =    2470  proof =     0
cst =       2  cls =      4  lit =       7  unused =    2501  proof =     0
cst =       0  cls =      1  lit =       1  unused =    2510  proof =     0
cst =       0  cls =      1  lit =       1  unused =    2510  proof =     0
cst =       0  cls =      1  lit =       1  unused =    2510  proof =     0
cst =       0  cls =      1  lit =       1  unused =    2510  proof =     0
cst =       0  cls =      1  lit =       1  unused =    2510  proof =     0
cst =       0  cls =      1  lit =       1  unused =    2510  proof =     0
cst =       0  cls =      1  lit =       1  unused =    2510  proof =     0
  1 : P =      0. D =      0. F =     1. M =     761. And =    2256. Time =     0.02 sec
Increasing conflict limit to 10000.
The result is written into file "cec_giaSweep.aig".
Switching into reduced mode.
  2 : P =      0. D =      0. F =     1. M =     761. And =    2256. Time =     0.26 sec
Increasing conflict limit to 100000.
The result is written into file "cec_giaSweep.aig".
Switching into normal mode.
  3 : P =      0. D =      0. F =     1. M =       0. And =    2256. Time =     3.84 sec
Performed 3 SAT calls: P = 0  D = 0  F = 3
NBeg = 2256. NEnd = 2256. (Gain =   0.00 %).  RBeg = 0. REnd = 0. (Gain =   0.00 %).
Sim  =     0.01 sec (  0.00 %)
Sat  =     4.12 sec (  0.00 %)
Pat  =     0.00 sec (  0.00 %)
Time =     4.13 sec
End ManSatSweeping =     4.13 sec
Networks are UNDECIDED after the new CEC engine.  Time =     4.13 sec
Calling the old CEC engine.
Start Old Verify =     4.13 sec
Original miter:   Nodes =   2259.
label 27
Initial SAT:      Nodes =   2259.  Time =     0.02 sec
Rewriting:        Nodes =   2258.  Time =     0.02 sec
There are 0 XORs
Balance-X:        Nodes =   2533.  Time =     0.00 sec
Starting Fra_SmlSimulate......classes =     2.   Lits =      5.
Refined classes  after Pattern 0=     2.   Changes =    0.   Lits =      5.
Refined classes after pattern 1 =     2.   Changes =    0.   Lits =      5.
Refined classes  =     1.   Changes =    1.   Lits =      4.
Refined classes  =     1.   Changes =    0.   Lits =      4.
start Fra_FraigSweep...
Fraiging (i=1):   Nodes =   2533.  Time =     0.00 sec
Rewriting:        Nodes =   2279.  Time =     0.01 sec
There are 0 XORs
Balance-X:        Nodes =   2530.  Time =     0.00 sec
Starting Fra_SmlSimulate......classes =     2.   Lits =      5.
Refined classes  after Pattern 0=     2.   Changes =    0.   Lits =      5.
Refined classes after pattern 1 =     2.   Changes =    0.   Lits =      5.
Refined classes  =     1.   Changes =    1.   Lits =      4.
Refined classes  =     1.   Changes =    0.   Lits =      4.
start Fra_FraigSweep...
Fraiging (i=2):   Nodes =   2530.  Time =     0.00 sec
Rewriting:        Nodes =   2282.  Time =     0.01 sec
There are 0 XORs
Balance-X:        Nodes =   2530.  Time =     0.00 sec
Starting Fra_SmlSimulate......classes =     2.   Lits =      5.
Refined classes  after Pattern 0=     2.   Changes =    0.   Lits =      5.
Refined classes after pattern 1 =     2.   Changes =    0.   Lits =      5.
Refined classes  =     1.   Changes =    1.   Lits =      4.
Refined classes  =     1.   Changes =    0.   Lits =      4.
start Fra_FraigSweep...
Fraiging (i=3):   Nodes =   2530.  Time =     0.00 sec
Rewriting:        Nodes =   2282.  Time =     0.01 sec
There are 0 XORs
Balance-X:        Nodes =   2530.  Time =     0.00 sec
Starting Fra_SmlSimulate......classes =     2.   Lits =      5.
Refined classes  after Pattern 0=     2.   Changes =    0.   Lits =      5.
Refined classes after pattern 1 =     2.   Changes =    0.   Lits =      5.
Refined classes  =     1.   Changes =    1.   Lits =      4.
Refined classes  =     1.   Changes =    0.   Lits =      4.
start Fra_FraigSweep...
Fraiging (i=4):   Nodes =   2530.  Time =     0.04 sec
Rewriting:        Nodes =   2282.  Time =     0.01 sec
There are 0 XORs
Balance-X:        Nodes =   2530.  Time =     0.00 sec
Starting Fra_SmlSimulate......classes =     2.   Lits =      5.
Refined classes  after Pattern 0=     2.   Changes =    0.   Lits =      5.
Refined classes after pattern 1 =     2.   Changes =    0.   Lits =      5.
Refined classes  =     1.   Changes =    1.   Lits =      4.
Refined classes  =     1.   Changes =    0.   Lits =      4.
start Fra_FraigSweep...
Fraiging (i=5):   Nodes =   2530.  Time =     0.47 sec
Rewriting:        Nodes =   2282.  Time =     0.01 sec
There are 0 XORs
Balance-X:        Nodes =   2530.  Time =     0.00 sec
Starting Fra_SmlSimulate......classes =     2.   Lits =      5.
Refined classes  after Pattern 0=     2.   Changes =    0.   Lits =      5.
Refined classes after pattern 1 =     2.   Changes =    0.   Lits =      5.
Refined classes  =     1.   Changes =    1.   Lits =      4.
Refined classes  =     1.   Changes =    0.   Lits =      4.
start Fra_FraigSweep...
Fraiging (i=6):   Nodes =   2530.  Time =     5.18 sec
Rewriting:        Nodes =   2282.  Time =     0.01 sec
label 27
CNF stats: Vars =   1705. Clauses =    5212. Literals =    14065. Time =     0.00 sec
Running SAT solver with parameters 10000 and 1000 and 50.
reduceDB: Keeping    5033 out of   10000 clauses (50.33 %)  Time =     0.03 sec
reduceDB: Keeping    5521 out of   11002 clauses (50.18 %)  Time =     0.03 sec
reduceDB: Keeping    6008 out of   12000 clauses (50.07 %)  Time =     0.03 sec
reduceDB: Keeping    6539 out of   13000 clauses (50.30 %)  Time =     0.03 sec
reduceDB: Keeping    7016 out of   14002 clauses (50.11 %)  Time =     0.03 sec
reduceDB: Keeping    7525 out of   15000 clauses (50.17 %)  Time =     0.03 sec
reduceDB: Keeping    8027 out of   16000 clauses (50.17 %)  Time =     0.03 sec
reduceDB: Keeping    8500 out of   17002 clauses (49.99 %)  Time =     0.03 sec
reduceDB: Keeping    8961 out of   18000 clauses (49.78 %)  Time =     0.03 sec
reduceDB: Keeping    9520 out of   19000 clauses (50.11 %)  Time =     0.04 sec
reduceDB: Keeping   10044 out of   20000 clauses (50.22 %)  Time =     0.04 sec
reduceDB: Keeping   10827 out of   21000 clauses (51.56 %)  Time =     0.04 sec
reduceDB: Keeping   11204 out of   22000 clauses (50.93 %)  Time =     0.04 sec
reduceDB: Keeping   11761 out of   23003 clauses (51.13 %)  Time =     0.04 sec
reduceDB: Keeping   12113 out of   24001 clauses (50.47 %)  Time =     0.04 sec
reduceDB: Keeping   12778 out of   25000 clauses (51.11 %)  Time =     0.04 sec
reduceDB: Keeping   13150 out of   26001 clauses (50.57 %)  Time =     0.04 sec
reduceDB: Keeping   13601 out of   27001 clauses (50.37 %)  Time =     0.05 sec
reduceDB: Keeping   14303 out of   28000 clauses (51.08 %)  Time =     0.05 sec
reduceDB: Keeping   14904 out of   29001 clauses (51.39 %)  Time =     0.05 sec
reduceDB: Keeping   15422 out of   30001 clauses (51.40 %)  Time =     0.05 sec
reduceDB: Keeping   15565 out of   31000 clauses (50.21 %)  Time =     0.05 sec
reduceDB: Keeping   16066 out of   32001 clauses (50.20 %)  Time =     0.05 sec
reduceDB: Keeping   16530 out of   33002 clauses (50.09 %)  Time =     0.06 sec
reduceDB: Keeping   17054 out of   34000 clauses (50.16 %)  Time =     0.06 sec
reduceDB: Keeping   17567 out of   35001 clauses (50.19 %)  Time =     0.06 sec
reduceDB: Keeping   18088 out of   36001 clauses (50.24 %)  Time =     0.06 sec
reduceDB: Keeping   18555 out of   37001 clauses (50.15 %)  Time =     0.06 sec
reduceDB: Keeping   19068 out of   38000 clauses (50.18 %)  Time =     0.07 sec
reduceDB: Keeping   19513 out of   39001 clauses (50.03 %)  Time =     0.07 sec
reduceDB: Keeping   20198 out of   40003 clauses (50.49 %)  Time =     0.07 sec
reduceDB: Keeping   20504 out of   41001 clauses (50.01 %)  Time =     0.07 sec
reduceDB: Keeping   21033 out of   42001 clauses (50.08 %)  Time =     0.07 sec
reduceDB: Keeping   21942 out of   43000 clauses (51.03 %)  Time =     0.08 sec
reduceDB: Keeping   23145 out of   44001 clauses (52.60 %)  Time =     0.08 sec
reduceDB: Keeping   24381 out of   45001 clauses (54.18 %)  Time =     0.08 sec
reduceDB: Keeping   24160 out of   46002 clauses (52.52 %)  Time =     0.08 sec
reduceDB: Keeping   24679 out of   47000 clauses (52.51 %)  Time =     0.09 sec
reduceDB: Keeping   24749 out of   48001 clauses (51.56 %)  Time =     0.09 sec
reduceDB: Keeping   25334 out of   49000 clauses (51.70 %)  Time =     0.09 sec
reduceDB: Keeping   25437 out of   50004 clauses (50.87 %)  Time =     0.09 sec
reduceDB: Keeping   26510 out of   51003 clauses (51.98 %)  Time =     0.10 sec
reduceDB: Keeping   26904 out of   52001 clauses (51.74 %)  Time =     0.10 sec
reduceDB: Keeping   27535 out of   53000 clauses (51.95 %)  Time =     0.10 sec
reduceDB: Keeping   27915 out of   54000 clauses (51.69 %)  Time =     0.10 sec
reduceDB: Keeping   28195 out of   55001 clauses (51.26 %)  Time =     0.11 sec
reduceDB: Keeping   28346 out of   56001 clauses (50.62 %)  Time =     0.11 sec
reduceDB: Keeping   28869 out of   57000 clauses (50.65 %)  Time =     0.11 sec
reduceDB: Keeping   29619 out of   58001 clauses (51.07 %)  Time =     0.12 sec
reduceDB: Keeping   29987 out of   59000 clauses (50.83 %)  Time =     0.12 sec
reduceDB: Keeping   30308 out of   60002 clauses (50.51 %)  Time =     0.12 sec
reduceDB: Keeping   30672 out of   61000 clauses (50.28 %)  Time =     0.13 sec
reduceDB: Keeping   31437 out of   62000 clauses (50.70 %)  Time =     0.13 sec
reduceDB: Keeping   33210 out of   63002 clauses (52.71 %)  Time =     0.13 sec
reduceDB: Keeping   33923 out of   64000 clauses (53.00 %)  Time =     0.14 sec
reduceDB: Keeping   34501 out of   65000 clauses (53.08 %)  Time =     0.14 sec
reduceDB: Keeping   34766 out of   66005 clauses (52.67 %)  Time =     0.14 sec
reduceDB: Keeping   35556 out of   67000 clauses (53.07 %)  Time =     0.15 sec
reduceDB: Keeping   35418 out of   68001 clauses (52.08 %)  Time =     0.15 sec
reduceDB: Keeping   35150 out of   69003 clauses (50.94 %)  Time =     0.15 sec
reduceDB: Keeping   35265 out of   70001 clauses (50.38 %)  Time =     0.16 sec
reduceDB: Keeping   36018 out of   71000 clauses (50.73 %)  Time =     0.16 sec
reduceDB: Keeping   36252 out of   72000 clauses (50.35 %)  Time =     0.16 sec
reduceDB: Keeping   36352 out of   73001 clauses (49.80 %)  Time =     0.17 sec
reduceDB: Keeping   37337 out of   74000 clauses (50.46 %)  Time =     0.17 sec
reduceDB: Keeping   37802 out of   75001 clauses (50.40 %)  Time =     0.18 sec
reduceDB: Keeping   38068 out of   76001 clauses (50.09 %)  Time =     0.18 sec
reduceDB: Keeping   38724 out of   77001 clauses (50.29 %)  Time =     0.18 sec
reduceDB: Keeping   39068 out of   78001 clauses (50.09 %)  Time =     0.19 sec
reduceDB: Keeping   39577 out of   79000 clauses (50.10 %)  Time =     0.19 sec
reduceDB: Keeping   40024 out of   80000 clauses (50.03 %)  Time =     0.20 sec
reduceDB: Keeping   41122 out of   81001 clauses (50.77 %)  Time =     0.20 sec
reduceDB: Keeping   42005 out of   82002 clauses (51.22 %)  Time =     0.20 sec
reduceDB: Keeping   41552 out of   83001 clauses (50.06 %)  Time =     0.21 sec
reduceDB: Keeping   42308 out of   84000 clauses (50.37 %)  Time =     0.21 sec
reduceDB: Keeping   42612 out of   85002 clauses (50.13 %)  Time =     0.22 sec
reduceDB: Keeping   43080 out of   86000 clauses (50.09 %)  Time =     0.22 sec
reduceDB: Keeping   43642 out of   87001 clauses (50.16 %)  Time =     0.23 sec
reduceDB: Keeping   43963 out of   88000 clauses (49.96 %)  Time =     0.23 sec
reduceDB: Keeping   44608 out of   89001 clauses (50.12 %)  Time =     0.23 sec
reduceDB: Keeping   44146 out of   90001 clauses (49.05 %)  Time =     0.24 sec
reduceDB: Keeping   45580 out of   91000 clauses (50.09 %)  Time =     0.24 sec
reduceDB: Keeping   46579 out of   92000 clauses (50.63 %)  Time =     0.25 sec
reduceDB: Keeping   47873 out of   93001 clauses (51.48 %)  Time =     0.25 sec
reduceDB: Keeping   49865 out of   94000 clauses (53.05 %)  Time =     0.26 sec
reduceDB: Keeping   50554 out of   95001 clauses (53.21 %)  Time =     0.26 sec
reduceDB: Keeping   52365 out of   96000 clauses (54.55 %)  Time =     0.27 sec
reduceDB: Keeping   39860 out of   97001 clauses (41.09 %)  Time =     0.27 sec
reduceDB: Keeping   48940 out of   98004 clauses (49.94 %)  Time =     0.28 sec
reduceDB: Keeping   49494 out of   99000 clauses (49.99 %)  Time =     0.28 sec
reduceDB: Keeping   49921 out of  100001 clauses (49.92 %)  Time =     0.29 sec
reduceDB: Keeping   50315 out of  101000 clauses (49.82 %)  Time =     0.29 sec
reduceDB: Keeping   50978 out of  102001 clauses (49.98 %)  Time =     0.30 sec
reduceDB: Keeping   51136 out of  103000 clauses (49.65 %)  Time =     0.30 sec
reduceDB: Keeping   51939 out of  104002 clauses (49.94 %)  Time =     0.31 sec
reduceDB: Keeping   52448 out of  105000 clauses (49.95 %)  Time =     0.31 sec
reduceDB: Keeping   53128 out of  106003 clauses (50.12 %)  Time =     0.32 sec
reduceDB: Keeping   50569 out of  107000 clauses (47.26 %)  Time =     0.32 sec
reduceDB: Keeping   53926 out of  108000 clauses (49.93 %)  Time =     0.33 sec
reduceDB: Keeping   54675 out of  109002 clauses (50.16 %)  Time =     0.33 sec
reduceDB: Keeping   54775 out of  110000 clauses (49.80 %)  Time =     0.34 sec
reduceDB: Keeping   55643 out of  111000 clauses (50.13 %)  Time =     0.34 sec
reduceDB: Keeping   55133 out of  112000 clauses (49.23 %)  Time =     0.35 sec
reduceDB: Keeping   56649 out of  113000 clauses (50.13 %)  Time =     0.36 sec
reduceDB: Keeping   56974 out of  114000 clauses (49.98 %)  Time =     0.36 sec
reduceDB: Keeping   55840 out of  115001 clauses (48.56 %)  Time =     0.37 sec
reduceDB: Keeping   58119 out of  116000 clauses (50.10 %)  Time =     0.37 sec
reduceDB: Keeping   58589 out of  117001 clauses (50.08 %)  Time =     0.38 sec
reduceDB: Keeping   59000 out of  118001 clauses (50.00 %)  Time =     0.38 sec
reduceDB: Keeping   61129 out of  119000 clauses (51.37 %)  Time =     0.39 sec
reduceDB: Keeping   61655 out of  120000 clauses (51.38 %)  Time =     0.40 sec
reduceDB: Keeping   62068 out of  121001 clauses (51.30 %)  Time =     0.40 sec
reduceDB: Keeping   63774 out of  122002 clauses (52.27 %)  Time =     0.41 sec
reduceDB: Keeping   50410 out of  123001 clauses (40.98 %)  Time =     0.41 sec
starts        :             6776
conflicts     :          3852403
decisions     :          4437697
propagations  :       1281237503
Final SAT:        Nodes =   2282.  Time =   348.28 sec
Networks are equivalent.  Time =   358.21 sec
End Old Verify =   358.21 sec
