ABC command line: "&read replace_1584.aig; &cec -m -v".

label 1
label 3
Assuming the current network is a single-output miter.
label 6
Start EquivFixOutputPairs =     0.00 sec
End EquivFixOutputPairs =     0.00 sec
Start ManSatSweeping =     0.00 sec
Simulating 15 words for 15 rounds. SAT solving with 1000 conflicts.
nSimWords = 0
cst =    2028  cls =      0  lit =    2028  unused =     256  proof =     0
cst =       2  cls =      4  lit =       6  unused =    2274  proof =     0
cst =       1  cls =      2  lit =       3  unused =    2279  proof =     0
cst =       0  cls =      1  lit =       1  unused =    2282  proof =     0
cst =       0  cls =      1  lit =       1  unused =    2282  proof =     0
cst =       0  cls =      1  lit =       1  unused =    2282  proof =     0
cst =       0  cls =      1  lit =       1  unused =    2282  proof =     0
cst =       0  cls =      1  lit =       1  unused =    2282  proof =     0
cst =       0  cls =      1  lit =       1  unused =    2282  proof =     0
cst =       0  cls =      1  lit =       1  unused =    2282  proof =     0
  1 : P =      0. D =      0. F =     1. M =     663. And =    2028. Time =     0.02 sec
Increasing conflict limit to 10000.
The result is written into file "cec_giaSweep.aig".
Switching into reduced mode.
  2 : P =      0. D =      0. F =     1. M =     663. And =    2028. Time =     0.46 sec
Increasing conflict limit to 100000.
The result is written into file "cec_giaSweep.aig".
Switching into normal mode.
  3 : P =      0. D =      0. F =     1. M =       0. And =    2028. Time =     6.80 sec
Performed 3 SAT calls: P = 0  D = 0  F = 3
NBeg = 2028. NEnd = 2028. (Gain =   0.00 %).  RBeg = 0. REnd = 0. (Gain =   0.00 %).
Sim  =     0.00 sec (  0.00 %)
Sat  =     7.28 sec (  0.00 %)
Pat  =     0.00 sec (  0.00 %)
Time =     7.29 sec
End ManSatSweeping =     7.29 sec
Networks are UNDECIDED after the new CEC engine.  Time =     7.29 sec
Calling the old CEC engine.
Start Old Verify =     7.29 sec
Original miter:   Nodes =   2031.
label 27
Initial SAT:      Nodes =   2031.  Time =     0.02 sec
Rewriting:        Nodes =   2031.  Time =     0.03 sec
There are 0 XORs
Balance-X:        Nodes =   2298.  Time =     0.00 sec
Starting Fra_SmlSimulate......classes =     1.   Lits =      4.
Refined classes  after Pattern 0=     1.   Changes =    0.   Lits =      4.
Refined classes after pattern 1 =     1.   Changes =    0.   Lits =      4.
Refined classes  =     1.   Changes =    0.   Lits =      4.
start Fra_FraigSweep...
Fraiging (i=1):   Nodes =   2298.  Time =     0.00 sec
Rewriting:        Nodes =   2050.  Time =     0.01 sec
There are 0 XORs
Balance-X:        Nodes =   2296.  Time =     0.00 sec
Starting Fra_SmlSimulate......classes =     1.   Lits =      4.
Refined classes  after Pattern 0=     1.   Changes =    0.   Lits =      4.
Refined classes after pattern 1 =     1.   Changes =    0.   Lits =      4.
Refined classes  =     1.   Changes =    0.   Lits =      4.
start Fra_FraigSweep...
Fraiging (i=2):   Nodes =   2296.  Time =     0.00 sec
Rewriting:        Nodes =   2052.  Time =     0.01 sec
There are 0 XORs
Balance-X:        Nodes =   2296.  Time =     0.00 sec
Starting Fra_SmlSimulate......classes =     1.   Lits =      4.
Refined classes  after Pattern 0=     1.   Changes =    0.   Lits =      4.
Refined classes after pattern 1 =     1.   Changes =    0.   Lits =      4.
Refined classes  =     1.   Changes =    0.   Lits =      4.
start Fra_FraigSweep...
Fraiging (i=3):   Nodes =   2296.  Time =     0.01 sec
Rewriting:        Nodes =   2054.  Time =     0.01 sec
There are 0 XORs
Balance-X:        Nodes =   2296.  Time =     0.00 sec
Starting Fra_SmlSimulate......classes =     1.   Lits =      4.
Refined classes  after Pattern 0=     1.   Changes =    0.   Lits =      4.
Refined classes after pattern 1 =     1.   Changes =    0.   Lits =      4.
Refined classes  =     1.   Changes =    0.   Lits =      4.
start Fra_FraigSweep...
Fraiging (i=4):   Nodes =   2296.  Time =     0.12 sec
Rewriting:        Nodes =   2052.  Time =     0.01 sec
There are 0 XORs
Balance-X:        Nodes =   2296.  Time =     0.00 sec
Starting Fra_SmlSimulate......classes =     1.   Lits =      4.
Refined classes  after Pattern 0=     1.   Changes =    0.   Lits =      4.
Refined classes after pattern 1 =     1.   Changes =    0.   Lits =      4.
Refined classes  =     1.   Changes =    0.   Lits =      4.
start Fra_FraigSweep...
Fraiging (i=5):   Nodes =   2296.  Time =     1.52 sec
Rewriting:        Nodes =   2054.  Time =     0.01 sec
There are 0 XORs
Balance-X:        Nodes =   2296.  Time =     0.00 sec
Starting Fra_SmlSimulate......classes =     1.   Lits =      4.
Refined classes  after Pattern 0=     1.   Changes =    0.   Lits =      4.
Refined classes after pattern 1 =     1.   Changes =    0.   Lits =      4.
Refined classes  =     1.   Changes =    0.   Lits =      4.
start Fra_FraigSweep...
Fraiging (i=6):   Nodes =   2296.  Time =    18.24 sec
Rewriting:        Nodes =   2052.  Time =     0.01 sec
label 27
CNF stats: Vars =   1589. Clauses =    4735. Literals =    12771. Time =     0.00 sec
Running SAT solver with parameters 10000 and 1000 and 50.
reduceDB: Keeping    5017 out of   10000 clauses (50.17 %)  Time =     0.10 sec
reduceDB: Keeping    5507 out of   11000 clauses (50.06 %)  Time =     0.10 sec
reduceDB: Keeping    6009 out of   12001 clauses (50.07 %)  Time =     0.10 sec
reduceDB: Keeping    6524 out of   13000 clauses (50.18 %)  Time =     0.10 sec
reduceDB: Keeping    7011 out of   14000 clauses (50.08 %)  Time =     0.10 sec
reduceDB: Keeping    7525 out of   15001 clauses (50.16 %)  Time =     0.10 sec
reduceDB: Keeping    8028 out of   16000 clauses (50.17 %)  Time =     0.10 sec
reduceDB: Keeping    8641 out of   17000 clauses (50.83 %)  Time =     0.10 sec
reduceDB: Keeping    9040 out of   18003 clauses (50.21 %)  Time =     0.10 sec
reduceDB: Keeping    9599 out of   19000 clauses (50.52 %)  Time =     0.11 sec
reduceDB: Keeping   10184 out of   20000 clauses (50.92 %)  Time =     0.11 sec
reduceDB: Keeping   10803 out of   21001 clauses (51.44 %)  Time =     0.11 sec
reduceDB: Keeping   11303 out of   22000 clauses (51.38 %)  Time =     0.11 sec
reduceDB: Keeping   11647 out of   23000 clauses (50.64 %)  Time =     0.11 sec
reduceDB: Keeping   12441 out of   24001 clauses (51.84 %)  Time =     0.11 sec
reduceDB: Keeping   12835 out of   25000 clauses (51.34 %)  Time =     0.12 sec
reduceDB: Keeping   13242 out of   26001 clauses (50.93 %)  Time =     0.12 sec
reduceDB: Keeping   13888 out of   27000 clauses (51.44 %)  Time =     0.12 sec
reduceDB: Keeping   14402 out of   28001 clauses (51.43 %)  Time =     0.12 sec
reduceDB: Keeping   15088 out of   29000 clauses (52.03 %)  Time =     0.13 sec
reduceDB: Keeping   15974 out of   30000 clauses (53.25 %)  Time =     0.13 sec
reduceDB: Keeping   16262 out of   31000 clauses (52.46 %)  Time =     0.13 sec
reduceDB: Keeping   16698 out of   32000 clauses (52.18 %)  Time =     0.13 sec
reduceDB: Keeping   16966 out of   33001 clauses (51.41 %)  Time =     0.14 sec
reduceDB: Keeping   17419 out of   34000 clauses (51.23 %)  Time =     0.14 sec
reduceDB: Keeping   17803 out of   35000 clauses (50.87 %)  Time =     0.14 sec
reduceDB: Keeping   18502 out of   36001 clauses (51.39 %)  Time =     0.15 sec
reduceDB: Keeping   18958 out of   37000 clauses (51.24 %)  Time =     0.15 sec
reduceDB: Keeping   19373 out of   38001 clauses (50.98 %)  Time =     0.15 sec
reduceDB: Keeping   19819 out of   39001 clauses (50.82 %)  Time =     0.16 sec
reduceDB: Keeping   20422 out of   40001 clauses (51.05 %)  Time =     0.16 sec
reduceDB: Keeping   20574 out of   41000 clauses (50.18 %)  Time =     0.16 sec
reduceDB: Keeping   21543 out of   42000 clauses (51.29 %)  Time =     0.17 sec
reduceDB: Keeping   23226 out of   43000 clauses (54.01 %)  Time =     0.17 sec
reduceDB: Keeping   23663 out of   44000 clauses (53.78 %)  Time =     0.18 sec
reduceDB: Keeping   24033 out of   45002 clauses (53.40 %)  Time =     0.18 sec
reduceDB: Keeping   24133 out of   46002 clauses (52.46 %)  Time =     0.19 sec
reduceDB: Keeping   24386 out of   47002 clauses (51.88 %)  Time =     0.19 sec
reduceDB: Keeping   24475 out of   48002 clauses (50.99 %)  Time =     0.20 sec
reduceDB: Keeping   24755 out of   49000 clauses (50.52 %)  Time =     0.20 sec
reduceDB: Keeping   25140 out of   50000 clauses (50.28 %)  Time =     0.21 sec
reduceDB: Keeping   25747 out of   51000 clauses (50.48 %)  Time =     0.21 sec
reduceDB: Keeping   26169 out of   52001 clauses (50.32 %)  Time =     0.22 sec
reduceDB: Keeping   26565 out of   53000 clauses (50.12 %)  Time =     0.22 sec
reduceDB: Keeping   27049 out of   54002 clauses (50.09 %)  Time =     0.23 sec
reduceDB: Keeping   27517 out of   55001 clauses (50.03 %)  Time =     0.24 sec
reduceDB: Keeping   28074 out of   56000 clauses (50.13 %)  Time =     0.24 sec
reduceDB: Keeping   28595 out of   57001 clauses (50.17 %)  Time =     0.25 sec
reduceDB: Keeping   29071 out of   58003 clauses (50.12 %)  Time =     0.26 sec
reduceDB: Keeping   29585 out of   59000 clauses (50.14 %)  Time =     0.26 sec
reduceDB: Keeping   30116 out of   60001 clauses (50.19 %)  Time =     0.27 sec
reduceDB: Keeping   30553 out of   61000 clauses (50.09 %)  Time =     0.28 sec
reduceDB: Keeping   31061 out of   62000 clauses (50.10 %)  Time =     0.29 sec
reduceDB: Keeping   31594 out of   63001 clauses (50.15 %)  Time =     0.29 sec
reduceDB: Keeping   32065 out of   64000 clauses (50.10 %)  Time =     0.30 sec
reduceDB: Keeping   32574 out of   65000 clauses (50.11 %)  Time =     0.31 sec
reduceDB: Keeping   32962 out of   66000 clauses (49.94 %)  Time =     0.32 sec
reduceDB: Keeping   33872 out of   67002 clauses (50.55 %)  Time =     0.33 sec
reduceDB: Keeping   34062 out of   68001 clauses (50.09 %)  Time =     0.34 sec
reduceDB: Keeping   34307 out of   69003 clauses (49.72 %)  Time =     0.34 sec
reduceDB: Keeping   35101 out of   70000 clauses (50.14 %)  Time =     0.35 sec
reduceDB: Keeping   35343 out of   71001 clauses (49.78 %)  Time =     0.36 sec
reduceDB: Keeping   36131 out of   72001 clauses (50.18 %)  Time =     0.37 sec
reduceDB: Keeping   36353 out of   73000 clauses (49.80 %)  Time =     0.39 sec
reduceDB: Keeping   37138 out of   74002 clauses (50.19 %)  Time =     0.41 sec
reduceDB: Keeping   37498 out of   75000 clauses (50.00 %)  Time =     0.43 sec
reduceDB: Keeping   38030 out of   76004 clauses (50.04 %)  Time =     0.45 sec
reduceDB: Keeping   38626 out of   77000 clauses (50.16 %)  Time =     0.47 sec
reduceDB: Keeping   39111 out of   78001 clauses (50.14 %)  Time =     0.50 sec
reduceDB: Keeping   39589 out of   79000 clauses (50.11 %)  Time =     0.52 sec
reduceDB: Keeping   39992 out of   80003 clauses (49.99 %)  Time =     0.54 sec
reduceDB: Keeping   40489 out of   81000 clauses (49.99 %)  Time =     0.56 sec
reduceDB: Keeping   41141 out of   82000 clauses (50.17 %)  Time =     0.59 sec
reduceDB: Keeping   41590 out of   83001 clauses (50.11 %)  Time =     0.61 sec
reduceDB: Keeping   42095 out of   84001 clauses (50.11 %)  Time =     0.63 sec
reduceDB: Keeping   42582 out of   85001 clauses (50.10 %)  Time =     0.66 sec
reduceDB: Keeping   42808 out of   86000 clauses (49.78 %)  Time =     0.68 sec
reduceDB: Keeping   43450 out of   87000 clauses (49.94 %)  Time =     0.71 sec
reduceDB: Keeping   44054 out of   88000 clauses (50.06 %)  Time =     0.73 sec
reduceDB: Keeping   44630 out of   89003 clauses (50.14 %)  Time =     0.75 sec
reduceDB: Keeping   44988 out of   90001 clauses (49.99 %)  Time =     0.78 sec
reduceDB: Keeping   45600 out of   91001 clauses (50.11 %)  Time =     0.80 sec
reduceDB: Keeping   46031 out of   92002 clauses (50.03 %)  Time =     0.82 sec
reduceDB: Keeping   46608 out of   93000 clauses (50.12 %)  Time =     0.85 sec
reduceDB: Keeping   47080 out of   94000 clauses (50.09 %)  Time =     0.87 sec
reduceDB: Keeping   47708 out of   95000 clauses (50.22 %)  Time =     0.90 sec
reduceDB: Keeping   48123 out of   96001 clauses (50.13 %)  Time =     0.92 sec
reduceDB: Keeping   48593 out of   97000 clauses (50.10 %)  Time =     0.94 sec
reduceDB: Keeping   49398 out of   98001 clauses (50.41 %)  Time =     0.97 sec
reduceDB: Keeping   48893 out of   99000 clauses (49.39 %)  Time =     0.99 sec
reduceDB: Keeping   50128 out of  100003 clauses (50.13 %)  Time =     1.01 sec
reduceDB: Keeping   50576 out of  101000 clauses (50.08 %)  Time =     1.04 sec
reduceDB: Keeping   51145 out of  102000 clauses (50.14 %)  Time =     1.06 sec
reduceDB: Keeping   51605 out of  103000 clauses (50.10 %)  Time =     1.09 sec
reduceDB: Keeping   52113 out of  104001 clauses (50.11 %)  Time =     1.11 sec
reduceDB: Keeping   52265 out of  105000 clauses (49.78 %)  Time =     1.14 sec
reduceDB: Keeping   53050 out of  106001 clauses (50.05 %)  Time =     1.16 sec
reduceDB: Keeping   53629 out of  107001 clauses (50.12 %)  Time =     1.19 sec
reduceDB: Keeping   54120 out of  108001 clauses (50.11 %)  Time =     1.22 sec
reduceDB: Keeping   54261 out of  109000 clauses (49.78 %)  Time =     1.25 sec
reduceDB: Keeping   55104 out of  110001 clauses (50.09 %)  Time =     1.27 sec
reduceDB: Keeping   55236 out of  111000 clauses (49.76 %)  Time =     1.30 sec
reduceDB: Keeping   56251 out of  112000 clauses (50.22 %)  Time =     1.33 sec
reduceDB: Keeping   56406 out of  113001 clauses (49.92 %)  Time =     1.35 sec
reduceDB: Keeping   57103 out of  114001 clauses (50.09 %)  Time =     1.38 sec
reduceDB: Keeping   57502 out of  115001 clauses (50.00 %)  Time =     1.41 sec
reduceDB: Keeping   58294 out of  116000 clauses (50.25 %)  Time =     1.43 sec
reduceDB: Keeping   59102 out of  117000 clauses (50.51 %)  Time =     1.46 sec
reduceDB: Keeping   61569 out of  118001 clauses (52.18 %)  Time =     1.48 sec
reduceDB: Keeping   63406 out of  119000 clauses (53.28 %)  Time =     1.51 sec
reduceDB: Keeping   63245 out of  120002 clauses (52.70 %)  Time =     1.54 sec
reduceDB: Keeping   63173 out of  121001 clauses (52.21 %)  Time =     1.57 sec
reduceDB: Keeping   62979 out of  122000 clauses (51.62 %)  Time =     1.60 sec
reduceDB: Keeping   64581 out of  123002 clauses (52.50 %)  Time =     1.62 sec
reduceDB: Keeping   64567 out of  124000 clauses (52.07 %)  Time =     1.65 sec
reduceDB: Keeping   65295 out of  125000 clauses (52.24 %)  Time =     1.68 sec
reduceDB: Keeping   66458 out of  126000 clauses (52.74 %)  Time =     1.70 sec
reduceDB: Keeping   68746 out of  127000 clauses (54.13 %)  Time =     1.73 sec
reduceDB: Keeping   52275 out of  128004 clauses (40.84 %)  Time =     1.75 sec
starts        :             7324
conflicts     :          4154624
decisions     :          4759017
propagations  :       1285200933
Final SAT:        Nodes =   2052.  Time =  1073.99 sec
Networks are equivalent.  Time =  1101.31 sec
End Old Verify =  1101.31 sec
