ABC command line: "&read replace_1393.aig; &cec -m -v".

label 1
label 3
Assuming the current network is a single-output miter.
label 6
Start EquivFixOutputPairs =     0.00 sec
End EquivFixOutputPairs =     0.00 sec
Start ManSatSweeping =     0.00 sec
Simulating 15 words for 15 rounds. SAT solving with 1000 conflicts.
nSimWords = 0
cst =    2468  cls =      0  lit =    2468  unused =     256  proof =     0
cst =       6  cls =     20  lit =      29  unused =    2675  proof =     0
cst =       3  cls =      4  lit =       8  unused =    2712  proof =     0
cst =       0  cls =      2  lit =       2  unused =    2720  proof =     0
cst =       0  cls =      2  lit =       2  unused =    2720  proof =     0
cst =       0  cls =      2  lit =       2  unused =    2720  proof =     0
cst =       0  cls =      2  lit =       2  unused =    2720  proof =     0
cst =       0  cls =      1  lit =       1  unused =    2722  proof =     0
cst =       0  cls =      1  lit =       1  unused =    2722  proof =     0
cst =       0  cls =      1  lit =       1  unused =    2722  proof =     0
  1 : P =      0. D =      0. F =     1. M =     847. And =    2468. Time =     0.02 sec
Increasing conflict limit to 10000.
The result is written into file "cec_giaSweep.aig".
Switching into reduced mode.
  2 : P =      0. D =      0. F =     1. M =     847. And =    2468. Time =     0.32 sec
Increasing conflict limit to 100000.
The result is written into file "cec_giaSweep.aig".
Switching into normal mode.
  3 : P =      0. D =      0. F =     1. M =       0. And =    2468. Time =     3.96 sec
Performed 3 SAT calls: P = 0  D = 0  F = 3
NBeg = 2468. NEnd = 2468. (Gain =   0.00 %).  RBeg = 0. REnd = 0. (Gain =   0.00 %).
Sim  =     0.00 sec (  0.00 %)
Sat  =     4.30 sec (  0.00 %)
Pat  =     0.00 sec (  0.00 %)
Time =     4.31 sec
End ManSatSweeping =     4.31 sec
Networks are UNDECIDED after the new CEC engine.  Time =     4.31 sec
Calling the old CEC engine.
Start Old Verify =     4.31 sec
Original miter:   Nodes =   2471.
label 27
Initial SAT:      Nodes =   2471.  Time =     0.02 sec
Rewriting:        Nodes =   2470.  Time =     0.02 sec
There are 0 XORs
Balance-X:        Nodes =   2744.  Time =     0.00 sec
Starting Fra_SmlSimulate......classes =     1.   Lits =      4.
Refined classes  after Pattern 0=     1.   Changes =    0.   Lits =      4.
Refined classes after pattern 1 =     1.   Changes =    0.   Lits =      4.
Refined classes  =     1.   Changes =    0.   Lits =      4.
start Fra_FraigSweep...
Fraiging (i=1):   Nodes =   2744.  Time =     0.00 sec
Rewriting:        Nodes =   2493.  Time =     0.01 sec
There are 0 XORs
Balance-X:        Nodes =   2743.  Time =     0.00 sec
Starting Fra_SmlSimulate......classes =     2.   Lits =      5.
Refined classes  after Pattern 0=     2.   Changes =    0.   Lits =      5.
Refined classes after pattern 1 =     2.   Changes =    0.   Lits =      5.
Refined classes  =     1.   Changes =    1.   Lits =      4.
Refined classes  =     1.   Changes =    0.   Lits =      4.
start Fra_FraigSweep...
Fraiging (i=2):   Nodes =   2743.  Time =     0.00 sec
Rewriting:        Nodes =   2495.  Time =     0.01 sec
There are 0 XORs
Balance-X:        Nodes =   2743.  Time =     0.00 sec
Starting Fra_SmlSimulate......classes =     1.   Lits =      4.
Refined classes  after Pattern 0=     1.   Changes =    0.   Lits =      4.
Refined classes after pattern 1 =     1.   Changes =    0.   Lits =      4.
Refined classes  =     1.   Changes =    0.   Lits =      4.
start Fra_FraigSweep...
Fraiging (i=3):   Nodes =   2743.  Time =     0.01 sec
Rewriting:        Nodes =   2495.  Time =     0.01 sec
There are 0 XORs
Balance-X:        Nodes =   2743.  Time =     0.00 sec
Starting Fra_SmlSimulate......classes =     2.   Lits =      5.
Refined classes  after Pattern 0=     2.   Changes =    0.   Lits =      5.
Refined classes after pattern 1 =     2.   Changes =    0.   Lits =      5.
Refined classes  =     1.   Changes =    1.   Lits =      4.
Refined classes  =     1.   Changes =    0.   Lits =      4.
start Fra_FraigSweep...
Fraiging (i=4):   Nodes =   2743.  Time =     0.05 sec
Rewriting:        Nodes =   2495.  Time =     0.01 sec
There are 0 XORs
Balance-X:        Nodes =   2743.  Time =     0.00 sec
Starting Fra_SmlSimulate......classes =     1.   Lits =      4.
Refined classes  after Pattern 0=     1.   Changes =    0.   Lits =      4.
Refined classes after pattern 1 =     1.   Changes =    0.   Lits =      4.
Refined classes  =     1.   Changes =    0.   Lits =      4.
start Fra_FraigSweep...
Fraiging (i=5):   Nodes =   2743.  Time =     0.52 sec
Rewriting:        Nodes =   2495.  Time =     0.01 sec
There are 0 XORs
Balance-X:        Nodes =   2743.  Time =     0.00 sec
Starting Fra_SmlSimulate......classes =     2.   Lits =      5.
Refined classes  after Pattern 0=     2.   Changes =    0.   Lits =      5.
Refined classes after pattern 1 =     2.   Changes =    0.   Lits =      5.
Refined classes  =     1.   Changes =    1.   Lits =      4.
Refined classes  =     1.   Changes =    0.   Lits =      4.
start Fra_FraigSweep...
Fraiging (i=6):   Nodes =   2743.  Time =     5.57 sec
Rewriting:        Nodes =   2495.  Time =     0.01 sec
label 27
CNF stats: Vars =   1805. Clauses =    5642. Literals =    15246. Time =     0.00 sec
Running SAT solver with parameters 10000 and 1000 and 50.
reduceDB: Keeping    5023 out of   10001 clauses (50.22 %)  Time =     0.03 sec
reduceDB: Keeping    5516 out of   11000 clauses (50.15 %)  Time =     0.03 sec
reduceDB: Keeping    6019 out of   12001 clauses (50.15 %)  Time =     0.03 sec
reduceDB: Keeping    6528 out of   13000 clauses (50.22 %)  Time =     0.03 sec
reduceDB: Keeping    7010 out of   14001 clauses (50.07 %)  Time =     0.03 sec
reduceDB: Keeping    7622 out of   15001 clauses (50.81 %)  Time =     0.03 sec
reduceDB: Keeping    8204 out of   16002 clauses (51.27 %)  Time =     0.03 sec
reduceDB: Keeping    8812 out of   17001 clauses (51.83 %)  Time =     0.03 sec
reduceDB: Keeping    9204 out of   18000 clauses (51.13 %)  Time =     0.03 sec
reduceDB: Keeping    9583 out of   19004 clauses (50.43 %)  Time =     0.03 sec
reduceDB: Keeping   10437 out of   20000 clauses (52.19 %)  Time =     0.04 sec
reduceDB: Keeping   11168 out of   21001 clauses (53.18 %)  Time =     0.04 sec
reduceDB: Keeping   11540 out of   22000 clauses (52.45 %)  Time =     0.04 sec
reduceDB: Keeping   12154 out of   23000 clauses (52.84 %)  Time =     0.04 sec
reduceDB: Keeping   12611 out of   24001 clauses (52.54 %)  Time =     0.04 sec
reduceDB: Keeping   13310 out of   25000 clauses (53.24 %)  Time =     0.04 sec
reduceDB: Keeping   13610 out of   26002 clauses (52.34 %)  Time =     0.04 sec
reduceDB: Keeping   14069 out of   27003 clauses (52.10 %)  Time =     0.04 sec
reduceDB: Keeping   14640 out of   28000 clauses (52.29 %)  Time =     0.05 sec
reduceDB: Keeping   15640 out of   29003 clauses (53.93 %)  Time =     0.05 sec
reduceDB: Keeping   16252 out of   30000 clauses (54.17 %)  Time =     0.05 sec
reduceDB: Keeping   16735 out of   31001 clauses (53.98 %)  Time =     0.05 sec
reduceDB: Keeping   16899 out of   32001 clauses (52.81 %)  Time =     0.05 sec
reduceDB: Keeping   17462 out of   33000 clauses (52.92 %)  Time =     0.05 sec
reduceDB: Keeping   17986 out of   34001 clauses (52.90 %)  Time =     0.06 sec
reduceDB: Keeping   18215 out of   35002 clauses (52.04 %)  Time =     0.06 sec
reduceDB: Keeping   18838 out of   36002 clauses (52.32 %)  Time =     0.06 sec
reduceDB: Keeping   19407 out of   37001 clauses (52.45 %)  Time =     0.06 sec
reduceDB: Keeping   19787 out of   38000 clauses (52.07 %)  Time =     0.06 sec
reduceDB: Keeping   20155 out of   39000 clauses (51.68 %)  Time =     0.07 sec
reduceDB: Keeping   20536 out of   40000 clauses (51.34 %)  Time =     0.07 sec
reduceDB: Keeping   20941 out of   41002 clauses (51.07 %)  Time =     0.07 sec
reduceDB: Keeping   21686 out of   42000 clauses (51.63 %)  Time =     0.07 sec
reduceDB: Keeping   22263 out of   43000 clauses (51.77 %)  Time =     0.08 sec
reduceDB: Keeping   22981 out of   44001 clauses (52.23 %)  Time =     0.08 sec
reduceDB: Keeping   23944 out of   45001 clauses (53.21 %)  Time =     0.08 sec
reduceDB: Keeping   24406 out of   46001 clauses (53.06 %)  Time =     0.08 sec
reduceDB: Keeping   24845 out of   47001 clauses (52.86 %)  Time =     0.09 sec
reduceDB: Keeping   24900 out of   48002 clauses (51.87 %)  Time =     0.09 sec
reduceDB: Keeping   25352 out of   49000 clauses (51.74 %)  Time =     0.09 sec
reduceDB: Keeping   26669 out of   50000 clauses (53.34 %)  Time =     0.09 sec
reduceDB: Keeping   26819 out of   51000 clauses (52.59 %)  Time =     0.10 sec
reduceDB: Keeping   27157 out of   52001 clauses (52.22 %)  Time =     0.10 sec
reduceDB: Keeping   27360 out of   53000 clauses (51.62 %)  Time =     0.10 sec
reduceDB: Keeping   28059 out of   54002 clauses (51.96 %)  Time =     0.11 sec
reduceDB: Keeping   28577 out of   55001 clauses (51.96 %)  Time =     0.11 sec
reduceDB: Keeping   28800 out of   56000 clauses (51.43 %)  Time =     0.11 sec
reduceDB: Keeping   29175 out of   57001 clauses (51.18 %)  Time =     0.11 sec
reduceDB: Keeping   29361 out of   58001 clauses (50.62 %)  Time =     0.12 sec
reduceDB: Keeping   29526 out of   59001 clauses (50.04 %)  Time =     0.12 sec
reduceDB: Keeping   30122 out of   60001 clauses (50.20 %)  Time =     0.12 sec
reduceDB: Keeping   30554 out of   61001 clauses (50.09 %)  Time =     0.13 sec
reduceDB: Keeping   30987 out of   62000 clauses (49.98 %)  Time =     0.13 sec
reduceDB: Keeping   31574 out of   63001 clauses (50.12 %)  Time =     0.13 sec
reduceDB: Keeping   32804 out of   64001 clauses (51.26 %)  Time =     0.14 sec
reduceDB: Keeping   33503 out of   65000 clauses (51.54 %)  Time =     0.14 sec
reduceDB: Keeping   34984 out of   66000 clauses (53.01 %)  Time =     0.14 sec
reduceDB: Keeping   36015 out of   67001 clauses (53.75 %)  Time =     0.15 sec
reduceDB: Keeping   35959 out of   68000 clauses (52.88 %)  Time =     0.15 sec
reduceDB: Keeping   36147 out of   69001 clauses (52.39 %)  Time =     0.15 sec
reduceDB: Keeping   36290 out of   70003 clauses (51.84 %)  Time =     0.16 sec
reduceDB: Keeping   36901 out of   71001 clauses (51.97 %)  Time =     0.16 sec
reduceDB: Keeping   37001 out of   72000 clauses (51.39 %)  Time =     0.16 sec
reduceDB: Keeping   37318 out of   73000 clauses (51.12 %)  Time =     0.17 sec
reduceDB: Keeping   38651 out of   74001 clauses (52.23 %)  Time =     0.17 sec
reduceDB: Keeping   38512 out of   75001 clauses (51.35 %)  Time =     0.18 sec
reduceDB: Keeping   38930 out of   76000 clauses (51.22 %)  Time =     0.18 sec
reduceDB: Keeping   39447 out of   77001 clauses (51.23 %)  Time =     0.18 sec
reduceDB: Keeping   39866 out of   78000 clauses (51.11 %)  Time =     0.19 sec
reduceDB: Keeping   39910 out of   79001 clauses (50.52 %)  Time =     0.19 sec
reduceDB: Keeping   40872 out of   80000 clauses (51.09 %)  Time =     0.20 sec
reduceDB: Keeping   41352 out of   81000 clauses (51.05 %)  Time =     0.20 sec
reduceDB: Keeping   41579 out of   82000 clauses (50.71 %)  Time =     0.20 sec
reduceDB: Keeping   41956 out of   83000 clauses (50.55 %)  Time =     0.21 sec
reduceDB: Keeping   42638 out of   84000 clauses (50.76 %)  Time =     0.21 sec
reduceDB: Keeping   42598 out of   85000 clauses (50.12 %)  Time =     0.22 sec
reduceDB: Keeping   43064 out of   86002 clauses (50.07 %)  Time =     0.22 sec
reduceDB: Keeping   43632 out of   87002 clauses (50.15 %)  Time =     0.23 sec
reduceDB: Keeping   44102 out of   88000 clauses (50.12 %)  Time =     0.23 sec
reduceDB: Keeping   44601 out of   89001 clauses (50.11 %)  Time =     0.24 sec
reduceDB: Keeping   45056 out of   90000 clauses (50.06 %)  Time =     0.24 sec
reduceDB: Keeping   45611 out of   91001 clauses (50.12 %)  Time =     0.24 sec
reduceDB: Keeping   46061 out of   92000 clauses (50.07 %)  Time =     0.25 sec
reduceDB: Keeping   47027 out of   93003 clauses (50.57 %)  Time =     0.25 sec
reduceDB: Keeping   47980 out of   94000 clauses (51.04 %)  Time =     0.26 sec
reduceDB: Keeping   49916 out of   95000 clauses (52.54 %)  Time =     0.26 sec
reduceDB: Keeping   50613 out of   96001 clauses (52.72 %)  Time =     0.27 sec
reduceDB: Keeping   51374 out of   97000 clauses (52.96 %)  Time =     0.27 sec
reduceDB: Keeping   52451 out of   98003 clauses (53.52 %)  Time =     0.28 sec
reduceDB: Keeping   53002 out of   99003 clauses (53.54 %)  Time =     0.28 sec
reduceDB: Keeping   52874 out of  100000 clauses (52.87 %)  Time =     0.29 sec
reduceDB: Keeping   53296 out of  101000 clauses (52.77 %)  Time =     0.29 sec
reduceDB: Keeping   53100 out of  102000 clauses (52.06 %)  Time =     0.30 sec
reduceDB: Keeping   53736 out of  103000 clauses (52.17 %)  Time =     0.30 sec
reduceDB: Keeping   54500 out of  104000 clauses (52.40 %)  Time =     0.31 sec
reduceDB: Keeping   55058 out of  105000 clauses (52.44 %)  Time =     0.31 sec
reduceDB: Keeping   55566 out of  106001 clauses (52.42 %)  Time =     0.32 sec
reduceDB: Keeping   55647 out of  107001 clauses (52.01 %)  Time =     0.32 sec
reduceDB: Keeping   56599 out of  108001 clauses (52.41 %)  Time =     0.33 sec
reduceDB: Keeping   57568 out of  109002 clauses (52.81 %)  Time =     0.34 sec
reduceDB: Keeping   57696 out of  110000 clauses (52.45 %)  Time =     0.34 sec
reduceDB: Keeping   58232 out of  111000 clauses (52.46 %)  Time =     0.35 sec
reduceDB: Keeping   59029 out of  112001 clauses (52.70 %)  Time =     0.35 sec
reduceDB: Keeping   59880 out of  113000 clauses (52.99 %)  Time =     0.36 sec
reduceDB: Keeping   61988 out of  114000 clauses (54.38 %)  Time =     0.36 sec
reduceDB: Keeping   62273 out of  115001 clauses (54.15 %)  Time =     0.37 sec
reduceDB: Keeping   62964 out of  116002 clauses (54.28 %)  Time =     0.37 sec
reduceDB: Keeping   62778 out of  117003 clauses (53.66 %)  Time =     0.38 sec
reduceDB: Keeping   63990 out of  118001 clauses (54.23 %)  Time =     0.39 sec
reduceDB: Keeping   47390 out of  119002 clauses (39.82 %)  Time =     0.39 sec
reduceDB: Keeping   59969 out of  120001 clauses (49.97 %)  Time =     0.40 sec
reduceDB: Keeping   64084 out of  121000 clauses (52.96 %)  Time =     0.40 sec
starts        :             6269
conflicts     :          3629692
decisions     :          4161969
propagations  :       1287152384
Final SAT:        Nodes =   2495.  Time =   342.85 sec
Networks are equivalent.  Time =   353.41 sec
End Old Verify =   353.41 sec
