ABC command line: "&read replace_1397.aig; &cec -m -v".

label 1
label 3
Assuming the current network is a single-output miter.
label 6
Start EquivFixOutputPairs =     0.00 sec
End EquivFixOutputPairs =     0.00 sec
Start ManSatSweeping =     0.00 sec
Simulating 15 words for 15 rounds. SAT solving with 1000 conflicts.
nSimWords = 0
cst =    4784  cls =      0  lit =    4784  unused =     256  proof =     0
cst =      62  cls =    225  lit =     344  unused =    4471  proof =     0
cst =      23  cls =     71  lit =     104  unused =    4865  proof =     0
cst =       3  cls =     28  lit =      32  unused =    4980  proof =     0
cst =       0  cls =      9  lit =       9  unused =    5022  proof =     0
cst =       0  cls =      4  lit =       4  unused =    5032  proof =     0
cst =       0  cls =      3  lit =       3  unused =    5034  proof =     0
cst =       0  cls =      2  lit =       2  unused =    5036  proof =     0
cst =       0  cls =      2  lit =       2  unused =    5036  proof =     0
cst =       0  cls =      2  lit =       2  unused =    5036  proof =     0
  1 : P =      0. D =      0. F =     1. M =    1996. And =    4784. Time =     0.04 sec
Increasing conflict limit to 10000.
The result is written into file "cec_giaSweep.aig".
Switching into reduced mode.
  2 : P =      0. D =      0. F =     1. M =    1996. And =    4784. Time =     0.49 sec
Increasing conflict limit to 100000.
The result is written into file "cec_giaSweep.aig".
Switching into normal mode.
  3 : P =      0. D =      1. F =     0. M =       0. And =    4784. Time =     0.00 sec
  4 : P =      0. D =      0. F =     1. M =       0. And =    4784. Time =     6.18 sec
Performed 4 SAT calls: P = 0  D = 1  F = 3
NBeg = 4784. NEnd = 4784. (Gain =   0.00 %).  RBeg = 0. REnd = 0. (Gain =   0.00 %).
Sim  =     0.01 sec (  0.00 %)
Sat  =     6.71 sec (  0.00 %)
Pat  =     0.00 sec (  0.00 %)
Time =     6.74 sec
End ManSatSweeping =     6.74 sec
Networks are UNDECIDED after the new CEC engine.  Time =     6.74 sec
Calling the old CEC engine.
Start Old Verify =     6.74 sec
Original miter:   Nodes =   4787.
label 27
Initial SAT:      Nodes =   4787.  Time =     0.03 sec
Rewriting:        Nodes =   4785.  Time =     0.04 sec
There are 0 XORs
Balance-X:        Nodes =   5071.  Time =     0.00 sec
Starting Fra_SmlSimulate......classes =    33.   Lits =     39.
Refined classes  after Pattern 0=    33.   Changes =    0.   Lits =     39.
Refined classes after pattern 1 =    33.   Changes =    0.   Lits =     39.
Refined classes  =    12.   Changes =   23.   Lits =     16.
Refined classes  =     8.   Changes =    5.   Lits =     11.
Refined classes  =     6.   Changes =    2.   Lits =      9.
Refined classes  =     5.   Changes =    1.   Lits =      8.
Refined classes  =     4.   Changes =    1.   Lits =      7.
Refined classes  =     4.   Changes =    0.   Lits =      7.
start Fra_FraigSweep...
Fraiging (i=1):   Nodes =   5071.  Time =     0.00 sec
Rewriting:        Nodes =   4806.  Time =     0.01 sec
There are 0 XORs
Balance-X:        Nodes =   5068.  Time =     0.00 sec
Starting Fra_SmlSimulate......classes =    34.   Lits =     40.
Refined classes  after Pattern 0=    34.   Changes =    0.   Lits =     40.
Refined classes after pattern 1 =    34.   Changes =    0.   Lits =     40.
Refined classes  =    13.   Changes =   23.   Lits =     17.
Refined classes  =     9.   Changes =    5.   Lits =     12.
Refined classes  =     7.   Changes =    2.   Lits =     10.
Refined classes  =     6.   Changes =    1.   Lits =      9.
Refined classes  =     5.   Changes =    1.   Lits =      8.
Refined classes  =     4.   Changes =    1.   Lits =      7.
Refined classes  =     4.   Changes =    0.   Lits =      7.
start Fra_FraigSweep...
Fraiging (i=2):   Nodes =   5068.  Time =     0.00 sec
Rewriting:        Nodes =   4807.  Time =     0.01 sec
There are 0 XORs
Balance-X:        Nodes =   5068.  Time =     0.00 sec
Starting Fra_SmlSimulate......classes =    33.   Lits =     39.
Refined classes  after Pattern 0=    33.   Changes =    0.   Lits =     39.
Refined classes after pattern 1 =    33.   Changes =    0.   Lits =     39.
Refined classes  =    12.   Changes =   23.   Lits =     16.
Refined classes  =     8.   Changes =    5.   Lits =     11.
Refined classes  =     6.   Changes =    2.   Lits =      9.
Refined classes  =     5.   Changes =    1.   Lits =      8.
Refined classes  =     4.   Changes =    1.   Lits =      7.
Refined classes  =     4.   Changes =    0.   Lits =      7.
start Fra_FraigSweep...
Fraiging (i=3):   Nodes =   5068.  Time =     0.02 sec
Rewriting:        Nodes =   4807.  Time =     0.01 sec
There are 0 XORs
Balance-X:        Nodes =   5068.  Time =     0.00 sec
Starting Fra_SmlSimulate......classes =    34.   Lits =     40.
Refined classes  after Pattern 0=    34.   Changes =    0.   Lits =     40.
Refined classes after pattern 1 =    34.   Changes =    0.   Lits =     40.
Refined classes  =    13.   Changes =   23.   Lits =     17.
Refined classes  =     9.   Changes =    5.   Lits =     12.
Refined classes  =     7.   Changes =    2.   Lits =     10.
Refined classes  =     6.   Changes =    1.   Lits =      9.
Refined classes  =     5.   Changes =    1.   Lits =      8.
Refined classes  =     4.   Changes =    1.   Lits =      7.
Refined classes  =     4.   Changes =    0.   Lits =      7.
start Fra_FraigSweep...
Fraiging (i=4):   Nodes =   5068.  Time =     0.13 sec
Rewriting:        Nodes =   4807.  Time =     0.01 sec
There are 0 XORs
Balance-X:        Nodes =   5068.  Time =     0.00 sec
Starting Fra_SmlSimulate......classes =    33.   Lits =     39.
Refined classes  after Pattern 0=    33.   Changes =    0.   Lits =     39.
Refined classes after pattern 1 =    33.   Changes =    0.   Lits =     39.
Refined classes  =    12.   Changes =   23.   Lits =     16.
Refined classes  =     8.   Changes =    5.   Lits =     11.
Refined classes  =     6.   Changes =    2.   Lits =      9.
Refined classes  =     5.   Changes =    1.   Lits =      8.
Refined classes  =     4.   Changes =    1.   Lits =      7.
Refined classes  =     4.   Changes =    0.   Lits =      7.
start Fra_FraigSweep...
Fraiging (i=5):   Nodes =   5068.  Time =     1.47 sec
Rewriting:        Nodes =   4807.  Time =     0.01 sec
There are 0 XORs
Balance-X:        Nodes =   5068.  Time =     0.00 sec
Starting Fra_SmlSimulate......classes =    34.   Lits =     40.
Refined classes  after Pattern 0=    34.   Changes =    0.   Lits =     40.
Refined classes after pattern 1 =    34.   Changes =    0.   Lits =     40.
Refined classes  =    13.   Changes =   23.   Lits =     17.
Refined classes  =     9.   Changes =    5.   Lits =     12.
Refined classes  =     7.   Changes =    2.   Lits =     10.
Refined classes  =     6.   Changes =    1.   Lits =      9.
Refined classes  =     5.   Changes =    1.   Lits =      8.
Refined classes  =     4.   Changes =    1.   Lits =      7.
Refined classes  =     4.   Changes =    0.   Lits =      7.
start Fra_FraigSweep...
Fraiging (i=6):   Nodes =   5068.  Time =    15.92 sec
Rewriting:        Nodes =   4807.  Time =     0.01 sec
label 27
CNF stats: Vars =   2849. Clauses =   10152. Literals =    27859. Time =     0.00 sec
Running SAT solver with parameters 10000 and 1000 and 50.
reduceDB: Keeping    5032 out of   10001 clauses (50.31 %)  Time =     0.05 sec
reduceDB: Keeping    5516 out of   11002 clauses (50.14 %)  Time =     0.05 sec
reduceDB: Keeping    6015 out of   12000 clauses (50.12 %)  Time =     0.05 sec
reduceDB: Keeping    6527 out of   13001 clauses (50.20 %)  Time =     0.05 sec
reduceDB: Keeping    7022 out of   14000 clauses (50.16 %)  Time =     0.05 sec
reduceDB: Keeping    7521 out of   15001 clauses (50.14 %)  Time =     0.05 sec
reduceDB: Keeping    8076 out of   16002 clauses (50.47 %)  Time =     0.05 sec
reduceDB: Keeping    8545 out of   17000 clauses (50.26 %)  Time =     0.05 sec
reduceDB: Keeping    9212 out of   18001 clauses (51.17 %)  Time =     0.05 sec
reduceDB: Keeping    9808 out of   19000 clauses (51.62 %)  Time =     0.05 sec
reduceDB: Keeping   10393 out of   20001 clauses (51.96 %)  Time =     0.06 sec
reduceDB: Keeping   11291 out of   21002 clauses (53.76 %)  Time =     0.06 sec
reduceDB: Keeping   11883 out of   22003 clauses (54.01 %)  Time =     0.06 sec
reduceDB: Keeping   12461 out of   23001 clauses (54.18 %)  Time =     0.06 sec
reduceDB: Keeping   12737 out of   24000 clauses (53.07 %)  Time =     0.06 sec
reduceDB: Keeping   13487 out of   25001 clauses (53.95 %)  Time =     0.06 sec
reduceDB: Keeping   13866 out of   26000 clauses (53.33 %)  Time =     0.06 sec
reduceDB: Keeping   14250 out of   27002 clauses (52.77 %)  Time =     0.06 sec
reduceDB: Keeping   14731 out of   28001 clauses (52.61 %)  Time =     0.07 sec
reduceDB: Keeping   15665 out of   29000 clauses (54.02 %)  Time =     0.07 sec
reduceDB: Keeping   16391 out of   30001 clauses (54.63 %)  Time =     0.07 sec
reduceDB: Keeping   17020 out of   31000 clauses (54.90 %)  Time =     0.07 sec
reduceDB: Keeping   17207 out of   32001 clauses (53.77 %)  Time =     0.07 sec
reduceDB: Keeping   17733 out of   33001 clauses (53.73 %)  Time =     0.08 sec
reduceDB: Keeping   18444 out of   34000 clauses (54.25 %)  Time =     0.08 sec
reduceDB: Keeping   18787 out of   35001 clauses (53.68 %)  Time =     0.08 sec
reduceDB: Keeping   19315 out of   36000 clauses (53.65 %)  Time =     0.08 sec
reduceDB: Keeping   19819 out of   37002 clauses (53.56 %)  Time =     0.08 sec
reduceDB: Keeping   20130 out of   38003 clauses (52.97 %)  Time =     0.08 sec
reduceDB: Keeping   20445 out of   39001 clauses (52.42 %)  Time =     0.09 sec
reduceDB: Keeping   21163 out of   40002 clauses (52.90 %)  Time =     0.09 sec
reduceDB: Keeping   21509 out of   41001 clauses (52.46 %)  Time =     0.09 sec
reduceDB: Keeping   22087 out of   42005 clauses (52.58 %)  Time =     0.09 sec
reduceDB: Keeping   23158 out of   43001 clauses (53.85 %)  Time =     0.10 sec
reduceDB: Keeping   23517 out of   44001 clauses (53.45 %)  Time =     0.10 sec
reduceDB: Keeping   24609 out of   45001 clauses (54.69 %)  Time =     0.10 sec
reduceDB: Keeping   20614 out of   46000 clauses (44.81 %)  Time =     0.10 sec
reduceDB: Keeping   23591 out of   47001 clauses (50.19 %)  Time =     0.11 sec
reduceDB: Keeping   24069 out of   48002 clauses (50.14 %)  Time =     0.11 sec
reduceDB: Keeping   24573 out of   49000 clauses (50.15 %)  Time =     0.11 sec
reduceDB: Keeping   25032 out of   50000 clauses (50.06 %)  Time =     0.11 sec
reduceDB: Keeping   25571 out of   51001 clauses (50.14 %)  Time =     0.12 sec
reduceDB: Keeping   26074 out of   52001 clauses (50.14 %)  Time =     0.12 sec
reduceDB: Keeping   26584 out of   53000 clauses (50.16 %)  Time =     0.12 sec
reduceDB: Keeping   27136 out of   54000 clauses (50.25 %)  Time =     0.13 sec
reduceDB: Keeping   27593 out of   55002 clauses (50.17 %)  Time =     0.13 sec
reduceDB: Keeping   28011 out of   56001 clauses (50.02 %)  Time =     0.13 sec
reduceDB: Keeping   28573 out of   57001 clauses (50.13 %)  Time =     0.13 sec
reduceDB: Keeping   29078 out of   58001 clauses (50.13 %)  Time =     0.14 sec
reduceDB: Keeping   29575 out of   59001 clauses (50.13 %)  Time =     0.14 sec
reduceDB: Keeping   30093 out of   60002 clauses (50.15 %)  Time =     0.14 sec
reduceDB: Keeping   30606 out of   61001 clauses (50.17 %)  Time =     0.15 sec
reduceDB: Keeping   31053 out of   62000 clauses (50.09 %)  Time =     0.15 sec
reduceDB: Keeping   31598 out of   63001 clauses (50.15 %)  Time =     0.15 sec
reduceDB: Keeping   32072 out of   64000 clauses (50.11 %)  Time =     0.16 sec
reduceDB: Keeping   32500 out of   65001 clauses (50.00 %)  Time =     0.16 sec
reduceDB: Keeping   33184 out of   66003 clauses (50.28 %)  Time =     0.16 sec
reduceDB: Keeping   33899 out of   67005 clauses (50.59 %)  Time =     0.17 sec
reduceDB: Keeping   34091 out of   68000 clauses (50.13 %)  Time =     0.17 sec
reduceDB: Keeping   34483 out of   69000 clauses (49.98 %)  Time =     0.17 sec
reduceDB: Keeping   35066 out of   70000 clauses (50.09 %)  Time =     0.18 sec
reduceDB: Keeping   35422 out of   71000 clauses (49.89 %)  Time =     0.18 sec
reduceDB: Keeping   36121 out of   72000 clauses (50.17 %)  Time =     0.19 sec
reduceDB: Keeping   36502 out of   73000 clauses (50.00 %)  Time =     0.19 sec
reduceDB: Keeping   37107 out of   74000 clauses (50.14 %)  Time =     0.19 sec
reduceDB: Keeping   37618 out of   75002 clauses (50.16 %)  Time =     0.20 sec
reduceDB: Keeping   37992 out of   76003 clauses (49.99 %)  Time =     0.20 sec
reduceDB: Keeping   38506 out of   77001 clauses (50.01 %)  Time =     0.21 sec
reduceDB: Keeping   38507 out of   78001 clauses (49.37 %)  Time =     0.21 sec
reduceDB: Keeping   38482 out of   79002 clauses (48.71 %)  Time =     0.21 sec
reduceDB: Keeping   40091 out of   80000 clauses (50.11 %)  Time =     0.22 sec
reduceDB: Keeping   40605 out of   81000 clauses (50.13 %)  Time =     0.22 sec
reduceDB: Keeping   41130 out of   82001 clauses (50.16 %)  Time =     0.23 sec
reduceDB: Keeping   40404 out of   83001 clauses (48.68 %)  Time =     0.23 sec
reduceDB: Keeping   42036 out of   84000 clauses (50.04 %)  Time =     0.23 sec
reduceDB: Keeping   42464 out of   85000 clauses (49.96 %)  Time =     0.24 sec
reduceDB: Keeping   43081 out of   86002 clauses (50.09 %)  Time =     0.24 sec
reduceDB: Keeping   43607 out of   87001 clauses (50.12 %)  Time =     0.25 sec
reduceDB: Keeping   43951 out of   88000 clauses (49.94 %)  Time =     0.25 sec
reduceDB: Keeping   44593 out of   89000 clauses (50.10 %)  Time =     0.26 sec
reduceDB: Keeping   43030 out of   90002 clauses (47.81 %)  Time =     0.26 sec
reduceDB: Keeping   45629 out of   91002 clauses (50.14 %)  Time =     0.27 sec
reduceDB: Keeping   45840 out of   92001 clauses (49.83 %)  Time =     0.27 sec
reduceDB: Keeping   46785 out of   93002 clauses (50.31 %)  Time =     0.27 sec
reduceDB: Keeping   49909 out of   94000 clauses (53.09 %)  Time =     0.28 sec
reduceDB: Keeping   50642 out of   95001 clauses (53.31 %)  Time =     0.28 sec
reduceDB: Keeping   51247 out of   96002 clauses (53.38 %)  Time =     0.29 sec
reduceDB: Keeping   52696 out of   97001 clauses (54.33 %)  Time =     0.29 sec
reduceDB: Keeping   53386 out of   98002 clauses (54.47 %)  Time =     0.30 sec
reduceDB: Keeping   54063 out of   99000 clauses (54.61 %)  Time =     0.30 sec
reduceDB: Keeping   53130 out of  100001 clauses (53.13 %)  Time =     0.31 sec
reduceDB: Keeping   52736 out of  101001 clauses (52.21 %)  Time =     0.31 sec
reduceDB: Keeping   52552 out of  102002 clauses (51.52 %)  Time =     0.32 sec
reduceDB: Keeping   52613 out of  103000 clauses (51.08 %)  Time =     0.32 sec
reduceDB: Keeping   52395 out of  104001 clauses (50.38 %)  Time =     0.33 sec
reduceDB: Keeping   52511 out of  105001 clauses (50.01 %)  Time =     0.33 sec
reduceDB: Keeping   53943 out of  106000 clauses (50.89 %)  Time =     0.34 sec
reduceDB: Keeping   54272 out of  107003 clauses (50.72 %)  Time =     0.34 sec
reduceDB: Keeping   55257 out of  108001 clauses (51.16 %)  Time =     0.35 sec
reduceDB: Keeping   56921 out of  109001 clauses (52.22 %)  Time =     0.36 sec
reduceDB: Keeping   57013 out of  110004 clauses (51.83 %)  Time =     0.36 sec
reduceDB: Keeping   56616 out of  111000 clauses (51.01 %)  Time =     0.37 sec
reduceDB: Keeping   56876 out of  112000 clauses (50.78 %)  Time =     0.37 sec
reduceDB: Keeping   57162 out of  113001 clauses (50.59 %)  Time =     0.38 sec
reduceDB: Keeping   57176 out of  114000 clauses (50.15 %)  Time =     0.38 sec
reduceDB: Keeping   58152 out of  115000 clauses (50.57 %)  Time =     0.39 sec
reduceDB: Keeping   59060 out of  116001 clauses (50.91 %)  Time =     0.40 sec
reduceDB: Keeping   59295 out of  117000 clauses (50.68 %)  Time =     0.40 sec
reduceDB: Keeping   59854 out of  118000 clauses (50.72 %)  Time =     0.41 sec
reduceDB: Keeping   61976 out of  119000 clauses (52.08 %)  Time =     0.41 sec
reduceDB: Keeping   63682 out of  120002 clauses (53.07 %)  Time =     0.42 sec
reduceDB: Keeping   63673 out of  121000 clauses (52.62 %)  Time =     0.43 sec
reduceDB: Keeping   64603 out of  122002 clauses (52.95 %)  Time =     0.43 sec
reduceDB: Keeping   65270 out of  123000 clauses (53.07 %)  Time =     0.44 sec
reduceDB: Keeping   67129 out of  124000 clauses (54.14 %)  Time =     0.44 sec
reduceDB: Keeping   67866 out of  125001 clauses (54.29 %)  Time =     0.45 sec
reduceDB: Keeping   68493 out of  126003 clauses (54.36 %)  Time =     0.46 sec
reduceDB: Keeping   69114 out of  127000 clauses (54.42 %)  Time =     0.46 sec
reduceDB: Keeping   52507 out of  128002 clauses (41.02 %)  Time =     0.47 sec
reduceDB: Keeping   63896 out of  129001 clauses (49.53 %)  Time =     0.48 sec
starts        :             7330
conflicts     :          4155535
decisions     :          4761885
propagations  :       2378941870
Final SAT:        Nodes =   4807.  Time =   460.66 sec
Networks are equivalent.  Time =   485.10 sec
End Old Verify =   485.10 sec
