ABC command line: "&read replace_1541.aig; &cec -m -v".

label 1
label 3
Assuming the current network is a single-output miter.
label 6
Start EquivFixOutputPairs =     0.00 sec
End EquivFixOutputPairs =     0.00 sec
Start ManSatSweeping =     0.00 sec
Simulating 15 words for 15 rounds. SAT solving with 1000 conflicts.
nSimWords = 0
cst =    2131  cls =      0  lit =    2131  unused =     256  proof =     0
cst =       2  cls =      6  lit =       9  unused =    2372  proof =     0
cst =       2  cls =      2  lit =       5  unused =    2380  proof =     0
cst =       0  cls =      1  lit =       1  unused =    2385  proof =     0
cst =       0  cls =      1  lit =       1  unused =    2385  proof =     0
cst =       0  cls =      1  lit =       1  unused =    2385  proof =     0
cst =       0  cls =      1  lit =       1  unused =    2385  proof =     0
cst =       0  cls =      1  lit =       1  unused =    2385  proof =     0
cst =       0  cls =      1  lit =       1  unused =    2385  proof =     0
cst =       0  cls =      1  lit =       1  unused =    2385  proof =     0
  1 : P =      0. D =      0. F =     1. M =     700. And =    2131. Time =     0.02 sec
Increasing conflict limit to 10000.
The result is written into file "cec_giaSweep.aig".
Switching into reduced mode.
  2 : P =      0. D =      0. F =     1. M =     700. And =    2131. Time =     0.31 sec
Increasing conflict limit to 100000.
The result is written into file "cec_giaSweep.aig".
Switching into normal mode.
  3 : P =      0. D =      0. F =     1. M =       0. And =    2131. Time =     3.85 sec
Performed 3 SAT calls: P = 0  D = 0  F = 3
NBeg = 2131. NEnd = 2131. (Gain =   0.00 %).  RBeg = 0. REnd = 0. (Gain =   0.00 %).
Sim  =     0.00 sec (  0.00 %)
Sat  =     4.18 sec (  0.00 %)
Pat  =     0.00 sec (  0.00 %)
Time =     4.19 sec
End ManSatSweeping =     4.19 sec
Networks are UNDECIDED after the new CEC engine.  Time =     4.19 sec
Calling the old CEC engine.
Start Old Verify =     4.19 sec
Original miter:   Nodes =   2134.
label 27
Initial SAT:      Nodes =   2134.  Time =     0.02 sec
Rewriting:        Nodes =   2133.  Time =     0.02 sec
There are 0 XORs
Balance-X:        Nodes =   2402.  Time =     0.00 sec
Starting Fra_SmlSimulate......classes =     1.   Lits =      4.
Refined classes  after Pattern 0=     1.   Changes =    0.   Lits =      4.
Refined classes after pattern 1 =     1.   Changes =    0.   Lits =      4.
Refined classes  =     1.   Changes =    0.   Lits =      4.
start Fra_FraigSweep...
Fraiging (i=1):   Nodes =   2402.  Time =     0.00 sec
Rewriting:        Nodes =   2153.  Time =     0.01 sec
There are 0 XORs
Balance-X:        Nodes =   2398.  Time =     0.00 sec
Starting Fra_SmlSimulate......classes =     1.   Lits =      4.
Refined classes  after Pattern 0=     1.   Changes =    0.   Lits =      4.
Refined classes after pattern 1 =     1.   Changes =    0.   Lits =      4.
Refined classes  =     1.   Changes =    0.   Lits =      4.
start Fra_FraigSweep...
Fraiging (i=2):   Nodes =   2398.  Time =     0.00 sec
Rewriting:        Nodes =   2154.  Time =     0.01 sec
There are 0 XORs
Balance-X:        Nodes =   2398.  Time =     0.00 sec
Starting Fra_SmlSimulate......classes =     1.   Lits =      4.
Refined classes  after Pattern 0=     1.   Changes =    0.   Lits =      4.
Refined classes after pattern 1 =     1.   Changes =    0.   Lits =      4.
Refined classes  =     1.   Changes =    0.   Lits =      4.
start Fra_FraigSweep...
Fraiging (i=3):   Nodes =   2398.  Time =     0.01 sec
Rewriting:        Nodes =   2156.  Time =     0.01 sec
There are 0 XORs
Balance-X:        Nodes =   2398.  Time =     0.00 sec
Starting Fra_SmlSimulate......classes =     1.   Lits =      4.
Refined classes  after Pattern 0=     1.   Changes =    0.   Lits =      4.
Refined classes after pattern 1 =     1.   Changes =    0.   Lits =      4.
Refined classes  =     1.   Changes =    0.   Lits =      4.
start Fra_FraigSweep...
Fraiging (i=4):   Nodes =   2398.  Time =     0.08 sec
Rewriting:        Nodes =   2154.  Time =     0.01 sec
There are 0 XORs
Balance-X:        Nodes =   2398.  Time =     0.00 sec
Starting Fra_SmlSimulate......classes =     1.   Lits =      4.
Refined classes  after Pattern 0=     1.   Changes =    0.   Lits =      4.
Refined classes after pattern 1 =     1.   Changes =    0.   Lits =      4.
Refined classes  =     1.   Changes =    0.   Lits =      4.
start Fra_FraigSweep...
Fraiging (i=5):   Nodes =   2398.  Time =     1.05 sec
Rewriting:        Nodes =   2156.  Time =     0.01 sec
There are 0 XORs
Balance-X:        Nodes =   2398.  Time =     0.00 sec
Starting Fra_SmlSimulate......classes =     1.   Lits =      4.
Refined classes  after Pattern 0=     1.   Changes =    0.   Lits =      4.
Refined classes after pattern 1 =     1.   Changes =    0.   Lits =      4.
Refined classes  =     1.   Changes =    0.   Lits =      4.
start Fra_FraigSweep...
Fraiging (i=6):   Nodes =   2398.  Time =    11.56 sec
Rewriting:        Nodes =   2154.  Time =     0.01 sec
label 27
CNF stats: Vars =   1643. Clauses =    4947. Literals =    13339. Time =     0.00 sec
Running SAT solver with parameters 10000 and 1000 and 50.
reduceDB: Keeping    5027 out of   10001 clauses (50.26 %)  Time =     0.05 sec
reduceDB: Keeping    5514 out of   11000 clauses (50.13 %)  Time =     0.05 sec
reduceDB: Keeping    6012 out of   12002 clauses (50.09 %)  Time =     0.05 sec
reduceDB: Keeping    6529 out of   13001 clauses (50.22 %)  Time =     0.05 sec
reduceDB: Keeping    7015 out of   14000 clauses (50.11 %)  Time =     0.05 sec
reduceDB: Keeping    7520 out of   15000 clauses (50.13 %)  Time =     0.05 sec
reduceDB: Keeping    8211 out of   16001 clauses (51.32 %)  Time =     0.05 sec
reduceDB: Keeping    8795 out of   17000 clauses (51.74 %)  Time =     0.05 sec
reduceDB: Keeping    9365 out of   18002 clauses (52.02 %)  Time =     0.05 sec
reduceDB: Keeping    9897 out of   19001 clauses (52.09 %)  Time =     0.05 sec
reduceDB: Keeping   10626 out of   20001 clauses (53.13 %)  Time =     0.06 sec
reduceDB: Keeping    9870 out of   21001 clauses (47.00 %)  Time =     0.06 sec
reduceDB: Keeping   11099 out of   22000 clauses (50.45 %)  Time =     0.06 sec
reduceDB: Keeping   11628 out of   23004 clauses (50.55 %)  Time =     0.06 sec
reduceDB: Keeping   12214 out of   24001 clauses (50.89 %)  Time =     0.06 sec
reduceDB: Keeping   12744 out of   25000 clauses (50.98 %)  Time =     0.06 sec
reduceDB: Keeping   13264 out of   26000 clauses (51.02 %)  Time =     0.06 sec
reduceDB: Keeping   13891 out of   27002 clauses (51.44 %)  Time =     0.07 sec
reduceDB: Keeping   14554 out of   28001 clauses (51.98 %)  Time =     0.07 sec
reduceDB: Keeping   15285 out of   29001 clauses (52.71 %)  Time =     0.07 sec
reduceDB: Keeping   15929 out of   30003 clauses (53.09 %)  Time =     0.07 sec
reduceDB: Keeping   16068 out of   31000 clauses (51.83 %)  Time =     0.07 sec
reduceDB: Keeping   16581 out of   32002 clauses (51.81 %)  Time =     0.07 sec
reduceDB: Keeping   16895 out of   33000 clauses (51.20 %)  Time =     0.08 sec
reduceDB: Keeping   17516 out of   34000 clauses (51.52 %)  Time =     0.08 sec
reduceDB: Keeping   17952 out of   35000 clauses (51.29 %)  Time =     0.08 sec
reduceDB: Keeping   18747 out of   36002 clauses (52.07 %)  Time =     0.08 sec
reduceDB: Keeping   19394 out of   37000 clauses (52.42 %)  Time =     0.08 sec
reduceDB: Keeping   19576 out of   38000 clauses (51.52 %)  Time =     0.09 sec
reduceDB: Keeping   20080 out of   39001 clauses (51.49 %)  Time =     0.09 sec
reduceDB: Keeping   20473 out of   40001 clauses (51.18 %)  Time =     0.09 sec
reduceDB: Keeping   20921 out of   41002 clauses (51.02 %)  Time =     0.09 sec
reduceDB: Keeping   21587 out of   42001 clauses (51.40 %)  Time =     0.10 sec
reduceDB: Keeping   23435 out of   43001 clauses (54.50 %)  Time =     0.10 sec
reduceDB: Keeping   24059 out of   44001 clauses (54.68 %)  Time =     0.10 sec
reduceDB: Keeping   20618 out of   45000 clauses (45.82 %)  Time =     0.10 sec
reduceDB: Keeping   23039 out of   46001 clauses (50.08 %)  Time =     0.11 sec
reduceDB: Keeping   23546 out of   47002 clauses (50.10 %)  Time =     0.11 sec
reduceDB: Keeping   24071 out of   48000 clauses (50.15 %)  Time =     0.11 sec
reduceDB: Keeping   24483 out of   49000 clauses (49.97 %)  Time =     0.11 sec
reduceDB: Keeping   25093 out of   50000 clauses (50.19 %)  Time =     0.12 sec
reduceDB: Keeping   25474 out of   51001 clauses (49.95 %)  Time =     0.12 sec
reduceDB: Keeping   26074 out of   52001 clauses (50.14 %)  Time =     0.12 sec
reduceDB: Keeping   26551 out of   53000 clauses (50.10 %)  Time =     0.13 sec
reduceDB: Keeping   27058 out of   54001 clauses (50.11 %)  Time =     0.13 sec
reduceDB: Keeping   27563 out of   55001 clauses (50.11 %)  Time =     0.13 sec
reduceDB: Keeping   28075 out of   56001 clauses (50.13 %)  Time =     0.14 sec
reduceDB: Keeping   28506 out of   57002 clauses (50.01 %)  Time =     0.14 sec
reduceDB: Keeping   29202 out of   58001 clauses (50.35 %)  Time =     0.14 sec
reduceDB: Keeping   29759 out of   59000 clauses (50.44 %)  Time =     0.15 sec
reduceDB: Keeping   30105 out of   60003 clauses (50.17 %)  Time =     0.15 sec
reduceDB: Keeping   30575 out of   61000 clauses (50.12 %)  Time =     0.15 sec
reduceDB: Keeping   31206 out of   62000 clauses (50.33 %)  Time =     0.16 sec
reduceDB: Keeping   32311 out of   63000 clauses (51.29 %)  Time =     0.16 sec
reduceDB: Keeping   33507 out of   64000 clauses (52.35 %)  Time =     0.16 sec
reduceDB: Keeping   34217 out of   65000 clauses (52.64 %)  Time =     0.17 sec
reduceDB: Keeping   34819 out of   66002 clauses (52.75 %)  Time =     0.17 sec
reduceDB: Keeping   35112 out of   67000 clauses (52.41 %)  Time =     0.17 sec
reduceDB: Keeping   35192 out of   68001 clauses (51.75 %)  Time =     0.18 sec
reduceDB: Keeping   35133 out of   69001 clauses (50.92 %)  Time =     0.18 sec
reduceDB: Keeping   35357 out of   70000 clauses (50.51 %)  Time =     0.19 sec
reduceDB: Keeping   35911 out of   71000 clauses (50.58 %)  Time =     0.19 sec
reduceDB: Keeping   36264 out of   72001 clauses (50.37 %)  Time =     0.19 sec
reduceDB: Keeping   36808 out of   73003 clauses (50.42 %)  Time =     0.20 sec
reduceDB: Keeping   37509 out of   74001 clauses (50.69 %)  Time =     0.20 sec
reduceDB: Keeping   37968 out of   75000 clauses (50.62 %)  Time =     0.21 sec
reduceDB: Keeping   38108 out of   76000 clauses (50.14 %)  Time =     0.21 sec
reduceDB: Keeping   38508 out of   77000 clauses (50.01 %)  Time =     0.21 sec
reduceDB: Keeping   39056 out of   78000 clauses (50.07 %)  Time =     0.22 sec
reduceDB: Keeping   39409 out of   79000 clauses (49.88 %)  Time =     0.22 sec
reduceDB: Keeping   40189 out of   80001 clauses (50.24 %)  Time =     0.23 sec
reduceDB: Keeping   41013 out of   81000 clauses (50.63 %)  Time =     0.23 sec
reduceDB: Keeping   41526 out of   82000 clauses (50.64 %)  Time =     0.24 sec
reduceDB: Keeping   42090 out of   83001 clauses (50.71 %)  Time =     0.24 sec
reduceDB: Keeping   42113 out of   84000 clauses (50.13 %)  Time =     0.25 sec
reduceDB: Keeping   42483 out of   85000 clauses (49.98 %)  Time =     0.25 sec
reduceDB: Keeping   43126 out of   86001 clauses (50.15 %)  Time =     0.26 sec
reduceDB: Keeping   43666 out of   87001 clauses (50.19 %)  Time =     0.26 sec
reduceDB: Keeping   44181 out of   88000 clauses (50.21 %)  Time =     0.27 sec
reduceDB: Keeping   44975 out of   89001 clauses (50.53 %)  Time =     0.27 sec
reduceDB: Keeping   45119 out of   90000 clauses (50.13 %)  Time =     0.28 sec
reduceDB: Keeping   45185 out of   91001 clauses (49.65 %)  Time =     0.28 sec
reduceDB: Keeping   46934 out of   92000 clauses (51.02 %)  Time =     0.29 sec
reduceDB: Keeping   47453 out of   93001 clauses (51.02 %)  Time =     0.29 sec
reduceDB: Keeping   48471 out of   94003 clauses (51.56 %)  Time =     0.30 sec
reduceDB: Keeping   48478 out of   95000 clauses (51.03 %)  Time =     0.30 sec
reduceDB: Keeping   49396 out of   96002 clauses (51.45 %)  Time =     0.31 sec
reduceDB: Keeping   50357 out of   97000 clauses (51.91 %)  Time =     0.31 sec
reduceDB: Keeping   51008 out of   98001 clauses (52.05 %)  Time =     0.32 sec
reduceDB: Keeping   51874 out of   99000 clauses (52.40 %)  Time =     0.32 sec
reduceDB: Keeping   52344 out of  100003 clauses (52.34 %)  Time =     0.33 sec
reduceDB: Keeping   52573 out of  101002 clauses (52.05 %)  Time =     0.33 sec
reduceDB: Keeping   52557 out of  102000 clauses (51.53 %)  Time =     0.34 sec
reduceDB: Keeping   53158 out of  103002 clauses (51.61 %)  Time =     0.35 sec
reduceDB: Keeping   53928 out of  104002 clauses (51.85 %)  Time =     0.35 sec
reduceDB: Keeping   54338 out of  105001 clauses (51.75 %)  Time =     0.36 sec
reduceDB: Keeping   54522 out of  106001 clauses (51.44 %)  Time =     0.36 sec
reduceDB: Keeping   54508 out of  107000 clauses (50.94 %)  Time =     0.37 sec
reduceDB: Keeping   55648 out of  108001 clauses (51.53 %)  Time =     0.38 sec
reduceDB: Keeping   57115 out of  109000 clauses (52.40 %)  Time =     0.38 sec
reduceDB: Keeping   56830 out of  110001 clauses (51.66 %)  Time =     0.39 sec
reduceDB: Keeping   57535 out of  111001 clauses (51.83 %)  Time =     0.40 sec
reduceDB: Keeping   57073 out of  112002 clauses (50.96 %)  Time =     0.40 sec
reduceDB: Keeping   57834 out of  113001 clauses (51.18 %)  Time =     0.41 sec
reduceDB: Keeping   57250 out of  114002 clauses (50.22 %)  Time =     0.41 sec
reduceDB: Keeping   58378 out of  115002 clauses (50.76 %)  Time =     0.42 sec
reduceDB: Keeping   59166 out of  116003 clauses (51.00 %)  Time =     0.43 sec
reduceDB: Keeping   59921 out of  117000 clauses (51.21 %)  Time =     0.43 sec
reduceDB: Keeping   60951 out of  118001 clauses (51.65 %)  Time =     0.44 sec
reduceDB: Keeping   61511 out of  119001 clauses (51.69 %)  Time =     0.45 sec
reduceDB: Keeping   63995 out of  120000 clauses (53.33 %)  Time =     0.45 sec
reduceDB: Keeping   63970 out of  121000 clauses (52.87 %)  Time =     0.46 sec
reduceDB: Keeping   64574 out of  122000 clauses (52.93 %)  Time =     0.47 sec
reduceDB: Keeping   64722 out of  123003 clauses (52.62 %)  Time =     0.47 sec
reduceDB: Keeping   66752 out of  124000 clauses (53.83 %)  Time =     0.48 sec
reduceDB: Keeping   67576 out of  125000 clauses (54.06 %)  Time =     0.49 sec
reduceDB: Keeping   68455 out of  126003 clauses (54.33 %)  Time =     0.50 sec
reduceDB: Keeping   69382 out of  127001 clauses (54.63 %)  Time =     0.50 sec
reduceDB: Keeping   52463 out of  128001 clauses (40.99 %)  Time =     0.51 sec
starts        :             7167
conflicts     :          4101879
decisions     :          4745353
propagations  :       1292357900
Final SAT:        Nodes =   2154.  Time =   417.07 sec
Networks are equivalent.  Time =   434.05 sec
End Old Verify =   434.05 sec
