ABC command line: "&read replace_1368.aig; &cec -m -v".

label 1
label 3
Assuming the current network is a single-output miter.
label 6
Start EquivFixOutputPairs =     0.00 sec
End EquivFixOutputPairs =     0.00 sec
Start ManSatSweeping =     0.00 sec
Simulating 15 words for 15 rounds. SAT solving with 1000 conflicts.
nSimWords = 0
cst =    2146  cls =      0  lit =    2146  unused =     256  proof =     0
cst =       3  cls =      7  lit =      11  unused =    2384  proof =     0
cst =       2  cls =      2  lit =       5  unused =    2395  proof =     0
cst =       0  cls =      1  lit =       1  unused =    2400  proof =     0
cst =       0  cls =      1  lit =       1  unused =    2400  proof =     0
cst =       0  cls =      1  lit =       1  unused =    2400  proof =     0
cst =       0  cls =      1  lit =       1  unused =    2400  proof =     0
cst =       0  cls =      1  lit =       1  unused =    2400  proof =     0
cst =       0  cls =      1  lit =       1  unused =    2400  proof =     0
cst =       0  cls =      1  lit =       1  unused =    2400  proof =     0
  1 : P =      0. D =      0. F =     1. M =     698. And =    2146. Time =     0.02 sec
Increasing conflict limit to 10000.
The result is written into file "cec_giaSweep.aig".
Switching into reduced mode.
  2 : P =      0. D =      0. F =     1. M =     698. And =    2146. Time =     0.28 sec
Increasing conflict limit to 100000.
The result is written into file "cec_giaSweep.aig".
Switching into normal mode.
  3 : P =      0. D =      0. F =     1. M =       0. And =    2146. Time =     3.62 sec
Performed 3 SAT calls: P = 0  D = 0  F = 3
NBeg = 2146. NEnd = 2146. (Gain =   0.00 %).  RBeg = 0. REnd = 0. (Gain =   0.00 %).
Sim  =     0.01 sec (  0.00 %)
Sat  =     3.92 sec (  0.00 %)
Pat  =     0.00 sec (  0.00 %)
Time =     3.94 sec
End ManSatSweeping =     3.94 sec
Networks are UNDECIDED after the new CEC engine.  Time =     3.94 sec
Calling the old CEC engine.
Start Old Verify =     3.94 sec
Original miter:   Nodes =   2149.
label 27
Initial SAT:      Nodes =   2149.  Time =     0.02 sec
Rewriting:        Nodes =   2148.  Time =     0.02 sec
There are 0 XORs
Balance-X:        Nodes =   2429.  Time =     0.00 sec
Starting Fra_SmlSimulate......classes =     1.   Lits =      4.
Refined classes  after Pattern 0=     1.   Changes =    0.   Lits =      4.
Refined classes after pattern 1 =     1.   Changes =    0.   Lits =      4.
Refined classes  =     1.   Changes =    0.   Lits =      4.
start Fra_FraigSweep...
Fraiging (i=1):   Nodes =   2429.  Time =     0.00 sec
Rewriting:        Nodes =   2168.  Time =     0.01 sec
There are 0 XORs
Balance-X:        Nodes =   2427.  Time =     0.00 sec
Starting Fra_SmlSimulate......classes =     1.   Lits =      4.
Refined classes  after Pattern 0=     1.   Changes =    0.   Lits =      4.
Refined classes after pattern 1 =     1.   Changes =    0.   Lits =      4.
Refined classes  =     1.   Changes =    0.   Lits =      4.
start Fra_FraigSweep...
Fraiging (i=2):   Nodes =   2427.  Time =     0.00 sec
Rewriting:        Nodes =   2171.  Time =     0.01 sec
There are 0 XORs
Balance-X:        Nodes =   2427.  Time =     0.00 sec
Starting Fra_SmlSimulate......classes =     1.   Lits =      4.
Refined classes  after Pattern 0=     1.   Changes =    0.   Lits =      4.
Refined classes after pattern 1 =     1.   Changes =    0.   Lits =      4.
Refined classes  =     1.   Changes =    0.   Lits =      4.
start Fra_FraigSweep...
Fraiging (i=3):   Nodes =   2427.  Time =     0.00 sec
Rewriting:        Nodes =   2171.  Time =     0.01 sec
There are 0 XORs
Balance-X:        Nodes =   2427.  Time =     0.00 sec
Starting Fra_SmlSimulate......classes =     1.   Lits =      4.
Refined classes  after Pattern 0=     1.   Changes =    0.   Lits =      4.
Refined classes after pattern 1 =     1.   Changes =    0.   Lits =      4.
Refined classes  =     1.   Changes =    0.   Lits =      4.
start Fra_FraigSweep...
Fraiging (i=4):   Nodes =   2427.  Time =     0.04 sec
Rewriting:        Nodes =   2171.  Time =     0.01 sec
There are 0 XORs
Balance-X:        Nodes =   2427.  Time =     0.00 sec
Starting Fra_SmlSimulate......classes =     1.   Lits =      4.
Refined classes  after Pattern 0=     1.   Changes =    0.   Lits =      4.
Refined classes after pattern 1 =     1.   Changes =    0.   Lits =      4.
Refined classes  =     1.   Changes =    0.   Lits =      4.
start Fra_FraigSweep...
Fraiging (i=5):   Nodes =   2427.  Time =     0.46 sec
Rewriting:        Nodes =   2171.  Time =     0.01 sec
There are 0 XORs
Balance-X:        Nodes =   2427.  Time =     0.00 sec
Starting Fra_SmlSimulate......classes =     1.   Lits =      4.
Refined classes  after Pattern 0=     1.   Changes =    0.   Lits =      4.
Refined classes after pattern 1 =     1.   Changes =    0.   Lits =      4.
Refined classes  =     1.   Changes =    0.   Lits =      4.
start Fra_FraigSweep...
Fraiging (i=6):   Nodes =   2427.  Time =     5.08 sec
Rewriting:        Nodes =   2171.  Time =     0.01 sec
label 27
CNF stats: Vars =   1663. Clauses =    5018. Literals =    13508. Time =     0.00 sec
Running SAT solver with parameters 10000 and 1000 and 50.
reduceDB: Keeping    5040 out of   10001 clauses (50.39 %)  Time =     0.03 sec
reduceDB: Keeping    5513 out of   11000 clauses (50.12 %)  Time =     0.03 sec
reduceDB: Keeping    6018 out of   12001 clauses (50.15 %)  Time =     0.03 sec
reduceDB: Keeping    6518 out of   13000 clauses (50.14 %)  Time =     0.03 sec
reduceDB: Keeping    7012 out of   14000 clauses (50.09 %)  Time =     0.03 sec
reduceDB: Keeping    7509 out of   15002 clauses (50.05 %)  Time =     0.03 sec
reduceDB: Keeping    8039 out of   16000 clauses (50.24 %)  Time =     0.03 sec
reduceDB: Keeping    8492 out of   17001 clauses (49.95 %)  Time =     0.03 sec
reduceDB: Keeping    9134 out of   18002 clauses (50.74 %)  Time =     0.03 sec
reduceDB: Keeping    9766 out of   19001 clauses (51.40 %)  Time =     0.03 sec
reduceDB: Keeping   10594 out of   20000 clauses (52.97 %)  Time =     0.04 sec
reduceDB: Keeping   11206 out of   21000 clauses (53.36 %)  Time =     0.04 sec
reduceDB: Keeping   11704 out of   22003 clauses (53.19 %)  Time =     0.04 sec
reduceDB: Keeping   12264 out of   23000 clauses (53.32 %)  Time =     0.04 sec
reduceDB: Keeping   12721 out of   24000 clauses (53.00 %)  Time =     0.04 sec
reduceDB: Keeping   13266 out of   25001 clauses (53.06 %)  Time =     0.04 sec
reduceDB: Keeping   13764 out of   26000 clauses (52.94 %)  Time =     0.04 sec
reduceDB: Keeping   14208 out of   27001 clauses (52.62 %)  Time =     0.05 sec
reduceDB: Keeping   14735 out of   28001 clauses (52.62 %)  Time =     0.05 sec
reduceDB: Keeping   15573 out of   29000 clauses (53.70 %)  Time =     0.05 sec
reduceDB: Keeping   16193 out of   30001 clauses (53.97 %)  Time =     0.05 sec
reduceDB: Keeping   16589 out of   31001 clauses (53.51 %)  Time =     0.05 sec
reduceDB: Keeping   17118 out of   32001 clauses (53.49 %)  Time =     0.05 sec
reduceDB: Keeping   17595 out of   33001 clauses (53.32 %)  Time =     0.06 sec
reduceDB: Keeping   18414 out of   34000 clauses (54.16 %)  Time =     0.06 sec
reduceDB: Keeping   18824 out of   35001 clauses (53.78 %)  Time =     0.06 sec
reduceDB: Keeping   19275 out of   36002 clauses (53.54 %)  Time =     0.06 sec
reduceDB: Keeping   19862 out of   37000 clauses (53.68 %)  Time =     0.06 sec
reduceDB: Keeping   20213 out of   38000 clauses (53.19 %)  Time =     0.07 sec
reduceDB: Keeping   20780 out of   39001 clauses (53.28 %)  Time =     0.07 sec
reduceDB: Keeping   21222 out of   40000 clauses (53.05 %)  Time =     0.07 sec
reduceDB: Keeping   21969 out of   41000 clauses (53.58 %)  Time =     0.07 sec
reduceDB: Keeping   22654 out of   42002 clauses (53.94 %)  Time =     0.07 sec
reduceDB: Keeping   23332 out of   43002 clauses (54.26 %)  Time =     0.08 sec
reduceDB: Keeping   23960 out of   44000 clauses (54.45 %)  Time =     0.08 sec
reduceDB: Keeping   19567 out of   45001 clauses (43.48 %)  Time =     0.08 sec
reduceDB: Keeping   23106 out of   46002 clauses (50.23 %)  Time =     0.08 sec
reduceDB: Keeping   23569 out of   47001 clauses (50.15 %)  Time =     0.09 sec
reduceDB: Keeping   24066 out of   48001 clauses (50.14 %)  Time =     0.09 sec
reduceDB: Keeping   24946 out of   49002 clauses (50.91 %)  Time =     0.09 sec
reduceDB: Keeping   25119 out of   50001 clauses (50.24 %)  Time =     0.09 sec
reduceDB: Keeping   25596 out of   51000 clauses (50.19 %)  Time =     0.10 sec
reduceDB: Keeping   26090 out of   52000 clauses (50.17 %)  Time =     0.10 sec
reduceDB: Keeping   26615 out of   53000 clauses (50.22 %)  Time =     0.10 sec
reduceDB: Keeping   27113 out of   54001 clauses (50.21 %)  Time =     0.11 sec
reduceDB: Keeping   27846 out of   55001 clauses (50.63 %)  Time =     0.11 sec
reduceDB: Keeping   28097 out of   56000 clauses (50.17 %)  Time =     0.11 sec
reduceDB: Keeping   28663 out of   57002 clauses (50.28 %)  Time =     0.11 sec
reduceDB: Keeping   29065 out of   58001 clauses (50.11 %)  Time =     0.12 sec
reduceDB: Keeping   29508 out of   59001 clauses (50.01 %)  Time =     0.12 sec
reduceDB: Keeping   30015 out of   60000 clauses (50.02 %)  Time =     0.12 sec
reduceDB: Keeping   30504 out of   61001 clauses (50.01 %)  Time =     0.13 sec
reduceDB: Keeping   30993 out of   62000 clauses (49.99 %)  Time =     0.13 sec
reduceDB: Keeping   31586 out of   63000 clauses (50.14 %)  Time =     0.13 sec
reduceDB: Keeping   32215 out of   64002 clauses (50.33 %)  Time =     0.14 sec
reduceDB: Keeping   32837 out of   65000 clauses (50.52 %)  Time =     0.14 sec
reduceDB: Keeping   33512 out of   66002 clauses (50.77 %)  Time =     0.14 sec
reduceDB: Keeping   33916 out of   67002 clauses (50.62 %)  Time =     0.15 sec
reduceDB: Keeping   34510 out of   68000 clauses (50.75 %)  Time =     0.15 sec
reduceDB: Keeping   34718 out of   69000 clauses (50.32 %)  Time =     0.15 sec
reduceDB: Keeping   34916 out of   70001 clauses (49.88 %)  Time =     0.16 sec
reduceDB: Keeping   35597 out of   71002 clauses (50.14 %)  Time =     0.16 sec
reduceDB: Keeping   36103 out of   72001 clauses (50.14 %)  Time =     0.16 sec
reduceDB: Keeping   36557 out of   73001 clauses (50.08 %)  Time =     0.17 sec
reduceDB: Keeping   37050 out of   74000 clauses (50.07 %)  Time =     0.17 sec
reduceDB: Keeping   37697 out of   75000 clauses (50.26 %)  Time =     0.18 sec
reduceDB: Keeping   38114 out of   76000 clauses (50.15 %)  Time =     0.18 sec
reduceDB: Keeping   38488 out of   77000 clauses (49.98 %)  Time =     0.18 sec
reduceDB: Keeping   38995 out of   78001 clauses (49.99 %)  Time =     0.19 sec
reduceDB: Keeping   39474 out of   79004 clauses (49.96 %)  Time =     0.19 sec
reduceDB: Keeping   40102 out of   80000 clauses (50.13 %)  Time =     0.20 sec
reduceDB: Keeping   40619 out of   81000 clauses (50.15 %)  Time =     0.20 sec
reduceDB: Keeping   41300 out of   82000 clauses (50.37 %)  Time =     0.20 sec
reduceDB: Keeping   41595 out of   83000 clauses (50.11 %)  Time =     0.21 sec
reduceDB: Keeping   41950 out of   84000 clauses (49.94 %)  Time =     0.21 sec
reduceDB: Keeping   42549 out of   85000 clauses (50.06 %)  Time =     0.22 sec
reduceDB: Keeping   43522 out of   86000 clauses (50.61 %)  Time =     0.22 sec
reduceDB: Keeping   44011 out of   87001 clauses (50.59 %)  Time =     0.23 sec
reduceDB: Keeping   44145 out of   88000 clauses (50.16 %)  Time =     0.23 sec
reduceDB: Keeping   44449 out of   89001 clauses (49.94 %)  Time =     0.24 sec
reduceDB: Keeping   45100 out of   90001 clauses (50.11 %)  Time =     0.24 sec
reduceDB: Keeping   45463 out of   91001 clauses (49.96 %)  Time =     0.24 sec
reduceDB: Keeping   46324 out of   92001 clauses (50.35 %)  Time =     0.25 sec
reduceDB: Keeping   49210 out of   93001 clauses (52.91 %)  Time =     0.25 sec
reduceDB: Keeping   39201 out of   94000 clauses (41.70 %)  Time =     0.26 sec
reduceDB: Keeping   47615 out of   95000 clauses (50.12 %)  Time =     0.26 sec
reduceDB: Keeping   49610 out of   96001 clauses (51.68 %)  Time =     0.27 sec
reduceDB: Keeping   52404 out of   97002 clauses (54.02 %)  Time =     0.27 sec
reduceDB: Keeping   53785 out of   98001 clauses (54.88 %)  Time =     0.28 sec
reduceDB: Keeping   43263 out of   99002 clauses (43.70 %)  Time =     0.28 sec
reduceDB: Keeping   46075 out of  100000 clauses (46.08 %)  Time =     0.29 sec
reduceDB: Keeping   50505 out of  101000 clauses (50.00 %)  Time =     0.29 sec
reduceDB: Keeping   50992 out of  102001 clauses (49.99 %)  Time =     0.30 sec
reduceDB: Keeping   51353 out of  103001 clauses (49.86 %)  Time =     0.30 sec
reduceDB: Keeping   51774 out of  104002 clauses (49.78 %)  Time =     0.31 sec
reduceDB: Keeping   52487 out of  105002 clauses (49.99 %)  Time =     0.31 sec
reduceDB: Keeping   53108 out of  106004 clauses (50.10 %)  Time =     0.32 sec
reduceDB: Keeping   52574 out of  107003 clauses (49.13 %)  Time =     0.32 sec
reduceDB: Keeping   53978 out of  108001 clauses (49.98 %)  Time =     0.33 sec
reduceDB: Keeping   54698 out of  109000 clauses (50.18 %)  Time =     0.33 sec
reduceDB: Keeping   55026 out of  110003 clauses (50.02 %)  Time =     0.34 sec
reduceDB: Keeping   55605 out of  111000 clauses (50.09 %)  Time =     0.35 sec
reduceDB: Keeping   55920 out of  112000 clauses (49.93 %)  Time =     0.35 sec
reduceDB: Keeping   56663 out of  113003 clauses (50.14 %)  Time =     0.36 sec
reduceDB: Keeping   57189 out of  114000 clauses (50.17 %)  Time =     0.36 sec
reduceDB: Keeping   56662 out of  115001 clauses (49.27 %)  Time =     0.37 sec
reduceDB: Keeping   58083 out of  116003 clauses (50.07 %)  Time =     0.37 sec
reduceDB: Keeping   58959 out of  117000 clauses (50.39 %)  Time =     0.38 sec
reduceDB: Keeping   61454 out of  118002 clauses (52.08 %)  Time =     0.39 sec
reduceDB: Keeping   52396 out of  119001 clauses (44.03 %)  Time =     0.39 sec
reduceDB: Keeping   60051 out of  120001 clauses (50.04 %)  Time =     0.40 sec
reduceDB: Keeping   63706 out of  121001 clauses (52.65 %)  Time =     0.40 sec
starts        :             6540
conflicts     :          3739558
decisions     :          4283589
propagations  :       1223658252
Final SAT:        Nodes =   2171.  Time =   346.55 sec
Networks are equivalent.  Time =   356.16 sec
End Old Verify =   356.16 sec
