ABC command line: "&read replace_1537.aig; &cec -m -v".

label 1
label 3
Assuming the current network is a single-output miter.
label 6
Start EquivFixOutputPairs =     0.00 sec
End EquivFixOutputPairs =     0.00 sec
Start ManSatSweeping =     0.00 sec
Simulating 15 words for 15 rounds. SAT solving with 1000 conflicts.
nSimWords = 0
cst =    2107  cls =      0  lit =    2107  unused =     256  proof =     0
cst =       2  cls =      5  lit =       8  unused =    2350  proof =     0
cst =       2  cls =      2  lit =       5  unused =    2356  proof =     0
cst =       0  cls =      1  lit =       1  unused =    2361  proof =     0
cst =       0  cls =      1  lit =       1  unused =    2361  proof =     0
cst =       0  cls =      1  lit =       1  unused =    2361  proof =     0
cst =       0  cls =      1  lit =       1  unused =    2361  proof =     0
cst =       0  cls =      1  lit =       1  unused =    2361  proof =     0
cst =       0  cls =      1  lit =       1  unused =    2361  proof =     0
cst =       0  cls =      1  lit =       1  unused =    2361  proof =     0
  1 : P =      0. D =      0. F =     1. M =     685. And =    2107. Time =     0.02 sec
Increasing conflict limit to 10000.
The result is written into file "cec_giaSweep.aig".
Switching into reduced mode.
  2 : P =      0. D =      0. F =     1. M =     685. And =    2107. Time =     0.31 sec
Increasing conflict limit to 100000.
The result is written into file "cec_giaSweep.aig".
Switching into normal mode.
  3 : P =      0. D =      0. F =     1. M =       0. And =    2107. Time =     4.17 sec
Performed 3 SAT calls: P = 0  D = 0  F = 3
NBeg = 2107. NEnd = 2107. (Gain =   0.00 %).  RBeg = 0. REnd = 0. (Gain =   0.00 %).
Sim  =     0.00 sec (  0.00 %)
Sat  =     4.50 sec (  0.00 %)
Pat  =     0.00 sec (  0.00 %)
Time =     4.51 sec
End ManSatSweeping =     4.51 sec
Networks are UNDECIDED after the new CEC engine.  Time =     4.51 sec
Calling the old CEC engine.
Start Old Verify =     4.51 sec
Original miter:   Nodes =   2110.
label 27
Initial SAT:      Nodes =   2110.  Time =     0.02 sec
Rewriting:        Nodes =   2110.  Time =     0.02 sec
There are 0 XORs
Balance-X:        Nodes =   2381.  Time =     0.00 sec
Starting Fra_SmlSimulate......classes =     1.   Lits =      4.
Refined classes  after Pattern 0=     1.   Changes =    0.   Lits =      4.
Refined classes after pattern 1 =     1.   Changes =    0.   Lits =      4.
Refined classes  =     1.   Changes =    0.   Lits =      4.
start Fra_FraigSweep...
Fraiging (i=1):   Nodes =   2381.  Time =     0.00 sec
Rewriting:        Nodes =   2133.  Time =     0.01 sec
There are 0 XORs
Balance-X:        Nodes =   2378.  Time =     0.00 sec
Starting Fra_SmlSimulate......classes =     1.   Lits =      4.
Refined classes  after Pattern 0=     1.   Changes =    0.   Lits =      4.
Refined classes after pattern 1 =     1.   Changes =    0.   Lits =      4.
Refined classes  =     1.   Changes =    0.   Lits =      4.
start Fra_FraigSweep...
Fraiging (i=2):   Nodes =   2378.  Time =     0.00 sec
Rewriting:        Nodes =   2136.  Time =     0.01 sec
There are 0 XORs
Balance-X:        Nodes =   2378.  Time =     0.00 sec
Starting Fra_SmlSimulate......classes =     1.   Lits =      4.
Refined classes  after Pattern 0=     1.   Changes =    0.   Lits =      4.
Refined classes after pattern 1 =     1.   Changes =    0.   Lits =      4.
Refined classes  =     1.   Changes =    0.   Lits =      4.
start Fra_FraigSweep...
Fraiging (i=3):   Nodes =   2378.  Time =     0.01 sec
Rewriting:        Nodes =   2136.  Time =     0.01 sec
There are 0 XORs
Balance-X:        Nodes =   2378.  Time =     0.00 sec
Starting Fra_SmlSimulate......classes =     1.   Lits =      4.
Refined classes  after Pattern 0=     1.   Changes =    0.   Lits =      4.
Refined classes after pattern 1 =     1.   Changes =    0.   Lits =      4.
Refined classes  =     1.   Changes =    0.   Lits =      4.
start Fra_FraigSweep...
Fraiging (i=4):   Nodes =   2378.  Time =     0.04 sec
Rewriting:        Nodes =   2136.  Time =     0.01 sec
There are 0 XORs
Balance-X:        Nodes =   2378.  Time =     0.00 sec
Starting Fra_SmlSimulate......classes =     1.   Lits =      4.
Refined classes  after Pattern 0=     1.   Changes =    0.   Lits =      4.
Refined classes after pattern 1 =     1.   Changes =    0.   Lits =      4.
Refined classes  =     1.   Changes =    0.   Lits =      4.
start Fra_FraigSweep...
Fraiging (i=5):   Nodes =   2378.  Time =     0.50 sec
Rewriting:        Nodes =   2136.  Time =     0.01 sec
There are 0 XORs
Balance-X:        Nodes =   2378.  Time =     0.00 sec
Starting Fra_SmlSimulate......classes =     1.   Lits =      4.
Refined classes  after Pattern 0=     1.   Changes =    0.   Lits =      4.
Refined classes after pattern 1 =     1.   Changes =    0.   Lits =      4.
Refined classes  =     1.   Changes =    0.   Lits =      4.
start Fra_FraigSweep...
Fraiging (i=6):   Nodes =   2378.  Time =     5.39 sec
Rewriting:        Nodes =   2136.  Time =     0.01 sec
label 27
CNF stats: Vars =   1635. Clauses =    4920. Literals =    13271. Time =     0.00 sec
Running SAT solver with parameters 10000 and 1000 and 50.
reduceDB: Keeping    5029 out of   10001 clauses (50.28 %)  Time =     0.03 sec
reduceDB: Keeping    5509 out of   11001 clauses (50.08 %)  Time =     0.03 sec
reduceDB: Keeping    6012 out of   12000 clauses (50.10 %)  Time =     0.03 sec
reduceDB: Keeping    6527 out of   13002 clauses (50.20 %)  Time =     0.03 sec
reduceDB: Keeping    7027 out of   14001 clauses (50.19 %)  Time =     0.03 sec
reduceDB: Keeping    7527 out of   15000 clauses (50.18 %)  Time =     0.03 sec
reduceDB: Keeping    8028 out of   16000 clauses (50.17 %)  Time =     0.03 sec
reduceDB: Keeping    8519 out of   17001 clauses (50.11 %)  Time =     0.03 sec
reduceDB: Keeping    9026 out of   18000 clauses (50.14 %)  Time =     0.03 sec
reduceDB: Keeping    9667 out of   19000 clauses (50.88 %)  Time =     0.04 sec
reduceDB: Keeping   10300 out of   20000 clauses (51.50 %)  Time =     0.04 sec
reduceDB: Keeping   10896 out of   21000 clauses (51.89 %)  Time =     0.04 sec
reduceDB: Keeping   11178 out of   22000 clauses (50.81 %)  Time =     0.04 sec
reduceDB: Keeping   11926 out of   23001 clauses (51.85 %)  Time =     0.04 sec
reduceDB: Keeping   12627 out of   24000 clauses (52.61 %)  Time =     0.04 sec
reduceDB: Keeping   13059 out of   25000 clauses (52.24 %)  Time =     0.04 sec
reduceDB: Keeping   13482 out of   26000 clauses (51.85 %)  Time =     0.05 sec
reduceDB: Keeping   14072 out of   27000 clauses (52.12 %)  Time =     0.05 sec
reduceDB: Keeping   15092 out of   28001 clauses (53.90 %)  Time =     0.05 sec
reduceDB: Keeping   13408 out of   29002 clauses (46.23 %)  Time =     0.05 sec
reduceDB: Keeping   15426 out of   30001 clauses (51.42 %)  Time =     0.05 sec
reduceDB: Keeping   15729 out of   31001 clauses (50.74 %)  Time =     0.05 sec
reduceDB: Keeping   16517 out of   32000 clauses (51.62 %)  Time =     0.06 sec
reduceDB: Keeping   17281 out of   33001 clauses (52.37 %)  Time =     0.06 sec
reduceDB: Keeping   17780 out of   34001 clauses (52.29 %)  Time =     0.06 sec
reduceDB: Keeping   18181 out of   35000 clauses (51.95 %)  Time =     0.06 sec
reduceDB: Keeping   18533 out of   36000 clauses (51.48 %)  Time =     0.07 sec
reduceDB: Keeping   18712 out of   37001 clauses (50.57 %)  Time =     0.07 sec
reduceDB: Keeping   19454 out of   38000 clauses (51.19 %)  Time =     0.07 sec
reduceDB: Keeping   20316 out of   39000 clauses (52.09 %)  Time =     0.07 sec
reduceDB: Keeping   20813 out of   40000 clauses (52.03 %)  Time =     0.07 sec
reduceDB: Keeping   20956 out of   41000 clauses (51.11 %)  Time =     0.08 sec
reduceDB: Keeping   21984 out of   42000 clauses (52.34 %)  Time =     0.08 sec
reduceDB: Keeping   22684 out of   43001 clauses (52.75 %)  Time =     0.08 sec
reduceDB: Keeping   23923 out of   44000 clauses (54.37 %)  Time =     0.08 sec
reduceDB: Keeping   24562 out of   45000 clauses (54.58 %)  Time =     0.09 sec
reduceDB: Keeping   24584 out of   46001 clauses (53.44 %)  Time =     0.09 sec
reduceDB: Keeping   24584 out of   47000 clauses (52.31 %)  Time =     0.09 sec
reduceDB: Keeping   25059 out of   48001 clauses (52.21 %)  Time =     0.10 sec
reduceDB: Keeping   25365 out of   49002 clauses (51.76 %)  Time =     0.10 sec
reduceDB: Keeping   26379 out of   50001 clauses (52.76 %)  Time =     0.10 sec
reduceDB: Keeping   26694 out of   51001 clauses (52.34 %)  Time =     0.10 sec
reduceDB: Keeping   27009 out of   52000 clauses (51.94 %)  Time =     0.11 sec
reduceDB: Keeping   27245 out of   53000 clauses (51.41 %)  Time =     0.11 sec
reduceDB: Keeping   27849 out of   54000 clauses (51.57 %)  Time =     0.11 sec
reduceDB: Keeping   28132 out of   55001 clauses (51.15 %)  Time =     0.12 sec
reduceDB: Keeping   28780 out of   56000 clauses (51.39 %)  Time =     0.12 sec
reduceDB: Keeping   28756 out of   57001 clauses (50.45 %)  Time =     0.12 sec
reduceDB: Keeping   29087 out of   58002 clauses (50.15 %)  Time =     0.13 sec
reduceDB: Keeping   29773 out of   59001 clauses (50.46 %)  Time =     0.13 sec
reduceDB: Keeping   30438 out of   60000 clauses (50.73 %)  Time =     0.13 sec
reduceDB: Keeping   30998 out of   61000 clauses (50.82 %)  Time =     0.14 sec
reduceDB: Keeping   31622 out of   62000 clauses (51.00 %)  Time =     0.14 sec
reduceDB: Keeping   32955 out of   63000 clauses (52.31 %)  Time =     0.14 sec
reduceDB: Keeping   33683 out of   64001 clauses (52.63 %)  Time =     0.15 sec
reduceDB: Keeping   33909 out of   65000 clauses (52.17 %)  Time =     0.15 sec
reduceDB: Keeping   34945 out of   66001 clauses (52.95 %)  Time =     0.15 sec
reduceDB: Keeping   35095 out of   67001 clauses (52.38 %)  Time =     0.16 sec
reduceDB: Keeping   35466 out of   68000 clauses (52.16 %)  Time =     0.16 sec
reduceDB: Keeping   35358 out of   69000 clauses (51.24 %)  Time =     0.17 sec
reduceDB: Keeping   35858 out of   70001 clauses (51.22 %)  Time =     0.17 sec
reduceDB: Keeping   35836 out of   71002 clauses (50.47 %)  Time =     0.17 sec
reduceDB: Keeping   36823 out of   72000 clauses (51.14 %)  Time =     0.18 sec
reduceDB: Keeping   36678 out of   73000 clauses (50.24 %)  Time =     0.18 sec
reduceDB: Keeping   38001 out of   74001 clauses (51.35 %)  Time =     0.19 sec
reduceDB: Keeping   37683 out of   75001 clauses (50.24 %)  Time =     0.19 sec
reduceDB: Keeping   38607 out of   76002 clauses (50.80 %)  Time =     0.20 sec
reduceDB: Keeping   39317 out of   77002 clauses (51.06 %)  Time =     0.20 sec
reduceDB: Keeping   39600 out of   78001 clauses (50.77 %)  Time =     0.20 sec
reduceDB: Keeping   39521 out of   79001 clauses (50.03 %)  Time =     0.21 sec
reduceDB: Keeping   40894 out of   80001 clauses (51.12 %)  Time =     0.21 sec
reduceDB: Keeping   43210 out of   81000 clauses (53.35 %)  Time =     0.22 sec
reduceDB: Keeping   43741 out of   82000 clauses (53.34 %)  Time =     0.22 sec
reduceDB: Keeping   43467 out of   83002 clauses (52.37 %)  Time =     0.23 sec
reduceDB: Keeping   43733 out of   84000 clauses (52.06 %)  Time =     0.23 sec
reduceDB: Keeping   43666 out of   85000 clauses (51.37 %)  Time =     0.24 sec
reduceDB: Keeping   43747 out of   86000 clauses (50.87 %)  Time =     0.24 sec
reduceDB: Keeping   44909 out of   87000 clauses (51.62 %)  Time =     0.25 sec
reduceDB: Keeping   45303 out of   88001 clauses (51.48 %)  Time =     0.25 sec
reduceDB: Keeping   45284 out of   89004 clauses (50.88 %)  Time =     0.26 sec
reduceDB: Keeping   45693 out of   90002 clauses (50.77 %)  Time =     0.26 sec
reduceDB: Keeping   46446 out of   91000 clauses (51.04 %)  Time =     0.27 sec
reduceDB: Keeping   47701 out of   92001 clauses (51.85 %)  Time =     0.27 sec
reduceDB: Keeping   48664 out of   93001 clauses (52.33 %)  Time =     0.28 sec
reduceDB: Keeping   48786 out of   94002 clauses (51.90 %)  Time =     0.28 sec
reduceDB: Keeping   49817 out of   95000 clauses (52.44 %)  Time =     0.29 sec
reduceDB: Keeping   50927 out of   96000 clauses (53.05 %)  Time =     0.29 sec
reduceDB: Keeping   52406 out of   97001 clauses (54.03 %)  Time =     0.30 sec
reduceDB: Keeping   39395 out of   98001 clauses (40.20 %)  Time =     0.30 sec
reduceDB: Keeping   48017 out of   99000 clauses (48.50 %)  Time =     0.31 sec
reduceDB: Keeping   48678 out of  100000 clauses (48.68 %)  Time =     0.31 sec
reduceDB: Keeping   50097 out of  101001 clauses (49.60 %)  Time =     0.32 sec
reduceDB: Keeping   50903 out of  102001 clauses (49.90 %)  Time =     0.33 sec
reduceDB: Keeping   51527 out of  103000 clauses (50.03 %)  Time =     0.33 sec
reduceDB: Keeping   52135 out of  104000 clauses (50.13 %)  Time =     0.34 sec
reduceDB: Keeping   52957 out of  105000 clauses (50.44 %)  Time =     0.34 sec
reduceDB: Keeping   53168 out of  106000 clauses (50.16 %)  Time =     0.35 sec
reduceDB: Keeping   53564 out of  107002 clauses (50.06 %)  Time =     0.36 sec
reduceDB: Keeping   54363 out of  108002 clauses (50.34 %)  Time =     0.36 sec
reduceDB: Keeping   55729 out of  109000 clauses (51.13 %)  Time =     0.37 sec
reduceDB: Keeping   55862 out of  110001 clauses (50.78 %)  Time =     0.37 sec
reduceDB: Keeping   55864 out of  111002 clauses (50.33 %)  Time =     0.38 sec
reduceDB: Keeping   57303 out of  112000 clauses (51.16 %)  Time =     0.39 sec
reduceDB: Keeping   58307 out of  113003 clauses (51.60 %)  Time =     0.39 sec
reduceDB: Keeping   57879 out of  114000 clauses (50.77 %)  Time =     0.40 sec
reduceDB: Keeping   60093 out of  115000 clauses (52.25 %)  Time =     0.41 sec
reduceDB: Keeping   61159 out of  116000 clauses (52.72 %)  Time =     0.41 sec
reduceDB: Keeping   63415 out of  117000 clauses (54.20 %)  Time =     0.42 sec
reduceDB: Keeping   52060 out of  118001 clauses (44.12 %)  Time =     0.42 sec
starts        :             6142
conflicts     :          3499827
decisions     :          4038776
propagations  :       1101681027
Final SAT:        Nodes =   2136.  Time =   340.59 sec
Networks are equivalent.  Time =   351.11 sec
End Old Verify =   351.11 sec
