ABC command line: "&read replace_1508.aig; &cec -m -v".

label 1
label 3
Assuming the current network is a single-output miter.
label 6
Start EquivFixOutputPairs =     0.00 sec
End EquivFixOutputPairs =     0.00 sec
Start ManSatSweeping =     0.00 sec
Simulating 15 words for 15 rounds. SAT solving with 1000 conflicts.
nSimWords = 0
cst =    2568  cls =      0  lit =    2568  unused =     256  proof =     0
cst =       5  cls =     25  lit =      33  unused =    2766  proof =     0
cst =       2  cls =      8  lit =      11  unused =    2805  proof =     0
cst =       0  cls =      2  lit =       2  unused =    2820  proof =     0
cst =       0  cls =      2  lit =       2  unused =    2820  proof =     0
cst =       0  cls =      1  lit =       1  unused =    2822  proof =     0
cst =       0  cls =      1  lit =       1  unused =    2822  proof =     0
cst =       0  cls =      1  lit =       1  unused =    2822  proof =     0
cst =       0  cls =      1  lit =       1  unused =    2822  proof =     0
cst =       0  cls =      1  lit =       1  unused =    2822  proof =     0
  1 : P =      0. D =      0. F =     1. M =     899. And =    2568. Time =     0.02 sec
Increasing conflict limit to 10000.
The result is written into file "cec_giaSweep.aig".
Switching into reduced mode.
  2 : P =      0. D =      0. F =     1. M =     899. And =    2568. Time =     0.35 sec
Increasing conflict limit to 100000.
The result is written into file "cec_giaSweep.aig".
Switching into normal mode.
  3 : P =      0. D =      0. F =     1. M =       0. And =    2568. Time =     4.81 sec
Performed 3 SAT calls: P = 0  D = 0  F = 3
NBeg = 2568. NEnd = 2568. (Gain =   0.00 %).  RBeg = 0. REnd = 0. (Gain =   0.00 %).
Sim  =     0.00 sec (  0.00 %)
Sat  =     5.17 sec (  0.00 %)
Pat  =     0.00 sec (  0.00 %)
Time =     5.18 sec
End ManSatSweeping =     5.18 sec
Networks are UNDECIDED after the new CEC engine.  Time =     5.18 sec
Calling the old CEC engine.
Start Old Verify =     5.18 sec
Original miter:   Nodes =   2571.
label 27
Initial SAT:      Nodes =   2571.  Time =     0.02 sec
Rewriting:        Nodes =   2571.  Time =     0.02 sec
There are 0 XORs
Balance-X:        Nodes =   2850.  Time =     0.00 sec
Starting Fra_SmlSimulate......classes =     4.   Lits =      7.
Refined classes  after Pattern 0=     4.   Changes =    0.   Lits =      7.
Refined classes after pattern 1 =     4.   Changes =    0.   Lits =      7.
Refined classes  =     2.   Changes =    2.   Lits =      5.
Refined classes  =     1.   Changes =    1.   Lits =      4.
Refined classes  =     1.   Changes =    0.   Lits =      4.
start Fra_FraigSweep...
Fraiging (i=1):   Nodes =   2850.  Time =     0.00 sec
Rewriting:        Nodes =   2593.  Time =     0.01 sec
There are 0 XORs
Balance-X:        Nodes =   2849.  Time =     0.00 sec
Starting Fra_SmlSimulate......classes =     4.   Lits =      7.
Refined classes  after Pattern 0=     4.   Changes =    0.   Lits =      7.
Refined classes after pattern 1 =     4.   Changes =    0.   Lits =      7.
Refined classes  =     2.   Changes =    2.   Lits =      5.
Refined classes  =     1.   Changes =    1.   Lits =      4.
Refined classes  =     1.   Changes =    0.   Lits =      4.
start Fra_FraigSweep...
Fraiging (i=2):   Nodes =   2849.  Time =     0.00 sec
Rewriting:        Nodes =   2594.  Time =     0.01 sec
There are 0 XORs
Balance-X:        Nodes =   2849.  Time =     0.00 sec
Starting Fra_SmlSimulate......classes =     4.   Lits =      7.
Refined classes  after Pattern 0=     4.   Changes =    0.   Lits =      7.
Refined classes after pattern 1 =     4.   Changes =    0.   Lits =      7.
Refined classes  =     2.   Changes =    2.   Lits =      5.
Refined classes  =     1.   Changes =    1.   Lits =      4.
Refined classes  =     1.   Changes =    0.   Lits =      4.
start Fra_FraigSweep...
Fraiging (i=3):   Nodes =   2849.  Time =     0.01 sec
Rewriting:        Nodes =   2594.  Time =     0.01 sec
There are 0 XORs
Balance-X:        Nodes =   2849.  Time =     0.00 sec
Starting Fra_SmlSimulate......classes =     4.   Lits =      7.
Refined classes  after Pattern 0=     4.   Changes =    0.   Lits =      7.
Refined classes after pattern 1 =     4.   Changes =    0.   Lits =      7.
Refined classes  =     2.   Changes =    2.   Lits =      5.
Refined classes  =     1.   Changes =    1.   Lits =      4.
Refined classes  =     1.   Changes =    0.   Lits =      4.
start Fra_FraigSweep...
Fraiging (i=4):   Nodes =   2849.  Time =     0.05 sec
Rewriting:        Nodes =   2594.  Time =     0.01 sec
There are 0 XORs
Balance-X:        Nodes =   2849.  Time =     0.00 sec
Starting Fra_SmlSimulate......classes =     4.   Lits =      7.
Refined classes  after Pattern 0=     4.   Changes =    0.   Lits =      7.
Refined classes after pattern 1 =     4.   Changes =    0.   Lits =      7.
Refined classes  =     2.   Changes =    2.   Lits =      5.
Refined classes  =     1.   Changes =    1.   Lits =      4.
Refined classes  =     1.   Changes =    0.   Lits =      4.
start Fra_FraigSweep...
Fraiging (i=5):   Nodes =   2849.  Time =     0.55 sec
Rewriting:        Nodes =   2594.  Time =     0.01 sec
There are 0 XORs
Balance-X:        Nodes =   2849.  Time =     0.00 sec
Starting Fra_SmlSimulate......classes =     4.   Lits =      7.
Refined classes  after Pattern 0=     4.   Changes =    0.   Lits =      7.
Refined classes after pattern 1 =     4.   Changes =    0.   Lits =      7.
Refined classes  =     2.   Changes =    2.   Lits =      5.
Refined classes  =     1.   Changes =    1.   Lits =      4.
Refined classes  =     1.   Changes =    0.   Lits =      4.
start Fra_FraigSweep...
Fraiging (i=6):   Nodes =   2849.  Time =     5.83 sec
Rewriting:        Nodes =   2594.  Time =     0.01 sec
label 27
CNF stats: Vars =   1853. Clauses =    5836. Literals =    15798. Time =     0.00 sec
Running SAT solver with parameters 10000 and 1000 and 50.
reduceDB: Keeping    5031 out of   10000 clauses (50.31 %)  Time =     0.03 sec
reduceDB: Keeping    5512 out of   11000 clauses (50.11 %)  Time =     0.03 sec
reduceDB: Keeping    6020 out of   12001 clauses (50.16 %)  Time =     0.03 sec
reduceDB: Keeping    6525 out of   13000 clauses (50.19 %)  Time =     0.03 sec
reduceDB: Keeping    7015 out of   14001 clauses (50.10 %)  Time =     0.03 sec
reduceDB: Keeping    7529 out of   15000 clauses (50.19 %)  Time =     0.03 sec
reduceDB: Keeping    8042 out of   16001 clauses (50.26 %)  Time =     0.03 sec
reduceDB: Keeping    8748 out of   17000 clauses (51.46 %)  Time =     0.03 sec
reduceDB: Keeping    9338 out of   18001 clauses (51.87 %)  Time =     0.03 sec
reduceDB: Keeping    9912 out of   19003 clauses (52.16 %)  Time =     0.04 sec
reduceDB: Keeping   10476 out of   20000 clauses (52.38 %)  Time =     0.04 sec
reduceDB: Keeping   11368 out of   21003 clauses (54.13 %)  Time =     0.04 sec
reduceDB: Keeping   11782 out of   22000 clauses (53.55 %)  Time =     0.04 sec
reduceDB: Keeping   12258 out of   23000 clauses (53.30 %)  Time =     0.04 sec
reduceDB: Keeping   12852 out of   24000 clauses (53.55 %)  Time =     0.04 sec
reduceDB: Keeping   13559 out of   25000 clauses (54.24 %)  Time =     0.04 sec
reduceDB: Keeping   13988 out of   26000 clauses (53.80 %)  Time =     0.05 sec
reduceDB: Keeping   14261 out of   27000 clauses (52.82 %)  Time =     0.05 sec
reduceDB: Keeping   14678 out of   28001 clauses (52.42 %)  Time =     0.05 sec
reduceDB: Keeping   15304 out of   29001 clauses (52.77 %)  Time =     0.05 sec
reduceDB: Keeping   15727 out of   30001 clauses (52.42 %)  Time =     0.05 sec
reduceDB: Keeping   16291 out of   31001 clauses (52.55 %)  Time =     0.05 sec
reduceDB: Keeping   16679 out of   32002 clauses (52.12 %)  Time =     0.06 sec
reduceDB: Keeping   17045 out of   33000 clauses (51.65 %)  Time =     0.06 sec
reduceDB: Keeping   17343 out of   34002 clauses (51.01 %)  Time =     0.06 sec
reduceDB: Keeping   18000 out of   35000 clauses (51.43 %)  Time =     0.06 sec
reduceDB: Keeping   18421 out of   36001 clauses (51.17 %)  Time =     0.06 sec
reduceDB: Keeping   19199 out of   37000 clauses (51.89 %)  Time =     0.07 sec
reduceDB: Keeping   19281 out of   38001 clauses (50.74 %)  Time =     0.07 sec
reduceDB: Keeping   19501 out of   39000 clauses (50.00 %)  Time =     0.07 sec
reduceDB: Keeping   20124 out of   40001 clauses (50.31 %)  Time =     0.07 sec
reduceDB: Keeping   20749 out of   41001 clauses (50.61 %)  Time =     0.08 sec
reduceDB: Keeping   21101 out of   42001 clauses (50.24 %)  Time =     0.08 sec
reduceDB: Keeping   21536 out of   43001 clauses (50.08 %)  Time =     0.08 sec
reduceDB: Keeping   22477 out of   44003 clauses (51.08 %)  Time =     0.08 sec
reduceDB: Keeping   23086 out of   45000 clauses (51.30 %)  Time =     0.09 sec
reduceDB: Keeping   23075 out of   46001 clauses (50.16 %)  Time =     0.09 sec
reduceDB: Keeping   23592 out of   47000 clauses (50.20 %)  Time =     0.09 sec
reduceDB: Keeping   24062 out of   48000 clauses (50.13 %)  Time =     0.09 sec
reduceDB: Keeping   24543 out of   49000 clauses (50.09 %)  Time =     0.10 sec
reduceDB: Keeping   25094 out of   50001 clauses (50.19 %)  Time =     0.10 sec
reduceDB: Keeping   25568 out of   51000 clauses (50.13 %)  Time =     0.10 sec
reduceDB: Keeping   26048 out of   52001 clauses (50.09 %)  Time =     0.11 sec
reduceDB: Keeping   26572 out of   53000 clauses (50.14 %)  Time =     0.11 sec
reduceDB: Keeping   27173 out of   54001 clauses (50.32 %)  Time =     0.11 sec
reduceDB: Keeping   27579 out of   55001 clauses (50.14 %)  Time =     0.11 sec
reduceDB: Keeping   27997 out of   56000 clauses (49.99 %)  Time =     0.12 sec
reduceDB: Keeping   28564 out of   57000 clauses (50.11 %)  Time =     0.12 sec
reduceDB: Keeping   29065 out of   58001 clauses (50.11 %)  Time =     0.12 sec
reduceDB: Keeping   29615 out of   59000 clauses (50.19 %)  Time =     0.13 sec
reduceDB: Keeping   30096 out of   60001 clauses (50.16 %)  Time =     0.13 sec
reduceDB: Keeping   30581 out of   61001 clauses (50.13 %)  Time =     0.13 sec
reduceDB: Keeping   31098 out of   62000 clauses (50.16 %)  Time =     0.14 sec
reduceDB: Keeping   31330 out of   63002 clauses (49.73 %)  Time =     0.14 sec
reduceDB: Keeping   32532 out of   64000 clauses (50.83 %)  Time =     0.14 sec
reduceDB: Keeping   34146 out of   65000 clauses (52.53 %)  Time =     0.15 sec
reduceDB: Keeping   35567 out of   66004 clauses (53.89 %)  Time =     0.15 sec
reduceDB: Keeping   36451 out of   67002 clauses (54.40 %)  Time =     0.15 sec
reduceDB: Keeping   36243 out of   68001 clauses (53.30 %)  Time =     0.16 sec
reduceDB: Keeping   36342 out of   69002 clauses (52.67 %)  Time =     0.16 sec
reduceDB: Keeping   36560 out of   70000 clauses (52.23 %)  Time =     0.17 sec
reduceDB: Keeping   36431 out of   71004 clauses (51.31 %)  Time =     0.17 sec
reduceDB: Keeping   37040 out of   72000 clauses (51.44 %)  Time =     0.17 sec
reduceDB: Keeping   37783 out of   73002 clauses (51.76 %)  Time =     0.18 sec
reduceDB: Keeping   37942 out of   74000 clauses (51.27 %)  Time =     0.18 sec
reduceDB: Keeping   38582 out of   75000 clauses (51.44 %)  Time =     0.19 sec
reduceDB: Keeping   38067 out of   76000 clauses (50.09 %)  Time =     0.19 sec
reduceDB: Keeping   38803 out of   77000 clauses (50.39 %)  Time =     0.20 sec
reduceDB: Keeping   39530 out of   78000 clauses (50.68 %)  Time =     0.20 sec
reduceDB: Keeping   39559 out of   79000 clauses (50.07 %)  Time =     0.20 sec
reduceDB: Keeping   39991 out of   80001 clauses (49.99 %)  Time =     0.21 sec
reduceDB: Keeping   41531 out of   81001 clauses (51.27 %)  Time =     0.21 sec
reduceDB: Keeping   41793 out of   82001 clauses (50.97 %)  Time =     0.22 sec
reduceDB: Keeping   41734 out of   83000 clauses (50.28 %)  Time =     0.22 sec
reduceDB: Keeping   42012 out of   84001 clauses (50.01 %)  Time =     0.23 sec
reduceDB: Keeping   42579 out of   85003 clauses (50.09 %)  Time =     0.23 sec
reduceDB: Keeping   43108 out of   86001 clauses (50.12 %)  Time =     0.24 sec
reduceDB: Keeping   43638 out of   87002 clauses (50.16 %)  Time =     0.24 sec
reduceDB: Keeping   43970 out of   88000 clauses (49.97 %)  Time =     0.24 sec
reduceDB: Keeping   44640 out of   89000 clauses (50.16 %)  Time =     0.25 sec
reduceDB: Keeping   44822 out of   90000 clauses (49.80 %)  Time =     0.25 sec
reduceDB: Keeping   45613 out of   91002 clauses (50.12 %)  Time =     0.26 sec
reduceDB: Keeping   47187 out of   92000 clauses (51.29 %)  Time =     0.26 sec
reduceDB: Keeping   48215 out of   93002 clauses (51.84 %)  Time =     0.27 sec
reduceDB: Keeping   50145 out of   94000 clauses (53.35 %)  Time =     0.27 sec
reduceDB: Keeping   51018 out of   95002 clauses (53.70 %)  Time =     0.28 sec
reduceDB: Keeping   52437 out of   96000 clauses (54.62 %)  Time =     0.28 sec
reduceDB: Keeping   52750 out of   97000 clauses (54.38 %)  Time =     0.29 sec
reduceDB: Keeping   53220 out of   98000 clauses (54.31 %)  Time =     0.30 sec
reduceDB: Keeping   54094 out of   99002 clauses (54.64 %)  Time =     0.30 sec
reduceDB: Keeping   53873 out of  100001 clauses (53.87 %)  Time =     0.31 sec
reduceDB: Keeping   52873 out of  101002 clauses (52.35 %)  Time =     0.31 sec
reduceDB: Keeping   53018 out of  102000 clauses (51.98 %)  Time =     0.32 sec
reduceDB: Keeping   54295 out of  103001 clauses (52.71 %)  Time =     0.32 sec
reduceDB: Keeping   54856 out of  104001 clauses (52.75 %)  Time =     0.33 sec
reduceDB: Keeping   54412 out of  105000 clauses (51.82 %)  Time =     0.33 sec
reduceDB: Keeping   54828 out of  106001 clauses (51.72 %)  Time =     0.34 sec
reduceDB: Keeping   54205 out of  107001 clauses (50.66 %)  Time =     0.35 sec
reduceDB: Keeping   54850 out of  108002 clauses (50.79 %)  Time =     0.35 sec
reduceDB: Keeping   56081 out of  109000 clauses (51.45 %)  Time =     0.36 sec
reduceDB: Keeping   55811 out of  110000 clauses (50.74 %)  Time =     0.36 sec
reduceDB: Keeping   56698 out of  111000 clauses (51.08 %)  Time =     0.37 sec
reduceDB: Keeping   56724 out of  112000 clauses (50.65 %)  Time =     0.38 sec
reduceDB: Keeping   57934 out of  113000 clauses (51.27 %)  Time =     0.38 sec
reduceDB: Keeping   58565 out of  114001 clauses (51.37 %)  Time =     0.39 sec
reduceDB: Keeping   59036 out of  115001 clauses (51.34 %)  Time =     0.39 sec
reduceDB: Keeping   59595 out of  116002 clauses (51.37 %)  Time =     0.40 sec
reduceDB: Keeping   59741 out of  117001 clauses (51.06 %)  Time =     0.41 sec
reduceDB: Keeping   62037 out of  118002 clauses (52.57 %)  Time =     0.41 sec
reduceDB: Keeping   64746 out of  119000 clauses (54.41 %)  Time =     0.42 sec
reduceDB: Keeping   47275 out of  120001 clauses (39.40 %)  Time =     0.43 sec
reduceDB: Keeping   57593 out of  121002 clauses (47.60 %)  Time =     0.43 sec
reduceDB: Keeping   60940 out of  122000 clauses (49.95 %)  Time =     0.44 sec
reduceDB: Keeping   61657 out of  123003 clauses (50.13 %)  Time =     0.45 sec
reduceDB: Keeping   63794 out of  124003 clauses (51.45 %)  Time =     0.46 sec
reduceDB: Keeping   66949 out of  125000 clauses (53.56 %)  Time =     0.46 sec
starts        :             6907
conflicts     :          3905791
decisions     :          4481751
propagations  :       1412194562
Final SAT:        Nodes =   2594.  Time =   395.80 sec
Networks are equivalent.  Time =   407.53 sec
End Old Verify =   407.53 sec
