ABC command line: "&read replace_2126.aig; &cec -m -v".

label 1
label 3
Assuming the current network is a single-output miter.
label 6
Start EquivFixOutputPairs =     0.00 sec
End EquivFixOutputPairs =     0.00 sec
Start ManSatSweeping =     0.00 sec
Simulating 15 words for 15 rounds. SAT solving with 1000 conflicts.
nSimWords = 0
cst =    2388  cls =      0  lit =    2388  unused =     256  proof =     0
cst =       3  cls =     28  lit =      33  unused =    2583  proof =     0
cst =       2  cls =      6  lit =       8  unused =    2630  proof =     0
cst =       1  cls =      3  lit =       4  unused =    2637  proof =     0
cst =       1  cls =      2  lit =       3  unused =    2639  proof =     0
cst =       1  cls =      2  lit =       3  unused =    2639  proof =     0
cst =       1  cls =      2  lit =       3  unused =    2639  proof =     0
cst =       1  cls =      2  lit =       3  unused =    2639  proof =     0
cst =       1  cls =      2  lit =       3  unused =    2639  proof =     0
cst =       1  cls =      2  lit =       3  unused =    2639  proof =     0
  1 : P =      0. D =      0. F =     1. M =     823. And =    2388. Time =     0.02 sec
Increasing conflict limit to 10000.
The result is written into file "cec_giaSweep.aig".
Switching into reduced mode.
  2 : P =      0. D =      1. F =     0. M =     823. And =    2388. Time =     0.00 sec
Switching into normal mode.
  3 : P =      0. D =      1. F =     0. M =       0. And =    2388. Time =     0.00 sec
  4 : P =      0. D =      0. F =     1. M =       0. And =    2388. Time =     0.31 sec
Increasing conflict limit to 100000.
The result is written into file "cec_giaSweep.aig".
  5 : P =      0. D =      0. F =     1. M =       0. And =    2388. Time =     4.31 sec
Performed 5 SAT calls: P = 0  D = 2  F = 3
NBeg = 2388. NEnd = 2388. (Gain =   0.00 %).  RBeg = 0. REnd = 0. (Gain =   0.00 %).
Sim  =     0.00 sec (  0.00 %)
Sat  =     4.64 sec (  0.00 %)
Pat  =     0.00 sec (  0.00 %)
Time =     4.65 sec
End ManSatSweeping =     4.65 sec
Networks are UNDECIDED after the new CEC engine.  Time =     4.65 sec
Calling the old CEC engine.
Start Old Verify =     4.65 sec
Original miter:   Nodes =   2391.
label 27
Initial SAT:      Nodes =   2391.  Time =     0.02 sec
Rewriting:        Nodes =   2391.  Time =     0.02 sec
There are 0 XORs
Balance-X:        Nodes =   2668.  Time =     0.00 sec
Starting Fra_SmlSimulate......classes =     3.   Lits =      8.
Refined classes  after Pattern 0=     3.   Changes =    0.   Lits =      8.
Refined classes after pattern 1 =     3.   Changes =    0.   Lits =      8.
Refined classes  =     2.   Changes =    2.   Lits =      6.
Refined classes  =     2.   Changes =    0.   Lits =      6.
start Fra_FraigSweep...
Fraiging (i=1):   Nodes =   2668.  Time =     0.00 sec
Rewriting:        Nodes =   2411.  Time =     0.01 sec
There are 0 XORs
Balance-X:        Nodes =   2664.  Time =     0.00 sec
Starting Fra_SmlSimulate......classes =     3.   Lits =      8.
Refined classes  after Pattern 0=     3.   Changes =    0.   Lits =      8.
Refined classes after pattern 1 =     3.   Changes =    0.   Lits =      8.
Refined classes  =     2.   Changes =    2.   Lits =      6.
Refined classes  =     2.   Changes =    0.   Lits =      6.
start Fra_FraigSweep...
Fraiging (i=2):   Nodes =   2664.  Time =     0.00 sec
Rewriting:        Nodes =   2411.  Time =     0.01 sec
There are 0 XORs
Balance-X:        Nodes =   2664.  Time =     0.00 sec
Starting Fra_SmlSimulate......classes =     3.   Lits =      8.
Refined classes  after Pattern 0=     3.   Changes =    0.   Lits =      8.
Refined classes after pattern 1 =     3.   Changes =    0.   Lits =      8.
Refined classes  =     2.   Changes =    2.   Lits =      6.
Refined classes  =     2.   Changes =    0.   Lits =      6.
start Fra_FraigSweep...
Fraiging (i=3):   Nodes =   2664.  Time =     0.01 sec
Rewriting:        Nodes =   2411.  Time =     0.01 sec
There are 0 XORs
Balance-X:        Nodes =   2664.  Time =     0.00 sec
Starting Fra_SmlSimulate......classes =     3.   Lits =      8.
Refined classes  after Pattern 0=     3.   Changes =    0.   Lits =      8.
Refined classes after pattern 1 =     3.   Changes =    0.   Lits =      8.
Refined classes  =     2.   Changes =    2.   Lits =      6.
Refined classes  =     2.   Changes =    0.   Lits =      6.
start Fra_FraigSweep...
Fraiging (i=4):   Nodes =   2664.  Time =     0.09 sec
Rewriting:        Nodes =   2411.  Time =     0.01 sec
There are 0 XORs
Balance-X:        Nodes =   2664.  Time =     0.00 sec
Starting Fra_SmlSimulate......classes =     3.   Lits =      8.
Refined classes  after Pattern 0=     3.   Changes =    0.   Lits =      8.
Refined classes after pattern 1 =     3.   Changes =    0.   Lits =      8.
Refined classes  =     2.   Changes =    2.   Lits =      6.
Refined classes  =     2.   Changes =    0.   Lits =      6.
start Fra_FraigSweep...
Fraiging (i=5):   Nodes =   2664.  Time =     1.05 sec
Rewriting:        Nodes =   2411.  Time =     0.01 sec
There are 0 XORs
Balance-X:        Nodes =   2664.  Time =     0.00 sec
Starting Fra_SmlSimulate......classes =     3.   Lits =      8.
Refined classes  after Pattern 0=     3.   Changes =    0.   Lits =      8.
Refined classes after pattern 1 =     3.   Changes =    0.   Lits =      8.
Refined classes  =     2.   Changes =    2.   Lits =      6.
Refined classes  =     2.   Changes =    0.   Lits =      6.
start Fra_FraigSweep...
Fraiging (i=6):   Nodes =   2664.  Time =    11.76 sec
Rewriting:        Nodes =   2411.  Time =     0.01 sec
label 27
CNF stats: Vars =   1771. Clauses =    5471. Literals =    14772. Time =     0.00 sec
Running SAT solver with parameters 10000 and 1000 and 50.
reduceDB: Keeping    5021 out of   10003 clauses (50.19 %)  Time =     0.04 sec
reduceDB: Keeping    5515 out of   11000 clauses (50.14 %)  Time =     0.04 sec
reduceDB: Keeping    6012 out of   12000 clauses (50.10 %)  Time =     0.05 sec
reduceDB: Keeping    6532 out of   13002 clauses (50.24 %)  Time =     0.05 sec
reduceDB: Keeping    7005 out of   14000 clauses (50.04 %)  Time =     0.05 sec
reduceDB: Keeping    7521 out of   15000 clauses (50.14 %)  Time =     0.05 sec
reduceDB: Keeping    8036 out of   16000 clauses (50.23 %)  Time =     0.05 sec
reduceDB: Keeping    8528 out of   17000 clauses (50.16 %)  Time =     0.05 sec
reduceDB: Keeping    9015 out of   18001 clauses (50.08 %)  Time =     0.05 sec
reduceDB: Keeping    9518 out of   19000 clauses (50.09 %)  Time =     0.05 sec
reduceDB: Keeping   10306 out of   20000 clauses (51.53 %)  Time =     0.05 sec
reduceDB: Keeping   10790 out of   21003 clauses (51.37 %)  Time =     0.05 sec
reduceDB: Keeping   11239 out of   22001 clauses (51.08 %)  Time =     0.06 sec
reduceDB: Keeping   11809 out of   23000 clauses (51.34 %)  Time =     0.06 sec
reduceDB: Keeping   12243 out of   24001 clauses (51.01 %)  Time =     0.06 sec
reduceDB: Keeping   12800 out of   25003 clauses (51.19 %)  Time =     0.06 sec
reduceDB: Keeping   13360 out of   26001 clauses (51.38 %)  Time =     0.06 sec
reduceDB: Keeping   13922 out of   27000 clauses (51.56 %)  Time =     0.06 sec
reduceDB: Keeping   14370 out of   28000 clauses (51.32 %)  Time =     0.06 sec
reduceDB: Keeping   14895 out of   29002 clauses (51.36 %)  Time =     0.07 sec
reduceDB: Keeping   15437 out of   30002 clauses (51.45 %)  Time =     0.07 sec
reduceDB: Keeping   15631 out of   31000 clauses (50.42 %)  Time =     0.07 sec
reduceDB: Keeping   16224 out of   32000 clauses (50.70 %)  Time =     0.07 sec
reduceDB: Keeping   16898 out of   33000 clauses (51.21 %)  Time =     0.07 sec
reduceDB: Keeping   17491 out of   34000 clauses (51.44 %)  Time =     0.08 sec
reduceDB: Keeping   17965 out of   35004 clauses (51.32 %)  Time =     0.08 sec
reduceDB: Keeping   18657 out of   36002 clauses (51.82 %)  Time =     0.08 sec
reduceDB: Keeping   18916 out of   37001 clauses (51.12 %)  Time =     0.08 sec
reduceDB: Keeping   19292 out of   38001 clauses (50.77 %)  Time =     0.08 sec
reduceDB: Keeping   19828 out of   39000 clauses (50.84 %)  Time =     0.09 sec
reduceDB: Keeping   20459 out of   40000 clauses (51.15 %)  Time =     0.09 sec
reduceDB: Keeping   21215 out of   41001 clauses (51.74 %)  Time =     0.09 sec
reduceDB: Keeping   21770 out of   42000 clauses (51.83 %)  Time =     0.09 sec
reduceDB: Keeping   22142 out of   43001 clauses (51.49 %)  Time =     0.10 sec
reduceDB: Keeping   23446 out of   44001 clauses (53.29 %)  Time =     0.10 sec
reduceDB: Keeping   23755 out of   45000 clauses (52.79 %)  Time =     0.10 sec
reduceDB: Keeping   23842 out of   46000 clauses (51.83 %)  Time =     0.10 sec
reduceDB: Keeping   24049 out of   47000 clauses (51.17 %)  Time =     0.11 sec
reduceDB: Keeping   24442 out of   48001 clauses (50.92 %)  Time =     0.11 sec
reduceDB: Keeping   24890 out of   49000 clauses (50.80 %)  Time =     0.11 sec
reduceDB: Keeping   25609 out of   50001 clauses (51.22 %)  Time =     0.11 sec
reduceDB: Keeping   26028 out of   51003 clauses (51.03 %)  Time =     0.12 sec
reduceDB: Keeping   26577 out of   52002 clauses (51.11 %)  Time =     0.12 sec
reduceDB: Keeping   26841 out of   53000 clauses (50.64 %)  Time =     0.12 sec
reduceDB: Keeping   28237 out of   54000 clauses (52.29 %)  Time =     0.13 sec
reduceDB: Keeping   28120 out of   55000 clauses (51.13 %)  Time =     0.13 sec
reduceDB: Keeping   28337 out of   56000 clauses (50.60 %)  Time =     0.13 sec
reduceDB: Keeping   28970 out of   57002 clauses (50.82 %)  Time =     0.14 sec
reduceDB: Keeping   30002 out of   58002 clauses (51.73 %)  Time =     0.14 sec
reduceDB: Keeping   29980 out of   59000 clauses (50.81 %)  Time =     0.14 sec
reduceDB: Keeping   30351 out of   60001 clauses (50.58 %)  Time =     0.15 sec
reduceDB: Keeping   30584 out of   61001 clauses (50.14 %)  Time =     0.15 sec
reduceDB: Keeping   31057 out of   62000 clauses (50.09 %)  Time =     0.15 sec
reduceDB: Keeping   31779 out of   63000 clauses (50.44 %)  Time =     0.16 sec
reduceDB: Keeping   32615 out of   64001 clauses (50.96 %)  Time =     0.16 sec
reduceDB: Keeping   33102 out of   65000 clauses (50.93 %)  Time =     0.16 sec
reduceDB: Keeping   34073 out of   66000 clauses (51.63 %)  Time =     0.17 sec
reduceDB: Keeping   35361 out of   67000 clauses (52.78 %)  Time =     0.17 sec
reduceDB: Keeping   35468 out of   68000 clauses (52.16 %)  Time =     0.17 sec
reduceDB: Keeping   35182 out of   69000 clauses (50.99 %)  Time =     0.18 sec
reduceDB: Keeping   35589 out of   70000 clauses (50.84 %)  Time =     0.18 sec
reduceDB: Keeping   36001 out of   71000 clauses (50.71 %)  Time =     0.19 sec
reduceDB: Keeping   36361 out of   72001 clauses (50.50 %)  Time =     0.19 sec
reduceDB: Keeping   37152 out of   73000 clauses (50.89 %)  Time =     0.19 sec
reduceDB: Keeping   37709 out of   74000 clauses (50.96 %)  Time =     0.20 sec
reduceDB: Keeping   38174 out of   75001 clauses (50.90 %)  Time =     0.20 sec
reduceDB: Keeping   38435 out of   76000 clauses (50.57 %)  Time =     0.21 sec
reduceDB: Keeping   38765 out of   77000 clauses (50.34 %)  Time =     0.21 sec
reduceDB: Keeping   39105 out of   78001 clauses (50.13 %)  Time =     0.22 sec
reduceDB: Keeping   40011 out of   79001 clauses (50.65 %)  Time =     0.22 sec
reduceDB: Keeping   40181 out of   80000 clauses (50.23 %)  Time =     0.22 sec
reduceDB: Keeping   40643 out of   81000 clauses (50.18 %)  Time =     0.23 sec
reduceDB: Keeping   41137 out of   82001 clauses (50.17 %)  Time =     0.23 sec
reduceDB: Keeping   41584 out of   83001 clauses (50.10 %)  Time =     0.24 sec
reduceDB: Keeping   42144 out of   84000 clauses (50.17 %)  Time =     0.24 sec
reduceDB: Keeping   42534 out of   85001 clauses (50.04 %)  Time =     0.25 sec
reduceDB: Keeping   43580 out of   86001 clauses (50.67 %)  Time =     0.25 sec
reduceDB: Keeping   43622 out of   87000 clauses (50.14 %)  Time =     0.26 sec
reduceDB: Keeping   44150 out of   88000 clauses (50.17 %)  Time =     0.26 sec
reduceDB: Keeping   44600 out of   89000 clauses (50.11 %)  Time =     0.27 sec
reduceDB: Keeping   45120 out of   90000 clauses (50.13 %)  Time =     0.27 sec
reduceDB: Keeping   45183 out of   91001 clauses (49.65 %)  Time =     0.28 sec
reduceDB: Keeping   47101 out of   92003 clauses (51.20 %)  Time =     0.28 sec
reduceDB: Keeping   48235 out of   93001 clauses (51.87 %)  Time =     0.29 sec
reduceDB: Keeping   49219 out of   94000 clauses (52.36 %)  Time =     0.29 sec
reduceDB: Keeping   49561 out of   95001 clauses (52.17 %)  Time =     0.30 sec
reduceDB: Keeping   50561 out of   96000 clauses (52.67 %)  Time =     0.30 sec
reduceDB: Keeping   50993 out of   97000 clauses (52.57 %)  Time =     0.31 sec
reduceDB: Keeping   51683 out of   98000 clauses (52.74 %)  Time =     0.31 sec
reduceDB: Keeping   52989 out of   99001 clauses (53.52 %)  Time =     0.32 sec
reduceDB: Keeping   52604 out of  100000 clauses (52.60 %)  Time =     0.32 sec
reduceDB: Keeping   52875 out of  101001 clauses (52.35 %)  Time =     0.33 sec
reduceDB: Keeping   53868 out of  102003 clauses (52.81 %)  Time =     0.33 sec
reduceDB: Keeping   53721 out of  103001 clauses (52.16 %)  Time =     0.34 sec
reduceDB: Keeping   55275 out of  104002 clauses (53.15 %)  Time =     0.35 sec
reduceDB: Keeping   55670 out of  105000 clauses (53.02 %)  Time =     0.35 sec
reduceDB: Keeping   55843 out of  106000 clauses (52.68 %)  Time =     0.36 sec
reduceDB: Keeping   55680 out of  107000 clauses (52.04 %)  Time =     0.36 sec
reduceDB: Keeping   56800 out of  108000 clauses (52.59 %)  Time =     0.37 sec
reduceDB: Keeping   59315 out of  109001 clauses (54.42 %)  Time =     0.37 sec
reduceDB: Keeping   59864 out of  110000 clauses (54.42 %)  Time =     0.38 sec
reduceDB: Keeping   59670 out of  111001 clauses (53.76 %)  Time =     0.39 sec
reduceDB: Keeping   60467 out of  112002 clauses (53.99 %)  Time =     0.39 sec
reduceDB: Keeping   60156 out of  113001 clauses (53.23 %)  Time =     0.40 sec
reduceDB: Keeping   61561 out of  114001 clauses (54.00 %)  Time =     0.41 sec
reduceDB: Keeping   61395 out of  115000 clauses (53.39 %)  Time =     0.41 sec
reduceDB: Keeping   61767 out of  116001 clauses (53.25 %)  Time =     0.42 sec
reduceDB: Keeping   62303 out of  117000 clauses (53.25 %)  Time =     0.43 sec
reduceDB: Keeping   63996 out of  118000 clauses (54.23 %)  Time =     0.43 sec
reduceDB: Keeping   48718 out of  119002 clauses (40.94 %)  Time =     0.44 sec
reduceDB: Keeping   59843 out of  120001 clauses (49.87 %)  Time =     0.45 sec
reduceDB: Keeping   60757 out of  121000 clauses (50.21 %)  Time =     0.45 sec
reduceDB: Keeping   64379 out of  122001 clauses (52.77 %)  Time =     0.46 sec
starts        :             6403
conflicts     :          3692292
decisions     :          4267774
propagations  :       1276080966
Final SAT:        Nodes =   2411.  Time =   371.91 sec
Networks are equivalent.  Time =   389.56 sec
End Old Verify =   389.56 sec
