ABC command line: "&read replace_1492.aig; &cec -m -v".

label 1
label 3
Assuming the current network is a single-output miter.
label 6
Start EquivFixOutputPairs =     0.00 sec
End EquivFixOutputPairs =     0.00 sec
Start ManSatSweeping =     0.00 sec
Simulating 15 words for 15 rounds. SAT solving with 1000 conflicts.
nSimWords = 0
cst =    2436  cls =      0  lit =    2436  unused =     256  proof =     0
cst =       9  cls =     26  lit =      37  unused =    2629  proof =     0
cst =       3  cls =      7  lit =      12  unused =    2673  proof =     0
cst =       1  cls =      2  lit =       3  unused =    2687  proof =     0
cst =       0  cls =      1  lit =       1  unused =    2690  proof =     0
cst =       0  cls =      1  lit =       1  unused =    2690  proof =     0
cst =       0  cls =      1  lit =       1  unused =    2690  proof =     0
cst =       0  cls =      1  lit =       1  unused =    2690  proof =     0
cst =       0  cls =      1  lit =       1  unused =    2690  proof =     0
cst =       0  cls =      1  lit =       1  unused =    2690  proof =     0
  1 : P =      0. D =      0. F =     1. M =     838. And =    2436. Time =     0.04 sec
Increasing conflict limit to 10000.
The result is written into file "cec_giaSweep.aig".
Switching into reduced mode.
  2 : P =      0. D =      0. F =     1. M =     838. And =    2436. Time =     0.47 sec
Increasing conflict limit to 100000.
The result is written into file "cec_giaSweep.aig".
Switching into normal mode.
  3 : P =      0. D =      0. F =     1. M =       0. And =    2436. Time =     7.47 sec
Performed 3 SAT calls: P = 0  D = 0  F = 3
NBeg = 2436. NEnd = 2436. (Gain =   0.00 %).  RBeg = 0. REnd = 0. (Gain =   0.00 %).
Sim  =     0.00 sec (  0.00 %)
Sat  =     7.97 sec (  0.00 %)
Pat  =     0.00 sec (  0.00 %)
Time =     7.98 sec
End ManSatSweeping =     7.98 sec
Networks are UNDECIDED after the new CEC engine.  Time =     7.98 sec
Calling the old CEC engine.
Start Old Verify =     7.98 sec
Original miter:   Nodes =   2439.
label 27
Initial SAT:      Nodes =   2439.  Time =     0.03 sec
Rewriting:        Nodes =   2439.  Time =     0.04 sec
There are 0 XORs
Balance-X:        Nodes =   2714.  Time =     0.00 sec
Starting Fra_SmlSimulate......classes =     5.   Lits =     10.
Refined classes  after Pattern 0=     5.   Changes =    0.   Lits =     10.
Refined classes after pattern 1 =     5.   Changes =    0.   Lits =     10.
Refined classes  =     2.   Changes =    4.   Lits =      6.
Refined classes  =     1.   Changes =    2.   Lits =      4.
Refined classes  =     1.   Changes =    0.   Lits =      4.
start Fra_FraigSweep...
Fraiging (i=1):   Nodes =   2714.  Time =     0.00 sec
Rewriting:        Nodes =   2462.  Time =     0.01 sec
There are 0 XORs
Balance-X:        Nodes =   2712.  Time =     0.00 sec
Starting Fra_SmlSimulate......classes =     5.   Lits =     10.
Refined classes  after Pattern 0=     5.   Changes =    0.   Lits =     10.
Refined classes after pattern 1 =     5.   Changes =    0.   Lits =     10.
Refined classes  =     2.   Changes =    4.   Lits =      6.
Refined classes  =     1.   Changes =    2.   Lits =      4.
Refined classes  =     1.   Changes =    0.   Lits =      4.
start Fra_FraigSweep...
Fraiging (i=2):   Nodes =   2712.  Time =     0.00 sec
Rewriting:        Nodes =   2459.  Time =     0.01 sec
There are 0 XORs
Balance-X:        Nodes =   2712.  Time =     0.00 sec
Starting Fra_SmlSimulate......classes =     5.   Lits =     10.
Refined classes  after Pattern 0=     5.   Changes =    0.   Lits =     10.
Refined classes after pattern 1 =     5.   Changes =    0.   Lits =     10.
Refined classes  =     2.   Changes =    4.   Lits =      6.
Refined classes  =     1.   Changes =    2.   Lits =      4.
Refined classes  =     1.   Changes =    0.   Lits =      4.
start Fra_FraigSweep...
Fraiging (i=3):   Nodes =   2712.  Time =     0.01 sec
Rewriting:        Nodes =   2459.  Time =     0.01 sec
There are 0 XORs
Balance-X:        Nodes =   2712.  Time =     0.00 sec
Starting Fra_SmlSimulate......classes =     5.   Lits =     10.
Refined classes  after Pattern 0=     5.   Changes =    0.   Lits =     10.
Refined classes after pattern 1 =     5.   Changes =    0.   Lits =     10.
Refined classes  =     2.   Changes =    4.   Lits =      6.
Refined classes  =     1.   Changes =    2.   Lits =      4.
Refined classes  =     1.   Changes =    0.   Lits =      4.
start Fra_FraigSweep...
Fraiging (i=4):   Nodes =   2712.  Time =     0.07 sec
Rewriting:        Nodes =   2459.  Time =     0.01 sec
There are 0 XORs
Balance-X:        Nodes =   2712.  Time =     0.00 sec
Starting Fra_SmlSimulate......classes =     5.   Lits =     10.
Refined classes  after Pattern 0=     5.   Changes =    0.   Lits =     10.
Refined classes after pattern 1 =     5.   Changes =    0.   Lits =     10.
Refined classes  =     2.   Changes =    4.   Lits =      6.
Refined classes  =     1.   Changes =    2.   Lits =      4.
Refined classes  =     1.   Changes =    0.   Lits =      4.
start Fra_FraigSweep...
Fraiging (i=5):   Nodes =   2712.  Time =     0.82 sec
Rewriting:        Nodes =   2459.  Time =     0.01 sec
There are 0 XORs
Balance-X:        Nodes =   2712.  Time =     0.00 sec
Starting Fra_SmlSimulate......classes =     5.   Lits =     10.
Refined classes  after Pattern 0=     5.   Changes =    0.   Lits =     10.
Refined classes after pattern 1 =     5.   Changes =    0.   Lits =     10.
Refined classes  =     2.   Changes =    4.   Lits =      6.
Refined classes  =     1.   Changes =    2.   Lits =      4.
Refined classes  =     1.   Changes =    0.   Lits =      4.
start Fra_FraigSweep...
Fraiging (i=6):   Nodes =   2712.  Time =     9.93 sec
Rewriting:        Nodes =   2459.  Time =     0.02 sec
label 27
CNF stats: Vars =   1787. Clauses =    5556. Literals =    15029. Time =     0.00 sec
Running SAT solver with parameters 10000 and 1000 and 50.
reduceDB: Keeping    5019 out of   10000 clauses (50.19 %)  Time =     0.07 sec
reduceDB: Keeping    5509 out of   11001 clauses (50.08 %)  Time =     0.07 sec
reduceDB: Keeping    5999 out of   12001 clauses (49.99 %)  Time =     0.07 sec
reduceDB: Keeping    6539 out of   13000 clauses (50.30 %)  Time =     0.07 sec
reduceDB: Keeping    7018 out of   14001 clauses (50.12 %)  Time =     0.07 sec
reduceDB: Keeping    7525 out of   15000 clauses (50.17 %)  Time =     0.08 sec
reduceDB: Keeping    8034 out of   16001 clauses (50.21 %)  Time =     0.08 sec
reduceDB: Keeping    8502 out of   17000 clauses (50.01 %)  Time =     0.08 sec
reduceDB: Keeping    8979 out of   18001 clauses (49.88 %)  Time =     0.09 sec
reduceDB: Keeping    9534 out of   19000 clauses (50.18 %)  Time =     0.09 sec
reduceDB: Keeping   10023 out of   20000 clauses (50.12 %)  Time =     0.09 sec
reduceDB: Keeping   10715 out of   21001 clauses (51.02 %)  Time =     0.10 sec
reduceDB: Keeping   11213 out of   22001 clauses (50.97 %)  Time =     0.10 sec
reduceDB: Keeping   11637 out of   23003 clauses (50.59 %)  Time =     0.10 sec
reduceDB: Keeping   12204 out of   24000 clauses (50.85 %)  Time =     0.11 sec
reduceDB: Keeping   12661 out of   25001 clauses (50.64 %)  Time =     0.11 sec
reduceDB: Keeping   13014 out of   26000 clauses (50.05 %)  Time =     0.12 sec
reduceDB: Keeping   13568 out of   27001 clauses (50.25 %)  Time =     0.13 sec
reduceDB: Keeping   14035 out of   28000 clauses (50.12 %)  Time =     0.13 sec
reduceDB: Keeping   15036 out of   29001 clauses (51.85 %)  Time =     0.14 sec
reduceDB: Keeping   15622 out of   30001 clauses (52.07 %)  Time =     0.15 sec
reduceDB: Keeping   15975 out of   31000 clauses (51.53 %)  Time =     0.15 sec
reduceDB: Keeping   16606 out of   32001 clauses (51.89 %)  Time =     0.16 sec
reduceDB: Keeping   16982 out of   33001 clauses (51.46 %)  Time =     0.17 sec
reduceDB: Keeping   17413 out of   34000 clauses (51.21 %)  Time =     0.18 sec
reduceDB: Keeping   17789 out of   35001 clauses (50.82 %)  Time =     0.19 sec
reduceDB: Keeping   18361 out of   36000 clauses (51.00 %)  Time =     0.20 sec
reduceDB: Keeping   18633 out of   37001 clauses (50.36 %)  Time =     0.21 sec
reduceDB: Keeping   19278 out of   38001 clauses (50.73 %)  Time =     0.22 sec
reduceDB: Keeping   19705 out of   39000 clauses (50.53 %)  Time =     0.23 sec
reduceDB: Keeping   20233 out of   40001 clauses (50.58 %)  Time =     0.24 sec
reduceDB: Keeping   20538 out of   41001 clauses (50.09 %)  Time =     0.24 sec
reduceDB: Keeping   21049 out of   42001 clauses (50.12 %)  Time =     0.25 sec
reduceDB: Keeping   21736 out of   43000 clauses (50.55 %)  Time =     0.25 sec
reduceDB: Keeping   22332 out of   44001 clauses (50.75 %)  Time =     0.25 sec
reduceDB: Keeping   22551 out of   45001 clauses (50.11 %)  Time =     0.26 sec
reduceDB: Keeping   23080 out of   46001 clauses (50.17 %)  Time =     0.26 sec
reduceDB: Keeping   23514 out of   47002 clauses (50.03 %)  Time =     0.27 sec
reduceDB: Keeping   24090 out of   48004 clauses (50.18 %)  Time =     0.28 sec
reduceDB: Keeping   24545 out of   49001 clauses (50.09 %)  Time =     0.29 sec
reduceDB: Keeping   25048 out of   50000 clauses (50.10 %)  Time =     0.29 sec
reduceDB: Keeping   25568 out of   51001 clauses (50.13 %)  Time =     0.30 sec
reduceDB: Keeping   26070 out of   52000 clauses (50.13 %)  Time =     0.30 sec
reduceDB: Keeping   26455 out of   53001 clauses (49.91 %)  Time =     0.32 sec
reduceDB: Keeping   27043 out of   54000 clauses (50.08 %)  Time =     0.34 sec
reduceDB: Keeping   27584 out of   55000 clauses (50.15 %)  Time =     0.35 sec
reduceDB: Keeping   28008 out of   56001 clauses (50.01 %)  Time =     0.37 sec
reduceDB: Keeping   28209 out of   57000 clauses (49.49 %)  Time =     0.39 sec
reduceDB: Keeping   29074 out of   58000 clauses (50.13 %)  Time =     0.40 sec
reduceDB: Keeping   29565 out of   59001 clauses (50.11 %)  Time =     0.42 sec
reduceDB: Keeping   30095 out of   60000 clauses (50.16 %)  Time =     0.44 sec
reduceDB: Keeping   30555 out of   61000 clauses (50.09 %)  Time =     0.46 sec
reduceDB: Keeping   31036 out of   62001 clauses (50.06 %)  Time =     0.48 sec
reduceDB: Keeping   31545 out of   63000 clauses (50.07 %)  Time =     0.49 sec
reduceDB: Keeping   32067 out of   64000 clauses (50.10 %)  Time =     0.51 sec
reduceDB: Keeping   32453 out of   65002 clauses (49.93 %)  Time =     0.53 sec
reduceDB: Keeping   32977 out of   66000 clauses (49.97 %)  Time =     0.55 sec
reduceDB: Keeping   33591 out of   67001 clauses (50.14 %)  Time =     0.57 sec
reduceDB: Keeping   34107 out of   68001 clauses (50.16 %)  Time =     0.58 sec
reduceDB: Keeping   34479 out of   69002 clauses (49.97 %)  Time =     0.59 sec
reduceDB: Keeping   35074 out of   70000 clauses (50.11 %)  Time =     0.60 sec
reduceDB: Keeping   35509 out of   71002 clauses (50.01 %)  Time =     0.61 sec
reduceDB: Keeping   36077 out of   72000 clauses (50.11 %)  Time =     0.62 sec
reduceDB: Keeping   36494 out of   73001 clauses (49.99 %)  Time =     0.62 sec
reduceDB: Keeping   36729 out of   74003 clauses (49.63 %)  Time =     0.63 sec
reduceDB: Keeping   37610 out of   75001 clauses (50.15 %)  Time =     0.65 sec
reduceDB: Keeping   37986 out of   76000 clauses (49.98 %)  Time =     0.66 sec
reduceDB: Keeping   38377 out of   77000 clauses (49.84 %)  Time =     0.67 sec
reduceDB: Keeping   38687 out of   78000 clauses (49.60 %)  Time =     0.68 sec
reduceDB: Keeping   38285 out of   79000 clauses (48.46 %)  Time =     0.69 sec
reduceDB: Keeping   39296 out of   80000 clauses (49.12 %)  Time =     0.70 sec
reduceDB: Keeping   40475 out of   81001 clauses (49.97 %)  Time =     0.71 sec
reduceDB: Keeping   40325 out of   82001 clauses (49.18 %)  Time =     0.72 sec
reduceDB: Keeping   41458 out of   83001 clauses (49.95 %)  Time =     0.74 sec
reduceDB: Keeping   41966 out of   84001 clauses (49.96 %)  Time =     0.75 sec
reduceDB: Keeping   42594 out of   85000 clauses (50.11 %)  Time =     0.76 sec
reduceDB: Keeping   38584 out of   86001 clauses (44.86 %)  Time =     0.77 sec
reduceDB: Keeping   43431 out of   87003 clauses (49.92 %)  Time =     0.78 sec
reduceDB: Keeping   44133 out of   88000 clauses (50.15 %)  Time =     0.80 sec
reduceDB: Keeping   44256 out of   89000 clauses (49.73 %)  Time =     0.81 sec
reduceDB: Keeping   45092 out of   90000 clauses (50.10 %)  Time =     0.82 sec
reduceDB: Keeping   43910 out of   91003 clauses (48.25 %)  Time =     0.84 sec
reduceDB: Keeping   46110 out of   92000 clauses (50.12 %)  Time =     0.85 sec
reduceDB: Keeping   46316 out of   93003 clauses (49.80 %)  Time =     0.86 sec
reduceDB: Keeping   46540 out of   94001 clauses (49.51 %)  Time =     0.88 sec
reduceDB: Keeping   47718 out of   95002 clauses (50.23 %)  Time =     0.91 sec
reduceDB: Keeping   48017 out of   96000 clauses (50.02 %)  Time =     0.94 sec
reduceDB: Keeping   49003 out of   97000 clauses (50.52 %)  Time =     0.97 sec
reduceDB: Keeping   50790 out of   98001 clauses (51.83 %)  Time =     1.00 sec
reduceDB: Keeping   50480 out of   99001 clauses (50.99 %)  Time =     1.02 sec
reduceDB: Keeping   50382 out of  100002 clauses (50.38 %)  Time =     1.05 sec
reduceDB: Keeping   50399 out of  101000 clauses (49.90 %)  Time =     1.08 sec
reduceDB: Keeping   50945 out of  102001 clauses (49.95 %)  Time =     1.11 sec
reduceDB: Keeping   51535 out of  103000 clauses (50.03 %)  Time =     1.13 sec
reduceDB: Keeping   51943 out of  104000 clauses (49.95 %)  Time =     1.16 sec
reduceDB: Keeping   52633 out of  105000 clauses (50.13 %)  Time =     1.19 sec
reduceDB: Keeping   53193 out of  106000 clauses (50.18 %)  Time =     1.22 sec
reduceDB: Keeping   53585 out of  107000 clauses (50.08 %)  Time =     1.25 sec
reduceDB: Keeping   54466 out of  108000 clauses (50.43 %)  Time =     1.26 sec
reduceDB: Keeping   54985 out of  109001 clauses (50.44 %)  Time =     1.29 sec
reduceDB: Keeping   56032 out of  110002 clauses (50.94 %)  Time =     1.32 sec
reduceDB: Keeping   56596 out of  111000 clauses (50.99 %)  Time =     1.33 sec
reduceDB: Keeping   57125 out of  112001 clauses (51.00 %)  Time =     1.36 sec
reduceDB: Keeping   57614 out of  113001 clauses (50.99 %)  Time =     1.37 sec
reduceDB: Keeping   58384 out of  114003 clauses (51.21 %)  Time =     1.39 sec
reduceDB: Keeping   59622 out of  115001 clauses (51.84 %)  Time =     1.41 sec
reduceDB: Keeping   60642 out of  116002 clauses (52.28 %)  Time =     1.43 sec
reduceDB: Keeping   48055 out of  117000 clauses (41.07 %)  Time =     1.45 sec
reduceDB: Keeping   56418 out of  118000 clauses (47.81 %)  Time =     1.48 sec
reduceDB: Keeping   60488 out of  119002 clauses (50.83 %)  Time =     1.49 sec
starts        :             6300
conflicts     :          3641527
decisions     :          4146728
propagations  :       1330139442
Final SAT:        Nodes =   2459.  Time =   870.09 sec
Networks are equivalent.  Time =   889.07 sec
End Old Verify =   889.07 sec
