ABC command line: "&read replace_2124.aig; &cec -m -v".

label 1
label 3
Assuming the current network is a single-output miter.
label 6
Start EquivFixOutputPairs =     0.00 sec
End EquivFixOutputPairs =     0.00 sec
Start ManSatSweeping =     0.00 sec
Simulating 15 words for 15 rounds. SAT solving with 1000 conflicts.
nSimWords = 0
cst =    2083  cls =      0  lit =    2083  unused =     256  proof =     0
cst =       3  cls =      6  lit =       9  unused =    2324  proof =     0
cst =       2  cls =      4  lit =       6  unused =    2329  proof =     0
cst =       0  cls =      1  lit =       1  unused =    2337  proof =     0
cst =       0  cls =      1  lit =       1  unused =    2337  proof =     0
cst =       0  cls =      1  lit =       1  unused =    2337  proof =     0
cst =       0  cls =      1  lit =       1  unused =    2337  proof =     0
cst =       0  cls =      1  lit =       1  unused =    2337  proof =     0
cst =       0  cls =      1  lit =       1  unused =    2337  proof =     0
cst =       0  cls =      1  lit =       1  unused =    2337  proof =     0
  1 : P =      0. D =      0. F =     1. M =     692. And =    2083. Time =     0.02 sec
Increasing conflict limit to 10000.
The result is written into file "cec_giaSweep.aig".
Switching into reduced mode.
  2 : P =      0. D =      0. F =     1. M =     692. And =    2083. Time =     0.29 sec
Increasing conflict limit to 100000.
The result is written into file "cec_giaSweep.aig".
Switching into normal mode.
  3 : P =      0. D =      0. F =     1. M =       0. And =    2083. Time =     3.86 sec
Performed 3 SAT calls: P = 0  D = 0  F = 3
NBeg = 2083. NEnd = 2083. (Gain =   0.00 %).  RBeg = 0. REnd = 0. (Gain =   0.00 %).
Sim  =     0.00 sec (  0.00 %)
Sat  =     4.17 sec (  0.00 %)
Pat  =     0.00 sec (  0.00 %)
Time =     4.18 sec
End ManSatSweeping =     4.18 sec
Networks are UNDECIDED after the new CEC engine.  Time =     4.18 sec
Calling the old CEC engine.
Start Old Verify =     4.18 sec
Original miter:   Nodes =   2086.
label 27
Initial SAT:      Nodes =   2086.  Time =     0.02 sec
Rewriting:        Nodes =   2086.  Time =     0.02 sec
There are 0 XORs
Balance-X:        Nodes =   2352.  Time =     0.00 sec
Starting Fra_SmlSimulate......classes =     1.   Lits =      4.
Refined classes  after Pattern 0=     1.   Changes =    0.   Lits =      4.
Refined classes after pattern 1 =     1.   Changes =    0.   Lits =      4.
Refined classes  =     1.   Changes =    0.   Lits =      4.
start Fra_FraigSweep...
Fraiging (i=1):   Nodes =   2352.  Time =     0.00 sec
Rewriting:        Nodes =   2106.  Time =     0.01 sec
There are 0 XORs
Balance-X:        Nodes =   2350.  Time =     0.00 sec
Starting Fra_SmlSimulate......classes =     1.   Lits =      4.
Refined classes  after Pattern 0=     1.   Changes =    0.   Lits =      4.
Refined classes after pattern 1 =     1.   Changes =    0.   Lits =      4.
Refined classes  =     1.   Changes =    0.   Lits =      4.
start Fra_FraigSweep...
Fraiging (i=2):   Nodes =   2350.  Time =     0.00 sec
Rewriting:        Nodes =   2106.  Time =     0.01 sec
There are 0 XORs
Balance-X:        Nodes =   2349.  Time =     0.00 sec
Starting Fra_SmlSimulate......classes =     1.   Lits =      4.
Refined classes  after Pattern 0=     1.   Changes =    0.   Lits =      4.
Refined classes after pattern 1 =     1.   Changes =    0.   Lits =      4.
Refined classes  =     1.   Changes =    0.   Lits =      4.
start Fra_FraigSweep...
Fraiging (i=3):   Nodes =   2349.  Time =     0.01 sec
Rewriting:        Nodes =   2104.  Time =     0.01 sec
There are 0 XORs
Balance-X:        Nodes =   2349.  Time =     0.00 sec
Starting Fra_SmlSimulate......classes =     1.   Lits =      4.
Refined classes  after Pattern 0=     1.   Changes =    0.   Lits =      4.
Refined classes after pattern 1 =     1.   Changes =    0.   Lits =      4.
Refined classes  =     1.   Changes =    0.   Lits =      4.
start Fra_FraigSweep...
Fraiging (i=4):   Nodes =   2349.  Time =     0.08 sec
Rewriting:        Nodes =   2104.  Time =     0.01 sec
There are 0 XORs
Balance-X:        Nodes =   2349.  Time =     0.00 sec
Starting Fra_SmlSimulate......classes =     1.   Lits =      4.
Refined classes  after Pattern 0=     1.   Changes =    0.   Lits =      4.
Refined classes after pattern 1 =     1.   Changes =    0.   Lits =      4.
Refined classes  =     1.   Changes =    0.   Lits =      4.
start Fra_FraigSweep...
Fraiging (i=5):   Nodes =   2349.  Time =     1.00 sec
Rewriting:        Nodes =   2104.  Time =     0.01 sec
There are 0 XORs
Balance-X:        Nodes =   2349.  Time =     0.00 sec
Starting Fra_SmlSimulate......classes =     1.   Lits =      4.
Refined classes  after Pattern 0=     1.   Changes =    0.   Lits =      4.
Refined classes after pattern 1 =     1.   Changes =    0.   Lits =      4.
Refined classes  =     1.   Changes =    0.   Lits =      4.
start Fra_FraigSweep...
Fraiging (i=6):   Nodes =   2349.  Time =    11.54 sec
Rewriting:        Nodes =   2104.  Time =     0.01 sec
label 27
CNF stats: Vars =   1617. Clauses =    4845. Literals =    13063. Time =     0.00 sec
Running SAT solver with parameters 10000 and 1000 and 50.
reduceDB: Keeping    5029 out of   10000 clauses (50.29 %)  Time =     0.04 sec
reduceDB: Keeping    5513 out of   11002 clauses (50.11 %)  Time =     0.05 sec
reduceDB: Keeping    6013 out of   12001 clauses (50.10 %)  Time =     0.05 sec
reduceDB: Keeping    6530 out of   13000 clauses (50.23 %)  Time =     0.05 sec
reduceDB: Keeping    7010 out of   14000 clauses (50.07 %)  Time =     0.05 sec
reduceDB: Keeping    7525 out of   15000 clauses (50.17 %)  Time =     0.05 sec
reduceDB: Keeping    8026 out of   16002 clauses (50.16 %)  Time =     0.05 sec
reduceDB: Keeping    8501 out of   17002 clauses (50.00 %)  Time =     0.05 sec
reduceDB: Keeping    9089 out of   18000 clauses (50.49 %)  Time =     0.05 sec
reduceDB: Keeping    9766 out of   19000 clauses (51.40 %)  Time =     0.05 sec
reduceDB: Keeping   10356 out of   20001 clauses (51.78 %)  Time =     0.05 sec
reduceDB: Keeping   11161 out of   21001 clauses (53.15 %)  Time =     0.06 sec
reduceDB: Keeping   11562 out of   22001 clauses (52.55 %)  Time =     0.06 sec
reduceDB: Keeping   12072 out of   23000 clauses (52.49 %)  Time =     0.06 sec
reduceDB: Keeping   12769 out of   24000 clauses (53.20 %)  Time =     0.06 sec
reduceDB: Keeping   13341 out of   25000 clauses (53.36 %)  Time =     0.06 sec
reduceDB: Keeping   13871 out of   26000 clauses (53.35 %)  Time =     0.06 sec
reduceDB: Keeping   14237 out of   27001 clauses (52.73 %)  Time =     0.06 sec
reduceDB: Keeping   14864 out of   28001 clauses (53.08 %)  Time =     0.07 sec
reduceDB: Keeping   15333 out of   29000 clauses (52.87 %)  Time =     0.07 sec
reduceDB: Keeping   16118 out of   30001 clauses (53.72 %)  Time =     0.07 sec
reduceDB: Keeping   16828 out of   31002 clauses (54.28 %)  Time =     0.07 sec
reduceDB: Keeping   17030 out of   32000 clauses (53.22 %)  Time =     0.07 sec
reduceDB: Keeping   17168 out of   33000 clauses (52.02 %)  Time =     0.07 sec
reduceDB: Keeping   17516 out of   34001 clauses (51.52 %)  Time =     0.08 sec
reduceDB: Keeping   18073 out of   35002 clauses (51.63 %)  Time =     0.08 sec
reduceDB: Keeping   18619 out of   36000 clauses (51.72 %)  Time =     0.08 sec
reduceDB: Keeping   19314 out of   37002 clauses (52.20 %)  Time =     0.08 sec
reduceDB: Keeping   19371 out of   38000 clauses (50.98 %)  Time =     0.08 sec
reduceDB: Keeping   19758 out of   39000 clauses (50.66 %)  Time =     0.09 sec
reduceDB: Keeping   20413 out of   40000 clauses (51.03 %)  Time =     0.09 sec
reduceDB: Keeping   20696 out of   41000 clauses (50.48 %)  Time =     0.09 sec
reduceDB: Keeping   21205 out of   42000 clauses (50.49 %)  Time =     0.09 sec
reduceDB: Keeping   21526 out of   43001 clauses (50.06 %)  Time =     0.10 sec
reduceDB: Keeping   22104 out of   44000 clauses (50.24 %)  Time =     0.10 sec
reduceDB: Keeping   22651 out of   45000 clauses (50.34 %)  Time =     0.10 sec
reduceDB: Keeping   23066 out of   46000 clauses (50.14 %)  Time =     0.10 sec
reduceDB: Keeping   23483 out of   47001 clauses (49.96 %)  Time =     0.11 sec
reduceDB: Keeping   24044 out of   48000 clauses (50.09 %)  Time =     0.11 sec
reduceDB: Keeping   24553 out of   49002 clauses (50.11 %)  Time =     0.11 sec
reduceDB: Keeping   25062 out of   50001 clauses (50.12 %)  Time =     0.11 sec
reduceDB: Keeping   25577 out of   51003 clauses (50.15 %)  Time =     0.12 sec
reduceDB: Keeping   26049 out of   52001 clauses (50.09 %)  Time =     0.12 sec
reduceDB: Keeping   26481 out of   53001 clauses (49.96 %)  Time =     0.12 sec
reduceDB: Keeping   27045 out of   54000 clauses (50.08 %)  Time =     0.13 sec
reduceDB: Keeping   27597 out of   55002 clauses (50.17 %)  Time =     0.13 sec
reduceDB: Keeping   27984 out of   56000 clauses (49.97 %)  Time =     0.13 sec
reduceDB: Keeping   28581 out of   57003 clauses (50.14 %)  Time =     0.14 sec
reduceDB: Keeping   29049 out of   58000 clauses (50.08 %)  Time =     0.14 sec
reduceDB: Keeping   29593 out of   59001 clauses (50.16 %)  Time =     0.14 sec
reduceDB: Keeping   30081 out of   60001 clauses (50.13 %)  Time =     0.15 sec
reduceDB: Keeping   30569 out of   61001 clauses (50.11 %)  Time =     0.15 sec
reduceDB: Keeping   31060 out of   62000 clauses (50.10 %)  Time =     0.15 sec
reduceDB: Keeping   31581 out of   63002 clauses (50.13 %)  Time =     0.16 sec
reduceDB: Keeping   32526 out of   64003 clauses (50.82 %)  Time =     0.16 sec
reduceDB: Keeping   33465 out of   65000 clauses (51.48 %)  Time =     0.16 sec
reduceDB: Keeping   34308 out of   66000 clauses (51.98 %)  Time =     0.17 sec
reduceDB: Keeping   34540 out of   67000 clauses (51.55 %)  Time =     0.17 sec
reduceDB: Keeping   34507 out of   68000 clauses (50.75 %)  Time =     0.17 sec
reduceDB: Keeping   34671 out of   69002 clauses (50.25 %)  Time =     0.18 sec
reduceDB: Keeping   35109 out of   70001 clauses (50.15 %)  Time =     0.18 sec
reduceDB: Keeping   35351 out of   71000 clauses (49.79 %)  Time =     0.19 sec
reduceDB: Keeping   36117 out of   72000 clauses (50.16 %)  Time =     0.19 sec
reduceDB: Keeping   36421 out of   73000 clauses (49.89 %)  Time =     0.19 sec
reduceDB: Keeping   37105 out of   74001 clauses (50.14 %)  Time =     0.20 sec
reduceDB: Keeping   37604 out of   75001 clauses (50.14 %)  Time =     0.20 sec
reduceDB: Keeping   37981 out of   76000 clauses (49.98 %)  Time =     0.21 sec
reduceDB: Keeping   38075 out of   77000 clauses (49.45 %)  Time =     0.21 sec
reduceDB: Keeping   39115 out of   78000 clauses (50.15 %)  Time =     0.21 sec
reduceDB: Keeping   39584 out of   79001 clauses (50.11 %)  Time =     0.22 sec
reduceDB: Keeping   40078 out of   80001 clauses (50.10 %)  Time =     0.22 sec
reduceDB: Keeping   40617 out of   81001 clauses (50.14 %)  Time =     0.23 sec
reduceDB: Keeping   41131 out of   82002 clauses (50.16 %)  Time =     0.23 sec
reduceDB: Keeping   41580 out of   83001 clauses (50.10 %)  Time =     0.24 sec
reduceDB: Keeping   42098 out of   84000 clauses (50.12 %)  Time =     0.24 sec
reduceDB: Keeping   41921 out of   85002 clauses (49.32 %)  Time =     0.25 sec
reduceDB: Keeping   42921 out of   86003 clauses (49.91 %)  Time =     0.25 sec
reduceDB: Keeping   43594 out of   87001 clauses (50.11 %)  Time =     0.26 sec
reduceDB: Keeping   42139 out of   88002 clauses (47.88 %)  Time =     0.26 sec
reduceDB: Keeping   44499 out of   89001 clauses (50.00 %)  Time =     0.27 sec
reduceDB: Keeping   42243 out of   90000 clauses (46.94 %)  Time =     0.27 sec
reduceDB: Keeping   45592 out of   91000 clauses (50.10 %)  Time =     0.27 sec
reduceDB: Keeping   45806 out of   92000 clauses (49.79 %)  Time =     0.28 sec
reduceDB: Keeping   46586 out of   93000 clauses (50.09 %)  Time =     0.28 sec
reduceDB: Keeping   46898 out of   94000 clauses (49.89 %)  Time =     0.29 sec
reduceDB: Keeping   46225 out of   95001 clauses (48.66 %)  Time =     0.29 sec
reduceDB: Keeping   48072 out of   96002 clauses (50.07 %)  Time =     0.30 sec
reduceDB: Keeping   48770 out of   97000 clauses (50.28 %)  Time =     0.30 sec
reduceDB: Keeping   49309 out of   98000 clauses (50.32 %)  Time =     0.31 sec
reduceDB: Keeping   49544 out of   99000 clauses (50.04 %)  Time =     0.32 sec
reduceDB: Keeping   50013 out of  100002 clauses (50.01 %)  Time =     0.32 sec
reduceDB: Keeping   50295 out of  101003 clauses (49.80 %)  Time =     0.33 sec
reduceDB: Keeping   50975 out of  102002 clauses (49.97 %)  Time =     0.33 sec
reduceDB: Keeping   51308 out of  103001 clauses (49.81 %)  Time =     0.34 sec
reduceDB: Keeping   51956 out of  104003 clauses (49.96 %)  Time =     0.34 sec
reduceDB: Keeping   52466 out of  105000 clauses (49.97 %)  Time =     0.35 sec
reduceDB: Keeping   53143 out of  106000 clauses (50.13 %)  Time =     0.35 sec
reduceDB: Keeping   51219 out of  107002 clauses (47.87 %)  Time =     0.36 sec
reduceDB: Keeping   53970 out of  108001 clauses (49.97 %)  Time =     0.37 sec
reduceDB: Keeping   54621 out of  109000 clauses (50.11 %)  Time =     0.37 sec
reduceDB: Keeping   54734 out of  110000 clauses (49.76 %)  Time =     0.38 sec
reduceDB: Keeping   55678 out of  111000 clauses (50.16 %)  Time =     0.38 sec
reduceDB: Keeping   54209 out of  112000 clauses (48.40 %)  Time =     0.39 sec
reduceDB: Keeping   52747 out of  113000 clauses (46.68 %)  Time =     0.40 sec
reduceDB: Keeping   57120 out of  114001 clauses (50.10 %)  Time =     0.40 sec
reduceDB: Keeping   57422 out of  115002 clauses (49.93 %)  Time =     0.41 sec
reduceDB: Keeping   57051 out of  116000 clauses (49.18 %)  Time =     0.41 sec
reduceDB: Keeping   56632 out of  117001 clauses (48.40 %)  Time =     0.42 sec
reduceDB: Keeping   58044 out of  118002 clauses (49.19 %)  Time =     0.43 sec
reduceDB: Keeping   59673 out of  119000 clauses (50.15 %)  Time =     0.43 sec
reduceDB: Keeping   60144 out of  120001 clauses (50.12 %)  Time =     0.44 sec
reduceDB: Keeping   60639 out of  121000 clauses (50.11 %)  Time =     0.45 sec
reduceDB: Keeping   60940 out of  122000 clauses (49.95 %)  Time =     0.45 sec
reduceDB: Keeping   61484 out of  123001 clauses (49.99 %)  Time =     0.46 sec
reduceDB: Keeping   62128 out of  124001 clauses (50.10 %)  Time =     0.47 sec
reduceDB: Keeping   58658 out of  125000 clauses (46.93 %)  Time =     0.47 sec
reduceDB: Keeping   63013 out of  126001 clauses (50.01 %)  Time =     0.48 sec
reduceDB: Keeping   63642 out of  127002 clauses (50.11 %)  Time =     0.49 sec
reduceDB: Keeping   64146 out of  128000 clauses (50.11 %)  Time =     0.49 sec
reduceDB: Keeping   64060 out of  129002 clauses (49.66 %)  Time =     0.50 sec
reduceDB: Keeping   64966 out of  130001 clauses (49.97 %)  Time =     0.51 sec
reduceDB: Keeping   63413 out of  131000 clauses (48.41 %)  Time =     0.51 sec
reduceDB: Keeping   66103 out of  132000 clauses (50.08 %)  Time =     0.52 sec
reduceDB: Keeping   65776 out of  133002 clauses (49.45 %)  Time =     0.53 sec
reduceDB: Keeping   67138 out of  134001 clauses (50.10 %)  Time =     0.54 sec
reduceDB: Keeping   68926 out of  135001 clauses (51.06 %)  Time =     0.54 sec
reduceDB: Keeping   71256 out of  136000 clauses (52.39 %)  Time =     0.55 sec
reduceDB: Keeping   54047 out of  137000 clauses (39.45 %)  Time =     0.56 sec
reduceDB: Keeping   68928 out of  138001 clauses (49.95 %)  Time =     0.57 sec
reduceDB: Keeping   75140 out of  139001 clauses (54.06 %)  Time =     0.57 sec
starts        :             8191
conflicts     :          4934286
decisions     :          5593559
propagations  :       1583592134
Final SAT:        Nodes =   2104.  Time =   546.99 sec
Networks are equivalent.  Time =   563.89 sec
End Old Verify =   563.89 sec
