ABC command line: "&read replace_2172.aig; &cec -m -v".

label 1
label 3
Assuming the current network is a single-output miter.
label 6
Start EquivFixOutputPairs =     0.00 sec
End EquivFixOutputPairs =     0.00 sec
Start ManSatSweeping =     0.00 sec
Simulating 15 words for 15 rounds. SAT solving with 1000 conflicts.
nSimWords = 0
cst =    3310  cls =      0  lit =    3310  unused =     256  proof =     0
cst =      64  cls =    108  lit =     213  unused =    3245  proof =     0
cst =       9  cls =     36  lit =      51  unused =    3479  proof =     0
cst =       0  cls =      9  lit =       9  unused =    3548  proof =     0
cst =       0  cls =      2  lit =       2  unused =    3562  proof =     0
cst =       0  cls =      2  lit =       2  unused =    3562  proof =     0
cst =       0  cls =      1  lit =       1  unused =    3564  proof =     0
cst =       0  cls =      1  lit =       1  unused =    3564  proof =     0
cst =       0  cls =      1  lit =       1  unused =    3564  proof =     0
cst =       0  cls =      1  lit =       1  unused =    3564  proof =     0
  1 : P =      0. D =      0. F =     1. M =    1400. And =    3310. Time =     0.03 sec
Increasing conflict limit to 10000.
The result is written into file "cec_giaSweep.aig".
Switching into reduced mode.
  2 : P =      0. D =      0. F =     1. M =    1400. And =    3310. Time =     0.35 sec
Increasing conflict limit to 100000.
The result is written into file "cec_giaSweep.aig".
Switching into normal mode.
  3 : P =      0. D =      0. F =     1. M =       0. And =    3310. Time =     4.45 sec
Performed 3 SAT calls: P = 0  D = 0  F = 3
NBeg = 3310. NEnd = 3310. (Gain =   0.00 %).  RBeg = 0. REnd = 0. (Gain =   0.00 %).
Sim  =     0.00 sec (  0.00 %)
Sat  =     4.82 sec (  0.00 %)
Pat  =     0.00 sec (  0.00 %)
Time =     4.83 sec
End ManSatSweeping =     4.83 sec
Networks are UNDECIDED after the new CEC engine.  Time =     4.83 sec
Calling the old CEC engine.
Start Old Verify =     4.83 sec
Original miter:   Nodes =   3313.
label 27
Initial SAT:      Nodes =   3313.  Time =     0.02 sec
Rewriting:        Nodes =   3310.  Time =     0.03 sec
There are 0 XORs
Balance-X:        Nodes =   3581.  Time =     0.00 sec
Starting Fra_SmlSimulate......classes =    17.   Lits =     24.
Refined classes  after Pattern 0=    17.   Changes =    0.   Lits =     24.
Refined classes after pattern 1 =    17.   Changes =    0.   Lits =     24.
Refined classes  =     6.   Changes =   15.   Lits =      9.
Refined classes  =     4.   Changes =    2.   Lits =      7.
Refined classes  =     3.   Changes =    1.   Lits =      6.
Refined classes  =     3.   Changes =    0.   Lits =      6.
start Fra_FraigSweep...
Fraiging (i=1):   Nodes =   3579.  Time =     0.00 sec
Rewriting:        Nodes =   3332.  Time =     0.01 sec
There are 0 XORs
Balance-X:        Nodes =   3576.  Time =     0.00 sec
Starting Fra_SmlSimulate......classes =    16.   Lits =     22.
Refined classes  after Pattern 0=    16.   Changes =    0.   Lits =     22.
Refined classes after pattern 1 =    16.   Changes =    0.   Lits =     22.
Refined classes  =     4.   Changes =   15.   Lits =      7.
Refined classes  =     3.   Changes =    1.   Lits =      6.
Refined classes  =     2.   Changes =    1.   Lits =      5.
Refined classes  =     2.   Changes =    0.   Lits =      5.
start Fra_FraigSweep...
Fraiging (i=2):   Nodes =   3575.  Time =     0.00 sec
Rewriting:        Nodes =   3330.  Time =     0.01 sec
There are 0 XORs
Balance-X:        Nodes =   3575.  Time =     0.00 sec
Starting Fra_SmlSimulate......classes =    15.   Lits =     22.
Refined classes  after Pattern 0=    15.   Changes =    0.   Lits =     22.
Refined classes after pattern 1 =    15.   Changes =    0.   Lits =     22.
Refined classes  =     4.   Changes =   15.   Lits =      7.
Refined classes  =     2.   Changes =    2.   Lits =      5.
Refined classes  =     1.   Changes =    1.   Lits =      4.
Refined classes  =     1.   Changes =    0.   Lits =      4.
start Fra_FraigSweep...
Fraiging (i=3):   Nodes =   3575.  Time =     0.01 sec
Rewriting:        Nodes =   3330.  Time =     0.01 sec
There are 0 XORs
Balance-X:        Nodes =   3575.  Time =     0.00 sec
Starting Fra_SmlSimulate......classes =    15.   Lits =     21.
Refined classes  after Pattern 0=    15.   Changes =    0.   Lits =     21.
Refined classes after pattern 1 =    15.   Changes =    0.   Lits =     21.
Refined classes  =     3.   Changes =   15.   Lits =      6.
Refined classes  =     2.   Changes =    1.   Lits =      5.
Refined classes  =     1.   Changes =    1.   Lits =      4.
Refined classes  =     1.   Changes =    0.   Lits =      4.
start Fra_FraigSweep...
Fraiging (i=4):   Nodes =   3575.  Time =     0.07 sec
Rewriting:        Nodes =   3330.  Time =     0.01 sec
There are 0 XORs
Balance-X:        Nodes =   3575.  Time =     0.00 sec
Starting Fra_SmlSimulate......classes =    15.   Lits =     22.
Refined classes  after Pattern 0=    15.   Changes =    0.   Lits =     22.
Refined classes after pattern 1 =    15.   Changes =    0.   Lits =     22.
Refined classes  =     4.   Changes =   15.   Lits =      7.
Refined classes  =     2.   Changes =    2.   Lits =      5.
Refined classes  =     1.   Changes =    1.   Lits =      4.
Refined classes  =     1.   Changes =    0.   Lits =      4.
start Fra_FraigSweep...
Fraiging (i=5):   Nodes =   3575.  Time =     0.66 sec
Rewriting:        Nodes =   3330.  Time =     0.01 sec
There are 0 XORs
Balance-X:        Nodes =   3575.  Time =     0.00 sec
Starting Fra_SmlSimulate......classes =    15.   Lits =     21.
Refined classes  after Pattern 0=    15.   Changes =    0.   Lits =     21.
Refined classes after pattern 1 =    15.   Changes =    0.   Lits =     21.
Refined classes  =     3.   Changes =   15.   Lits =      6.
Refined classes  =     2.   Changes =    1.   Lits =      5.
Refined classes  =     1.   Changes =    1.   Lits =      4.
Refined classes  =     1.   Changes =    0.   Lits =      4.
start Fra_FraigSweep...
Fraiging (i=6):   Nodes =   3575.  Time =     6.22 sec
Rewriting:        Nodes =   3330.  Time =     0.01 sec
label 27
CNF stats: Vars =   2215. Clauses =    7343. Literals =    19857. Time =     0.00 sec
Running SAT solver with parameters 10000 and 1000 and 50.
reduceDB: Keeping    5024 out of   10003 clauses (50.22 %)  Time =     0.03 sec
reduceDB: Keeping    5514 out of   11002 clauses (50.12 %)  Time =     0.03 sec
reduceDB: Keeping    6012 out of   12000 clauses (50.10 %)  Time =     0.03 sec
reduceDB: Keeping    6524 out of   13001 clauses (50.18 %)  Time =     0.03 sec
reduceDB: Keeping    7018 out of   14001 clauses (50.12 %)  Time =     0.03 sec
reduceDB: Keeping    7526 out of   15001 clauses (50.17 %)  Time =     0.03 sec
reduceDB: Keeping    8020 out of   16000 clauses (50.12 %)  Time =     0.03 sec
reduceDB: Keeping    8492 out of   17002 clauses (49.95 %)  Time =     0.03 sec
reduceDB: Keeping    9024 out of   18003 clauses (50.12 %)  Time =     0.04 sec
reduceDB: Keeping    9525 out of   19001 clauses (50.13 %)  Time =     0.04 sec
reduceDB: Keeping   10048 out of   20000 clauses (50.24 %)  Time =     0.04 sec
reduceDB: Keeping   11009 out of   21001 clauses (52.42 %)  Time =     0.04 sec
reduceDB: Keeping   11199 out of   22001 clauses (50.90 %)  Time =     0.04 sec
reduceDB: Keeping   11807 out of   23000 clauses (51.33 %)  Time =     0.04 sec
reduceDB: Keeping   12030 out of   24002 clauses (50.12 %)  Time =     0.04 sec
reduceDB: Keeping   12760 out of   25001 clauses (51.04 %)  Time =     0.04 sec
reduceDB: Keeping   13228 out of   26002 clauses (50.87 %)  Time =     0.05 sec
reduceDB: Keeping   13573 out of   27000 clauses (50.27 %)  Time =     0.05 sec
reduceDB: Keeping   14340 out of   28000 clauses (51.21 %)  Time =     0.05 sec
reduceDB: Keeping   15034 out of   29000 clauses (51.84 %)  Time =     0.05 sec
reduceDB: Keeping   16119 out of   30002 clauses (53.73 %)  Time =     0.05 sec
reduceDB: Keeping   16630 out of   31000 clauses (53.65 %)  Time =     0.05 sec
reduceDB: Keeping   17162 out of   32000 clauses (53.63 %)  Time =     0.06 sec
reduceDB: Keeping   17551 out of   33000 clauses (53.18 %)  Time =     0.06 sec
reduceDB: Keeping   17962 out of   34000 clauses (52.83 %)  Time =     0.06 sec
reduceDB: Keeping   18354 out of   35000 clauses (52.44 %)  Time =     0.06 sec
reduceDB: Keeping   18988 out of   36003 clauses (52.74 %)  Time =     0.06 sec
reduceDB: Keeping   19735 out of   37003 clauses (53.33 %)  Time =     0.07 sec
reduceDB: Keeping   19920 out of   38001 clauses (52.42 %)  Time =     0.07 sec
reduceDB: Keeping   20472 out of   39002 clauses (52.49 %)  Time =     0.07 sec
reduceDB: Keeping   20839 out of   40003 clauses (52.09 %)  Time =     0.07 sec
reduceDB: Keeping   21183 out of   41001 clauses (51.66 %)  Time =     0.08 sec
reduceDB: Keeping   21967 out of   42001 clauses (52.30 %)  Time =     0.08 sec
reduceDB: Keeping   22701 out of   43002 clauses (52.79 %)  Time =     0.08 sec
reduceDB: Keeping   23153 out of   44001 clauses (52.62 %)  Time =     0.08 sec
reduceDB: Keeping   23751 out of   45001 clauses (52.78 %)  Time =     0.09 sec
reduceDB: Keeping   24025 out of   46000 clauses (52.23 %)  Time =     0.09 sec
reduceDB: Keeping   24426 out of   47002 clauses (51.97 %)  Time =     0.09 sec
reduceDB: Keeping   24841 out of   48000 clauses (51.75 %)  Time =     0.09 sec
reduceDB: Keeping   25150 out of   49000 clauses (51.33 %)  Time =     0.10 sec
reduceDB: Keeping   25935 out of   50000 clauses (51.87 %)  Time =     0.10 sec
reduceDB: Keeping   26107 out of   51002 clauses (51.19 %)  Time =     0.10 sec
reduceDB: Keeping   26600 out of   52001 clauses (51.15 %)  Time =     0.10 sec
reduceDB: Keeping   26894 out of   53000 clauses (50.74 %)  Time =     0.11 sec
reduceDB: Keeping   27877 out of   54000 clauses (51.62 %)  Time =     0.11 sec
reduceDB: Keeping   28354 out of   55001 clauses (51.55 %)  Time =     0.11 sec
reduceDB: Keeping   28657 out of   56002 clauses (51.17 %)  Time =     0.12 sec
reduceDB: Keeping   28896 out of   57001 clauses (50.69 %)  Time =     0.12 sec
reduceDB: Keeping   29577 out of   58001 clauses (50.99 %)  Time =     0.12 sec
reduceDB: Keeping   30055 out of   59001 clauses (50.94 %)  Time =     0.13 sec
reduceDB: Keeping   30789 out of   60000 clauses (51.31 %)  Time =     0.13 sec
reduceDB: Keeping   30938 out of   61002 clauses (50.72 %)  Time =     0.13 sec
reduceDB: Keeping   32111 out of   62000 clauses (51.79 %)  Time =     0.14 sec
reduceDB: Keeping   32983 out of   63003 clauses (52.35 %)  Time =     0.14 sec
reduceDB: Keeping   34271 out of   64001 clauses (53.55 %)  Time =     0.14 sec
reduceDB: Keeping   27681 out of   65000 clauses (42.59 %)  Time =     0.15 sec
reduceDB: Keeping   33077 out of   66000 clauses (50.12 %)  Time =     0.15 sec
reduceDB: Keeping   33402 out of   67002 clauses (49.85 %)  Time =     0.16 sec
reduceDB: Keeping   34099 out of   68000 clauses (50.15 %)  Time =     0.16 sec
reduceDB: Keeping   34605 out of   69001 clauses (50.15 %)  Time =     0.16 sec
reduceDB: Keeping   34964 out of   70000 clauses (49.95 %)  Time =     0.17 sec
reduceDB: Keeping   35614 out of   71001 clauses (50.16 %)  Time =     0.17 sec
reduceDB: Keeping   35991 out of   72001 clauses (49.99 %)  Time =     0.18 sec
reduceDB: Keeping   36580 out of   73001 clauses (50.11 %)  Time =     0.18 sec
reduceDB: Keeping   36989 out of   74001 clauses (49.98 %)  Time =     0.18 sec
reduceDB: Keeping   37291 out of   75001 clauses (49.72 %)  Time =     0.19 sec
reduceDB: Keeping   38084 out of   76001 clauses (50.11 %)  Time =     0.19 sec
reduceDB: Keeping   38618 out of   77000 clauses (50.15 %)  Time =     0.20 sec
reduceDB: Keeping   38972 out of   78000 clauses (49.96 %)  Time =     0.20 sec
reduceDB: Keeping   39469 out of   79001 clauses (49.96 %)  Time =     0.20 sec
reduceDB: Keeping   40099 out of   80001 clauses (50.12 %)  Time =     0.21 sec
reduceDB: Keeping   40539 out of   81000 clauses (50.05 %)  Time =     0.21 sec
reduceDB: Keeping   40992 out of   82001 clauses (49.99 %)  Time =     0.22 sec
reduceDB: Keeping   41476 out of   83000 clauses (49.97 %)  Time =     0.22 sec
reduceDB: Keeping   42134 out of   84000 clauses (50.16 %)  Time =     0.23 sec
reduceDB: Keeping   42603 out of   85000 clauses (50.12 %)  Time =     0.23 sec
reduceDB: Keeping   41485 out of   86002 clauses (48.24 %)  Time =     0.24 sec
reduceDB: Keeping   43445 out of   87002 clauses (49.94 %)  Time =     0.24 sec
reduceDB: Keeping   44142 out of   88002 clauses (50.16 %)  Time =     0.25 sec
reduceDB: Keeping   43334 out of   89000 clauses (48.69 %)  Time =     0.25 sec
reduceDB: Keeping   44980 out of   90002 clauses (49.98 %)  Time =     0.26 sec
reduceDB: Keeping   42663 out of   91000 clauses (46.88 %)  Time =     0.26 sec
reduceDB: Keeping   46077 out of   92000 clauses (50.08 %)  Time =     0.27 sec
reduceDB: Keeping   46132 out of   93000 clauses (49.60 %)  Time =     0.27 sec
reduceDB: Keeping   47115 out of   94001 clauses (50.12 %)  Time =     0.28 sec
reduceDB: Keeping   47608 out of   95000 clauses (50.11 %)  Time =     0.28 sec
reduceDB: Keeping   48270 out of   96001 clauses (50.28 %)  Time =     0.29 sec
reduceDB: Keeping   49107 out of   97000 clauses (50.63 %)  Time =     0.29 sec
reduceDB: Keeping   50095 out of   98000 clauses (51.12 %)  Time =     0.30 sec
reduceDB: Keeping   50323 out of   99000 clauses (50.83 %)  Time =     0.30 sec
reduceDB: Keeping   51165 out of  100004 clauses (51.16 %)  Time =     0.31 sec
reduceDB: Keeping   51043 out of  101001 clauses (50.54 %)  Time =     0.31 sec
reduceDB: Keeping   51640 out of  102001 clauses (50.63 %)  Time =     0.32 sec
reduceDB: Keeping   52654 out of  103000 clauses (51.12 %)  Time =     0.32 sec
reduceDB: Keeping   52412 out of  104000 clauses (50.40 %)  Time =     0.33 sec
reduceDB: Keeping   52461 out of  105000 clauses (49.96 %)  Time =     0.33 sec
reduceDB: Keeping   53110 out of  106002 clauses (50.10 %)  Time =     0.34 sec
reduceDB: Keeping   53614 out of  107002 clauses (50.11 %)  Time =     0.35 sec
reduceDB: Keeping   54802 out of  108000 clauses (50.74 %)  Time =     0.35 sec
reduceDB: Keeping   55660 out of  109000 clauses (51.06 %)  Time =     0.36 sec
reduceDB: Keeping   56617 out of  110000 clauses (51.47 %)  Time =     0.36 sec
reduceDB: Keeping   56063 out of  111000 clauses (50.51 %)  Time =     0.37 sec
reduceDB: Keeping   56056 out of  112001 clauses (50.05 %)  Time =     0.38 sec
reduceDB: Keeping   57213 out of  113001 clauses (50.63 %)  Time =     0.38 sec
reduceDB: Keeping   57081 out of  114002 clauses (50.07 %)  Time =     0.39 sec
reduceDB: Keeping   58222 out of  115003 clauses (50.63 %)  Time =     0.39 sec
reduceDB: Keeping   58470 out of  116000 clauses (50.41 %)  Time =     0.40 sec
reduceDB: Keeping   59519 out of  117000 clauses (50.87 %)  Time =     0.41 sec
reduceDB: Keeping   62342 out of  118001 clauses (52.83 %)  Time =     0.41 sec
reduceDB: Keeping   64727 out of  119000 clauses (54.39 %)  Time =     0.42 sec
reduceDB: Keeping   65623 out of  120001 clauses (54.69 %)  Time =     0.43 sec
reduceDB: Keeping   65782 out of  121001 clauses (54.36 %)  Time =     0.43 sec
reduceDB: Keeping   66479 out of  122000 clauses (54.49 %)  Time =     0.44 sec
reduceDB: Keeping   66881 out of  123000 clauses (54.37 %)  Time =     0.44 sec
reduceDB: Keeping   67826 out of  124000 clauses (54.70 %)  Time =     0.45 sec
reduceDB: Keeping   68165 out of  125000 clauses (54.53 %)  Time =     0.46 sec
reduceDB: Keeping   51476 out of  126000 clauses (40.85 %)  Time =     0.47 sec
starts        :             7110
conflicts     :          3988095
decisions     :          4612804
propagations  :       1753326660
Final SAT:        Nodes =   3330.  Time =   435.91 sec
Networks are equivalent.  Time =   447.82 sec
End Old Verify =   447.82 sec
