ABC command line: "&read replace_1394.aig; &cec -m -v".

label 1
label 3
Assuming the current network is a single-output miter.
label 6
Start EquivFixOutputPairs =     0.00 sec
End EquivFixOutputPairs =     0.00 sec
Start ManSatSweeping =     0.00 sec
Simulating 15 words for 15 rounds. SAT solving with 1000 conflicts.
nSimWords = 0
cst =    2458  cls =      0  lit =    2458  unused =     256  proof =     0
cst =       3  cls =     15  lit =      20  unused =    2679  proof =     0
cst =       3  cls =      6  lit =      10  unused =    2698  proof =     0
cst =       0  cls =      2  lit =       2  unused =    2710  proof =     0
cst =       0  cls =      2  lit =       2  unused =    2710  proof =     0
cst =       0  cls =      2  lit =       2  unused =    2710  proof =     0
cst =       0  cls =      2  lit =       2  unused =    2710  proof =     0
cst =       0  cls =      1  lit =       1  unused =    2712  proof =     0
cst =       0  cls =      1  lit =       1  unused =    2712  proof =     0
cst =       0  cls =      1  lit =       1  unused =    2712  proof =     0
  1 : P =      0. D =      0. F =     1. M =     844. And =    2458. Time =     0.03 sec
Increasing conflict limit to 10000.
The result is written into file "cec_giaSweep.aig".
Switching into reduced mode.
  2 : P =      0. D =      0. F =     1. M =     844. And =    2458. Time =     0.31 sec
Increasing conflict limit to 100000.
The result is written into file "cec_giaSweep.aig".
Switching into normal mode.
  3 : P =      0. D =      0. F =     1. M =       0. And =    2458. Time =     3.92 sec
Performed 3 SAT calls: P = 0  D = 0  F = 3
NBeg = 2458. NEnd = 2458. (Gain =   0.00 %).  RBeg = 0. REnd = 0. (Gain =   0.00 %).
Sim  =     0.01 sec (  0.00 %)
Sat  =     4.26 sec (  0.00 %)
Pat  =     0.00 sec (  0.00 %)
Time =     4.27 sec
End ManSatSweeping =     4.27 sec
Networks are UNDECIDED after the new CEC engine.  Time =     4.27 sec
Calling the old CEC engine.
Start Old Verify =     4.27 sec
Original miter:   Nodes =   2461.
label 27
Initial SAT:      Nodes =   2461.  Time =     0.02 sec
Rewriting:        Nodes =   2459.  Time =     0.02 sec
There are 0 XORs
Balance-X:        Nodes =   2742.  Time =     0.00 sec
Starting Fra_SmlSimulate......classes =     1.   Lits =      4.
Refined classes  after Pattern 0=     1.   Changes =    0.   Lits =      4.
Refined classes after pattern 1 =     1.   Changes =    0.   Lits =      4.
Refined classes  =     1.   Changes =    0.   Lits =      4.
start Fra_FraigSweep...
Fraiging (i=1):   Nodes =   2742.  Time =     0.00 sec
Rewriting:        Nodes =   2484.  Time =     0.01 sec
There are 0 XORs
Balance-X:        Nodes =   2740.  Time =     0.00 sec
Starting Fra_SmlSimulate......classes =     2.   Lits =      5.
Refined classes  after Pattern 0=     2.   Changes =    0.   Lits =      5.
Refined classes after pattern 1 =     2.   Changes =    0.   Lits =      5.
Refined classes  =     1.   Changes =    1.   Lits =      4.
Refined classes  =     1.   Changes =    0.   Lits =      4.
start Fra_FraigSweep...
Fraiging (i=2):   Nodes =   2740.  Time =     0.00 sec
Rewriting:        Nodes =   2484.  Time =     0.01 sec
There are 0 XORs
Balance-X:        Nodes =   2740.  Time =     0.00 sec
Starting Fra_SmlSimulate......classes =     1.   Lits =      4.
Refined classes  after Pattern 0=     1.   Changes =    0.   Lits =      4.
Refined classes after pattern 1 =     1.   Changes =    0.   Lits =      4.
Refined classes  =     1.   Changes =    0.   Lits =      4.
start Fra_FraigSweep...
Fraiging (i=3):   Nodes =   2740.  Time =     0.01 sec
Rewriting:        Nodes =   2484.  Time =     0.01 sec
There are 0 XORs
Balance-X:        Nodes =   2740.  Time =     0.00 sec
Starting Fra_SmlSimulate......classes =     2.   Lits =      5.
Refined classes  after Pattern 0=     2.   Changes =    0.   Lits =      5.
Refined classes after pattern 1 =     2.   Changes =    0.   Lits =      5.
Refined classes  =     1.   Changes =    1.   Lits =      4.
Refined classes  =     1.   Changes =    0.   Lits =      4.
start Fra_FraigSweep...
Fraiging (i=4):   Nodes =   2740.  Time =     0.08 sec
Rewriting:        Nodes =   2484.  Time =     0.01 sec
There are 0 XORs
Balance-X:        Nodes =   2740.  Time =     0.00 sec
Starting Fra_SmlSimulate......classes =     1.   Lits =      4.
Refined classes  after Pattern 0=     1.   Changes =    0.   Lits =      4.
Refined classes after pattern 1 =     1.   Changes =    0.   Lits =      4.
Refined classes  =     1.   Changes =    0.   Lits =      4.
start Fra_FraigSweep...
Fraiging (i=5):   Nodes =   2740.  Time =     1.12 sec
Rewriting:        Nodes =   2484.  Time =     0.01 sec
There are 0 XORs
Balance-X:        Nodes =   2740.  Time =     0.00 sec
Starting Fra_SmlSimulate......classes =     2.   Lits =      5.
Refined classes  after Pattern 0=     2.   Changes =    0.   Lits =      5.
Refined classes after pattern 1 =     2.   Changes =    0.   Lits =      5.
Refined classes  =     1.   Changes =    1.   Lits =      4.
Refined classes  =     1.   Changes =    0.   Lits =      4.
start Fra_FraigSweep...
Fraiging (i=6):   Nodes =   2740.  Time =    11.86 sec
Rewriting:        Nodes =   2484.  Time =     0.01 sec
label 27
CNF stats: Vars =   1790. Clauses =    5579. Literals =    15071. Time =     0.00 sec
Running SAT solver with parameters 10000 and 1000 and 50.
reduceDB: Keeping    5017 out of   10000 clauses (50.17 %)  Time =     0.04 sec
reduceDB: Keeping    5516 out of   11000 clauses (50.15 %)  Time =     0.04 sec
reduceDB: Keeping    6015 out of   12000 clauses (50.12 %)  Time =     0.04 sec
reduceDB: Keeping    6537 out of   13001 clauses (50.28 %)  Time =     0.04 sec
reduceDB: Keeping    7006 out of   14002 clauses (50.04 %)  Time =     0.04 sec
reduceDB: Keeping    7518 out of   15000 clauses (50.12 %)  Time =     0.05 sec
reduceDB: Keeping    8020 out of   16000 clauses (50.12 %)  Time =     0.05 sec
reduceDB: Keeping    8533 out of   17001 clauses (50.19 %)  Time =     0.05 sec
reduceDB: Keeping    9032 out of   18000 clauses (50.18 %)  Time =     0.05 sec
reduceDB: Keeping    9875 out of   19000 clauses (51.97 %)  Time =     0.05 sec
reduceDB: Keeping   10376 out of   20001 clauses (51.88 %)  Time =     0.05 sec
reduceDB: Keeping   11323 out of   21001 clauses (53.92 %)  Time =     0.05 sec
reduceDB: Keeping   11543 out of   22001 clauses (52.47 %)  Time =     0.05 sec
reduceDB: Keeping   12303 out of   23002 clauses (53.49 %)  Time =     0.05 sec
reduceDB: Keeping   12788 out of   24001 clauses (53.28 %)  Time =     0.06 sec
reduceDB: Keeping   13518 out of   25001 clauses (54.07 %)  Time =     0.06 sec
reduceDB: Keeping   14131 out of   26001 clauses (54.35 %)  Time =     0.06 sec
reduceDB: Keeping   14596 out of   27001 clauses (54.06 %)  Time =     0.06 sec
reduceDB: Keeping   15194 out of   28000 clauses (54.26 %)  Time =     0.06 sec
reduceDB: Keeping   15774 out of   29002 clauses (54.39 %)  Time =     0.06 sec
reduceDB: Keeping   16390 out of   30000 clauses (54.63 %)  Time =     0.06 sec
reduceDB: Keeping   13566 out of   31001 clauses (43.76 %)  Time =     0.07 sec
reduceDB: Keeping   15984 out of   32002 clauses (49.95 %)  Time =     0.07 sec
reduceDB: Keeping   16548 out of   33000 clauses (50.15 %)  Time =     0.07 sec
reduceDB: Keeping   17045 out of   34000 clauses (50.13 %)  Time =     0.07 sec
reduceDB: Keeping   17763 out of   35000 clauses (50.75 %)  Time =     0.07 sec
reduceDB: Keeping   18179 out of   36000 clauses (50.50 %)  Time =     0.08 sec
reduceDB: Keeping   18864 out of   37000 clauses (50.98 %)  Time =     0.08 sec
reduceDB: Keeping   19244 out of   38000 clauses (50.64 %)  Time =     0.08 sec
reduceDB: Keeping   19601 out of   39001 clauses (50.26 %)  Time =     0.08 sec
reduceDB: Keeping   20268 out of   40000 clauses (50.67 %)  Time =     0.08 sec
reduceDB: Keeping   20916 out of   41000 clauses (51.01 %)  Time =     0.09 sec
reduceDB: Keeping   21722 out of   42003 clauses (51.72 %)  Time =     0.09 sec
reduceDB: Keeping   22239 out of   43000 clauses (51.72 %)  Time =     0.09 sec
reduceDB: Keeping   22805 out of   44001 clauses (51.83 %)  Time =     0.09 sec
reduceDB: Keeping   23390 out of   45000 clauses (51.98 %)  Time =     0.10 sec
reduceDB: Keeping   23687 out of   46001 clauses (51.49 %)  Time =     0.10 sec
reduceDB: Keeping   23902 out of   47000 clauses (50.86 %)  Time =     0.10 sec
reduceDB: Keeping   24479 out of   48000 clauses (51.00 %)  Time =     0.10 sec
reduceDB: Keeping   24843 out of   49000 clauses (50.70 %)  Time =     0.11 sec
reduceDB: Keeping   25800 out of   50000 clauses (51.60 %)  Time =     0.11 sec
reduceDB: Keeping   26380 out of   51000 clauses (51.73 %)  Time =     0.11 sec
reduceDB: Keeping   26923 out of   52000 clauses (51.77 %)  Time =     0.11 sec
reduceDB: Keeping   27096 out of   53000 clauses (51.12 %)  Time =     0.12 sec
reduceDB: Keeping   27369 out of   54001 clauses (50.68 %)  Time =     0.12 sec
reduceDB: Keeping   28208 out of   55000 clauses (51.29 %)  Time =     0.12 sec
reduceDB: Keeping   28563 out of   56001 clauses (51.00 %)  Time =     0.13 sec
reduceDB: Keeping   29002 out of   57000 clauses (50.88 %)  Time =     0.13 sec
reduceDB: Keeping   30166 out of   58000 clauses (52.01 %)  Time =     0.13 sec
reduceDB: Keeping   30720 out of   59003 clauses (52.07 %)  Time =     0.13 sec
reduceDB: Keeping   31035 out of   60001 clauses (51.72 %)  Time =     0.14 sec
reduceDB: Keeping   31062 out of   61000 clauses (50.92 %)  Time =     0.14 sec
reduceDB: Keeping   32247 out of   62002 clauses (52.01 %)  Time =     0.14 sec
reduceDB: Keeping   32777 out of   63002 clauses (52.03 %)  Time =     0.15 sec
reduceDB: Keeping   33333 out of   64000 clauses (52.08 %)  Time =     0.15 sec
reduceDB: Keeping   33877 out of   65000 clauses (52.12 %)  Time =     0.15 sec
reduceDB: Keeping   34386 out of   66000 clauses (52.10 %)  Time =     0.16 sec
reduceDB: Keeping   35061 out of   67001 clauses (52.33 %)  Time =     0.16 sec
reduceDB: Keeping   34928 out of   68002 clauses (51.36 %)  Time =     0.16 sec
reduceDB: Keeping   35710 out of   69001 clauses (51.75 %)  Time =     0.17 sec
reduceDB: Keeping   36225 out of   70001 clauses (51.75 %)  Time =     0.17 sec
reduceDB: Keeping   36553 out of   71000 clauses (51.48 %)  Time =     0.17 sec
reduceDB: Keeping   36853 out of   72000 clauses (51.18 %)  Time =     0.18 sec
reduceDB: Keeping   37506 out of   73001 clauses (51.38 %)  Time =     0.18 sec
reduceDB: Keeping   38159 out of   74000 clauses (51.57 %)  Time =     0.19 sec
reduceDB: Keeping   38042 out of   75001 clauses (50.72 %)  Time =     0.19 sec
reduceDB: Keeping   38344 out of   76000 clauses (50.45 %)  Time =     0.19 sec
reduceDB: Keeping   38789 out of   77000 clauses (50.38 %)  Time =     0.20 sec
reduceDB: Keeping   39449 out of   78000 clauses (50.58 %)  Time =     0.20 sec
reduceDB: Keeping   39765 out of   79000 clauses (50.34 %)  Time =     0.21 sec
reduceDB: Keeping   40104 out of   80000 clauses (50.13 %)  Time =     0.21 sec
reduceDB: Keeping   41150 out of   81001 clauses (50.80 %)  Time =     0.21 sec
reduceDB: Keeping   41573 out of   82000 clauses (50.70 %)  Time =     0.22 sec
reduceDB: Keeping   41674 out of   83002 clauses (50.21 %)  Time =     0.22 sec
reduceDB: Keeping   42112 out of   84000 clauses (50.13 %)  Time =     0.23 sec
reduceDB: Keeping   42610 out of   85000 clauses (50.13 %)  Time =     0.23 sec
reduceDB: Keeping   42816 out of   86001 clauses (49.79 %)  Time =     0.24 sec
reduceDB: Keeping   43502 out of   87001 clauses (50.00 %)  Time =     0.24 sec
reduceDB: Keeping   44089 out of   88000 clauses (50.10 %)  Time =     0.24 sec
reduceDB: Keeping   44272 out of   89000 clauses (49.74 %)  Time =     0.25 sec
reduceDB: Keeping   45087 out of   90000 clauses (50.10 %)  Time =     0.25 sec
reduceDB: Keeping   44511 out of   91000 clauses (48.91 %)  Time =     0.26 sec
reduceDB: Keeping   46069 out of   92000 clauses (50.08 %)  Time =     0.26 sec
reduceDB: Keeping   46504 out of   93001 clauses (50.00 %)  Time =     0.27 sec
reduceDB: Keeping   47973 out of   94001 clauses (51.03 %)  Time =     0.27 sec
reduceDB: Keeping   47795 out of   95000 clauses (50.31 %)  Time =     0.28 sec
reduceDB: Keeping   48811 out of   96002 clauses (50.84 %)  Time =     0.28 sec
reduceDB: Keeping   48878 out of   97000 clauses (50.39 %)  Time =     0.29 sec
reduceDB: Keeping   50414 out of   98002 clauses (51.44 %)  Time =     0.29 sec
reduceDB: Keeping   52280 out of   99000 clauses (52.81 %)  Time =     0.30 sec
reduceDB: Keeping   51182 out of  100000 clauses (51.18 %)  Time =     0.30 sec
reduceDB: Keeping   51123 out of  101002 clauses (50.62 %)  Time =     0.31 sec
reduceDB: Keeping   51126 out of  102000 clauses (50.12 %)  Time =     0.31 sec
reduceDB: Keeping   51800 out of  103002 clauses (50.29 %)  Time =     0.32 sec
reduceDB: Keeping   53143 out of  104001 clauses (51.10 %)  Time =     0.32 sec
reduceDB: Keeping   53608 out of  105002 clauses (51.05 %)  Time =     0.33 sec
reduceDB: Keeping   53438 out of  106000 clauses (50.41 %)  Time =     0.33 sec
reduceDB: Keeping   53924 out of  107000 clauses (50.40 %)  Time =     0.34 sec
reduceDB: Keeping   55326 out of  108001 clauses (51.23 %)  Time =     0.34 sec
reduceDB: Keeping   56080 out of  109001 clauses (51.45 %)  Time =     0.35 sec
reduceDB: Keeping   56366 out of  110002 clauses (51.24 %)  Time =     0.35 sec
reduceDB: Keeping   56735 out of  111000 clauses (51.11 %)  Time =     0.36 sec
reduceDB: Keeping   56917 out of  112000 clauses (50.82 %)  Time =     0.37 sec
reduceDB: Keeping   57626 out of  113000 clauses (51.00 %)  Time =     0.37 sec
reduceDB: Keeping   57186 out of  114002 clauses (50.16 %)  Time =     0.38 sec
reduceDB: Keeping   58352 out of  115001 clauses (50.74 %)  Time =     0.38 sec
reduceDB: Keeping   58760 out of  116001 clauses (50.65 %)  Time =     0.39 sec
reduceDB: Keeping   59256 out of  117001 clauses (50.65 %)  Time =     0.39 sec
reduceDB: Keeping   61074 out of  118000 clauses (51.76 %)  Time =     0.40 sec
reduceDB: Keeping   62872 out of  119000 clauses (52.83 %)  Time =     0.41 sec
reduceDB: Keeping   63932 out of  120000 clauses (53.28 %)  Time =     0.41 sec
reduceDB: Keeping   64453 out of  121001 clauses (53.27 %)  Time =     0.42 sec
reduceDB: Keeping   64825 out of  122000 clauses (53.14 %)  Time =     0.42 sec
reduceDB: Keeping   64881 out of  123001 clauses (52.75 %)  Time =     0.43 sec
reduceDB: Keeping   66192 out of  124003 clauses (53.38 %)  Time =     0.44 sec
reduceDB: Keeping   66529 out of  125001 clauses (53.22 %)  Time =     0.44 sec
reduceDB: Keeping   67344 out of  126000 clauses (53.45 %)  Time =     0.45 sec
reduceDB: Keeping   67639 out of  127000 clauses (53.26 %)  Time =     0.46 sec
reduceDB: Keeping   69504 out of  128001 clauses (54.30 %)  Time =     0.46 sec
reduceDB: Keeping   51892 out of  129002 clauses (40.23 %)  Time =     0.47 sec
starts        :             7330
conflicts     :          4155435
decisions     :          4740819
propagations  :       1480293081
Final SAT:        Nodes =   2484.  Time =   407.72 sec
Networks are equivalent.  Time =   425.15 sec
End Old Verify =   425.15 sec
