ABC command line: "&read replace_2068.aig; &cec -m -v".

label 1
label 3
Assuming the current network is a single-output miter.
label 6
Start EquivFixOutputPairs =     0.00 sec
End EquivFixOutputPairs =     0.00 sec
Start ManSatSweeping =     0.00 sec
Simulating 15 words for 15 rounds. SAT solving with 1000 conflicts.
nSimWords = 0
cst =    2034  cls =      0  lit =    2034  unused =     256  proof =     0
cst =       3  cls =      4  lit =       7  unused =    2279  proof =     0
cst =       2  cls =      3  lit =       5  unused =    2282  proof =     0
cst =       0  cls =      1  lit =       1  unused =    2288  proof =     0
cst =       0  cls =      1  lit =       1  unused =    2288  proof =     0
cst =       0  cls =      1  lit =       1  unused =    2288  proof =     0
cst =       0  cls =      1  lit =       1  unused =    2288  proof =     0
cst =       0  cls =      1  lit =       1  unused =    2288  proof =     0
cst =       0  cls =      1  lit =       1  unused =    2288  proof =     0
cst =       0  cls =      1  lit =       1  unused =    2288  proof =     0
  1 : P =      0. D =      0. F =     1. M =     650. And =    2034. Time =     0.02 sec
Increasing conflict limit to 10000.
The result is written into file "cec_giaSweep.aig".
Switching into reduced mode.
  2 : P =      0. D =      0. F =     1. M =     650. And =    2034. Time =     0.30 sec
Increasing conflict limit to 100000.
The result is written into file "cec_giaSweep.aig".
Switching into normal mode.
  3 : P =      0. D =      0. F =     1. M =       0. And =    2034. Time =     3.84 sec
Performed 3 SAT calls: P = 0  D = 0  F = 3
NBeg = 2034. NEnd = 2034. (Gain =   0.00 %).  RBeg = 0. REnd = 0. (Gain =   0.00 %).
Sim  =     0.00 sec (  0.00 %)
Sat  =     4.16 sec (  0.00 %)
Pat  =     0.00 sec (  0.00 %)
Time =     4.16 sec
End ManSatSweeping =     4.16 sec
Networks are UNDECIDED after the new CEC engine.  Time =     4.16 sec
Calling the old CEC engine.
Start Old Verify =     4.16 sec
Original miter:   Nodes =   2037.
label 27
Initial SAT:      Nodes =   2037.  Time =     0.02 sec
Rewriting:        Nodes =   2037.  Time =     0.02 sec
There are 0 XORs
Balance-X:        Nodes =   2301.  Time =     0.00 sec
Starting Fra_SmlSimulate......classes =     1.   Lits =      4.
Refined classes  after Pattern 0=     1.   Changes =    0.   Lits =      4.
Refined classes after pattern 1 =     1.   Changes =    0.   Lits =      4.
Refined classes  =     1.   Changes =    0.   Lits =      4.
start Fra_FraigSweep...
Fraiging (i=1):   Nodes =   2301.  Time =     0.00 sec
Rewriting:        Nodes =   2056.  Time =     0.01 sec
There are 0 XORs
Balance-X:        Nodes =   2298.  Time =     0.00 sec
Starting Fra_SmlSimulate......classes =     1.   Lits =      4.
Refined classes  after Pattern 0=     1.   Changes =    0.   Lits =      4.
Refined classes after pattern 1 =     1.   Changes =    0.   Lits =      4.
Refined classes  =     1.   Changes =    0.   Lits =      4.
start Fra_FraigSweep...
Fraiging (i=2):   Nodes =   2298.  Time =     0.00 sec
Rewriting:        Nodes =   2058.  Time =     0.01 sec
There are 0 XORs
Balance-X:        Nodes =   2298.  Time =     0.00 sec
Starting Fra_SmlSimulate......classes =     1.   Lits =      4.
Refined classes  after Pattern 0=     1.   Changes =    0.   Lits =      4.
Refined classes after pattern 1 =     1.   Changes =    0.   Lits =      4.
Refined classes  =     1.   Changes =    0.   Lits =      4.
start Fra_FraigSweep...
Fraiging (i=3):   Nodes =   2298.  Time =     0.01 sec
Rewriting:        Nodes =   2055.  Time =     0.01 sec
There are 0 XORs
Balance-X:        Nodes =   2298.  Time =     0.00 sec
Starting Fra_SmlSimulate......classes =     1.   Lits =      4.
Refined classes  after Pattern 0=     1.   Changes =    0.   Lits =      4.
Refined classes after pattern 1 =     1.   Changes =    0.   Lits =      4.
Refined classes  =     1.   Changes =    0.   Lits =      4.
start Fra_FraigSweep...
Fraiging (i=4):   Nodes =   2298.  Time =     0.04 sec
Rewriting:        Nodes =   2056.  Time =     0.01 sec
There are 0 XORs
Balance-X:        Nodes =   2298.  Time =     0.00 sec
Starting Fra_SmlSimulate......classes =     1.   Lits =      4.
Refined classes  after Pattern 0=     1.   Changes =    0.   Lits =      4.
Refined classes after pattern 1 =     1.   Changes =    0.   Lits =      4.
Refined classes  =     1.   Changes =    0.   Lits =      4.
start Fra_FraigSweep...
Fraiging (i=5):   Nodes =   2298.  Time =     0.48 sec
Rewriting:        Nodes =   2056.  Time =     0.01 sec
There are 0 XORs
Balance-X:        Nodes =   2298.  Time =     0.00 sec
Starting Fra_SmlSimulate......classes =     1.   Lits =      4.
Refined classes  after Pattern 0=     1.   Changes =    0.   Lits =      4.
Refined classes after pattern 1 =     1.   Changes =    0.   Lits =      4.
Refined classes  =     1.   Changes =    0.   Lits =      4.
start Fra_FraigSweep...
Fraiging (i=6):   Nodes =   2298.  Time =     5.41 sec
Rewriting:        Nodes =   2056.  Time =     0.01 sec
label 27
CNF stats: Vars =   1593. Clauses =    4760. Literals =    12864. Time =     0.00 sec
Running SAT solver with parameters 10000 and 1000 and 50.
reduceDB: Keeping    5019 out of   10001 clauses (50.18 %)  Time =     0.03 sec
reduceDB: Keeping    5520 out of   11001 clauses (50.18 %)  Time =     0.03 sec
reduceDB: Keeping    6016 out of   12000 clauses (50.13 %)  Time =     0.03 sec
reduceDB: Keeping    6528 out of   13001 clauses (50.21 %)  Time =     0.03 sec
reduceDB: Keeping    7018 out of   14001 clauses (50.12 %)  Time =     0.03 sec
reduceDB: Keeping    7547 out of   15002 clauses (50.31 %)  Time =     0.03 sec
reduceDB: Keeping    8220 out of   16000 clauses (51.38 %)  Time =     0.03 sec
reduceDB: Keeping    8882 out of   17000 clauses (52.25 %)  Time =     0.04 sec
reduceDB: Keeping    9475 out of   18001 clauses (52.64 %)  Time =     0.04 sec
reduceDB: Keeping   10069 out of   19000 clauses (52.99 %)  Time =     0.04 sec
reduceDB: Keeping   10772 out of   20000 clauses (53.86 %)  Time =     0.04 sec
reduceDB: Keeping   11444 out of   21001 clauses (54.49 %)  Time =     0.04 sec
reduceDB: Keeping   10640 out of   22000 clauses (48.36 %)  Time =     0.04 sec
reduceDB: Keeping   11814 out of   23001 clauses (51.36 %)  Time =     0.04 sec
reduceDB: Keeping   12284 out of   24002 clauses (51.18 %)  Time =     0.04 sec
reduceDB: Keeping   13011 out of   25001 clauses (52.04 %)  Time =     0.05 sec
reduceDB: Keeping   13354 out of   26000 clauses (51.36 %)  Time =     0.05 sec
reduceDB: Keeping   14003 out of   27001 clauses (51.86 %)  Time =     0.05 sec
reduceDB: Keeping   14537 out of   28000 clauses (51.92 %)  Time =     0.05 sec
reduceDB: Keeping   15244 out of   29000 clauses (52.57 %)  Time =     0.05 sec
reduceDB: Keeping   15616 out of   30000 clauses (52.05 %)  Time =     0.05 sec
reduceDB: Keeping   16028 out of   31001 clauses (51.70 %)  Time =     0.06 sec
reduceDB: Keeping   16483 out of   32004 clauses (51.50 %)  Time =     0.06 sec
reduceDB: Keeping   17110 out of   33002 clauses (51.85 %)  Time =     0.06 sec
reduceDB: Keeping   17686 out of   34001 clauses (52.02 %)  Time =     0.06 sec
reduceDB: Keeping   17926 out of   35002 clauses (51.21 %)  Time =     0.06 sec
reduceDB: Keeping   18730 out of   36001 clauses (52.03 %)  Time =     0.07 sec
reduceDB: Keeping   19156 out of   37000 clauses (51.77 %)  Time =     0.07 sec
reduceDB: Keeping   19686 out of   38000 clauses (51.81 %)  Time =     0.07 sec
reduceDB: Keeping   19838 out of   39002 clauses (50.86 %)  Time =     0.07 sec
reduceDB: Keeping   20703 out of   40000 clauses (51.76 %)  Time =     0.08 sec
reduceDB: Keeping   20883 out of   41000 clauses (50.93 %)  Time =     0.08 sec
reduceDB: Keeping   21777 out of   42000 clauses (51.85 %)  Time =     0.08 sec
reduceDB: Keeping   22771 out of   43002 clauses (52.95 %)  Time =     0.08 sec
reduceDB: Keeping   23177 out of   44003 clauses (52.67 %)  Time =     0.08 sec
reduceDB: Keeping   24103 out of   45000 clauses (53.56 %)  Time =     0.09 sec
reduceDB: Keeping   24164 out of   46000 clauses (52.53 %)  Time =     0.09 sec
reduceDB: Keeping   24696 out of   47000 clauses (52.54 %)  Time =     0.09 sec
reduceDB: Keeping   25091 out of   48001 clauses (52.27 %)  Time =     0.10 sec
reduceDB: Keeping   25275 out of   49000 clauses (51.58 %)  Time =     0.10 sec
reduceDB: Keeping   26261 out of   50000 clauses (52.52 %)  Time =     0.10 sec
reduceDB: Keeping   26488 out of   51000 clauses (51.94 %)  Time =     0.10 sec
reduceDB: Keeping   26618 out of   52000 clauses (51.19 %)  Time =     0.11 sec
reduceDB: Keeping   26990 out of   53002 clauses (50.92 %)  Time =     0.11 sec
reduceDB: Keeping   27558 out of   54000 clauses (51.03 %)  Time =     0.11 sec
reduceDB: Keeping   28199 out of   55002 clauses (51.27 %)  Time =     0.12 sec
reduceDB: Keeping   28758 out of   56002 clauses (51.35 %)  Time =     0.12 sec
reduceDB: Keeping   28965 out of   57002 clauses (50.81 %)  Time =     0.12 sec
reduceDB: Keeping   29978 out of   58002 clauses (51.68 %)  Time =     0.13 sec
reduceDB: Keeping   29822 out of   59000 clauses (50.55 %)  Time =     0.13 sec
reduceDB: Keeping   30973 out of   60001 clauses (51.62 %)  Time =     0.13 sec
reduceDB: Keeping   31052 out of   61000 clauses (50.90 %)  Time =     0.14 sec
reduceDB: Keeping   31581 out of   62003 clauses (50.93 %)  Time =     0.14 sec
reduceDB: Keeping   32137 out of   63000 clauses (51.01 %)  Time =     0.14 sec
reduceDB: Keeping   33511 out of   64001 clauses (52.36 %)  Time =     0.15 sec
reduceDB: Keeping   33875 out of   65002 clauses (52.11 %)  Time =     0.15 sec
reduceDB: Keeping   34664 out of   66002 clauses (52.52 %)  Time =     0.15 sec
reduceDB: Keeping   35570 out of   67000 clauses (53.09 %)  Time =     0.16 sec
reduceDB: Keeping   35478 out of   68000 clauses (52.17 %)  Time =     0.16 sec
reduceDB: Keeping   35702 out of   69001 clauses (51.74 %)  Time =     0.17 sec
reduceDB: Keeping   35978 out of   70001 clauses (51.40 %)  Time =     0.17 sec
reduceDB: Keeping   35884 out of   71002 clauses (50.54 %)  Time =     0.17 sec
reduceDB: Keeping   36243 out of   72001 clauses (50.34 %)  Time =     0.18 sec
reduceDB: Keeping   36758 out of   73000 clauses (50.35 %)  Time =     0.18 sec
reduceDB: Keeping   38064 out of   74001 clauses (51.44 %)  Time =     0.19 sec
reduceDB: Keeping   37515 out of   75000 clauses (50.02 %)  Time =     0.19 sec
reduceDB: Keeping   38121 out of   76002 clauses (50.16 %)  Time =     0.19 sec
reduceDB: Keeping   38620 out of   77000 clauses (50.16 %)  Time =     0.20 sec
reduceDB: Keeping   39098 out of   78000 clauses (50.13 %)  Time =     0.20 sec
reduceDB: Keeping   39606 out of   79000 clauses (50.13 %)  Time =     0.21 sec
reduceDB: Keeping   40065 out of   80000 clauses (50.08 %)  Time =     0.21 sec
reduceDB: Keeping   41687 out of   81001 clauses (51.46 %)  Time =     0.22 sec
reduceDB: Keeping   41374 out of   82002 clauses (50.45 %)  Time =     0.22 sec
reduceDB: Keeping   41617 out of   83001 clauses (50.14 %)  Time =     0.23 sec
reduceDB: Keeping   42014 out of   84001 clauses (50.02 %)  Time =     0.23 sec
reduceDB: Keeping   42612 out of   85000 clauses (50.13 %)  Time =     0.23 sec
reduceDB: Keeping   43072 out of   86001 clauses (50.08 %)  Time =     0.24 sec
reduceDB: Keeping   42808 out of   87000 clauses (49.20 %)  Time =     0.24 sec
reduceDB: Keeping   43993 out of   88000 clauses (49.99 %)  Time =     0.25 sec
reduceDB: Keeping   44635 out of   89000 clauses (50.15 %)  Time =     0.25 sec
reduceDB: Keeping   45028 out of   90000 clauses (50.03 %)  Time =     0.26 sec
reduceDB: Keeping   45612 out of   91001 clauses (50.12 %)  Time =     0.26 sec
reduceDB: Keeping   45970 out of   92000 clauses (49.97 %)  Time =     0.27 sec
reduceDB: Keeping   46894 out of   93000 clauses (50.42 %)  Time =     0.27 sec
reduceDB: Keeping   49241 out of   94000 clauses (52.38 %)  Time =     0.28 sec
reduceDB: Keeping   51967 out of   95000 clauses (54.70 %)  Time =     0.28 sec
reduceDB: Keeping   38792 out of   96001 clauses (40.41 %)  Time =     0.29 sec
reduceDB: Keeping   48499 out of   97000 clauses (50.00 %)  Time =     0.29 sec
reduceDB: Keeping   48918 out of   98000 clauses (49.92 %)  Time =     0.30 sec
reduceDB: Keeping   49477 out of   99002 clauses (49.98 %)  Time =     0.30 sec
reduceDB: Keeping   50013 out of  100000 clauses (50.01 %)  Time =     0.31 sec
reduceDB: Keeping   50386 out of  101001 clauses (49.89 %)  Time =     0.32 sec
reduceDB: Keeping   50848 out of  102001 clauses (49.85 %)  Time =     0.32 sec
reduceDB: Keeping   51500 out of  103002 clauses (50.00 %)  Time =     0.33 sec
reduceDB: Keeping   52025 out of  104000 clauses (50.02 %)  Time =     0.33 sec
reduceDB: Keeping   52483 out of  105000 clauses (49.98 %)  Time =     0.34 sec
reduceDB: Keeping   53163 out of  106000 clauses (50.15 %)  Time =     0.35 sec
reduceDB: Keeping   51529 out of  107001 clauses (48.16 %)  Time =     0.35 sec
reduceDB: Keeping   53918 out of  108000 clauses (49.92 %)  Time =     0.36 sec
reduceDB: Keeping   54684 out of  109002 clauses (50.17 %)  Time =     0.36 sec
reduceDB: Keeping   55074 out of  110001 clauses (50.07 %)  Time =     0.37 sec
reduceDB: Keeping   55684 out of  111002 clauses (50.16 %)  Time =     0.37 sec
reduceDB: Keeping   55767 out of  112003 clauses (49.79 %)  Time =     0.38 sec
reduceDB: Keeping   56699 out of  113001 clauses (50.18 %)  Time =     0.39 sec
reduceDB: Keeping   56767 out of  114001 clauses (49.80 %)  Time =     0.39 sec
reduceDB: Keeping   54950 out of  115003 clauses (47.78 %)  Time =     0.40 sec
reduceDB: Keeping   54883 out of  116000 clauses (47.31 %)  Time =     0.41 sec
reduceDB: Keeping   56190 out of  117002 clauses (48.02 %)  Time =     0.41 sec
reduceDB: Keeping   59540 out of  118001 clauses (50.46 %)  Time =     0.42 sec
reduceDB: Keeping   61305 out of  119001 clauses (51.52 %)  Time =     0.42 sec
reduceDB: Keeping   60999 out of  120001 clauses (50.83 %)  Time =     0.43 sec
reduceDB: Keeping   62422 out of  121003 clauses (51.59 %)  Time =     0.44 sec
reduceDB: Keeping   61787 out of  122000 clauses (50.65 %)  Time =     0.44 sec
reduceDB: Keeping   63247 out of  123000 clauses (51.42 %)  Time =     0.45 sec
reduceDB: Keeping   64178 out of  124000 clauses (51.76 %)  Time =     0.46 sec
reduceDB: Keeping   64492 out of  125001 clauses (51.59 %)  Time =     0.46 sec
reduceDB: Keeping   65604 out of  126000 clauses (52.07 %)  Time =     0.47 sec
reduceDB: Keeping   53026 out of  127001 clauses (41.75 %)  Time =     0.48 sec
starts        :             7165
conflicts     :          4098637
decisions     :          4709472
propagations  :       1230799121
Final SAT:        Nodes =   2056.  Time =   410.55 sec
Networks are equivalent.  Time =   420.74 sec
End Old Verify =   420.74 sec
