ABC command line: "&read replace_2163.aig; &cec -m -v".

label 1
label 3
Assuming the current network is a single-output miter.
label 6
Start EquivFixOutputPairs =     0.00 sec
End EquivFixOutputPairs =     0.00 sec
Start ManSatSweeping =     0.00 sec
Simulating 15 words for 15 rounds. SAT solving with 1000 conflicts.
nSimWords = 0
cst =    2042  cls =      0  lit =    2042  unused =     256  proof =     0
cst =       3  cls =      7  lit =      11  unused =    2280  proof =     0
cst =       3  cls =      5  lit =       8  unused =    2285  proof =     0
cst =       2  cls =      3  lit =       5  unused =    2290  proof =     0
cst =       2  cls =      3  lit =       5  unused =    2290  proof =     0
cst =       2  cls =      3  lit =       5  unused =    2290  proof =     0
cst =       2  cls =      3  lit =       5  unused =    2290  proof =     0
cst =       2  cls =      3  lit =       5  unused =    2290  proof =     0
cst =       2  cls =      3  lit =       5  unused =    2290  proof =     0
cst =       2  cls =      3  lit =       5  unused =    2290  proof =     0
  1 : P =      0. D =      0. F =     1. M =     664. And =    2042. Time =     0.02 sec
Increasing conflict limit to 10000.
The result is written into file "cec_giaSweep.aig".
Switching into reduced mode.
  2 : P =      0. D =      1. F =     0. M =     664. And =    2042. Time =     0.00 sec
Switching into normal mode.
  3 : P =      0. D =      1. F =     0. M =       0. And =    2042. Time =     0.00 sec
  4 : P =      0. D =      1. F =     0. M =       0. And =    2042. Time =     0.00 sec
  5 : P =      0. D =      0. F =     1. M =       0. And =    2042. Time =     0.27 sec
Increasing conflict limit to 100000.
The result is written into file "cec_giaSweep.aig".
  6 : P =      0. D =      0. F =     1. M =       0. And =    2042. Time =     4.16 sec
Performed 6 SAT calls: P = 0  D = 3  F = 3
NBeg = 2042. NEnd = 2042. (Gain =   0.00 %).  RBeg = 0. REnd = 0. (Gain =   0.00 %).
Sim  =     0.00 sec (  0.00 %)
Sat  =     4.45 sec (  0.00 %)
Pat  =     0.00 sec (  0.00 %)
Time =     4.46 sec
End ManSatSweeping =     4.46 sec
Networks are UNDECIDED after the new CEC engine.  Time =     4.46 sec
Calling the old CEC engine.
Start Old Verify =     4.46 sec
Original miter:   Nodes =   2045.
label 27
Initial SAT:      Nodes =   2045.  Time =     0.02 sec
Rewriting:        Nodes =   2045.  Time =     0.02 sec
There are 0 XORs
Balance-X:        Nodes =   2307.  Time =     0.00 sec
Starting Fra_SmlSimulate......classes =     3.   Lits =      8.
Refined classes  after Pattern 0=     3.   Changes =    0.   Lits =      8.
Refined classes after pattern 1 =     3.   Changes =    0.   Lits =      8.
Refined classes  =     3.   Changes =    0.   Lits =      8.
start Fra_FraigSweep...
Fraiging (i=1):   Nodes =   2307.  Time =     0.00 sec
Rewriting:        Nodes =   2066.  Time =     0.01 sec
There are 0 XORs
Balance-X:        Nodes =   2304.  Time =     0.00 sec
Starting Fra_SmlSimulate......classes =     3.   Lits =      8.
Refined classes  after Pattern 0=     3.   Changes =    0.   Lits =      8.
Refined classes after pattern 1 =     3.   Changes =    0.   Lits =      8.
Refined classes  =     3.   Changes =    0.   Lits =      8.
start Fra_FraigSweep...
Fraiging (i=2):   Nodes =   2304.  Time =     0.00 sec
Rewriting:        Nodes =   2067.  Time =     0.01 sec
There are 0 XORs
Balance-X:        Nodes =   2304.  Time =     0.00 sec
Starting Fra_SmlSimulate......classes =     3.   Lits =      8.
Refined classes  after Pattern 0=     3.   Changes =    0.   Lits =      8.
Refined classes after pattern 1 =     3.   Changes =    0.   Lits =      8.
Refined classes  =     3.   Changes =    0.   Lits =      8.
start Fra_FraigSweep...
Fraiging (i=3):   Nodes =   2304.  Time =     0.01 sec
Rewriting:        Nodes =   2067.  Time =     0.01 sec
There are 0 XORs
Balance-X:        Nodes =   2304.  Time =     0.00 sec
Starting Fra_SmlSimulate......classes =     3.   Lits =      8.
Refined classes  after Pattern 0=     3.   Changes =    0.   Lits =      8.
Refined classes after pattern 1 =     3.   Changes =    0.   Lits =      8.
Refined classes  =     3.   Changes =    0.   Lits =      8.
start Fra_FraigSweep...
Fraiging (i=4):   Nodes =   2304.  Time =     0.04 sec
Rewriting:        Nodes =   2067.  Time =     0.01 sec
There are 0 XORs
Balance-X:        Nodes =   2304.  Time =     0.00 sec
Starting Fra_SmlSimulate......classes =     3.   Lits =      8.
Refined classes  after Pattern 0=     3.   Changes =    0.   Lits =      8.
Refined classes after pattern 1 =     3.   Changes =    0.   Lits =      8.
Refined classes  =     3.   Changes =    0.   Lits =      8.
start Fra_FraigSweep...
Fraiging (i=5):   Nodes =   2304.  Time =     0.47 sec
Rewriting:        Nodes =   2067.  Time =     0.01 sec
There are 0 XORs
Balance-X:        Nodes =   2304.  Time =     0.00 sec
Starting Fra_SmlSimulate......classes =     3.   Lits =      8.
Refined classes  after Pattern 0=     3.   Changes =    0.   Lits =      8.
Refined classes after pattern 1 =     3.   Changes =    0.   Lits =      8.
Refined classes  =     3.   Changes =    0.   Lits =      8.
start Fra_FraigSweep...
Fraiging (i=6):   Nodes =   2304.  Time =     5.25 sec
Rewriting:        Nodes =   2067.  Time =     0.01 sec
label 27
CNF stats: Vars =   1588. Clauses =    4752. Literals =    12837. Time =     0.00 sec
Running SAT solver with parameters 10000 and 1000 and 50.
reduceDB: Keeping    5024 out of   10000 clauses (50.24 %)  Time =     0.03 sec
reduceDB: Keeping    5503 out of   11000 clauses (50.03 %)  Time =     0.03 sec
reduceDB: Keeping    6016 out of   12000 clauses (50.13 %)  Time =     0.03 sec
reduceDB: Keeping    6527 out of   13000 clauses (50.21 %)  Time =     0.03 sec
reduceDB: Keeping    7017 out of   14000 clauses (50.12 %)  Time =     0.03 sec
reduceDB: Keeping    7535 out of   15000 clauses (50.23 %)  Time =     0.03 sec
reduceDB: Keeping    8030 out of   16001 clauses (50.18 %)  Time =     0.03 sec
reduceDB: Keeping    8518 out of   17001 clauses (50.10 %)  Time =     0.04 sec
reduceDB: Keeping    9027 out of   18001 clauses (50.15 %)  Time =     0.04 sec
reduceDB: Keeping    9526 out of   19000 clauses (50.14 %)  Time =     0.04 sec
reduceDB: Keeping   10023 out of   20000 clauses (50.12 %)  Time =     0.04 sec
reduceDB: Keeping   10564 out of   21000 clauses (50.30 %)  Time =     0.04 sec
reduceDB: Keeping   11037 out of   22002 clauses (50.16 %)  Time =     0.04 sec
reduceDB: Keeping   11566 out of   23003 clauses (50.28 %)  Time =     0.04 sec
reduceDB: Keeping   12028 out of   24000 clauses (50.12 %)  Time =     0.04 sec
reduceDB: Keeping   12552 out of   25000 clauses (50.21 %)  Time =     0.05 sec
reduceDB: Keeping   12994 out of   26001 clauses (49.98 %)  Time =     0.05 sec
reduceDB: Keeping   13531 out of   27000 clauses (50.11 %)  Time =     0.05 sec
reduceDB: Keeping   14027 out of   28000 clauses (50.10 %)  Time =     0.05 sec
reduceDB: Keeping   14522 out of   29001 clauses (50.07 %)  Time =     0.05 sec
reduceDB: Keeping   15033 out of   30000 clauses (50.11 %)  Time =     0.05 sec
reduceDB: Keeping   15596 out of   31001 clauses (50.31 %)  Time =     0.06 sec
reduceDB: Keeping   16036 out of   32001 clauses (50.11 %)  Time =     0.06 sec
reduceDB: Keeping   16539 out of   33002 clauses (50.12 %)  Time =     0.06 sec
reduceDB: Keeping   17046 out of   34000 clauses (50.14 %)  Time =     0.06 sec
reduceDB: Keeping   17582 out of   35000 clauses (50.23 %)  Time =     0.06 sec
reduceDB: Keeping   18044 out of   36000 clauses (50.12 %)  Time =     0.07 sec
reduceDB: Keeping   18576 out of   37000 clauses (50.21 %)  Time =     0.07 sec
reduceDB: Keeping   19079 out of   38000 clauses (50.21 %)  Time =     0.07 sec
reduceDB: Keeping   19545 out of   39002 clauses (50.11 %)  Time =     0.07 sec
reduceDB: Keeping   20072 out of   40001 clauses (50.18 %)  Time =     0.07 sec
reduceDB: Keeping   20545 out of   41001 clauses (50.11 %)  Time =     0.08 sec
reduceDB: Keeping   21044 out of   42000 clauses (50.10 %)  Time =     0.08 sec
reduceDB: Keeping   21858 out of   43001 clauses (50.83 %)  Time =     0.08 sec
reduceDB: Keeping   23454 out of   44001 clauses (53.30 %)  Time =     0.08 sec
reduceDB: Keeping   24364 out of   45001 clauses (54.14 %)  Time =     0.09 sec
reduceDB: Keeping   24153 out of   46000 clauses (52.51 %)  Time =     0.09 sec
reduceDB: Keeping   24751 out of   47001 clauses (52.66 %)  Time =     0.09 sec
reduceDB: Keeping   24810 out of   48001 clauses (51.69 %)  Time =     0.10 sec
reduceDB: Keeping   25099 out of   49000 clauses (51.22 %)  Time =     0.10 sec
reduceDB: Keeping   25619 out of   50002 clauses (51.24 %)  Time =     0.10 sec
reduceDB: Keeping   25754 out of   51001 clauses (50.50 %)  Time =     0.10 sec
reduceDB: Keeping   26560 out of   52002 clauses (51.07 %)  Time =     0.11 sec
reduceDB: Keeping   26713 out of   53000 clauses (50.40 %)  Time =     0.11 sec
reduceDB: Keeping   27151 out of   54000 clauses (50.28 %)  Time =     0.11 sec
reduceDB: Keeping   27795 out of   55000 clauses (50.54 %)  Time =     0.12 sec
reduceDB: Keeping   28178 out of   56000 clauses (50.32 %)  Time =     0.12 sec
reduceDB: Keeping   28588 out of   57002 clauses (50.15 %)  Time =     0.12 sec
reduceDB: Keeping   29100 out of   58000 clauses (50.17 %)  Time =     0.13 sec
reduceDB: Keeping   29655 out of   59000 clauses (50.26 %)  Time =     0.13 sec
reduceDB: Keeping   29991 out of   60000 clauses (49.98 %)  Time =     0.13 sec
reduceDB: Keeping   30482 out of   61002 clauses (49.97 %)  Time =     0.14 sec
reduceDB: Keeping   31011 out of   62001 clauses (50.02 %)  Time =     0.14 sec
reduceDB: Keeping   31560 out of   63001 clauses (50.09 %)  Time =     0.14 sec
reduceDB: Keeping   32063 out of   64002 clauses (50.10 %)  Time =     0.15 sec
reduceDB: Keeping   32606 out of   65000 clauses (50.16 %)  Time =     0.15 sec
reduceDB: Keeping   33062 out of   66000 clauses (50.09 %)  Time =     0.15 sec
reduceDB: Keeping   33540 out of   67003 clauses (50.06 %)  Time =     0.16 sec
reduceDB: Keeping   34058 out of   68001 clauses (50.08 %)  Time =     0.16 sec
reduceDB: Keeping   34590 out of   69000 clauses (50.13 %)  Time =     0.16 sec
reduceDB: Keeping   34978 out of   70000 clauses (49.97 %)  Time =     0.17 sec
reduceDB: Keeping   35591 out of   71002 clauses (50.13 %)  Time =     0.17 sec
reduceDB: Keeping   35993 out of   72000 clauses (49.99 %)  Time =     0.18 sec
reduceDB: Keeping   36578 out of   73000 clauses (50.11 %)  Time =     0.18 sec
reduceDB: Keeping   37133 out of   74003 clauses (50.18 %)  Time =     0.18 sec
reduceDB: Keeping   37413 out of   75000 clauses (49.88 %)  Time =     0.19 sec
reduceDB: Keeping   38102 out of   76000 clauses (50.13 %)  Time =     0.19 sec
reduceDB: Keeping   38577 out of   77000 clauses (50.10 %)  Time =     0.20 sec
reduceDB: Keeping   39075 out of   78000 clauses (50.10 %)  Time =     0.20 sec
reduceDB: Keeping   39474 out of   79001 clauses (49.97 %)  Time =     0.21 sec
reduceDB: Keeping   39922 out of   80002 clauses (49.90 %)  Time =     0.21 sec
reduceDB: Keeping   40480 out of   81001 clauses (49.97 %)  Time =     0.21 sec
reduceDB: Keeping   41015 out of   82000 clauses (50.02 %)  Time =     0.22 sec
reduceDB: Keeping   41458 out of   83002 clauses (49.95 %)  Time =     0.22 sec
reduceDB: Keeping   42146 out of   84002 clauses (50.17 %)  Time =     0.23 sec
reduceDB: Keeping   42592 out of   85001 clauses (50.11 %)  Time =     0.23 sec
reduceDB: Keeping   43147 out of   86000 clauses (50.17 %)  Time =     0.24 sec
reduceDB: Keeping   43393 out of   87000 clauses (49.88 %)  Time =     0.24 sec
reduceDB: Keeping   43988 out of   88003 clauses (49.98 %)  Time =     0.25 sec
reduceDB: Keeping   44586 out of   89000 clauses (50.10 %)  Time =     0.25 sec
reduceDB: Keeping   44691 out of   90001 clauses (49.66 %)  Time =     0.26 sec
reduceDB: Keeping   45598 out of   91001 clauses (50.11 %)  Time =     0.26 sec
reduceDB: Keeping   45899 out of   92001 clauses (49.89 %)  Time =     0.27 sec
reduceDB: Keeping   46596 out of   93002 clauses (50.10 %)  Time =     0.27 sec
reduceDB: Keeping   47127 out of   94001 clauses (50.13 %)  Time =     0.28 sec
reduceDB: Keeping   47272 out of   95001 clauses (49.76 %)  Time =     0.28 sec
reduceDB: Keeping   48131 out of   96000 clauses (50.14 %)  Time =     0.29 sec
reduceDB: Keeping   49126 out of   97000 clauses (50.65 %)  Time =     0.29 sec
reduceDB: Keeping   50637 out of   98000 clauses (51.67 %)  Time =     0.30 sec
reduceDB: Keeping   50575 out of   99000 clauses (51.09 %)  Time =     0.30 sec
reduceDB: Keeping   50554 out of  100001 clauses (50.55 %)  Time =     0.31 sec
reduceDB: Keeping   51227 out of  101000 clauses (50.72 %)  Time =     0.32 sec
reduceDB: Keeping   51125 out of  102001 clauses (50.12 %)  Time =     0.32 sec
reduceDB: Keeping   51618 out of  103001 clauses (50.11 %)  Time =     0.33 sec
reduceDB: Keeping   52108 out of  104000 clauses (50.10 %)  Time =     0.33 sec
reduceDB: Keeping   52626 out of  105000 clauses (50.12 %)  Time =     0.34 sec
reduceDB: Keeping   53140 out of  106000 clauses (50.13 %)  Time =     0.34 sec
reduceDB: Keeping   53702 out of  107000 clauses (50.19 %)  Time =     0.35 sec
reduceDB: Keeping   55552 out of  108001 clauses (51.44 %)  Time =     0.36 sec
reduceDB: Keeping   55618 out of  109000 clauses (51.03 %)  Time =     0.36 sec
reduceDB: Keeping   54700 out of  110002 clauses (49.73 %)  Time =     0.37 sec
reduceDB: Keeping   55485 out of  111001 clauses (49.99 %)  Time =     0.37 sec
reduceDB: Keeping   56110 out of  112002 clauses (50.10 %)  Time =     0.38 sec
reduceDB: Keeping   56635 out of  113000 clauses (50.12 %)  Time =     0.39 sec
reduceDB: Keeping   56965 out of  114000 clauses (49.97 %)  Time =     0.39 sec
reduceDB: Keeping   57628 out of  115003 clauses (50.11 %)  Time =     0.40 sec
reduceDB: Keeping   57993 out of  116002 clauses (49.99 %)  Time =     0.40 sec
reduceDB: Keeping   60236 out of  117000 clauses (51.48 %)  Time =     0.41 sec
reduceDB: Keeping   62699 out of  118000 clauses (53.13 %)  Time =     0.42 sec
reduceDB: Keeping   64764 out of  119000 clauses (54.42 %)  Time =     0.42 sec
reduceDB: Keeping   64438 out of  120000 clauses (53.70 %)  Time =     0.43 sec
reduceDB: Keeping   64153 out of  121000 clauses (53.02 %)  Time =     0.44 sec
reduceDB: Keeping   64094 out of  122000 clauses (52.54 %)  Time =     0.44 sec
reduceDB: Keeping   65481 out of  123002 clauses (53.24 %)  Time =     0.45 sec
reduceDB: Keeping   66576 out of  124001 clauses (53.69 %)  Time =     0.46 sec
reduceDB: Keeping   67764 out of  125000 clauses (54.21 %)  Time =     0.46 sec
reduceDB: Keeping   50794 out of  126000 clauses (40.31 %)  Time =     0.47 sec
starts        :             7163
conflicts     :          4014732
decisions     :          4586068
propagations  :       1216801544
Final SAT:        Nodes =   2067.  Time =   407.16 sec
Networks are equivalent.  Time =   417.48 sec
End Old Verify =   417.48 sec
