ABC command line: "&read replace_1375.aig; &cec -m -v".

label 1
label 3
Assuming the current network is a single-output miter.
label 6
Start EquivFixOutputPairs =     0.00 sec
End EquivFixOutputPairs =     0.00 sec
Start ManSatSweeping =     0.00 sec
Simulating 15 words for 15 rounds. SAT solving with 1000 conflicts.
nSimWords = 0
cst =    2093  cls =      0  lit =    2093  unused =     256  proof =     0
cst =       2  cls =      7  lit =      11  unused =    2331  proof =     0
cst =       2  cls =      2  lit =       5  unused =    2342  proof =     0
cst =       0  cls =      1  lit =       1  unused =    2347  proof =     0
cst =       0  cls =      1  lit =       1  unused =    2347  proof =     0
cst =       0  cls =      1  lit =       1  unused =    2347  proof =     0
cst =       0  cls =      1  lit =       1  unused =    2347  proof =     0
cst =       0  cls =      1  lit =       1  unused =    2347  proof =     0
cst =       0  cls =      1  lit =       1  unused =    2347  proof =     0
cst =       0  cls =      1  lit =       1  unused =    2347  proof =     0
  1 : P =      0. D =      0. F =     1. M =     680. And =    2093. Time =     0.02 sec
Increasing conflict limit to 10000.
The result is written into file "cec_giaSweep.aig".
Switching into reduced mode.
  2 : P =      0. D =      0. F =     1. M =     680. And =    2093. Time =     0.28 sec
Increasing conflict limit to 100000.
The result is written into file "cec_giaSweep.aig".
Switching into normal mode.
  3 : P =      0. D =      0. F =     1. M =       0. And =    2093. Time =     3.94 sec
Performed 3 SAT calls: P = 0  D = 0  F = 3
NBeg = 2093. NEnd = 2093. (Gain =   0.00 %).  RBeg = 0. REnd = 0. (Gain =   0.00 %).
Sim  =     0.01 sec (  0.00 %)
Sat  =     4.23 sec (  0.00 %)
Pat  =     0.00 sec (  0.00 %)
Time =     4.24 sec
End ManSatSweeping =     4.24 sec
Networks are UNDECIDED after the new CEC engine.  Time =     4.24 sec
Calling the old CEC engine.
Start Old Verify =     4.24 sec
Original miter:   Nodes =   2096.
label 27
Initial SAT:      Nodes =   2096.  Time =     0.02 sec
Rewriting:        Nodes =   2095.  Time =     0.02 sec
There are 0 XORs
Balance-X:        Nodes =   2364.  Time =     0.00 sec
Starting Fra_SmlSimulate......classes =     1.   Lits =      4.
Refined classes  after Pattern 0=     1.   Changes =    0.   Lits =      4.
Refined classes after pattern 1 =     1.   Changes =    0.   Lits =      4.
Refined classes  =     1.   Changes =    0.   Lits =      4.
start Fra_FraigSweep...
Fraiging (i=1):   Nodes =   2364.  Time =     0.00 sec
Rewriting:        Nodes =   2117.  Time =     0.01 sec
There are 0 XORs
Balance-X:        Nodes =   2361.  Time =     0.00 sec
Starting Fra_SmlSimulate......classes =     1.   Lits =      4.
Refined classes  after Pattern 0=     1.   Changes =    0.   Lits =      4.
Refined classes after pattern 1 =     1.   Changes =    0.   Lits =      4.
Refined classes  =     1.   Changes =    0.   Lits =      4.
start Fra_FraigSweep...
Fraiging (i=2):   Nodes =   2361.  Time =     0.00 sec
Rewriting:        Nodes =   2118.  Time =     0.01 sec
There are 0 XORs
Balance-X:        Nodes =   2361.  Time =     0.00 sec
Starting Fra_SmlSimulate......classes =     1.   Lits =      4.
Refined classes  after Pattern 0=     1.   Changes =    0.   Lits =      4.
Refined classes after pattern 1 =     1.   Changes =    0.   Lits =      4.
Refined classes  =     1.   Changes =    0.   Lits =      4.
start Fra_FraigSweep...
Fraiging (i=3):   Nodes =   2361.  Time =     0.01 sec
Rewriting:        Nodes =   2118.  Time =     0.01 sec
There are 0 XORs
Balance-X:        Nodes =   2361.  Time =     0.00 sec
Starting Fra_SmlSimulate......classes =     1.   Lits =      4.
Refined classes  after Pattern 0=     1.   Changes =    0.   Lits =      4.
Refined classes after pattern 1 =     1.   Changes =    0.   Lits =      4.
Refined classes  =     1.   Changes =    0.   Lits =      4.
start Fra_FraigSweep...
Fraiging (i=4):   Nodes =   2361.  Time =     0.08 sec
Rewriting:        Nodes =   2118.  Time =     0.01 sec
There are 0 XORs
Balance-X:        Nodes =   2361.  Time =     0.00 sec
Starting Fra_SmlSimulate......classes =     1.   Lits =      4.
Refined classes  after Pattern 0=     1.   Changes =    0.   Lits =      4.
Refined classes after pattern 1 =     1.   Changes =    0.   Lits =      4.
Refined classes  =     1.   Changes =    0.   Lits =      4.
start Fra_FraigSweep...
Fraiging (i=5):   Nodes =   2361.  Time =     0.94 sec
Rewriting:        Nodes =   2118.  Time =     0.01 sec
There are 0 XORs
Balance-X:        Nodes =   2361.  Time =     0.00 sec
Starting Fra_SmlSimulate......classes =     1.   Lits =      4.
Refined classes  after Pattern 0=     1.   Changes =    0.   Lits =      4.
Refined classes after pattern 1 =     1.   Changes =    0.   Lits =      4.
Refined classes  =     1.   Changes =    0.   Lits =      4.
start Fra_FraigSweep...
Fraiging (i=6):   Nodes =   2361.  Time =    11.13 sec
Rewriting:        Nodes =   2118.  Time =     0.01 sec
label 27
CNF stats: Vars =   1625. Clauses =    4891. Literals =    13214. Time =     0.00 sec
Running SAT solver with parameters 10000 and 1000 and 50.
reduceDB: Keeping    4887 out of   10000 clauses (48.87 %)  Time =     0.04 sec
reduceDB: Keeping    5517 out of   11000 clauses (50.15 %)  Time =     0.04 sec
reduceDB: Keeping    6019 out of   12000 clauses (50.16 %)  Time =     0.04 sec
reduceDB: Keeping    6526 out of   13000 clauses (50.20 %)  Time =     0.04 sec
reduceDB: Keeping    7006 out of   14000 clauses (50.04 %)  Time =     0.04 sec
reduceDB: Keeping    7528 out of   15001 clauses (50.18 %)  Time =     0.05 sec
reduceDB: Keeping    8036 out of   16001 clauses (50.22 %)  Time =     0.05 sec
reduceDB: Keeping    8512 out of   17000 clauses (50.07 %)  Time =     0.05 sec
reduceDB: Keeping    9086 out of   18000 clauses (50.48 %)  Time =     0.05 sec
reduceDB: Keeping    9820 out of   19007 clauses (51.67 %)  Time =     0.05 sec
reduceDB: Keeping   10605 out of   20001 clauses (53.02 %)  Time =     0.05 sec
reduceDB: Keeping   10308 out of   21001 clauses (49.08 %)  Time =     0.05 sec
reduceDB: Keeping   11283 out of   22000 clauses (51.29 %)  Time =     0.05 sec
reduceDB: Keeping   11922 out of   23001 clauses (51.83 %)  Time =     0.05 sec
reduceDB: Keeping   12678 out of   24002 clauses (52.82 %)  Time =     0.06 sec
reduceDB: Keeping   13146 out of   25001 clauses (52.58 %)  Time =     0.06 sec
reduceDB: Keeping   13716 out of   26001 clauses (52.75 %)  Time =     0.06 sec
reduceDB: Keeping   14245 out of   27001 clauses (52.76 %)  Time =     0.06 sec
reduceDB: Keeping   14922 out of   28002 clauses (53.29 %)  Time =     0.06 sec
reduceDB: Keeping   15561 out of   29000 clauses (53.66 %)  Time =     0.06 sec
reduceDB: Keeping   16054 out of   30002 clauses (53.51 %)  Time =     0.06 sec
reduceDB: Keeping   16373 out of   31001 clauses (52.81 %)  Time =     0.07 sec
reduceDB: Keeping   16819 out of   32001 clauses (52.56 %)  Time =     0.07 sec
reduceDB: Keeping   17420 out of   33000 clauses (52.79 %)  Time =     0.07 sec
reduceDB: Keeping   17815 out of   34001 clauses (52.40 %)  Time =     0.07 sec
reduceDB: Keeping   18294 out of   35001 clauses (52.27 %)  Time =     0.07 sec
reduceDB: Keeping   18666 out of   36000 clauses (51.85 %)  Time =     0.08 sec
reduceDB: Keeping   19412 out of   37000 clauses (52.46 %)  Time =     0.08 sec
reduceDB: Keeping   19796 out of   38000 clauses (52.09 %)  Time =     0.08 sec
reduceDB: Keeping   20091 out of   39002 clauses (51.51 %)  Time =     0.08 sec
reduceDB: Keeping   20630 out of   40000 clauses (51.58 %)  Time =     0.08 sec
reduceDB: Keeping   20979 out of   41001 clauses (51.17 %)  Time =     0.09 sec
reduceDB: Keeping   21603 out of   42001 clauses (51.43 %)  Time =     0.09 sec
reduceDB: Keeping   22960 out of   43001 clauses (53.39 %)  Time =     0.09 sec
reduceDB: Keeping   23617 out of   44002 clauses (53.67 %)  Time =     0.09 sec
reduceDB: Keeping   24352 out of   45001 clauses (54.11 %)  Time =     0.10 sec
reduceDB: Keeping   24498 out of   46000 clauses (53.26 %)  Time =     0.10 sec
reduceDB: Keeping   24617 out of   47000 clauses (52.38 %)  Time =     0.10 sec
reduceDB: Keeping   25147 out of   48000 clauses (52.39 %)  Time =     0.10 sec
reduceDB: Keeping   25696 out of   49001 clauses (52.44 %)  Time =     0.11 sec
reduceDB: Keeping   26407 out of   50001 clauses (52.81 %)  Time =     0.11 sec
reduceDB: Keeping   26577 out of   51002 clauses (52.11 %)  Time =     0.11 sec
reduceDB: Keeping   26853 out of   52001 clauses (51.64 %)  Time =     0.11 sec
reduceDB: Keeping   27410 out of   53001 clauses (51.72 %)  Time =     0.12 sec
reduceDB: Keeping   28747 out of   54001 clauses (53.23 %)  Time =     0.12 sec
reduceDB: Keeping   24402 out of   55000 clauses (44.37 %)  Time =     0.12 sec
reduceDB: Keeping   28094 out of   56000 clauses (50.17 %)  Time =     0.13 sec
reduceDB: Keeping   28571 out of   57000 clauses (50.12 %)  Time =     0.13 sec
reduceDB: Keeping   28991 out of   58001 clauses (49.98 %)  Time =     0.13 sec
reduceDB: Keeping   29460 out of   59000 clauses (49.93 %)  Time =     0.13 sec
reduceDB: Keeping   29955 out of   60003 clauses (49.92 %)  Time =     0.14 sec
reduceDB: Keeping   30485 out of   61003 clauses (49.97 %)  Time =     0.14 sec
reduceDB: Keeping   30988 out of   62000 clauses (49.98 %)  Time =     0.14 sec
reduceDB: Keeping   31543 out of   63000 clauses (50.07 %)  Time =     0.15 sec
reduceDB: Keeping   32061 out of   64001 clauses (50.09 %)  Time =     0.15 sec
reduceDB: Keeping   32789 out of   65000 clauses (50.44 %)  Time =     0.15 sec
reduceDB: Keeping   33487 out of   66000 clauses (50.74 %)  Time =     0.16 sec
reduceDB: Keeping   34638 out of   67002 clauses (51.70 %)  Time =     0.16 sec
reduceDB: Keeping   34789 out of   68000 clauses (51.16 %)  Time =     0.16 sec
reduceDB: Keeping   35308 out of   69001 clauses (51.17 %)  Time =     0.17 sec
reduceDB: Keeping   35525 out of   70002 clauses (50.75 %)  Time =     0.17 sec
reduceDB: Keeping   35582 out of   71002 clauses (50.11 %)  Time =     0.17 sec
reduceDB: Keeping   36074 out of   72000 clauses (50.10 %)  Time =     0.18 sec
reduceDB: Keeping   36570 out of   73002 clauses (50.09 %)  Time =     0.18 sec
reduceDB: Keeping   36947 out of   74000 clauses (49.93 %)  Time =     0.19 sec
reduceDB: Keeping   37615 out of   75000 clauses (50.15 %)  Time =     0.19 sec
reduceDB: Keeping   38089 out of   76000 clauses (50.12 %)  Time =     0.19 sec
reduceDB: Keeping   38540 out of   77000 clauses (50.05 %)  Time =     0.20 sec
reduceDB: Keeping   38871 out of   78000 clauses (49.83 %)  Time =     0.20 sec
reduceDB: Keeping   39567 out of   79000 clauses (50.08 %)  Time =     0.21 sec
reduceDB: Keeping   40073 out of   80001 clauses (50.09 %)  Time =     0.21 sec
reduceDB: Keeping   40628 out of   81002 clauses (50.16 %)  Time =     0.21 sec
reduceDB: Keeping   41082 out of   82001 clauses (50.10 %)  Time =     0.22 sec
reduceDB: Keeping   41613 out of   83000 clauses (50.14 %)  Time =     0.22 sec
reduceDB: Keeping   42140 out of   84001 clauses (50.17 %)  Time =     0.23 sec
reduceDB: Keeping   42362 out of   85001 clauses (49.84 %)  Time =     0.23 sec
reduceDB: Keeping   43208 out of   86000 clauses (50.24 %)  Time =     0.24 sec
reduceDB: Keeping   43613 out of   87001 clauses (50.13 %)  Time =     0.24 sec
reduceDB: Keeping   44130 out of   88000 clauses (50.15 %)  Time =     0.24 sec
reduceDB: Keeping   44486 out of   89001 clauses (49.98 %)  Time =     0.25 sec
reduceDB: Keeping   44992 out of   90000 clauses (49.99 %)  Time =     0.25 sec
reduceDB: Keeping   45650 out of   91000 clauses (50.16 %)  Time =     0.26 sec
reduceDB: Keeping   46120 out of   92000 clauses (50.13 %)  Time =     0.26 sec
reduceDB: Keeping   46634 out of   93001 clauses (50.14 %)  Time =     0.27 sec
reduceDB: Keeping   47221 out of   94000 clauses (50.24 %)  Time =     0.27 sec
reduceDB: Keeping   47361 out of   95000 clauses (49.85 %)  Time =     0.28 sec
reduceDB: Keeping   49394 out of   96001 clauses (51.45 %)  Time =     0.28 sec
reduceDB: Keeping   51190 out of   97000 clauses (52.77 %)  Time =     0.29 sec
reduceDB: Keeping   53054 out of   98000 clauses (54.14 %)  Time =     0.29 sec
reduceDB: Keeping   39436 out of   99002 clauses (39.83 %)  Time =     0.30 sec
reduceDB: Keeping   45064 out of  100000 clauses (45.06 %)  Time =     0.30 sec
reduceDB: Keeping   49862 out of  101001 clauses (49.37 %)  Time =     0.31 sec
reduceDB: Keeping   50990 out of  102002 clauses (49.99 %)  Time =     0.31 sec
reduceDB: Keeping   51492 out of  103000 clauses (49.99 %)  Time =     0.32 sec
reduceDB: Keeping   51994 out of  104000 clauses (49.99 %)  Time =     0.32 sec
reduceDB: Keeping   52468 out of  105001 clauses (49.97 %)  Time =     0.33 sec
reduceDB: Keeping   47640 out of  106002 clauses (44.94 %)  Time =     0.33 sec
reduceDB: Keeping   53619 out of  107001 clauses (50.11 %)  Time =     0.34 sec
reduceDB: Keeping   52169 out of  108000 clauses (48.30 %)  Time =     0.34 sec
reduceDB: Keeping   54419 out of  109001 clauses (49.93 %)  Time =     0.35 sec
reduceDB: Keeping   55098 out of  110003 clauses (50.09 %)  Time =     0.35 sec
reduceDB: Keeping   55153 out of  111001 clauses (49.69 %)  Time =     0.36 sec
reduceDB: Keeping   56106 out of  112001 clauses (50.09 %)  Time =     0.36 sec
reduceDB: Keeping   56529 out of  113000 clauses (50.03 %)  Time =     0.37 sec
reduceDB: Keeping   58082 out of  114002 clauses (50.95 %)  Time =     0.38 sec
reduceDB: Keeping   58499 out of  115001 clauses (50.87 %)  Time =     0.38 sec
reduceDB: Keeping   60141 out of  116002 clauses (51.84 %)  Time =     0.39 sec
reduceDB: Keeping   62608 out of  117000 clauses (53.51 %)  Time =     0.39 sec
reduceDB: Keeping   63278 out of  118001 clauses (53.62 %)  Time =     0.40 sec
reduceDB: Keeping   52479 out of  119000 clauses (44.10 %)  Time =     0.40 sec
reduceDB: Keeping   61849 out of  120001 clauses (51.54 %)  Time =     0.41 sec
starts        :             6363
conflicts     :          3659405
decisions     :          4195359
propagations  :       1149833162
Final SAT:        Nodes =   2118.  Time =   328.15 sec
Networks are equivalent.  Time =   344.63 sec
End Old Verify =   344.63 sec
