ABC command line: "&read replace_1522.aig; &cec -m -v".

label 1
label 3
Assuming the current network is a single-output miter.
label 6
Start EquivFixOutputPairs =     0.00 sec
End EquivFixOutputPairs =     0.00 sec
Start ManSatSweeping =     0.00 sec
Simulating 15 words for 15 rounds. SAT solving with 1000 conflicts.
nSimWords = 0
cst =    4135  cls =      0  lit =    4135  unused =     256  proof =     0
cst =     193  cls =    171  lit =     464  unused =    3756  proof =     0
cst =      73  cls =     82  lit =     172  unused =    4137  proof =     0
cst =      19  cls =     32  lit =      54  unused =    4305  proof =     0
cst =       3  cls =     13  lit =      17  unused =    4361  proof =     0
cst =       0  cls =      7  lit =       8  unused =    4376  proof =     0
cst =       0  cls =      6  lit =       6  unused =    4379  proof =     0
cst =       0  cls =      3  lit =       3  unused =    4385  proof =     0
cst =       0  cls =      3  lit =       3  unused =    4385  proof =     0
cst =       0  cls =      3  lit =       3  unused =    4385  proof =     0
  1 : P =      0. D =      0. F =     1. M =    1673. And =    4135. Time =     0.03 sec
Increasing conflict limit to 10000.
The result is written into file "cec_giaSweep.aig".
Switching into reduced mode.
  2 : P =      0. D =      0. F =     1. M =    1673. And =    4135. Time =     0.40 sec
Increasing conflict limit to 100000.
The result is written into file "cec_giaSweep.aig".
Switching into normal mode.
  3 : P =      0. D =      2. F =     0. M =       0. And =    4135. Time =     0.00 sec
  4 : P =      0. D =      0. F =     1. M =       0. And =    4135. Time =     4.85 sec
Performed 5 SAT calls: P = 0  D = 2  F = 3
NBeg = 4135. NEnd = 4135. (Gain =   0.00 %).  RBeg = 0. REnd = 0. (Gain =   0.00 %).
Sim  =     0.00 sec (  0.00 %)
Sat  =     5.27 sec (  0.00 %)
Pat  =     0.00 sec (  0.00 %)
Time =     5.28 sec
End ManSatSweeping =     5.28 sec
Networks are UNDECIDED after the new CEC engine.  Time =     5.28 sec
Calling the old CEC engine.
Start Old Verify =     5.28 sec
Original miter:   Nodes =   4138.
label 27
Initial SAT:      Nodes =   4138.  Time =     0.03 sec
Rewriting:        Nodes =   4136.  Time =     0.03 sec
There are 0 XORs
Balance-X:        Nodes =   4415.  Time =     0.00 sec
Starting Fra_SmlSimulate......classes =    44.   Lits =     88.
Refined classes  after Pattern 0=    44.   Changes =    0.   Lits =     88.
Refined classes after pattern 1 =    41.   Changes =    6.   Lits =     82.
Refined classes  =    18.   Changes =   49.   Lits =     33.
Refined classes  =    14.   Changes =   10.   Lits =     23.
Refined classes  =     9.   Changes =    7.   Lits =     16.
Refined classes  =     8.   Changes =    3.   Lits =     13.
Refined classes  =     5.   Changes =    3.   Lits =     10.
Refined classes  =     2.   Changes =    5.   Lits =      5.
Refined classes  =     2.   Changes =    0.   Lits =      5.
start Fra_FraigSweep...
Fraiging (i=1):   Nodes =   4415.  Time =     0.00 sec
Rewriting:        Nodes =   4159.  Time =     0.01 sec
There are 0 XORs
Balance-X:        Nodes =   4415.  Time =     0.00 sec
Starting Fra_SmlSimulate......classes =    44.   Lits =     88.
Refined classes  after Pattern 0=    44.   Changes =    0.   Lits =     88.
Refined classes after pattern 1 =    41.   Changes =    6.   Lits =     82.
Refined classes  =    18.   Changes =   49.   Lits =     33.
Refined classes  =    14.   Changes =   10.   Lits =     23.
Refined classes  =     9.   Changes =    7.   Lits =     16.
Refined classes  =     8.   Changes =    3.   Lits =     13.
Refined classes  =     5.   Changes =    3.   Lits =     10.
Refined classes  =     2.   Changes =    5.   Lits =      5.
Refined classes  =     2.   Changes =    0.   Lits =      5.
start Fra_FraigSweep...
Fraiging (i=2):   Nodes =   4415.  Time =     0.00 sec
Rewriting:        Nodes =   4159.  Time =     0.01 sec
There are 0 XORs
Balance-X:        Nodes =   4415.  Time =     0.00 sec
Starting Fra_SmlSimulate......classes =    44.   Lits =     88.
Refined classes  after Pattern 0=    44.   Changes =    0.   Lits =     88.
Refined classes after pattern 1 =    41.   Changes =    6.   Lits =     82.
Refined classes  =    18.   Changes =   49.   Lits =     33.
Refined classes  =    14.   Changes =   10.   Lits =     23.
Refined classes  =     9.   Changes =    7.   Lits =     16.
Refined classes  =     8.   Changes =    3.   Lits =     13.
Refined classes  =     5.   Changes =    3.   Lits =     10.
Refined classes  =     2.   Changes =    5.   Lits =      5.
Refined classes  =     2.   Changes =    0.   Lits =      5.
start Fra_FraigSweep...
Fraiging (i=3):   Nodes =   4415.  Time =     0.01 sec
Rewriting:        Nodes =   4159.  Time =     0.01 sec
There are 0 XORs
Balance-X:        Nodes =   4415.  Time =     0.00 sec
Starting Fra_SmlSimulate......classes =    44.   Lits =     88.
Refined classes  after Pattern 0=    44.   Changes =    0.   Lits =     88.
Refined classes after pattern 1 =    41.   Changes =    6.   Lits =     82.
Refined classes  =    18.   Changes =   49.   Lits =     33.
Refined classes  =    14.   Changes =   10.   Lits =     23.
Refined classes  =     9.   Changes =    7.   Lits =     16.
Refined classes  =     8.   Changes =    3.   Lits =     13.
Refined classes  =     5.   Changes =    3.   Lits =     10.
Refined classes  =     2.   Changes =    5.   Lits =      5.
Refined classes  =     2.   Changes =    0.   Lits =      5.
start Fra_FraigSweep...
Fraiging (i=4):   Nodes =   4415.  Time =     0.13 sec
Rewriting:        Nodes =   4159.  Time =     0.01 sec
There are 0 XORs
Balance-X:        Nodes =   4415.  Time =     0.00 sec
Starting Fra_SmlSimulate......classes =    44.   Lits =     88.
Refined classes  after Pattern 0=    44.   Changes =    0.   Lits =     88.
Refined classes after pattern 1 =    41.   Changes =    6.   Lits =     82.
Refined classes  =    18.   Changes =   49.   Lits =     33.
Refined classes  =    14.   Changes =   10.   Lits =     23.
Refined classes  =     9.   Changes =    7.   Lits =     16.
Refined classes  =     8.   Changes =    3.   Lits =     13.
Refined classes  =     5.   Changes =    3.   Lits =     10.
Refined classes  =     2.   Changes =    5.   Lits =      5.
Refined classes  =     2.   Changes =    0.   Lits =      5.
start Fra_FraigSweep...
Fraiging (i=5):   Nodes =   4415.  Time =     1.48 sec
Rewriting:        Nodes =   4159.  Time =     0.01 sec
There are 0 XORs
Balance-X:        Nodes =   4415.  Time =     0.00 sec
Starting Fra_SmlSimulate......classes =    44.   Lits =     88.
Refined classes  after Pattern 0=    44.   Changes =    0.   Lits =     88.
Refined classes after pattern 1 =    41.   Changes =    6.   Lits =     82.
Refined classes  =    18.   Changes =   49.   Lits =     33.
Refined classes  =    14.   Changes =   10.   Lits =     23.
Refined classes  =     9.   Changes =    7.   Lits =     16.
Refined classes  =     8.   Changes =    3.   Lits =     13.
Refined classes  =     5.   Changes =    3.   Lits =     10.
Refined classes  =     2.   Changes =    5.   Lits =      5.
Refined classes  =     2.   Changes =    0.   Lits =      5.
start Fra_FraigSweep...
Fraiging (i=6):   Nodes =   4415.  Time =    15.41 sec
Rewriting:        Nodes =   4159.  Time =     0.01 sec
label 27
CNF stats: Vars =   2588. Clauses =    8986. Literals =    24418. Time =     0.00 sec
Running SAT solver with parameters 10000 and 1000 and 50.
reduceDB: Keeping    4891 out of   10001 clauses (48.91 %)  Time =     0.05 sec
reduceDB: Keeping    5528 out of   11002 clauses (50.25 %)  Time =     0.05 sec
reduceDB: Keeping    6021 out of   12001 clauses (50.17 %)  Time =     0.05 sec
reduceDB: Keeping    6522 out of   13001 clauses (50.17 %)  Time =     0.05 sec
reduceDB: Keeping    7018 out of   14000 clauses (50.13 %)  Time =     0.05 sec
reduceDB: Keeping    7516 out of   15001 clauses (50.10 %)  Time =     0.05 sec
reduceDB: Keeping    8024 out of   16000 clauses (50.15 %)  Time =     0.05 sec
reduceDB: Keeping    8508 out of   17001 clauses (50.04 %)  Time =     0.05 sec
reduceDB: Keeping    9024 out of   18001 clauses (50.13 %)  Time =     0.05 sec
reduceDB: Keeping    9521 out of   19001 clauses (50.11 %)  Time =     0.06 sec
reduceDB: Keeping   10155 out of   20002 clauses (50.77 %)  Time =     0.06 sec
reduceDB: Keeping   10833 out of   21000 clauses (51.59 %)  Time =     0.06 sec
reduceDB: Keeping   11204 out of   22000 clauses (50.93 %)  Time =     0.06 sec
reduceDB: Keeping   11644 out of   23001 clauses (50.62 %)  Time =     0.06 sec
reduceDB: Keeping   12056 out of   24001 clauses (50.23 %)  Time =     0.06 sec
reduceDB: Keeping   12648 out of   25001 clauses (50.59 %)  Time =     0.06 sec
reduceDB: Keeping   13344 out of   26001 clauses (51.32 %)  Time =     0.07 sec
reduceDB: Keeping   14008 out of   27003 clauses (51.88 %)  Time =     0.07 sec
reduceDB: Keeping   14667 out of   28001 clauses (52.38 %)  Time =     0.07 sec
reduceDB: Keeping   15088 out of   29000 clauses (52.03 %)  Time =     0.07 sec
reduceDB: Keeping   15710 out of   30001 clauses (52.36 %)  Time =     0.07 sec
reduceDB: Keeping   16106 out of   31000 clauses (51.95 %)  Time =     0.07 sec
reduceDB: Keeping   16444 out of   32000 clauses (51.39 %)  Time =     0.08 sec
reduceDB: Keeping   17095 out of   33001 clauses (51.80 %)  Time =     0.08 sec
reduceDB: Keeping   17552 out of   34002 clauses (51.62 %)  Time =     0.08 sec
reduceDB: Keeping   18031 out of   35002 clauses (51.51 %)  Time =     0.08 sec
reduceDB: Keeping   18447 out of   36001 clauses (51.24 %)  Time =     0.08 sec
reduceDB: Keeping   18551 out of   37000 clauses (50.14 %)  Time =     0.09 sec
reduceDB: Keeping   19043 out of   38000 clauses (50.11 %)  Time =     0.09 sec
reduceDB: Keeping   19760 out of   39001 clauses (50.67 %)  Time =     0.09 sec
reduceDB: Keeping   20060 out of   40000 clauses (50.15 %)  Time =     0.09 sec
reduceDB: Keeping   20753 out of   41000 clauses (50.62 %)  Time =     0.10 sec
reduceDB: Keeping   21160 out of   42000 clauses (50.38 %)  Time =     0.10 sec
reduceDB: Keeping   21683 out of   43001 clauses (50.42 %)  Time =     0.10 sec
reduceDB: Keeping   23171 out of   44000 clauses (52.66 %)  Time =     0.10 sec
reduceDB: Keeping   23659 out of   45001 clauses (52.57 %)  Time =     0.11 sec
reduceDB: Keeping   23529 out of   46000 clauses (51.15 %)  Time =     0.11 sec
reduceDB: Keeping   23701 out of   47001 clauses (50.43 %)  Time =     0.11 sec
reduceDB: Keeping   24211 out of   48002 clauses (50.44 %)  Time =     0.11 sec
reduceDB: Keeping   24941 out of   49000 clauses (50.90 %)  Time =     0.12 sec
reduceDB: Keeping   25326 out of   50000 clauses (50.65 %)  Time =     0.12 sec
reduceDB: Keeping   25552 out of   51001 clauses (50.10 %)  Time =     0.12 sec
reduceDB: Keeping   26084 out of   52001 clauses (50.16 %)  Time =     0.13 sec
reduceDB: Keeping   26600 out of   53001 clauses (50.19 %)  Time =     0.13 sec
reduceDB: Keeping   27349 out of   54001 clauses (50.65 %)  Time =     0.13 sec
reduceDB: Keeping   27581 out of   55003 clauses (50.14 %)  Time =     0.14 sec
reduceDB: Keeping   28649 out of   56001 clauses (51.16 %)  Time =     0.14 sec
reduceDB: Keeping   28686 out of   57002 clauses (50.32 %)  Time =     0.14 sec
reduceDB: Keeping   29127 out of   58000 clauses (50.22 %)  Time =     0.15 sec
reduceDB: Keeping   29474 out of   59000 clauses (49.96 %)  Time =     0.15 sec
reduceDB: Keeping   30083 out of   60001 clauses (50.14 %)  Time =     0.15 sec
reduceDB: Keeping   30567 out of   61001 clauses (50.11 %)  Time =     0.16 sec
reduceDB: Keeping   31076 out of   62000 clauses (50.12 %)  Time =     0.16 sec
reduceDB: Keeping   31880 out of   63003 clauses (50.60 %)  Time =     0.16 sec
reduceDB: Keeping   32679 out of   64000 clauses (51.06 %)  Time =     0.17 sec
reduceDB: Keeping   34428 out of   65002 clauses (52.96 %)  Time =     0.17 sec
reduceDB: Keeping   35120 out of   66000 clauses (53.21 %)  Time =     0.17 sec
reduceDB: Keeping   35972 out of   67000 clauses (53.69 %)  Time =     0.18 sec
reduceDB: Keeping   35443 out of   68000 clauses (52.12 %)  Time =     0.18 sec
reduceDB: Keeping   35722 out of   69000 clauses (51.77 %)  Time =     0.19 sec
reduceDB: Keeping   36283 out of   70004 clauses (51.83 %)  Time =     0.19 sec
reduceDB: Keeping   36201 out of   71000 clauses (50.99 %)  Time =     0.19 sec
reduceDB: Keeping   36301 out of   72001 clauses (50.42 %)  Time =     0.20 sec
reduceDB: Keeping   36570 out of   73002 clauses (50.09 %)  Time =     0.20 sec
reduceDB: Keeping   37041 out of   74001 clauses (50.05 %)  Time =     0.21 sec
reduceDB: Keeping   37600 out of   75001 clauses (50.13 %)  Time =     0.21 sec
reduceDB: Keeping   38102 out of   76002 clauses (50.13 %)  Time =     0.22 sec
reduceDB: Keeping   38493 out of   77000 clauses (49.99 %)  Time =     0.22 sec
reduceDB: Keeping   39061 out of   78002 clauses (50.08 %)  Time =     0.22 sec
reduceDB: Keeping   39289 out of   79000 clauses (49.73 %)  Time =     0.23 sec
reduceDB: Keeping   40399 out of   80001 clauses (50.50 %)  Time =     0.23 sec
reduceDB: Keeping   40927 out of   81002 clauses (50.53 %)  Time =     0.24 sec
reduceDB: Keeping   41247 out of   82001 clauses (50.30 %)  Time =     0.24 sec
reduceDB: Keeping   41554 out of   83001 clauses (50.06 %)  Time =     0.25 sec
reduceDB: Keeping   41944 out of   84001 clauses (49.93 %)  Time =     0.25 sec
reduceDB: Keeping   42471 out of   85001 clauses (49.97 %)  Time =     0.26 sec
reduceDB: Keeping   43100 out of   86001 clauses (50.12 %)  Time =     0.26 sec
reduceDB: Keeping   43619 out of   87000 clauses (50.14 %)  Time =     0.27 sec
reduceDB: Keeping   42895 out of   88000 clauses (48.74 %)  Time =     0.27 sec
reduceDB: Keeping   44465 out of   89001 clauses (49.96 %)  Time =     0.28 sec
reduceDB: Keeping   45170 out of   90001 clauses (50.19 %)  Time =     0.28 sec
reduceDB: Keeping   45329 out of   91000 clauses (49.81 %)  Time =     0.29 sec
reduceDB: Keeping   46123 out of   92002 clauses (50.13 %)  Time =     0.29 sec
reduceDB: Keeping   46485 out of   93001 clauses (49.98 %)  Time =     0.30 sec
reduceDB: Keeping   46263 out of   94001 clauses (49.22 %)  Time =     0.30 sec
reduceDB: Keeping   47583 out of   95003 clauses (50.09 %)  Time =     0.31 sec
reduceDB: Keeping   48007 out of   96002 clauses (50.01 %)  Time =     0.31 sec
reduceDB: Keeping   47604 out of   97000 clauses (49.08 %)  Time =     0.32 sec
reduceDB: Keeping   49096 out of   98001 clauses (50.10 %)  Time =     0.32 sec
reduceDB: Keeping   49639 out of   99000 clauses (50.14 %)  Time =     0.33 sec
reduceDB: Keeping   50162 out of  100001 clauses (50.16 %)  Time =     0.34 sec
reduceDB: Keeping   50669 out of  101001 clauses (50.17 %)  Time =     0.34 sec
reduceDB: Keeping   50990 out of  102001 clauses (49.99 %)  Time =     0.35 sec
reduceDB: Keeping   51642 out of  103001 clauses (50.14 %)  Time =     0.35 sec
reduceDB: Keeping   52110 out of  104000 clauses (50.11 %)  Time =     0.36 sec
reduceDB: Keeping   52600 out of  105001 clauses (50.09 %)  Time =     0.37 sec
reduceDB: Keeping   53142 out of  106001 clauses (50.13 %)  Time =     0.37 sec
reduceDB: Keeping   53657 out of  107000 clauses (50.15 %)  Time =     0.38 sec
reduceDB: Keeping   54470 out of  108000 clauses (50.44 %)  Time =     0.38 sec
reduceDB: Keeping   55240 out of  109000 clauses (50.68 %)  Time =     0.39 sec
reduceDB: Keeping   55139 out of  110000 clauses (50.13 %)  Time =     0.40 sec
reduceDB: Keeping   55897 out of  111001 clauses (50.36 %)  Time =     0.40 sec
reduceDB: Keeping   56310 out of  112000 clauses (50.28 %)  Time =     0.41 sec
reduceDB: Keeping   57150 out of  113002 clauses (50.57 %)  Time =     0.42 sec
reduceDB: Keeping   57743 out of  114001 clauses (50.65 %)  Time =     0.42 sec
reduceDB: Keeping   58027 out of  115000 clauses (50.46 %)  Time =     0.43 sec
reduceDB: Keeping   58607 out of  116001 clauses (50.52 %)  Time =     0.44 sec
reduceDB: Keeping   60344 out of  117000 clauses (51.58 %)  Time =     0.44 sec
reduceDB: Keeping   61796 out of  118000 clauses (52.37 %)  Time =     0.45 sec
reduceDB: Keeping   63580 out of  119000 clauses (53.43 %)  Time =     0.46 sec
reduceDB: Keeping   63432 out of  120002 clauses (52.86 %)  Time =     0.46 sec
reduceDB: Keeping   64213 out of  121000 clauses (53.07 %)  Time =     0.47 sec
reduceDB: Keeping   64415 out of  122000 clauses (52.80 %)  Time =     0.48 sec
reduceDB: Keeping   66205 out of  123000 clauses (53.83 %)  Time =     0.49 sec
reduceDB: Keeping   67419 out of  124000 clauses (54.37 %)  Time =     0.49 sec
reduceDB: Keeping   67901 out of  125001 clauses (54.32 %)  Time =     0.50 sec
reduceDB: Keeping   68526 out of  126001 clauses (54.39 %)  Time =     0.51 sec
reduceDB: Keeping   50537 out of  127000 clauses (39.79 %)  Time =     0.52 sec
reduceDB: Keeping   59162 out of  128000 clauses (46.22 %)  Time =     0.52 sec
reduceDB: Keeping   64641 out of  129000 clauses (50.11 %)  Time =     0.53 sec
starts        :             7424
conflicts     :          4204589
decisions     :          4820348
propagations  :       2170366137
Final SAT:        Nodes =   4159.  Time =   507.53 sec
Networks are equivalent.  Time =   529.99 sec
End Old Verify =   529.99 sec
