ABC command line: "&read replace_2169.aig; &cec -m -v".

label 1
label 3
Assuming the current network is a single-output miter.
label 6
Start EquivFixOutputPairs =     0.00 sec
End EquivFixOutputPairs =     0.00 sec
Start ManSatSweeping =     0.00 sec
Simulating 15 words for 15 rounds. SAT solving with 1000 conflicts.
nSimWords = 0
cst =    2381  cls =      0  lit =    2381  unused =     256  proof =     0
cst =      35  cls =     42  lit =      97  unused =    2498  proof =     0
cst =      11  cls =     17  lit =      29  unused =    2591  proof =     0
cst =       0  cls =      2  lit =       2  unused =    2633  proof =     0
cst =       0  cls =      1  lit =       1  unused =    2635  proof =     0
cst =       0  cls =      1  lit =       1  unused =    2635  proof =     0
cst =       0  cls =      1  lit =       1  unused =    2635  proof =     0
cst =       0  cls =      1  lit =       1  unused =    2635  proof =     0
cst =       0  cls =      1  lit =       1  unused =    2635  proof =     0
cst =       0  cls =      1  lit =       1  unused =    2635  proof =     0
  1 : P =      0. D =      0. F =     1. M =     810. And =    2381. Time =     0.02 sec
Increasing conflict limit to 10000.
The result is written into file "cec_giaSweep.aig".
Switching into reduced mode.
  2 : P =      0. D =      0. F =     1. M =     810. And =    2381. Time =     0.32 sec
Increasing conflict limit to 100000.
The result is written into file "cec_giaSweep.aig".
Switching into normal mode.
  3 : P =      0. D =      0. F =     1. M =       0. And =    2381. Time =     3.89 sec
Performed 3 SAT calls: P = 0  D = 0  F = 3
NBeg = 2381. NEnd = 2381. (Gain =   0.00 %).  RBeg = 0. REnd = 0. (Gain =   0.00 %).
Sim  =     0.00 sec (  0.00 %)
Sat  =     4.24 sec (  0.00 %)
Pat  =     0.00 sec (  0.00 %)
Time =     4.25 sec
End ManSatSweeping =     4.25 sec
Networks are UNDECIDED after the new CEC engine.  Time =     4.25 sec
Calling the old CEC engine.
Start Old Verify =     4.25 sec
Original miter:   Nodes =   2384.
label 27
Initial SAT:      Nodes =   2384.  Time =     0.02 sec
Rewriting:        Nodes =   2384.  Time =     0.02 sec
There are 0 XORs
Balance-X:        Nodes =   2656.  Time =     0.00 sec
Starting Fra_SmlSimulate......classes =     5.   Lits =      8.
Refined classes  after Pattern 0=     5.   Changes =    0.   Lits =      8.
Refined classes after pattern 1 =     5.   Changes =    0.   Lits =      8.
Refined classes  =     2.   Changes =    3.   Lits =      5.
Refined classes  =     2.   Changes =    0.   Lits =      5.
start Fra_FraigSweep...
Fraiging (i=1):   Nodes =   2655.  Time =     0.00 sec
Rewriting:        Nodes =   2401.  Time =     0.01 sec
There are 0 XORs
Balance-X:        Nodes =   2651.  Time =     0.00 sec
Starting Fra_SmlSimulate......classes =     4.   Lits =      7.
Refined classes  after Pattern 0=     4.   Changes =    0.   Lits =      7.
Refined classes after pattern 1 =     4.   Changes =    0.   Lits =      7.
Refined classes  =     1.   Changes =    3.   Lits =      4.
Refined classes  =     1.   Changes =    0.   Lits =      4.
start Fra_FraigSweep...
Fraiging (i=2):   Nodes =   2651.  Time =     0.00 sec
Rewriting:        Nodes =   2403.  Time =     0.01 sec
There are 0 XORs
Balance-X:        Nodes =   2651.  Time =     0.00 sec
Starting Fra_SmlSimulate......classes =     4.   Lits =      7.
Refined classes  after Pattern 0=     4.   Changes =    0.   Lits =      7.
Refined classes after pattern 1 =     4.   Changes =    0.   Lits =      7.
Refined classes  =     1.   Changes =    3.   Lits =      4.
Refined classes  =     1.   Changes =    0.   Lits =      4.
start Fra_FraigSweep...
Fraiging (i=3):   Nodes =   2651.  Time =     0.01 sec
Rewriting:        Nodes =   2401.  Time =     0.01 sec
There are 0 XORs
Balance-X:        Nodes =   2651.  Time =     0.00 sec
Starting Fra_SmlSimulate......classes =     4.   Lits =      7.
Refined classes  after Pattern 0=     4.   Changes =    0.   Lits =      7.
Refined classes after pattern 1 =     4.   Changes =    0.   Lits =      7.
Refined classes  =     1.   Changes =    3.   Lits =      4.
Refined classes  =     1.   Changes =    0.   Lits =      4.
start Fra_FraigSweep...
Fraiging (i=4):   Nodes =   2651.  Time =     0.05 sec
Rewriting:        Nodes =   2401.  Time =     0.01 sec
There are 0 XORs
Balance-X:        Nodes =   2651.  Time =     0.00 sec
Starting Fra_SmlSimulate......classes =     4.   Lits =      7.
Refined classes  after Pattern 0=     4.   Changes =    0.   Lits =      7.
Refined classes after pattern 1 =     4.   Changes =    0.   Lits =      7.
Refined classes  =     1.   Changes =    3.   Lits =      4.
Refined classes  =     1.   Changes =    0.   Lits =      4.
start Fra_FraigSweep...
Fraiging (i=5):   Nodes =   2651.  Time =     0.52 sec
Rewriting:        Nodes =   2401.  Time =     0.01 sec
There are 0 XORs
Balance-X:        Nodes =   2651.  Time =     0.00 sec
Starting Fra_SmlSimulate......classes =     4.   Lits =      7.
Refined classes  after Pattern 0=     4.   Changes =    0.   Lits =      7.
Refined classes after pattern 1 =     4.   Changes =    0.   Lits =      7.
Refined classes  =     1.   Changes =    3.   Lits =      4.
Refined classes  =     1.   Changes =    0.   Lits =      4.
start Fra_FraigSweep...
Fraiging (i=6):   Nodes =   2651.  Time =     5.66 sec
Rewriting:        Nodes =   2401.  Time =     0.01 sec
label 27
CNF stats: Vars =   1771. Clauses =    5460. Literals =    14699. Time =     0.00 sec
Running SAT solver with parameters 10000 and 1000 and 50.
reduceDB: Keeping    5017 out of   10000 clauses (50.17 %)  Time =     0.03 sec
reduceDB: Keeping    5517 out of   11002 clauses (50.15 %)  Time =     0.03 sec
reduceDB: Keeping    6012 out of   12000 clauses (50.10 %)  Time =     0.03 sec
reduceDB: Keeping    6530 out of   13002 clauses (50.22 %)  Time =     0.03 sec
reduceDB: Keeping    7015 out of   14000 clauses (50.11 %)  Time =     0.03 sec
reduceDB: Keeping    7517 out of   15000 clauses (50.11 %)  Time =     0.03 sec
reduceDB: Keeping    8034 out of   16000 clauses (50.21 %)  Time =     0.03 sec
reduceDB: Keeping    8521 out of   17000 clauses (50.12 %)  Time =     0.04 sec
reduceDB: Keeping    9022 out of   18001 clauses (50.12 %)  Time =     0.04 sec
reduceDB: Keeping    9697 out of   19001 clauses (51.03 %)  Time =     0.04 sec
reduceDB: Keeping   10399 out of   20001 clauses (51.99 %)  Time =     0.04 sec
reduceDB: Keeping   10958 out of   21000 clauses (52.18 %)  Time =     0.04 sec
reduceDB: Keeping   11260 out of   22002 clauses (51.18 %)  Time =     0.04 sec
reduceDB: Keeping   12021 out of   23000 clauses (52.27 %)  Time =     0.04 sec
reduceDB: Keeping   12609 out of   24000 clauses (52.54 %)  Time =     0.04 sec
reduceDB: Keeping   13228 out of   25001 clauses (52.91 %)  Time =     0.05 sec
reduceDB: Keeping   13427 out of   26000 clauses (51.64 %)  Time =     0.05 sec
reduceDB: Keeping   13890 out of   27001 clauses (51.44 %)  Time =     0.05 sec
reduceDB: Keeping   14740 out of   28001 clauses (52.64 %)  Time =     0.05 sec
reduceDB: Keeping   15332 out of   29001 clauses (52.87 %)  Time =     0.05 sec
reduceDB: Keeping   15888 out of   30001 clauses (52.96 %)  Time =     0.05 sec
reduceDB: Keeping   16320 out of   31000 clauses (52.65 %)  Time =     0.06 sec
reduceDB: Keeping   17033 out of   32001 clauses (53.23 %)  Time =     0.06 sec
reduceDB: Keeping   17254 out of   33000 clauses (52.28 %)  Time =     0.06 sec
reduceDB: Keeping   18040 out of   34000 clauses (53.06 %)  Time =     0.06 sec
reduceDB: Keeping   18484 out of   35001 clauses (52.81 %)  Time =     0.06 sec
reduceDB: Keeping   19048 out of   36000 clauses (52.91 %)  Time =     0.07 sec
reduceDB: Keeping   19781 out of   37000 clauses (53.46 %)  Time =     0.07 sec
reduceDB: Keeping   20129 out of   38000 clauses (52.97 %)  Time =     0.07 sec
reduceDB: Keeping   20419 out of   39001 clauses (52.36 %)  Time =     0.07 sec
reduceDB: Keeping   21026 out of   40001 clauses (52.56 %)  Time =     0.07 sec
reduceDB: Keeping   21338 out of   41002 clauses (52.04 %)  Time =     0.08 sec
reduceDB: Keeping   22221 out of   42000 clauses (52.91 %)  Time =     0.08 sec
reduceDB: Keeping   22758 out of   43003 clauses (52.92 %)  Time =     0.08 sec
reduceDB: Keeping   23452 out of   44001 clauses (53.30 %)  Time =     0.08 sec
reduceDB: Keeping   24248 out of   45001 clauses (53.88 %)  Time =     0.09 sec
reduceDB: Keeping   24467 out of   46001 clauses (53.19 %)  Time =     0.09 sec
reduceDB: Keeping   24881 out of   47002 clauses (52.94 %)  Time =     0.09 sec
reduceDB: Keeping   25336 out of   48002 clauses (52.78 %)  Time =     0.09 sec
reduceDB: Keeping   25573 out of   49001 clauses (52.19 %)  Time =     0.10 sec
reduceDB: Keeping   26521 out of   50003 clauses (53.04 %)  Time =     0.10 sec
reduceDB: Keeping   26842 out of   51001 clauses (52.63 %)  Time =     0.10 sec
reduceDB: Keeping   27214 out of   52000 clauses (52.33 %)  Time =     0.11 sec
reduceDB: Keeping   27572 out of   53001 clauses (52.02 %)  Time =     0.11 sec
reduceDB: Keeping   27960 out of   54000 clauses (51.78 %)  Time =     0.11 sec
reduceDB: Keeping   29062 out of   55000 clauses (52.84 %)  Time =     0.12 sec
reduceDB: Keeping   28737 out of   56000 clauses (51.32 %)  Time =     0.12 sec
reduceDB: Keeping   29042 out of   57002 clauses (50.95 %)  Time =     0.12 sec
reduceDB: Keeping   29425 out of   58001 clauses (50.73 %)  Time =     0.13 sec
reduceDB: Keeping   29567 out of   59002 clauses (50.11 %)  Time =     0.13 sec
reduceDB: Keeping   30130 out of   60000 clauses (50.22 %)  Time =     0.13 sec
reduceDB: Keeping   30594 out of   61000 clauses (50.15 %)  Time =     0.14 sec
reduceDB: Keeping   31082 out of   62001 clauses (50.13 %)  Time =     0.14 sec
reduceDB: Keeping   31547 out of   63001 clauses (50.07 %)  Time =     0.14 sec
reduceDB: Keeping   32373 out of   64000 clauses (50.58 %)  Time =     0.15 sec
reduceDB: Keeping   32723 out of   65001 clauses (50.34 %)  Time =     0.15 sec
reduceDB: Keeping   33467 out of   66001 clauses (50.71 %)  Time =     0.15 sec
reduceDB: Keeping   34272 out of   67000 clauses (51.15 %)  Time =     0.16 sec
reduceDB: Keeping   34100 out of   68001 clauses (50.15 %)  Time =     0.16 sec
reduceDB: Keeping   34608 out of   69000 clauses (50.16 %)  Time =     0.16 sec
reduceDB: Keeping   35067 out of   70002 clauses (50.09 %)  Time =     0.17 sec
reduceDB: Keeping   35500 out of   71001 clauses (50.00 %)  Time =     0.17 sec
reduceDB: Keeping   36124 out of   72001 clauses (50.17 %)  Time =     0.18 sec
reduceDB: Keeping   36583 out of   73001 clauses (50.11 %)  Time =     0.18 sec
reduceDB: Keeping   37077 out of   74000 clauses (50.10 %)  Time =     0.18 sec
reduceDB: Keeping   37591 out of   75001 clauses (50.12 %)  Time =     0.19 sec
reduceDB: Keeping   38119 out of   76001 clauses (50.16 %)  Time =     0.19 sec
reduceDB: Keeping   38524 out of   77000 clauses (50.03 %)  Time =     0.20 sec
reduceDB: Keeping   38890 out of   78000 clauses (49.86 %)  Time =     0.20 sec
reduceDB: Keeping   38858 out of   79001 clauses (49.19 %)  Time =     0.20 sec
reduceDB: Keeping   39975 out of   80000 clauses (49.97 %)  Time =     0.21 sec
reduceDB: Keeping   40734 out of   81001 clauses (50.29 %)  Time =     0.21 sec
reduceDB: Keeping   41082 out of   82001 clauses (50.10 %)  Time =     0.22 sec
reduceDB: Keeping   41392 out of   83000 clauses (49.87 %)  Time =     0.22 sec
reduceDB: Keeping   41982 out of   84000 clauses (49.98 %)  Time =     0.23 sec
reduceDB: Keeping   42596 out of   85000 clauses (50.11 %)  Time =     0.23 sec
reduceDB: Keeping   43089 out of   86001 clauses (50.10 %)  Time =     0.24 sec
reduceDB: Keeping   43676 out of   87001 clauses (50.20 %)  Time =     0.24 sec
reduceDB: Keeping   43914 out of   88000 clauses (49.90 %)  Time =     0.24 sec
reduceDB: Keeping   44636 out of   89000 clauses (50.15 %)  Time =     0.25 sec
reduceDB: Keeping   45137 out of   90001 clauses (50.15 %)  Time =     0.25 sec
reduceDB: Keeping   45488 out of   91001 clauses (49.99 %)  Time =     0.26 sec
reduceDB: Keeping   46094 out of   92000 clauses (50.10 %)  Time =     0.26 sec
reduceDB: Keeping   46955 out of   93000 clauses (50.49 %)  Time =     0.27 sec
reduceDB: Keeping   48629 out of   94001 clauses (51.73 %)  Time =     0.27 sec
reduceDB: Keeping   49767 out of   95001 clauses (52.39 %)  Time =     0.28 sec
reduceDB: Keeping   51192 out of   96000 clauses (53.33 %)  Time =     0.29 sec
reduceDB: Keeping   52837 out of   97000 clauses (54.47 %)  Time =     0.29 sec
reduceDB: Keeping   53257 out of   98001 clauses (54.34 %)  Time =     0.30 sec
reduceDB: Keeping   53527 out of   99001 clauses (54.07 %)  Time =     0.30 sec
reduceDB: Keeping   52889 out of  100000 clauses (52.89 %)  Time =     0.31 sec
reduceDB: Keeping   52612 out of  101000 clauses (52.09 %)  Time =     0.31 sec
reduceDB: Keeping   52842 out of  102000 clauses (51.81 %)  Time =     0.32 sec
reduceDB: Keeping   53296 out of  103002 clauses (51.74 %)  Time =     0.32 sec
reduceDB: Keeping   53952 out of  104003 clauses (51.88 %)  Time =     0.33 sec
reduceDB: Keeping   53664 out of  105001 clauses (51.11 %)  Time =     0.33 sec
reduceDB: Keeping   54716 out of  106001 clauses (51.62 %)  Time =     0.34 sec
reduceDB: Keeping   54523 out of  107002 clauses (50.96 %)  Time =     0.34 sec
reduceDB: Keeping   55006 out of  108001 clauses (50.93 %)  Time =     0.35 sec
reduceDB: Keeping   56154 out of  109000 clauses (51.52 %)  Time =     0.36 sec
reduceDB: Keeping   56348 out of  110001 clauses (51.22 %)  Time =     0.36 sec
reduceDB: Keeping   56027 out of  111000 clauses (50.47 %)  Time =     0.37 sec
reduceDB: Keeping   56574 out of  112005 clauses (50.51 %)  Time =     0.37 sec
reduceDB: Keeping   57128 out of  113001 clauses (50.56 %)  Time =     0.38 sec
reduceDB: Keeping   57346 out of  114000 clauses (50.30 %)  Time =     0.39 sec
reduceDB: Keeping   57798 out of  115001 clauses (50.26 %)  Time =     0.39 sec
reduceDB: Keeping   58072 out of  116001 clauses (50.06 %)  Time =     0.40 sec
reduceDB: Keeping   58648 out of  117000 clauses (50.13 %)  Time =     0.41 sec
reduceDB: Keeping   60155 out of  118000 clauses (50.98 %)  Time =     0.41 sec
reduceDB: Keeping   61104 out of  119002 clauses (51.35 %)  Time =     0.42 sec
reduceDB: Keeping   63231 out of  120000 clauses (52.69 %)  Time =     0.42 sec
reduceDB: Keeping   63933 out of  121002 clauses (52.84 %)  Time =     0.43 sec
reduceDB: Keeping   64481 out of  122002 clauses (52.85 %)  Time =     0.44 sec
reduceDB: Keeping   65317 out of  123000 clauses (53.10 %)  Time =     0.45 sec
reduceDB: Keeping   66572 out of  124000 clauses (53.69 %)  Time =     0.45 sec
reduceDB: Keeping   66869 out of  125000 clauses (53.50 %)  Time =     0.46 sec
reduceDB: Keeping   67573 out of  126001 clauses (53.63 %)  Time =     0.47 sec
reduceDB: Keeping   67659 out of  127002 clauses (53.27 %)  Time =     0.47 sec
reduceDB: Keeping   68648 out of  128000 clauses (53.63 %)  Time =     0.48 sec
reduceDB: Keeping   50973 out of  129000 clauses (39.51 %)  Time =     0.49 sec
starts        :             7382
conflicts     :          4170712
decisions     :          4784018
propagations  :       1407703338
Final SAT:        Nodes =   2401.  Time =   420.06 sec
Networks are equivalent.  Time =   430.64 sec
End Old Verify =   430.64 sec
