ABC command line: "&read replace_2135.aig; &cec -m -v".

label 1
label 3
Assuming the current network is a single-output miter.
label 6
Start EquivFixOutputPairs =     0.00 sec
End EquivFixOutputPairs =     0.00 sec
Start ManSatSweeping =     0.00 sec
Simulating 15 words for 15 rounds. SAT solving with 1000 conflicts.
nSimWords = 0
cst =    1999  cls =      0  lit =    1999  unused =     256  proof =     0
cst =       3  cls =      7  lit =      10  unused =    2238  proof =     0
cst =       3  cls =      4  lit =       7  unused =    2244  proof =     0
cst =       2  cls =      3  lit =       5  unused =    2247  proof =     0
cst =       2  cls =      3  lit =       5  unused =    2247  proof =     0
cst =       2  cls =      3  lit =       5  unused =    2247  proof =     0
cst =       2  cls =      3  lit =       5  unused =    2247  proof =     0
cst =       2  cls =      3  lit =       5  unused =    2247  proof =     0
cst =       2  cls =      3  lit =       5  unused =    2247  proof =     0
cst =       2  cls =      3  lit =       5  unused =    2247  proof =     0
  1 : P =      0. D =      0. F =     1. M =     656. And =    1999. Time =     0.02 sec
Increasing conflict limit to 10000.
The result is written into file "cec_giaSweep.aig".
Switching into reduced mode.
  2 : P =      0. D =      1. F =     0. M =     656. And =    1999. Time =     0.00 sec
Switching into normal mode.
  3 : P =      0. D =      1. F =     0. M =       0. And =    1999. Time =     0.00 sec
  4 : P =      0. D =      1. F =     0. M =       0. And =    1999. Time =     0.01 sec
  5 : P =      0. D =      0. F =     1. M =       0. And =    1999. Time =     0.28 sec
Increasing conflict limit to 100000.
The result is written into file "cec_giaSweep.aig".
  6 : P =      0. D =      0. F =     1. M =       0. And =    1999. Time =     3.87 sec
Performed 6 SAT calls: P = 0  D = 3  F = 3
NBeg = 1999. NEnd = 1999. (Gain =   0.00 %).  RBeg = 0. REnd = 0. (Gain =   0.00 %).
Sim  =     0.00 sec (  0.00 %)
Sat  =     4.17 sec (  0.00 %)
Pat  =     0.00 sec (  0.00 %)
Time =     4.19 sec
End ManSatSweeping =     4.19 sec
Networks are UNDECIDED after the new CEC engine.  Time =     4.19 sec
Calling the old CEC engine.
Start Old Verify =     4.19 sec
Original miter:   Nodes =   2002.
label 27
Initial SAT:      Nodes =   2002.  Time =     0.02 sec
Rewriting:        Nodes =   2002.  Time =     0.02 sec
There are 0 XORs
Balance-X:        Nodes =   2261.  Time =     0.00 sec
Starting Fra_SmlSimulate......classes =     3.   Lits =      8.
Refined classes  after Pattern 0=     3.   Changes =    0.   Lits =      8.
Refined classes after pattern 1 =     3.   Changes =    0.   Lits =      8.
Refined classes  =     3.   Changes =    0.   Lits =      8.
start Fra_FraigSweep...
Fraiging (i=1):   Nodes =   2261.  Time =     0.00 sec
Rewriting:        Nodes =   2021.  Time =     0.01 sec
There are 0 XORs
Balance-X:        Nodes =   2259.  Time =     0.00 sec
Starting Fra_SmlSimulate......classes =     3.   Lits =      8.
Refined classes  after Pattern 0=     3.   Changes =    0.   Lits =      8.
Refined classes after pattern 1 =     3.   Changes =    0.   Lits =      8.
Refined classes  =     3.   Changes =    0.   Lits =      8.
start Fra_FraigSweep...
Fraiging (i=2):   Nodes =   2259.  Time =     0.00 sec
Rewriting:        Nodes =   2025.  Time =     0.01 sec
There are 0 XORs
Balance-X:        Nodes =   2259.  Time =     0.00 sec
Starting Fra_SmlSimulate......classes =     3.   Lits =      8.
Refined classes  after Pattern 0=     3.   Changes =    0.   Lits =      8.
Refined classes after pattern 1 =     3.   Changes =    0.   Lits =      8.
Refined classes  =     3.   Changes =    0.   Lits =      8.
start Fra_FraigSweep...
Fraiging (i=3):   Nodes =   2259.  Time =     0.01 sec
Rewriting:        Nodes =   2025.  Time =     0.01 sec
There are 0 XORs
Balance-X:        Nodes =   2259.  Time =     0.00 sec
Starting Fra_SmlSimulate......classes =     3.   Lits =      8.
Refined classes  after Pattern 0=     3.   Changes =    0.   Lits =      8.
Refined classes after pattern 1 =     3.   Changes =    0.   Lits =      8.
Refined classes  =     3.   Changes =    0.   Lits =      8.
start Fra_FraigSweep...
Fraiging (i=4):   Nodes =   2259.  Time =     0.08 sec
Rewriting:        Nodes =   2025.  Time =     0.01 sec
There are 0 XORs
Balance-X:        Nodes =   2259.  Time =     0.00 sec
Starting Fra_SmlSimulate......classes =     3.   Lits =      8.
Refined classes  after Pattern 0=     3.   Changes =    0.   Lits =      8.
Refined classes after pattern 1 =     3.   Changes =    0.   Lits =      8.
Refined classes  =     3.   Changes =    0.   Lits =      8.
start Fra_FraigSweep...
Fraiging (i=5):   Nodes =   2259.  Time =     0.97 sec
Rewriting:        Nodes =   2025.  Time =     0.01 sec
There are 0 XORs
Balance-X:        Nodes =   2259.  Time =     0.00 sec
Starting Fra_SmlSimulate......classes =     3.   Lits =      8.
Refined classes  after Pattern 0=     3.   Changes =    0.   Lits =      8.
Refined classes after pattern 1 =     3.   Changes =    0.   Lits =      8.
Refined classes  =     3.   Changes =    0.   Lits =      8.
start Fra_FraigSweep...
Fraiging (i=6):   Nodes =   2259.  Time =    11.47 sec
Rewriting:        Nodes =   2025.  Time =     0.01 sec
label 27
CNF stats: Vars =   1550. Clauses =    4640. Literals =    12598. Time =     0.00 sec
Running SAT solver with parameters 10000 and 1000 and 50.
reduceDB: Keeping    5019 out of   10001 clauses (50.18 %)  Time =     0.05 sec
reduceDB: Keeping    5508 out of   11001 clauses (50.07 %)  Time =     0.05 sec
reduceDB: Keeping    5997 out of   12000 clauses (49.98 %)  Time =     0.05 sec
reduceDB: Keeping    6529 out of   13000 clauses (50.22 %)  Time =     0.05 sec
reduceDB: Keeping    7025 out of   14000 clauses (50.18 %)  Time =     0.05 sec
reduceDB: Keeping    7512 out of   15000 clauses (50.08 %)  Time =     0.05 sec
reduceDB: Keeping    8024 out of   16000 clauses (50.15 %)  Time =     0.05 sec
reduceDB: Keeping    8487 out of   17001 clauses (49.92 %)  Time =     0.05 sec
reduceDB: Keeping    9022 out of   18000 clauses (50.12 %)  Time =     0.05 sec
reduceDB: Keeping    9514 out of   19000 clauses (50.07 %)  Time =     0.05 sec
reduceDB: Keeping   10017 out of   20004 clauses (50.07 %)  Time =     0.06 sec
reduceDB: Keeping   10535 out of   21001 clauses (50.16 %)  Time =     0.06 sec
reduceDB: Keeping   11023 out of   22001 clauses (50.10 %)  Time =     0.06 sec
reduceDB: Keeping   11557 out of   23002 clauses (50.24 %)  Time =     0.06 sec
reduceDB: Keeping   12035 out of   24000 clauses (50.15 %)  Time =     0.06 sec
reduceDB: Keeping   12540 out of   25001 clauses (50.16 %)  Time =     0.06 sec
reduceDB: Keeping   13022 out of   26000 clauses (50.08 %)  Time =     0.06 sec
reduceDB: Keeping   13549 out of   27000 clauses (50.18 %)  Time =     0.07 sec
reduceDB: Keeping   14035 out of   28000 clauses (50.12 %)  Time =     0.07 sec
reduceDB: Keeping   14498 out of   29001 clauses (49.99 %)  Time =     0.07 sec
reduceDB: Keeping   15052 out of   30000 clauses (50.17 %)  Time =     0.07 sec
reduceDB: Keeping   15556 out of   31002 clauses (50.18 %)  Time =     0.07 sec
reduceDB: Keeping   16037 out of   32000 clauses (50.12 %)  Time =     0.07 sec
reduceDB: Keeping   16521 out of   33000 clauses (50.06 %)  Time =     0.08 sec
reduceDB: Keeping   16997 out of   34000 clauses (49.99 %)  Time =     0.08 sec
reduceDB: Keeping   17571 out of   35000 clauses (50.20 %)  Time =     0.08 sec
reduceDB: Keeping   18054 out of   36002 clauses (50.15 %)  Time =     0.08 sec
reduceDB: Keeping   18563 out of   37001 clauses (50.17 %)  Time =     0.08 sec
reduceDB: Keeping   19075 out of   38000 clauses (50.20 %)  Time =     0.09 sec
reduceDB: Keeping   19557 out of   39003 clauses (50.14 %)  Time =     0.09 sec
reduceDB: Keeping   20036 out of   40002 clauses (50.09 %)  Time =     0.09 sec
reduceDB: Keeping   20497 out of   41002 clauses (49.99 %)  Time =     0.09 sec
reduceDB: Keeping   21038 out of   42000 clauses (50.09 %)  Time =     0.10 sec
reduceDB: Keeping   21533 out of   43001 clauses (50.08 %)  Time =     0.10 sec
reduceDB: Keeping   22043 out of   44001 clauses (50.10 %)  Time =     0.10 sec
reduceDB: Keeping   22568 out of   45000 clauses (50.15 %)  Time =     0.10 sec
reduceDB: Keeping   22994 out of   46002 clauses (49.98 %)  Time =     0.11 sec
reduceDB: Keeping   23598 out of   47000 clauses (50.21 %)  Time =     0.11 sec
reduceDB: Keeping   24050 out of   48001 clauses (50.10 %)  Time =     0.11 sec
reduceDB: Keeping   24485 out of   49000 clauses (49.97 %)  Time =     0.11 sec
reduceDB: Keeping   25065 out of   50002 clauses (50.13 %)  Time =     0.12 sec
reduceDB: Keeping   25518 out of   51001 clauses (50.03 %)  Time =     0.12 sec
reduceDB: Keeping   26085 out of   52000 clauses (50.16 %)  Time =     0.12 sec
reduceDB: Keeping   26536 out of   53001 clauses (50.07 %)  Time =     0.13 sec
reduceDB: Keeping   27093 out of   54000 clauses (50.17 %)  Time =     0.13 sec
reduceDB: Keeping   27609 out of   55000 clauses (50.20 %)  Time =     0.13 sec
reduceDB: Keeping   28100 out of   56000 clauses (50.18 %)  Time =     0.14 sec
reduceDB: Keeping   28472 out of   57004 clauses (49.95 %)  Time =     0.14 sec
reduceDB: Keeping   28930 out of   58001 clauses (49.88 %)  Time =     0.14 sec
reduceDB: Keeping   29207 out of   59000 clauses (49.50 %)  Time =     0.15 sec
reduceDB: Keeping   29583 out of   60002 clauses (49.30 %)  Time =     0.15 sec
reduceDB: Keeping   30327 out of   61001 clauses (49.72 %)  Time =     0.15 sec
reduceDB: Keeping   30932 out of   62001 clauses (49.89 %)  Time =     0.15 sec
reduceDB: Keeping   31562 out of   63000 clauses (50.10 %)  Time =     0.16 sec
reduceDB: Keeping   32425 out of   64001 clauses (50.66 %)  Time =     0.16 sec
reduceDB: Keeping   33710 out of   65005 clauses (51.86 %)  Time =     0.16 sec
reduceDB: Keeping   34804 out of   66000 clauses (52.73 %)  Time =     0.17 sec
reduceDB: Keeping   34397 out of   67000 clauses (51.34 %)  Time =     0.17 sec
reduceDB: Keeping   34410 out of   68000 clauses (50.60 %)  Time =     0.18 sec
reduceDB: Keeping   34938 out of   69000 clauses (50.63 %)  Time =     0.18 sec
reduceDB: Keeping   35368 out of   70000 clauses (50.53 %)  Time =     0.18 sec
reduceDB: Keeping   35411 out of   71000 clauses (49.87 %)  Time =     0.19 sec
reduceDB: Keeping   36084 out of   72002 clauses (50.12 %)  Time =     0.19 sec
reduceDB: Keeping   36688 out of   73000 clauses (50.26 %)  Time =     0.20 sec
reduceDB: Keeping   37084 out of   74001 clauses (50.11 %)  Time =     0.20 sec
reduceDB: Keeping   37642 out of   75003 clauses (50.19 %)  Time =     0.20 sec
reduceDB: Keeping   38046 out of   76000 clauses (50.06 %)  Time =     0.21 sec
reduceDB: Keeping   38633 out of   77000 clauses (50.17 %)  Time =     0.21 sec
reduceDB: Keeping   39103 out of   78001 clauses (50.13 %)  Time =     0.22 sec
reduceDB: Keeping   39574 out of   79000 clauses (50.09 %)  Time =     0.22 sec
reduceDB: Keeping   40530 out of   80001 clauses (50.66 %)  Time =     0.23 sec
reduceDB: Keeping   40648 out of   81000 clauses (50.18 %)  Time =     0.23 sec
reduceDB: Keeping   40978 out of   82001 clauses (49.97 %)  Time =     0.23 sec
reduceDB: Keeping   41619 out of   83000 clauses (50.14 %)  Time =     0.24 sec
reduceDB: Keeping   42181 out of   84001 clauses (50.21 %)  Time =     0.24 sec
reduceDB: Keeping   42602 out of   85000 clauses (50.12 %)  Time =     0.25 sec
reduceDB: Keeping   43137 out of   86000 clauses (50.16 %)  Time =     0.25 sec
reduceDB: Keeping   43522 out of   87000 clauses (50.03 %)  Time =     0.26 sec
reduceDB: Keeping   44121 out of   88001 clauses (50.14 %)  Time =     0.26 sec
reduceDB: Keeping   42597 out of   89001 clauses (47.86 %)  Time =     0.27 sec
reduceDB: Keeping   45078 out of   90000 clauses (50.09 %)  Time =     0.27 sec
reduceDB: Keeping   44993 out of   91003 clauses (49.44 %)  Time =     0.28 sec
reduceDB: Keeping   46099 out of   92001 clauses (50.11 %)  Time =     0.28 sec
reduceDB: Keeping   46343 out of   93002 clauses (49.83 %)  Time =     0.29 sec
reduceDB: Keeping   47101 out of   94003 clauses (50.11 %)  Time =     0.29 sec
reduceDB: Keeping   48208 out of   95001 clauses (50.74 %)  Time =     0.30 sec
reduceDB: Keeping   49163 out of   96001 clauses (51.21 %)  Time =     0.30 sec
reduceDB: Keeping   49860 out of   97001 clauses (51.40 %)  Time =     0.31 sec
reduceDB: Keeping   51274 out of   98001 clauses (52.32 %)  Time =     0.31 sec
reduceDB: Keeping   51667 out of   99001 clauses (52.19 %)  Time =     0.32 sec
reduceDB: Keeping   52102 out of  100000 clauses (52.10 %)  Time =     0.32 sec
reduceDB: Keeping   52003 out of  101000 clauses (51.49 %)  Time =     0.33 sec
reduceDB: Keeping   52403 out of  102001 clauses (51.37 %)  Time =     0.33 sec
reduceDB: Keeping   53908 out of  103002 clauses (52.34 %)  Time =     0.34 sec
reduceDB: Keeping   53944 out of  104000 clauses (51.87 %)  Time =     0.35 sec
reduceDB: Keeping   53988 out of  105002 clauses (51.42 %)  Time =     0.35 sec
reduceDB: Keeping   54930 out of  106000 clauses (51.82 %)  Time =     0.36 sec
reduceDB: Keeping   55017 out of  107000 clauses (51.42 %)  Time =     0.36 sec
reduceDB: Keeping   55492 out of  108000 clauses (51.38 %)  Time =     0.37 sec
reduceDB: Keeping   56242 out of  109000 clauses (51.60 %)  Time =     0.37 sec
reduceDB: Keeping   56200 out of  110002 clauses (51.09 %)  Time =     0.38 sec
reduceDB: Keeping   56615 out of  111000 clauses (51.00 %)  Time =     0.39 sec
reduceDB: Keeping   56845 out of  112002 clauses (50.75 %)  Time =     0.39 sec
reduceDB: Keeping   58753 out of  113002 clauses (51.99 %)  Time =     0.40 sec
reduceDB: Keeping   58844 out of  114002 clauses (51.62 %)  Time =     0.41 sec
reduceDB: Keeping   59466 out of  115001 clauses (51.71 %)  Time =     0.41 sec
reduceDB: Keeping   60346 out of  116001 clauses (52.02 %)  Time =     0.42 sec
reduceDB: Keeping   60637 out of  117000 clauses (51.83 %)  Time =     0.42 sec
reduceDB: Keeping   62762 out of  118001 clauses (53.19 %)  Time =     0.43 sec
reduceDB: Keeping   47739 out of  119001 clauses (40.12 %)  Time =     0.44 sec
reduceDB: Keeping   56681 out of  120005 clauses (47.23 %)  Time =     0.44 sec
reduceDB: Keeping   60485 out of  121002 clauses (49.99 %)  Time =     0.45 sec
reduceDB: Keeping   61881 out of  122000 clauses (50.72 %)  Time =     0.46 sec
starts        :             6652
conflicts     :          3784767
decisions     :          4352679
propagations  :       1115820199
Final SAT:        Nodes =   2025.  Time =   371.32 sec
Networks are equivalent.  Time =   388.13 sec
End Old Verify =   388.13 sec
