ABC command line: "&read replace_1554.aig; &cec -m -v".

label 1
label 3
Assuming the current network is a single-output miter.
label 6
Start EquivFixOutputPairs =     0.00 sec
End EquivFixOutputPairs =     0.00 sec
Start ManSatSweeping =     0.00 sec
Simulating 15 words for 15 rounds. SAT solving with 1000 conflicts.
nSimWords = 0
cst =    2456  cls =      0  lit =    2456  unused =     256  proof =     0
cst =       6  cls =     21  lit =      31  unused =    2660  proof =     0
cst =       2  cls =      3  lit =       6  unused =    2703  proof =     0
cst =       0  cls =      1  lit =       1  unused =    2710  proof =     0
cst =       0  cls =      1  lit =       1  unused =    2710  proof =     0
cst =       0  cls =      1  lit =       1  unused =    2710  proof =     0
cst =       0  cls =      1  lit =       1  unused =    2710  proof =     0
cst =       0  cls =      1  lit =       1  unused =    2710  proof =     0
cst =       0  cls =      1  lit =       1  unused =    2710  proof =     0
cst =       0  cls =      1  lit =       1  unused =    2710  proof =     0
  1 : P =      0. D =      0. F =     1. M =     854. And =    2456. Time =     0.02 sec
Increasing conflict limit to 10000.
The result is written into file "cec_giaSweep.aig".
Switching into reduced mode.
  2 : P =      0. D =      0. F =     1. M =     854. And =    2456. Time =     0.29 sec
Increasing conflict limit to 100000.
The result is written into file "cec_giaSweep.aig".
Switching into normal mode.
  3 : P =      0. D =      0. F =     1. M =       0. And =    2456. Time =     4.19 sec
Performed 3 SAT calls: P = 0  D = 0  F = 3
NBeg = 2456. NEnd = 2456. (Gain =   0.00 %).  RBeg = 0. REnd = 0. (Gain =   0.00 %).
Sim  =     0.00 sec (  0.00 %)
Sat  =     4.50 sec (  0.00 %)
Pat  =     0.00 sec (  0.00 %)
Time =     4.51 sec
End ManSatSweeping =     4.51 sec
Networks are UNDECIDED after the new CEC engine.  Time =     4.51 sec
Calling the old CEC engine.
Start Old Verify =     4.51 sec
Original miter:   Nodes =   2459.
label 27
Initial SAT:      Nodes =   2459.  Time =     0.02 sec
Rewriting:        Nodes =   2459.  Time =     0.02 sec
There are 0 XORs
Balance-X:        Nodes =   2733.  Time =     0.00 sec
Starting Fra_SmlSimulate......classes =     1.   Lits =      4.
Refined classes  after Pattern 0=     1.   Changes =    0.   Lits =      4.
Refined classes after pattern 1 =     1.   Changes =    0.   Lits =      4.
Refined classes  =     1.   Changes =    0.   Lits =      4.
start Fra_FraigSweep...
Fraiging (i=1):   Nodes =   2733.  Time =     0.00 sec
Rewriting:        Nodes =   2480.  Time =     0.01 sec
There are 0 XORs
Balance-X:        Nodes =   2730.  Time =     0.00 sec
Starting Fra_SmlSimulate......classes =     1.   Lits =      4.
Refined classes  after Pattern 0=     1.   Changes =    0.   Lits =      4.
Refined classes after pattern 1 =     1.   Changes =    0.   Lits =      4.
Refined classes  =     1.   Changes =    0.   Lits =      4.
start Fra_FraigSweep...
Fraiging (i=2):   Nodes =   2730.  Time =     0.00 sec
Rewriting:        Nodes =   2478.  Time =     0.01 sec
There are 0 XORs
Balance-X:        Nodes =   2730.  Time =     0.00 sec
Starting Fra_SmlSimulate......classes =     1.   Lits =      4.
Refined classes  after Pattern 0=     1.   Changes =    0.   Lits =      4.
Refined classes after pattern 1 =     1.   Changes =    0.   Lits =      4.
Refined classes  =     1.   Changes =    0.   Lits =      4.
start Fra_FraigSweep...
Fraiging (i=3):   Nodes =   2730.  Time =     0.01 sec
Rewriting:        Nodes =   2478.  Time =     0.01 sec
There are 0 XORs
Balance-X:        Nodes =   2730.  Time =     0.00 sec
Starting Fra_SmlSimulate......classes =     1.   Lits =      4.
Refined classes  after Pattern 0=     1.   Changes =    0.   Lits =      4.
Refined classes after pattern 1 =     1.   Changes =    0.   Lits =      4.
Refined classes  =     1.   Changes =    0.   Lits =      4.
start Fra_FraigSweep...
Fraiging (i=4):   Nodes =   2730.  Time =     0.10 sec
Rewriting:        Nodes =   2478.  Time =     0.01 sec
There are 0 XORs
Balance-X:        Nodes =   2730.  Time =     0.00 sec
Starting Fra_SmlSimulate......classes =     1.   Lits =      4.
Refined classes  after Pattern 0=     1.   Changes =    0.   Lits =      4.
Refined classes after pattern 1 =     1.   Changes =    0.   Lits =      4.
Refined classes  =     1.   Changes =    0.   Lits =      4.
start Fra_FraigSweep...
Fraiging (i=5):   Nodes =   2730.  Time =     1.10 sec
Rewriting:        Nodes =   2478.  Time =     0.01 sec
There are 0 XORs
Balance-X:        Nodes =   2730.  Time =     0.00 sec
Starting Fra_SmlSimulate......classes =     1.   Lits =      4.
Refined classes  after Pattern 0=     1.   Changes =    0.   Lits =      4.
Refined classes after pattern 1 =     1.   Changes =    0.   Lits =      4.
Refined classes  =     1.   Changes =    0.   Lits =      4.
start Fra_FraigSweep...
Fraiging (i=6):   Nodes =   2730.  Time =    12.54 sec
Rewriting:        Nodes =   2478.  Time =     0.01 sec
label 27
CNF stats: Vars =   1801. Clauses =    5620. Literals =    15207. Time =     0.00 sec
Running SAT solver with parameters 10000 and 1000 and 50.
reduceDB: Keeping    5020 out of   10000 clauses (50.20 %)  Time =     0.05 sec
reduceDB: Keeping    5517 out of   11000 clauses (50.15 %)  Time =     0.05 sec
reduceDB: Keeping    6019 out of   12001 clauses (50.15 %)  Time =     0.05 sec
reduceDB: Keeping    6530 out of   13003 clauses (50.22 %)  Time =     0.05 sec
reduceDB: Keeping    7019 out of   14000 clauses (50.14 %)  Time =     0.05 sec
reduceDB: Keeping    7533 out of   15000 clauses (50.22 %)  Time =     0.05 sec
reduceDB: Keeping    8029 out of   16001 clauses (50.18 %)  Time =     0.05 sec
reduceDB: Keeping    8546 out of   17002 clauses (50.26 %)  Time =     0.05 sec
reduceDB: Keeping    9076 out of   18001 clauses (50.42 %)  Time =     0.05 sec
reduceDB: Keeping    9808 out of   19004 clauses (51.61 %)  Time =     0.05 sec
reduceDB: Keeping   10444 out of   20001 clauses (52.22 %)  Time =     0.05 sec
reduceDB: Keeping   11073 out of   21001 clauses (52.73 %)  Time =     0.06 sec
reduceDB: Keeping   11415 out of   22000 clauses (51.89 %)  Time =     0.06 sec
reduceDB: Keeping   11769 out of   23000 clauses (51.17 %)  Time =     0.06 sec
reduceDB: Keeping   12484 out of   24001 clauses (52.01 %)  Time =     0.06 sec
reduceDB: Keeping   13020 out of   25000 clauses (52.08 %)  Time =     0.06 sec
reduceDB: Keeping   13445 out of   26002 clauses (51.71 %)  Time =     0.06 sec
reduceDB: Keeping   14163 out of   27000 clauses (52.46 %)  Time =     0.07 sec
reduceDB: Keeping   14657 out of   28003 clauses (52.34 %)  Time =     0.07 sec
reduceDB: Keeping   15638 out of   29001 clauses (53.92 %)  Time =     0.07 sec
reduceDB: Keeping   13361 out of   30000 clauses (44.54 %)  Time =     0.07 sec
reduceDB: Keeping   15548 out of   31001 clauses (50.15 %)  Time =     0.07 sec
reduceDB: Keeping   16045 out of   32000 clauses (50.14 %)  Time =     0.07 sec
reduceDB: Keeping   16538 out of   33001 clauses (50.11 %)  Time =     0.08 sec
reduceDB: Keeping   17049 out of   34001 clauses (50.14 %)  Time =     0.08 sec
reduceDB: Keeping   17580 out of   35001 clauses (50.23 %)  Time =     0.08 sec
reduceDB: Keeping   18255 out of   36000 clauses (50.71 %)  Time =     0.08 sec
reduceDB: Keeping   18835 out of   37002 clauses (50.90 %)  Time =     0.08 sec
reduceDB: Keeping   19286 out of   38000 clauses (50.75 %)  Time =     0.09 sec
reduceDB: Keeping   19740 out of   39000 clauses (50.62 %)  Time =     0.09 sec
reduceDB: Keeping   20232 out of   40000 clauses (50.58 %)  Time =     0.09 sec
reduceDB: Keeping   21051 out of   41000 clauses (51.34 %)  Time =     0.09 sec
reduceDB: Keeping   21698 out of   42000 clauses (51.66 %)  Time =     0.10 sec
reduceDB: Keeping   22318 out of   43000 clauses (51.90 %)  Time =     0.10 sec
reduceDB: Keeping   23221 out of   44000 clauses (52.77 %)  Time =     0.10 sec
reduceDB: Keeping   23775 out of   45000 clauses (52.83 %)  Time =     0.10 sec
reduceDB: Keeping   23714 out of   46000 clauses (51.55 %)  Time =     0.11 sec
reduceDB: Keeping   24295 out of   47001 clauses (51.69 %)  Time =     0.11 sec
reduceDB: Keeping   24725 out of   48000 clauses (51.51 %)  Time =     0.11 sec
reduceDB: Keeping   25165 out of   49001 clauses (51.36 %)  Time =     0.11 sec
reduceDB: Keeping   25722 out of   50001 clauses (51.44 %)  Time =     0.12 sec
reduceDB: Keeping   26225 out of   51000 clauses (51.42 %)  Time =     0.12 sec
reduceDB: Keeping   26432 out of   52001 clauses (50.83 %)  Time =     0.12 sec
reduceDB: Keeping   27140 out of   53000 clauses (51.21 %)  Time =     0.13 sec
reduceDB: Keeping   28319 out of   54001 clauses (52.44 %)  Time =     0.13 sec
reduceDB: Keeping   28574 out of   55001 clauses (51.95 %)  Time =     0.13 sec
reduceDB: Keeping   28959 out of   56001 clauses (51.71 %)  Time =     0.14 sec
reduceDB: Keeping   29374 out of   57000 clauses (51.53 %)  Time =     0.14 sec
reduceDB: Keeping   29942 out of   58000 clauses (51.62 %)  Time =     0.14 sec
reduceDB: Keeping   30259 out of   59000 clauses (51.29 %)  Time =     0.15 sec
reduceDB: Keeping   31020 out of   60000 clauses (51.70 %)  Time =     0.15 sec
reduceDB: Keeping   31311 out of   61001 clauses (51.33 %)  Time =     0.15 sec
reduceDB: Keeping   32300 out of   62001 clauses (52.10 %)  Time =     0.16 sec
reduceDB: Keeping   33210 out of   63000 clauses (52.71 %)  Time =     0.16 sec
reduceDB: Keeping   34112 out of   64001 clauses (53.30 %)  Time =     0.16 sec
reduceDB: Keeping   34763 out of   65000 clauses (53.48 %)  Time =     0.17 sec
reduceDB: Keeping   35570 out of   66000 clauses (53.89 %)  Time =     0.17 sec
reduceDB: Keeping   36605 out of   67006 clauses (54.63 %)  Time =     0.17 sec
reduceDB: Keeping   36437 out of   68000 clauses (53.58 %)  Time =     0.18 sec
reduceDB: Keeping   36842 out of   69003 clauses (53.39 %)  Time =     0.18 sec
reduceDB: Keeping   37020 out of   70000 clauses (52.89 %)  Time =     0.18 sec
reduceDB: Keeping   37521 out of   71001 clauses (52.85 %)  Time =     0.19 sec
reduceDB: Keeping   37911 out of   72001 clauses (52.65 %)  Time =     0.19 sec
reduceDB: Keeping   37865 out of   73000 clauses (51.87 %)  Time =     0.20 sec
reduceDB: Keeping   39254 out of   74001 clauses (53.05 %)  Time =     0.20 sec
reduceDB: Keeping   39284 out of   75000 clauses (52.38 %)  Time =     0.21 sec
reduceDB: Keeping   39557 out of   76000 clauses (52.05 %)  Time =     0.21 sec
reduceDB: Keeping   39727 out of   77000 clauses (51.59 %)  Time =     0.21 sec
reduceDB: Keeping   40282 out of   78000 clauses (51.64 %)  Time =     0.22 sec
reduceDB: Keeping   40399 out of   79001 clauses (51.14 %)  Time =     0.22 sec
reduceDB: Keeping   41272 out of   80001 clauses (51.59 %)  Time =     0.23 sec
reduceDB: Keeping   42248 out of   81000 clauses (52.16 %)  Time =     0.23 sec
reduceDB: Keeping   42823 out of   82000 clauses (52.22 %)  Time =     0.24 sec
reduceDB: Keeping   42989 out of   83001 clauses (51.79 %)  Time =     0.24 sec
reduceDB: Keeping   43784 out of   84001 clauses (52.12 %)  Time =     0.24 sec
reduceDB: Keeping   43778 out of   85002 clauses (51.50 %)  Time =     0.25 sec
reduceDB: Keeping   44158 out of   86000 clauses (51.35 %)  Time =     0.25 sec
reduceDB: Keeping   44890 out of   87000 clauses (51.60 %)  Time =     0.26 sec
reduceDB: Keeping   44992 out of   88000 clauses (51.13 %)  Time =     0.26 sec
reduceDB: Keeping   45361 out of   89000 clauses (50.97 %)  Time =     0.27 sec
reduceDB: Keeping   45576 out of   90000 clauses (50.64 %)  Time =     0.27 sec
reduceDB: Keeping   46153 out of   91000 clauses (50.72 %)  Time =     0.28 sec
reduceDB: Keeping   46863 out of   92000 clauses (50.94 %)  Time =     0.28 sec
reduceDB: Keeping   47447 out of   93003 clauses (51.02 %)  Time =     0.29 sec
reduceDB: Keeping   48031 out of   94000 clauses (51.10 %)  Time =     0.30 sec
reduceDB: Keeping   48920 out of   95001 clauses (51.49 %)  Time =     0.30 sec
reduceDB: Keeping   50451 out of   96000 clauses (52.55 %)  Time =     0.31 sec
reduceDB: Keeping   52140 out of   97000 clauses (53.75 %)  Time =     0.31 sec
reduceDB: Keeping   53370 out of   98000 clauses (54.46 %)  Time =     0.32 sec
reduceDB: Keeping   39079 out of   99001 clauses (39.47 %)  Time =     0.32 sec
reduceDB: Keeping   43983 out of  100000 clauses (43.98 %)  Time =     0.33 sec
reduceDB: Keeping   50300 out of  101000 clauses (49.80 %)  Time =     0.33 sec
reduceDB: Keeping   50949 out of  102000 clauses (49.95 %)  Time =     0.34 sec
reduceDB: Keeping   51495 out of  103001 clauses (49.99 %)  Time =     0.34 sec
reduceDB: Keeping   52129 out of  104001 clauses (50.12 %)  Time =     0.35 sec
reduceDB: Keeping   52683 out of  105001 clauses (50.17 %)  Time =     0.36 sec
reduceDB: Keeping   51267 out of  106000 clauses (48.37 %)  Time =     0.36 sec
reduceDB: Keeping   53498 out of  107001 clauses (50.00 %)  Time =     0.37 sec
reduceDB: Keeping   54111 out of  108001 clauses (50.10 %)  Time =     0.37 sec
reduceDB: Keeping   55348 out of  109001 clauses (50.78 %)  Time =     0.38 sec
reduceDB: Keeping   55716 out of  110001 clauses (50.65 %)  Time =     0.39 sec
reduceDB: Keeping   56012 out of  111002 clauses (50.46 %)  Time =     0.39 sec
reduceDB: Keeping   56407 out of  112000 clauses (50.36 %)  Time =     0.40 sec
reduceDB: Keeping   56788 out of  113001 clauses (50.25 %)  Time =     0.40 sec
reduceDB: Keeping   56991 out of  114000 clauses (49.99 %)  Time =     0.41 sec
reduceDB: Keeping   57979 out of  115002 clauses (50.42 %)  Time =     0.42 sec
reduceDB: Keeping   58739 out of  116003 clauses (50.64 %)  Time =     0.42 sec
reduceDB: Keeping   59166 out of  117000 clauses (50.57 %)  Time =     0.43 sec
reduceDB: Keeping   62359 out of  118000 clauses (52.85 %)  Time =     0.44 sec
reduceDB: Keeping   49703 out of  119000 clauses (41.77 %)  Time =     0.44 sec
reduceDB: Keeping   59389 out of  120001 clauses (49.49 %)  Time =     0.45 sec
reduceDB: Keeping   61494 out of  121002 clauses (50.82 %)  Time =     0.46 sec
starts        :             6488
conflicts     :          3715798
decisions     :          4267203
propagations  :       1317415310
Final SAT:        Nodes =   2478.  Time =   370.10 sec
Networks are equivalent.  Time =   388.45 sec
End Old Verify =   388.45 sec
