ABC command line: "&read replace_1378.aig; &cec -m -v".

label 1
label 3
Assuming the current network is a single-output miter.
label 6
Start EquivFixOutputPairs =     0.00 sec
End EquivFixOutputPairs =     0.00 sec
Start ManSatSweeping =     0.00 sec
Simulating 15 words for 15 rounds. SAT solving with 1000 conflicts.
nSimWords = 0
cst =    2152  cls =      0  lit =    2152  unused =     256  proof =     0
cst =       5  cls =     15  lit =      22  unused =    2371  proof =     0
cst =       2  cls =      3  lit =       6  unused =    2399  proof =     0
cst =       0  cls =      1  lit =       1  unused =    2406  proof =     0
cst =       0  cls =      1  lit =       1  unused =    2406  proof =     0
cst =       0  cls =      1  lit =       1  unused =    2406  proof =     0
cst =       0  cls =      1  lit =       1  unused =    2406  proof =     0
cst =       0  cls =      1  lit =       1  unused =    2406  proof =     0
cst =       0  cls =      1  lit =       1  unused =    2406  proof =     0
cst =       0  cls =      1  lit =       1  unused =    2406  proof =     0
  1 : P =      0. D =      0. F =     1. M =     710. And =    2152. Time =     0.02 sec
Increasing conflict limit to 10000.
The result is written into file "cec_giaSweep.aig".
Switching into reduced mode.
  2 : P =      0. D =      0. F =     1. M =     710. And =    2152. Time =     0.29 sec
Increasing conflict limit to 100000.
The result is written into file "cec_giaSweep.aig".
Switching into normal mode.
  3 : P =      0. D =      0. F =     1. M =       0. And =    2152. Time =     3.75 sec
Performed 3 SAT calls: P = 0  D = 0  F = 3
NBeg = 2152. NEnd = 2152. (Gain =   0.00 %).  RBeg = 0. REnd = 0. (Gain =   0.00 %).
Sim  =     0.01 sec (  0.00 %)
Sat  =     4.06 sec (  0.00 %)
Pat  =     0.00 sec (  0.00 %)
Time =     4.07 sec
End ManSatSweeping =     4.07 sec
Networks are UNDECIDED after the new CEC engine.  Time =     4.07 sec
Calling the old CEC engine.
Start Old Verify =     4.07 sec
Original miter:   Nodes =   2155.
label 27
Initial SAT:      Nodes =   2155.  Time =     0.02 sec
Rewriting:        Nodes =   2154.  Time =     0.02 sec
There are 0 XORs
Balance-X:        Nodes =   2430.  Time =     0.00 sec
Starting Fra_SmlSimulate......classes =     1.   Lits =      4.
Refined classes  after Pattern 0=     1.   Changes =    0.   Lits =      4.
Refined classes after pattern 1 =     1.   Changes =    0.   Lits =      4.
Refined classes  =     1.   Changes =    0.   Lits =      4.
start Fra_FraigSweep...
Fraiging (i=1):   Nodes =   2430.  Time =     0.00 sec
Rewriting:        Nodes =   2176.  Time =     0.01 sec
There are 0 XORs
Balance-X:        Nodes =   2430.  Time =     0.00 sec
Starting Fra_SmlSimulate......classes =     1.   Lits =      4.
Refined classes  after Pattern 0=     1.   Changes =    0.   Lits =      4.
Refined classes after pattern 1 =     1.   Changes =    0.   Lits =      4.
Refined classes  =     1.   Changes =    0.   Lits =      4.
start Fra_FraigSweep...
Fraiging (i=2):   Nodes =   2430.  Time =     0.00 sec
Rewriting:        Nodes =   2178.  Time =     0.01 sec
There are 0 XORs
Balance-X:        Nodes =   2430.  Time =     0.00 sec
Starting Fra_SmlSimulate......classes =     1.   Lits =      4.
Refined classes  after Pattern 0=     1.   Changes =    0.   Lits =      4.
Refined classes after pattern 1 =     1.   Changes =    0.   Lits =      4.
Refined classes  =     1.   Changes =    0.   Lits =      4.
start Fra_FraigSweep...
Fraiging (i=3):   Nodes =   2430.  Time =     0.00 sec
Rewriting:        Nodes =   2178.  Time =     0.01 sec
There are 0 XORs
Balance-X:        Nodes =   2430.  Time =     0.00 sec
Starting Fra_SmlSimulate......classes =     1.   Lits =      4.
Refined classes  after Pattern 0=     1.   Changes =    0.   Lits =      4.
Refined classes after pattern 1 =     1.   Changes =    0.   Lits =      4.
Refined classes  =     1.   Changes =    0.   Lits =      4.
start Fra_FraigSweep...
Fraiging (i=4):   Nodes =   2430.  Time =     0.04 sec
Rewriting:        Nodes =   2178.  Time =     0.01 sec
There are 0 XORs
Balance-X:        Nodes =   2430.  Time =     0.00 sec
Starting Fra_SmlSimulate......classes =     1.   Lits =      4.
Refined classes  after Pattern 0=     1.   Changes =    0.   Lits =      4.
Refined classes after pattern 1 =     1.   Changes =    0.   Lits =      4.
Refined classes  =     1.   Changes =    0.   Lits =      4.
start Fra_FraigSweep...
Fraiging (i=5):   Nodes =   2430.  Time =     0.47 sec
Rewriting:        Nodes =   2178.  Time =     0.01 sec
There are 0 XORs
Balance-X:        Nodes =   2430.  Time =     0.00 sec
Starting Fra_SmlSimulate......classes =     1.   Lits =      4.
Refined classes  after Pattern 0=     1.   Changes =    0.   Lits =      4.
Refined classes after pattern 1 =     1.   Changes =    0.   Lits =      4.
Refined classes  =     1.   Changes =    0.   Lits =      4.
start Fra_FraigSweep...
Fraiging (i=6):   Nodes =   2430.  Time =     4.90 sec
Rewriting:        Nodes =   2178.  Time =     0.01 sec
label 27
CNF stats: Vars =   1663. Clauses =    5016. Literals =    13515. Time =     0.00 sec
Running SAT solver with parameters 10000 and 1000 and 50.
reduceDB: Keeping    4998 out of   10000 clauses (49.98 %)  Time =     0.03 sec
reduceDB: Keeping    5506 out of   11001 clauses (50.05 %)  Time =     0.03 sec
reduceDB: Keeping    6024 out of   12001 clauses (50.20 %)  Time =     0.03 sec
reduceDB: Keeping    6530 out of   13000 clauses (50.23 %)  Time =     0.03 sec
reduceDB: Keeping    7018 out of   14000 clauses (50.13 %)  Time =     0.03 sec
reduceDB: Keeping    7521 out of   15000 clauses (50.14 %)  Time =     0.03 sec
reduceDB: Keeping    8037 out of   16001 clauses (50.23 %)  Time =     0.03 sec
reduceDB: Keeping    8568 out of   17003 clauses (50.39 %)  Time =     0.03 sec
reduceDB: Keeping    9132 out of   18000 clauses (50.73 %)  Time =     0.03 sec
reduceDB: Keeping    9726 out of   19002 clauses (51.18 %)  Time =     0.03 sec
reduceDB: Keeping   10265 out of   20001 clauses (51.32 %)  Time =     0.04 sec
reduceDB: Keeping   11052 out of   21001 clauses (52.63 %)  Time =     0.04 sec
reduceDB: Keeping   11389 out of   22002 clauses (51.76 %)  Time =     0.04 sec
reduceDB: Keeping   12023 out of   23000 clauses (52.27 %)  Time =     0.04 sec
reduceDB: Keeping   12654 out of   24002 clauses (52.72 %)  Time =     0.04 sec
reduceDB: Keeping   13209 out of   25000 clauses (52.84 %)  Time =     0.04 sec
reduceDB: Keeping   13641 out of   26000 clauses (52.47 %)  Time =     0.04 sec
reduceDB: Keeping   14047 out of   27000 clauses (52.03 %)  Time =     0.04 sec
reduceDB: Keeping   14523 out of   28001 clauses (51.87 %)  Time =     0.05 sec
reduceDB: Keeping   15470 out of   29001 clauses (53.34 %)  Time =     0.05 sec
reduceDB: Keeping   15997 out of   30002 clauses (53.32 %)  Time =     0.05 sec
reduceDB: Keeping   16452 out of   31001 clauses (53.07 %)  Time =     0.05 sec
reduceDB: Keeping   16855 out of   32000 clauses (52.67 %)  Time =     0.05 sec
reduceDB: Keeping   17187 out of   33000 clauses (52.08 %)  Time =     0.05 sec
reduceDB: Keeping   17873 out of   34000 clauses (52.57 %)  Time =     0.06 sec
reduceDB: Keeping   18443 out of   35000 clauses (52.69 %)  Time =     0.06 sec
reduceDB: Keeping   18650 out of   36001 clauses (51.80 %)  Time =     0.06 sec
reduceDB: Keeping   19069 out of   37001 clauses (51.54 %)  Time =     0.06 sec
reduceDB: Keeping   19995 out of   38000 clauses (52.62 %)  Time =     0.06 sec
reduceDB: Keeping   20487 out of   39001 clauses (52.53 %)  Time =     0.07 sec
reduceDB: Keeping   20837 out of   40000 clauses (52.09 %)  Time =     0.07 sec
reduceDB: Keeping   21366 out of   41000 clauses (52.11 %)  Time =     0.07 sec
reduceDB: Keeping   22538 out of   42000 clauses (53.66 %)  Time =     0.07 sec
reduceDB: Keeping   23361 out of   43000 clauses (54.33 %)  Time =     0.08 sec
reduceDB: Keeping   23921 out of   44001 clauses (54.36 %)  Time =     0.08 sec
reduceDB: Keeping   24598 out of   45002 clauses (54.66 %)  Time =     0.08 sec
reduceDB: Keeping   24490 out of   46000 clauses (53.24 %)  Time =     0.08 sec
reduceDB: Keeping   24699 out of   47002 clauses (52.55 %)  Time =     0.09 sec
reduceDB: Keeping   25257 out of   48001 clauses (52.62 %)  Time =     0.09 sec
reduceDB: Keeping   25714 out of   49000 clauses (52.48 %)  Time =     0.09 sec
reduceDB: Keeping   26447 out of   50001 clauses (52.89 %)  Time =     0.09 sec
reduceDB: Keeping   26862 out of   51000 clauses (52.67 %)  Time =     0.10 sec
reduceDB: Keeping   27068 out of   52000 clauses (52.05 %)  Time =     0.10 sec
reduceDB: Keeping   27254 out of   53000 clauses (51.42 %)  Time =     0.10 sec
reduceDB: Keeping   27777 out of   54001 clauses (51.44 %)  Time =     0.10 sec
reduceDB: Keeping   29114 out of   55002 clauses (52.93 %)  Time =     0.11 sec
reduceDB: Keeping   29182 out of   56000 clauses (52.11 %)  Time =     0.11 sec
reduceDB: Keeping   29971 out of   57000 clauses (52.58 %)  Time =     0.11 sec
reduceDB: Keeping   30025 out of   58000 clauses (51.77 %)  Time =     0.12 sec
reduceDB: Keeping   30833 out of   59002 clauses (52.26 %)  Time =     0.12 sec
reduceDB: Keeping   31122 out of   60003 clauses (51.87 %)  Time =     0.12 sec
reduceDB: Keeping   31320 out of   61000 clauses (51.34 %)  Time =     0.13 sec
reduceDB: Keeping   31990 out of   62001 clauses (51.60 %)  Time =     0.13 sec
reduceDB: Keeping   32644 out of   63002 clauses (51.81 %)  Time =     0.13 sec
reduceDB: Keeping   33424 out of   64000 clauses (52.23 %)  Time =     0.14 sec
reduceDB: Keeping   34660 out of   65000 clauses (53.32 %)  Time =     0.14 sec
reduceDB: Keeping   35482 out of   66000 clauses (53.76 %)  Time =     0.14 sec
reduceDB: Keeping   36209 out of   67001 clauses (54.04 %)  Time =     0.14 sec
reduceDB: Keeping   36622 out of   68001 clauses (53.86 %)  Time =     0.15 sec
reduceDB: Keeping   36260 out of   69002 clauses (52.55 %)  Time =     0.15 sec
reduceDB: Keeping   36455 out of   70001 clauses (52.08 %)  Time =     0.16 sec
reduceDB: Keeping   36760 out of   71003 clauses (51.77 %)  Time =     0.16 sec
reduceDB: Keeping   36885 out of   72002 clauses (51.23 %)  Time =     0.16 sec
reduceDB: Keeping   37396 out of   73001 clauses (51.23 %)  Time =     0.17 sec
reduceDB: Keeping   37321 out of   74000 clauses (50.43 %)  Time =     0.17 sec
reduceDB: Keeping   37852 out of   75000 clauses (50.47 %)  Time =     0.17 sec
reduceDB: Keeping   38697 out of   76001 clauses (50.92 %)  Time =     0.18 sec
reduceDB: Keeping   38931 out of   77000 clauses (50.56 %)  Time =     0.18 sec
reduceDB: Keeping   39661 out of   78001 clauses (50.85 %)  Time =     0.19 sec
reduceDB: Keeping   40211 out of   79004 clauses (50.90 %)  Time =     0.19 sec
reduceDB: Keeping   40750 out of   80000 clauses (50.94 %)  Time =     0.19 sec
reduceDB: Keeping   41296 out of   81001 clauses (50.98 %)  Time =     0.20 sec
reduceDB: Keeping   41913 out of   82000 clauses (51.11 %)  Time =     0.20 sec
reduceDB: Keeping   41897 out of   83001 clauses (50.48 %)  Time =     0.21 sec
reduceDB: Keeping   42056 out of   84000 clauses (50.07 %)  Time =     0.21 sec
reduceDB: Keeping   42826 out of   85000 clauses (50.38 %)  Time =     0.21 sec
reduceDB: Keeping   43174 out of   86001 clauses (50.20 %)  Time =     0.22 sec
reduceDB: Keeping   43830 out of   87001 clauses (50.38 %)  Time =     0.22 sec
reduceDB: Keeping   44510 out of   88000 clauses (50.58 %)  Time =     0.23 sec
reduceDB: Keeping   44494 out of   89001 clauses (49.99 %)  Time =     0.23 sec
reduceDB: Keeping   45120 out of   90000 clauses (50.13 %)  Time =     0.24 sec
reduceDB: Keeping   45835 out of   91000 clauses (50.37 %)  Time =     0.24 sec
reduceDB: Keeping   46092 out of   92000 clauses (50.10 %)  Time =     0.25 sec
reduceDB: Keeping   47226 out of   93001 clauses (50.78 %)  Time =     0.25 sec
reduceDB: Keeping   47501 out of   94001 clauses (50.53 %)  Time =     0.26 sec
reduceDB: Keeping   48466 out of   95001 clauses (51.02 %)  Time =     0.26 sec
reduceDB: Keeping   49453 out of   96002 clauses (51.51 %)  Time =     0.27 sec
reduceDB: Keeping   49880 out of   97001 clauses (51.42 %)  Time =     0.27 sec
reduceDB: Keeping   50951 out of   98000 clauses (51.99 %)  Time =     0.28 sec
reduceDB: Keeping   51568 out of   99003 clauses (52.09 %)  Time =     0.28 sec
reduceDB: Keeping   52142 out of  100000 clauses (52.14 %)  Time =     0.29 sec
reduceDB: Keeping   51682 out of  101001 clauses (51.17 %)  Time =     0.29 sec
reduceDB: Keeping   52401 out of  102001 clauses (51.37 %)  Time =     0.30 sec
reduceDB: Keeping   53227 out of  103001 clauses (51.68 %)  Time =     0.30 sec
reduceDB: Keeping   53190 out of  104000 clauses (51.14 %)  Time =     0.31 sec
reduceDB: Keeping   53460 out of  105002 clauses (50.91 %)  Time =     0.31 sec
reduceDB: Keeping   53782 out of  106001 clauses (50.74 %)  Time =     0.32 sec
reduceDB: Keeping   54393 out of  107001 clauses (50.83 %)  Time =     0.32 sec
reduceDB: Keeping   55375 out of  108002 clauses (51.27 %)  Time =     0.33 sec
reduceDB: Keeping   57903 out of  109000 clauses (53.12 %)  Time =     0.33 sec
reduceDB: Keeping   58434 out of  110001 clauses (53.12 %)  Time =     0.34 sec
reduceDB: Keeping   58762 out of  111002 clauses (52.94 %)  Time =     0.34 sec
reduceDB: Keeping   58891 out of  112002 clauses (52.58 %)  Time =     0.35 sec
reduceDB: Keeping   59000 out of  113001 clauses (52.21 %)  Time =     0.36 sec
reduceDB: Keeping   59883 out of  114000 clauses (52.53 %)  Time =     0.36 sec
reduceDB: Keeping   60261 out of  115002 clauses (52.40 %)  Time =     0.37 sec
reduceDB: Keeping   61075 out of  116002 clauses (52.65 %)  Time =     0.37 sec
reduceDB: Keeping   60999 out of  117000 clauses (52.14 %)  Time =     0.38 sec
reduceDB: Keeping   61989 out of  118001 clauses (52.53 %)  Time =     0.38 sec
reduceDB: Keeping   63019 out of  119000 clauses (52.96 %)  Time =     0.39 sec
reduceDB: Keeping   64299 out of  120001 clauses (53.58 %)  Time =     0.40 sec
reduceDB: Keeping   65942 out of  121000 clauses (54.50 %)  Time =     0.40 sec
reduceDB: Keeping   66337 out of  122000 clauses (54.37 %)  Time =     0.41 sec
reduceDB: Keeping   66594 out of  123000 clauses (54.14 %)  Time =     0.41 sec
reduceDB: Keeping   67171 out of  124001 clauses (54.17 %)  Time =     0.42 sec
reduceDB: Keeping   48997 out of  125001 clauses (39.20 %)  Time =     0.43 sec
reduceDB: Keeping   54186 out of  126001 clauses (43.00 %)  Time =     0.43 sec
reduceDB: Keeping   59865 out of  127000 clauses (47.14 %)  Time =     0.44 sec
reduceDB: Keeping   65034 out of  128000 clauses (50.81 %)  Time =     0.45 sec
starts        :             7165
conflicts     :          4069444
decisions     :          4690301
propagations  :       1295197072
Final SAT:        Nodes =   2178.  Time =   387.30 sec
Networks are equivalent.  Time =   396.88 sec
End Old Verify =   396.88 sec
