ABC command line: "&read replace_1539.aig; &cec -m -v".

label 1
label 3
Assuming the current network is a single-output miter.
label 6
Start EquivFixOutputPairs =     0.00 sec
End EquivFixOutputPairs =     0.00 sec
Start ManSatSweeping =     0.00 sec
Simulating 15 words for 15 rounds. SAT solving with 1000 conflicts.
nSimWords = 0
cst =    2040  cls =      0  lit =    2040  unused =     256  proof =     0
cst =       2  cls =      6  lit =       8  unused =    2282  proof =     0
cst =       1  cls =      2  lit =       3  unused =    2291  proof =     0
cst =       0  cls =      1  lit =       1  unused =    2294  proof =     0
cst =       0  cls =      1  lit =       1  unused =    2294  proof =     0
cst =       0  cls =      1  lit =       1  unused =    2294  proof =     0
cst =       0  cls =      1  lit =       1  unused =    2294  proof =     0
cst =       0  cls =      1  lit =       1  unused =    2294  proof =     0
cst =       0  cls =      1  lit =       1  unused =    2294  proof =     0
cst =       0  cls =      1  lit =       1  unused =    2294  proof =     0
  1 : P =      0. D =      0. F =     1. M =     666. And =    2040. Time =     0.02 sec
Increasing conflict limit to 10000.
The result is written into file "cec_giaSweep.aig".
Switching into reduced mode.
  2 : P =      0. D =      0. F =     1. M =     666. And =    2040. Time =     0.27 sec
Increasing conflict limit to 100000.
The result is written into file "cec_giaSweep.aig".
Switching into normal mode.
  3 : P =      0. D =      0. F =     1. M =       0. And =    2040. Time =     3.91 sec
Performed 3 SAT calls: P = 0  D = 0  F = 3
NBeg = 2040. NEnd = 2040. (Gain =   0.00 %).  RBeg = 0. REnd = 0. (Gain =   0.00 %).
Sim  =     0.00 sec (  0.00 %)
Sat  =     4.20 sec (  0.00 %)
Pat  =     0.00 sec (  0.00 %)
Time =     4.20 sec
End ManSatSweeping =     4.20 sec
Networks are UNDECIDED after the new CEC engine.  Time =     4.20 sec
Calling the old CEC engine.
Start Old Verify =     4.20 sec
Original miter:   Nodes =   2043.
label 27
Initial SAT:      Nodes =   2043.  Time =     0.02 sec
Rewriting:        Nodes =   2042.  Time =     0.02 sec
There are 0 XORs
Balance-X:        Nodes =   2313.  Time =     0.00 sec
Starting Fra_SmlSimulate......classes =     1.   Lits =      4.
Refined classes  after Pattern 0=     1.   Changes =    0.   Lits =      4.
Refined classes after pattern 1 =     1.   Changes =    0.   Lits =      4.
Refined classes  =     1.   Changes =    0.   Lits =      4.
start Fra_FraigSweep...
Fraiging (i=1):   Nodes =   2313.  Time =     0.00 sec
Rewriting:        Nodes =   2061.  Time =     0.01 sec
There are 0 XORs
Balance-X:        Nodes =   2311.  Time =     0.00 sec
Starting Fra_SmlSimulate......classes =     1.   Lits =      4.
Refined classes  after Pattern 0=     1.   Changes =    0.   Lits =      4.
Refined classes after pattern 1 =     1.   Changes =    0.   Lits =      4.
Refined classes  =     1.   Changes =    0.   Lits =      4.
start Fra_FraigSweep...
Fraiging (i=2):   Nodes =   2311.  Time =     0.00 sec
Rewriting:        Nodes =   2063.  Time =     0.01 sec
There are 0 XORs
Balance-X:        Nodes =   2311.  Time =     0.00 sec
Starting Fra_SmlSimulate......classes =     1.   Lits =      4.
Refined classes  after Pattern 0=     1.   Changes =    0.   Lits =      4.
Refined classes after pattern 1 =     1.   Changes =    0.   Lits =      4.
Refined classes  =     1.   Changes =    0.   Lits =      4.
start Fra_FraigSweep...
Fraiging (i=3):   Nodes =   2311.  Time =     0.01 sec
Rewriting:        Nodes =   2064.  Time =     0.01 sec
There are 0 XORs
Balance-X:        Nodes =   2311.  Time =     0.00 sec
Starting Fra_SmlSimulate......classes =     1.   Lits =      4.
Refined classes  after Pattern 0=     1.   Changes =    0.   Lits =      4.
Refined classes after pattern 1 =     1.   Changes =    0.   Lits =      4.
Refined classes  =     1.   Changes =    0.   Lits =      4.
start Fra_FraigSweep...
Fraiging (i=4):   Nodes =   2311.  Time =     0.08 sec
Rewriting:        Nodes =   2063.  Time =     0.01 sec
There are 0 XORs
Balance-X:        Nodes =   2311.  Time =     0.00 sec
Starting Fra_SmlSimulate......classes =     1.   Lits =      4.
Refined classes  after Pattern 0=     1.   Changes =    0.   Lits =      4.
Refined classes after pattern 1 =     1.   Changes =    0.   Lits =      4.
Refined classes  =     1.   Changes =    0.   Lits =      4.
start Fra_FraigSweep...
Fraiging (i=5):   Nodes =   2311.  Time =     0.97 sec
Rewriting:        Nodes =   2064.  Time =     0.01 sec
There are 0 XORs
Balance-X:        Nodes =   2311.  Time =     0.00 sec
Starting Fra_SmlSimulate......classes =     1.   Lits =      4.
Refined classes  after Pattern 0=     1.   Changes =    0.   Lits =      4.
Refined classes after pattern 1 =     1.   Changes =    0.   Lits =      4.
Refined classes  =     1.   Changes =    0.   Lits =      4.
start Fra_FraigSweep...
Fraiging (i=6):   Nodes =   2311.  Time =    11.50 sec
Rewriting:        Nodes =   2063.  Time =     0.01 sec
label 27
CNF stats: Vars =   1603. Clauses =    4774. Literals =    12864. Time =     0.00 sec
Running SAT solver with parameters 10000 and 1000 and 50.
reduceDB: Keeping    5023 out of   10000 clauses (50.23 %)  Time =     0.04 sec
reduceDB: Keeping    5515 out of   11001 clauses (50.13 %)  Time =     0.05 sec
reduceDB: Keeping    6019 out of   12000 clauses (50.16 %)  Time =     0.05 sec
reduceDB: Keeping    6525 out of   13000 clauses (50.19 %)  Time =     0.05 sec
reduceDB: Keeping    7026 out of   14003 clauses (50.17 %)  Time =     0.05 sec
reduceDB: Keeping    7514 out of   15001 clauses (50.09 %)  Time =     0.05 sec
reduceDB: Keeping    8026 out of   16000 clauses (50.16 %)  Time =     0.05 sec
reduceDB: Keeping    9124 out of   17002 clauses (53.66 %)  Time =     0.05 sec
reduceDB: Keeping    9628 out of   18001 clauses (53.49 %)  Time =     0.05 sec
reduceDB: Keeping   10153 out of   19001 clauses (53.43 %)  Time =     0.05 sec
reduceDB: Keeping   10722 out of   20000 clauses (53.61 %)  Time =     0.05 sec
reduceDB: Keeping   11325 out of   21002 clauses (53.92 %)  Time =     0.06 sec
reduceDB: Keeping   11795 out of   22000 clauses (53.61 %)  Time =     0.06 sec
reduceDB: Keeping   12202 out of   23001 clauses (53.05 %)  Time =     0.06 sec
reduceDB: Keeping   12673 out of   24001 clauses (52.80 %)  Time =     0.06 sec
reduceDB: Keeping   13537 out of   25000 clauses (54.15 %)  Time =     0.06 sec
reduceDB: Keeping   14016 out of   26004 clauses (53.90 %)  Time =     0.06 sec
reduceDB: Keeping   14290 out of   27000 clauses (52.93 %)  Time =     0.06 sec
reduceDB: Keeping   14910 out of   28000 clauses (53.25 %)  Time =     0.07 sec
reduceDB: Keeping   15647 out of   29004 clauses (53.95 %)  Time =     0.07 sec
reduceDB: Keeping   16366 out of   30000 clauses (54.55 %)  Time =     0.07 sec
reduceDB: Keeping   17000 out of   31004 clauses (54.83 %)  Time =     0.07 sec
reduceDB: Keeping   17363 out of   32001 clauses (54.26 %)  Time =     0.07 sec
reduceDB: Keeping   17946 out of   33004 clauses (54.38 %)  Time =     0.07 sec
reduceDB: Keeping   18560 out of   34002 clauses (54.59 %)  Time =     0.08 sec
reduceDB: Keeping   18773 out of   35000 clauses (53.64 %)  Time =     0.08 sec
reduceDB: Keeping   19321 out of   36002 clauses (53.67 %)  Time =     0.08 sec
reduceDB: Keeping   20141 out of   37002 clauses (54.43 %)  Time =     0.08 sec
reduceDB: Keeping   20475 out of   38002 clauses (53.88 %)  Time =     0.09 sec
reduceDB: Keeping   21144 out of   39000 clauses (54.22 %)  Time =     0.09 sec
reduceDB: Keeping   21602 out of   40000 clauses (54.01 %)  Time =     0.09 sec
reduceDB: Keeping   22284 out of   41004 clauses (54.35 %)  Time =     0.09 sec
reduceDB: Keeping   22546 out of   42000 clauses (53.68 %)  Time =     0.09 sec
reduceDB: Keeping   23206 out of   43000 clauses (53.97 %)  Time =     0.10 sec
reduceDB: Keeping   23795 out of   44000 clauses (54.08 %)  Time =     0.10 sec
reduceDB: Keeping   24333 out of   45001 clauses (54.07 %)  Time =     0.10 sec
reduceDB: Keeping   25112 out of   46001 clauses (54.59 %)  Time =     0.11 sec
reduceDB: Keeping   25158 out of   47000 clauses (53.53 %)  Time =     0.11 sec
reduceDB: Keeping   25652 out of   48001 clauses (53.44 %)  Time =     0.11 sec
reduceDB: Keeping   25945 out of   49001 clauses (52.95 %)  Time =     0.11 sec
reduceDB: Keeping   26362 out of   50001 clauses (52.72 %)  Time =     0.12 sec
reduceDB: Keeping   26777 out of   51001 clauses (52.50 %)  Time =     0.12 sec
reduceDB: Keeping   27077 out of   52000 clauses (52.07 %)  Time =     0.12 sec
reduceDB: Keeping   27323 out of   53000 clauses (51.55 %)  Time =     0.13 sec
reduceDB: Keeping   27650 out of   54000 clauses (51.20 %)  Time =     0.13 sec
reduceDB: Keeping   28111 out of   55000 clauses (51.11 %)  Time =     0.13 sec
reduceDB: Keeping   28979 out of   56003 clauses (51.75 %)  Time =     0.14 sec
reduceDB: Keeping   29369 out of   57000 clauses (51.52 %)  Time =     0.14 sec
reduceDB: Keeping   29714 out of   58001 clauses (51.23 %)  Time =     0.14 sec
reduceDB: Keeping   30014 out of   59000 clauses (50.87 %)  Time =     0.14 sec
reduceDB: Keeping   30565 out of   60000 clauses (50.94 %)  Time =     0.15 sec
reduceDB: Keeping   31323 out of   61000 clauses (51.35 %)  Time =     0.15 sec
reduceDB: Keeping   31933 out of   62000 clauses (51.50 %)  Time =     0.16 sec
reduceDB: Keeping   32982 out of   63000 clauses (52.35 %)  Time =     0.16 sec
reduceDB: Keeping   33802 out of   64000 clauses (52.82 %)  Time =     0.16 sec
reduceDB: Keeping   34705 out of   65003 clauses (53.39 %)  Time =     0.17 sec
reduceDB: Keeping   35548 out of   66000 clauses (53.86 %)  Time =     0.17 sec
reduceDB: Keeping   28647 out of   67004 clauses (42.75 %)  Time =     0.17 sec
reduceDB: Keeping   34080 out of   68002 clauses (50.12 %)  Time =     0.18 sec
reduceDB: Keeping   34609 out of   69000 clauses (50.16 %)  Time =     0.18 sec
reduceDB: Keeping   34965 out of   70000 clauses (49.95 %)  Time =     0.19 sec
reduceDB: Keeping   35621 out of   71000 clauses (50.17 %)  Time =     0.19 sec
reduceDB: Keeping   35957 out of   72004 clauses (49.94 %)  Time =     0.19 sec
reduceDB: Keeping   36625 out of   73000 clauses (50.17 %)  Time =     0.20 sec
reduceDB: Keeping   37089 out of   74002 clauses (50.12 %)  Time =     0.20 sec
reduceDB: Keeping   37475 out of   75001 clauses (49.97 %)  Time =     0.21 sec
reduceDB: Keeping   38082 out of   76000 clauses (50.11 %)  Time =     0.21 sec
reduceDB: Keeping   38585 out of   77001 clauses (50.11 %)  Time =     0.21 sec
reduceDB: Keeping   39069 out of   78000 clauses (50.09 %)  Time =     0.22 sec
reduceDB: Keeping   39493 out of   79000 clauses (49.99 %)  Time =     0.22 sec
reduceDB: Keeping   39992 out of   80003 clauses (49.99 %)  Time =     0.23 sec
reduceDB: Keeping   40480 out of   81001 clauses (49.97 %)  Time =     0.23 sec
reduceDB: Keeping   41013 out of   82004 clauses (50.01 %)  Time =     0.24 sec
reduceDB: Keeping   41717 out of   83000 clauses (50.26 %)  Time =     0.24 sec
reduceDB: Keeping   42145 out of   84001 clauses (50.17 %)  Time =     0.25 sec
reduceDB: Keeping   42605 out of   85000 clauses (50.12 %)  Time =     0.25 sec
reduceDB: Keeping   43113 out of   86000 clauses (50.13 %)  Time =     0.26 sec
reduceDB: Keeping   43549 out of   87000 clauses (50.06 %)  Time =     0.26 sec
reduceDB: Keeping   44131 out of   88003 clauses (50.15 %)  Time =     0.26 sec
reduceDB: Keeping   44588 out of   89000 clauses (50.10 %)  Time =     0.27 sec
reduceDB: Keeping   45034 out of   90000 clauses (50.04 %)  Time =     0.27 sec
reduceDB: Keeping   45630 out of   91003 clauses (50.14 %)  Time =     0.28 sec
reduceDB: Keeping   45975 out of   92001 clauses (49.97 %)  Time =     0.28 sec
reduceDB: Keeping   46696 out of   93001 clauses (50.21 %)  Time =     0.29 sec
reduceDB: Keeping   47726 out of   94001 clauses (50.77 %)  Time =     0.29 sec
reduceDB: Keeping   49153 out of   95000 clauses (51.74 %)  Time =     0.30 sec
reduceDB: Keeping   50179 out of   96001 clauses (52.27 %)  Time =     0.31 sec
reduceDB: Keeping   50972 out of   97001 clauses (52.55 %)  Time =     0.31 sec
reduceDB: Keeping   51072 out of   98000 clauses (52.11 %)  Time =     0.32 sec
reduceDB: Keeping   51906 out of   99000 clauses (52.43 %)  Time =     0.32 sec
reduceDB: Keeping   51503 out of  100000 clauses (51.50 %)  Time =     0.33 sec
reduceDB: Keeping   51095 out of  101000 clauses (50.59 %)  Time =     0.33 sec
reduceDB: Keeping   51628 out of  102001 clauses (50.62 %)  Time =     0.34 sec
reduceDB: Keeping   52079 out of  103000 clauses (50.56 %)  Time =     0.35 sec
reduceDB: Keeping   52713 out of  104000 clauses (50.69 %)  Time =     0.35 sec
reduceDB: Keeping   53588 out of  105000 clauses (51.04 %)  Time =     0.36 sec
reduceDB: Keeping   53510 out of  106001 clauses (50.48 %)  Time =     0.36 sec
reduceDB: Keeping   53517 out of  107000 clauses (50.02 %)  Time =     0.37 sec
reduceDB: Keeping   54076 out of  108000 clauses (50.07 %)  Time =     0.38 sec
reduceDB: Keeping   55475 out of  109003 clauses (50.89 %)  Time =     0.38 sec
reduceDB: Keeping   55285 out of  110000 clauses (50.26 %)  Time =     0.39 sec
reduceDB: Keeping   55502 out of  111000 clauses (50.00 %)  Time =     0.40 sec
reduceDB: Keeping   56173 out of  112001 clauses (50.15 %)  Time =     0.40 sec
reduceDB: Keeping   57020 out of  113000 clauses (50.46 %)  Time =     0.41 sec
reduceDB: Keeping   57381 out of  114000 clauses (50.33 %)  Time =     0.41 sec
reduceDB: Keeping   58026 out of  115001 clauses (50.46 %)  Time =     0.42 sec
reduceDB: Keeping   58433 out of  116004 clauses (50.37 %)  Time =     0.43 sec
reduceDB: Keeping   58671 out of  117000 clauses (50.15 %)  Time =     0.43 sec
reduceDB: Keeping   59438 out of  118003 clauses (50.37 %)  Time =     0.44 sec
reduceDB: Keeping   60794 out of  119000 clauses (51.09 %)  Time =     0.45 sec
reduceDB: Keeping   63343 out of  120001 clauses (52.79 %)  Time =     0.45 sec
reduceDB: Keeping   64235 out of  121000 clauses (53.09 %)  Time =     0.46 sec
reduceDB: Keeping   65146 out of  122000 clauses (53.40 %)  Time =     0.47 sec
reduceDB: Keeping   65513 out of  123001 clauses (53.26 %)  Time =     0.47 sec
reduceDB: Keeping   50555 out of  124000 clauses (40.77 %)  Time =     0.48 sec
reduceDB: Keeping   62163 out of  125000 clauses (49.73 %)  Time =     0.49 sec
reduceDB: Keeping   63179 out of  126001 clauses (50.14 %)  Time =     0.50 sec
reduceDB: Keeping   62998 out of  127000 clauses (49.60 %)  Time =     0.50 sec
starts        :             7164
conflicts     :          4028112
decisions     :          4654751
propagations  :       1217237341
Final SAT:        Nodes =   2063.  Time =   401.04 sec
Networks are equivalent.  Time =   417.89 sec
End Old Verify =   417.89 sec
