ABC command line: "&read replace_1366.aig; &cec -m -v".

label 1
label 3
Assuming the current network is a single-output miter.
label 6
Start EquivFixOutputPairs =     0.00 sec
End EquivFixOutputPairs =     0.00 sec
Start ManSatSweeping =     0.00 sec
Simulating 15 words for 15 rounds. SAT solving with 1000 conflicts.
nSimWords = 0
cst =    2543  cls =      0  lit =    2543  unused =     256  proof =     0
cst =       9  cls =     34  lit =      49  unused =    2716  proof =     0
cst =       2  cls =      5  lit =       8  unused =    2786  proof =     0
cst =       0  cls =      1  lit =       1  unused =    2797  proof =     0
cst =       0  cls =      1  lit =       1  unused =    2797  proof =     0
cst =       0  cls =      1  lit =       1  unused =    2797  proof =     0
cst =       0  cls =      1  lit =       1  unused =    2797  proof =     0
cst =       0  cls =      1  lit =       1  unused =    2797  proof =     0
cst =       0  cls =      1  lit =       1  unused =    2797  proof =     0
cst =       0  cls =      1  lit =       1  unused =    2797  proof =     0
  1 : P =      0. D =      0. F =     1. M =     890. And =    2543. Time =     0.02 sec
Increasing conflict limit to 10000.
The result is written into file "cec_giaSweep.aig".
Switching into reduced mode.
  2 : P =      0. D =      0. F =     1. M =     890. And =    2543. Time =     0.30 sec
Increasing conflict limit to 100000.
The result is written into file "cec_giaSweep.aig".
Switching into normal mode.
  3 : P =      0. D =      0. F =     1. M =       0. And =    2543. Time =     4.16 sec
Performed 3 SAT calls: P = 0  D = 0  F = 3
NBeg = 2543. NEnd = 2543. (Gain =   0.00 %).  RBeg = 0. REnd = 0. (Gain =   0.00 %).
Sim  =     0.00 sec (  0.00 %)
Sat  =     4.48 sec (  0.00 %)
Pat  =     0.00 sec (  0.00 %)
Time =     4.48 sec
End ManSatSweeping =     4.48 sec
Networks are UNDECIDED after the new CEC engine.  Time =     4.48 sec
Calling the old CEC engine.
Start Old Verify =     4.48 sec
Original miter:   Nodes =   2546.
label 27
Initial SAT:      Nodes =   2546.  Time =     0.02 sec
Rewriting:        Nodes =   2546.  Time =     0.02 sec
There are 0 XORs
Balance-X:        Nodes =   2828.  Time =     0.00 sec
Starting Fra_SmlSimulate......classes =     1.   Lits =      4.
Refined classes  after Pattern 0=     1.   Changes =    0.   Lits =      4.
Refined classes after pattern 1 =     1.   Changes =    0.   Lits =      4.
Refined classes  =     1.   Changes =    0.   Lits =      4.
start Fra_FraigSweep...
Fraiging (i=1):   Nodes =   2828.  Time =     0.00 sec
Rewriting:        Nodes =   2568.  Time =     0.01 sec
There are 0 XORs
Balance-X:        Nodes =   2827.  Time =     0.00 sec
Starting Fra_SmlSimulate......classes =     1.   Lits =      4.
Refined classes  after Pattern 0=     1.   Changes =    0.   Lits =      4.
Refined classes after pattern 1 =     1.   Changes =    0.   Lits =      4.
Refined classes  =     1.   Changes =    0.   Lits =      4.
start Fra_FraigSweep...
Fraiging (i=2):   Nodes =   2827.  Time =     0.00 sec
Rewriting:        Nodes =   2573.  Time =     0.01 sec
There are 0 XORs
Balance-X:        Nodes =   2827.  Time =     0.00 sec
Starting Fra_SmlSimulate......classes =     1.   Lits =      4.
Refined classes  after Pattern 0=     1.   Changes =    0.   Lits =      4.
Refined classes after pattern 1 =     1.   Changes =    0.   Lits =      4.
Refined classes  =     1.   Changes =    0.   Lits =      4.
start Fra_FraigSweep...
Fraiging (i=3):   Nodes =   2827.  Time =     0.01 sec
Rewriting:        Nodes =   2573.  Time =     0.01 sec
There are 0 XORs
Balance-X:        Nodes =   2827.  Time =     0.00 sec
Starting Fra_SmlSimulate......classes =     1.   Lits =      4.
Refined classes  after Pattern 0=     1.   Changes =    0.   Lits =      4.
Refined classes after pattern 1 =     1.   Changes =    0.   Lits =      4.
Refined classes  =     1.   Changes =    0.   Lits =      4.
start Fra_FraigSweep...
Fraiging (i=4):   Nodes =   2827.  Time =     0.10 sec
Rewriting:        Nodes =   2573.  Time =     0.01 sec
There are 0 XORs
Balance-X:        Nodes =   2827.  Time =     0.00 sec
Starting Fra_SmlSimulate......classes =     1.   Lits =      4.
Refined classes  after Pattern 0=     1.   Changes =    0.   Lits =      4.
Refined classes after pattern 1 =     1.   Changes =    0.   Lits =      4.
Refined classes  =     1.   Changes =    0.   Lits =      4.
start Fra_FraigSweep...
Fraiging (i=5):   Nodes =   2827.  Time =     1.13 sec
Rewriting:        Nodes =   2573.  Time =     0.01 sec
There are 0 XORs
Balance-X:        Nodes =   2827.  Time =     0.00 sec
Starting Fra_SmlSimulate......classes =     1.   Lits =      4.
Refined classes  after Pattern 0=     1.   Changes =    0.   Lits =      4.
Refined classes after pattern 1 =     1.   Changes =    0.   Lits =      4.
Refined classes  =     1.   Changes =    0.   Lits =      4.
start Fra_FraigSweep...
Fraiging (i=6):   Nodes =   2827.  Time =    12.71 sec
Rewriting:        Nodes =   2573.  Time =     0.01 sec
label 27
CNF stats: Vars =   1831. Clauses =    5777. Literals =    15672. Time =     0.00 sec
Running SAT solver with parameters 10000 and 1000 and 50.
reduceDB: Keeping    5018 out of   10000 clauses (50.18 %)  Time =     0.04 sec
reduceDB: Keeping    5528 out of   11000 clauses (50.25 %)  Time =     0.04 sec
reduceDB: Keeping    6022 out of   12000 clauses (50.18 %)  Time =     0.04 sec
reduceDB: Keeping    6533 out of   13002 clauses (50.25 %)  Time =     0.04 sec
reduceDB: Keeping    7014 out of   14003 clauses (50.09 %)  Time =     0.05 sec
reduceDB: Keeping    7768 out of   15001 clauses (51.78 %)  Time =     0.05 sec
reduceDB: Keeping    8353 out of   16000 clauses (52.21 %)  Time =     0.05 sec
reduceDB: Keeping    8878 out of   17001 clauses (52.22 %)  Time =     0.05 sec
reduceDB: Keeping    9327 out of   18000 clauses (51.82 %)  Time =     0.05 sec
reduceDB: Keeping    9960 out of   19000 clauses (52.42 %)  Time =     0.05 sec
reduceDB: Keeping   10551 out of   20000 clauses (52.76 %)  Time =     0.05 sec
reduceDB: Keeping   11126 out of   21000 clauses (52.98 %)  Time =     0.05 sec
reduceDB: Keeping   11537 out of   22002 clauses (52.44 %)  Time =     0.05 sec
reduceDB: Keeping   12109 out of   23001 clauses (52.65 %)  Time =     0.06 sec
reduceDB: Keeping   12668 out of   24000 clauses (52.78 %)  Time =     0.06 sec
reduceDB: Keeping   13438 out of   25000 clauses (53.75 %)  Time =     0.06 sec
reduceDB: Keeping   14012 out of   26000 clauses (53.89 %)  Time =     0.06 sec
reduceDB: Keeping   14503 out of   27001 clauses (53.71 %)  Time =     0.06 sec
reduceDB: Keeping   14945 out of   28001 clauses (53.37 %)  Time =     0.06 sec
reduceDB: Keeping   15575 out of   29000 clauses (53.71 %)  Time =     0.06 sec
reduceDB: Keeping   16410 out of   30000 clauses (54.70 %)  Time =     0.07 sec
reduceDB: Keeping   16931 out of   31001 clauses (54.61 %)  Time =     0.07 sec
reduceDB: Keeping   17382 out of   32000 clauses (54.32 %)  Time =     0.07 sec
reduceDB: Keeping   17711 out of   33000 clauses (53.67 %)  Time =     0.07 sec
reduceDB: Keeping   18362 out of   34001 clauses (54.00 %)  Time =     0.07 sec
reduceDB: Keeping   19007 out of   35000 clauses (54.31 %)  Time =     0.07 sec
reduceDB: Keeping   19264 out of   36000 clauses (53.51 %)  Time =     0.08 sec
reduceDB: Keeping   20194 out of   37000 clauses (54.58 %)  Time =     0.08 sec
reduceDB: Keeping   20665 out of   38001 clauses (54.38 %)  Time =     0.08 sec
reduceDB: Keeping   20999 out of   39004 clauses (53.84 %)  Time =     0.08 sec
reduceDB: Keeping   21550 out of   40000 clauses (53.88 %)  Time =     0.08 sec
reduceDB: Keeping   22103 out of   41001 clauses (53.91 %)  Time =     0.09 sec
reduceDB: Keeping   22993 out of   42001 clauses (54.74 %)  Time =     0.09 sec
reduceDB: Keeping   19334 out of   43004 clauses (44.96 %)  Time =     0.09 sec
reduceDB: Keeping   21997 out of   44000 clauses (49.99 %)  Time =     0.09 sec
reduceDB: Keeping   22786 out of   45001 clauses (50.63 %)  Time =     0.10 sec
reduceDB: Keeping   23072 out of   46000 clauses (50.16 %)  Time =     0.10 sec
reduceDB: Keeping   23519 out of   47001 clauses (50.04 %)  Time =     0.10 sec
reduceDB: Keeping   24077 out of   48001 clauses (50.16 %)  Time =     0.10 sec
reduceDB: Keeping   24598 out of   49000 clauses (50.20 %)  Time =     0.11 sec
reduceDB: Keeping   25190 out of   50000 clauses (50.38 %)  Time =     0.11 sec
reduceDB: Keeping   25626 out of   51002 clauses (50.25 %)  Time =     0.11 sec
reduceDB: Keeping   26089 out of   52002 clauses (50.17 %)  Time =     0.11 sec
reduceDB: Keeping   26617 out of   53001 clauses (50.22 %)  Time =     0.12 sec
reduceDB: Keeping   27291 out of   54000 clauses (50.54 %)  Time =     0.12 sec
reduceDB: Keeping   28224 out of   55003 clauses (51.31 %)  Time =     0.12 sec
reduceDB: Keeping   28562 out of   56000 clauses (51.00 %)  Time =     0.13 sec
reduceDB: Keeping   29377 out of   57000 clauses (51.54 %)  Time =     0.13 sec
reduceDB: Keeping   29525 out of   58000 clauses (50.91 %)  Time =     0.13 sec
reduceDB: Keeping   30068 out of   59000 clauses (50.96 %)  Time =     0.14 sec
reduceDB: Keeping   30683 out of   60000 clauses (51.14 %)  Time =     0.14 sec
reduceDB: Keeping   30841 out of   61001 clauses (50.56 %)  Time =     0.14 sec
reduceDB: Keeping   31059 out of   62000 clauses (50.10 %)  Time =     0.15 sec
reduceDB: Keeping   31595 out of   63000 clauses (50.15 %)  Time =     0.15 sec
reduceDB: Keeping   32298 out of   64001 clauses (50.46 %)  Time =     0.15 sec
reduceDB: Keeping   32830 out of   65002 clauses (50.51 %)  Time =     0.15 sec
reduceDB: Keeping   33090 out of   66003 clauses (50.13 %)  Time =     0.16 sec
reduceDB: Keeping   33961 out of   67000 clauses (50.69 %)  Time =     0.16 sec
reduceDB: Keeping   34098 out of   68001 clauses (50.14 %)  Time =     0.17 sec
reduceDB: Keeping   34599 out of   69001 clauses (50.14 %)  Time =     0.17 sec
reduceDB: Keeping   35081 out of   70002 clauses (50.11 %)  Time =     0.17 sec
reduceDB: Keeping   35633 out of   71002 clauses (50.19 %)  Time =     0.18 sec
reduceDB: Keeping   36072 out of   72000 clauses (50.10 %)  Time =     0.18 sec
reduceDB: Keeping   36592 out of   73003 clauses (50.12 %)  Time =     0.18 sec
reduceDB: Keeping   37478 out of   74001 clauses (50.65 %)  Time =     0.19 sec
reduceDB: Keeping   37913 out of   75000 clauses (50.55 %)  Time =     0.19 sec
reduceDB: Keeping   38441 out of   76001 clauses (50.58 %)  Time =     0.20 sec
reduceDB: Keeping   38848 out of   77001 clauses (50.45 %)  Time =     0.20 sec
reduceDB: Keeping   39600 out of   78002 clauses (50.77 %)  Time =     0.20 sec
reduceDB: Keeping   39802 out of   79001 clauses (50.38 %)  Time =     0.21 sec
reduceDB: Keeping   40443 out of   80000 clauses (50.55 %)  Time =     0.21 sec
reduceDB: Keeping   42351 out of   81000 clauses (52.29 %)  Time =     0.21 sec
reduceDB: Keeping   41555 out of   82000 clauses (50.68 %)  Time =     0.22 sec
reduceDB: Keeping   42020 out of   83002 clauses (50.63 %)  Time =     0.22 sec
reduceDB: Keeping   42575 out of   84000 clauses (50.68 %)  Time =     0.23 sec
reduceDB: Keeping   42992 out of   85002 clauses (50.58 %)  Time =     0.23 sec
reduceDB: Keeping   43428 out of   86000 clauses (50.50 %)  Time =     0.24 sec
reduceDB: Keeping   44910 out of   87001 clauses (51.62 %)  Time =     0.24 sec
reduceDB: Keeping   44632 out of   88001 clauses (50.72 %)  Time =     0.25 sec
reduceDB: Keeping   45136 out of   89000 clauses (50.71 %)  Time =     0.25 sec
reduceDB: Keeping   45944 out of   90001 clauses (51.05 %)  Time =     0.26 sec
reduceDB: Keeping   46587 out of   91001 clauses (51.19 %)  Time =     0.26 sec
reduceDB: Keeping   47030 out of   92002 clauses (51.12 %)  Time =     0.26 sec
reduceDB: Keeping   47087 out of   93000 clauses (50.63 %)  Time =     0.27 sec
reduceDB: Keeping   49000 out of   94001 clauses (52.13 %)  Time =     0.27 sec
reduceDB: Keeping   50242 out of   95000 clauses (52.89 %)  Time =     0.28 sec
reduceDB: Keeping   51114 out of   96001 clauses (53.24 %)  Time =     0.28 sec
reduceDB: Keeping   53054 out of   97002 clauses (54.69 %)  Time =     0.29 sec
reduceDB: Keeping   40554 out of   98000 clauses (41.38 %)  Time =     0.29 sec
reduceDB: Keeping   49604 out of   99003 clauses (50.10 %)  Time =     0.30 sec
reduceDB: Keeping   50117 out of  100000 clauses (50.12 %)  Time =     0.30 sec
reduceDB: Keeping   50579 out of  101000 clauses (50.08 %)  Time =     0.31 sec
reduceDB: Keeping   50998 out of  102000 clauses (50.00 %)  Time =     0.31 sec
reduceDB: Keeping   51570 out of  103000 clauses (50.07 %)  Time =     0.32 sec
reduceDB: Keeping   52150 out of  104001 clauses (50.14 %)  Time =     0.32 sec
reduceDB: Keeping   52644 out of  105001 clauses (50.14 %)  Time =     0.33 sec
reduceDB: Keeping   52217 out of  106000 clauses (49.26 %)  Time =     0.33 sec
reduceDB: Keeping   53539 out of  107000 clauses (50.04 %)  Time =     0.34 sec
reduceDB: Keeping   54104 out of  108000 clauses (50.10 %)  Time =     0.35 sec
reduceDB: Keeping   54645 out of  109001 clauses (50.13 %)  Time =     0.35 sec
reduceDB: Keeping   55026 out of  110002 clauses (50.02 %)  Time =     0.36 sec
reduceDB: Keeping   55657 out of  111004 clauses (50.14 %)  Time =     0.36 sec
reduceDB: Keeping   56012 out of  112002 clauses (50.01 %)  Time =     0.37 sec
reduceDB: Keeping   56603 out of  113000 clauses (50.09 %)  Time =     0.37 sec
reduceDB: Keeping   57035 out of  114002 clauses (50.03 %)  Time =     0.38 sec
reduceDB: Keeping   57100 out of  115000 clauses (49.65 %)  Time =     0.38 sec
reduceDB: Keeping   58197 out of  116001 clauses (50.17 %)  Time =     0.39 sec
reduceDB: Keeping   58679 out of  117001 clauses (50.15 %)  Time =     0.40 sec
reduceDB: Keeping   60046 out of  118000 clauses (50.89 %)  Time =     0.40 sec
reduceDB: Keeping   61775 out of  119000 clauses (51.91 %)  Time =     0.41 sec
reduceDB: Keeping   61668 out of  120002 clauses (51.39 %)  Time =     0.41 sec
reduceDB: Keeping   62622 out of  121002 clauses (51.75 %)  Time =     0.42 sec
reduceDB: Keeping   62251 out of  122000 clauses (51.03 %)  Time =     0.43 sec
reduceDB: Keeping   62116 out of  123001 clauses (50.50 %)  Time =     0.43 sec
reduceDB: Keeping   63520 out of  124000 clauses (51.23 %)  Time =     0.44 sec
reduceDB: Keeping   64020 out of  125000 clauses (51.22 %)  Time =     0.44 sec
reduceDB: Keeping   64724 out of  126003 clauses (51.37 %)  Time =     0.45 sec
reduceDB: Keeping   65769 out of  127000 clauses (51.79 %)  Time =     0.46 sec
reduceDB: Keeping   55259 out of  128002 clauses (43.17 %)  Time =     0.46 sec
reduceDB: Keeping   60446 out of  129000 clauses (46.86 %)  Time =     0.47 sec
reduceDB: Keeping   65151 out of  130000 clauses (50.12 %)  Time =     0.48 sec
reduceDB: Keeping   65452 out of  131001 clauses (49.96 %)  Time =     0.48 sec
reduceDB: Keeping   67694 out of  132000 clauses (51.28 %)  Time =     0.49 sec
starts        :             7931
conflicts     :          4427059
decisions     :          5105738
propagations  :       1577640262
Final SAT:        Nodes =   2573.  Time =   435.21 sec
Networks are equivalent.  Time =   453.74 sec
End Old Verify =   453.74 sec
