ABC command line: "&read replace_2162.aig; &cec -m -v".

label 1
label 3
Assuming the current network is a single-output miter.
label 6
Start EquivFixOutputPairs =     0.00 sec
End EquivFixOutputPairs =     0.00 sec
Start ManSatSweeping =     0.00 sec
Simulating 15 words for 15 rounds. SAT solving with 1000 conflicts.
nSimWords = 0
cst =    2006  cls =      0  lit =    2006  unused =     256  proof =     0
cst =       3  cls =      4  lit =       7  unused =    2251  proof =     0
cst =       2  cls =      3  lit =       5  unused =    2254  proof =     0
cst =       0  cls =      1  lit =       1  unused =    2260  proof =     0
cst =       0  cls =      1  lit =       1  unused =    2260  proof =     0
cst =       0  cls =      1  lit =       1  unused =    2260  proof =     0
cst =       0  cls =      1  lit =       1  unused =    2260  proof =     0
cst =       0  cls =      1  lit =       1  unused =    2260  proof =     0
cst =       0  cls =      1  lit =       1  unused =    2260  proof =     0
cst =       0  cls =      1  lit =       1  unused =    2260  proof =     0
  1 : P =      0. D =      0. F =     1. M =     661. And =    2006. Time =     0.02 sec
Increasing conflict limit to 10000.
The result is written into file "cec_giaSweep.aig".
Switching into reduced mode.
  2 : P =      0. D =      0. F =     1. M =     661. And =    2006. Time =     0.32 sec
Increasing conflict limit to 100000.
The result is written into file "cec_giaSweep.aig".
Switching into normal mode.
  3 : P =      0. D =      0. F =     1. M =       0. And =    2006. Time =     4.02 sec
Performed 3 SAT calls: P = 0  D = 0  F = 3
NBeg = 2006. NEnd = 2006. (Gain =   0.00 %).  RBeg = 0. REnd = 0. (Gain =   0.00 %).
Sim  =     0.00 sec (  0.00 %)
Sat  =     4.36 sec (  0.00 %)
Pat  =     0.00 sec (  0.00 %)
Time =     4.36 sec
End ManSatSweeping =     4.36 sec
Networks are UNDECIDED after the new CEC engine.  Time =     4.36 sec
Calling the old CEC engine.
Start Old Verify =     4.36 sec
Original miter:   Nodes =   2009.
label 27
Initial SAT:      Nodes =   2009.  Time =     0.02 sec
Rewriting:        Nodes =   2009.  Time =     0.02 sec
There are 0 XORs
Balance-X:        Nodes =   2270.  Time =     0.00 sec
Starting Fra_SmlSimulate......classes =     1.   Lits =      4.
Refined classes  after Pattern 0=     1.   Changes =    0.   Lits =      4.
Refined classes after pattern 1 =     1.   Changes =    0.   Lits =      4.
Refined classes  =     1.   Changes =    0.   Lits =      4.
start Fra_FraigSweep...
Fraiging (i=1):   Nodes =   2270.  Time =     0.00 sec
Rewriting:        Nodes =   2031.  Time =     0.01 sec
There are 0 XORs
Balance-X:        Nodes =   2266.  Time =     0.00 sec
Starting Fra_SmlSimulate......classes =     1.   Lits =      4.
Refined classes  after Pattern 0=     1.   Changes =    0.   Lits =      4.
Refined classes after pattern 1 =     1.   Changes =    0.   Lits =      4.
Refined classes  =     1.   Changes =    0.   Lits =      4.
start Fra_FraigSweep...
Fraiging (i=2):   Nodes =   2266.  Time =     0.00 sec
Rewriting:        Nodes =   2033.  Time =     0.01 sec
There are 0 XORs
Balance-X:        Nodes =   2266.  Time =     0.00 sec
Starting Fra_SmlSimulate......classes =     1.   Lits =      4.
Refined classes  after Pattern 0=     1.   Changes =    0.   Lits =      4.
Refined classes after pattern 1 =     1.   Changes =    0.   Lits =      4.
Refined classes  =     1.   Changes =    0.   Lits =      4.
start Fra_FraigSweep...
Fraiging (i=3):   Nodes =   2266.  Time =     0.01 sec
Rewriting:        Nodes =   2030.  Time =     0.01 sec
There are 0 XORs
Balance-X:        Nodes =   2266.  Time =     0.00 sec
Starting Fra_SmlSimulate......classes =     1.   Lits =      4.
Refined classes  after Pattern 0=     1.   Changes =    0.   Lits =      4.
Refined classes after pattern 1 =     1.   Changes =    0.   Lits =      4.
Refined classes  =     1.   Changes =    0.   Lits =      4.
start Fra_FraigSweep...
Fraiging (i=4):   Nodes =   2266.  Time =     0.08 sec
Rewriting:        Nodes =   2030.  Time =     0.01 sec
There are 0 XORs
Balance-X:        Nodes =   2266.  Time =     0.00 sec
Starting Fra_SmlSimulate......classes =     1.   Lits =      4.
Refined classes  after Pattern 0=     1.   Changes =    0.   Lits =      4.
Refined classes after pattern 1 =     1.   Changes =    0.   Lits =      4.
Refined classes  =     1.   Changes =    0.   Lits =      4.
start Fra_FraigSweep...
Fraiging (i=5):   Nodes =   2266.  Time =     0.94 sec
Rewriting:        Nodes =   2030.  Time =     0.01 sec
There are 0 XORs
Balance-X:        Nodes =   2266.  Time =     0.00 sec
Starting Fra_SmlSimulate......classes =     1.   Lits =      4.
Refined classes  after Pattern 0=     1.   Changes =    0.   Lits =      4.
Refined classes after pattern 1 =     1.   Changes =    0.   Lits =      4.
Refined classes  =     1.   Changes =    0.   Lits =      4.
start Fra_FraigSweep...
Fraiging (i=6):   Nodes =   2266.  Time =    11.50 sec
Rewriting:        Nodes =   2030.  Time =     0.01 sec
label 27
CNF stats: Vars =   1567. Clauses =    4666. Literals =    12623. Time =     0.00 sec
Running SAT solver with parameters 10000 and 1000 and 50.
reduceDB: Keeping    5027 out of   10000 clauses (50.27 %)  Time =     0.04 sec
reduceDB: Keeping    5518 out of   11000 clauses (50.16 %)  Time =     0.04 sec
reduceDB: Keeping    6018 out of   12000 clauses (50.15 %)  Time =     0.04 sec
reduceDB: Keeping    6527 out of   13001 clauses (50.20 %)  Time =     0.05 sec
reduceDB: Keeping    7026 out of   14000 clauses (50.19 %)  Time =     0.05 sec
reduceDB: Keeping    7526 out of   15000 clauses (50.17 %)  Time =     0.05 sec
reduceDB: Keeping    8021 out of   16000 clauses (50.13 %)  Time =     0.05 sec
reduceDB: Keeping    8672 out of   17000 clauses (51.01 %)  Time =     0.05 sec
reduceDB: Keeping    9205 out of   18002 clauses (51.13 %)  Time =     0.05 sec
reduceDB: Keeping    9917 out of   19001 clauses (52.19 %)  Time =     0.05 sec
reduceDB: Keeping   10520 out of   20000 clauses (52.60 %)  Time =     0.05 sec
reduceDB: Keeping   11261 out of   21002 clauses (53.62 %)  Time =     0.05 sec
reduceDB: Keeping   11628 out of   22001 clauses (52.85 %)  Time =     0.06 sec
reduceDB: Keeping   12105 out of   23000 clauses (52.63 %)  Time =     0.06 sec
reduceDB: Keeping   12741 out of   24001 clauses (53.09 %)  Time =     0.06 sec
reduceDB: Keeping   13535 out of   25001 clauses (54.14 %)  Time =     0.06 sec
reduceDB: Keeping   13866 out of   26001 clauses (53.33 %)  Time =     0.06 sec
reduceDB: Keeping   14421 out of   27001 clauses (53.41 %)  Time =     0.06 sec
reduceDB: Keeping   14976 out of   28001 clauses (53.48 %)  Time =     0.06 sec
reduceDB: Keeping   15792 out of   29000 clauses (54.46 %)  Time =     0.07 sec
reduceDB: Keeping   16302 out of   30002 clauses (54.34 %)  Time =     0.07 sec
reduceDB: Keeping   13954 out of   31000 clauses (45.01 %)  Time =     0.07 sec
reduceDB: Keeping   16026 out of   32000 clauses (50.08 %)  Time =     0.07 sec
reduceDB: Keeping   16541 out of   33000 clauses (50.12 %)  Time =     0.07 sec
reduceDB: Keeping   17243 out of   34001 clauses (50.71 %)  Time =     0.08 sec
reduceDB: Keeping   18018 out of   35000 clauses (51.48 %)  Time =     0.08 sec
reduceDB: Keeping   18796 out of   36001 clauses (52.21 %)  Time =     0.08 sec
reduceDB: Keeping   19669 out of   37000 clauses (53.16 %)  Time =     0.08 sec
reduceDB: Keeping   20112 out of   38002 clauses (52.92 %)  Time =     0.08 sec
reduceDB: Keeping   20949 out of   39000 clauses (53.72 %)  Time =     0.09 sec
reduceDB: Keeping   21357 out of   40000 clauses (53.39 %)  Time =     0.09 sec
reduceDB: Keeping   21776 out of   41000 clauses (53.11 %)  Time =     0.09 sec
reduceDB: Keeping   22774 out of   42001 clauses (54.22 %)  Time =     0.09 sec
reduceDB: Keeping   20007 out of   43000 clauses (46.53 %)  Time =     0.10 sec
reduceDB: Keeping   22362 out of   44000 clauses (50.82 %)  Time =     0.10 sec
reduceDB: Keeping   23250 out of   45001 clauses (51.67 %)  Time =     0.10 sec
reduceDB: Keeping   23910 out of   46001 clauses (51.98 %)  Time =     0.10 sec
reduceDB: Keeping   24860 out of   47001 clauses (52.89 %)  Time =     0.11 sec
reduceDB: Keeping   25152 out of   48000 clauses (52.40 %)  Time =     0.11 sec
reduceDB: Keeping   25452 out of   49000 clauses (51.94 %)  Time =     0.11 sec
reduceDB: Keeping   26415 out of   50000 clauses (52.83 %)  Time =     0.11 sec
reduceDB: Keeping   26908 out of   51001 clauses (52.76 %)  Time =     0.12 sec
reduceDB: Keeping   27169 out of   52000 clauses (52.25 %)  Time =     0.12 sec
reduceDB: Keeping   27435 out of   53000 clauses (51.76 %)  Time =     0.12 sec
reduceDB: Keeping   28466 out of   54001 clauses (52.71 %)  Time =     0.13 sec
reduceDB: Keeping   29295 out of   55001 clauses (53.26 %)  Time =     0.13 sec
reduceDB: Keeping   29916 out of   56000 clauses (53.42 %)  Time =     0.13 sec
reduceDB: Keeping   30206 out of   57002 clauses (52.99 %)  Time =     0.14 sec
reduceDB: Keeping   30402 out of   58000 clauses (52.42 %)  Time =     0.14 sec
reduceDB: Keeping   30730 out of   59000 clauses (52.08 %)  Time =     0.14 sec
reduceDB: Keeping   31224 out of   60002 clauses (52.04 %)  Time =     0.15 sec
reduceDB: Keeping   31804 out of   61001 clauses (52.14 %)  Time =     0.15 sec
reduceDB: Keeping   31923 out of   62000 clauses (51.49 %)  Time =     0.15 sec
reduceDB: Keeping   32935 out of   63003 clauses (52.28 %)  Time =     0.16 sec
reduceDB: Keeping   34316 out of   64000 clauses (53.62 %)  Time =     0.16 sec
reduceDB: Keeping   35269 out of   65002 clauses (54.26 %)  Time =     0.16 sec
reduceDB: Keeping   28508 out of   66000 clauses (43.19 %)  Time =     0.17 sec
reduceDB: Keeping   33317 out of   67002 clauses (49.73 %)  Time =     0.17 sec
reduceDB: Keeping   34332 out of   68000 clauses (50.49 %)  Time =     0.17 sec
reduceDB: Keeping   34845 out of   69000 clauses (50.50 %)  Time =     0.18 sec
reduceDB: Keeping   35360 out of   70003 clauses (50.51 %)  Time =     0.18 sec
reduceDB: Keeping   36065 out of   71000 clauses (50.80 %)  Time =     0.19 sec
reduceDB: Keeping   36704 out of   72000 clauses (50.98 %)  Time =     0.19 sec
reduceDB: Keeping   37346 out of   73004 clauses (51.16 %)  Time =     0.19 sec
reduceDB: Keeping   38269 out of   74001 clauses (51.71 %)  Time =     0.20 sec
reduceDB: Keeping   38433 out of   75000 clauses (51.24 %)  Time =     0.20 sec
reduceDB: Keeping   38535 out of   76000 clauses (50.70 %)  Time =     0.21 sec
reduceDB: Keeping   39255 out of   77001 clauses (50.98 %)  Time =     0.21 sec
reduceDB: Keeping   39730 out of   78000 clauses (50.94 %)  Time =     0.21 sec
reduceDB: Keeping   39962 out of   79000 clauses (50.58 %)  Time =     0.22 sec
reduceDB: Keeping   41628 out of   80000 clauses (52.03 %)  Time =     0.22 sec
reduceDB: Keeping   42742 out of   81001 clauses (52.77 %)  Time =     0.23 sec
reduceDB: Keeping   42994 out of   82000 clauses (52.43 %)  Time =     0.23 sec
reduceDB: Keeping   43183 out of   83000 clauses (52.03 %)  Time =     0.24 sec
reduceDB: Keeping   43788 out of   84002 clauses (52.13 %)  Time =     0.24 sec
reduceDB: Keeping   44039 out of   85000 clauses (51.81 %)  Time =     0.25 sec
reduceDB: Keeping   43853 out of   86000 clauses (50.99 %)  Time =     0.25 sec
reduceDB: Keeping   45692 out of   87000 clauses (52.52 %)  Time =     0.25 sec
reduceDB: Keeping   45957 out of   88001 clauses (52.22 %)  Time =     0.26 sec
reduceDB: Keeping   45941 out of   89000 clauses (51.62 %)  Time =     0.26 sec
reduceDB: Keeping   45867 out of   90003 clauses (50.96 %)  Time =     0.27 sec
reduceDB: Keeping   46160 out of   91000 clauses (50.73 %)  Time =     0.27 sec
reduceDB: Keeping   47347 out of   92000 clauses (51.46 %)  Time =     0.28 sec
reduceDB: Keeping   47329 out of   93001 clauses (50.89 %)  Time =     0.28 sec
reduceDB: Keeping   48809 out of   94000 clauses (51.92 %)  Time =     0.29 sec
reduceDB: Keeping   50291 out of   95001 clauses (52.94 %)  Time =     0.29 sec
reduceDB: Keeping   51281 out of   96000 clauses (53.42 %)  Time =     0.30 sec
reduceDB: Keeping   53093 out of   97000 clauses (54.74 %)  Time =     0.30 sec
reduceDB: Keeping   40097 out of   98000 clauses (40.92 %)  Time =     0.31 sec
reduceDB: Keeping   45213 out of   99000 clauses (45.67 %)  Time =     0.31 sec
reduceDB: Keeping   49106 out of  100002 clauses (49.11 %)  Time =     0.32 sec
reduceDB: Keeping   50230 out of  101000 clauses (49.73 %)  Time =     0.33 sec
reduceDB: Keeping   50763 out of  102001 clauses (49.77 %)  Time =     0.33 sec
reduceDB: Keeping   51100 out of  103001 clauses (49.61 %)  Time =     0.34 sec
reduceDB: Keeping   51994 out of  104000 clauses (49.99 %)  Time =     0.34 sec
reduceDB: Keeping   52652 out of  105000 clauses (50.14 %)  Time =     0.35 sec
reduceDB: Keeping   50837 out of  106000 clauses (47.96 %)  Time =     0.35 sec
reduceDB: Keeping   53496 out of  107000 clauses (50.00 %)  Time =     0.36 sec
reduceDB: Keeping   54125 out of  108000 clauses (50.12 %)  Time =     0.36 sec
reduceDB: Keeping   55396 out of  109000 clauses (50.82 %)  Time =     0.37 sec
reduceDB: Keeping   55352 out of  110000 clauses (50.32 %)  Time =     0.38 sec
reduceDB: Keeping   56023 out of  111000 clauses (50.47 %)  Time =     0.38 sec
reduceDB: Keeping   56407 out of  112000 clauses (50.36 %)  Time =     0.39 sec
reduceDB: Keeping   56608 out of  113000 clauses (50.10 %)  Time =     0.39 sec
reduceDB: Keeping   57091 out of  114001 clauses (50.08 %)  Time =     0.40 sec
reduceDB: Keeping   57781 out of  115000 clauses (50.24 %)  Time =     0.41 sec
reduceDB: Keeping   58143 out of  116001 clauses (50.12 %)  Time =     0.41 sec
reduceDB: Keeping   58623 out of  117000 clauses (50.11 %)  Time =     0.42 sec
reduceDB: Keeping   60897 out of  118000 clauses (51.61 %)  Time =     0.43 sec
reduceDB: Keeping   63480 out of  119000 clauses (53.34 %)  Time =     0.43 sec
reduceDB: Keeping   65232 out of  120001 clauses (54.36 %)  Time =     0.44 sec
reduceDB: Keeping   65307 out of  121000 clauses (53.97 %)  Time =     0.45 sec
reduceDB: Keeping   66327 out of  122000 clauses (54.37 %)  Time =     0.45 sec
reduceDB: Keeping   52131 out of  123000 clauses (42.38 %)  Time =     0.46 sec
starts        :             6652
conflicts     :          3788514
decisions     :          4371288
propagations  :       1123921359
Final SAT:        Nodes =   2030.  Time =   366.75 sec
Networks are equivalent.  Time =   383.71 sec
End Old Verify =   383.71 sec
