ABC command line: "&read replace_1477.aig; &cec -m -v".

label 1
label 3
Assuming the current network is a single-output miter.
label 6
Start EquivFixOutputPairs =     0.00 sec
End EquivFixOutputPairs =     0.00 sec
Start ManSatSweeping =     0.00 sec
Simulating 15 words for 15 rounds. SAT solving with 1000 conflicts.
nSimWords = 0
cst =    2027  cls =      0  lit =    2027  unused =     256  proof =     0
cst =       0  cls =      2  lit =       2  unused =    2279  proof =     0
cst =       0  cls =      1  lit =       1  unused =    2281  proof =     0
cst =       0  cls =      1  lit =       1  unused =    2281  proof =     0
cst =       0  cls =      1  lit =       1  unused =    2281  proof =     0
cst =       0  cls =      1  lit =       1  unused =    2281  proof =     0
cst =       0  cls =      1  lit =       1  unused =    2281  proof =     0
cst =       0  cls =      1  lit =       1  unused =    2281  proof =     0
cst =       0  cls =      1  lit =       1  unused =    2281  proof =     0
cst =       0  cls =      1  lit =       1  unused =    2281  proof =     0
  1 : P =      0. D =      0. F =     1. M =     663. And =    2027. Time =     0.02 sec
Increasing conflict limit to 10000.
The result is written into file "cec_giaSweep.aig".
Switching into reduced mode.
  2 : P =      0. D =      0. F =     1. M =     663. And =    2027. Time =     0.28 sec
Increasing conflict limit to 100000.
The result is written into file "cec_giaSweep.aig".
Switching into normal mode.
  3 : P =      0. D =      0. F =     1. M =       0. And =    2027. Time =     3.73 sec
Performed 3 SAT calls: P = 0  D = 0  F = 3
NBeg = 2027. NEnd = 2027. (Gain =   0.00 %).  RBeg = 0. REnd = 0. (Gain =   0.00 %).
Sim  =     0.00 sec (  0.00 %)
Sat  =     4.03 sec (  0.00 %)
Pat  =     0.00 sec (  0.00 %)
Time =     4.07 sec
End ManSatSweeping =     4.08 sec
Networks are UNDECIDED after the new CEC engine.  Time =     4.08 sec
Calling the old CEC engine.
Start Old Verify =     4.08 sec
Original miter:   Nodes =   2030.
label 27
Initial SAT:      Nodes =   2030.  Time =     0.02 sec
Rewriting:        Nodes =   2030.  Time =     0.02 sec
There are 0 XORs
Balance-X:        Nodes =   2294.  Time =     0.00 sec
Starting Fra_SmlSimulate......classes =     1.   Lits =      4.
Refined classes  after Pattern 0=     1.   Changes =    0.   Lits =      4.
Refined classes after pattern 1 =     1.   Changes =    0.   Lits =      4.
Refined classes  =     1.   Changes =    0.   Lits =      4.
start Fra_FraigSweep...
Fraiging (i=1):   Nodes =   2294.  Time =     0.00 sec
Rewriting:        Nodes =   2055.  Time =     0.01 sec
There are 0 XORs
Balance-X:        Nodes =   2291.  Time =     0.00 sec
Starting Fra_SmlSimulate......classes =     1.   Lits =      4.
Refined classes  after Pattern 0=     1.   Changes =    0.   Lits =      4.
Refined classes after pattern 1 =     1.   Changes =    0.   Lits =      4.
Refined classes  =     1.   Changes =    0.   Lits =      4.
start Fra_FraigSweep...
Fraiging (i=2):   Nodes =   2291.  Time =     0.00 sec
Rewriting:        Nodes =   2055.  Time =     0.01 sec
There are 0 XORs
Balance-X:        Nodes =   2291.  Time =     0.00 sec
Starting Fra_SmlSimulate......classes =     1.   Lits =      4.
Refined classes  after Pattern 0=     1.   Changes =    0.   Lits =      4.
Refined classes after pattern 1 =     1.   Changes =    0.   Lits =      4.
Refined classes  =     1.   Changes =    0.   Lits =      4.
start Fra_FraigSweep...
Fraiging (i=3):   Nodes =   2291.  Time =     0.01 sec
Rewriting:        Nodes =   2055.  Time =     0.01 sec
There are 0 XORs
Balance-X:        Nodes =   2291.  Time =     0.00 sec
Starting Fra_SmlSimulate......classes =     1.   Lits =      4.
Refined classes  after Pattern 0=     1.   Changes =    0.   Lits =      4.
Refined classes after pattern 1 =     1.   Changes =    0.   Lits =      4.
Refined classes  =     1.   Changes =    0.   Lits =      4.
start Fra_FraigSweep...
Fraiging (i=4):   Nodes =   2291.  Time =     0.08 sec
Rewriting:        Nodes =   2055.  Time =     0.01 sec
There are 0 XORs
Balance-X:        Nodes =   2291.  Time =     0.00 sec
Starting Fra_SmlSimulate......classes =     1.   Lits =      4.
Refined classes  after Pattern 0=     1.   Changes =    0.   Lits =      4.
Refined classes after pattern 1 =     1.   Changes =    0.   Lits =      4.
Refined classes  =     1.   Changes =    0.   Lits =      4.
start Fra_FraigSweep...
Fraiging (i=5):   Nodes =   2291.  Time =     0.94 sec
Rewriting:        Nodes =   2055.  Time =     0.01 sec
There are 0 XORs
Balance-X:        Nodes =   2291.  Time =     0.00 sec
Starting Fra_SmlSimulate......classes =     1.   Lits =      4.
Refined classes  after Pattern 0=     1.   Changes =    0.   Lits =      4.
Refined classes after pattern 1 =     1.   Changes =    0.   Lits =      4.
Refined classes  =     1.   Changes =    0.   Lits =      4.
start Fra_FraigSweep...
Fraiging (i=6):   Nodes =   2291.  Time =    11.56 sec
Rewriting:        Nodes =   2055.  Time =     0.01 sec
label 27
CNF stats: Vars =   1574. Clauses =    4708. Literals =    12746. Time =     0.00 sec
Running SAT solver with parameters 10000 and 1000 and 50.
reduceDB: Keeping    5025 out of   10002 clauses (50.24 %)  Time =     0.04 sec
reduceDB: Keeping    5523 out of   11001 clauses (50.20 %)  Time =     0.05 sec
reduceDB: Keeping    6013 out of   12001 clauses (50.10 %)  Time =     0.05 sec
reduceDB: Keeping    6523 out of   13001 clauses (50.17 %)  Time =     0.05 sec
reduceDB: Keeping    7016 out of   14000 clauses (50.11 %)  Time =     0.05 sec
reduceDB: Keeping    7820 out of   15000 clauses (52.13 %)  Time =     0.05 sec
reduceDB: Keeping    8386 out of   16000 clauses (52.41 %)  Time =     0.05 sec
reduceDB: Keeping    9021 out of   17000 clauses (53.06 %)  Time =     0.05 sec
reduceDB: Keeping    9696 out of   18001 clauses (53.86 %)  Time =     0.05 sec
reduceDB: Keeping   10169 out of   19002 clauses (53.52 %)  Time =     0.05 sec
reduceDB: Keeping   10924 out of   20000 clauses (54.62 %)  Time =     0.05 sec
reduceDB: Keeping   11462 out of   21000 clauses (54.58 %)  Time =     0.06 sec
reduceDB: Keeping   12032 out of   22000 clauses (54.69 %)  Time =     0.06 sec
reduceDB: Keeping   12571 out of   23001 clauses (54.65 %)  Time =     0.06 sec
reduceDB: Keeping   11126 out of   24002 clauses (46.35 %)  Time =     0.06 sec
reduceDB: Keeping   12915 out of   25000 clauses (51.66 %)  Time =     0.06 sec
reduceDB: Keeping   13438 out of   26000 clauses (51.68 %)  Time =     0.06 sec
reduceDB: Keeping   13975 out of   27003 clauses (51.75 %)  Time =     0.06 sec
reduceDB: Keeping   14717 out of   28000 clauses (52.56 %)  Time =     0.07 sec
reduceDB: Keeping   14036 out of   29000 clauses (48.40 %)  Time =     0.07 sec
reduceDB: Keeping   15493 out of   30000 clauses (51.64 %)  Time =     0.07 sec
reduceDB: Keeping   16218 out of   31000 clauses (52.32 %)  Time =     0.07 sec
reduceDB: Keeping   16793 out of   32001 clauses (52.48 %)  Time =     0.07 sec
reduceDB: Keeping   17519 out of   33000 clauses (53.09 %)  Time =     0.07 sec
reduceDB: Keeping   18267 out of   34001 clauses (53.72 %)  Time =     0.08 sec
reduceDB: Keeping   18540 out of   35000 clauses (52.97 %)  Time =     0.08 sec
reduceDB: Keeping   19048 out of   36000 clauses (52.91 %)  Time =     0.08 sec
reduceDB: Keeping   17545 out of   37001 clauses (47.42 %)  Time =     0.08 sec
reduceDB: Keeping   19087 out of   38002 clauses (50.23 %)  Time =     0.09 sec
reduceDB: Keeping   19822 out of   39000 clauses (50.83 %)  Time =     0.09 sec
reduceDB: Keeping   20518 out of   40000 clauses (51.30 %)  Time =     0.09 sec
reduceDB: Keeping   20903 out of   41001 clauses (50.98 %)  Time =     0.09 sec
reduceDB: Keeping   21728 out of   42003 clauses (51.73 %)  Time =     0.09 sec
reduceDB: Keeping   22589 out of   43000 clauses (52.53 %)  Time =     0.10 sec
reduceDB: Keeping   23470 out of   44002 clauses (53.34 %)  Time =     0.10 sec
reduceDB: Keeping   21060 out of   45001 clauses (46.80 %)  Time =     0.10 sec
reduceDB: Keeping   23081 out of   46000 clauses (50.18 %)  Time =     0.10 sec
reduceDB: Keeping   23537 out of   47000 clauses (50.08 %)  Time =     0.11 sec
reduceDB: Keeping   24260 out of   48004 clauses (50.54 %)  Time =     0.11 sec
reduceDB: Keeping   25041 out of   49002 clauses (51.10 %)  Time =     0.11 sec
reduceDB: Keeping   25641 out of   50001 clauses (51.28 %)  Time =     0.11 sec
reduceDB: Keeping   26025 out of   51000 clauses (51.03 %)  Time =     0.12 sec
reduceDB: Keeping   26670 out of   52000 clauses (51.29 %)  Time =     0.12 sec
reduceDB: Keeping   27220 out of   53002 clauses (51.36 %)  Time =     0.12 sec
reduceDB: Keeping   28660 out of   54002 clauses (53.07 %)  Time =     0.13 sec
reduceDB: Keeping   28585 out of   55000 clauses (51.97 %)  Time =     0.13 sec
reduceDB: Keeping   28804 out of   56001 clauses (51.43 %)  Time =     0.13 sec
reduceDB: Keeping   29828 out of   57000 clauses (52.33 %)  Time =     0.14 sec
reduceDB: Keeping   30327 out of   58000 clauses (52.29 %)  Time =     0.14 sec
reduceDB: Keeping   30836 out of   59002 clauses (52.26 %)  Time =     0.14 sec
reduceDB: Keeping   31633 out of   60000 clauses (52.72 %)  Time =     0.15 sec
reduceDB: Keeping   31498 out of   61001 clauses (51.64 %)  Time =     0.15 sec
reduceDB: Keeping   32470 out of   62002 clauses (52.37 %)  Time =     0.15 sec
reduceDB: Keeping   33272 out of   63001 clauses (52.81 %)  Time =     0.16 sec
reduceDB: Keeping   33823 out of   64001 clauses (52.85 %)  Time =     0.16 sec
reduceDB: Keeping   34292 out of   65003 clauses (52.75 %)  Time =     0.16 sec
reduceDB: Keeping   35340 out of   66000 clauses (53.55 %)  Time =     0.17 sec
reduceDB: Keeping   36395 out of   67000 clauses (54.32 %)  Time =     0.17 sec
reduceDB: Keeping   36932 out of   68000 clauses (54.31 %)  Time =     0.17 sec
reduceDB: Keeping   36847 out of   69000 clauses (53.40 %)  Time =     0.18 sec
reduceDB: Keeping   37007 out of   70001 clauses (52.87 %)  Time =     0.18 sec
reduceDB: Keeping   37196 out of   71000 clauses (52.39 %)  Time =     0.19 sec
reduceDB: Keeping   37535 out of   72002 clauses (52.13 %)  Time =     0.19 sec
reduceDB: Keeping   38076 out of   73001 clauses (52.16 %)  Time =     0.19 sec
reduceDB: Keeping   38416 out of   74000 clauses (51.91 %)  Time =     0.20 sec
reduceDB: Keeping   38536 out of   75003 clauses (51.38 %)  Time =     0.20 sec
reduceDB: Keeping   38662 out of   76000 clauses (50.87 %)  Time =     0.21 sec
reduceDB: Keeping   39537 out of   77001 clauses (51.35 %)  Time =     0.21 sec
reduceDB: Keeping   39557 out of   78002 clauses (50.71 %)  Time =     0.22 sec
reduceDB: Keeping   40127 out of   79002 clauses (50.79 %)  Time =     0.22 sec
reduceDB: Keeping   41007 out of   80002 clauses (51.26 %)  Time =     0.22 sec
reduceDB: Keeping   41965 out of   81000 clauses (51.81 %)  Time =     0.23 sec
reduceDB: Keeping   41612 out of   82001 clauses (50.75 %)  Time =     0.23 sec
reduceDB: Keeping   42116 out of   83000 clauses (50.74 %)  Time =     0.24 sec
reduceDB: Keeping   42950 out of   84000 clauses (51.13 %)  Time =     0.24 sec
reduceDB: Keeping   43436 out of   85001 clauses (51.10 %)  Time =     0.25 sec
reduceDB: Keeping   43235 out of   86001 clauses (50.27 %)  Time =     0.25 sec
reduceDB: Keeping   45355 out of   87002 clauses (52.13 %)  Time =     0.26 sec
reduceDB: Keeping   45628 out of   88000 clauses (51.85 %)  Time =     0.26 sec
reduceDB: Keeping   45423 out of   89000 clauses (51.04 %)  Time =     0.27 sec
reduceDB: Keeping   45354 out of   90000 clauses (50.39 %)  Time =     0.27 sec
reduceDB: Keeping   46135 out of   91001 clauses (50.70 %)  Time =     0.28 sec
reduceDB: Keeping   46643 out of   92002 clauses (50.70 %)  Time =     0.28 sec
reduceDB: Keeping   48181 out of   93000 clauses (51.81 %)  Time =     0.29 sec
reduceDB: Keeping   49446 out of   94001 clauses (52.60 %)  Time =     0.29 sec
reduceDB: Keeping   51834 out of   95000 clauses (54.56 %)  Time =     0.31 sec
reduceDB: Keeping   40421 out of   96001 clauses (42.10 %)  Time =     0.31 sec
reduceDB: Keeping   46727 out of   97001 clauses (48.17 %)  Time =     0.32 sec
reduceDB: Keeping   49062 out of   98000 clauses (50.06 %)  Time =     0.33 sec
reduceDB: Keeping   51075 out of   99002 clauses (51.59 %)  Time =     0.34 sec
reduceDB: Keeping   52582 out of  100000 clauses (52.58 %)  Time =     0.35 sec
reduceDB: Keeping   52319 out of  101000 clauses (51.80 %)  Time =     0.36 sec
reduceDB: Keeping   52810 out of  102000 clauses (51.77 %)  Time =     0.37 sec
reduceDB: Keeping   52982 out of  103000 clauses (51.44 %)  Time =     0.39 sec
reduceDB: Keeping   53764 out of  104000 clauses (51.70 %)  Time =     0.40 sec
reduceDB: Keeping   53449 out of  105000 clauses (50.90 %)  Time =     0.41 sec
reduceDB: Keeping   53657 out of  106003 clauses (50.62 %)  Time =     0.43 sec
reduceDB: Keeping   54020 out of  107002 clauses (50.49 %)  Time =     0.45 sec
reduceDB: Keeping   54732 out of  108000 clauses (50.68 %)  Time =     0.47 sec
reduceDB: Keeping   56045 out of  109001 clauses (51.42 %)  Time =     0.48 sec
reduceDB: Keeping   56851 out of  110002 clauses (51.68 %)  Time =     0.49 sec
reduceDB: Keeping   56963 out of  111000 clauses (51.32 %)  Time =     0.52 sec
reduceDB: Keeping   57803 out of  112000 clauses (51.61 %)  Time =     0.54 sec
reduceDB: Keeping   57865 out of  113001 clauses (51.21 %)  Time =     0.57 sec
reduceDB: Keeping   58769 out of  114001 clauses (51.55 %)  Time =     0.60 sec
reduceDB: Keeping   59082 out of  115001 clauses (51.38 %)  Time =     0.62 sec
reduceDB: Keeping   60273 out of  116003 clauses (51.96 %)  Time =     0.64 sec
reduceDB: Keeping   59871 out of  117001 clauses (51.17 %)  Time =     0.65 sec
reduceDB: Keeping   61350 out of  118001 clauses (51.99 %)  Time =     0.68 sec
reduceDB: Keeping   63334 out of  119002 clauses (53.22 %)  Time =     0.70 sec
reduceDB: Keeping   64723 out of  120000 clauses (53.94 %)  Time =     0.72 sec
reduceDB: Keeping   64141 out of  121000 clauses (53.01 %)  Time =     0.74 sec
reduceDB: Keeping   65058 out of  122001 clauses (53.33 %)  Time =     0.75 sec
reduceDB: Keeping   64948 out of  123001 clauses (52.80 %)  Time =     0.77 sec
reduceDB: Keeping   66124 out of  124002 clauses (53.32 %)  Time =     0.78 sec
reduceDB: Keeping   67690 out of  125000 clauses (54.15 %)  Time =     0.81 sec
reduceDB: Keeping   67983 out of  126000 clauses (53.95 %)  Time =     0.84 sec
reduceDB: Keeping   68116 out of  127000 clauses (53.63 %)  Time =     0.87 sec
reduceDB: Keeping   69702 out of  128000 clauses (54.45 %)  Time =     0.89 sec
reduceDB: Keeping   53443 out of  129000 clauses (41.43 %)  Time =     0.92 sec
reduceDB: Keeping   60594 out of  130001 clauses (46.61 %)  Time =     0.95 sec
reduceDB: Keeping   63318 out of  131001 clauses (48.33 %)  Time =     0.98 sec
reduceDB: Keeping   67893 out of  132000 clauses (51.43 %)  Time =     1.00 sec
starts        :             7676
conflicts     :          4313302
decisions     :          4967198
propagations  :       1301323936
Final SAT:        Nodes =   2055.  Time =   846.93 sec
Networks are equivalent.  Time =   863.67 sec
End Old Verify =   863.67 sec
