ABC command line: "&read replace_1384.aig; &cec -m -v".

label 1
label 3
Assuming the current network is a single-output miter.
label 6
Start EquivFixOutputPairs =     0.00 sec
End EquivFixOutputPairs =     0.00 sec
Start ManSatSweeping =     0.00 sec
Simulating 15 words for 15 rounds. SAT solving with 1000 conflicts.
nSimWords = 0
cst =    3198  cls =      0  lit =    3198  unused =     256  proof =     0
cst =      19  cls =     65  lit =      94  unused =    3295  proof =     0
cst =       5  cls =     14  lit =      20  unused =    3420  proof =     0
cst =       1  cls =      5  lit =       6  unused =    3443  proof =     0
cst =       0  cls =      2  lit =       2  unused =    3450  proof =     0
cst =       0  cls =      2  lit =       2  unused =    3450  proof =     0
cst =       0  cls =      2  lit =       2  unused =    3450  proof =     0
cst =       0  cls =      1  lit =       1  unused =    3452  proof =     0
cst =       0  cls =      1  lit =       1  unused =    3452  proof =     0
cst =       0  cls =      1  lit =       1  unused =    3452  proof =     0
  1 : P =      0. D =      0. F =     1. M =    1203. And =    3198. Time =     0.03 sec
Increasing conflict limit to 10000.
The result is written into file "cec_giaSweep.aig".
Switching into reduced mode.
  2 : P =      0. D =      0. F =     1. M =    1203. And =    3198. Time =     0.34 sec
Increasing conflict limit to 100000.
The result is written into file "cec_giaSweep.aig".
Switching into normal mode.
  3 : P =      0. D =      0. F =     1. M =       0. And =    3198. Time =     4.69 sec
Performed 3 SAT calls: P = 0  D = 0  F = 3
NBeg = 3198. NEnd = 3198. (Gain =   0.00 %).  RBeg = 0. REnd = 0. (Gain =   0.00 %).
Sim  =     0.00 sec (  0.00 %)
Sat  =     5.05 sec (  0.00 %)
Pat  =     0.00 sec (  0.00 %)
Time =     5.06 sec
End ManSatSweeping =     5.06 sec
Networks are UNDECIDED after the new CEC engine.  Time =     5.06 sec
Calling the old CEC engine.
Start Old Verify =     5.06 sec
Original miter:   Nodes =   3201.
label 27
Initial SAT:      Nodes =   3201.  Time =     0.02 sec
Rewriting:        Nodes =   3201.  Time =     0.03 sec
There are 0 XORs
Balance-X:        Nodes =   3482.  Time =     0.00 sec
Starting Fra_SmlSimulate......classes =     6.   Lits =     11.
Refined classes  after Pattern 0=     6.   Changes =    0.   Lits =     11.
Refined classes after pattern 1 =     6.   Changes =    0.   Lits =     11.
Refined classes  =     3.   Changes =    5.   Lits =      6.
Refined classes  =     2.   Changes =    1.   Lits =      5.
Refined classes  =     2.   Changes =    0.   Lits =      5.
start Fra_FraigSweep...
Fraiging (i=1):   Nodes =   3482.  Time =     0.00 sec
Rewriting:        Nodes =   3221.  Time =     0.01 sec
There are 0 XORs
Balance-X:        Nodes =   3479.  Time =     0.00 sec
Starting Fra_SmlSimulate......classes =     6.   Lits =     11.
Refined classes  after Pattern 0=     6.   Changes =    0.   Lits =     11.
Refined classes after pattern 1 =     6.   Changes =    0.   Lits =     11.
Refined classes  =     3.   Changes =    5.   Lits =      6.
Refined classes  =     2.   Changes =    1.   Lits =      5.
Refined classes  =     2.   Changes =    0.   Lits =      5.
start Fra_FraigSweep...
Fraiging (i=2):   Nodes =   3479.  Time =     0.00 sec
Rewriting:        Nodes =   3221.  Time =     0.01 sec
There are 0 XORs
Balance-X:        Nodes =   3479.  Time =     0.00 sec
Starting Fra_SmlSimulate......classes =     6.   Lits =     11.
Refined classes  after Pattern 0=     6.   Changes =    0.   Lits =     11.
Refined classes after pattern 1 =     6.   Changes =    0.   Lits =     11.
Refined classes  =     3.   Changes =    5.   Lits =      6.
Refined classes  =     2.   Changes =    1.   Lits =      5.
Refined classes  =     2.   Changes =    0.   Lits =      5.
start Fra_FraigSweep...
Fraiging (i=3):   Nodes =   3479.  Time =     0.01 sec
Rewriting:        Nodes =   3223.  Time =     0.01 sec
There are 0 XORs
Balance-X:        Nodes =   3479.  Time =     0.00 sec
Starting Fra_SmlSimulate......classes =     6.   Lits =     11.
Refined classes  after Pattern 0=     6.   Changes =    0.   Lits =     11.
Refined classes after pattern 1 =     6.   Changes =    0.   Lits =     11.
Refined classes  =     3.   Changes =    5.   Lits =      6.
Refined classes  =     2.   Changes =    1.   Lits =      5.
Refined classes  =     2.   Changes =    0.   Lits =      5.
start Fra_FraigSweep...
Fraiging (i=4):   Nodes =   3479.  Time =     0.10 sec
Rewriting:        Nodes =   3224.  Time =     0.01 sec
There are 0 XORs
Balance-X:        Nodes =   3479.  Time =     0.00 sec
Starting Fra_SmlSimulate......classes =     6.   Lits =     11.
Refined classes  after Pattern 0=     6.   Changes =    0.   Lits =     11.
Refined classes after pattern 1 =     6.   Changes =    0.   Lits =     11.
Refined classes  =     3.   Changes =    5.   Lits =      6.
Refined classes  =     2.   Changes =    1.   Lits =      5.
Refined classes  =     2.   Changes =    0.   Lits =      5.
start Fra_FraigSweep...
Fraiging (i=5):   Nodes =   3479.  Time =     1.21 sec
Rewriting:        Nodes =   3223.  Time =     0.01 sec
There are 0 XORs
Balance-X:        Nodes =   3479.  Time =     0.00 sec
Starting Fra_SmlSimulate......classes =     6.   Lits =     11.
Refined classes  after Pattern 0=     6.   Changes =    0.   Lits =     11.
Refined classes after pattern 1 =     6.   Changes =    0.   Lits =     11.
Refined classes  =     3.   Changes =    5.   Lits =      6.
Refined classes  =     2.   Changes =    1.   Lits =      5.
Refined classes  =     2.   Changes =    0.   Lits =      5.
start Fra_FraigSweep...
Fraiging (i=6):   Nodes =   3479.  Time =    12.77 sec
Rewriting:        Nodes =   3224.  Time =     0.01 sec
label 27
CNF stats: Vars =   2128. Clauses =    7035. Literals =    19147. Time =     0.00 sec
Running SAT solver with parameters 10000 and 1000 and 50.
reduceDB: Keeping    5013 out of   10000 clauses (50.13 %)  Time =     0.04 sec
reduceDB: Keeping    5512 out of   11002 clauses (50.10 %)  Time =     0.04 sec
reduceDB: Keeping    6020 out of   12000 clauses (50.17 %)  Time =     0.04 sec
reduceDB: Keeping    6527 out of   13003 clauses (50.20 %)  Time =     0.04 sec
reduceDB: Keeping    7016 out of   14000 clauses (50.11 %)  Time =     0.04 sec
reduceDB: Keeping    7516 out of   15001 clauses (50.10 %)  Time =     0.05 sec
reduceDB: Keeping    8030 out of   16000 clauses (50.19 %)  Time =     0.05 sec
reduceDB: Keeping    8494 out of   17001 clauses (49.96 %)  Time =     0.05 sec
reduceDB: Keeping    8989 out of   18000 clauses (49.94 %)  Time =     0.05 sec
reduceDB: Keeping    9517 out of   19000 clauses (50.09 %)  Time =     0.05 sec
reduceDB: Keeping   10034 out of   20001 clauses (50.17 %)  Time =     0.05 sec
reduceDB: Keeping   10538 out of   21000 clauses (50.18 %)  Time =     0.05 sec
reduceDB: Keeping   11029 out of   22002 clauses (50.13 %)  Time =     0.05 sec
reduceDB: Keeping   11540 out of   23000 clauses (50.17 %)  Time =     0.05 sec
reduceDB: Keeping   12027 out of   24000 clauses (50.11 %)  Time =     0.06 sec
reduceDB: Keeping   12657 out of   25001 clauses (50.63 %)  Time =     0.06 sec
reduceDB: Keeping   13128 out of   26001 clauses (50.49 %)  Time =     0.06 sec
reduceDB: Keeping   13566 out of   27000 clauses (50.24 %)  Time =     0.06 sec
reduceDB: Keeping   14095 out of   28000 clauses (50.34 %)  Time =     0.06 sec
reduceDB: Keeping   14548 out of   29001 clauses (50.16 %)  Time =     0.06 sec
reduceDB: Keeping   15335 out of   30000 clauses (51.12 %)  Time =     0.07 sec
reduceDB: Keeping   15803 out of   31000 clauses (50.98 %)  Time =     0.07 sec
reduceDB: Keeping   16224 out of   32002 clauses (50.70 %)  Time =     0.07 sec
reduceDB: Keeping   16695 out of   33002 clauses (50.59 %)  Time =     0.07 sec
reduceDB: Keeping   17099 out of   34000 clauses (50.29 %)  Time =     0.07 sec
reduceDB: Keeping   17559 out of   35000 clauses (50.17 %)  Time =     0.07 sec
reduceDB: Keeping   18032 out of   36001 clauses (50.09 %)  Time =     0.08 sec
reduceDB: Keeping   18573 out of   37002 clauses (50.19 %)  Time =     0.08 sec
reduceDB: Keeping   19050 out of   38000 clauses (50.13 %)  Time =     0.08 sec
reduceDB: Keeping   19541 out of   39001 clauses (50.10 %)  Time =     0.08 sec
reduceDB: Keeping   20014 out of   40003 clauses (50.03 %)  Time =     0.08 sec
reduceDB: Keeping   20551 out of   41000 clauses (50.12 %)  Time =     0.09 sec
reduceDB: Keeping   21030 out of   42001 clauses (50.07 %)  Time =     0.09 sec
reduceDB: Keeping   22189 out of   43000 clauses (51.60 %)  Time =     0.09 sec
reduceDB: Keeping   23406 out of   44001 clauses (53.19 %)  Time =     0.09 sec
reduceDB: Keeping   24005 out of   45000 clauses (53.34 %)  Time =     0.10 sec
reduceDB: Keeping   24130 out of   46001 clauses (52.46 %)  Time =     0.10 sec
reduceDB: Keeping   24447 out of   47002 clauses (52.01 %)  Time =     0.10 sec
reduceDB: Keeping   24650 out of   48000 clauses (51.35 %)  Time =     0.10 sec
reduceDB: Keeping   25101 out of   49002 clauses (51.22 %)  Time =     0.11 sec
reduceDB: Keeping   25512 out of   50000 clauses (51.02 %)  Time =     0.11 sec
reduceDB: Keeping   25919 out of   51000 clauses (50.82 %)  Time =     0.11 sec
reduceDB: Keeping   26556 out of   52001 clauses (51.07 %)  Time =     0.11 sec
reduceDB: Keeping   26892 out of   53002 clauses (50.74 %)  Time =     0.12 sec
reduceDB: Keeping   27998 out of   54000 clauses (51.85 %)  Time =     0.12 sec
reduceDB: Keeping   28501 out of   55001 clauses (51.82 %)  Time =     0.12 sec
reduceDB: Keeping   28709 out of   56000 clauses (51.27 %)  Time =     0.13 sec
reduceDB: Keeping   28964 out of   57000 clauses (50.81 %)  Time =     0.13 sec
reduceDB: Keeping   29575 out of   58001 clauses (50.99 %)  Time =     0.13 sec
reduceDB: Keeping   29911 out of   59000 clauses (50.70 %)  Time =     0.14 sec
reduceDB: Keeping   30128 out of   60002 clauses (50.21 %)  Time =     0.14 sec
reduceDB: Keeping   30565 out of   61000 clauses (50.11 %)  Time =     0.14 sec
reduceDB: Keeping   31067 out of   62000 clauses (50.11 %)  Time =     0.15 sec
reduceDB: Keeping   32304 out of   63004 clauses (51.27 %)  Time =     0.15 sec
reduceDB: Keeping   32920 out of   64000 clauses (51.44 %)  Time =     0.15 sec
reduceDB: Keeping   33453 out of   65001 clauses (51.47 %)  Time =     0.15 sec
reduceDB: Keeping   34028 out of   66001 clauses (51.56 %)  Time =     0.16 sec
reduceDB: Keeping   34639 out of   67000 clauses (51.70 %)  Time =     0.16 sec
reduceDB: Keeping   34467 out of   68001 clauses (50.69 %)  Time =     0.17 sec
reduceDB: Keeping   34993 out of   69000 clauses (50.71 %)  Time =     0.17 sec
reduceDB: Keeping   35223 out of   70000 clauses (50.32 %)  Time =     0.17 sec
reduceDB: Keeping   35591 out of   71000 clauses (50.13 %)  Time =     0.18 sec
reduceDB: Keeping   36121 out of   72001 clauses (50.17 %)  Time =     0.18 sec
reduceDB: Keeping   36346 out of   73000 clauses (49.79 %)  Time =     0.18 sec
reduceDB: Keeping   37111 out of   74000 clauses (50.15 %)  Time =     0.19 sec
reduceDB: Keeping   37611 out of   75004 clauses (50.15 %)  Time =     0.19 sec
reduceDB: Keeping   37697 out of   76001 clauses (49.60 %)  Time =     0.20 sec
reduceDB: Keeping   38611 out of   77000 clauses (50.14 %)  Time =     0.20 sec
reduceDB: Keeping   39109 out of   78001 clauses (50.14 %)  Time =     0.20 sec
reduceDB: Keeping   39585 out of   79000 clauses (50.11 %)  Time =     0.21 sec
reduceDB: Keeping   40065 out of   80001 clauses (50.08 %)  Time =     0.21 sec
reduceDB: Keeping   40627 out of   81000 clauses (50.16 %)  Time =     0.22 sec
reduceDB: Keeping   41149 out of   82001 clauses (50.18 %)  Time =     0.22 sec
reduceDB: Keeping   41566 out of   83000 clauses (50.08 %)  Time =     0.22 sec
reduceDB: Keeping   42117 out of   84002 clauses (50.14 %)  Time =     0.23 sec
reduceDB: Keeping   42598 out of   85002 clauses (50.11 %)  Time =     0.23 sec
reduceDB: Keeping   42843 out of   86002 clauses (49.82 %)  Time =     0.24 sec
reduceDB: Keeping   43511 out of   87000 clauses (50.01 %)  Time =     0.24 sec
reduceDB: Keeping   44082 out of   88000 clauses (50.09 %)  Time =     0.25 sec
reduceDB: Keeping   43883 out of   89002 clauses (49.31 %)  Time =     0.25 sec
reduceDB: Keeping   45156 out of   90001 clauses (50.17 %)  Time =     0.26 sec
reduceDB: Keeping   44366 out of   91001 clauses (48.75 %)  Time =     0.26 sec
reduceDB: Keeping   46104 out of   92000 clauses (50.11 %)  Time =     0.26 sec
reduceDB: Keeping   46855 out of   93001 clauses (50.38 %)  Time =     0.27 sec
reduceDB: Keeping   48324 out of   94000 clauses (51.41 %)  Time =     0.27 sec
reduceDB: Keeping   50042 out of   95000 clauses (52.68 %)  Time =     0.28 sec
reduceDB: Keeping   50712 out of   96000 clauses (52.83 %)  Time =     0.28 sec
reduceDB: Keeping   51251 out of   97001 clauses (52.84 %)  Time =     0.29 sec
reduceDB: Keeping   52922 out of   98001 clauses (54.00 %)  Time =     0.29 sec
reduceDB: Keeping   53239 out of   99001 clauses (53.78 %)  Time =     0.30 sec
reduceDB: Keeping   53416 out of  100001 clauses (53.42 %)  Time =     0.30 sec
reduceDB: Keeping   52595 out of  101002 clauses (52.07 %)  Time =     0.31 sec
reduceDB: Keeping   53252 out of  102001 clauses (52.21 %)  Time =     0.31 sec
reduceDB: Keeping   53366 out of  103000 clauses (51.81 %)  Time =     0.32 sec
reduceDB: Keeping   53297 out of  104000 clauses (51.25 %)  Time =     0.32 sec
reduceDB: Keeping   53592 out of  105000 clauses (51.04 %)  Time =     0.33 sec
reduceDB: Keeping   53301 out of  106000 clauses (50.28 %)  Time =     0.33 sec
reduceDB: Keeping   53759 out of  107001 clauses (50.24 %)  Time =     0.34 sec
reduceDB: Keeping   54504 out of  108001 clauses (50.47 %)  Time =     0.35 sec
reduceDB: Keeping   55328 out of  109000 clauses (50.76 %)  Time =     0.35 sec
reduceDB: Keeping   55608 out of  110001 clauses (50.55 %)  Time =     0.36 sec
reduceDB: Keeping   55570 out of  111002 clauses (50.06 %)  Time =     0.36 sec
reduceDB: Keeping   56166 out of  112001 clauses (50.15 %)  Time =     0.37 sec
reduceDB: Keeping   56431 out of  113000 clauses (49.94 %)  Time =     0.37 sec
reduceDB: Keeping   57141 out of  114000 clauses (50.12 %)  Time =     0.38 sec
reduceDB: Keeping   57818 out of  115000 clauses (50.28 %)  Time =     0.39 sec
reduceDB: Keeping   56924 out of  116000 clauses (49.07 %)  Time =     0.39 sec
reduceDB: Keeping   58626 out of  117000 clauses (50.11 %)  Time =     0.40 sec
reduceDB: Keeping   59082 out of  118000 clauses (50.07 %)  Time =     0.40 sec
reduceDB: Keeping   60501 out of  119000 clauses (50.84 %)  Time =     0.41 sec
reduceDB: Keeping   60256 out of  120000 clauses (50.21 %)  Time =     0.41 sec
reduceDB: Keeping   60877 out of  121001 clauses (50.31 %)  Time =     0.42 sec
reduceDB: Keeping   60461 out of  122001 clauses (49.56 %)  Time =     0.43 sec
reduceDB: Keeping   61556 out of  123000 clauses (50.05 %)  Time =     0.43 sec
reduceDB: Keeping   61438 out of  124001 clauses (49.55 %)  Time =     0.44 sec
reduceDB: Keeping   63182 out of  125003 clauses (50.54 %)  Time =     0.44 sec
reduceDB: Keeping   62962 out of  126000 clauses (49.97 %)  Time =     0.45 sec
reduceDB: Keeping   64064 out of  127000 clauses (50.44 %)  Time =     0.46 sec
reduceDB: Keeping   65495 out of  128000 clauses (51.17 %)  Time =     0.46 sec
reduceDB: Keeping   66874 out of  129002 clauses (51.84 %)  Time =     0.47 sec
reduceDB: Keeping   67701 out of  130000 clauses (52.08 %)  Time =     0.48 sec
reduceDB: Keeping   70626 out of  131000 clauses (53.91 %)  Time =     0.48 sec
starts        :             7676
conflicts     :          4331981
decisions     :          5013169
propagations  :       1787448523
Final SAT:        Nodes =   3224.  Time =   428.57 sec
Networks are equivalent.  Time =   447.84 sec
End Old Verify =   447.84 sec
