ABC command line: "&read replace_1560.aig; &cec -m -v".

label 1
label 3
Assuming the current network is a single-output miter.
label 6
Start EquivFixOutputPairs =     0.00 sec
End EquivFixOutputPairs =     0.00 sec
Start ManSatSweeping =     0.00 sec
Simulating 15 words for 15 rounds. SAT solving with 1000 conflicts.
nSimWords = 0
cst =    2146  cls =      0  lit =    2146  unused =     256  proof =     0
cst =       2  cls =      6  lit =       9  unused =    2387  proof =     0
cst =       2  cls =      2  lit =       5  unused =    2395  proof =     0
cst =       0  cls =      1  lit =       1  unused =    2400  proof =     0
cst =       0  cls =      1  lit =       1  unused =    2400  proof =     0
cst =       0  cls =      1  lit =       1  unused =    2400  proof =     0
cst =       0  cls =      1  lit =       1  unused =    2400  proof =     0
cst =       0  cls =      1  lit =       1  unused =    2400  proof =     0
cst =       0  cls =      1  lit =       1  unused =    2400  proof =     0
cst =       0  cls =      1  lit =       1  unused =    2400  proof =     0
  1 : P =      0. D =      0. F =     1. M =     702. And =    2146. Time =     0.02 sec
Increasing conflict limit to 10000.
The result is written into file "cec_giaSweep.aig".
Switching into reduced mode.
  2 : P =      0. D =      0. F =     1. M =     702. And =    2146. Time =     0.28 sec
Increasing conflict limit to 100000.
The result is written into file "cec_giaSweep.aig".
Switching into normal mode.
  3 : P =      0. D =      0. F =     1. M =       0. And =    2146. Time =     3.94 sec
Performed 3 SAT calls: P = 0  D = 0  F = 3
NBeg = 2146. NEnd = 2146. (Gain =   0.00 %).  RBeg = 0. REnd = 0. (Gain =   0.00 %).
Sim  =     0.00 sec (  0.00 %)
Sat  =     4.24 sec (  0.00 %)
Pat  =     0.00 sec (  0.00 %)
Time =     4.24 sec
End ManSatSweeping =     4.24 sec
Networks are UNDECIDED after the new CEC engine.  Time =     4.24 sec
Calling the old CEC engine.
Start Old Verify =     4.24 sec
Original miter:   Nodes =   2149.
label 27
Initial SAT:      Nodes =   2149.  Time =     0.02 sec
Rewriting:        Nodes =   2148.  Time =     0.02 sec
There are 0 XORs
Balance-X:        Nodes =   2427.  Time =     0.00 sec
Starting Fra_SmlSimulate......classes =     1.   Lits =      4.
Refined classes  after Pattern 0=     1.   Changes =    0.   Lits =      4.
Refined classes after pattern 1 =     1.   Changes =    0.   Lits =      4.
Refined classes  =     1.   Changes =    0.   Lits =      4.
start Fra_FraigSweep...
Fraiging (i=1):   Nodes =   2427.  Time =     0.00 sec
Rewriting:        Nodes =   2169.  Time =     0.01 sec
There are 0 XORs
Balance-X:        Nodes =   2427.  Time =     0.00 sec
Starting Fra_SmlSimulate......classes =     1.   Lits =      4.
Refined classes  after Pattern 0=     1.   Changes =    0.   Lits =      4.
Refined classes after pattern 1 =     1.   Changes =    0.   Lits =      4.
Refined classes  =     1.   Changes =    0.   Lits =      4.
start Fra_FraigSweep...
Fraiging (i=2):   Nodes =   2427.  Time =     0.00 sec
Rewriting:        Nodes =   2169.  Time =     0.01 sec
There are 0 XORs
Balance-X:        Nodes =   2427.  Time =     0.00 sec
Starting Fra_SmlSimulate......classes =     1.   Lits =      4.
Refined classes  after Pattern 0=     1.   Changes =    0.   Lits =      4.
Refined classes after pattern 1 =     1.   Changes =    0.   Lits =      4.
Refined classes  =     1.   Changes =    0.   Lits =      4.
start Fra_FraigSweep...
Fraiging (i=3):   Nodes =   2427.  Time =     0.01 sec
Rewriting:        Nodes =   2169.  Time =     0.01 sec
There are 0 XORs
Balance-X:        Nodes =   2427.  Time =     0.00 sec
Starting Fra_SmlSimulate......classes =     1.   Lits =      4.
Refined classes  after Pattern 0=     1.   Changes =    0.   Lits =      4.
Refined classes after pattern 1 =     1.   Changes =    0.   Lits =      4.
Refined classes  =     1.   Changes =    0.   Lits =      4.
start Fra_FraigSweep...
Fraiging (i=4):   Nodes =   2427.  Time =     0.09 sec
Rewriting:        Nodes =   2170.  Time =     0.01 sec
There are 0 XORs
Balance-X:        Nodes =   2427.  Time =     0.00 sec
Starting Fra_SmlSimulate......classes =     1.   Lits =      4.
Refined classes  after Pattern 0=     1.   Changes =    0.   Lits =      4.
Refined classes after pattern 1 =     1.   Changes =    0.   Lits =      4.
Refined classes  =     1.   Changes =    0.   Lits =      4.
start Fra_FraigSweep...
Fraiging (i=5):   Nodes =   2427.  Time =     1.04 sec
Rewriting:        Nodes =   2169.  Time =     0.01 sec
There are 0 XORs
Balance-X:        Nodes =   2427.  Time =     0.00 sec
Starting Fra_SmlSimulate......classes =     1.   Lits =      4.
Refined classes  after Pattern 0=     1.   Changes =    0.   Lits =      4.
Refined classes after pattern 1 =     1.   Changes =    0.   Lits =      4.
Refined classes  =     1.   Changes =    0.   Lits =      4.
start Fra_FraigSweep...
Fraiging (i=6):   Nodes =   2427.  Time =    11.55 sec
Rewriting:        Nodes =   2170.  Time =     0.01 sec
label 27
CNF stats: Vars =   1658. Clauses =    5006. Literals =    13483. Time =     0.00 sec
Running SAT solver with parameters 10000 and 1000 and 50.
reduceDB: Keeping    5020 out of   10001 clauses (50.19 %)  Time =     0.04 sec
reduceDB: Keeping    5509 out of   11001 clauses (50.08 %)  Time =     0.04 sec
reduceDB: Keeping    6012 out of   12000 clauses (50.10 %)  Time =     0.05 sec
reduceDB: Keeping    6534 out of   13000 clauses (50.26 %)  Time =     0.05 sec
reduceDB: Keeping    7018 out of   14004 clauses (50.11 %)  Time =     0.05 sec
reduceDB: Keeping    7681 out of   15001 clauses (51.20 %)  Time =     0.05 sec
reduceDB: Keeping    8207 out of   16002 clauses (51.29 %)  Time =     0.05 sec
reduceDB: Keeping    8677 out of   17000 clauses (51.04 %)  Time =     0.05 sec
reduceDB: Keeping    9319 out of   18000 clauses (51.77 %)  Time =     0.05 sec
reduceDB: Keeping    9902 out of   19001 clauses (52.11 %)  Time =     0.05 sec
reduceDB: Keeping   10476 out of   20000 clauses (52.38 %)  Time =     0.05 sec
reduceDB: Keeping   11234 out of   21000 clauses (53.50 %)  Time =     0.06 sec
reduceDB: Keeping   11606 out of   22001 clauses (52.75 %)  Time =     0.06 sec
reduceDB: Keeping   12137 out of   23000 clauses (52.77 %)  Time =     0.06 sec
reduceDB: Keeping   12615 out of   24001 clauses (52.56 %)  Time =     0.06 sec
reduceDB: Keeping   13576 out of   25000 clauses (54.30 %)  Time =     0.06 sec
reduceDB: Keeping   14104 out of   26002 clauses (54.24 %)  Time =     0.06 sec
reduceDB: Keeping   14441 out of   27000 clauses (53.49 %)  Time =     0.06 sec
reduceDB: Keeping   15193 out of   28000 clauses (54.26 %)  Time =     0.07 sec
reduceDB: Keeping   15845 out of   29000 clauses (54.64 %)  Time =     0.07 sec
reduceDB: Keeping   16466 out of   30000 clauses (54.89 %)  Time =     0.07 sec
reduceDB: Keeping   17005 out of   31000 clauses (54.85 %)  Time =     0.07 sec
reduceDB: Keeping   17422 out of   32001 clauses (54.44 %)  Time =     0.07 sec
reduceDB: Keeping   17996 out of   33000 clauses (54.53 %)  Time =     0.07 sec
reduceDB: Keeping   18480 out of   34003 clauses (54.35 %)  Time =     0.08 sec
reduceDB: Keeping   18963 out of   35000 clauses (54.18 %)  Time =     0.08 sec
reduceDB: Keeping   19546 out of   36000 clauses (54.29 %)  Time =     0.08 sec
reduceDB: Keeping   20249 out of   37001 clauses (54.73 %)  Time =     0.08 sec
reduceDB: Keeping   20706 out of   38002 clauses (54.49 %)  Time =     0.09 sec
reduceDB: Keeping   21154 out of   39001 clauses (54.24 %)  Time =     0.09 sec
reduceDB: Keeping   21509 out of   40001 clauses (53.77 %)  Time =     0.09 sec
reduceDB: Keeping   22010 out of   41003 clauses (53.68 %)  Time =     0.09 sec
reduceDB: Keeping   22522 out of   42000 clauses (53.62 %)  Time =     0.09 sec
reduceDB: Keeping   23051 out of   43000 clauses (53.61 %)  Time =     0.10 sec
reduceDB: Keeping   23602 out of   44001 clauses (53.64 %)  Time =     0.10 sec
reduceDB: Keeping   19958 out of   45000 clauses (44.35 %)  Time =     0.10 sec
reduceDB: Keeping   23051 out of   46002 clauses (50.11 %)  Time =     0.11 sec
reduceDB: Keeping   23596 out of   47001 clauses (50.20 %)  Time =     0.11 sec
reduceDB: Keeping   24478 out of   48000 clauses (51.00 %)  Time =     0.11 sec
reduceDB: Keeping   24909 out of   49003 clauses (50.83 %)  Time =     0.11 sec
reduceDB: Keeping   25626 out of   50001 clauses (51.25 %)  Time =     0.12 sec
reduceDB: Keeping   25811 out of   51001 clauses (50.61 %)  Time =     0.12 sec
reduceDB: Keeping   26426 out of   52002 clauses (50.82 %)  Time =     0.12 sec
reduceDB: Keeping   27050 out of   53000 clauses (51.04 %)  Time =     0.13 sec
reduceDB: Keeping   27498 out of   54002 clauses (50.92 %)  Time =     0.13 sec
reduceDB: Keeping   28925 out of   55001 clauses (52.59 %)  Time =     0.13 sec
reduceDB: Keeping   29115 out of   56002 clauses (51.99 %)  Time =     0.14 sec
reduceDB: Keeping   29422 out of   57003 clauses (51.61 %)  Time =     0.14 sec
reduceDB: Keeping   29732 out of   58000 clauses (51.26 %)  Time =     0.14 sec
reduceDB: Keeping   30180 out of   59000 clauses (51.15 %)  Time =     0.15 sec
reduceDB: Keeping   30794 out of   60000 clauses (51.32 %)  Time =     0.15 sec
reduceDB: Keeping   31307 out of   61000 clauses (51.32 %)  Time =     0.15 sec
reduceDB: Keeping   31935 out of   62000 clauses (51.51 %)  Time =     0.16 sec
reduceDB: Keeping   32648 out of   63000 clauses (51.82 %)  Time =     0.16 sec
reduceDB: Keeping   33270 out of   64000 clauses (51.98 %)  Time =     0.16 sec
reduceDB: Keeping   33976 out of   65000 clauses (52.27 %)  Time =     0.17 sec
reduceDB: Keeping   34380 out of   66001 clauses (52.09 %)  Time =     0.17 sec
reduceDB: Keeping   35034 out of   67000 clauses (52.29 %)  Time =     0.17 sec
reduceDB: Keeping   35771 out of   68001 clauses (52.60 %)  Time =     0.18 sec
reduceDB: Keeping   36605 out of   69000 clauses (53.05 %)  Time =     0.18 sec
reduceDB: Keeping   36620 out of   70001 clauses (52.31 %)  Time =     0.19 sec
reduceDB: Keeping   37279 out of   71000 clauses (52.51 %)  Time =     0.19 sec
reduceDB: Keeping   37567 out of   72001 clauses (52.18 %)  Time =     0.19 sec
reduceDB: Keeping   37613 out of   73001 clauses (51.52 %)  Time =     0.20 sec
reduceDB: Keeping   38694 out of   74001 clauses (52.29 %)  Time =     0.20 sec
reduceDB: Keeping   39808 out of   75002 clauses (53.08 %)  Time =     0.21 sec
reduceDB: Keeping   40300 out of   76004 clauses (53.02 %)  Time =     0.21 sec
reduceDB: Keeping   40597 out of   77001 clauses (52.72 %)  Time =     0.22 sec
reduceDB: Keeping   40784 out of   78001 clauses (52.29 %)  Time =     0.22 sec
reduceDB: Keeping   41008 out of   79000 clauses (51.91 %)  Time =     0.23 sec
reduceDB: Keeping   40835 out of   80000 clauses (51.04 %)  Time =     0.23 sec
reduceDB: Keeping   41834 out of   81000 clauses (51.65 %)  Time =     0.23 sec
reduceDB: Keeping   41823 out of   82001 clauses (51.00 %)  Time =     0.24 sec
reduceDB: Keeping   42425 out of   83001 clauses (51.11 %)  Time =     0.24 sec
reduceDB: Keeping   42774 out of   84000 clauses (50.92 %)  Time =     0.25 sec
reduceDB: Keeping   42614 out of   85000 clauses (50.13 %)  Time =     0.25 sec
reduceDB: Keeping   43301 out of   86001 clauses (50.35 %)  Time =     0.26 sec
reduceDB: Keeping   44194 out of   87004 clauses (50.80 %)  Time =     0.26 sec
reduceDB: Keeping   44627 out of   88001 clauses (50.71 %)  Time =     0.27 sec
reduceDB: Keeping   45095 out of   89000 clauses (50.67 %)  Time =     0.27 sec
reduceDB: Keeping   45377 out of   90000 clauses (50.42 %)  Time =     0.28 sec
reduceDB: Keeping   45603 out of   91001 clauses (50.11 %)  Time =     0.28 sec
reduceDB: Keeping   46388 out of   92001 clauses (50.42 %)  Time =     0.29 sec
reduceDB: Keeping   47062 out of   93004 clauses (50.60 %)  Time =     0.29 sec
reduceDB: Keeping   47783 out of   94000 clauses (50.83 %)  Time =     0.30 sec
reduceDB: Keeping   48636 out of   95000 clauses (51.20 %)  Time =     0.31 sec
reduceDB: Keeping   49697 out of   96000 clauses (51.77 %)  Time =     0.31 sec
reduceDB: Keeping   51316 out of   97001 clauses (52.90 %)  Time =     0.32 sec
reduceDB: Keeping   51626 out of   98000 clauses (52.68 %)  Time =     0.32 sec
reduceDB: Keeping   52274 out of   99003 clauses (52.80 %)  Time =     0.33 sec
reduceDB: Keeping   52906 out of  100001 clauses (52.91 %)  Time =     0.33 sec
reduceDB: Keeping   52723 out of  101000 clauses (52.20 %)  Time =     0.34 sec
reduceDB: Keeping   52913 out of  102001 clauses (51.87 %)  Time =     0.34 sec
reduceDB: Keeping   53022 out of  103002 clauses (51.48 %)  Time =     0.35 sec
reduceDB: Keeping   53445 out of  104000 clauses (51.39 %)  Time =     0.36 sec
reduceDB: Keeping   53957 out of  105001 clauses (51.39 %)  Time =     0.36 sec
reduceDB: Keeping   54147 out of  106000 clauses (51.08 %)  Time =     0.37 sec
reduceDB: Keeping   55125 out of  107002 clauses (51.52 %)  Time =     0.37 sec
reduceDB: Keeping   54915 out of  108000 clauses (50.85 %)  Time =     0.38 sec
reduceDB: Keeping   56285 out of  109000 clauses (51.64 %)  Time =     0.39 sec
reduceDB: Keeping   57922 out of  110000 clauses (52.66 %)  Time =     0.39 sec
reduceDB: Keeping   58041 out of  111000 clauses (52.29 %)  Time =     0.40 sec
reduceDB: Keeping   58190 out of  112000 clauses (51.96 %)  Time =     0.41 sec
reduceDB: Keeping   58312 out of  113000 clauses (51.60 %)  Time =     0.41 sec
reduceDB: Keeping   59748 out of  114000 clauses (52.41 %)  Time =     0.42 sec
reduceDB: Keeping   60499 out of  115000 clauses (52.61 %)  Time =     0.42 sec
reduceDB: Keeping   60154 out of  116002 clauses (51.86 %)  Time =     0.43 sec
reduceDB: Keeping   60618 out of  117002 clauses (51.81 %)  Time =     0.44 sec
reduceDB: Keeping   62142 out of  118001 clauses (52.66 %)  Time =     0.44 sec
reduceDB: Keeping   64085 out of  119004 clauses (53.85 %)  Time =     0.45 sec
reduceDB: Keeping   50618 out of  120000 clauses (42.18 %)  Time =     0.46 sec
reduceDB: Keeping   60695 out of  121001 clauses (50.16 %)  Time =     0.47 sec
reduceDB: Keeping   61479 out of  122000 clauses (50.39 %)  Time =     0.47 sec
reduceDB: Keeping   61647 out of  123000 clauses (50.12 %)  Time =     0.48 sec
reduceDB: Keeping   62104 out of  124000 clauses (50.08 %)  Time =     0.49 sec
reduceDB: Keeping   63077 out of  125000 clauses (50.46 %)  Time =     0.49 sec
reduceDB: Keeping   64428 out of  126000 clauses (51.13 %)  Time =     0.50 sec
reduceDB: Keeping   65163 out of  127000 clauses (51.31 %)  Time =     0.51 sec
reduceDB: Keeping   66843 out of  128001 clauses (52.22 %)  Time =     0.51 sec
reduceDB: Keeping   56068 out of  129001 clauses (43.46 %)  Time =     0.52 sec
reduceDB: Keeping   64909 out of  130000 clauses (49.93 %)  Time =     0.53 sec
reduceDB: Keeping   65644 out of  131000 clauses (50.11 %)  Time =     0.53 sec
reduceDB: Keeping   70705 out of  132001 clauses (53.56 %)  Time =     0.54 sec
starts        :             7676
conflicts     :          4316771
decisions     :          4946622
propagations  :       1400824010
Final SAT:        Nodes =   2170.  Time =   465.67 sec
Networks are equivalent.  Time =   482.69 sec
End Old Verify =   482.69 sec
