ABC command line: "&read replace_1400.aig; &cec -m -v".

label 1
label 3
Assuming the current network is a single-output miter.
label 6
Start EquivFixOutputPairs =     0.00 sec
End EquivFixOutputPairs =     0.00 sec
Start ManSatSweeping =     0.00 sec
Simulating 15 words for 15 rounds. SAT solving with 1000 conflicts.
nSimWords = 0
cst =    4760  cls =      0  lit =    4760  unused =     256  proof =     0
cst =      72  cls =    215  lit =     354  unused =    4447  proof =     0
cst =      17  cls =     69  lit =      99  unused =    4848  proof =     0
cst =       4  cls =     19  lit =      25  unused =    4972  proof =     0
cst =       1  cls =      7  lit =       8  unused =    5001  proof =     0
cst =       0  cls =      4  lit =       4  unused =    5008  proof =     0
cst =       0  cls =      3  lit =       3  unused =    5010  proof =     0
cst =       0  cls =      2  lit =       2  unused =    5012  proof =     0
cst =       0  cls =      2  lit =       2  unused =    5012  proof =     0
cst =       0  cls =      1  lit =       1  unused =    5014  proof =     0
  1 : P =      0. D =      0. F =     1. M =    1984. And =    4760. Time =     0.03 sec
Increasing conflict limit to 10000.
The result is written into file "cec_giaSweep.aig".
Switching into reduced mode.
  2 : P =      0. D =      0. F =     1. M =    1984. And =    4760. Time =     0.42 sec
Increasing conflict limit to 100000.
The result is written into file "cec_giaSweep.aig".
Switching into normal mode.
  3 : P =      0. D =      0. F =     1. M =       0. And =    4760. Time =     4.94 sec
Performed 3 SAT calls: P = 0  D = 0  F = 3
NBeg = 4760. NEnd = 4760. (Gain =   0.00 %).  RBeg = 0. REnd = 0. (Gain =   0.00 %).
Sim  =     0.01 sec (  0.00 %)
Sat  =     5.39 sec (  0.00 %)
Pat  =     0.00 sec (  0.00 %)
Time =     5.40 sec
End ManSatSweeping =     5.41 sec
Networks are UNDECIDED after the new CEC engine.  Time =     5.41 sec
Calling the old CEC engine.
Start Old Verify =     5.41 sec
Original miter:   Nodes =   4763.
label 27
Initial SAT:      Nodes =   4763.  Time =     0.02 sec
Rewriting:        Nodes =   4763.  Time =     0.04 sec
There are 0 XORs
Balance-X:        Nodes =   5048.  Time =     0.00 sec
Starting Fra_SmlSimulate......classes =    32.   Lits =     40.
Refined classes  after Pattern 0=    32.   Changes =    0.   Lits =     40.
Refined classes after pattern 1 =    32.   Changes =    0.   Lits =     40.
Refined classes  =    12.   Changes =   24.   Lits =     16.
Refined classes  =    10.   Changes =    2.   Lits =     14.
Refined classes  =     7.   Changes =    3.   Lits =     11.
Refined classes  =     7.   Changes =    0.   Lits =     11.
start Fra_FraigSweep...
Fraiging (i=1):   Nodes =   5045.  Time =     0.00 sec
Rewriting:        Nodes =   4783.  Time =     0.01 sec
There are 0 XORs
Balance-X:        Nodes =   5043.  Time =     0.00 sec
Starting Fra_SmlSimulate......classes =    30.   Lits =     37.
Refined classes  after Pattern 0=    30.   Changes =    0.   Lits =     37.
Refined classes after pattern 1 =    30.   Changes =    0.   Lits =     37.
Refined classes  =     9.   Changes =   25.   Lits =     12.
Refined classes  =     7.   Changes =    2.   Lits =     10.
Refined classes  =     5.   Changes =    2.   Lits =      8.
Refined classes  =     5.   Changes =    0.   Lits =      8.
start Fra_FraigSweep...
Fraiging (i=2):   Nodes =   5043.  Time =     0.00 sec
Rewriting:        Nodes =   4783.  Time =     0.01 sec
There are 0 XORs
Balance-X:        Nodes =   5043.  Time =     0.00 sec
Starting Fra_SmlSimulate......classes =    30.   Lits =     37.
Refined classes  after Pattern 0=    30.   Changes =    0.   Lits =     37.
Refined classes after pattern 1 =    30.   Changes =    0.   Lits =     37.
Refined classes  =    10.   Changes =   24.   Lits =     13.
Refined classes  =     8.   Changes =    2.   Lits =     11.
Refined classes  =     5.   Changes =    3.   Lits =      8.
Refined classes  =     5.   Changes =    0.   Lits =      8.
start Fra_FraigSweep...
Fraiging (i=3):   Nodes =   5043.  Time =     0.01 sec
Rewriting:        Nodes =   4782.  Time =     0.01 sec
There are 0 XORs
Balance-X:        Nodes =   5043.  Time =     0.00 sec
Starting Fra_SmlSimulate......classes =    30.   Lits =     37.
Refined classes  after Pattern 0=    30.   Changes =    0.   Lits =     37.
Refined classes after pattern 1 =    30.   Changes =    0.   Lits =     37.
Refined classes  =     9.   Changes =   25.   Lits =     12.
Refined classes  =     7.   Changes =    2.   Lits =     10.
Refined classes  =     5.   Changes =    2.   Lits =      8.
Refined classes  =     5.   Changes =    0.   Lits =      8.
start Fra_FraigSweep...
Fraiging (i=4):   Nodes =   5043.  Time =     0.08 sec
Rewriting:        Nodes =   4783.  Time =     0.01 sec
There are 0 XORs
Balance-X:        Nodes =   5043.  Time =     0.00 sec
Starting Fra_SmlSimulate......classes =    30.   Lits =     37.
Refined classes  after Pattern 0=    30.   Changes =    0.   Lits =     37.
Refined classes after pattern 1 =    30.   Changes =    0.   Lits =     37.
Refined classes  =    10.   Changes =   24.   Lits =     13.
Refined classes  =     8.   Changes =    2.   Lits =     11.
Refined classes  =     5.   Changes =    3.   Lits =      8.
Refined classes  =     5.   Changes =    0.   Lits =      8.
start Fra_FraigSweep...
Fraiging (i=5):   Nodes =   5043.  Time =     0.75 sec
Rewriting:        Nodes =   4782.  Time =     0.01 sec
There are 0 XORs
Balance-X:        Nodes =   5043.  Time =     0.00 sec
Starting Fra_SmlSimulate......classes =    30.   Lits =     37.
Refined classes  after Pattern 0=    30.   Changes =    0.   Lits =     37.
Refined classes after pattern 1 =    30.   Changes =    0.   Lits =     37.
Refined classes  =     9.   Changes =   25.   Lits =     12.
Refined classes  =     7.   Changes =    2.   Lits =     10.
Refined classes  =     5.   Changes =    2.   Lits =      8.
Refined classes  =     5.   Changes =    0.   Lits =      8.
start Fra_FraigSweep...
Fraiging (i=6):   Nodes =   5043.  Time =     7.27 sec
Rewriting:        Nodes =   4783.  Time =     0.01 sec
label 27
CNF stats: Vars =   2854. Clauses =   10144. Literals =    27771. Time =     0.00 sec
Running SAT solver with parameters 10000 and 1000 and 50.
reduceDB: Keeping    5015 out of   10001 clauses (50.14 %)  Time =     0.03 sec
reduceDB: Keeping    5516 out of   11004 clauses (50.13 %)  Time =     0.03 sec
reduceDB: Keeping    6025 out of   12002 clauses (50.20 %)  Time =     0.03 sec
reduceDB: Keeping    6529 out of   13001 clauses (50.22 %)  Time =     0.03 sec
reduceDB: Keeping    7021 out of   14003 clauses (50.14 %)  Time =     0.03 sec
reduceDB: Keeping    7680 out of   15000 clauses (51.20 %)  Time =     0.03 sec
reduceDB: Keeping    8371 out of   16000 clauses (52.32 %)  Time =     0.03 sec
reduceDB: Keeping    8813 out of   17001 clauses (51.84 %)  Time =     0.04 sec
reduceDB: Keeping    9350 out of   18000 clauses (51.94 %)  Time =     0.04 sec
reduceDB: Keeping   10050 out of   19000 clauses (52.89 %)  Time =     0.04 sec
reduceDB: Keeping   10857 out of   20002 clauses (54.28 %)  Time =     0.04 sec
reduceDB: Keeping   11337 out of   21001 clauses (53.98 %)  Time =     0.04 sec
reduceDB: Keeping   11787 out of   22001 clauses (53.57 %)  Time =     0.04 sec
reduceDB: Keeping   12440 out of   23001 clauses (54.08 %)  Time =     0.04 sec
reduceDB: Keeping   12916 out of   24000 clauses (53.82 %)  Time =     0.04 sec
reduceDB: Keeping   11697 out of   25000 clauses (46.79 %)  Time =     0.05 sec
reduceDB: Keeping   13322 out of   26003 clauses (51.23 %)  Time =     0.05 sec
reduceDB: Keeping   13909 out of   27002 clauses (51.51 %)  Time =     0.05 sec
reduceDB: Keeping   14641 out of   28000 clauses (52.29 %)  Time =     0.05 sec
reduceDB: Keeping   15578 out of   29002 clauses (53.71 %)  Time =     0.05 sec
reduceDB: Keeping   16375 out of   30001 clauses (54.58 %)  Time =     0.05 sec
reduceDB: Keeping   15016 out of   31000 clauses (48.44 %)  Time =     0.06 sec
reduceDB: Keeping   16361 out of   32001 clauses (51.13 %)  Time =     0.06 sec
reduceDB: Keeping   17303 out of   33000 clauses (52.43 %)  Time =     0.06 sec
reduceDB: Keeping   18021 out of   34000 clauses (53.00 %)  Time =     0.06 sec
reduceDB: Keeping   17504 out of   35002 clauses (50.01 %)  Time =     0.06 sec
reduceDB: Keeping   19067 out of   36001 clauses (52.96 %)  Time =     0.06 sec
reduceDB: Keeping   19749 out of   37000 clauses (53.38 %)  Time =     0.07 sec
reduceDB: Keeping   20472 out of   38000 clauses (53.87 %)  Time =     0.07 sec
reduceDB: Keeping   20942 out of   39000 clauses (53.70 %)  Time =     0.07 sec
reduceDB: Keeping   21495 out of   40000 clauses (53.74 %)  Time =     0.07 sec
reduceDB: Keeping   22005 out of   41000 clauses (53.67 %)  Time =     0.08 sec
reduceDB: Keeping   22772 out of   42000 clauses (54.22 %)  Time =     0.08 sec
reduceDB: Keeping   23564 out of   43001 clauses (54.80 %)  Time =     0.08 sec
reduceDB: Keeping   20528 out of   44000 clauses (46.65 %)  Time =     0.08 sec
reduceDB: Keeping   22541 out of   45000 clauses (50.09 %)  Time =     0.09 sec
reduceDB: Keeping   23143 out of   46003 clauses (50.31 %)  Time =     0.09 sec
reduceDB: Keeping   24025 out of   47006 clauses (51.11 %)  Time =     0.09 sec
reduceDB: Keeping   24793 out of   48001 clauses (51.65 %)  Time =     0.09 sec
reduceDB: Keeping   25311 out of   49001 clauses (51.65 %)  Time =     0.10 sec
reduceDB: Keeping   26311 out of   50000 clauses (52.62 %)  Time =     0.10 sec
reduceDB: Keeping   26730 out of   51002 clauses (52.41 %)  Time =     0.10 sec
reduceDB: Keeping   27124 out of   52003 clauses (52.16 %)  Time =     0.10 sec
reduceDB: Keeping   27239 out of   53002 clauses (51.39 %)  Time =     0.11 sec
reduceDB: Keeping   28548 out of   54000 clauses (52.87 %)  Time =     0.11 sec
reduceDB: Keeping   29677 out of   55003 clauses (53.96 %)  Time =     0.11 sec
reduceDB: Keeping   30039 out of   56001 clauses (53.64 %)  Time =     0.12 sec
reduceDB: Keeping   30509 out of   57000 clauses (53.52 %)  Time =     0.12 sec
reduceDB: Keeping   30759 out of   58003 clauses (53.03 %)  Time =     0.12 sec
reduceDB: Keeping   31374 out of   59000 clauses (53.18 %)  Time =     0.12 sec
reduceDB: Keeping   31807 out of   60000 clauses (53.01 %)  Time =     0.13 sec
reduceDB: Keeping   32560 out of   61001 clauses (53.38 %)  Time =     0.13 sec
reduceDB: Keeping   33395 out of   62000 clauses (53.86 %)  Time =     0.13 sec
reduceDB: Keeping   29135 out of   63000 clauses (46.25 %)  Time =     0.14 sec
reduceDB: Keeping   32004 out of   64002 clauses (50.00 %)  Time =     0.14 sec
reduceDB: Keeping   33926 out of   65001 clauses (52.19 %)  Time =     0.14 sec
reduceDB: Keeping   34928 out of   66000 clauses (52.92 %)  Time =     0.15 sec
reduceDB: Keeping   35870 out of   67000 clauses (53.54 %)  Time =     0.15 sec
reduceDB: Keeping   36390 out of   68000 clauses (53.51 %)  Time =     0.15 sec
reduceDB: Keeping   36980 out of   69000 clauses (53.59 %)  Time =     0.16 sec
reduceDB: Keeping   37452 out of   70000 clauses (53.50 %)  Time =     0.16 sec
reduceDB: Keeping   37170 out of   71001 clauses (52.35 %)  Time =     0.17 sec
reduceDB: Keeping   37953 out of   72000 clauses (52.71 %)  Time =     0.17 sec
reduceDB: Keeping   38786 out of   73003 clauses (53.13 %)  Time =     0.17 sec
reduceDB: Keeping   39490 out of   74000 clauses (53.36 %)  Time =     0.18 sec
reduceDB: Keeping   40219 out of   75001 clauses (53.62 %)  Time =     0.18 sec
reduceDB: Keeping   40723 out of   76000 clauses (53.58 %)  Time =     0.19 sec
reduceDB: Keeping   41261 out of   77000 clauses (53.59 %)  Time =     0.19 sec
reduceDB: Keeping   41879 out of   78000 clauses (53.69 %)  Time =     0.19 sec
reduceDB: Keeping   42182 out of   79000 clauses (53.39 %)  Time =     0.20 sec
reduceDB: Keeping   42609 out of   80000 clauses (53.26 %)  Time =     0.20 sec
reduceDB: Keeping   42950 out of   81000 clauses (53.02 %)  Time =     0.21 sec
reduceDB: Keeping   44023 out of   82002 clauses (53.69 %)  Time =     0.21 sec
reduceDB: Keeping   43879 out of   83001 clauses (52.87 %)  Time =     0.21 sec
reduceDB: Keeping   44265 out of   84002 clauses (52.70 %)  Time =     0.22 sec
reduceDB: Keeping   44816 out of   85000 clauses (52.72 %)  Time =     0.22 sec
reduceDB: Keeping   45491 out of   86000 clauses (52.90 %)  Time =     0.23 sec
reduceDB: Keeping   46492 out of   87001 clauses (53.44 %)  Time =     0.23 sec
reduceDB: Keeping   47905 out of   88001 clauses (54.44 %)  Time =     0.24 sec
reduceDB: Keeping   48004 out of   89000 clauses (53.94 %)  Time =     0.24 sec
reduceDB: Keeping   48625 out of   90000 clauses (54.03 %)  Time =     0.25 sec
reduceDB: Keeping   48568 out of   91000 clauses (53.37 %)  Time =     0.25 sec
reduceDB: Keeping   48670 out of   92001 clauses (52.90 %)  Time =     0.26 sec
reduceDB: Keeping   49925 out of   93001 clauses (53.68 %)  Time =     0.26 sec
reduceDB: Keeping   40168 out of   94002 clauses (42.73 %)  Time =     0.27 sec
reduceDB: Keeping   47596 out of   95001 clauses (50.10 %)  Time =     0.27 sec
reduceDB: Keeping   48073 out of   96002 clauses (50.07 %)  Time =     0.28 sec
reduceDB: Keeping   50313 out of   97002 clauses (51.87 %)  Time =     0.28 sec
reduceDB: Keeping   52603 out of   98000 clauses (53.68 %)  Time =     0.29 sec
reduceDB: Keeping   45557 out of   99001 clauses (46.02 %)  Time =     0.29 sec
reduceDB: Keeping   51244 out of  100002 clauses (51.24 %)  Time =     0.30 sec
reduceDB: Keeping   53680 out of  101000 clauses (53.15 %)  Time =     0.30 sec
reduceDB: Keeping   54764 out of  102000 clauses (53.69 %)  Time =     0.31 sec
reduceDB: Keeping   55154 out of  103000 clauses (53.55 %)  Time =     0.31 sec
reduceDB: Keeping   55796 out of  104001 clauses (53.65 %)  Time =     0.32 sec
reduceDB: Keeping   56424 out of  105001 clauses (53.74 %)  Time =     0.32 sec
reduceDB: Keeping   56981 out of  106004 clauses (53.75 %)  Time =     0.33 sec
reduceDB: Keeping   57241 out of  107000 clauses (53.50 %)  Time =     0.33 sec
reduceDB: Keeping   57293 out of  108000 clauses (53.05 %)  Time =     0.34 sec
reduceDB: Keeping   57482 out of  109000 clauses (52.74 %)  Time =     0.34 sec
reduceDB: Keeping   58217 out of  110001 clauses (52.92 %)  Time =     0.35 sec
reduceDB: Keeping   59653 out of  111001 clauses (53.74 %)  Time =     0.35 sec
reduceDB: Keeping   60388 out of  112000 clauses (53.92 %)  Time =     0.36 sec
reduceDB: Keeping   60873 out of  113003 clauses (53.87 %)  Time =     0.37 sec
reduceDB: Keeping   61289 out of  114002 clauses (53.76 %)  Time =     0.37 sec
reduceDB: Keeping   61937 out of  115001 clauses (53.86 %)  Time =     0.38 sec
reduceDB: Keeping   62629 out of  116000 clauses (53.99 %)  Time =     0.38 sec
reduceDB: Keeping   63306 out of  117000 clauses (54.11 %)  Time =     0.39 sec
reduceDB: Keeping   63613 out of  118002 clauses (53.91 %)  Time =     0.40 sec
reduceDB: Keeping   63969 out of  119001 clauses (53.76 %)  Time =     0.40 sec
reduceDB: Keeping   51958 out of  120001 clauses (43.30 %)  Time =     0.41 sec
reduceDB: Keeping   60433 out of  121000 clauses (49.94 %)  Time =     0.41 sec
reduceDB: Keeping   58289 out of  122000 clauses (47.78 %)  Time =     0.42 sec
starts        :             6237
conflicts     :          3616449
decisions     :          4141351
propagations  :       2177682175
Final SAT:        Nodes =   4783.  Time =   399.63 sec
Networks are equivalent.  Time =   413.30 sec
End Old Verify =   413.30 sec
