ABC command line: "&read replace_1381.aig; &cec -m -v".

label 1
label 3
Assuming the current network is a single-output miter.
label 6
Start EquivFixOutputPairs =     0.00 sec
End EquivFixOutputPairs =     0.00 sec
Start ManSatSweeping =     0.00 sec
Simulating 15 words for 15 rounds. SAT solving with 1000 conflicts.
nSimWords = 0
cst =    2509  cls =      0  lit =    2509  unused =     256  proof =     0
cst =       5  cls =     18  lit =      25  unused =    2722  proof =     0
cst =       2  cls =      2  lit =       5  unused =    2758  proof =     0
cst =       0  cls =      1  lit =       1  unused =    2763  proof =     0
cst =       0  cls =      1  lit =       1  unused =    2763  proof =     0
cst =       0  cls =      1  lit =       1  unused =    2763  proof =     0
cst =       0  cls =      1  lit =       1  unused =    2763  proof =     0
cst =       0  cls =      1  lit =       1  unused =    2763  proof =     0
cst =       0  cls =      1  lit =       1  unused =    2763  proof =     0
cst =       0  cls =      1  lit =       1  unused =    2763  proof =     0
  1 : P =      0. D =      0. F =     1. M =     865. And =    2509. Time =     0.03 sec
Increasing conflict limit to 10000.
The result is written into file "cec_giaSweep.aig".
Switching into reduced mode.
  2 : P =      0. D =      0. F =     1. M =     865. And =    2509. Time =     0.30 sec
Increasing conflict limit to 100000.
The result is written into file "cec_giaSweep.aig".
Switching into normal mode.
  3 : P =      0. D =      0. F =     1. M =       0. And =    2509. Time =     3.91 sec
Performed 3 SAT calls: P = 0  D = 0  F = 3
NBeg = 2509. NEnd = 2509. (Gain =   0.00 %).  RBeg = 0. REnd = 0. (Gain =   0.00 %).
Sim  =     0.01 sec (  0.00 %)
Sat  =     4.24 sec (  0.00 %)
Pat  =     0.00 sec (  0.00 %)
Time =     4.25 sec
End ManSatSweeping =     4.26 sec
Networks are UNDECIDED after the new CEC engine.  Time =     4.26 sec
Calling the old CEC engine.
Start Old Verify =     4.26 sec
Original miter:   Nodes =   2512.
label 27
Initial SAT:      Nodes =   2512.  Time =     0.02 sec
Rewriting:        Nodes =   2511.  Time =     0.02 sec
There are 0 XORs
Balance-X:        Nodes =   2793.  Time =     0.00 sec
Starting Fra_SmlSimulate......classes =     1.   Lits =      4.
Refined classes  after Pattern 0=     1.   Changes =    0.   Lits =      4.
Refined classes after pattern 1 =     1.   Changes =    0.   Lits =      4.
Refined classes  =     1.   Changes =    0.   Lits =      4.
start Fra_FraigSweep...
Fraiging (i=1):   Nodes =   2793.  Time =     0.00 sec
Rewriting:        Nodes =   2537.  Time =     0.01 sec
There are 0 XORs
Balance-X:        Nodes =   2793.  Time =     0.00 sec
Starting Fra_SmlSimulate......classes =     1.   Lits =      4.
Refined classes  after Pattern 0=     1.   Changes =    0.   Lits =      4.
Refined classes after pattern 1 =     1.   Changes =    0.   Lits =      4.
Refined classes  =     1.   Changes =    0.   Lits =      4.
start Fra_FraigSweep...
Fraiging (i=2):   Nodes =   2793.  Time =     0.00 sec
Rewriting:        Nodes =   2537.  Time =     0.01 sec
There are 0 XORs
Balance-X:        Nodes =   2793.  Time =     0.00 sec
Starting Fra_SmlSimulate......classes =     1.   Lits =      4.
Refined classes  after Pattern 0=     1.   Changes =    0.   Lits =      4.
Refined classes after pattern 1 =     1.   Changes =    0.   Lits =      4.
Refined classes  =     1.   Changes =    0.   Lits =      4.
start Fra_FraigSweep...
Fraiging (i=3):   Nodes =   2793.  Time =     0.01 sec
Rewriting:        Nodes =   2536.  Time =     0.01 sec
There are 0 XORs
Balance-X:        Nodes =   2793.  Time =     0.00 sec
Starting Fra_SmlSimulate......classes =     1.   Lits =      4.
Refined classes  after Pattern 0=     1.   Changes =    0.   Lits =      4.
Refined classes after pattern 1 =     1.   Changes =    0.   Lits =      4.
Refined classes  =     1.   Changes =    0.   Lits =      4.
start Fra_FraigSweep...
Fraiging (i=4):   Nodes =   2793.  Time =     0.04 sec
Rewriting:        Nodes =   2537.  Time =     0.01 sec
There are 0 XORs
Balance-X:        Nodes =   2793.  Time =     0.00 sec
Starting Fra_SmlSimulate......classes =     1.   Lits =      4.
Refined classes  after Pattern 0=     1.   Changes =    0.   Lits =      4.
Refined classes after pattern 1 =     1.   Changes =    0.   Lits =      4.
Refined classes  =     1.   Changes =    0.   Lits =      4.
start Fra_FraigSweep...
Fraiging (i=5):   Nodes =   2793.  Time =     0.52 sec
Rewriting:        Nodes =   2536.  Time =     0.01 sec
There are 0 XORs
Balance-X:        Nodes =   2793.  Time =     0.00 sec
Starting Fra_SmlSimulate......classes =     1.   Lits =      4.
Refined classes  after Pattern 0=     1.   Changes =    0.   Lits =      4.
Refined classes after pattern 1 =     1.   Changes =    0.   Lits =      4.
Refined classes  =     1.   Changes =    0.   Lits =      4.
start Fra_FraigSweep...
Fraiging (i=6):   Nodes =   2793.  Time =     5.43 sec
Rewriting:        Nodes =   2537.  Time =     0.01 sec
label 27
CNF stats: Vars =   1814. Clauses =    5703. Literals =    15463. Time =     0.00 sec
Running SAT solver with parameters 10000 and 1000 and 50.
reduceDB: Keeping    5024 out of   10000 clauses (50.24 %)  Time =     0.03 sec
reduceDB: Keeping    5515 out of   11003 clauses (50.12 %)  Time =     0.03 sec
reduceDB: Keeping    6010 out of   12000 clauses (50.08 %)  Time =     0.03 sec
reduceDB: Keeping    6536 out of   13001 clauses (50.27 %)  Time =     0.03 sec
reduceDB: Keeping    7015 out of   14000 clauses (50.11 %)  Time =     0.03 sec
reduceDB: Keeping    7890 out of   15000 clauses (52.60 %)  Time =     0.03 sec
reduceDB: Keeping    8581 out of   16002 clauses (53.62 %)  Time =     0.03 sec
reduceDB: Keeping    9189 out of   17000 clauses (54.05 %)  Time =     0.03 sec
reduceDB: Keeping    9729 out of   18000 clauses (54.05 %)  Time =     0.03 sec
reduceDB: Keeping   10240 out of   19000 clauses (53.89 %)  Time =     0.03 sec
reduceDB: Keeping   10859 out of   20001 clauses (54.29 %)  Time =     0.03 sec
reduceDB: Keeping   11346 out of   21000 clauses (54.03 %)  Time =     0.04 sec
reduceDB: Keeping   11642 out of   22002 clauses (52.91 %)  Time =     0.04 sec
reduceDB: Keeping   12281 out of   23002 clauses (53.39 %)  Time =     0.04 sec
reduceDB: Keeping   12752 out of   24000 clauses (53.13 %)  Time =     0.04 sec
reduceDB: Keeping   13228 out of   25000 clauses (52.91 %)  Time =     0.04 sec
reduceDB: Keeping   13631 out of   26002 clauses (52.42 %)  Time =     0.04 sec
reduceDB: Keeping   14244 out of   27000 clauses (52.76 %)  Time =     0.04 sec
reduceDB: Keeping   14629 out of   28001 clauses (52.24 %)  Time =     0.05 sec
reduceDB: Keeping   15854 out of   29000 clauses (54.67 %)  Time =     0.05 sec
reduceDB: Keeping   13847 out of   30001 clauses (46.16 %)  Time =     0.05 sec
reduceDB: Keeping   15697 out of   31000 clauses (50.64 %)  Time =     0.05 sec
reduceDB: Keeping   16233 out of   32000 clauses (50.73 %)  Time =     0.05 sec
reduceDB: Keeping   16780 out of   33000 clauses (50.85 %)  Time =     0.05 sec
reduceDB: Keeping   17540 out of   34001 clauses (51.59 %)  Time =     0.06 sec
reduceDB: Keeping   18214 out of   35001 clauses (52.04 %)  Time =     0.06 sec
reduceDB: Keeping   18481 out of   36002 clauses (51.33 %)  Time =     0.06 sec
reduceDB: Keeping   19401 out of   37001 clauses (52.43 %)  Time =     0.06 sec
reduceDB: Keeping   19575 out of   38002 clauses (51.51 %)  Time =     0.06 sec
reduceDB: Keeping   20322 out of   39002 clauses (52.11 %)  Time =     0.07 sec
reduceDB: Keeping   20422 out of   40001 clauses (51.05 %)  Time =     0.07 sec
reduceDB: Keeping   21076 out of   41001 clauses (51.40 %)  Time =     0.07 sec
reduceDB: Keeping   21895 out of   42001 clauses (52.13 %)  Time =     0.07 sec
reduceDB: Keeping   22178 out of   43000 clauses (51.58 %)  Time =     0.08 sec
reduceDB: Keeping   22946 out of   44001 clauses (52.15 %)  Time =     0.08 sec
reduceDB: Keeping   23976 out of   45000 clauses (53.28 %)  Time =     0.08 sec
reduceDB: Keeping   24211 out of   46000 clauses (52.63 %)  Time =     0.08 sec
reduceDB: Keeping   24642 out of   47000 clauses (52.43 %)  Time =     0.09 sec
reduceDB: Keeping   25161 out of   48001 clauses (52.42 %)  Time =     0.09 sec
reduceDB: Keeping   25508 out of   49000 clauses (52.06 %)  Time =     0.09 sec
reduceDB: Keeping   26000 out of   50000 clauses (52.00 %)  Time =     0.09 sec
reduceDB: Keeping   26439 out of   51001 clauses (51.84 %)  Time =     0.10 sec
reduceDB: Keeping   27221 out of   52001 clauses (52.35 %)  Time =     0.10 sec
reduceDB: Keeping   27585 out of   53001 clauses (52.05 %)  Time =     0.10 sec
reduceDB: Keeping   27965 out of   54000 clauses (51.79 %)  Time =     0.10 sec
reduceDB: Keeping   28323 out of   55001 clauses (51.50 %)  Time =     0.11 sec
reduceDB: Keeping   28781 out of   56000 clauses (51.39 %)  Time =     0.11 sec
reduceDB: Keeping   29225 out of   57000 clauses (51.27 %)  Time =     0.11 sec
reduceDB: Keeping   29556 out of   58002 clauses (50.96 %)  Time =     0.12 sec
reduceDB: Keeping   29926 out of   59003 clauses (50.72 %)  Time =     0.12 sec
reduceDB: Keeping   30048 out of   60000 clauses (50.08 %)  Time =     0.12 sec
reduceDB: Keeping   30866 out of   61001 clauses (50.60 %)  Time =     0.13 sec
reduceDB: Keeping   31733 out of   62000 clauses (51.18 %)  Time =     0.13 sec
reduceDB: Keeping   31855 out of   63000 clauses (50.56 %)  Time =     0.13 sec
reduceDB: Keeping   33080 out of   64000 clauses (51.69 %)  Time =     0.14 sec
reduceDB: Keeping   33411 out of   65001 clauses (51.40 %)  Time =     0.14 sec
reduceDB: Keeping   34010 out of   66002 clauses (51.53 %)  Time =     0.14 sec
reduceDB: Keeping   34963 out of   67001 clauses (52.18 %)  Time =     0.15 sec
reduceDB: Keeping   34890 out of   68000 clauses (51.31 %)  Time =     0.15 sec
reduceDB: Keeping   34910 out of   69000 clauses (50.59 %)  Time =     0.15 sec
reduceDB: Keeping   35069 out of   70000 clauses (50.10 %)  Time =     0.16 sec
reduceDB: Keeping   35483 out of   71001 clauses (49.98 %)  Time =     0.16 sec
reduceDB: Keeping   36116 out of   72000 clauses (50.16 %)  Time =     0.16 sec
reduceDB: Keeping   36501 out of   73001 clauses (50.00 %)  Time =     0.17 sec
reduceDB: Keeping   38114 out of   74000 clauses (51.51 %)  Time =     0.17 sec
reduceDB: Keeping   37837 out of   75000 clauses (50.45 %)  Time =     0.18 sec
reduceDB: Keeping   38247 out of   76000 clauses (50.33 %)  Time =     0.18 sec
reduceDB: Keeping   38825 out of   77000 clauses (50.42 %)  Time =     0.18 sec
reduceDB: Keeping   39664 out of   78000 clauses (50.85 %)  Time =     0.19 sec
reduceDB: Keeping   39603 out of   79000 clauses (50.13 %)  Time =     0.19 sec
reduceDB: Keeping   40104 out of   80001 clauses (50.13 %)  Time =     0.20 sec
reduceDB: Keeping   40879 out of   81002 clauses (50.47 %)  Time =     0.20 sec
reduceDB: Keeping   41102 out of   82000 clauses (50.12 %)  Time =     0.20 sec
reduceDB: Keeping   41633 out of   83003 clauses (50.16 %)  Time =     0.21 sec
reduceDB: Keeping   42111 out of   84002 clauses (50.13 %)  Time =     0.21 sec
reduceDB: Keeping   42627 out of   85000 clauses (50.15 %)  Time =     0.22 sec
reduceDB: Keeping   42893 out of   86000 clauses (49.88 %)  Time =     0.22 sec
reduceDB: Keeping   43490 out of   87000 clauses (49.99 %)  Time =     0.23 sec
reduceDB: Keeping   44100 out of   88001 clauses (50.11 %)  Time =     0.23 sec
reduceDB: Keeping   44590 out of   89001 clauses (50.10 %)  Time =     0.23 sec
reduceDB: Keeping   45137 out of   90001 clauses (50.15 %)  Time =     0.24 sec
reduceDB: Keeping   44144 out of   91003 clauses (48.51 %)  Time =     0.24 sec
reduceDB: Keeping   46078 out of   92000 clauses (50.08 %)  Time =     0.25 sec
reduceDB: Keeping   46530 out of   93005 clauses (50.03 %)  Time =     0.25 sec
reduceDB: Keeping   47413 out of   94000 clauses (50.44 %)  Time =     0.26 sec
reduceDB: Keeping   47667 out of   95000 clauses (50.18 %)  Time =     0.26 sec
reduceDB: Keeping   48596 out of   96001 clauses (50.62 %)  Time =     0.27 sec
reduceDB: Keeping   49633 out of   97000 clauses (51.17 %)  Time =     0.27 sec
reduceDB: Keeping   50803 out of   98001 clauses (51.84 %)  Time =     0.28 sec
reduceDB: Keeping   51619 out of   99000 clauses (52.14 %)  Time =     0.28 sec
reduceDB: Keeping   50664 out of  100001 clauses (50.66 %)  Time =     0.29 sec
reduceDB: Keeping   51923 out of  101002 clauses (51.41 %)  Time =     0.29 sec
reduceDB: Keeping   51827 out of  102000 clauses (50.81 %)  Time =     0.30 sec
reduceDB: Keeping   53225 out of  103001 clauses (51.67 %)  Time =     0.30 sec
reduceDB: Keeping   53528 out of  104005 clauses (51.47 %)  Time =     0.31 sec
reduceDB: Keeping   54180 out of  105002 clauses (51.60 %)  Time =     0.31 sec
reduceDB: Keeping   54368 out of  106000 clauses (51.29 %)  Time =     0.32 sec
reduceDB: Keeping   54853 out of  107002 clauses (51.26 %)  Time =     0.32 sec
reduceDB: Keeping   55650 out of  108002 clauses (51.53 %)  Time =     0.33 sec
reduceDB: Keeping   56429 out of  109002 clauses (51.77 %)  Time =     0.33 sec
reduceDB: Keeping   56631 out of  110001 clauses (51.48 %)  Time =     0.34 sec
reduceDB: Keeping   57850 out of  111002 clauses (52.12 %)  Time =     0.35 sec
reduceDB: Keeping   58938 out of  112002 clauses (52.62 %)  Time =     0.35 sec
reduceDB: Keeping   59144 out of  113000 clauses (52.34 %)  Time =     0.36 sec
reduceDB: Keeping   60072 out of  114001 clauses (52.69 %)  Time =     0.36 sec
reduceDB: Keeping   60462 out of  115000 clauses (52.58 %)  Time =     0.37 sec
reduceDB: Keeping   60381 out of  116002 clauses (52.05 %)  Time =     0.37 sec
reduceDB: Keeping   61601 out of  117001 clauses (52.65 %)  Time =     0.38 sec
reduceDB: Keeping   63571 out of  118002 clauses (53.87 %)  Time =     0.39 sec
reduceDB: Keeping   64304 out of  119000 clauses (54.04 %)  Time =     0.39 sec
reduceDB: Keeping   48984 out of  120001 clauses (40.82 %)  Time =     0.40 sec
reduceDB: Keeping   57908 out of  121001 clauses (47.86 %)  Time =     0.40 sec
reduceDB: Keeping   60922 out of  122000 clauses (49.94 %)  Time =     0.41 sec
reduceDB: Keeping   61478 out of  123001 clauses (49.98 %)  Time =     0.42 sec
reduceDB: Keeping   63473 out of  124003 clauses (51.19 %)  Time =     0.42 sec
reduceDB: Keeping   66893 out of  125000 clauses (53.51 %)  Time =     0.43 sec
starts        :             6899
conflicts     :          3896488
decisions     :          4487457
propagations  :       1390440670
Final SAT:        Nodes =   2537.  Time =   379.56 sec
Networks are equivalent.  Time =   389.91 sec
End Old Verify =   389.91 sec
