ABC command line: "&read replace_1615.aig; &cec -m -v".

label 1
label 3
Assuming the current network is a single-output miter.
label 6
Start EquivFixOutputPairs =     0.00 sec
End EquivFixOutputPairs =     0.00 sec
Start ManSatSweeping =     0.00 sec
Simulating 15 words for 15 rounds. SAT solving with 1000 conflicts.
nSimWords = 0
cst =    2090  cls =      0  lit =    2090  unused =     256  proof =     0
cst =       1  cls =      4  lit =       5  unused =    2337  proof =     0
cst =       1  cls =      2  lit =       3  unused =    2341  proof =     0
cst =       0  cls =      1  lit =       1  unused =    2344  proof =     0
cst =       0  cls =      1  lit =       1  unused =    2344  proof =     0
cst =       0  cls =      1  lit =       1  unused =    2344  proof =     0
cst =       0  cls =      1  lit =       1  unused =    2344  proof =     0
cst =       0  cls =      1  lit =       1  unused =    2344  proof =     0
cst =       0  cls =      1  lit =       1  unused =    2344  proof =     0
cst =       0  cls =      1  lit =       1  unused =    2344  proof =     0
  1 : P =      0. D =      0. F =     1. M =     678. And =    2090. Time =     0.02 sec
Increasing conflict limit to 10000.
The result is written into file "cec_giaSweep.aig".
Switching into reduced mode.
  2 : P =      0. D =      0. F =     1. M =     678. And =    2090. Time =     0.28 sec
Increasing conflict limit to 100000.
The result is written into file "cec_giaSweep.aig".
Switching into normal mode.
  3 : P =      0. D =      0. F =     1. M =       0. And =    2090. Time =     3.70 sec
Performed 3 SAT calls: P = 0  D = 0  F = 3
NBeg = 2090. NEnd = 2090. (Gain =   0.00 %).  RBeg = 0. REnd = 0. (Gain =   0.00 %).
Sim  =     0.01 sec (  0.00 %)
Sat  =     3.99 sec (  0.00 %)
Pat  =     0.00 sec (  0.00 %)
Time =     4.03 sec
End ManSatSweeping =     4.03 sec
Networks are UNDECIDED after the new CEC engine.  Time =     4.03 sec
Calling the old CEC engine.
Start Old Verify =     4.03 sec
Original miter:   Nodes =   2093.
label 27
Initial SAT:      Nodes =   2093.  Time =     0.02 sec
Rewriting:        Nodes =   2093.  Time =     0.02 sec
There are 0 XORs
Balance-X:        Nodes =   2365.  Time =     0.00 sec
Starting Fra_SmlSimulate......classes =     1.   Lits =      4.
Refined classes  after Pattern 0=     1.   Changes =    0.   Lits =      4.
Refined classes after pattern 1 =     1.   Changes =    0.   Lits =      4.
Refined classes  =     1.   Changes =    0.   Lits =      4.
start Fra_FraigSweep...
Fraiging (i=1):   Nodes =   2365.  Time =     0.00 sec
Rewriting:        Nodes =   2116.  Time =     0.01 sec
There are 0 XORs
Balance-X:        Nodes =   2363.  Time =     0.00 sec
Starting Fra_SmlSimulate......classes =     1.   Lits =      4.
Refined classes  after Pattern 0=     1.   Changes =    0.   Lits =      4.
Refined classes after pattern 1 =     1.   Changes =    0.   Lits =      4.
Refined classes  =     1.   Changes =    0.   Lits =      4.
start Fra_FraigSweep...
Fraiging (i=2):   Nodes =   2363.  Time =     0.00 sec
Rewriting:        Nodes =   2117.  Time =     0.01 sec
There are 0 XORs
Balance-X:        Nodes =   2363.  Time =     0.00 sec
Starting Fra_SmlSimulate......classes =     1.   Lits =      4.
Refined classes  after Pattern 0=     1.   Changes =    0.   Lits =      4.
Refined classes after pattern 1 =     1.   Changes =    0.   Lits =      4.
Refined classes  =     1.   Changes =    0.   Lits =      4.
start Fra_FraigSweep...
Fraiging (i=3):   Nodes =   2363.  Time =     0.00 sec
Rewriting:        Nodes =   2117.  Time =     0.01 sec
There are 0 XORs
Balance-X:        Nodes =   2363.  Time =     0.00 sec
Starting Fra_SmlSimulate......classes =     1.   Lits =      4.
Refined classes  after Pattern 0=     1.   Changes =    0.   Lits =      4.
Refined classes after pattern 1 =     1.   Changes =    0.   Lits =      4.
Refined classes  =     1.   Changes =    0.   Lits =      4.
start Fra_FraigSweep...
Fraiging (i=4):   Nodes =   2363.  Time =     0.04 sec
Rewriting:        Nodes =   2117.  Time =     0.01 sec
There are 0 XORs
Balance-X:        Nodes =   2363.  Time =     0.00 sec
Starting Fra_SmlSimulate......classes =     1.   Lits =      4.
Refined classes  after Pattern 0=     1.   Changes =    0.   Lits =      4.
Refined classes after pattern 1 =     1.   Changes =    0.   Lits =      4.
Refined classes  =     1.   Changes =    0.   Lits =      4.
start Fra_FraigSweep...
Fraiging (i=5):   Nodes =   2363.  Time =     0.42 sec
Rewriting:        Nodes =   2117.  Time =     0.01 sec
There are 0 XORs
Balance-X:        Nodes =   2363.  Time =     0.00 sec
Starting Fra_SmlSimulate......classes =     1.   Lits =      4.
Refined classes  after Pattern 0=     1.   Changes =    0.   Lits =      4.
Refined classes after pattern 1 =     1.   Changes =    0.   Lits =      4.
Refined classes  =     1.   Changes =    0.   Lits =      4.
start Fra_FraigSweep...
Fraiging (i=6):   Nodes =   2363.  Time =     5.00 sec
Rewriting:        Nodes =   2117.  Time =     0.01 sec
label 27
CNF stats: Vars =   1621. Clauses =    4883. Literals =    13200. Time =     0.00 sec
Running SAT solver with parameters 10000 and 1000 and 50.
reduceDB: Keeping    5029 out of   10002 clauses (50.28 %)  Time =     0.03 sec
reduceDB: Keeping    5517 out of   11002 clauses (50.15 %)  Time =     0.03 sec
reduceDB: Keeping    6002 out of   12001 clauses (50.01 %)  Time =     0.03 sec
reduceDB: Keeping    6517 out of   13001 clauses (50.13 %)  Time =     0.03 sec
reduceDB: Keeping    7014 out of   14001 clauses (50.10 %)  Time =     0.03 sec
reduceDB: Keeping    7511 out of   15000 clauses (50.07 %)  Time =     0.03 sec
reduceDB: Keeping    8021 out of   16000 clauses (50.13 %)  Time =     0.03 sec
reduceDB: Keeping    8489 out of   17000 clauses (49.94 %)  Time =     0.03 sec
reduceDB: Keeping    9013 out of   18001 clauses (50.07 %)  Time =     0.03 sec
reduceDB: Keeping    9509 out of   19000 clauses (50.05 %)  Time =     0.03 sec
reduceDB: Keeping   10021 out of   20000 clauses (50.10 %)  Time =     0.04 sec
reduceDB: Keeping   10536 out of   21000 clauses (50.17 %)  Time =     0.04 sec
reduceDB: Keeping   11002 out of   22000 clauses (50.01 %)  Time =     0.04 sec
reduceDB: Keeping   11536 out of   23001 clauses (50.15 %)  Time =     0.04 sec
reduceDB: Keeping   12025 out of   24001 clauses (50.10 %)  Time =     0.04 sec
reduceDB: Keeping   12526 out of   25001 clauses (50.10 %)  Time =     0.04 sec
reduceDB: Keeping   13020 out of   26000 clauses (50.08 %)  Time =     0.04 sec
reduceDB: Keeping   13538 out of   27001 clauses (50.14 %)  Time =     0.05 sec
reduceDB: Keeping   14032 out of   28001 clauses (50.11 %)  Time =     0.05 sec
reduceDB: Keeping   14478 out of   29001 clauses (49.92 %)  Time =     0.05 sec
reduceDB: Keeping   15024 out of   30001 clauses (50.08 %)  Time =     0.05 sec
reduceDB: Keeping   15491 out of   31000 clauses (49.97 %)  Time =     0.05 sec
reduceDB: Keeping   16049 out of   32000 clauses (50.15 %)  Time =     0.05 sec
reduceDB: Keeping   16522 out of   33001 clauses (50.07 %)  Time =     0.06 sec
reduceDB: Keeping   16962 out of   34002 clauses (49.89 %)  Time =     0.06 sec
reduceDB: Keeping   17544 out of   35001 clauses (50.12 %)  Time =     0.06 sec
reduceDB: Keeping   18024 out of   36001 clauses (50.07 %)  Time =     0.06 sec
reduceDB: Keeping   18542 out of   37001 clauses (50.11 %)  Time =     0.06 sec
reduceDB: Keeping   19048 out of   38002 clauses (50.12 %)  Time =     0.07 sec
reduceDB: Keeping   19490 out of   39000 clauses (49.97 %)  Time =     0.07 sec
reduceDB: Keeping   19996 out of   40000 clauses (49.99 %)  Time =     0.07 sec
reduceDB: Keeping   20482 out of   41000 clauses (49.96 %)  Time =     0.07 sec
reduceDB: Keeping   21041 out of   42001 clauses (50.10 %)  Time =     0.07 sec
reduceDB: Keeping   21543 out of   43000 clauses (50.10 %)  Time =     0.08 sec
reduceDB: Keeping   22036 out of   44001 clauses (50.08 %)  Time =     0.08 sec
reduceDB: Keeping   22551 out of   45000 clauses (50.11 %)  Time =     0.08 sec
reduceDB: Keeping   22585 out of   46000 clauses (49.10 %)  Time =     0.08 sec
reduceDB: Keeping   23493 out of   47001 clauses (49.98 %)  Time =     0.09 sec
reduceDB: Keeping   24052 out of   48001 clauses (50.11 %)  Time =     0.09 sec
reduceDB: Keeping   24360 out of   49000 clauses (49.71 %)  Time =     0.09 sec
reduceDB: Keeping   25066 out of   50000 clauses (50.13 %)  Time =     0.09 sec
reduceDB: Keeping   25362 out of   51001 clauses (49.73 %)  Time =     0.10 sec
reduceDB: Keeping   26050 out of   52001 clauses (50.10 %)  Time =     0.10 sec
reduceDB: Keeping   26413 out of   53000 clauses (49.84 %)  Time =     0.10 sec
reduceDB: Keeping   27080 out of   54002 clauses (50.15 %)  Time =     0.10 sec
reduceDB: Keeping   27569 out of   55001 clauses (50.12 %)  Time =     0.11 sec
reduceDB: Keeping   27934 out of   56003 clauses (49.88 %)  Time =     0.11 sec
reduceDB: Keeping   28044 out of   57001 clauses (49.20 %)  Time =     0.11 sec
reduceDB: Keeping   27590 out of   58003 clauses (47.57 %)  Time =     0.12 sec
reduceDB: Keeping   27986 out of   59002 clauses (47.43 %)  Time =     0.12 sec
reduceDB: Keeping   29767 out of   60003 clauses (49.61 %)  Time =     0.12 sec
reduceDB: Keeping   29166 out of   61001 clauses (47.81 %)  Time =     0.13 sec
reduceDB: Keeping   30238 out of   62000 clauses (48.77 %)  Time =     0.13 sec
reduceDB: Keeping   31348 out of   63001 clauses (49.76 %)  Time =     0.13 sec
reduceDB: Keeping   31910 out of   64002 clauses (49.86 %)  Time =     0.13 sec
reduceDB: Keeping   32563 out of   65003 clauses (50.09 %)  Time =     0.14 sec
reduceDB: Keeping   30234 out of   66002 clauses (45.81 %)  Time =     0.14 sec
reduceDB: Keeping   33468 out of   67004 clauses (49.95 %)  Time =     0.14 sec
reduceDB: Keeping   34076 out of   68000 clauses (50.11 %)  Time =     0.15 sec
reduceDB: Keeping   34174 out of   69001 clauses (49.53 %)  Time =     0.15 sec
reduceDB: Keeping   35066 out of   70000 clauses (50.09 %)  Time =     0.16 sec
reduceDB: Keeping   34904 out of   71000 clauses (49.16 %)  Time =     0.16 sec
reduceDB: Keeping   36042 out of   72002 clauses (50.06 %)  Time =     0.16 sec
reduceDB: Keeping   35938 out of   73005 clauses (49.23 %)  Time =     0.17 sec
reduceDB: Keeping   34353 out of   74000 clauses (46.42 %)  Time =     0.17 sec
reduceDB: Keeping   33514 out of   75001 clauses (44.68 %)  Time =     0.17 sec
reduceDB: Keeping   35143 out of   76000 clauses (46.24 %)  Time =     0.18 sec
reduceDB: Keeping   35784 out of   77001 clauses (46.47 %)  Time =     0.18 sec
reduceDB: Keeping   36717 out of   78004 clauses (47.07 %)  Time =     0.19 sec
reduceDB: Keeping   38149 out of   79001 clauses (48.29 %)  Time =     0.19 sec
reduceDB: Keeping   37488 out of   80001 clauses (46.86 %)  Time =     0.19 sec
reduceDB: Keeping   40287 out of   81000 clauses (49.74 %)  Time =     0.20 sec
reduceDB: Keeping   40882 out of   82001 clauses (49.86 %)  Time =     0.20 sec
reduceDB: Keeping   41426 out of   83000 clauses (49.91 %)  Time =     0.21 sec
reduceDB: Keeping   41922 out of   84001 clauses (49.91 %)  Time =     0.21 sec
reduceDB: Keeping   42564 out of   85000 clauses (50.08 %)  Time =     0.21 sec
reduceDB: Keeping   38066 out of   86000 clauses (44.26 %)  Time =     0.22 sec
reduceDB: Keeping   34320 out of   87001 clauses (39.45 %)  Time =     0.22 sec
reduceDB: Keeping   36613 out of   88001 clauses (41.61 %)  Time =     0.23 sec
reduceDB: Keeping   37041 out of   89000 clauses (41.62 %)  Time =     0.23 sec
reduceDB: Keeping   38799 out of   90000 clauses (43.11 %)  Time =     0.24 sec
reduceDB: Keeping   40637 out of   91002 clauses (44.66 %)  Time =     0.24 sec
reduceDB: Keeping   41975 out of   92001 clauses (45.62 %)  Time =     0.24 sec
reduceDB: Keeping   43023 out of   93001 clauses (46.26 %)  Time =     0.25 sec
reduceDB: Keeping   44018 out of   94003 clauses (46.83 %)  Time =     0.25 sec
reduceDB: Keeping   47570 out of   95000 clauses (50.07 %)  Time =     0.26 sec
reduceDB: Keeping   47945 out of   96001 clauses (49.94 %)  Time =     0.26 sec
reduceDB: Keeping   48494 out of   97001 clauses (49.99 %)  Time =     0.27 sec
reduceDB: Keeping   46037 out of   98000 clauses (46.98 %)  Time =     0.27 sec
reduceDB: Keeping   46532 out of   99000 clauses (47.00 %)  Time =     0.28 sec
reduceDB: Keeping   49372 out of  100000 clauses (49.37 %)  Time =     0.28 sec
reduceDB: Keeping   49262 out of  101000 clauses (48.77 %)  Time =     0.29 sec
reduceDB: Keeping   50679 out of  102000 clauses (49.69 %)  Time =     0.29 sec
reduceDB: Keeping   50879 out of  103003 clauses (49.40 %)  Time =     0.30 sec
reduceDB: Keeping   51724 out of  104000 clauses (49.73 %)  Time =     0.30 sec
reduceDB: Keeping   52351 out of  105000 clauses (49.86 %)  Time =     0.31 sec
reduceDB: Keeping   45839 out of  106000 clauses (43.24 %)  Time =     0.31 sec
reduceDB: Keeping   44457 out of  107000 clauses (41.55 %)  Time =     0.32 sec
reduceDB: Keeping   46503 out of  108003 clauses (43.06 %)  Time =     0.32 sec
reduceDB: Keeping   46414 out of  109000 clauses (42.58 %)  Time =     0.33 sec
reduceDB: Keeping   48768 out of  110000 clauses (44.33 %)  Time =     0.33 sec
reduceDB: Keeping   48946 out of  111001 clauses (44.10 %)  Time =     0.34 sec
reduceDB: Keeping   50899 out of  112000 clauses (45.45 %)  Time =     0.34 sec
reduceDB: Keeping   51503 out of  113000 clauses (45.58 %)  Time =     0.35 sec
reduceDB: Keeping   51169 out of  114000 clauses (44.89 %)  Time =     0.36 sec
reduceDB: Keeping   54994 out of  115000 clauses (47.82 %)  Time =     0.36 sec
reduceDB: Keeping   54374 out of  116000 clauses (46.87 %)  Time =     0.37 sec
reduceDB: Keeping   55885 out of  117000 clauses (47.76 %)  Time =     0.37 sec
reduceDB: Keeping   57545 out of  118000 clauses (48.77 %)  Time =     0.38 sec
reduceDB: Keeping   56209 out of  119001 clauses (47.23 %)  Time =     0.38 sec
reduceDB: Keeping   59048 out of  120000 clauses (49.21 %)  Time =     0.39 sec
reduceDB: Keeping   59466 out of  121001 clauses (49.15 %)  Time =     0.40 sec
reduceDB: Keeping   60627 out of  122003 clauses (49.69 %)  Time =     0.40 sec
reduceDB: Keeping   61114 out of  123000 clauses (49.69 %)  Time =     0.41 sec
reduceDB: Keeping   61964 out of  124001 clauses (49.97 %)  Time =     0.42 sec
reduceDB: Keeping   51681 out of  125000 clauses (41.34 %)  Time =     0.42 sec
reduceDB: Keeping   54566 out of  126001 clauses (43.31 %)  Time =     0.43 sec
reduceDB: Keeping   55464 out of  127000 clauses (43.67 %)  Time =     0.43 sec
reduceDB: Keeping   55204 out of  128001 clauses (43.13 %)  Time =     0.44 sec
reduceDB: Keeping   56771 out of  129001 clauses (44.01 %)  Time =     0.45 sec
reduceDB: Keeping   58929 out of  130000 clauses (45.33 %)  Time =     0.45 sec
reduceDB: Keeping   58729 out of  131000 clauses (44.83 %)  Time =     0.46 sec
reduceDB: Keeping   62244 out of  132000 clauses (47.15 %)  Time =     0.46 sec
reduceDB: Keeping   62086 out of  133000 clauses (46.68 %)  Time =     0.47 sec
reduceDB: Keeping   64795 out of  134001 clauses (48.35 %)  Time =     0.48 sec
reduceDB: Keeping   69136 out of  135000 clauses (51.21 %)  Time =     0.48 sec
reduceDB: Keeping   73200 out of  136000 clauses (53.82 %)  Time =     0.49 sec
reduceDB: Keeping   55018 out of  137000 clauses (40.16 %)  Time =     0.50 sec
starts        :             8191
conflicts     :          5037403
decisions     :          5525067
propagations  :       1791172347
Final SAT:        Nodes =   2117.  Time =   550.38 sec
Networks are equivalent.  Time =   559.96 sec
End Old Verify =   559.96 sec
