ABC command line: "&read replace_1521.aig; &cec -m -v".

label 1
label 3
Assuming the current network is a single-output miter.
label 6
Start EquivFixOutputPairs =     0.00 sec
End EquivFixOutputPairs =     0.00 sec
Start ManSatSweeping =     0.00 sec
Simulating 15 words for 15 rounds. SAT solving with 1000 conflicts.
nSimWords = 0
cst =    3515  cls =      0  lit =    3515  unused =     256  proof =     0
cst =      30  cls =    111  lit =     164  unused =    3496  proof =     0
cst =       9  cls =     26  lit =      36  unused =    3709  proof =     0
cst =       2  cls =      6  lit =       8  unused =    3757  proof =     0
cst =       0  cls =      1  lit =       1  unused =    3769  proof =     0
cst =       0  cls =      1  lit =       1  unused =    3769  proof =     0
cst =       0  cls =      1  lit =       1  unused =    3769  proof =     0
cst =       0  cls =      1  lit =       1  unused =    3769  proof =     0
cst =       0  cls =      1  lit =       1  unused =    3769  proof =     0
cst =       0  cls =      1  lit =       1  unused =    3769  proof =     0
  1 : P =      0. D =      0. F =     1. M =    1367. And =    3515. Time =     0.03 sec
Increasing conflict limit to 10000.
The result is written into file "cec_giaSweep.aig".
Switching into reduced mode.
  2 : P =      0. D =      0. F =     1. M =    1367. And =    3515. Time =     0.39 sec
Increasing conflict limit to 100000.
The result is written into file "cec_giaSweep.aig".
Switching into normal mode.
  3 : P =      0. D =      0. F =     1. M =       0. And =    3515. Time =     4.98 sec
Performed 3 SAT calls: P = 0  D = 0  F = 3
NBeg = 3515. NEnd = 3515. (Gain =   0.00 %).  RBeg = 0. REnd = 0. (Gain =   0.00 %).
Sim  =     0.00 sec (  0.00 %)
Sat  =     5.40 sec (  0.00 %)
Pat  =     0.00 sec (  0.00 %)
Time =     5.41 sec
End ManSatSweeping =     5.41 sec
Networks are UNDECIDED after the new CEC engine.  Time =     5.41 sec
Calling the old CEC engine.
Start Old Verify =     5.41 sec
Original miter:   Nodes =   3518.
label 27
Initial SAT:      Nodes =   3518.  Time =     0.02 sec
Rewriting:        Nodes =   3518.  Time =     0.03 sec
There are 0 XORs
Balance-X:        Nodes =   3809.  Time =     0.00 sec
Starting Fra_SmlSimulate......classes =    10.   Lits =     16.
Refined classes  after Pattern 0=    10.   Changes =    0.   Lits =     16.
Refined classes after pattern 1 =    10.   Changes =    0.   Lits =     16.
Refined classes  =     4.   Changes =    8.   Lits =      8.
Refined classes  =     2.   Changes =    3.   Lits =      5.
Refined classes  =     2.   Changes =    0.   Lits =      5.
start Fra_FraigSweep...
Fraiging (i=1):   Nodes =   3808.  Time =     0.00 sec
Rewriting:        Nodes =   3541.  Time =     0.01 sec
There are 0 XORs
Balance-X:        Nodes =   3805.  Time =     0.00 sec
Starting Fra_SmlSimulate......classes =     9.   Lits =     15.
Refined classes  after Pattern 0=     9.   Changes =    0.   Lits =     15.
Refined classes after pattern 1 =     9.   Changes =    0.   Lits =     15.
Refined classes  =     3.   Changes =    8.   Lits =      7.
Refined classes  =     1.   Changes =    3.   Lits =      4.
Refined classes  =     1.   Changes =    0.   Lits =      4.
start Fra_FraigSweep...
Fraiging (i=2):   Nodes =   3805.  Time =     0.00 sec
Rewriting:        Nodes =   3543.  Time =     0.01 sec
There are 0 XORs
Balance-X:        Nodes =   3805.  Time =     0.00 sec
Starting Fra_SmlSimulate......classes =     9.   Lits =     15.
Refined classes  after Pattern 0=     9.   Changes =    0.   Lits =     15.
Refined classes after pattern 1 =     9.   Changes =    0.   Lits =     15.
Refined classes  =     3.   Changes =    8.   Lits =      7.
Refined classes  =     1.   Changes =    3.   Lits =      4.
Refined classes  =     1.   Changes =    0.   Lits =      4.
start Fra_FraigSweep...
Fraiging (i=3):   Nodes =   3805.  Time =     0.01 sec
Rewriting:        Nodes =   3542.  Time =     0.01 sec
There are 0 XORs
Balance-X:        Nodes =   3805.  Time =     0.00 sec
Starting Fra_SmlSimulate......classes =     9.   Lits =     15.
Refined classes  after Pattern 0=     9.   Changes =    0.   Lits =     15.
Refined classes after pattern 1 =     9.   Changes =    0.   Lits =     15.
Refined classes  =     3.   Changes =    8.   Lits =      7.
Refined classes  =     1.   Changes =    3.   Lits =      4.
Refined classes  =     1.   Changes =    0.   Lits =      4.
start Fra_FraigSweep...
Fraiging (i=4):   Nodes =   3805.  Time =     0.12 sec
Rewriting:        Nodes =   3543.  Time =     0.01 sec
There are 0 XORs
Balance-X:        Nodes =   3805.  Time =     0.00 sec
Starting Fra_SmlSimulate......classes =     9.   Lits =     15.
Refined classes  after Pattern 0=     9.   Changes =    0.   Lits =     15.
Refined classes after pattern 1 =     9.   Changes =    0.   Lits =     15.
Refined classes  =     3.   Changes =    8.   Lits =      7.
Refined classes  =     1.   Changes =    3.   Lits =      4.
Refined classes  =     1.   Changes =    0.   Lits =      4.
start Fra_FraigSweep...
Fraiging (i=5):   Nodes =   3805.  Time =     1.32 sec
Rewriting:        Nodes =   3542.  Time =     0.01 sec
There are 0 XORs
Balance-X:        Nodes =   3805.  Time =     0.00 sec
Starting Fra_SmlSimulate......classes =     9.   Lits =     15.
Refined classes  after Pattern 0=     9.   Changes =    0.   Lits =     15.
Refined classes after pattern 1 =     9.   Changes =    0.   Lits =     15.
Refined classes  =     3.   Changes =    8.   Lits =      7.
Refined classes  =     1.   Changes =    3.   Lits =      4.
Refined classes  =     1.   Changes =    0.   Lits =      4.
start Fra_FraigSweep...
Fraiging (i=6):   Nodes =   3805.  Time =    13.93 sec
Rewriting:        Nodes =   3543.  Time =     0.01 sec
label 27
CNF stats: Vars =   2292. Clauses =    7681. Literals =    20847. Time =     0.00 sec
Running SAT solver with parameters 10000 and 1000 and 50.
reduceDB: Keeping    5011 out of   10001 clauses (50.10 %)  Time =     0.04 sec
reduceDB: Keeping    5522 out of   11003 clauses (50.19 %)  Time =     0.05 sec
reduceDB: Keeping    6006 out of   12001 clauses (50.05 %)  Time =     0.05 sec
reduceDB: Keeping    6524 out of   13000 clauses (50.18 %)  Time =     0.05 sec
reduceDB: Keeping    7018 out of   14001 clauses (50.12 %)  Time =     0.05 sec
reduceDB: Keeping    7517 out of   15002 clauses (50.11 %)  Time =     0.05 sec
reduceDB: Keeping    8023 out of   16000 clauses (50.14 %)  Time =     0.05 sec
reduceDB: Keeping    8495 out of   17000 clauses (49.97 %)  Time =     0.05 sec
reduceDB: Keeping    9019 out of   18002 clauses (50.10 %)  Time =     0.05 sec
reduceDB: Keeping    9523 out of   19001 clauses (50.12 %)  Time =     0.05 sec
reduceDB: Keeping   10024 out of   20000 clauses (50.12 %)  Time =     0.05 sec
reduceDB: Keeping   10689 out of   21004 clauses (50.89 %)  Time =     0.06 sec
reduceDB: Keeping   11055 out of   22001 clauses (50.25 %)  Time =     0.06 sec
reduceDB: Keeping   11696 out of   23000 clauses (50.85 %)  Time =     0.06 sec
reduceDB: Keeping   12163 out of   24001 clauses (50.68 %)  Time =     0.06 sec
reduceDB: Keeping   12766 out of   25001 clauses (51.06 %)  Time =     0.06 sec
reduceDB: Keeping   13163 out of   26001 clauses (50.62 %)  Time =     0.06 sec
reduceDB: Keeping   13879 out of   27000 clauses (51.40 %)  Time =     0.06 sec
reduceDB: Keeping   14432 out of   28000 clauses (51.54 %)  Time =     0.07 sec
reduceDB: Keeping   14798 out of   29000 clauses (51.03 %)  Time =     0.07 sec
reduceDB: Keeping   15470 out of   30000 clauses (51.57 %)  Time =     0.07 sec
reduceDB: Keeping   15603 out of   31001 clauses (50.33 %)  Time =     0.07 sec
reduceDB: Keeping   16127 out of   32000 clauses (50.40 %)  Time =     0.07 sec
reduceDB: Keeping   16899 out of   33003 clauses (51.20 %)  Time =     0.08 sec
reduceDB: Keeping   17270 out of   34000 clauses (50.79 %)  Time =     0.08 sec
reduceDB: Keeping   17556 out of   35001 clauses (50.16 %)  Time =     0.08 sec
reduceDB: Keeping   18163 out of   36000 clauses (50.45 %)  Time =     0.08 sec
reduceDB: Keeping   18589 out of   37002 clauses (50.24 %)  Time =     0.08 sec
reduceDB: Keeping   19251 out of   38001 clauses (50.66 %)  Time =     0.09 sec
reduceDB: Keeping   19552 out of   39001 clauses (50.13 %)  Time =     0.09 sec
reduceDB: Keeping   20035 out of   40001 clauses (50.09 %)  Time =     0.09 sec
reduceDB: Keeping   20905 out of   41000 clauses (50.99 %)  Time =     0.09 sec
reduceDB: Keeping   21550 out of   42000 clauses (51.31 %)  Time =     0.10 sec
reduceDB: Keeping   22371 out of   43001 clauses (52.02 %)  Time =     0.10 sec
reduceDB: Keeping   23282 out of   44000 clauses (52.91 %)  Time =     0.10 sec
reduceDB: Keeping   23696 out of   45000 clauses (52.66 %)  Time =     0.10 sec
reduceDB: Keeping   24182 out of   46000 clauses (52.57 %)  Time =     0.11 sec
reduceDB: Keeping   24264 out of   47000 clauses (51.63 %)  Time =     0.11 sec
reduceDB: Keeping   24728 out of   48000 clauses (51.52 %)  Time =     0.11 sec
reduceDB: Keeping   25353 out of   49000 clauses (51.74 %)  Time =     0.11 sec
reduceDB: Keeping   25916 out of   50002 clauses (51.83 %)  Time =     0.12 sec
reduceDB: Keeping   26398 out of   51001 clauses (51.76 %)  Time =     0.12 sec
reduceDB: Keeping   26558 out of   52001 clauses (51.07 %)  Time =     0.12 sec
reduceDB: Keeping   26943 out of   53002 clauses (50.83 %)  Time =     0.13 sec
reduceDB: Keeping   28169 out of   54000 clauses (52.16 %)  Time =     0.13 sec
reduceDB: Keeping   28679 out of   55001 clauses (52.14 %)  Time =     0.13 sec
reduceDB: Keeping   29259 out of   56000 clauses (52.25 %)  Time =     0.13 sec
reduceDB: Keeping   29480 out of   57001 clauses (51.72 %)  Time =     0.14 sec
reduceDB: Keeping   30141 out of   58002 clauses (51.97 %)  Time =     0.14 sec
reduceDB: Keeping   30223 out of   59001 clauses (51.22 %)  Time =     0.14 sec
reduceDB: Keeping   30842 out of   60000 clauses (51.40 %)  Time =     0.15 sec
reduceDB: Keeping   31288 out of   61000 clauses (51.29 %)  Time =     0.15 sec
reduceDB: Keeping   31657 out of   62001 clauses (51.06 %)  Time =     0.15 sec
reduceDB: Keeping   32548 out of   63000 clauses (51.66 %)  Time =     0.16 sec
reduceDB: Keeping   33518 out of   64000 clauses (52.37 %)  Time =     0.16 sec
reduceDB: Keeping   34622 out of   65001 clauses (53.26 %)  Time =     0.17 sec
reduceDB: Keeping   35198 out of   66000 clauses (53.33 %)  Time =     0.17 sec
reduceDB: Keeping   36213 out of   67002 clauses (54.05 %)  Time =     0.17 sec
reduceDB: Keeping   35773 out of   68001 clauses (52.61 %)  Time =     0.18 sec
reduceDB: Keeping   35895 out of   69000 clauses (52.02 %)  Time =     0.18 sec
reduceDB: Keeping   36598 out of   70000 clauses (52.28 %)  Time =     0.18 sec
reduceDB: Keeping   36694 out of   71000 clauses (51.68 %)  Time =     0.19 sec
reduceDB: Keeping   37121 out of   72001 clauses (51.56 %)  Time =     0.19 sec
reduceDB: Keeping   37154 out of   73000 clauses (50.90 %)  Time =     0.20 sec
reduceDB: Keeping   38527 out of   74000 clauses (52.06 %)  Time =     0.20 sec
reduceDB: Keeping   38565 out of   75002 clauses (51.42 %)  Time =     0.20 sec
reduceDB: Keeping   38638 out of   76001 clauses (50.84 %)  Time =     0.21 sec
reduceDB: Keeping   38921 out of   77000 clauses (50.55 %)  Time =     0.21 sec
reduceDB: Keeping   39567 out of   78000 clauses (50.73 %)  Time =     0.22 sec
reduceDB: Keeping   40024 out of   79000 clauses (50.66 %)  Time =     0.22 sec
reduceDB: Keeping   40477 out of   80001 clauses (50.60 %)  Time =     0.23 sec
reduceDB: Keeping   42071 out of   81001 clauses (51.94 %)  Time =     0.23 sec
reduceDB: Keeping   41942 out of   82001 clauses (51.15 %)  Time =     0.24 sec
reduceDB: Keeping   42386 out of   83000 clauses (51.07 %)  Time =     0.24 sec
reduceDB: Keeping   42979 out of   84001 clauses (51.16 %)  Time =     0.25 sec
reduceDB: Keeping   42609 out of   85000 clauses (50.13 %)  Time =     0.25 sec
reduceDB: Keeping   43179 out of   86004 clauses (50.21 %)  Time =     0.25 sec
reduceDB: Keeping   43860 out of   87000 clauses (50.41 %)  Time =     0.26 sec
reduceDB: Keeping   44526 out of   88000 clauses (50.60 %)  Time =     0.26 sec
reduceDB: Keeping   45077 out of   89001 clauses (50.65 %)  Time =     0.27 sec
reduceDB: Keeping   45289 out of   90001 clauses (50.32 %)  Time =     0.27 sec
reduceDB: Keeping   45598 out of   91000 clauses (50.11 %)  Time =     0.28 sec
reduceDB: Keeping   46920 out of   92000 clauses (51.00 %)  Time =     0.29 sec
reduceDB: Keeping   48180 out of   93001 clauses (51.81 %)  Time =     0.29 sec
reduceDB: Keeping   48969 out of   94001 clauses (52.09 %)  Time =     0.30 sec
reduceDB: Keeping   50007 out of   95000 clauses (52.64 %)  Time =     0.30 sec
reduceDB: Keeping   50710 out of   96001 clauses (52.82 %)  Time =     0.31 sec
reduceDB: Keeping   51274 out of   97000 clauses (52.86 %)  Time =     0.31 sec
reduceDB: Keeping   51865 out of   98002 clauses (52.92 %)  Time =     0.32 sec
reduceDB: Keeping   52796 out of   99002 clauses (53.33 %)  Time =     0.32 sec
reduceDB: Keeping   53129 out of  100002 clauses (53.13 %)  Time =     0.33 sec
reduceDB: Keeping   53534 out of  101001 clauses (53.00 %)  Time =     0.34 sec
reduceDB: Keeping   53793 out of  102000 clauses (52.74 %)  Time =     0.34 sec
reduceDB: Keeping   54190 out of  103001 clauses (52.61 %)  Time =     0.35 sec
reduceDB: Keeping   54849 out of  104000 clauses (52.74 %)  Time =     0.35 sec
reduceDB: Keeping   55320 out of  105000 clauses (52.69 %)  Time =     0.36 sec
reduceDB: Keeping   55550 out of  106001 clauses (52.41 %)  Time =     0.37 sec
reduceDB: Keeping   55982 out of  107002 clauses (52.32 %)  Time =     0.37 sec
reduceDB: Keeping   56494 out of  108000 clauses (52.31 %)  Time =     0.38 sec
reduceDB: Keeping   57434 out of  109000 clauses (52.69 %)  Time =     0.38 sec
reduceDB: Keeping   58965 out of  110000 clauses (53.60 %)  Time =     0.39 sec
reduceDB: Keeping   59357 out of  111000 clauses (53.47 %)  Time =     0.40 sec
reduceDB: Keeping   60151 out of  112003 clauses (53.70 %)  Time =     0.40 sec
reduceDB: Keeping   60621 out of  113000 clauses (53.65 %)  Time =     0.41 sec
reduceDB: Keeping   61550 out of  114000 clauses (53.99 %)  Time =     0.42 sec
reduceDB: Keeping   62201 out of  115000 clauses (54.09 %)  Time =     0.42 sec
reduceDB: Keeping   62246 out of  116001 clauses (53.66 %)  Time =     0.43 sec
reduceDB: Keeping   62761 out of  117000 clauses (53.64 %)  Time =     0.44 sec
reduceDB: Keeping   63713 out of  118000 clauses (53.99 %)  Time =     0.44 sec
reduceDB: Keeping   50102 out of  119001 clauses (42.10 %)  Time =     0.45 sec
reduceDB: Keeping   58537 out of  120001 clauses (48.78 %)  Time =     0.46 sec
reduceDB: Keeping   62298 out of  121002 clauses (51.49 %)  Time =     0.46 sec
starts        :             6299
conflicts     :          3640122
decisions     :          4169430
propagations  :       1678356060
Final SAT:        Nodes =   3543.  Time =   411.73 sec
Networks are equivalent.  Time =   432.65 sec
End Old Verify =   432.65 sec
