ABC command line: "&read replace_1659.aig; &cec -m -v".

label 1
label 3
Assuming the current network is a single-output miter.
label 6
Start EquivFixOutputPairs =     0.00 sec
End EquivFixOutputPairs =     0.00 sec
Start ManSatSweeping =     0.00 sec
Simulating 15 words for 15 rounds. SAT solving with 1000 conflicts.
nSimWords = 0
cst =    2422  cls =      0  lit =    2422  unused =     256  proof =     0
cst =      24  cls =     40  lit =      77  unused =    2561  proof =     0
cst =       7  cls =     17  lit =      24  unused =    2637  proof =     0
cst =       1  cls =      3  lit =       4  unused =    2671  proof =     0
cst =       0  cls =      1  lit =       1  unused =    2676  proof =     0
cst =       0  cls =      1  lit =       1  unused =    2676  proof =     0
cst =       0  cls =      1  lit =       1  unused =    2676  proof =     0
cst =       0  cls =      1  lit =       1  unused =    2676  proof =     0
cst =       0  cls =      1  lit =       1  unused =    2676  proof =     0
cst =       0  cls =      1  lit =       1  unused =    2676  proof =     0
  1 : P =      0. D =      0. F =     1. M =     833. And =    2422. Time =     0.02 sec
Increasing conflict limit to 10000.
The result is written into file "cec_giaSweep.aig".
Switching into reduced mode.
  2 : P =      0. D =      0. F =     1. M =     833. And =    2422. Time =     0.31 sec
Increasing conflict limit to 100000.
The result is written into file "cec_giaSweep.aig".
Switching into normal mode.
  3 : P =      0. D =      0. F =     1. M =       0. And =    2422. Time =     3.96 sec
Performed 3 SAT calls: P = 0  D = 0  F = 3
NBeg = 2422. NEnd = 2422. (Gain =   0.00 %).  RBeg = 0. REnd = 0. (Gain =   0.00 %).
Sim  =     0.01 sec (  0.00 %)
Sat  =     4.30 sec (  0.00 %)
Pat  =     0.00 sec (  0.00 %)
Time =     4.31 sec
End ManSatSweeping =     4.31 sec
Networks are UNDECIDED after the new CEC engine.  Time =     4.31 sec
Calling the old CEC engine.
Start Old Verify =     4.31 sec
Original miter:   Nodes =   2425.
label 27
Initial SAT:      Nodes =   2425.  Time =     0.02 sec
Rewriting:        Nodes =   2423.  Time =     0.02 sec
There are 0 XORs
Balance-X:        Nodes =   2687.  Time =     0.00 sec
Starting Fra_SmlSimulate......classes =     3.   Lits =      7.
Refined classes  after Pattern 0=     3.   Changes =    0.   Lits =      7.
Refined classes after pattern 1 =     3.   Changes =    0.   Lits =      7.
Refined classes  =     1.   Changes =    3.   Lits =      4.
Refined classes  =     1.   Changes =    0.   Lits =      4.
start Fra_FraigSweep...
Fraiging (i=1):   Nodes =   2687.  Time =     0.00 sec
Rewriting:        Nodes =   2442.  Time =     0.01 sec
There are 0 XORs
Balance-X:        Nodes =   2684.  Time =     0.00 sec
Starting Fra_SmlSimulate......classes =     3.   Lits =      7.
Refined classes  after Pattern 0=     3.   Changes =    0.   Lits =      7.
Refined classes after pattern 1 =     3.   Changes =    0.   Lits =      7.
Refined classes  =     1.   Changes =    3.   Lits =      4.
Refined classes  =     1.   Changes =    0.   Lits =      4.
start Fra_FraigSweep...
Fraiging (i=2):   Nodes =   2684.  Time =     0.00 sec
Rewriting:        Nodes =   2443.  Time =     0.01 sec
There are 0 XORs
Balance-X:        Nodes =   2684.  Time =     0.00 sec
Starting Fra_SmlSimulate......classes =     3.   Lits =      7.
Refined classes  after Pattern 0=     3.   Changes =    0.   Lits =      7.
Refined classes after pattern 1 =     3.   Changes =    0.   Lits =      7.
Refined classes  =     1.   Changes =    3.   Lits =      4.
Refined classes  =     1.   Changes =    0.   Lits =      4.
start Fra_FraigSweep...
Fraiging (i=3):   Nodes =   2684.  Time =     0.01 sec
Rewriting:        Nodes =   2443.  Time =     0.01 sec
There are 0 XORs
Balance-X:        Nodes =   2684.  Time =     0.00 sec
Starting Fra_SmlSimulate......classes =     3.   Lits =      7.
Refined classes  after Pattern 0=     3.   Changes =    0.   Lits =      7.
Refined classes after pattern 1 =     3.   Changes =    0.   Lits =      7.
Refined classes  =     1.   Changes =    3.   Lits =      4.
Refined classes  =     1.   Changes =    0.   Lits =      4.
start Fra_FraigSweep...
Fraiging (i=4):   Nodes =   2684.  Time =     0.08 sec
Rewriting:        Nodes =   2443.  Time =     0.01 sec
There are 0 XORs
Balance-X:        Nodes =   2684.  Time =     0.00 sec
Starting Fra_SmlSimulate......classes =     3.   Lits =      7.
Refined classes  after Pattern 0=     3.   Changes =    0.   Lits =      7.
Refined classes after pattern 1 =     3.   Changes =    0.   Lits =      7.
Refined classes  =     1.   Changes =    3.   Lits =      4.
Refined classes  =     1.   Changes =    0.   Lits =      4.
start Fra_FraigSweep...
Fraiging (i=5):   Nodes =   2684.  Time =     0.97 sec
Rewriting:        Nodes =   2443.  Time =     0.01 sec
There are 0 XORs
Balance-X:        Nodes =   2684.  Time =     0.00 sec
Starting Fra_SmlSimulate......classes =     3.   Lits =      7.
Refined classes  after Pattern 0=     3.   Changes =    0.   Lits =      7.
Refined classes after pattern 1 =     3.   Changes =    0.   Lits =      7.
Refined classes  =     1.   Changes =    3.   Lits =      4.
Refined classes  =     1.   Changes =    0.   Lits =      4.
start Fra_FraigSweep...
Fraiging (i=6):   Nodes =   2684.  Time =    11.03 sec
Rewriting:        Nodes =   2443.  Time =     0.01 sec
label 27
CNF stats: Vars =   1780. Clauses =    5514. Literals =    14844. Time =     0.00 sec
Running SAT solver with parameters 10000 and 1000 and 50.
reduceDB: Keeping    5031 out of   10002 clauses (50.30 %)  Time =     0.04 sec
reduceDB: Keeping    5512 out of   11001 clauses (50.10 %)  Time =     0.04 sec
reduceDB: Keeping    6017 out of   12000 clauses (50.14 %)  Time =     0.04 sec
reduceDB: Keeping    6527 out of   13003 clauses (50.20 %)  Time =     0.05 sec
reduceDB: Keeping    7011 out of   14000 clauses (50.08 %)  Time =     0.05 sec
reduceDB: Keeping    7515 out of   15000 clauses (50.10 %)  Time =     0.05 sec
reduceDB: Keeping    8041 out of   16002 clauses (50.25 %)  Time =     0.05 sec
reduceDB: Keeping    8756 out of   17000 clauses (51.51 %)  Time =     0.05 sec
reduceDB: Keeping    9250 out of   18001 clauses (51.39 %)  Time =     0.05 sec
reduceDB: Keeping    9783 out of   19003 clauses (51.48 %)  Time =     0.05 sec
reduceDB: Keeping   10562 out of   20001 clauses (52.81 %)  Time =     0.05 sec
reduceDB: Keeping   11137 out of   21001 clauses (53.03 %)  Time =     0.05 sec
reduceDB: Keeping   11442 out of   22000 clauses (52.01 %)  Time =     0.05 sec
reduceDB: Keeping   12123 out of   23000 clauses (52.71 %)  Time =     0.06 sec
reduceDB: Keeping   12444 out of   24000 clauses (51.85 %)  Time =     0.06 sec
reduceDB: Keeping   13184 out of   25000 clauses (52.74 %)  Time =     0.06 sec
reduceDB: Keeping   13705 out of   26000 clauses (52.71 %)  Time =     0.06 sec
reduceDB: Keeping   14495 out of   27000 clauses (53.69 %)  Time =     0.06 sec
reduceDB: Keeping   15178 out of   28001 clauses (54.21 %)  Time =     0.06 sec
reduceDB: Keeping   15827 out of   29000 clauses (54.58 %)  Time =     0.06 sec
reduceDB: Keeping   13945 out of   30001 clauses (46.48 %)  Time =     0.07 sec
reduceDB: Keeping   15594 out of   31000 clauses (50.30 %)  Time =     0.07 sec
reduceDB: Keeping   16327 out of   32001 clauses (51.02 %)  Time =     0.07 sec
reduceDB: Keeping   16829 out of   33002 clauses (50.99 %)  Time =     0.07 sec
reduceDB: Keeping   17419 out of   34002 clauses (51.23 %)  Time =     0.07 sec
reduceDB: Keeping   18140 out of   35000 clauses (51.83 %)  Time =     0.08 sec
reduceDB: Keeping   18551 out of   36002 clauses (51.53 %)  Time =     0.08 sec
reduceDB: Keeping   19124 out of   37001 clauses (51.69 %)  Time =     0.08 sec
reduceDB: Keeping   19754 out of   38001 clauses (51.98 %)  Time =     0.08 sec
reduceDB: Keeping   20348 out of   39000 clauses (52.17 %)  Time =     0.08 sec
reduceDB: Keeping   20456 out of   40000 clauses (51.14 %)  Time =     0.09 sec
reduceDB: Keeping   21117 out of   41000 clauses (51.50 %)  Time =     0.09 sec
reduceDB: Keeping   21680 out of   42001 clauses (51.62 %)  Time =     0.09 sec
reduceDB: Keeping   22503 out of   43001 clauses (52.33 %)  Time =     0.09 sec
reduceDB: Keeping   23260 out of   44000 clauses (52.86 %)  Time =     0.09 sec
reduceDB: Keeping   24028 out of   45001 clauses (53.39 %)  Time =     0.10 sec
reduceDB: Keeping   24085 out of   46000 clauses (52.36 %)  Time =     0.10 sec
reduceDB: Keeping   24588 out of   47000 clauses (52.31 %)  Time =     0.10 sec
reduceDB: Keeping   25055 out of   48000 clauses (52.20 %)  Time =     0.10 sec
reduceDB: Keeping   25265 out of   49000 clauses (51.56 %)  Time =     0.11 sec
reduceDB: Keeping   25940 out of   50002 clauses (51.88 %)  Time =     0.11 sec
reduceDB: Keeping   26576 out of   51001 clauses (52.11 %)  Time =     0.11 sec
reduceDB: Keeping   26646 out of   52000 clauses (51.24 %)  Time =     0.12 sec
reduceDB: Keeping   27225 out of   53001 clauses (51.37 %)  Time =     0.12 sec
reduceDB: Keeping   27520 out of   54000 clauses (50.96 %)  Time =     0.12 sec
reduceDB: Keeping   28004 out of   55002 clauses (50.91 %)  Time =     0.12 sec
reduceDB: Keeping   28439 out of   56001 clauses (50.78 %)  Time =     0.13 sec
reduceDB: Keeping   28965 out of   57001 clauses (50.81 %)  Time =     0.13 sec
reduceDB: Keeping   29499 out of   58000 clauses (50.86 %)  Time =     0.13 sec
reduceDB: Keeping   30032 out of   59001 clauses (50.90 %)  Time =     0.14 sec
reduceDB: Keeping   30884 out of   60000 clauses (51.47 %)  Time =     0.14 sec
reduceDB: Keeping   31245 out of   61000 clauses (51.22 %)  Time =     0.14 sec
reduceDB: Keeping   31897 out of   62000 clauses (51.45 %)  Time =     0.15 sec
reduceDB: Keeping   32903 out of   63000 clauses (52.23 %)  Time =     0.15 sec
reduceDB: Keeping   34660 out of   64001 clauses (54.16 %)  Time =     0.15 sec
reduceDB: Keeping   34802 out of   65001 clauses (53.54 %)  Time =     0.16 sec
reduceDB: Keeping   36069 out of   66000 clauses (54.65 %)  Time =     0.16 sec
reduceDB: Keeping   28279 out of   67002 clauses (42.21 %)  Time =     0.16 sec
reduceDB: Keeping   33811 out of   68000 clauses (49.72 %)  Time =     0.17 sec
reduceDB: Keeping   34626 out of   69000 clauses (50.18 %)  Time =     0.17 sec
reduceDB: Keeping   34676 out of   70001 clauses (49.54 %)  Time =     0.17 sec
reduceDB: Keeping   35614 out of   71000 clauses (50.16 %)  Time =     0.18 sec
reduceDB: Keeping   35801 out of   72001 clauses (49.72 %)  Time =     0.18 sec
reduceDB: Keeping   36579 out of   73000 clauses (50.11 %)  Time =     0.18 sec
reduceDB: Keeping   36994 out of   74001 clauses (49.99 %)  Time =     0.19 sec
reduceDB: Keeping   37150 out of   75000 clauses (49.53 %)  Time =     0.19 sec
reduceDB: Keeping   38081 out of   76000 clauses (50.11 %)  Time =     0.20 sec
reduceDB: Keeping   38628 out of   77001 clauses (50.17 %)  Time =     0.20 sec
reduceDB: Keeping   39070 out of   78000 clauses (50.09 %)  Time =     0.20 sec
reduceDB: Keeping   39470 out of   79001 clauses (49.96 %)  Time =     0.21 sec
reduceDB: Keeping   39996 out of   80001 clauses (49.99 %)  Time =     0.21 sec
reduceDB: Keeping   40502 out of   81001 clauses (50.00 %)  Time =     0.22 sec
reduceDB: Keeping   40884 out of   82002 clauses (49.86 %)  Time =     0.22 sec
reduceDB: Keeping   41479 out of   83001 clauses (49.97 %)  Time =     0.22 sec
reduceDB: Keeping   42101 out of   84000 clauses (50.12 %)  Time =     0.23 sec
reduceDB: Keeping   42623 out of   85001 clauses (50.14 %)  Time =     0.23 sec
reduceDB: Keeping   43039 out of   86000 clauses (50.05 %)  Time =     0.24 sec
reduceDB: Keeping   43376 out of   87002 clauses (49.86 %)  Time =     0.24 sec
reduceDB: Keeping   44140 out of   88000 clauses (50.16 %)  Time =     0.25 sec
reduceDB: Keeping   42713 out of   89001 clauses (47.99 %)  Time =     0.25 sec
reduceDB: Keeping   44984 out of   90001 clauses (49.98 %)  Time =     0.26 sec
reduceDB: Keeping   43523 out of   91000 clauses (47.83 %)  Time =     0.26 sec
reduceDB: Keeping   46115 out of   92000 clauses (50.12 %)  Time =     0.26 sec
reduceDB: Keeping   46375 out of   93000 clauses (49.87 %)  Time =     0.27 sec
reduceDB: Keeping   47853 out of   94000 clauses (50.91 %)  Time =     0.27 sec
reduceDB: Keeping   49147 out of   95002 clauses (51.73 %)  Time =     0.28 sec
reduceDB: Keeping   50393 out of   96003 clauses (52.49 %)  Time =     0.28 sec
reduceDB: Keeping   51119 out of   97001 clauses (52.70 %)  Time =     0.29 sec
reduceDB: Keeping   51733 out of   98001 clauses (52.79 %)  Time =     0.29 sec
reduceDB: Keeping   53307 out of   99002 clauses (53.84 %)  Time =     0.30 sec
reduceDB: Keeping   52544 out of  100003 clauses (52.54 %)  Time =     0.30 sec
reduceDB: Keeping   52430 out of  101001 clauses (51.91 %)  Time =     0.31 sec
reduceDB: Keeping   52337 out of  102000 clauses (51.31 %)  Time =     0.31 sec
reduceDB: Keeping   52330 out of  103001 clauses (50.81 %)  Time =     0.32 sec
reduceDB: Keeping   52547 out of  104003 clauses (50.52 %)  Time =     0.32 sec
reduceDB: Keeping   53042 out of  105000 clauses (50.52 %)  Time =     0.33 sec
reduceDB: Keeping   53614 out of  106000 clauses (50.58 %)  Time =     0.33 sec
reduceDB: Keeping   54416 out of  107000 clauses (50.86 %)  Time =     0.34 sec
reduceDB: Keeping   55489 out of  108001 clauses (51.38 %)  Time =     0.35 sec
reduceDB: Keeping   56815 out of  109000 clauses (52.12 %)  Time =     0.35 sec
reduceDB: Keeping   57151 out of  110000 clauses (51.96 %)  Time =     0.36 sec
reduceDB: Keeping   57673 out of  111000 clauses (51.96 %)  Time =     0.36 sec
reduceDB: Keeping   57880 out of  112004 clauses (51.68 %)  Time =     0.37 sec
reduceDB: Keeping   57783 out of  113001 clauses (51.13 %)  Time =     0.37 sec
reduceDB: Keeping   58695 out of  114000 clauses (51.49 %)  Time =     0.38 sec
reduceDB: Keeping   58470 out of  115003 clauses (50.84 %)  Time =     0.38 sec
reduceDB: Keeping   59355 out of  116002 clauses (51.17 %)  Time =     0.39 sec
reduceDB: Keeping   59876 out of  117001 clauses (51.18 %)  Time =     0.40 sec
reduceDB: Keeping   62349 out of  118001 clauses (52.84 %)  Time =     0.40 sec
reduceDB: Keeping   47960 out of  119000 clauses (40.30 %)  Time =     0.41 sec
reduceDB: Keeping   59914 out of  120001 clauses (49.93 %)  Time =     0.42 sec
reduceDB: Keeping   60685 out of  121001 clauses (50.15 %)  Time =     0.42 sec
reduceDB: Keeping   61162 out of  122001 clauses (50.13 %)  Time =     0.43 sec
reduceDB: Keeping   62720 out of  123000 clauses (50.99 %)  Time =     0.43 sec
reduceDB: Keeping   67376 out of  124002 clauses (54.33 %)  Time =     0.44 sec
starts        :             6906
conflicts     :          3901528
decisions     :          4476690
propagations  :       1346783615
Final SAT:        Nodes =   2443.  Time =   360.72 sec
Networks are equivalent.  Time =   377.21 sec
End Old Verify =   377.21 sec
