ABC command line: "&read replace_1594.aig; &cec -m -v".

label 1
label 3
Assuming the current network is a single-output miter.
label 6
Start EquivFixOutputPairs =     0.00 sec
End EquivFixOutputPairs =     0.00 sec
Start ManSatSweeping =     0.00 sec
Simulating 15 words for 15 rounds. SAT solving with 1000 conflicts.
nSimWords = 0
cst =    2033  cls =      0  lit =    2033  unused =     256  proof =     0
cst =       1  cls =      4  lit =       5  unused =    2280  proof =     0
cst =       1  cls =      2  lit =       3  unused =    2284  proof =     0
cst =       0  cls =      1  lit =       1  unused =    2287  proof =     0
cst =       0  cls =      1  lit =       1  unused =    2287  proof =     0
cst =       0  cls =      1  lit =       1  unused =    2287  proof =     0
cst =       0  cls =      1  lit =       1  unused =    2287  proof =     0
cst =       0  cls =      1  lit =       1  unused =    2287  proof =     0
cst =       0  cls =      1  lit =       1  unused =    2287  proof =     0
cst =       0  cls =      1  lit =       1  unused =    2287  proof =     0
  1 : P =      0. D =      0. F =     1. M =     664. And =    2033. Time =     0.02 sec
Increasing conflict limit to 10000.
The result is written into file "cec_giaSweep.aig".
Switching into reduced mode.
  2 : P =      0. D =      0. F =     1. M =     664. And =    2033. Time =     0.36 sec
Increasing conflict limit to 100000.
The result is written into file "cec_giaSweep.aig".
Switching into normal mode.
  3 : P =      0. D =      0. F =     1. M =       0. And =    2033. Time =     5.47 sec
Performed 3 SAT calls: P = 0  D = 0  F = 3
NBeg = 2033. NEnd = 2033. (Gain =   0.00 %).  RBeg = 0. REnd = 0. (Gain =   0.00 %).
Sim  =     0.00 sec (  0.00 %)
Sat  =     5.86 sec (  0.00 %)
Pat  =     0.00 sec (  0.00 %)
Time =     5.87 sec
End ManSatSweeping =     5.87 sec
Networks are UNDECIDED after the new CEC engine.  Time =     5.87 sec
Calling the old CEC engine.
Start Old Verify =     5.87 sec
Original miter:   Nodes =   2036.
label 27
Initial SAT:      Nodes =   2036.  Time =     0.02 sec
Rewriting:        Nodes =   2036.  Time =     0.03 sec
There are 0 XORs
Balance-X:        Nodes =   2303.  Time =     0.00 sec
Starting Fra_SmlSimulate......classes =     1.   Lits =      4.
Refined classes  after Pattern 0=     1.   Changes =    0.   Lits =      4.
Refined classes after pattern 1 =     1.   Changes =    0.   Lits =      4.
Refined classes  =     1.   Changes =    0.   Lits =      4.
start Fra_FraigSweep...
Fraiging (i=1):   Nodes =   2303.  Time =     0.00 sec
Rewriting:        Nodes =   2058.  Time =     0.01 sec
There are 0 XORs
Balance-X:        Nodes =   2300.  Time =     0.00 sec
Starting Fra_SmlSimulate......classes =     1.   Lits =      4.
Refined classes  after Pattern 0=     1.   Changes =    0.   Lits =      4.
Refined classes after pattern 1 =     1.   Changes =    0.   Lits =      4.
Refined classes  =     1.   Changes =    0.   Lits =      4.
start Fra_FraigSweep...
Fraiging (i=2):   Nodes =   2300.  Time =     0.00 sec
Rewriting:        Nodes =   2060.  Time =     0.01 sec
There are 0 XORs
Balance-X:        Nodes =   2300.  Time =     0.00 sec
Starting Fra_SmlSimulate......classes =     1.   Lits =      4.
Refined classes  after Pattern 0=     1.   Changes =    0.   Lits =      4.
Refined classes after pattern 1 =     1.   Changes =    0.   Lits =      4.
Refined classes  =     1.   Changes =    0.   Lits =      4.
start Fra_FraigSweep...
Fraiging (i=3):   Nodes =   2300.  Time =     0.01 sec
Rewriting:        Nodes =   2061.  Time =     0.01 sec
There are 0 XORs
Balance-X:        Nodes =   2300.  Time =     0.00 sec
Starting Fra_SmlSimulate......classes =     1.   Lits =      4.
Refined classes  after Pattern 0=     1.   Changes =    0.   Lits =      4.
Refined classes after pattern 1 =     1.   Changes =    0.   Lits =      4.
Refined classes  =     1.   Changes =    0.   Lits =      4.
start Fra_FraigSweep...
Fraiging (i=4):   Nodes =   2300.  Time =     0.06 sec
Rewriting:        Nodes =   2060.  Time =     0.01 sec
There are 0 XORs
Balance-X:        Nodes =   2300.  Time =     0.00 sec
Starting Fra_SmlSimulate......classes =     1.   Lits =      4.
Refined classes  after Pattern 0=     1.   Changes =    0.   Lits =      4.
Refined classes after pattern 1 =     1.   Changes =    0.   Lits =      4.
Refined classes  =     1.   Changes =    0.   Lits =      4.
start Fra_FraigSweep...
Fraiging (i=5):   Nodes =   2300.  Time =     0.68 sec
Rewriting:        Nodes =   2061.  Time =     0.01 sec
There are 0 XORs
Balance-X:        Nodes =   2300.  Time =     0.00 sec
Starting Fra_SmlSimulate......classes =     1.   Lits =      4.
Refined classes  after Pattern 0=     1.   Changes =    0.   Lits =      4.
Refined classes after pattern 1 =     1.   Changes =    0.   Lits =      4.
Refined classes  =     1.   Changes =    0.   Lits =      4.
start Fra_FraigSweep...
Fraiging (i=6):   Nodes =   2300.  Time =     7.72 sec
Rewriting:        Nodes =   2060.  Time =     0.01 sec
label 27
CNF stats: Vars =   1594. Clauses =    4753. Literals =    12810. Time =     0.00 sec
Running SAT solver with parameters 10000 and 1000 and 50.
reduceDB: Keeping    5014 out of   10000 clauses (50.14 %)  Time =     0.04 sec
reduceDB: Keeping    5509 out of   11001 clauses (50.08 %)  Time =     0.04 sec
reduceDB: Keeping    6010 out of   12000 clauses (50.08 %)  Time =     0.04 sec
reduceDB: Keeping    6529 out of   13000 clauses (50.22 %)  Time =     0.05 sec
reduceDB: Keeping    7029 out of   14001 clauses (50.20 %)  Time =     0.05 sec
reduceDB: Keeping    7521 out of   15000 clauses (50.14 %)  Time =     0.05 sec
reduceDB: Keeping    8033 out of   16001 clauses (50.20 %)  Time =     0.05 sec
reduceDB: Keeping    8485 out of   17001 clauses (49.91 %)  Time =     0.05 sec
reduceDB: Keeping    9031 out of   18001 clauses (50.17 %)  Time =     0.05 sec
reduceDB: Keeping    9524 out of   19000 clauses (50.13 %)  Time =     0.05 sec
reduceDB: Keeping   10018 out of   20002 clauses (50.08 %)  Time =     0.06 sec
reduceDB: Keeping   10861 out of   21000 clauses (51.72 %)  Time =     0.06 sec
reduceDB: Keeping   11212 out of   22000 clauses (50.96 %)  Time =     0.06 sec
reduceDB: Keeping   11621 out of   23000 clauses (50.53 %)  Time =     0.06 sec
reduceDB: Keeping   12091 out of   24000 clauses (50.38 %)  Time =     0.06 sec
reduceDB: Keeping   12553 out of   25002 clauses (50.21 %)  Time =     0.07 sec
reduceDB: Keeping   13041 out of   26001 clauses (50.16 %)  Time =     0.07 sec
reduceDB: Keeping   13537 out of   27000 clauses (50.14 %)  Time =     0.07 sec
reduceDB: Keeping   14022 out of   28000 clauses (50.08 %)  Time =     0.07 sec
reduceDB: Keeping   14538 out of   29000 clauses (50.13 %)  Time =     0.08 sec
reduceDB: Keeping   15092 out of   30000 clauses (50.31 %)  Time =     0.08 sec
reduceDB: Keeping   15573 out of   31000 clauses (50.24 %)  Time =     0.08 sec
reduceDB: Keeping   16047 out of   32001 clauses (50.15 %)  Time =     0.09 sec
reduceDB: Keeping   16528 out of   33002 clauses (50.08 %)  Time =     0.09 sec
reduceDB: Keeping   17013 out of   34002 clauses (50.04 %)  Time =     0.09 sec
reduceDB: Keeping   17548 out of   35001 clauses (50.14 %)  Time =     0.10 sec
reduceDB: Keeping   18245 out of   36000 clauses (50.68 %)  Time =     0.10 sec
reduceDB: Keeping   18598 out of   37001 clauses (50.26 %)  Time =     0.10 sec
reduceDB: Keeping   19083 out of   38000 clauses (50.22 %)  Time =     0.11 sec
reduceDB: Keeping   19535 out of   39004 clauses (50.08 %)  Time =     0.11 sec
reduceDB: Keeping   19993 out of   40001 clauses (49.98 %)  Time =     0.12 sec
reduceDB: Keeping   20539 out of   41000 clauses (50.10 %)  Time =     0.12 sec
reduceDB: Keeping   21039 out of   42001 clauses (50.09 %)  Time =     0.12 sec
reduceDB: Keeping   21528 out of   43003 clauses (50.06 %)  Time =     0.13 sec
reduceDB: Keeping   22164 out of   44000 clauses (50.37 %)  Time =     0.13 sec
reduceDB: Keeping   22819 out of   45000 clauses (50.71 %)  Time =     0.14 sec
reduceDB: Keeping   23034 out of   46001 clauses (50.07 %)  Time =     0.14 sec
reduceDB: Keeping   23587 out of   47001 clauses (50.18 %)  Time =     0.15 sec
reduceDB: Keeping   24076 out of   48000 clauses (50.16 %)  Time =     0.15 sec
reduceDB: Keeping   24491 out of   49000 clauses (49.98 %)  Time =     0.16 sec
reduceDB: Keeping   25086 out of   50000 clauses (50.17 %)  Time =     0.16 sec
reduceDB: Keeping   25501 out of   51000 clauses (50.00 %)  Time =     0.17 sec
reduceDB: Keeping   26083 out of   52000 clauses (50.16 %)  Time =     0.17 sec
reduceDB: Keeping   26554 out of   53000 clauses (50.10 %)  Time =     0.18 sec
reduceDB: Keeping   27069 out of   54000 clauses (50.13 %)  Time =     0.19 sec
reduceDB: Keeping   27582 out of   55000 clauses (50.15 %)  Time =     0.19 sec
reduceDB: Keeping   28088 out of   56003 clauses (50.15 %)  Time =     0.20 sec
reduceDB: Keeping   28484 out of   57001 clauses (49.97 %)  Time =     0.21 sec
reduceDB: Keeping   29011 out of   58000 clauses (50.02 %)  Time =     0.21 sec
reduceDB: Keeping   29341 out of   59003 clauses (49.73 %)  Time =     0.22 sec
reduceDB: Keeping   29746 out of   60000 clauses (49.58 %)  Time =     0.23 sec
reduceDB: Keeping   30408 out of   61000 clauses (49.85 %)  Time =     0.23 sec
reduceDB: Keeping   30882 out of   62003 clauses (49.81 %)  Time =     0.24 sec
reduceDB: Keeping   31469 out of   63000 clauses (49.95 %)  Time =     0.25 sec
reduceDB: Keeping   32064 out of   64000 clauses (50.10 %)  Time =     0.26 sec
reduceDB: Keeping   32540 out of   65000 clauses (50.06 %)  Time =     0.26 sec
reduceDB: Keeping   33260 out of   66001 clauses (50.39 %)  Time =     0.27 sec
reduceDB: Keeping   33434 out of   67000 clauses (49.90 %)  Time =     0.28 sec
reduceDB: Keeping   34092 out of   68000 clauses (50.14 %)  Time =     0.29 sec
reduceDB: Keeping   34557 out of   69001 clauses (50.08 %)  Time =     0.30 sec
reduceDB: Keeping   34929 out of   70002 clauses (49.90 %)  Time =     0.31 sec
reduceDB: Keeping   35603 out of   71000 clauses (50.15 %)  Time =     0.31 sec
reduceDB: Keeping   35880 out of   72003 clauses (49.83 %)  Time =     0.32 sec
reduceDB: Keeping   36611 out of   73001 clauses (50.15 %)  Time =     0.33 sec
reduceDB: Keeping   36999 out of   74000 clauses (50.00 %)  Time =     0.34 sec
reduceDB: Keeping   37022 out of   75003 clauses (49.36 %)  Time =     0.35 sec
reduceDB: Keeping   38125 out of   76000 clauses (50.16 %)  Time =     0.36 sec
reduceDB: Keeping   38601 out of   77000 clauses (50.13 %)  Time =     0.37 sec
reduceDB: Keeping   38989 out of   78000 clauses (49.99 %)  Time =     0.38 sec
reduceDB: Keeping   39422 out of   79000 clauses (49.90 %)  Time =     0.39 sec
reduceDB: Keeping   39915 out of   80000 clauses (49.89 %)  Time =     0.40 sec
reduceDB: Keeping   40427 out of   81000 clauses (49.91 %)  Time =     0.41 sec
reduceDB: Keeping   40678 out of   82000 clauses (49.61 %)  Time =     0.42 sec
reduceDB: Keeping   41486 out of   83000 clauses (49.98 %)  Time =     0.43 sec
reduceDB: Keeping   41994 out of   84000 clauses (49.99 %)  Time =     0.44 sec
reduceDB: Keeping   42592 out of   85000 clauses (50.11 %)  Time =     0.46 sec
reduceDB: Keeping   43119 out of   86001 clauses (50.14 %)  Time =     0.47 sec
reduceDB: Keeping   42565 out of   87000 clauses (48.93 %)  Time =     0.48 sec
reduceDB: Keeping   43986 out of   88000 clauses (49.98 %)  Time =     0.49 sec
reduceDB: Keeping   44640 out of   89001 clauses (50.16 %)  Time =     0.51 sec
reduceDB: Keeping   44537 out of   90001 clauses (49.49 %)  Time =     0.52 sec
reduceDB: Keeping   45579 out of   91000 clauses (50.09 %)  Time =     0.53 sec
reduceDB: Keeping   46071 out of   92001 clauses (50.08 %)  Time =     0.54 sec
reduceDB: Keeping   47727 out of   93001 clauses (51.32 %)  Time =     0.55 sec
reduceDB: Keeping   50198 out of   94001 clauses (53.40 %)  Time =     0.56 sec
reduceDB: Keeping   50691 out of   95002 clauses (53.36 %)  Time =     0.58 sec
reduceDB: Keeping   51564 out of   96002 clauses (53.71 %)  Time =     0.59 sec
reduceDB: Keeping   51839 out of   97000 clauses (53.44 %)  Time =     0.60 sec
reduceDB: Keeping   52356 out of   98000 clauses (53.42 %)  Time =     0.62 sec
reduceDB: Keeping   51793 out of   99001 clauses (52.32 %)  Time =     0.63 sec
reduceDB: Keeping   51597 out of  100000 clauses (51.60 %)  Time =     0.65 sec
reduceDB: Keeping   51408 out of  101001 clauses (50.90 %)  Time =     0.66 sec
reduceDB: Keeping   51554 out of  102000 clauses (50.54 %)  Time =     0.68 sec
reduceDB: Keeping   52023 out of  103000 clauses (50.51 %)  Time =     0.69 sec
reduceDB: Keeping   52248 out of  104000 clauses (50.24 %)  Time =     0.71 sec
reduceDB: Keeping   52605 out of  105000 clauses (50.10 %)  Time =     0.72 sec
reduceDB: Keeping   53125 out of  106000 clauses (50.12 %)  Time =     0.74 sec
reduceDB: Keeping   53502 out of  107001 clauses (50.00 %)  Time =     0.75 sec
reduceDB: Keeping   54148 out of  108002 clauses (50.14 %)  Time =     0.77 sec
reduceDB: Keeping   54629 out of  109001 clauses (50.12 %)  Time =     0.79 sec
reduceDB: Keeping   54768 out of  110000 clauses (49.79 %)  Time =     0.80 sec
reduceDB: Keeping   55463 out of  111000 clauses (49.97 %)  Time =     0.82 sec
reduceDB: Keeping   53581 out of  112002 clauses (47.84 %)  Time =     0.84 sec
reduceDB: Keeping   56654 out of  113001 clauses (50.14 %)  Time =     0.86 sec
reduceDB: Keeping   56752 out of  114000 clauses (49.78 %)  Time =     0.87 sec
reduceDB: Keeping   55518 out of  115002 clauses (48.28 %)  Time =     0.89 sec
reduceDB: Keeping   58075 out of  116001 clauses (50.06 %)  Time =     0.91 sec
reduceDB: Keeping   58487 out of  117001 clauses (49.99 %)  Time =     0.93 sec
reduceDB: Keeping   58891 out of  118002 clauses (49.91 %)  Time =     0.94 sec
reduceDB: Keeping   62213 out of  119000 clauses (52.28 %)  Time =     0.96 sec
reduceDB: Keeping   62699 out of  120000 clauses (52.25 %)  Time =     0.98 sec
reduceDB: Keeping   62799 out of  121000 clauses (51.90 %)  Time =     1.00 sec
reduceDB: Keeping   62943 out of  122000 clauses (51.59 %)  Time =     1.01 sec
reduceDB: Keeping   64425 out of  123000 clauses (52.38 %)  Time =     1.02 sec
reduceDB: Keeping   64560 out of  124000 clauses (52.06 %)  Time =     1.03 sec
reduceDB: Keeping   65262 out of  125002 clauses (52.21 %)  Time =     1.04 sec
reduceDB: Keeping   65583 out of  126000 clauses (52.05 %)  Time =     1.06 sec
reduceDB: Keeping   69023 out of  127002 clauses (54.35 %)  Time =     1.07 sec
reduceDB: Keeping   48755 out of  128001 clauses (38.09 %)  Time =     1.08 sec
reduceDB: Keeping   64149 out of  129000 clauses (49.73 %)  Time =     1.09 sec
reduceDB: Keeping   61971 out of  130002 clauses (47.67 %)  Time =     1.11 sec
starts        :             7673
conflicts     :          4287489
decisions     :          4879765
propagations  :       1362523421
Final SAT:        Nodes =   2060.  Time =   735.11 sec
Networks are equivalent.  Time =   749.57 sec
End Old Verify =   749.57 sec
