ABC command line: "&read replace_2070.aig; &cec -m -v".

label 1
label 3
Assuming the current network is a single-output miter.
label 6
Start EquivFixOutputPairs =     0.00 sec
End EquivFixOutputPairs =     0.00 sec
Start ManSatSweeping =     0.00 sec
Simulating 15 words for 15 rounds. SAT solving with 1000 conflicts.
nSimWords = 0
cst =    2858  cls =      0  lit =    2858  unused =     256  proof =     0
cst =      14  cls =     45  lit =      66  unused =    3003  proof =     0
cst =       2  cls =      8  lit =      10  unused =    3096  proof =     0
cst =       0  cls =      2  lit =       2  unused =    3110  proof =     0
cst =       0  cls =      1  lit =       1  unused =    3112  proof =     0
cst =       0  cls =      1  lit =       1  unused =    3112  proof =     0
cst =       0  cls =      1  lit =       1  unused =    3112  proof =     0
cst =       0  cls =      1  lit =       1  unused =    3112  proof =     0
cst =       0  cls =      1  lit =       1  unused =    3112  proof =     0
cst =       0  cls =      1  lit =       1  unused =    3112  proof =     0
  1 : P =      0. D =      0. F =     1. M =    1083. And =    2858. Time =     0.02 sec
Increasing conflict limit to 10000.
The result is written into file "cec_giaSweep.aig".
Switching into reduced mode.
  2 : P =      0. D =      0. F =     1. M =    1083. And =    2858. Time =     0.37 sec
Increasing conflict limit to 100000.
The result is written into file "cec_giaSweep.aig".
Switching into normal mode.
  3 : P =      0. D =      0. F =     1. M =       0. And =    2858. Time =     4.37 sec
Performed 3 SAT calls: P = 0  D = 0  F = 3
NBeg = 2858. NEnd = 2858. (Gain =   0.00 %).  RBeg = 0. REnd = 0. (Gain =   0.00 %).
Sim  =     0.00 sec (  0.00 %)
Sat  =     4.76 sec (  0.00 %)
Pat  =     0.00 sec (  0.00 %)
Time =     4.77 sec
End ManSatSweeping =     4.77 sec
Networks are UNDECIDED after the new CEC engine.  Time =     4.77 sec
Calling the old CEC engine.
Start Old Verify =     4.77 sec
Original miter:   Nodes =   2861.
label 27
Initial SAT:      Nodes =   2861.  Time =     0.02 sec
Rewriting:        Nodes =   2861.  Time =     0.02 sec
There are 0 XORs
Balance-X:        Nodes =   3135.  Time =     0.00 sec
Starting Fra_SmlSimulate......classes =     3.   Lits =      6.
Refined classes  after Pattern 0=     3.   Changes =    0.   Lits =      6.
Refined classes after pattern 1 =     3.   Changes =    0.   Lits =      6.
Refined classes  =     2.   Changes =    1.   Lits =      5.
Refined classes  =     2.   Changes =    0.   Lits =      5.
start Fra_FraigSweep...
Fraiging (i=1):   Nodes =   3135.  Time =     0.00 sec
Rewriting:        Nodes =   2884.  Time =     0.01 sec
There are 0 XORs
Balance-X:        Nodes =   3132.  Time =     0.00 sec
Starting Fra_SmlSimulate......classes =     3.   Lits =      6.
Refined classes  after Pattern 0=     3.   Changes =    0.   Lits =      6.
Refined classes after pattern 1 =     3.   Changes =    0.   Lits =      6.
Refined classes  =     2.   Changes =    1.   Lits =      5.
Refined classes  =     2.   Changes =    0.   Lits =      5.
start Fra_FraigSweep...
Fraiging (i=2):   Nodes =   3132.  Time =     0.00 sec
Rewriting:        Nodes =   2886.  Time =     0.01 sec
There are 0 XORs
Balance-X:        Nodes =   3132.  Time =     0.00 sec
Starting Fra_SmlSimulate......classes =     3.   Lits =      6.
Refined classes  after Pattern 0=     3.   Changes =    0.   Lits =      6.
Refined classes after pattern 1 =     3.   Changes =    0.   Lits =      6.
Refined classes  =     2.   Changes =    1.   Lits =      5.
Refined classes  =     2.   Changes =    0.   Lits =      5.
start Fra_FraigSweep...
Fraiging (i=3):   Nodes =   3132.  Time =     0.01 sec
Rewriting:        Nodes =   2886.  Time =     0.01 sec
There are 0 XORs
Balance-X:        Nodes =   3132.  Time =     0.00 sec
Starting Fra_SmlSimulate......classes =     3.   Lits =      6.
Refined classes  after Pattern 0=     3.   Changes =    0.   Lits =      6.
Refined classes after pattern 1 =     3.   Changes =    0.   Lits =      6.
Refined classes  =     2.   Changes =    1.   Lits =      5.
Refined classes  =     2.   Changes =    0.   Lits =      5.
start Fra_FraigSweep...
Fraiging (i=4):   Nodes =   3132.  Time =     0.05 sec
Rewriting:        Nodes =   2886.  Time =     0.01 sec
There are 0 XORs
Balance-X:        Nodes =   3132.  Time =     0.00 sec
Starting Fra_SmlSimulate......classes =     3.   Lits =      6.
Refined classes  after Pattern 0=     3.   Changes =    0.   Lits =      6.
Refined classes after pattern 1 =     3.   Changes =    0.   Lits =      6.
Refined classes  =     2.   Changes =    1.   Lits =      5.
Refined classes  =     2.   Changes =    0.   Lits =      5.
start Fra_FraigSweep...
Fraiging (i=5):   Nodes =   3132.  Time =     0.56 sec
Rewriting:        Nodes =   2886.  Time =     0.01 sec
There are 0 XORs
Balance-X:        Nodes =   3132.  Time =     0.00 sec
Starting Fra_SmlSimulate......classes =     3.   Lits =      6.
Refined classes  after Pattern 0=     3.   Changes =    0.   Lits =      6.
Refined classes after pattern 1 =     3.   Changes =    0.   Lits =      6.
Refined classes  =     2.   Changes =    1.   Lits =      5.
Refined classes  =     2.   Changes =    0.   Lits =      5.
start Fra_FraigSweep...
Fraiging (i=6):   Nodes =   3132.  Time =     5.76 sec
Rewriting:        Nodes =   2886.  Time =     0.01 sec
label 27
CNF stats: Vars =   1970. Clauses =    6375. Literals =    17363. Time =     0.00 sec
Running SAT solver with parameters 10000 and 1000 and 50.
reduceDB: Keeping    5027 out of   10000 clauses (50.27 %)  Time =     0.03 sec
reduceDB: Keeping    5522 out of   11000 clauses (50.20 %)  Time =     0.03 sec
reduceDB: Keeping    6010 out of   12001 clauses (50.08 %)  Time =     0.03 sec
reduceDB: Keeping    6529 out of   13001 clauses (50.22 %)  Time =     0.03 sec
reduceDB: Keeping    7024 out of   14002 clauses (50.16 %)  Time =     0.03 sec
reduceDB: Keeping    7513 out of   15002 clauses (50.08 %)  Time =     0.03 sec
reduceDB: Keeping    8034 out of   16000 clauses (50.21 %)  Time =     0.03 sec
reduceDB: Keeping    8510 out of   17000 clauses (50.06 %)  Time =     0.03 sec
reduceDB: Keeping    9133 out of   18000 clauses (50.74 %)  Time =     0.03 sec
reduceDB: Keeping    9836 out of   19002 clauses (51.76 %)  Time =     0.04 sec
reduceDB: Keeping   10663 out of   20002 clauses (53.31 %)  Time =     0.04 sec
reduceDB: Keeping   11442 out of   21000 clauses (54.49 %)  Time =     0.04 sec
reduceDB: Keeping   11804 out of   22003 clauses (53.65 %)  Time =     0.04 sec
reduceDB: Keeping   12506 out of   23000 clauses (54.37 %)  Time =     0.04 sec
reduceDB: Keeping   12887 out of   24000 clauses (53.70 %)  Time =     0.04 sec
reduceDB: Keeping   13623 out of   25001 clauses (54.49 %)  Time =     0.04 sec
reduceDB: Keeping   14188 out of   26000 clauses (54.57 %)  Time =     0.05 sec
reduceDB: Keeping   14682 out of   27000 clauses (54.38 %)  Time =     0.05 sec
reduceDB: Keeping   15283 out of   28002 clauses (54.58 %)  Time =     0.05 sec
reduceDB: Keeping   13285 out of   29000 clauses (45.81 %)  Time =     0.05 sec
reduceDB: Keeping   15166 out of   30001 clauses (50.55 %)  Time =     0.05 sec
reduceDB: Keeping   16143 out of   31000 clauses (52.07 %)  Time =     0.05 sec
reduceDB: Keeping   16931 out of   32000 clauses (52.91 %)  Time =     0.06 sec
reduceDB: Keeping   17445 out of   33001 clauses (52.86 %)  Time =     0.06 sec
reduceDB: Keeping   18246 out of   34000 clauses (53.66 %)  Time =     0.06 sec
reduceDB: Keeping   18816 out of   35004 clauses (53.75 %)  Time =     0.06 sec
reduceDB: Keeping   19401 out of   36000 clauses (53.89 %)  Time =     0.06 sec
reduceDB: Keeping   20196 out of   37001 clauses (54.58 %)  Time =     0.07 sec
reduceDB: Keeping   20485 out of   38001 clauses (53.91 %)  Time =     0.07 sec
reduceDB: Keeping   20926 out of   39000 clauses (53.66 %)  Time =     0.07 sec
reduceDB: Keeping   21393 out of   40001 clauses (53.48 %)  Time =     0.07 sec
reduceDB: Keeping   21739 out of   41001 clauses (53.02 %)  Time =     0.08 sec
reduceDB: Keeping   22741 out of   42000 clauses (54.15 %)  Time =     0.08 sec
reduceDB: Keeping   23519 out of   43000 clauses (54.70 %)  Time =     0.08 sec
reduceDB: Keeping   19909 out of   44000 clauses (45.25 %)  Time =     0.08 sec
reduceDB: Keeping   22612 out of   45000 clauses (50.25 %)  Time =     0.09 sec
reduceDB: Keeping   23883 out of   46000 clauses (51.92 %)  Time =     0.09 sec
reduceDB: Keeping   24659 out of   47001 clauses (52.46 %)  Time =     0.09 sec
reduceDB: Keeping   25393 out of   48000 clauses (52.90 %)  Time =     0.09 sec
reduceDB: Keeping   25983 out of   49000 clauses (53.03 %)  Time =     0.10 sec
reduceDB: Keeping   26363 out of   50000 clauses (52.73 %)  Time =     0.10 sec
reduceDB: Keeping   26661 out of   51003 clauses (52.27 %)  Time =     0.10 sec
reduceDB: Keeping   27349 out of   52002 clauses (52.59 %)  Time =     0.11 sec
reduceDB: Keeping   27653 out of   53000 clauses (52.18 %)  Time =     0.11 sec
reduceDB: Keeping   28631 out of   54001 clauses (53.02 %)  Time =     0.11 sec
reduceDB: Keeping   29585 out of   55000 clauses (53.79 %)  Time =     0.12 sec
reduceDB: Keeping   29851 out of   56001 clauses (53.30 %)  Time =     0.12 sec
reduceDB: Keeping   29601 out of   57002 clauses (51.93 %)  Time =     0.12 sec
reduceDB: Keeping   30420 out of   58000 clauses (52.45 %)  Time =     0.13 sec
reduceDB: Keeping   30591 out of   59002 clauses (51.85 %)  Time =     0.13 sec
reduceDB: Keeping   31086 out of   60000 clauses (51.81 %)  Time =     0.13 sec
reduceDB: Keeping   31251 out of   61000 clauses (51.23 %)  Time =     0.14 sec
reduceDB: Keeping   31755 out of   62002 clauses (51.22 %)  Time =     0.14 sec
reduceDB: Keeping   32411 out of   63003 clauses (51.44 %)  Time =     0.14 sec
reduceDB: Keeping   33484 out of   64004 clauses (52.32 %)  Time =     0.15 sec
reduceDB: Keeping   34109 out of   65000 clauses (52.48 %)  Time =     0.15 sec
reduceDB: Keeping   34764 out of   66001 clauses (52.67 %)  Time =     0.15 sec
reduceDB: Keeping   35513 out of   67002 clauses (53.00 %)  Time =     0.16 sec
reduceDB: Keeping   35631 out of   68002 clauses (52.40 %)  Time =     0.16 sec
reduceDB: Keeping   35584 out of   69000 clauses (51.57 %)  Time =     0.16 sec
reduceDB: Keeping   36165 out of   70000 clauses (51.66 %)  Time =     0.17 sec
reduceDB: Keeping   37198 out of   71001 clauses (52.39 %)  Time =     0.17 sec
reduceDB: Keeping   37050 out of   72002 clauses (51.46 %)  Time =     0.18 sec
reduceDB: Keeping   37590 out of   73000 clauses (51.49 %)  Time =     0.18 sec
reduceDB: Keeping   38294 out of   74000 clauses (51.75 %)  Time =     0.19 sec
reduceDB: Keeping   38496 out of   75000 clauses (51.33 %)  Time =     0.19 sec
reduceDB: Keeping   39096 out of   76002 clauses (51.44 %)  Time =     0.19 sec
reduceDB: Keeping   39374 out of   77000 clauses (51.14 %)  Time =     0.20 sec
reduceDB: Keeping   39675 out of   78001 clauses (50.86 %)  Time =     0.20 sec
reduceDB: Keeping   40417 out of   79001 clauses (51.16 %)  Time =     0.21 sec
reduceDB: Keeping   41390 out of   80001 clauses (51.74 %)  Time =     0.21 sec
reduceDB: Keeping   42330 out of   81000 clauses (52.26 %)  Time =     0.22 sec
reduceDB: Keeping   42034 out of   82000 clauses (51.26 %)  Time =     0.22 sec
reduceDB: Keeping   42378 out of   83000 clauses (51.06 %)  Time =     0.22 sec
reduceDB: Keeping   43170 out of   84000 clauses (51.39 %)  Time =     0.23 sec
reduceDB: Keeping   43431 out of   85001 clauses (51.09 %)  Time =     0.23 sec
reduceDB: Keeping   43495 out of   86002 clauses (50.57 %)  Time =     0.24 sec
reduceDB: Keeping   44830 out of   87000 clauses (51.53 %)  Time =     0.24 sec
reduceDB: Keeping   45510 out of   88000 clauses (51.72 %)  Time =     0.25 sec
reduceDB: Keeping   45370 out of   89000 clauses (50.98 %)  Time =     0.25 sec
reduceDB: Keeping   45509 out of   90001 clauses (50.56 %)  Time =     0.26 sec
reduceDB: Keeping   46012 out of   91001 clauses (50.56 %)  Time =     0.26 sec
reduceDB: Keeping   46246 out of   92000 clauses (50.27 %)  Time =     0.27 sec
reduceDB: Keeping   47447 out of   93000 clauses (51.02 %)  Time =     0.27 sec
reduceDB: Keeping   48203 out of   94001 clauses (51.28 %)  Time =     0.28 sec
reduceDB: Keeping   49561 out of   95002 clauses (52.17 %)  Time =     0.28 sec
reduceDB: Keeping   50428 out of   96000 clauses (52.53 %)  Time =     0.29 sec
reduceDB: Keeping   52237 out of   97000 clauses (53.85 %)  Time =     0.29 sec
reduceDB: Keeping   53612 out of   98000 clauses (54.71 %)  Time =     0.30 sec
reduceDB: Keeping   43113 out of   99000 clauses (43.55 %)  Time =     0.31 sec
reduceDB: Keeping   49977 out of  100000 clauses (49.98 %)  Time =     0.31 sec
reduceDB: Keeping   50504 out of  101002 clauses (50.00 %)  Time =     0.32 sec
reduceDB: Keeping   50988 out of  102001 clauses (49.99 %)  Time =     0.32 sec
reduceDB: Keeping   51493 out of  103000 clauses (49.99 %)  Time =     0.33 sec
reduceDB: Keeping   52084 out of  104000 clauses (50.08 %)  Time =     0.33 sec
reduceDB: Keeping   52675 out of  105001 clauses (50.17 %)  Time =     0.34 sec
reduceDB: Keeping   53100 out of  106001 clauses (50.09 %)  Time =     0.35 sec
reduceDB: Keeping   53281 out of  107000 clauses (49.80 %)  Time =     0.35 sec
reduceDB: Keeping   54008 out of  108001 clauses (50.01 %)  Time =     0.36 sec
reduceDB: Keeping   55120 out of  109000 clauses (50.57 %)  Time =     0.36 sec
reduceDB: Keeping   55926 out of  110000 clauses (50.84 %)  Time =     0.37 sec
reduceDB: Keeping   56450 out of  111000 clauses (50.86 %)  Time =     0.38 sec
reduceDB: Keeping   57328 out of  112000 clauses (51.19 %)  Time =     0.38 sec
reduceDB: Keeping   57923 out of  113001 clauses (51.26 %)  Time =     0.39 sec
reduceDB: Keeping   59627 out of  114003 clauses (52.30 %)  Time =     0.39 sec
reduceDB: Keeping   60154 out of  115001 clauses (52.31 %)  Time =     0.40 sec
reduceDB: Keeping   61026 out of  116000 clauses (52.61 %)  Time =     0.41 sec
reduceDB: Keeping   60969 out of  117002 clauses (52.11 %)  Time =     0.41 sec
reduceDB: Keeping   62553 out of  118002 clauses (53.01 %)  Time =     0.42 sec
reduceDB: Keeping   64392 out of  119001 clauses (54.11 %)  Time =     0.43 sec
reduceDB: Keeping   49896 out of  120000 clauses (41.58 %)  Time =     0.43 sec
reduceDB: Keeping   56290 out of  121000 clauses (46.52 %)  Time =     0.44 sec
reduceDB: Keeping   61484 out of  122000 clauses (50.40 %)  Time =     0.45 sec
starts        :             6524
conflicts     :          3733229
decisions     :          4307674
propagations  :       1485573501
Final SAT:        Nodes =   2886.  Time =   404.05 sec
Networks are equivalent.  Time =   415.30 sec
End Old Verify =   415.30 sec
