ABC command line: "&read replace_1550.aig; &cec -m -v".

label 1
label 3
Assuming the current network is a single-output miter.
label 6
Start EquivFixOutputPairs =     0.00 sec
End EquivFixOutputPairs =     0.00 sec
Start ManSatSweeping =     0.00 sec
Simulating 15 words for 15 rounds. SAT solving with 1000 conflicts.
nSimWords = 0
cst =    2280  cls =      0  lit =    2280  unused =     256  proof =     0
cst =       4  cls =     11  lit =      16  unused =    2509  proof =     0
cst =       2  cls =      2  lit =       5  unused =    2529  proof =     0
cst =       0  cls =      1  lit =       1  unused =    2534  proof =     0
cst =       0  cls =      1  lit =       1  unused =    2534  proof =     0
cst =       0  cls =      1  lit =       1  unused =    2534  proof =     0
cst =       0  cls =      1  lit =       1  unused =    2534  proof =     0
cst =       0  cls =      1  lit =       1  unused =    2534  proof =     0
cst =       0  cls =      1  lit =       1  unused =    2534  proof =     0
cst =       0  cls =      1  lit =       1  unused =    2534  proof =     0
  1 : P =      0. D =      0. F =     1. M =     763. And =    2280. Time =     0.02 sec
Increasing conflict limit to 10000.
The result is written into file "cec_giaSweep.aig".
Switching into reduced mode.
  2 : P =      0. D =      0. F =     1. M =     763. And =    2280. Time =     0.31 sec
Increasing conflict limit to 100000.
The result is written into file "cec_giaSweep.aig".
Switching into normal mode.
  3 : P =      0. D =      0. F =     1. M =       0. And =    2280. Time =     4.19 sec
Performed 3 SAT calls: P = 0  D = 0  F = 3
NBeg = 2280. NEnd = 2280. (Gain =   0.00 %).  RBeg = 0. REnd = 0. (Gain =   0.00 %).
Sim  =     0.00 sec (  0.00 %)
Sat  =     4.52 sec (  0.00 %)
Pat  =     0.00 sec (  0.00 %)
Time =     4.54 sec
End ManSatSweeping =     4.54 sec
Networks are UNDECIDED after the new CEC engine.  Time =     4.54 sec
Calling the old CEC engine.
Start Old Verify =     4.54 sec
Original miter:   Nodes =   2283.
label 27
Initial SAT:      Nodes =   2283.  Time =     0.02 sec
Rewriting:        Nodes =   2283.  Time =     0.02 sec
There are 0 XORs
Balance-X:        Nodes =   2560.  Time =     0.00 sec
Starting Fra_SmlSimulate......classes =     1.   Lits =      4.
Refined classes  after Pattern 0=     1.   Changes =    0.   Lits =      4.
Refined classes after pattern 1 =     1.   Changes =    0.   Lits =      4.
Refined classes  =     1.   Changes =    0.   Lits =      4.
start Fra_FraigSweep...
Fraiging (i=1):   Nodes =   2560.  Time =     0.00 sec
Rewriting:        Nodes =   2305.  Time =     0.01 sec
There are 0 XORs
Balance-X:        Nodes =   2557.  Time =     0.00 sec
Starting Fra_SmlSimulate......classes =     1.   Lits =      4.
Refined classes  after Pattern 0=     1.   Changes =    0.   Lits =      4.
Refined classes after pattern 1 =     1.   Changes =    0.   Lits =      4.
Refined classes  =     1.   Changes =    0.   Lits =      4.
start Fra_FraigSweep...
Fraiging (i=2):   Nodes =   2557.  Time =     0.00 sec
Rewriting:        Nodes =   2306.  Time =     0.01 sec
There are 0 XORs
Balance-X:        Nodes =   2557.  Time =     0.00 sec
Starting Fra_SmlSimulate......classes =     1.   Lits =      4.
Refined classes  after Pattern 0=     1.   Changes =    0.   Lits =      4.
Refined classes after pattern 1 =     1.   Changes =    0.   Lits =      4.
Refined classes  =     1.   Changes =    0.   Lits =      4.
start Fra_FraigSweep...
Fraiging (i=3):   Nodes =   2557.  Time =     0.01 sec
Rewriting:        Nodes =   2306.  Time =     0.01 sec
There are 0 XORs
Balance-X:        Nodes =   2557.  Time =     0.00 sec
Starting Fra_SmlSimulate......classes =     1.   Lits =      4.
Refined classes  after Pattern 0=     1.   Changes =    0.   Lits =      4.
Refined classes after pattern 1 =     1.   Changes =    0.   Lits =      4.
Refined classes  =     1.   Changes =    0.   Lits =      4.
start Fra_FraigSweep...
Fraiging (i=4):   Nodes =   2557.  Time =     0.09 sec
Rewriting:        Nodes =   2306.  Time =     0.01 sec
There are 0 XORs
Balance-X:        Nodes =   2557.  Time =     0.00 sec
Starting Fra_SmlSimulate......classes =     1.   Lits =      4.
Refined classes  after Pattern 0=     1.   Changes =    0.   Lits =      4.
Refined classes after pattern 1 =     1.   Changes =    0.   Lits =      4.
Refined classes  =     1.   Changes =    0.   Lits =      4.
start Fra_FraigSweep...
Fraiging (i=5):   Nodes =   2557.  Time =     1.08 sec
Rewriting:        Nodes =   2306.  Time =     0.01 sec
There are 0 XORs
Balance-X:        Nodes =   2557.  Time =     0.00 sec
Starting Fra_SmlSimulate......classes =     1.   Lits =      4.
Refined classes  after Pattern 0=     1.   Changes =    0.   Lits =      4.
Refined classes after pattern 1 =     1.   Changes =    0.   Lits =      4.
Refined classes  =     1.   Changes =    0.   Lits =      4.
start Fra_FraigSweep...
Fraiging (i=6):   Nodes =   2557.  Time =    11.90 sec
Rewriting:        Nodes =   2306.  Time =     0.01 sec
label 27
CNF stats: Vars =   1722. Clauses =    5276. Literals =    14245. Time =     0.00 sec
Running SAT solver with parameters 10000 and 1000 and 50.
reduceDB: Keeping    5013 out of   10003 clauses (50.11 %)  Time =     0.04 sec
reduceDB: Keeping    5509 out of   11002 clauses (50.07 %)  Time =     0.05 sec
reduceDB: Keeping    6008 out of   12000 clauses (50.07 %)  Time =     0.05 sec
reduceDB: Keeping    6524 out of   13001 clauses (50.18 %)  Time =     0.05 sec
reduceDB: Keeping    7022 out of   14003 clauses (50.15 %)  Time =     0.05 sec
reduceDB: Keeping    7787 out of   15000 clauses (51.91 %)  Time =     0.05 sec
reduceDB: Keeping    8307 out of   16001 clauses (51.92 %)  Time =     0.05 sec
reduceDB: Keeping    8951 out of   17000 clauses (52.65 %)  Time =     0.05 sec
reduceDB: Keeping    9656 out of   18003 clauses (53.64 %)  Time =     0.05 sec
reduceDB: Keeping   10208 out of   19000 clauses (53.73 %)  Time =     0.05 sec
reduceDB: Keeping   10795 out of   20000 clauses (53.98 %)  Time =     0.05 sec
reduceDB: Keeping   11486 out of   21000 clauses (54.70 %)  Time =     0.06 sec
reduceDB: Keeping   11934 out of   22001 clauses (54.24 %)  Time =     0.06 sec
reduceDB: Keeping   12468 out of   23000 clauses (54.21 %)  Time =     0.06 sec
reduceDB: Keeping   13047 out of   24000 clauses (54.36 %)  Time =     0.06 sec
reduceDB: Keeping   13658 out of   25000 clauses (54.63 %)  Time =     0.06 sec
reduceDB: Keeping   14119 out of   26000 clauses (54.30 %)  Time =     0.06 sec
reduceDB: Keeping   14531 out of   27002 clauses (53.81 %)  Time =     0.06 sec
reduceDB: Keeping   15132 out of   28000 clauses (54.04 %)  Time =     0.07 sec
reduceDB: Keeping   15887 out of   29000 clauses (54.78 %)  Time =     0.07 sec
reduceDB: Keeping   13476 out of   30000 clauses (44.92 %)  Time =     0.07 sec
reduceDB: Keeping   15537 out of   31000 clauses (50.12 %)  Time =     0.07 sec
reduceDB: Keeping   16047 out of   32001 clauses (50.15 %)  Time =     0.07 sec
reduceDB: Keeping   16579 out of   33001 clauses (50.24 %)  Time =     0.07 sec
reduceDB: Keeping   17190 out of   34003 clauses (50.55 %)  Time =     0.08 sec
reduceDB: Keeping   17570 out of   35000 clauses (50.20 %)  Time =     0.08 sec
reduceDB: Keeping   18240 out of   36000 clauses (50.67 %)  Time =     0.08 sec
reduceDB: Keeping   18889 out of   37001 clauses (51.05 %)  Time =     0.08 sec
reduceDB: Keeping   19523 out of   38007 clauses (51.37 %)  Time =     0.09 sec
reduceDB: Keeping   19868 out of   39001 clauses (50.94 %)  Time =     0.09 sec
reduceDB: Keeping   20517 out of   40001 clauses (51.29 %)  Time =     0.09 sec
reduceDB: Keeping   21203 out of   41000 clauses (51.71 %)  Time =     0.09 sec
reduceDB: Keeping   21732 out of   42003 clauses (51.74 %)  Time =     0.09 sec
reduceDB: Keeping   22488 out of   43002 clauses (52.30 %)  Time =     0.10 sec
reduceDB: Keeping   23024 out of   44003 clauses (52.32 %)  Time =     0.10 sec
reduceDB: Keeping   24069 out of   45001 clauses (53.49 %)  Time =     0.10 sec
reduceDB: Keeping   24829 out of   46000 clauses (53.98 %)  Time =     0.10 sec
reduceDB: Keeping   24953 out of   47001 clauses (53.09 %)  Time =     0.11 sec
reduceDB: Keeping   25402 out of   48000 clauses (52.92 %)  Time =     0.11 sec
reduceDB: Keeping   25670 out of   49004 clauses (52.38 %)  Time =     0.11 sec
reduceDB: Keeping   26224 out of   50001 clauses (52.45 %)  Time =     0.12 sec
reduceDB: Keeping   26650 out of   51001 clauses (52.25 %)  Time =     0.12 sec
reduceDB: Keeping   27256 out of   52000 clauses (52.42 %)  Time =     0.12 sec
reduceDB: Keeping   27317 out of   53000 clauses (51.54 %)  Time =     0.13 sec
reduceDB: Keeping   27989 out of   54001 clauses (51.83 %)  Time =     0.13 sec
reduceDB: Keeping   28929 out of   55000 clauses (52.60 %)  Time =     0.13 sec
reduceDB: Keeping   29239 out of   56000 clauses (52.21 %)  Time =     0.13 sec
reduceDB: Keeping   29480 out of   57001 clauses (51.72 %)  Time =     0.14 sec
reduceDB: Keeping   29817 out of   58001 clauses (51.41 %)  Time =     0.14 sec
reduceDB: Keeping   30468 out of   59000 clauses (51.64 %)  Time =     0.14 sec
reduceDB: Keeping   30388 out of   60000 clauses (50.65 %)  Time =     0.15 sec
reduceDB: Keeping   30602 out of   61003 clauses (50.16 %)  Time =     0.15 sec
reduceDB: Keeping   32046 out of   62001 clauses (51.69 %)  Time =     0.15 sec
reduceDB: Keeping   33662 out of   63002 clauses (53.43 %)  Time =     0.16 sec
reduceDB: Keeping   34923 out of   64003 clauses (54.56 %)  Time =     0.16 sec
reduceDB: Keeping   28979 out of   65000 clauses (44.58 %)  Time =     0.17 sec
reduceDB: Keeping   33193 out of   66000 clauses (50.29 %)  Time =     0.17 sec
reduceDB: Keeping   35545 out of   67001 clauses (53.05 %)  Time =     0.17 sec
reduceDB: Keeping   36415 out of   68000 clauses (53.55 %)  Time =     0.18 sec
reduceDB: Keeping   36691 out of   69001 clauses (53.17 %)  Time =     0.18 sec
reduceDB: Keeping   36553 out of   70002 clauses (52.22 %)  Time =     0.18 sec
reduceDB: Keeping   36988 out of   71000 clauses (52.10 %)  Time =     0.19 sec
reduceDB: Keeping   37782 out of   72001 clauses (52.47 %)  Time =     0.19 sec
reduceDB: Keeping   37983 out of   73000 clauses (52.03 %)  Time =     0.20 sec
reduceDB: Keeping   38913 out of   74003 clauses (52.58 %)  Time =     0.20 sec
reduceDB: Keeping   38472 out of   75000 clauses (51.30 %)  Time =     0.21 sec
reduceDB: Keeping   39198 out of   76000 clauses (51.58 %)  Time =     0.21 sec
reduceDB: Keeping   39661 out of   77000 clauses (51.51 %)  Time =     0.21 sec
reduceDB: Keeping   39478 out of   78000 clauses (50.61 %)  Time =     0.22 sec
reduceDB: Keeping   40126 out of   79001 clauses (50.79 %)  Time =     0.22 sec
reduceDB: Keeping   41218 out of   80000 clauses (51.52 %)  Time =     0.23 sec
reduceDB: Keeping   42356 out of   81000 clauses (52.29 %)  Time =     0.23 sec
reduceDB: Keeping   42428 out of   82002 clauses (51.74 %)  Time =     0.24 sec
reduceDB: Keeping   42881 out of   83002 clauses (51.66 %)  Time =     0.24 sec
reduceDB: Keeping   43223 out of   84002 clauses (51.45 %)  Time =     0.25 sec
reduceDB: Keeping   43211 out of   85000 clauses (50.84 %)  Time =     0.25 sec
reduceDB: Keeping   43890 out of   86000 clauses (51.03 %)  Time =     0.26 sec
reduceDB: Keeping   44360 out of   87001 clauses (50.99 %)  Time =     0.26 sec
reduceDB: Keeping   44344 out of   88000 clauses (50.39 %)  Time =     0.26 sec
reduceDB: Keeping   44757 out of   89001 clauses (50.29 %)  Time =     0.27 sec
reduceDB: Keeping   45420 out of   90002 clauses (50.47 %)  Time =     0.27 sec
reduceDB: Keeping   46083 out of   91004 clauses (50.64 %)  Time =     0.28 sec
reduceDB: Keeping   46745 out of   92001 clauses (50.81 %)  Time =     0.28 sec
reduceDB: Keeping   47914 out of   93000 clauses (51.52 %)  Time =     0.29 sec
reduceDB: Keeping   49914 out of   94001 clauses (53.10 %)  Time =     0.29 sec
reduceDB: Keeping   50162 out of   95000 clauses (52.80 %)  Time =     0.30 sec
reduceDB: Keeping   51159 out of   96000 clauses (53.29 %)  Time =     0.31 sec
reduceDB: Keeping   52356 out of   97000 clauses (53.98 %)  Time =     0.31 sec
reduceDB: Keeping   40157 out of   98000 clauses (40.98 %)  Time =     0.32 sec
reduceDB: Keeping   49517 out of   99000 clauses (50.02 %)  Time =     0.32 sec
reduceDB: Keeping   50370 out of  100000 clauses (50.37 %)  Time =     0.33 sec
reduceDB: Keeping   51516 out of  101001 clauses (51.01 %)  Time =     0.33 sec
reduceDB: Keeping   52242 out of  102000 clauses (51.22 %)  Time =     0.34 sec
reduceDB: Keeping   52448 out of  103000 clauses (50.92 %)  Time =     0.34 sec
reduceDB: Keeping   54365 out of  104000 clauses (52.27 %)  Time =     0.35 sec
reduceDB: Keeping   54734 out of  105002 clauses (52.13 %)  Time =     0.36 sec
reduceDB: Keeping   55436 out of  106001 clauses (52.30 %)  Time =     0.36 sec
reduceDB: Keeping   55209 out of  107000 clauses (51.60 %)  Time =     0.37 sec
reduceDB: Keeping   55460 out of  108000 clauses (51.35 %)  Time =     0.37 sec
reduceDB: Keeping   56392 out of  109000 clauses (51.74 %)  Time =     0.38 sec
reduceDB: Keeping   57304 out of  110000 clauses (52.09 %)  Time =     0.39 sec
reduceDB: Keeping   57952 out of  111001 clauses (52.21 %)  Time =     0.39 sec
reduceDB: Keeping   58605 out of  112000 clauses (52.33 %)  Time =     0.40 sec
reduceDB: Keeping   58707 out of  113001 clauses (51.95 %)  Time =     0.41 sec
reduceDB: Keeping   60222 out of  114000 clauses (52.83 %)  Time =     0.41 sec
reduceDB: Keeping   60512 out of  115001 clauses (52.62 %)  Time =     0.42 sec
reduceDB: Keeping   61080 out of  116000 clauses (52.66 %)  Time =     0.42 sec
reduceDB: Keeping   61902 out of  117000 clauses (52.91 %)  Time =     0.43 sec
reduceDB: Keeping   63951 out of  118003 clauses (54.19 %)  Time =     0.44 sec
reduceDB: Keeping   51116 out of  119001 clauses (42.95 %)  Time =     0.44 sec
reduceDB: Keeping   58104 out of  120000 clauses (48.42 %)  Time =     0.45 sec
reduceDB: Keeping   61338 out of  121000 clauses (50.69 %)  Time =     0.46 sec
starts        :             6396
conflicts     :          3677621
decisions     :          4265231
propagations  :       1247273895
Final SAT:        Nodes =   2306.  Time =   357.82 sec
Networks are equivalent.  Time =   375.53 sec
End Old Verify =   375.53 sec
