ABC command line: "&read replace_1666.aig; &cec -m -v".

label 1
label 3
Assuming the current network is a single-output miter.
label 6
Start EquivFixOutputPairs =     0.00 sec
End EquivFixOutputPairs =     0.00 sec
Start ManSatSweeping =     0.00 sec
Simulating 15 words for 15 rounds. SAT solving with 1000 conflicts.
nSimWords = 0
cst =    3756  cls =      0  lit =    3756  unused =     256  proof =     0
cst =     138  cls =    171  lit =     410  unused =    3431  proof =     0
cst =      42  cls =     69  lit =     128  unused =    3815  proof =     0
cst =       9  cls =     20  lit =      30  unused =    3962  proof =     0
cst =       0  cls =      3  lit =       3  unused =    4006  proof =     0
cst =       0  cls =      2  lit =       2  unused =    4008  proof =     0
cst =       0  cls =      1  lit =       1  unused =    4010  proof =     0
cst =       0  cls =      1  lit =       1  unused =    4010  proof =     0
cst =       0  cls =      1  lit =       1  unused =    4010  proof =     0
cst =       0  cls =      1  lit =       1  unused =    4010  proof =     0
  1 : P =      0. D =      0. F =     1. M =    1491. And =    3756. Time =     0.02 sec
Increasing conflict limit to 10000.
The result is written into file "cec_giaSweep.aig".
Switching into reduced mode.
  2 : P =      0. D =      0. F =     1. M =    1491. And =    3756. Time =     0.35 sec
Increasing conflict limit to 100000.
The result is written into file "cec_giaSweep.aig".
Switching into normal mode.
  3 : P =      0. D =      0. F =     1. M =       0. And =    3756. Time =     4.29 sec
Performed 3 SAT calls: P = 0  D = 0  F = 3
NBeg = 3756. NEnd = 3756. (Gain =   0.00 %).  RBeg = 0. REnd = 0. (Gain =   0.00 %).
Sim  =     0.01 sec (  0.00 %)
Sat  =     4.66 sec (  0.00 %)
Pat  =     0.00 sec (  0.00 %)
Time =     4.68 sec
End ManSatSweeping =     4.69 sec
Networks are UNDECIDED after the new CEC engine.  Time =     4.69 sec
Calling the old CEC engine.
Start Old Verify =     4.69 sec
Original miter:   Nodes =   3759.
label 27
Initial SAT:      Nodes =   3759.  Time =     0.02 sec
Rewriting:        Nodes =   3751.  Time =     0.03 sec
There are 0 XORs
Balance-X:        Nodes =   4031.  Time =     0.00 sec
Starting Fra_SmlSimulate......classes =    33.   Lits =     48.
Refined classes  after Pattern 0=    33.   Changes =    0.   Lits =     48.
Refined classes after pattern 1 =    33.   Changes =    0.   Lits =     48.
Refined classes  =     7.   Changes =   34.   Lits =     14.
Refined classes  =     3.   Changes =    6.   Lits =      8.
Refined classes  =     2.   Changes =    3.   Lits =      5.
Refined classes  =     1.   Changes =    1.   Lits =      4.
Refined classes  =     1.   Changes =    0.   Lits =      4.
start Fra_FraigSweep...
Fraiging (i=1):   Nodes =   4031.  Time =     0.00 sec
Rewriting:        Nodes =   3776.  Time =     0.01 sec
There are 0 XORs
Balance-X:        Nodes =   4029.  Time =     0.00 sec
Starting Fra_SmlSimulate......classes =    34.   Lits =     49.
Refined classes  after Pattern 0=    34.   Changes =    0.   Lits =     49.
Refined classes after pattern 1 =    34.   Changes =    0.   Lits =     49.
Refined classes  =     9.   Changes =   33.   Lits =     16.
Refined classes  =     5.   Changes =    6.   Lits =     10.
Refined classes  =     4.   Changes =    3.   Lits =      7.
Refined classes  =     3.   Changes =    1.   Lits =      6.
Refined classes  =     3.   Changes =    0.   Lits =      6.
start Fra_FraigSweep...
Fraiging (i=2):   Nodes =   4027.  Time =     0.00 sec
Rewriting:        Nodes =   3775.  Time =     0.01 sec
There are 0 XORs
Balance-X:        Nodes =   4027.  Time =     0.00 sec
Starting Fra_SmlSimulate......classes =    33.   Lits =     48.
Refined classes  after Pattern 0=    33.   Changes =    0.   Lits =     48.
Refined classes after pattern 1 =    33.   Changes =    0.   Lits =     48.
Refined classes  =     7.   Changes =   34.   Lits =     14.
Refined classes  =     3.   Changes =    6.   Lits =      8.
Refined classes  =     2.   Changes =    3.   Lits =      5.
Refined classes  =     1.   Changes =    1.   Lits =      4.
Refined classes  =     1.   Changes =    0.   Lits =      4.
start Fra_FraigSweep...
Fraiging (i=3):   Nodes =   4027.  Time =     0.01 sec
Rewriting:        Nodes =   3775.  Time =     0.01 sec
There are 0 XORs
Balance-X:        Nodes =   4027.  Time =     0.00 sec
Starting Fra_SmlSimulate......classes =    32.   Lits =     47.
Refined classes  after Pattern 0=    32.   Changes =    0.   Lits =     47.
Refined classes after pattern 1 =    32.   Changes =    0.   Lits =     47.
Refined classes  =     7.   Changes =   33.   Lits =     14.
Refined classes  =     3.   Changes =    6.   Lits =      8.
Refined classes  =     2.   Changes =    3.   Lits =      5.
Refined classes  =     1.   Changes =    1.   Lits =      4.
Refined classes  =     1.   Changes =    0.   Lits =      4.
start Fra_FraigSweep...
Fraiging (i=4):   Nodes =   4027.  Time =     0.12 sec
Rewriting:        Nodes =   3775.  Time =     0.01 sec
There are 0 XORs
Balance-X:        Nodes =   4027.  Time =     0.00 sec
Starting Fra_SmlSimulate......classes =    33.   Lits =     48.
Refined classes  after Pattern 0=    33.   Changes =    0.   Lits =     48.
Refined classes after pattern 1 =    33.   Changes =    0.   Lits =     48.
Refined classes  =     7.   Changes =   34.   Lits =     14.
Refined classes  =     3.   Changes =    6.   Lits =      8.
Refined classes  =     2.   Changes =    3.   Lits =      5.
Refined classes  =     1.   Changes =    1.   Lits =      4.
Refined classes  =     1.   Changes =    0.   Lits =      4.
start Fra_FraigSweep...
Fraiging (i=5):   Nodes =   4027.  Time =     1.26 sec
Rewriting:        Nodes =   3775.  Time =     0.01 sec
There are 0 XORs
Balance-X:        Nodes =   4027.  Time =     0.00 sec
Starting Fra_SmlSimulate......classes =    32.   Lits =     47.
Refined classes  after Pattern 0=    32.   Changes =    0.   Lits =     47.
Refined classes after pattern 1 =    32.   Changes =    0.   Lits =     47.
Refined classes  =     7.   Changes =   33.   Lits =     14.
Refined classes  =     3.   Changes =    6.   Lits =      8.
Refined classes  =     2.   Changes =    3.   Lits =      5.
Refined classes  =     1.   Changes =    1.   Lits =      4.
Refined classes  =     1.   Changes =    0.   Lits =      4.
start Fra_FraigSweep...
Fraiging (i=6):   Nodes =   4027.  Time =    13.91 sec
Rewriting:        Nodes =   3775.  Time =     0.01 sec
label 27
CNF stats: Vars =   2418. Clauses =    8205. Literals =    22233. Time =     0.00 sec
Running SAT solver with parameters 10000 and 1000 and 50.
reduceDB: Keeping    5031 out of   10000 clauses (50.31 %)  Time =     0.04 sec
reduceDB: Keeping    5517 out of   11001 clauses (50.15 %)  Time =     0.04 sec
reduceDB: Keeping    6016 out of   12000 clauses (50.13 %)  Time =     0.04 sec
reduceDB: Keeping    6532 out of   13000 clauses (50.25 %)  Time =     0.04 sec
reduceDB: Keeping    7040 out of   14000 clauses (50.29 %)  Time =     0.05 sec
reduceDB: Keeping    7515 out of   15001 clauses (50.10 %)  Time =     0.05 sec
reduceDB: Keeping    8035 out of   16001 clauses (50.22 %)  Time =     0.05 sec
reduceDB: Keeping    8512 out of   17001 clauses (50.07 %)  Time =     0.05 sec
reduceDB: Keeping    9018 out of   18001 clauses (50.10 %)  Time =     0.05 sec
reduceDB: Keeping    9526 out of   19000 clauses (50.14 %)  Time =     0.05 sec
reduceDB: Keeping   10243 out of   20002 clauses (51.21 %)  Time =     0.05 sec
reduceDB: Keeping   10791 out of   21000 clauses (51.39 %)  Time =     0.05 sec
reduceDB: Keeping   11166 out of   22001 clauses (50.75 %)  Time =     0.05 sec
reduceDB: Keeping   11708 out of   23002 clauses (50.90 %)  Time =     0.06 sec
reduceDB: Keeping   12140 out of   24001 clauses (50.58 %)  Time =     0.06 sec
reduceDB: Keeping   12590 out of   25000 clauses (50.36 %)  Time =     0.06 sec
reduceDB: Keeping   13119 out of   26001 clauses (50.46 %)  Time =     0.06 sec
reduceDB: Keeping   13540 out of   27000 clauses (50.15 %)  Time =     0.06 sec
reduceDB: Keeping   14300 out of   28003 clauses (51.07 %)  Time =     0.06 sec
reduceDB: Keeping   14758 out of   29000 clauses (50.89 %)  Time =     0.06 sec
reduceDB: Keeping   15765 out of   30000 clauses (52.55 %)  Time =     0.07 sec
reduceDB: Keeping   16052 out of   31001 clauses (51.78 %)  Time =     0.07 sec
reduceDB: Keeping   16516 out of   32000 clauses (51.61 %)  Time =     0.07 sec
reduceDB: Keeping   16620 out of   33000 clauses (50.36 %)  Time =     0.07 sec
reduceDB: Keeping   17171 out of   34003 clauses (50.50 %)  Time =     0.07 sec
reduceDB: Keeping   17948 out of   35000 clauses (51.28 %)  Time =     0.08 sec
reduceDB: Keeping   18440 out of   36003 clauses (51.22 %)  Time =     0.08 sec
reduceDB: Keeping   18984 out of   37000 clauses (51.31 %)  Time =     0.08 sec
reduceDB: Keeping   19127 out of   38001 clauses (50.33 %)  Time =     0.08 sec
reduceDB: Keeping   19947 out of   39000 clauses (51.15 %)  Time =     0.08 sec
reduceDB: Keeping   20384 out of   40000 clauses (50.96 %)  Time =     0.09 sec
reduceDB: Keeping   20569 out of   41001 clauses (50.17 %)  Time =     0.09 sec
reduceDB: Keeping   21044 out of   42000 clauses (50.10 %)  Time =     0.09 sec
reduceDB: Keeping   21496 out of   43001 clauses (49.99 %)  Time =     0.09 sec
reduceDB: Keeping   22137 out of   44000 clauses (50.31 %)  Time =     0.09 sec
reduceDB: Keeping   22799 out of   45000 clauses (50.66 %)  Time =     0.10 sec
reduceDB: Keeping   23283 out of   46000 clauses (50.62 %)  Time =     0.10 sec
reduceDB: Keeping   23656 out of   47001 clauses (50.33 %)  Time =     0.10 sec
reduceDB: Keeping   24074 out of   48001 clauses (50.15 %)  Time =     0.11 sec
reduceDB: Keeping   24565 out of   49001 clauses (50.13 %)  Time =     0.11 sec
reduceDB: Keeping   24973 out of   50000 clauses (49.95 %)  Time =     0.11 sec
reduceDB: Keeping   25567 out of   51002 clauses (50.13 %)  Time =     0.11 sec
reduceDB: Keeping   26076 out of   52002 clauses (50.14 %)  Time =     0.12 sec
reduceDB: Keeping   26558 out of   53000 clauses (50.11 %)  Time =     0.12 sec
reduceDB: Keeping   27059 out of   54001 clauses (50.11 %)  Time =     0.12 sec
reduceDB: Keeping   27494 out of   55000 clauses (49.99 %)  Time =     0.12 sec
reduceDB: Keeping   27957 out of   56001 clauses (49.92 %)  Time =     0.13 sec
reduceDB: Keeping   28590 out of   57001 clauses (50.16 %)  Time =     0.13 sec
reduceDB: Keeping   29075 out of   58001 clauses (50.13 %)  Time =     0.13 sec
reduceDB: Keeping   29554 out of   59001 clauses (50.09 %)  Time =     0.14 sec
reduceDB: Keeping   30111 out of   60004 clauses (50.18 %)  Time =     0.14 sec
reduceDB: Keeping   30558 out of   61000 clauses (50.10 %)  Time =     0.14 sec
reduceDB: Keeping   31082 out of   62001 clauses (50.13 %)  Time =     0.15 sec
reduceDB: Keeping   31564 out of   63001 clauses (50.10 %)  Time =     0.15 sec
reduceDB: Keeping   32061 out of   64000 clauses (50.10 %)  Time =     0.15 sec
reduceDB: Keeping   32488 out of   65000 clauses (49.98 %)  Time =     0.16 sec
reduceDB: Keeping   33459 out of   66001 clauses (50.69 %)  Time =     0.16 sec
reduceDB: Keeping   33623 out of   67000 clauses (50.18 %)  Time =     0.16 sec
reduceDB: Keeping   34112 out of   68000 clauses (50.16 %)  Time =     0.17 sec
reduceDB: Keeping   34511 out of   69000 clauses (50.02 %)  Time =     0.17 sec
reduceDB: Keeping   35102 out of   70000 clauses (50.15 %)  Time =     0.17 sec
reduceDB: Keeping   35531 out of   71002 clauses (50.04 %)  Time =     0.18 sec
reduceDB: Keeping   36068 out of   72002 clauses (50.09 %)  Time =     0.18 sec
reduceDB: Keeping   36495 out of   73001 clauses (49.99 %)  Time =     0.18 sec
reduceDB: Keeping   37154 out of   74000 clauses (50.21 %)  Time =     0.19 sec
reduceDB: Keeping   37623 out of   75000 clauses (50.16 %)  Time =     0.19 sec
reduceDB: Keeping   37946 out of   76000 clauses (49.93 %)  Time =     0.20 sec
reduceDB: Keeping   37784 out of   77002 clauses (49.07 %)  Time =     0.20 sec
reduceDB: Keeping   37496 out of   78001 clauses (48.07 %)  Time =     0.20 sec
reduceDB: Keeping   38576 out of   79000 clauses (48.83 %)  Time =     0.21 sec
reduceDB: Keeping   39756 out of   80000 clauses (49.70 %)  Time =     0.21 sec
reduceDB: Keeping   40482 out of   81001 clauses (49.98 %)  Time =     0.22 sec
reduceDB: Keeping   40369 out of   82001 clauses (49.23 %)  Time =     0.22 sec
reduceDB: Keeping   41460 out of   83002 clauses (49.95 %)  Time =     0.22 sec
reduceDB: Keeping   41952 out of   84002 clauses (49.94 %)  Time =     0.23 sec
reduceDB: Keeping   42489 out of   85001 clauses (49.99 %)  Time =     0.23 sec
reduceDB: Keeping   43126 out of   86000 clauses (50.15 %)  Time =     0.24 sec
reduceDB: Keeping   43637 out of   87001 clauses (50.16 %)  Time =     0.24 sec
reduceDB: Keeping   43602 out of   88002 clauses (49.55 %)  Time =     0.25 sec
reduceDB: Keeping   44633 out of   89004 clauses (50.15 %)  Time =     0.25 sec
reduceDB: Keeping   43521 out of   90000 clauses (48.36 %)  Time =     0.26 sec
reduceDB: Keeping   45579 out of   91000 clauses (50.09 %)  Time =     0.26 sec
reduceDB: Keeping   46995 out of   92001 clauses (51.08 %)  Time =     0.26 sec
reduceDB: Keeping   47965 out of   93000 clauses (51.58 %)  Time =     0.27 sec
reduceDB: Keeping   48632 out of   94002 clauses (51.74 %)  Time =     0.27 sec
reduceDB: Keeping   49111 out of   95000 clauses (51.70 %)  Time =     0.28 sec
reduceDB: Keeping   48792 out of   96000 clauses (50.83 %)  Time =     0.28 sec
reduceDB: Keeping   49746 out of   97000 clauses (51.28 %)  Time =     0.29 sec
reduceDB: Keeping   50532 out of   98001 clauses (51.56 %)  Time =     0.29 sec
reduceDB: Keeping   50438 out of   99000 clauses (50.95 %)  Time =     0.30 sec
reduceDB: Keeping   50837 out of  100000 clauses (50.84 %)  Time =     0.30 sec
reduceDB: Keeping   51583 out of  101002 clauses (51.07 %)  Time =     0.31 sec
reduceDB: Keeping   51370 out of  102001 clauses (50.36 %)  Time =     0.31 sec
reduceDB: Keeping   52135 out of  103001 clauses (50.62 %)  Time =     0.32 sec
reduceDB: Keeping   52685 out of  104001 clauses (50.66 %)  Time =     0.32 sec
reduceDB: Keeping   52926 out of  105003 clauses (50.40 %)  Time =     0.33 sec
reduceDB: Keeping   53227 out of  106002 clauses (50.21 %)  Time =     0.34 sec
reduceDB: Keeping   53519 out of  107002 clauses (50.02 %)  Time =     0.34 sec
reduceDB: Keeping   54835 out of  108000 clauses (50.77 %)  Time =     0.35 sec
reduceDB: Keeping   55405 out of  109000 clauses (50.83 %)  Time =     0.35 sec
reduceDB: Keeping   56800 out of  110000 clauses (51.64 %)  Time =     0.36 sec
reduceDB: Keeping   56186 out of  111000 clauses (50.62 %)  Time =     0.36 sec
reduceDB: Keeping   56806 out of  112001 clauses (50.72 %)  Time =     0.37 sec
reduceDB: Keeping   57830 out of  113002 clauses (51.18 %)  Time =     0.37 sec
reduceDB: Keeping   57612 out of  114000 clauses (50.54 %)  Time =     0.38 sec
reduceDB: Keeping   58077 out of  115001 clauses (50.50 %)  Time =     0.39 sec
reduceDB: Keeping   58753 out of  116002 clauses (50.65 %)  Time =     0.39 sec
reduceDB: Keeping   60376 out of  117001 clauses (51.60 %)  Time =     0.40 sec
reduceDB: Keeping   61813 out of  118000 clauses (52.38 %)  Time =     0.40 sec
reduceDB: Keeping   63024 out of  119001 clauses (52.96 %)  Time =     0.41 sec
reduceDB: Keeping   63321 out of  120001 clauses (52.77 %)  Time =     0.42 sec
reduceDB: Keeping   63232 out of  121000 clauses (52.26 %)  Time =     0.42 sec
reduceDB: Keeping   63654 out of  122000 clauses (52.18 %)  Time =     0.43 sec
reduceDB: Keeping   64120 out of  123001 clauses (52.13 %)  Time =     0.43 sec
reduceDB: Keeping   64390 out of  124000 clauses (51.93 %)  Time =     0.44 sec
reduceDB: Keeping   65297 out of  125000 clauses (52.24 %)  Time =     0.45 sec
reduceDB: Keeping   65667 out of  126001 clauses (52.12 %)  Time =     0.45 sec
reduceDB: Keeping   67942 out of  127000 clauses (53.50 %)  Time =     0.46 sec
reduceDB: Keeping   49941 out of  128003 clauses (39.02 %)  Time =     0.47 sec
reduceDB: Keeping   62986 out of  129001 clauses (48.83 %)  Time =     0.47 sec
reduceDB: Keeping   62197 out of  130003 clauses (47.84 %)  Time =     0.48 sec
starts        :             7675
conflicts     :          4295477
decisions     :          4952741
propagations  :       1991327957
Final SAT:        Nodes =   3775.  Time =   436.92 sec
Networks are equivalent.  Time =   457.04 sec
End Old Verify =   457.04 sec
