ABC command line: "&read replace_1507.aig; &cec -m -v".

label 1
label 3
Assuming the current network is a single-output miter.
label 6
Start EquivFixOutputPairs =     0.00 sec
End EquivFixOutputPairs =     0.00 sec
Start ManSatSweeping =     0.00 sec
Simulating 15 words for 15 rounds. SAT solving with 1000 conflicts.
nSimWords = 0
cst =    2417  cls =      0  lit =    2417  unused =     256  proof =     0
cst =       6  cls =     23  lit =      31  unused =    2619  proof =     0
cst =       2  cls =      5  lit =       7  unused =    2661  proof =     0
cst =       0  cls =      1  lit =       1  unused =    2671  proof =     0
cst =       0  cls =      1  lit =       1  unused =    2671  proof =     0
cst =       0  cls =      1  lit =       1  unused =    2671  proof =     0
cst =       0  cls =      1  lit =       1  unused =    2671  proof =     0
cst =       0  cls =      1  lit =       1  unused =    2671  proof =     0
cst =       0  cls =      1  lit =       1  unused =    2671  proof =     0
cst =       0  cls =      1  lit =       1  unused =    2671  proof =     0
  1 : P =      0. D =      0. F =     1. M =     830. And =    2417. Time =     0.02 sec
Increasing conflict limit to 10000.
The result is written into file "cec_giaSweep.aig".
Switching into reduced mode.
  2 : P =      0. D =      0. F =     1. M =     830. And =    2417. Time =     0.30 sec
Increasing conflict limit to 100000.
The result is written into file "cec_giaSweep.aig".
Switching into normal mode.
  3 : P =      0. D =      0. F =     1. M =       0. And =    2417. Time =     4.17 sec
Performed 3 SAT calls: P = 0  D = 0  F = 3
NBeg = 2417. NEnd = 2417. (Gain =   0.00 %).  RBeg = 0. REnd = 0. (Gain =   0.00 %).
Sim  =     0.00 sec (  0.00 %)
Sat  =     4.49 sec (  0.00 %)
Pat  =     0.00 sec (  0.00 %)
Time =     4.50 sec
End ManSatSweeping =     4.50 sec
Networks are UNDECIDED after the new CEC engine.  Time =     4.50 sec
Calling the old CEC engine.
Start Old Verify =     4.50 sec
Original miter:   Nodes =   2420.
label 27
Initial SAT:      Nodes =   2420.  Time =     0.02 sec
Rewriting:        Nodes =   2420.  Time =     0.02 sec
There are 0 XORs
Balance-X:        Nodes =   2693.  Time =     0.00 sec
Starting Fra_SmlSimulate......classes =     1.   Lits =      4.
Refined classes  after Pattern 0=     1.   Changes =    0.   Lits =      4.
Refined classes after pattern 1 =     1.   Changes =    0.   Lits =      4.
Refined classes  =     1.   Changes =    0.   Lits =      4.
start Fra_FraigSweep...
Fraiging (i=1):   Nodes =   2693.  Time =     0.00 sec
Rewriting:        Nodes =   2441.  Time =     0.01 sec
There are 0 XORs
Balance-X:        Nodes =   2690.  Time =     0.00 sec
Starting Fra_SmlSimulate......classes =     1.   Lits =      4.
Refined classes  after Pattern 0=     1.   Changes =    0.   Lits =      4.
Refined classes after pattern 1 =     1.   Changes =    0.   Lits =      4.
Refined classes  =     1.   Changes =    0.   Lits =      4.
start Fra_FraigSweep...
Fraiging (i=2):   Nodes =   2690.  Time =     0.00 sec
Rewriting:        Nodes =   2437.  Time =     0.01 sec
There are 0 XORs
Balance-X:        Nodes =   2689.  Time =     0.00 sec
Starting Fra_SmlSimulate......classes =     1.   Lits =      4.
Refined classes  after Pattern 0=     1.   Changes =    0.   Lits =      4.
Refined classes after pattern 1 =     1.   Changes =    0.   Lits =      4.
Refined classes  =     1.   Changes =    0.   Lits =      4.
start Fra_FraigSweep...
Fraiging (i=3):   Nodes =   2689.  Time =     0.01 sec
Rewriting:        Nodes =   2440.  Time =     0.01 sec
There are 0 XORs
Balance-X:        Nodes =   2689.  Time =     0.00 sec
Starting Fra_SmlSimulate......classes =     1.   Lits =      4.
Refined classes  after Pattern 0=     1.   Changes =    0.   Lits =      4.
Refined classes after pattern 1 =     1.   Changes =    0.   Lits =      4.
Refined classes  =     1.   Changes =    0.   Lits =      4.
start Fra_FraigSweep...
Fraiging (i=4):   Nodes =   2689.  Time =     0.09 sec
Rewriting:        Nodes =   2439.  Time =     0.01 sec
There are 0 XORs
Balance-X:        Nodes =   2688.  Time =     0.00 sec
Starting Fra_SmlSimulate......classes =     1.   Lits =      4.
Refined classes  after Pattern 0=     1.   Changes =    0.   Lits =      4.
Refined classes after pattern 1 =     1.   Changes =    0.   Lits =      4.
Refined classes  =     1.   Changes =    0.   Lits =      4.
start Fra_FraigSweep...
Fraiging (i=5):   Nodes =   2688.  Time =     1.03 sec
Rewriting:        Nodes =   2440.  Time =     0.01 sec
There are 0 XORs
Balance-X:        Nodes =   2688.  Time =     0.00 sec
Starting Fra_SmlSimulate......classes =     1.   Lits =      4.
Refined classes  after Pattern 0=     1.   Changes =    0.   Lits =      4.
Refined classes after pattern 1 =     1.   Changes =    0.   Lits =      4.
Refined classes  =     1.   Changes =    0.   Lits =      4.
start Fra_FraigSweep...
Fraiging (i=6):   Nodes =   2688.  Time =    12.09 sec
Rewriting:        Nodes =   2440.  Time =     0.01 sec
label 27
CNF stats: Vars =   1769. Clauses =    5512. Literals =    14939. Time =     0.00 sec
Running SAT solver with parameters 10000 and 1000 and 50.
reduceDB: Keeping    5022 out of   10000 clauses (50.22 %)  Time =     0.04 sec
reduceDB: Keeping    5511 out of   11001 clauses (50.10 %)  Time =     0.05 sec
reduceDB: Keeping    6013 out of   12002 clauses (50.10 %)  Time =     0.05 sec
reduceDB: Keeping    6543 out of   13002 clauses (50.32 %)  Time =     0.05 sec
reduceDB: Keeping    7022 out of   14000 clauses (50.16 %)  Time =     0.05 sec
reduceDB: Keeping    7511 out of   15000 clauses (50.07 %)  Time =     0.05 sec
reduceDB: Keeping    8026 out of   16000 clauses (50.16 %)  Time =     0.05 sec
reduceDB: Keeping    8508 out of   17001 clauses (50.04 %)  Time =     0.05 sec
reduceDB: Keeping    9126 out of   18002 clauses (50.69 %)  Time =     0.05 sec
reduceDB: Keeping    9750 out of   19000 clauses (51.32 %)  Time =     0.05 sec
reduceDB: Keeping   10422 out of   20003 clauses (52.10 %)  Time =     0.05 sec
reduceDB: Keeping   11425 out of   21000 clauses (54.40 %)  Time =     0.06 sec
reduceDB: Keeping   12045 out of   22000 clauses (54.75 %)  Time =     0.06 sec
reduceDB: Keeping   10932 out of   23000 clauses (47.53 %)  Time =     0.06 sec
reduceDB: Keeping   12127 out of   24000 clauses (50.53 %)  Time =     0.06 sec
reduceDB: Keeping   12831 out of   25000 clauses (51.32 %)  Time =     0.06 sec
reduceDB: Keeping   13392 out of   26001 clauses (51.51 %)  Time =     0.06 sec
reduceDB: Keeping   13884 out of   27000 clauses (51.42 %)  Time =     0.06 sec
reduceDB: Keeping   14542 out of   28001 clauses (51.93 %)  Time =     0.07 sec
reduceDB: Keeping   15126 out of   29001 clauses (52.16 %)  Time =     0.07 sec
reduceDB: Keeping   15987 out of   30000 clauses (53.29 %)  Time =     0.07 sec
reduceDB: Keeping   16400 out of   31000 clauses (52.90 %)  Time =     0.07 sec
reduceDB: Keeping   17086 out of   32001 clauses (53.39 %)  Time =     0.07 sec
reduceDB: Keeping   17613 out of   33000 clauses (53.37 %)  Time =     0.08 sec
reduceDB: Keeping   17950 out of   34001 clauses (52.79 %)  Time =     0.08 sec
reduceDB: Keeping   18334 out of   35000 clauses (52.38 %)  Time =     0.08 sec
reduceDB: Keeping   18963 out of   36000 clauses (52.67 %)  Time =     0.08 sec
reduceDB: Keeping   19407 out of   37000 clauses (52.45 %)  Time =     0.08 sec
reduceDB: Keeping   19636 out of   38001 clauses (51.67 %)  Time =     0.09 sec
reduceDB: Keeping   19800 out of   39000 clauses (50.77 %)  Time =     0.09 sec
reduceDB: Keeping   20282 out of   40000 clauses (50.70 %)  Time =     0.09 sec
reduceDB: Keeping   20638 out of   41000 clauses (50.34 %)  Time =     0.09 sec
reduceDB: Keeping   21704 out of   42002 clauses (51.67 %)  Time =     0.10 sec
reduceDB: Keeping   22205 out of   43000 clauses (51.64 %)  Time =     0.10 sec
reduceDB: Keeping   23045 out of   44001 clauses (52.37 %)  Time =     0.10 sec
reduceDB: Keeping   23681 out of   45000 clauses (52.62 %)  Time =     0.10 sec
reduceDB: Keeping   24302 out of   46002 clauses (52.83 %)  Time =     0.11 sec
reduceDB: Keeping   24499 out of   47000 clauses (52.13 %)  Time =     0.11 sec
reduceDB: Keeping   24914 out of   48000 clauses (51.90 %)  Time =     0.11 sec
reduceDB: Keeping   25001 out of   49001 clauses (51.02 %)  Time =     0.11 sec
reduceDB: Keeping   25744 out of   50000 clauses (51.49 %)  Time =     0.12 sec
reduceDB: Keeping   26181 out of   51000 clauses (51.34 %)  Time =     0.12 sec
reduceDB: Keeping   26767 out of   52000 clauses (51.48 %)  Time =     0.12 sec
reduceDB: Keeping   27128 out of   53001 clauses (51.18 %)  Time =     0.13 sec
reduceDB: Keeping   27833 out of   54000 clauses (51.54 %)  Time =     0.13 sec
reduceDB: Keeping   28210 out of   55002 clauses (51.29 %)  Time =     0.13 sec
reduceDB: Keeping   28376 out of   56001 clauses (50.67 %)  Time =     0.14 sec
reduceDB: Keeping   29345 out of   57000 clauses (51.48 %)  Time =     0.14 sec
reduceDB: Keeping   29670 out of   58001 clauses (51.15 %)  Time =     0.14 sec
reduceDB: Keeping   29578 out of   59000 clauses (50.13 %)  Time =     0.15 sec
reduceDB: Keeping   30254 out of   60001 clauses (50.42 %)  Time =     0.15 sec
reduceDB: Keeping   30843 out of   61000 clauses (50.56 %)  Time =     0.15 sec
reduceDB: Keeping   32022 out of   62001 clauses (51.65 %)  Time =     0.16 sec
reduceDB: Keeping   32575 out of   63000 clauses (51.71 %)  Time =     0.16 sec
reduceDB: Keeping   33575 out of   64002 clauses (52.46 %)  Time =     0.16 sec
reduceDB: Keeping   34281 out of   65001 clauses (52.74 %)  Time =     0.17 sec
reduceDB: Keeping   34828 out of   66000 clauses (52.77 %)  Time =     0.17 sec
reduceDB: Keeping   36006 out of   67000 clauses (53.74 %)  Time =     0.17 sec
reduceDB: Keeping   35894 out of   68002 clauses (52.78 %)  Time =     0.18 sec
reduceDB: Keeping   36156 out of   69000 clauses (52.40 %)  Time =     0.18 sec
reduceDB: Keeping   36608 out of   70000 clauses (52.30 %)  Time =     0.19 sec
reduceDB: Keeping   36864 out of   71001 clauses (51.92 %)  Time =     0.19 sec
reduceDB: Keeping   36743 out of   72000 clauses (51.03 %)  Time =     0.19 sec
reduceDB: Keeping   37239 out of   73002 clauses (51.01 %)  Time =     0.20 sec
reduceDB: Keeping   38510 out of   74000 clauses (52.04 %)  Time =     0.20 sec
reduceDB: Keeping   38715 out of   75000 clauses (51.62 %)  Time =     0.21 sec
reduceDB: Keeping   39231 out of   76000 clauses (51.62 %)  Time =     0.21 sec
reduceDB: Keeping   39940 out of   77002 clauses (51.87 %)  Time =     0.22 sec
reduceDB: Keeping   39898 out of   78000 clauses (51.15 %)  Time =     0.22 sec
reduceDB: Keeping   40009 out of   79000 clauses (50.64 %)  Time =     0.22 sec
reduceDB: Keeping   41051 out of   80003 clauses (51.31 %)  Time =     0.23 sec
reduceDB: Keeping   41823 out of   81000 clauses (51.63 %)  Time =     0.23 sec
reduceDB: Keeping   42163 out of   82000 clauses (51.42 %)  Time =     0.24 sec
reduceDB: Keeping   42462 out of   83004 clauses (51.16 %)  Time =     0.24 sec
reduceDB: Keeping   43166 out of   84002 clauses (51.39 %)  Time =     0.25 sec
reduceDB: Keeping   43481 out of   85000 clauses (51.15 %)  Time =     0.25 sec
reduceDB: Keeping   43672 out of   86001 clauses (50.78 %)  Time =     0.26 sec
reduceDB: Keeping   44791 out of   87000 clauses (51.48 %)  Time =     0.26 sec
reduceDB: Keeping   45087 out of   88000 clauses (51.24 %)  Time =     0.27 sec
reduceDB: Keeping   45346 out of   89002 clauses (50.95 %)  Time =     0.27 sec
reduceDB: Keeping   45568 out of   90000 clauses (50.63 %)  Time =     0.28 sec
reduceDB: Keeping   45960 out of   91000 clauses (50.51 %)  Time =     0.28 sec
reduceDB: Keeping   46614 out of   92000 clauses (50.67 %)  Time =     0.29 sec
reduceDB: Keeping   47634 out of   93000 clauses (51.22 %)  Time =     0.29 sec
reduceDB: Keeping   49094 out of   94001 clauses (52.23 %)  Time =     0.30 sec
reduceDB: Keeping   50351 out of   95000 clauses (53.00 %)  Time =     0.30 sec
reduceDB: Keeping   52289 out of   96000 clauses (54.47 %)  Time =     0.31 sec
reduceDB: Keeping   39781 out of   97002 clauses (41.01 %)  Time =     0.31 sec
reduceDB: Keeping   47440 out of   98001 clauses (48.41 %)  Time =     0.32 sec
reduceDB: Keeping   50551 out of   99001 clauses (51.06 %)  Time =     0.32 sec
reduceDB: Keeping   51293 out of  100001 clauses (51.29 %)  Time =     0.33 sec
reduceDB: Keeping   52098 out of  101001 clauses (51.58 %)  Time =     0.33 sec
reduceDB: Keeping   51674 out of  102000 clauses (50.66 %)  Time =     0.34 sec
reduceDB: Keeping   52464 out of  103000 clauses (50.94 %)  Time =     0.35 sec
reduceDB: Keeping   52829 out of  104001 clauses (50.80 %)  Time =     0.35 sec
reduceDB: Keeping   53699 out of  105001 clauses (51.14 %)  Time =     0.36 sec
reduceDB: Keeping   53239 out of  106000 clauses (50.23 %)  Time =     0.36 sec
reduceDB: Keeping   53150 out of  107000 clauses (49.67 %)  Time =     0.37 sec
reduceDB: Keeping   53995 out of  108002 clauses (49.99 %)  Time =     0.37 sec
reduceDB: Keeping   55782 out of  109001 clauses (51.18 %)  Time =     0.38 sec
reduceDB: Keeping   55806 out of  110003 clauses (50.73 %)  Time =     0.39 sec
reduceDB: Keeping   55961 out of  111000 clauses (50.42 %)  Time =     0.39 sec
reduceDB: Keeping   56297 out of  112000 clauses (50.27 %)  Time =     0.40 sec
reduceDB: Keeping   56663 out of  113000 clauses (50.14 %)  Time =     0.40 sec
reduceDB: Keeping   57336 out of  114000 clauses (50.29 %)  Time =     0.41 sec
reduceDB: Keeping   57506 out of  115005 clauses (50.00 %)  Time =     0.42 sec
reduceDB: Keeping   58638 out of  116000 clauses (50.55 %)  Time =     0.42 sec
reduceDB: Keeping   59491 out of  117001 clauses (50.85 %)  Time =     0.43 sec
reduceDB: Keeping   60144 out of  118001 clauses (50.97 %)  Time =     0.44 sec
reduceDB: Keeping   60836 out of  119002 clauses (51.12 %)  Time =     0.44 sec
reduceDB: Keeping   63466 out of  120000 clauses (52.89 %)  Time =     0.45 sec
reduceDB: Keeping   64285 out of  121004 clauses (53.13 %)  Time =     0.46 sec
reduceDB: Keeping   64526 out of  122003 clauses (52.89 %)  Time =     0.46 sec
reduceDB: Keeping   65491 out of  123002 clauses (53.24 %)  Time =     0.47 sec
reduceDB: Keeping   67520 out of  124000 clauses (54.45 %)  Time =     0.48 sec
reduceDB: Keeping   67696 out of  125000 clauses (54.16 %)  Time =     0.48 sec
reduceDB: Keeping   68768 out of  126000 clauses (54.58 %)  Time =     0.49 sec
reduceDB: Keeping   69431 out of  127000 clauses (54.67 %)  Time =     0.50 sec
reduceDB: Keeping   53593 out of  128001 clauses (41.87 %)  Time =     0.50 sec
starts        :             7165
conflicts     :          4091213
decisions     :          4724216
propagations  :       1398291598
Final SAT:        Nodes =   2440.  Time =   419.60 sec
Networks are equivalent.  Time =   437.42 sec
End Old Verify =   437.42 sec
