ABC command line: "&read replace_1350.aig; &cec -m -v".

label 1
label 3
Assuming the current network is a single-output miter.
label 6
Start EquivFixOutputPairs =     0.00 sec
End EquivFixOutputPairs =     0.00 sec
Start ManSatSweeping =     0.00 sec
Simulating 15 words for 15 rounds. SAT solving with 1000 conflicts.
nSimWords = 0
cst =    2014  cls =      0  lit =    2014  unused =     256  proof =     0
cst =       3  cls =      6  lit =       9  unused =    2255  proof =     0
cst =       1  cls =      2  lit =       3  unused =    2265  proof =     0
cst =       0  cls =      1  lit =       1  unused =    2268  proof =     0
cst =       0  cls =      1  lit =       1  unused =    2268  proof =     0
cst =       0  cls =      1  lit =       1  unused =    2268  proof =     0
cst =       0  cls =      1  lit =       1  unused =    2268  proof =     0
cst =       0  cls =      1  lit =       1  unused =    2268  proof =     0
cst =       0  cls =      1  lit =       1  unused =    2268  proof =     0
cst =       0  cls =      1  lit =       1  unused =    2268  proof =     0
  1 : P =      0. D =      0. F =     1. M =     661. And =    2014. Time =     0.02 sec
Increasing conflict limit to 10000.
The result is written into file "cec_giaSweep.aig".
Switching into reduced mode.
  2 : P =      0. D =      0. F =     1. M =     661. And =    2014. Time =     0.30 sec
Increasing conflict limit to 100000.
The result is written into file "cec_giaSweep.aig".
Switching into normal mode.
  3 : P =      0. D =      0. F =     1. M =       0. And =    2014. Time =     3.80 sec
Performed 3 SAT calls: P = 0  D = 0  F = 3
NBeg = 2014. NEnd = 2014. (Gain =   0.00 %).  RBeg = 0. REnd = 0. (Gain =   0.00 %).
Sim  =     0.00 sec (  0.00 %)
Sat  =     4.12 sec (  0.00 %)
Pat  =     0.00 sec (  0.00 %)
Time =     4.13 sec
End ManSatSweeping =     4.13 sec
Networks are UNDECIDED after the new CEC engine.  Time =     4.13 sec
Calling the old CEC engine.
Start Old Verify =     4.13 sec
Original miter:   Nodes =   2017.
label 27
Initial SAT:      Nodes =   2017.  Time =     0.01 sec
Rewriting:        Nodes =   2017.  Time =     0.02 sec
There are 0 XORs
Balance-X:        Nodes =   2282.  Time =     0.00 sec
Starting Fra_SmlSimulate......classes =     1.   Lits =      4.
Refined classes  after Pattern 0=     1.   Changes =    0.   Lits =      4.
Refined classes after pattern 1 =     1.   Changes =    0.   Lits =      4.
Refined classes  =     1.   Changes =    0.   Lits =      4.
start Fra_FraigSweep...
Fraiging (i=1):   Nodes =   2282.  Time =     0.00 sec
Rewriting:        Nodes =   2035.  Time =     0.01 sec
There are 0 XORs
Balance-X:        Nodes =   2280.  Time =     0.00 sec
Starting Fra_SmlSimulate......classes =     1.   Lits =      4.
Refined classes  after Pattern 0=     1.   Changes =    0.   Lits =      4.
Refined classes after pattern 1 =     1.   Changes =    0.   Lits =      4.
Refined classes  =     1.   Changes =    0.   Lits =      4.
start Fra_FraigSweep...
Fraiging (i=2):   Nodes =   2280.  Time =     0.00 sec
Rewriting:        Nodes =   2037.  Time =     0.01 sec
There are 0 XORs
Balance-X:        Nodes =   2280.  Time =     0.00 sec
Starting Fra_SmlSimulate......classes =     1.   Lits =      4.
Refined classes  after Pattern 0=     1.   Changes =    0.   Lits =      4.
Refined classes after pattern 1 =     1.   Changes =    0.   Lits =      4.
Refined classes  =     1.   Changes =    0.   Lits =      4.
start Fra_FraigSweep...
Fraiging (i=3):   Nodes =   2280.  Time =     0.01 sec
Rewriting:        Nodes =   2037.  Time =     0.01 sec
There are 0 XORs
Balance-X:        Nodes =   2280.  Time =     0.00 sec
Starting Fra_SmlSimulate......classes =     1.   Lits =      4.
Refined classes  after Pattern 0=     1.   Changes =    0.   Lits =      4.
Refined classes after pattern 1 =     1.   Changes =    0.   Lits =      4.
Refined classes  =     1.   Changes =    0.   Lits =      4.
start Fra_FraigSweep...
Fraiging (i=4):   Nodes =   2280.  Time =     0.08 sec
Rewriting:        Nodes =   2037.  Time =     0.01 sec
There are 0 XORs
Balance-X:        Nodes =   2280.  Time =     0.00 sec
Starting Fra_SmlSimulate......classes =     1.   Lits =      4.
Refined classes  after Pattern 0=     1.   Changes =    0.   Lits =      4.
Refined classes after pattern 1 =     1.   Changes =    0.   Lits =      4.
Refined classes  =     1.   Changes =    0.   Lits =      4.
start Fra_FraigSweep...
Fraiging (i=5):   Nodes =   2280.  Time =     0.90 sec
Rewriting:        Nodes =   2037.  Time =     0.01 sec
There are 0 XORs
Balance-X:        Nodes =   2280.  Time =     0.00 sec
Starting Fra_SmlSimulate......classes =     1.   Lits =      4.
Refined classes  after Pattern 0=     1.   Changes =    0.   Lits =      4.
Refined classes after pattern 1 =     1.   Changes =    0.   Lits =      4.
Refined classes  =     1.   Changes =    0.   Lits =      4.
start Fra_FraigSweep...
Fraiging (i=6):   Nodes =   2280.  Time =    11.01 sec
Rewriting:        Nodes =   2037.  Time =     0.01 sec
label 27
CNF stats: Vars =   1581. Clauses =    4710. Literals =    12713. Time =     0.00 sec
Running SAT solver with parameters 10000 and 1000 and 50.
reduceDB: Keeping    5030 out of   10000 clauses (50.30 %)  Time =     0.04 sec
reduceDB: Keeping    5510 out of   11001 clauses (50.09 %)  Time =     0.04 sec
reduceDB: Keeping    6023 out of   12002 clauses (50.18 %)  Time =     0.04 sec
reduceDB: Keeping    6526 out of   13001 clauses (50.20 %)  Time =     0.04 sec
reduceDB: Keeping    7024 out of   14000 clauses (50.17 %)  Time =     0.04 sec
reduceDB: Keeping    7523 out of   15001 clauses (50.15 %)  Time =     0.04 sec
reduceDB: Keeping    8042 out of   16001 clauses (50.26 %)  Time =     0.05 sec
reduceDB: Keeping    8493 out of   17000 clauses (49.96 %)  Time =     0.05 sec
reduceDB: Keeping    9011 out of   18000 clauses (50.06 %)  Time =     0.05 sec
reduceDB: Keeping    9530 out of   19001 clauses (50.16 %)  Time =     0.05 sec
reduceDB: Keeping   10043 out of   20000 clauses (50.22 %)  Time =     0.05 sec
reduceDB: Keeping   10888 out of   21002 clauses (51.84 %)  Time =     0.05 sec
reduceDB: Keeping   11303 out of   22000 clauses (51.38 %)  Time =     0.05 sec
reduceDB: Keeping   11696 out of   23001 clauses (50.85 %)  Time =     0.05 sec
reduceDB: Keeping   12367 out of   24000 clauses (51.53 %)  Time =     0.05 sec
reduceDB: Keeping   12687 out of   25000 clauses (50.75 %)  Time =     0.06 sec
reduceDB: Keeping   13035 out of   26000 clauses (50.13 %)  Time =     0.06 sec
reduceDB: Keeping   13651 out of   27001 clauses (50.56 %)  Time =     0.06 sec
reduceDB: Keeping   14139 out of   28001 clauses (50.49 %)  Time =     0.06 sec
reduceDB: Keeping   14535 out of   29000 clauses (50.12 %)  Time =     0.06 sec
reduceDB: Keeping   15267 out of   30000 clauses (50.89 %)  Time =     0.06 sec
reduceDB: Keeping   15553 out of   31001 clauses (50.17 %)  Time =     0.07 sec
reduceDB: Keeping   16220 out of   32000 clauses (50.69 %)  Time =     0.07 sec
reduceDB: Keeping   16722 out of   33002 clauses (50.67 %)  Time =     0.07 sec
reduceDB: Keeping   17210 out of   34001 clauses (50.62 %)  Time =     0.07 sec
reduceDB: Keeping   17678 out of   35002 clauses (50.51 %)  Time =     0.07 sec
reduceDB: Keeping   18172 out of   36000 clauses (50.48 %)  Time =     0.08 sec
reduceDB: Keeping   18729 out of   37002 clauses (50.62 %)  Time =     0.08 sec
reduceDB: Keeping   19224 out of   38000 clauses (50.59 %)  Time =     0.08 sec
reduceDB: Keeping   19924 out of   39006 clauses (51.08 %)  Time =     0.08 sec
reduceDB: Keeping   20159 out of   40000 clauses (50.40 %)  Time =     0.08 sec
reduceDB: Keeping   20974 out of   41000 clauses (51.16 %)  Time =     0.09 sec
reduceDB: Keeping   21499 out of   42000 clauses (51.19 %)  Time =     0.09 sec
reduceDB: Keeping   22173 out of   43000 clauses (51.57 %)  Time =     0.09 sec
reduceDB: Keeping   23031 out of   44000 clauses (52.34 %)  Time =     0.09 sec
reduceDB: Keeping   23541 out of   45001 clauses (52.31 %)  Time =     0.09 sec
reduceDB: Keeping   23813 out of   46000 clauses (51.77 %)  Time =     0.10 sec
reduceDB: Keeping   23929 out of   47000 clauses (50.91 %)  Time =     0.10 sec
reduceDB: Keeping   24417 out of   48000 clauses (50.87 %)  Time =     0.10 sec
reduceDB: Keeping   24859 out of   49000 clauses (50.73 %)  Time =     0.10 sec
reduceDB: Keeping   25321 out of   50000 clauses (50.64 %)  Time =     0.11 sec
reduceDB: Keeping   25663 out of   51000 clauses (50.32 %)  Time =     0.11 sec
reduceDB: Keeping   26088 out of   52001 clauses (50.17 %)  Time =     0.11 sec
reduceDB: Keeping   26547 out of   53000 clauses (50.09 %)  Time =     0.12 sec
reduceDB: Keeping   27047 out of   54004 clauses (50.08 %)  Time =     0.12 sec
reduceDB: Keeping   27575 out of   55000 clauses (50.14 %)  Time =     0.12 sec
reduceDB: Keeping   28103 out of   56000 clauses (50.18 %)  Time =     0.12 sec
reduceDB: Keeping   28616 out of   57002 clauses (50.20 %)  Time =     0.13 sec
reduceDB: Keeping   29091 out of   58002 clauses (50.16 %)  Time =     0.13 sec
reduceDB: Keeping   29579 out of   59000 clauses (50.13 %)  Time =     0.13 sec
reduceDB: Keeping   29984 out of   60000 clauses (49.97 %)  Time =     0.14 sec
reduceDB: Keeping   30487 out of   61000 clauses (49.98 %)  Time =     0.14 sec
reduceDB: Keeping   30986 out of   62000 clauses (49.98 %)  Time =     0.14 sec
reduceDB: Keeping   31589 out of   63001 clauses (50.14 %)  Time =     0.15 sec
reduceDB: Keeping   32086 out of   64001 clauses (50.13 %)  Time =     0.15 sec
reduceDB: Keeping   32561 out of   65001 clauses (50.09 %)  Time =     0.15 sec
reduceDB: Keeping   33398 out of   66000 clauses (50.60 %)  Time =     0.16 sec
reduceDB: Keeping   33601 out of   67000 clauses (50.15 %)  Time =     0.16 sec
reduceDB: Keeping   34073 out of   68000 clauses (50.11 %)  Time =     0.16 sec
reduceDB: Keeping   34580 out of   69000 clauses (50.12 %)  Time =     0.17 sec
reduceDB: Keeping   35098 out of   70001 clauses (50.14 %)  Time =     0.17 sec
reduceDB: Keeping   35609 out of   71000 clauses (50.15 %)  Time =     0.17 sec
reduceDB: Keeping   36052 out of   72000 clauses (50.07 %)  Time =     0.18 sec
reduceDB: Keeping   36578 out of   73002 clauses (50.11 %)  Time =     0.18 sec
reduceDB: Keeping   37135 out of   74001 clauses (50.18 %)  Time =     0.19 sec
reduceDB: Keeping   37426 out of   75000 clauses (49.90 %)  Time =     0.19 sec
reduceDB: Keeping   38125 out of   76000 clauses (50.16 %)  Time =     0.19 sec
reduceDB: Keeping   38582 out of   77000 clauses (50.11 %)  Time =     0.20 sec
reduceDB: Keeping   39097 out of   78002 clauses (50.12 %)  Time =     0.20 sec
reduceDB: Keeping   39565 out of   79000 clauses (50.08 %)  Time =     0.21 sec
reduceDB: Keeping   41252 out of   80001 clauses (51.56 %)  Time =     0.21 sec
reduceDB: Keeping   41349 out of   81000 clauses (51.05 %)  Time =     0.21 sec
reduceDB: Keeping   41209 out of   82001 clauses (50.25 %)  Time =     0.22 sec
reduceDB: Keeping   42936 out of   83000 clauses (51.73 %)  Time =     0.22 sec
reduceDB: Keeping   42652 out of   84000 clauses (50.78 %)  Time =     0.23 sec
reduceDB: Keeping   42494 out of   85000 clauses (49.99 %)  Time =     0.23 sec
reduceDB: Keeping   43315 out of   86004 clauses (50.36 %)  Time =     0.24 sec
reduceDB: Keeping   44048 out of   87000 clauses (50.63 %)  Time =     0.24 sec
reduceDB: Keeping   44274 out of   88001 clauses (50.31 %)  Time =     0.24 sec
reduceDB: Keeping   44716 out of   89001 clauses (50.24 %)  Time =     0.25 sec
reduceDB: Keeping   45140 out of   90000 clauses (50.16 %)  Time =     0.25 sec
reduceDB: Keeping   46593 out of   91001 clauses (51.20 %)  Time =     0.26 sec
reduceDB: Keeping   48423 out of   92000 clauses (52.63 %)  Time =     0.26 sec
reduceDB: Keeping   49554 out of   93000 clauses (53.28 %)  Time =     0.27 sec
reduceDB: Keeping   39522 out of   94000 clauses (42.04 %)  Time =     0.27 sec
reduceDB: Keeping   47374 out of   95001 clauses (49.87 %)  Time =     0.28 sec
reduceDB: Keeping   47620 out of   96001 clauses (49.60 %)  Time =     0.28 sec
reduceDB: Keeping   49747 out of   97003 clauses (51.28 %)  Time =     0.29 sec
reduceDB: Keeping   52085 out of   98000 clauses (53.15 %)  Time =     0.29 sec
reduceDB: Keeping   53626 out of   99000 clauses (54.17 %)  Time =     0.30 sec
reduceDB: Keeping   53656 out of  100000 clauses (53.66 %)  Time =     0.30 sec
reduceDB: Keeping   53161 out of  101000 clauses (52.63 %)  Time =     0.31 sec
reduceDB: Keeping   53890 out of  102003 clauses (52.83 %)  Time =     0.31 sec
reduceDB: Keeping   54617 out of  103001 clauses (53.03 %)  Time =     0.32 sec
reduceDB: Keeping   55135 out of  104001 clauses (53.01 %)  Time =     0.32 sec
reduceDB: Keeping   54866 out of  105000 clauses (52.25 %)  Time =     0.33 sec
reduceDB: Keeping   55345 out of  106001 clauses (52.21 %)  Time =     0.33 sec
reduceDB: Keeping   55677 out of  107000 clauses (52.03 %)  Time =     0.34 sec
reduceDB: Keeping   56761 out of  108001 clauses (52.56 %)  Time =     0.34 sec
reduceDB: Keeping   57371 out of  109001 clauses (52.63 %)  Time =     0.35 sec
reduceDB: Keeping   57533 out of  110002 clauses (52.30 %)  Time =     0.36 sec
reduceDB: Keeping   58017 out of  111000 clauses (52.27 %)  Time =     0.36 sec
reduceDB: Keeping   58402 out of  112002 clauses (52.14 %)  Time =     0.37 sec
reduceDB: Keeping   58540 out of  113000 clauses (51.81 %)  Time =     0.37 sec
reduceDB: Keeping   58703 out of  114000 clauses (51.49 %)  Time =     0.38 sec
reduceDB: Keeping   59247 out of  115002 clauses (51.52 %)  Time =     0.38 sec
reduceDB: Keeping   59418 out of  116000 clauses (51.22 %)  Time =     0.39 sec
reduceDB: Keeping   59985 out of  117000 clauses (51.27 %)  Time =     0.39 sec
reduceDB: Keeping   61547 out of  118000 clauses (52.16 %)  Time =     0.40 sec
reduceDB: Keeping   62515 out of  119001 clauses (52.53 %)  Time =     0.41 sec
reduceDB: Keeping   64649 out of  120001 clauses (53.87 %)  Time =     0.41 sec
reduceDB: Keeping   64722 out of  121001 clauses (53.49 %)  Time =     0.42 sec
reduceDB: Keeping   65035 out of  122001 clauses (53.31 %)  Time =     0.42 sec
reduceDB: Keeping   65451 out of  123000 clauses (53.21 %)  Time =     0.43 sec
reduceDB: Keeping   50567 out of  124000 clauses (40.78 %)  Time =     0.44 sec
reduceDB: Keeping   61723 out of  125001 clauses (49.38 %)  Time =     0.44 sec
reduceDB: Keeping   62970 out of  126001 clauses (49.98 %)  Time =     0.45 sec
reduceDB: Keeping   60735 out of  127000 clauses (47.82 %)  Time =     0.46 sec
reduceDB: Keeping   64396 out of  128001 clauses (50.31 %)  Time =     0.46 sec
reduceDB: Keeping   67774 out of  129000 clauses (52.54 %)  Time =     0.47 sec
starts        :             7407
conflicts     :          4178078
decisions     :          4831418
propagations  :       1270265740
Final SAT:        Nodes =   2037.  Time =   397.61 sec
Networks are equivalent.  Time =   413.82 sec
End Old Verify =   413.82 sec
