ABC command line: "&read replace_1373.aig; &cec -m -v".

label 1
label 3
Assuming the current network is a single-output miter.
label 6
Start EquivFixOutputPairs =     0.00 sec
End EquivFixOutputPairs =     0.00 sec
Start ManSatSweeping =     0.00 sec
Simulating 15 words for 15 rounds. SAT solving with 1000 conflicts.
nSimWords = 0
cst =    2068  cls =      0  lit =    2068  unused =     256  proof =     0
cst =       2  cls =      6  lit =      10  unused =    2308  proof =     0
cst =       2  cls =      3  lit =       6  unused =    2315  proof =     0
cst =       0  cls =      1  lit =       1  unused =    2322  proof =     0
cst =       0  cls =      1  lit =       1  unused =    2322  proof =     0
cst =       0  cls =      1  lit =       1  unused =    2322  proof =     0
cst =       0  cls =      1  lit =       1  unused =    2322  proof =     0
cst =       0  cls =      1  lit =       1  unused =    2322  proof =     0
cst =       0  cls =      1  lit =       1  unused =    2322  proof =     0
cst =       0  cls =      1  lit =       1  unused =    2322  proof =     0
  1 : P =      0. D =      0. F =     1. M =     671. And =    2068. Time =     0.03 sec
Increasing conflict limit to 10000.
The result is written into file "cec_giaSweep.aig".
Switching into reduced mode.
  2 : P =      0. D =      0. F =     1. M =     671. And =    2068. Time =     0.25 sec
Increasing conflict limit to 100000.
The result is written into file "cec_giaSweep.aig".
Switching into normal mode.
  3 : P =      0. D =      0. F =     1. M =       0. And =    2068. Time =     3.80 sec
Performed 3 SAT calls: P = 0  D = 0  F = 3
NBeg = 2068. NEnd = 2068. (Gain =   0.00 %).  RBeg = 0. REnd = 0. (Gain =   0.00 %).
Sim  =     0.01 sec (  0.00 %)
Sat  =     4.07 sec (  0.00 %)
Pat  =     0.00 sec (  0.00 %)
Time =     4.09 sec
End ManSatSweeping =     4.09 sec
Networks are UNDECIDED after the new CEC engine.  Time =     4.09 sec
Calling the old CEC engine.
Start Old Verify =     4.09 sec
Original miter:   Nodes =   2071.
label 27
Initial SAT:      Nodes =   2071.  Time =     0.02 sec
Rewriting:        Nodes =   2070.  Time =     0.02 sec
There are 0 XORs
Balance-X:        Nodes =   2343.  Time =     0.00 sec
Starting Fra_SmlSimulate......classes =     2.   Lits =      5.
Refined classes  after Pattern 0=     2.   Changes =    0.   Lits =      5.
Refined classes after pattern 1 =     2.   Changes =    0.   Lits =      5.
Refined classes  =     1.   Changes =    1.   Lits =      4.
Refined classes  =     1.   Changes =    0.   Lits =      4.
start Fra_FraigSweep...
Fraiging (i=1):   Nodes =   2343.  Time =     0.00 sec
Rewriting:        Nodes =   2091.  Time =     0.01 sec
There are 0 XORs
Balance-X:        Nodes =   2341.  Time =     0.00 sec
Starting Fra_SmlSimulate......classes =     2.   Lits =      5.
Refined classes  after Pattern 0=     2.   Changes =    0.   Lits =      5.
Refined classes after pattern 1 =     2.   Changes =    0.   Lits =      5.
Refined classes  =     1.   Changes =    1.   Lits =      4.
Refined classes  =     1.   Changes =    0.   Lits =      4.
start Fra_FraigSweep...
Fraiging (i=2):   Nodes =   2341.  Time =     0.00 sec
Rewriting:        Nodes =   2094.  Time =     0.01 sec
There are 0 XORs
Balance-X:        Nodes =   2341.  Time =     0.00 sec
Starting Fra_SmlSimulate......classes =     2.   Lits =      5.
Refined classes  after Pattern 0=     2.   Changes =    0.   Lits =      5.
Refined classes after pattern 1 =     2.   Changes =    0.   Lits =      5.
Refined classes  =     1.   Changes =    1.   Lits =      4.
Refined classes  =     1.   Changes =    0.   Lits =      4.
start Fra_FraigSweep...
Fraiging (i=3):   Nodes =   2341.  Time =     0.01 sec
Rewriting:        Nodes =   2094.  Time =     0.01 sec
There are 0 XORs
Balance-X:        Nodes =   2341.  Time =     0.00 sec
Starting Fra_SmlSimulate......classes =     2.   Lits =      5.
Refined classes  after Pattern 0=     2.   Changes =    0.   Lits =      5.
Refined classes after pattern 1 =     2.   Changes =    0.   Lits =      5.
Refined classes  =     1.   Changes =    1.   Lits =      4.
Refined classes  =     1.   Changes =    0.   Lits =      4.
start Fra_FraigSweep...
Fraiging (i=4):   Nodes =   2341.  Time =     0.07 sec
Rewriting:        Nodes =   2094.  Time =     0.01 sec
There are 0 XORs
Balance-X:        Nodes =   2341.  Time =     0.00 sec
Starting Fra_SmlSimulate......classes =     2.   Lits =      5.
Refined classes  after Pattern 0=     2.   Changes =    0.   Lits =      5.
Refined classes after pattern 1 =     2.   Changes =    0.   Lits =      5.
Refined classes  =     1.   Changes =    1.   Lits =      4.
Refined classes  =     1.   Changes =    0.   Lits =      4.
start Fra_FraigSweep...
Fraiging (i=5):   Nodes =   2341.  Time =     0.96 sec
Rewriting:        Nodes =   2094.  Time =     0.01 sec
There are 0 XORs
Balance-X:        Nodes =   2341.  Time =     0.00 sec
Starting Fra_SmlSimulate......classes =     2.   Lits =      5.
Refined classes  after Pattern 0=     2.   Changes =    0.   Lits =      5.
Refined classes after pattern 1 =     2.   Changes =    0.   Lits =      5.
Refined classes  =     1.   Changes =    1.   Lits =      4.
Refined classes  =     1.   Changes =    0.   Lits =      4.
start Fra_FraigSweep...
Fraiging (i=6):   Nodes =   2341.  Time =    11.04 sec
Rewriting:        Nodes =   2094.  Time =     0.01 sec
label 27
CNF stats: Vars =   1612. Clauses =    4832. Literals =    13045. Time =     0.00 sec
Running SAT solver with parameters 10000 and 1000 and 50.
reduceDB: Keeping    5028 out of   10000 clauses (50.28 %)  Time =     0.04 sec
reduceDB: Keeping    5522 out of   11002 clauses (50.19 %)  Time =     0.04 sec
reduceDB: Keeping    6019 out of   12000 clauses (50.16 %)  Time =     0.04 sec
reduceDB: Keeping    6523 out of   13000 clauses (50.18 %)  Time =     0.04 sec
reduceDB: Keeping    7020 out of   14001 clauses (50.14 %)  Time =     0.04 sec
reduceDB: Keeping    7521 out of   15000 clauses (50.14 %)  Time =     0.05 sec
reduceDB: Keeping    8025 out of   16001 clauses (50.15 %)  Time =     0.05 sec
reduceDB: Keeping    8520 out of   17000 clauses (50.12 %)  Time =     0.05 sec
reduceDB: Keeping    9013 out of   18001 clauses (50.07 %)  Time =     0.05 sec
reduceDB: Keeping    9522 out of   19000 clauses (50.12 %)  Time =     0.05 sec
reduceDB: Keeping   10402 out of   20001 clauses (52.01 %)  Time =     0.05 sec
reduceDB: Keeping    9620 out of   21001 clauses (45.81 %)  Time =     0.05 sec
reduceDB: Keeping   11045 out of   22000 clauses (50.20 %)  Time =     0.05 sec
reduceDB: Keeping   11755 out of   23001 clauses (51.11 %)  Time =     0.05 sec
reduceDB: Keeping   12218 out of   24001 clauses (50.91 %)  Time =     0.06 sec
reduceDB: Keeping   12776 out of   25000 clauses (51.10 %)  Time =     0.06 sec
reduceDB: Keeping   13305 out of   26002 clauses (51.17 %)  Time =     0.06 sec
reduceDB: Keeping   13943 out of   27001 clauses (51.64 %)  Time =     0.06 sec
reduceDB: Keeping   14688 out of   28000 clauses (52.46 %)  Time =     0.06 sec
reduceDB: Keeping   15390 out of   29000 clauses (53.07 %)  Time =     0.06 sec
reduceDB: Keeping   15990 out of   30000 clauses (53.30 %)  Time =     0.06 sec
reduceDB: Keeping   16100 out of   31000 clauses (51.94 %)  Time =     0.07 sec
reduceDB: Keeping   16743 out of   32001 clauses (52.32 %)  Time =     0.07 sec
reduceDB: Keeping   17080 out of   33001 clauses (51.76 %)  Time =     0.07 sec
reduceDB: Keeping   17550 out of   34001 clauses (51.62 %)  Time =     0.07 sec
reduceDB: Keeping   18003 out of   35000 clauses (51.44 %)  Time =     0.07 sec
reduceDB: Keeping   18628 out of   36002 clauses (51.74 %)  Time =     0.08 sec
reduceDB: Keeping   18880 out of   37001 clauses (51.03 %)  Time =     0.08 sec
reduceDB: Keeping   19535 out of   38001 clauses (51.41 %)  Time =     0.08 sec
reduceDB: Keeping   19997 out of   39000 clauses (51.27 %)  Time =     0.08 sec
reduceDB: Keeping   20652 out of   40000 clauses (51.63 %)  Time =     0.08 sec
reduceDB: Keeping   20777 out of   41002 clauses (50.67 %)  Time =     0.09 sec
reduceDB: Keeping   21498 out of   42002 clauses (51.18 %)  Time =     0.09 sec
reduceDB: Keeping   22296 out of   43001 clauses (51.85 %)  Time =     0.09 sec
reduceDB: Keeping   23373 out of   44001 clauses (53.12 %)  Time =     0.09 sec
reduceDB: Keeping   24355 out of   45002 clauses (54.12 %)  Time =     0.10 sec
reduceDB: Keeping   24473 out of   46000 clauses (53.20 %)  Time =     0.10 sec
reduceDB: Keeping   24551 out of   47002 clauses (52.23 %)  Time =     0.10 sec
reduceDB: Keeping   24777 out of   48000 clauses (51.62 %)  Time =     0.10 sec
reduceDB: Keeping   25136 out of   49001 clauses (51.30 %)  Time =     0.11 sec
reduceDB: Keeping   25373 out of   50001 clauses (50.74 %)  Time =     0.11 sec
reduceDB: Keeping   26143 out of   51000 clauses (51.26 %)  Time =     0.11 sec
reduceDB: Keeping   26572 out of   52000 clauses (51.10 %)  Time =     0.11 sec
reduceDB: Keeping   27070 out of   53001 clauses (51.07 %)  Time =     0.12 sec
reduceDB: Keeping   28218 out of   54000 clauses (52.26 %)  Time =     0.12 sec
reduceDB: Keeping   28481 out of   55001 clauses (51.78 %)  Time =     0.12 sec
reduceDB: Keeping   28665 out of   56001 clauses (51.19 %)  Time =     0.12 sec
reduceDB: Keeping   29411 out of   57001 clauses (51.60 %)  Time =     0.13 sec
reduceDB: Keeping   29444 out of   58001 clauses (50.76 %)  Time =     0.13 sec
reduceDB: Keeping   30114 out of   59001 clauses (51.04 %)  Time =     0.13 sec
reduceDB: Keeping   30496 out of   60000 clauses (50.83 %)  Time =     0.14 sec
reduceDB: Keeping   30727 out of   61000 clauses (50.37 %)  Time =     0.14 sec
reduceDB: Keeping   31512 out of   62000 clauses (50.83 %)  Time =     0.14 sec
reduceDB: Keeping   32332 out of   63000 clauses (51.32 %)  Time =     0.15 sec
reduceDB: Keeping   32940 out of   64001 clauses (51.47 %)  Time =     0.15 sec
reduceDB: Keeping   34262 out of   65000 clauses (52.71 %)  Time =     0.15 sec
reduceDB: Keeping   34873 out of   66002 clauses (52.84 %)  Time =     0.16 sec
reduceDB: Keeping   35562 out of   67000 clauses (53.08 %)  Time =     0.16 sec
reduceDB: Keeping   35520 out of   68001 clauses (52.23 %)  Time =     0.16 sec
reduceDB: Keeping   35519 out of   69000 clauses (51.48 %)  Time =     0.17 sec
reduceDB: Keeping   35688 out of   70000 clauses (50.98 %)  Time =     0.17 sec
reduceDB: Keeping   36190 out of   71000 clauses (50.97 %)  Time =     0.17 sec
reduceDB: Keeping   36935 out of   72001 clauses (51.30 %)  Time =     0.18 sec
reduceDB: Keeping   36510 out of   73000 clauses (50.01 %)  Time =     0.18 sec
reduceDB: Keeping   37619 out of   74001 clauses (50.84 %)  Time =     0.19 sec
reduceDB: Keeping   37792 out of   75000 clauses (50.39 %)  Time =     0.19 sec
reduceDB: Keeping   38202 out of   76001 clauses (50.27 %)  Time =     0.19 sec
reduceDB: Keeping   38686 out of   77001 clauses (50.24 %)  Time =     0.20 sec
reduceDB: Keeping   39129 out of   78003 clauses (50.16 %)  Time =     0.20 sec
reduceDB: Keeping   39601 out of   79000 clauses (50.13 %)  Time =     0.21 sec
reduceDB: Keeping   40102 out of   80000 clauses (50.13 %)  Time =     0.21 sec
reduceDB: Keeping   40614 out of   81000 clauses (50.14 %)  Time =     0.21 sec
reduceDB: Keeping   41100 out of   82000 clauses (50.12 %)  Time =     0.22 sec
reduceDB: Keeping   41618 out of   83001 clauses (50.14 %)  Time =     0.22 sec
reduceDB: Keeping   42121 out of   84000 clauses (50.14 %)  Time =     0.23 sec
reduceDB: Keeping   42588 out of   85001 clauses (50.10 %)  Time =     0.23 sec
reduceDB: Keeping   42903 out of   86000 clauses (49.89 %)  Time =     0.24 sec
reduceDB: Keeping   43471 out of   87001 clauses (49.97 %)  Time =     0.24 sec
reduceDB: Keeping   44110 out of   88000 clauses (50.12 %)  Time =     0.24 sec
reduceDB: Keeping   44529 out of   89000 clauses (50.03 %)  Time =     0.25 sec
reduceDB: Keeping   45108 out of   90000 clauses (50.12 %)  Time =     0.25 sec
reduceDB: Keeping   45409 out of   91000 clauses (49.90 %)  Time =     0.26 sec
reduceDB: Keeping   46085 out of   92001 clauses (50.09 %)  Time =     0.26 sec
reduceDB: Keeping   47115 out of   93001 clauses (50.66 %)  Time =     0.27 sec
reduceDB: Keeping   49631 out of   94000 clauses (52.80 %)  Time =     0.27 sec
reduceDB: Keeping   50201 out of   95000 clauses (52.84 %)  Time =     0.28 sec
reduceDB: Keeping   50970 out of   96002 clauses (53.09 %)  Time =     0.28 sec
reduceDB: Keeping   51271 out of   97001 clauses (52.86 %)  Time =     0.29 sec
reduceDB: Keeping   52317 out of   98000 clauses (53.38 %)  Time =     0.29 sec
reduceDB: Keeping   53335 out of   99001 clauses (53.87 %)  Time =     0.30 sec
reduceDB: Keeping   52997 out of  100002 clauses (53.00 %)  Time =     0.30 sec
reduceDB: Keeping   52609 out of  101000 clauses (52.09 %)  Time =     0.31 sec
reduceDB: Keeping   52560 out of  102000 clauses (51.53 %)  Time =     0.31 sec
reduceDB: Keeping   52740 out of  103001 clauses (51.20 %)  Time =     0.32 sec
reduceDB: Keeping   53471 out of  104000 clauses (51.41 %)  Time =     0.32 sec
reduceDB: Keeping   53656 out of  105000 clauses (51.10 %)  Time =     0.33 sec
reduceDB: Keeping   54207 out of  106000 clauses (51.14 %)  Time =     0.33 sec
reduceDB: Keeping   54142 out of  107000 clauses (50.60 %)  Time =     0.34 sec
reduceDB: Keeping   54700 out of  108000 clauses (50.65 %)  Time =     0.34 sec
reduceDB: Keeping   55128 out of  109000 clauses (50.58 %)  Time =     0.35 sec
reduceDB: Keeping   55554 out of  110001 clauses (50.50 %)  Time =     0.35 sec
reduceDB: Keeping   55711 out of  111004 clauses (50.19 %)  Time =     0.36 sec
reduceDB: Keeping   56790 out of  112001 clauses (50.70 %)  Time =     0.36 sec
reduceDB: Keeping   56964 out of  113002 clauses (50.41 %)  Time =     0.37 sec
reduceDB: Keeping   57370 out of  114001 clauses (50.32 %)  Time =     0.38 sec
reduceDB: Keeping   57863 out of  115001 clauses (50.32 %)  Time =     0.38 sec
reduceDB: Keeping   58215 out of  116001 clauses (50.18 %)  Time =     0.39 sec
reduceDB: Keeping   58590 out of  117001 clauses (50.08 %)  Time =     0.39 sec
reduceDB: Keeping   61695 out of  118002 clauses (52.28 %)  Time =     0.40 sec
reduceDB: Keeping   63599 out of  119002 clauses (53.44 %)  Time =     0.41 sec
reduceDB: Keeping   48011 out of  120001 clauses (40.01 %)  Time =     0.41 sec
reduceDB: Keeping   59985 out of  121000 clauses (49.57 %)  Time =     0.42 sec
reduceDB: Keeping   60837 out of  122001 clauses (49.87 %)  Time =     0.42 sec
reduceDB: Keeping   61220 out of  123000 clauses (49.77 %)  Time =     0.43 sec
reduceDB: Keeping   61976 out of  124003 clauses (49.98 %)  Time =     0.44 sec
reduceDB: Keeping   58557 out of  125000 clauses (46.85 %)  Time =     0.44 sec
reduceDB: Keeping   62985 out of  126001 clauses (49.99 %)  Time =     0.45 sec
reduceDB: Keeping   63595 out of  127000 clauses (50.07 %)  Time =     0.46 sec
reduceDB: Keeping   66604 out of  128001 clauses (52.03 %)  Time =     0.46 sec
starts        :             7291
conflicts     :          4137121
decisions     :          4755214
propagations  :       1273544024
Final SAT:        Nodes =   2094.  Time =   381.15 sec
Networks are equivalent.  Time =   397.40 sec
End Old Verify =   397.40 sec
