ABC command line: "&read replace_2064.aig; &cec -m -v".

label 1
label 3
Assuming the current network is a single-output miter.
label 6
Start EquivFixOutputPairs =     0.00 sec
End EquivFixOutputPairs =     0.00 sec
Start ManSatSweeping =     0.00 sec
Simulating 15 words for 15 rounds. SAT solving with 1000 conflicts.
nSimWords = 0
cst =    2017  cls =      0  lit =    2017  unused =     256  proof =     0
cst =       3  cls =      8  lit =      11  unused =    2254  proof =     0
cst =       3  cls =      4  lit =       7  unused =    2262  proof =     0
cst =       2  cls =      3  lit =       5  unused =    2265  proof =     0
cst =       2  cls =      3  lit =       5  unused =    2265  proof =     0
cst =       2  cls =      3  lit =       5  unused =    2265  proof =     0
cst =       2  cls =      3  lit =       5  unused =    2265  proof =     0
cst =       2  cls =      3  lit =       5  unused =    2265  proof =     0
cst =       2  cls =      3  lit =       5  unused =    2265  proof =     0
cst =       2  cls =      3  lit =       5  unused =    2265  proof =     0
  1 : P =      0. D =      0. F =     1. M =     657. And =    2017. Time =     0.02 sec
Increasing conflict limit to 10000.
The result is written into file "cec_giaSweep.aig".
Switching into reduced mode.
  2 : P =      0. D =      1. F =     0. M =     657. And =    2017. Time =     0.00 sec
Switching into normal mode.
  3 : P =      0. D =      1. F =     0. M =       0. And =    2017. Time =     0.00 sec
  4 : P =      0. D =      1. F =     0. M =       0. And =    2017. Time =     0.01 sec
  5 : P =      0. D =      0. F =     1. M =       0. And =    2017. Time =     0.30 sec
Increasing conflict limit to 100000.
The result is written into file "cec_giaSweep.aig".
  6 : P =      0. D =      0. F =     1. M =       0. And =    2017. Time =     3.89 sec
Performed 6 SAT calls: P = 0  D = 3  F = 3
NBeg = 2017. NEnd = 2017. (Gain =   0.00 %).  RBeg = 0. REnd = 0. (Gain =   0.00 %).
Sim  =     0.00 sec (  0.00 %)
Sat  =     4.22 sec (  0.00 %)
Pat  =     0.00 sec (  0.00 %)
Time =     4.23 sec
End ManSatSweeping =     4.23 sec
Networks are UNDECIDED after the new CEC engine.  Time =     4.23 sec
Calling the old CEC engine.
Start Old Verify =     4.23 sec
Original miter:   Nodes =   2020.
label 27
Initial SAT:      Nodes =   2020.  Time =     0.02 sec
Rewriting:        Nodes =   2020.  Time =     0.02 sec
There are 0 XORs
Balance-X:        Nodes =   2286.  Time =     0.00 sec
Starting Fra_SmlSimulate......classes =     3.   Lits =      8.
Refined classes  after Pattern 0=     3.   Changes =    0.   Lits =      8.
Refined classes after pattern 1 =     3.   Changes =    0.   Lits =      8.
Refined classes  =     3.   Changes =    0.   Lits =      8.
start Fra_FraigSweep...
Fraiging (i=1):   Nodes =   2286.  Time =     0.00 sec
Rewriting:        Nodes =   2039.  Time =     0.01 sec
There are 0 XORs
Balance-X:        Nodes =   2283.  Time =     0.00 sec
Starting Fra_SmlSimulate......classes =     3.   Lits =      8.
Refined classes  after Pattern 0=     3.   Changes =    0.   Lits =      8.
Refined classes after pattern 1 =     3.   Changes =    0.   Lits =      8.
Refined classes  =     3.   Changes =    0.   Lits =      8.
start Fra_FraigSweep...
Fraiging (i=2):   Nodes =   2283.  Time =     0.00 sec
Rewriting:        Nodes =   2042.  Time =     0.01 sec
There are 0 XORs
Balance-X:        Nodes =   2283.  Time =     0.00 sec
Starting Fra_SmlSimulate......classes =     3.   Lits =      8.
Refined classes  after Pattern 0=     3.   Changes =    0.   Lits =      8.
Refined classes after pattern 1 =     3.   Changes =    0.   Lits =      8.
Refined classes  =     3.   Changes =    0.   Lits =      8.
start Fra_FraigSweep...
Fraiging (i=3):   Nodes =   2283.  Time =     0.01 sec
Rewriting:        Nodes =   2042.  Time =     0.01 sec
There are 0 XORs
Balance-X:        Nodes =   2283.  Time =     0.00 sec
Starting Fra_SmlSimulate......classes =     3.   Lits =      8.
Refined classes  after Pattern 0=     3.   Changes =    0.   Lits =      8.
Refined classes after pattern 1 =     3.   Changes =    0.   Lits =      8.
Refined classes  =     3.   Changes =    0.   Lits =      8.
start Fra_FraigSweep...
Fraiging (i=4):   Nodes =   2283.  Time =     0.09 sec
Rewriting:        Nodes =   2042.  Time =     0.01 sec
There are 0 XORs
Balance-X:        Nodes =   2283.  Time =     0.00 sec
Starting Fra_SmlSimulate......classes =     3.   Lits =      8.
Refined classes  after Pattern 0=     3.   Changes =    0.   Lits =      8.
Refined classes after pattern 1 =     3.   Changes =    0.   Lits =      8.
Refined classes  =     3.   Changes =    0.   Lits =      8.
start Fra_FraigSweep...
Fraiging (i=5):   Nodes =   2283.  Time =     0.91 sec
Rewriting:        Nodes =   2042.  Time =     0.01 sec
There are 0 XORs
Balance-X:        Nodes =   2283.  Time =     0.00 sec
Starting Fra_SmlSimulate......classes =     3.   Lits =      8.
Refined classes  after Pattern 0=     3.   Changes =    0.   Lits =      8.
Refined classes after pattern 1 =     3.   Changes =    0.   Lits =      8.
Refined classes  =     3.   Changes =    0.   Lits =      8.
start Fra_FraigSweep...
Fraiging (i=6):   Nodes =   2283.  Time =    11.32 sec
Rewriting:        Nodes =   2042.  Time =     0.01 sec
label 27
CNF stats: Vars =   1575. Clauses =    4702. Literals =    12719. Time =     0.00 sec
Running SAT solver with parameters 10000 and 1000 and 50.
reduceDB: Keeping    5015 out of   10001 clauses (50.14 %)  Time =     0.05 sec
reduceDB: Keeping    5514 out of   11002 clauses (50.12 %)  Time =     0.05 sec
reduceDB: Keeping    6011 out of   12001 clauses (50.09 %)  Time =     0.05 sec
reduceDB: Keeping    6526 out of   13000 clauses (50.20 %)  Time =     0.05 sec
reduceDB: Keeping    7015 out of   14001 clauses (50.10 %)  Time =     0.05 sec
reduceDB: Keeping    7515 out of   15001 clauses (50.10 %)  Time =     0.05 sec
reduceDB: Keeping    8031 out of   16000 clauses (50.19 %)  Time =     0.05 sec
reduceDB: Keeping    8497 out of   17003 clauses (49.97 %)  Time =     0.05 sec
reduceDB: Keeping    9002 out of   18000 clauses (50.01 %)  Time =     0.05 sec
reduceDB: Keeping    9515 out of   19002 clauses (50.07 %)  Time =     0.05 sec
reduceDB: Keeping   10301 out of   20001 clauses (51.50 %)  Time =     0.05 sec
reduceDB: Keeping   10931 out of   21001 clauses (52.05 %)  Time =     0.06 sec
reduceDB: Keeping   11258 out of   22000 clauses (51.17 %)  Time =     0.06 sec
reduceDB: Keeping   11684 out of   23000 clauses (50.80 %)  Time =     0.06 sec
reduceDB: Keeping   12170 out of   24001 clauses (50.71 %)  Time =     0.06 sec
reduceDB: Keeping   12891 out of   25000 clauses (51.56 %)  Time =     0.06 sec
reduceDB: Keeping   13393 out of   26001 clauses (51.51 %)  Time =     0.06 sec
reduceDB: Keeping   13759 out of   27001 clauses (50.96 %)  Time =     0.06 sec
reduceDB: Keeping   14490 out of   28000 clauses (51.75 %)  Time =     0.07 sec
reduceDB: Keeping   15186 out of   29001 clauses (52.36 %)  Time =     0.07 sec
reduceDB: Keeping   16277 out of   30001 clauses (54.25 %)  Time =     0.07 sec
reduceDB: Keeping   16735 out of   31000 clauses (53.98 %)  Time =     0.07 sec
reduceDB: Keeping   17093 out of   32000 clauses (53.42 %)  Time =     0.07 sec
reduceDB: Keeping   17424 out of   33000 clauses (52.80 %)  Time =     0.08 sec
reduceDB: Keeping   17981 out of   34000 clauses (52.89 %)  Time =     0.08 sec
reduceDB: Keeping   18407 out of   35000 clauses (52.59 %)  Time =     0.08 sec
reduceDB: Keeping   18963 out of   36000 clauses (52.67 %)  Time =     0.08 sec
reduceDB: Keeping   19424 out of   37001 clauses (52.50 %)  Time =     0.08 sec
reduceDB: Keeping   19832 out of   38001 clauses (52.19 %)  Time =     0.09 sec
reduceDB: Keeping   20037 out of   39001 clauses (51.38 %)  Time =     0.09 sec
reduceDB: Keeping   20515 out of   40000 clauses (51.29 %)  Time =     0.09 sec
reduceDB: Keeping   21109 out of   41001 clauses (51.48 %)  Time =     0.09 sec
reduceDB: Keeping   22161 out of   42000 clauses (52.76 %)  Time =     0.10 sec
reduceDB: Keeping   23340 out of   43000 clauses (54.28 %)  Time =     0.10 sec
reduceDB: Keeping   24068 out of   44000 clauses (54.70 %)  Time =     0.10 sec
reduceDB: Keeping   20296 out of   45000 clauses (45.10 %)  Time =     0.10 sec
reduceDB: Keeping   23084 out of   46001 clauses (50.18 %)  Time =     0.11 sec
reduceDB: Keeping   23539 out of   47001 clauses (50.08 %)  Time =     0.11 sec
reduceDB: Keeping   23927 out of   48001 clauses (49.85 %)  Time =     0.11 sec
reduceDB: Keeping   24553 out of   49001 clauses (50.11 %)  Time =     0.11 sec
reduceDB: Keeping   25067 out of   50001 clauses (50.13 %)  Time =     0.12 sec
reduceDB: Keeping   25588 out of   51003 clauses (50.17 %)  Time =     0.12 sec
reduceDB: Keeping   26096 out of   52001 clauses (50.18 %)  Time =     0.12 sec
reduceDB: Keeping   26556 out of   53000 clauses (50.11 %)  Time =     0.13 sec
reduceDB: Keeping   26989 out of   54000 clauses (49.98 %)  Time =     0.13 sec
reduceDB: Keeping   27604 out of   55001 clauses (50.19 %)  Time =     0.13 sec
reduceDB: Keeping   28070 out of   56002 clauses (50.12 %)  Time =     0.13 sec
reduceDB: Keeping   28568 out of   57003 clauses (50.12 %)  Time =     0.14 sec
reduceDB: Keeping   29065 out of   58001 clauses (50.11 %)  Time =     0.14 sec
reduceDB: Keeping   29528 out of   59000 clauses (50.05 %)  Time =     0.14 sec
reduceDB: Keeping   30016 out of   60000 clauses (50.03 %)  Time =     0.15 sec
reduceDB: Keeping   30351 out of   61000 clauses (49.76 %)  Time =     0.15 sec
reduceDB: Keeping   30961 out of   62000 clauses (49.94 %)  Time =     0.15 sec
reduceDB: Keeping   31532 out of   63001 clauses (50.05 %)  Time =     0.16 sec
reduceDB: Keeping   32060 out of   64000 clauses (50.09 %)  Time =     0.16 sec
reduceDB: Keeping   33241 out of   65001 clauses (51.14 %)  Time =     0.16 sec
reduceDB: Keeping   35291 out of   66001 clauses (53.47 %)  Time =     0.17 sec
reduceDB: Keeping   36415 out of   67000 clauses (54.35 %)  Time =     0.17 sec
reduceDB: Keeping   35806 out of   68001 clauses (52.66 %)  Time =     0.18 sec
reduceDB: Keeping   35886 out of   69000 clauses (52.01 %)  Time =     0.18 sec
reduceDB: Keeping   36416 out of   70001 clauses (52.02 %)  Time =     0.18 sec
reduceDB: Keeping   36320 out of   71001 clauses (51.15 %)  Time =     0.19 sec
reduceDB: Keeping   36639 out of   72000 clauses (50.89 %)  Time =     0.19 sec
reduceDB: Keeping   36735 out of   73001 clauses (50.32 %)  Time =     0.20 sec
reduceDB: Keeping   37069 out of   74000 clauses (50.09 %)  Time =     0.20 sec
reduceDB: Keeping   37809 out of   75001 clauses (50.41 %)  Time =     0.20 sec
reduceDB: Keeping   38070 out of   76002 clauses (50.09 %)  Time =     0.21 sec
reduceDB: Keeping   38474 out of   77000 clauses (49.97 %)  Time =     0.21 sec
reduceDB: Keeping   38908 out of   78002 clauses (49.88 %)  Time =     0.22 sec
reduceDB: Keeping   39581 out of   79000 clauses (50.10 %)  Time =     0.22 sec
reduceDB: Keeping   40069 out of   80001 clauses (50.09 %)  Time =     0.22 sec
reduceDB: Keeping   41186 out of   81003 clauses (50.85 %)  Time =     0.23 sec
reduceDB: Keeping   42390 out of   82001 clauses (51.69 %)  Time =     0.23 sec
reduceDB: Keeping   41847 out of   83000 clauses (50.42 %)  Time =     0.24 sec
reduceDB: Keeping   42322 out of   84000 clauses (50.38 %)  Time =     0.24 sec
reduceDB: Keeping   42645 out of   85002 clauses (50.17 %)  Time =     0.25 sec
reduceDB: Keeping   42821 out of   86000 clauses (49.79 %)  Time =     0.25 sec
reduceDB: Keeping   43477 out of   87000 clauses (49.97 %)  Time =     0.26 sec
reduceDB: Keeping   44131 out of   88000 clauses (50.15 %)  Time =     0.26 sec
reduceDB: Keeping   43956 out of   89000 clauses (49.39 %)  Time =     0.27 sec
reduceDB: Keeping   45003 out of   90000 clauses (50.00 %)  Time =     0.27 sec
reduceDB: Keeping   45623 out of   91001 clauses (50.13 %)  Time =     0.28 sec
reduceDB: Keeping   46052 out of   92000 clauses (50.06 %)  Time =     0.28 sec
reduceDB: Keeping   47340 out of   93001 clauses (50.90 %)  Time =     0.29 sec
reduceDB: Keeping   48287 out of   94002 clauses (51.37 %)  Time =     0.29 sec
reduceDB: Keeping   49153 out of   95000 clauses (51.74 %)  Time =     0.30 sec
reduceDB: Keeping   51294 out of   96000 clauses (53.43 %)  Time =     0.30 sec
reduceDB: Keeping   41505 out of   97000 clauses (42.79 %)  Time =     0.31 sec
reduceDB: Keeping   49024 out of   98000 clauses (50.02 %)  Time =     0.31 sec
reduceDB: Keeping   50308 out of   99002 clauses (50.82 %)  Time =     0.32 sec
reduceDB: Keeping   50791 out of  100002 clauses (50.79 %)  Time =     0.32 sec
reduceDB: Keeping   51701 out of  101000 clauses (51.19 %)  Time =     0.33 sec
reduceDB: Keeping   51510 out of  102001 clauses (50.50 %)  Time =     0.33 sec
reduceDB: Keeping   51619 out of  103001 clauses (50.12 %)  Time =     0.34 sec
reduceDB: Keeping   52254 out of  104001 clauses (50.24 %)  Time =     0.35 sec
reduceDB: Keeping   52602 out of  105001 clauses (50.10 %)  Time =     0.35 sec
reduceDB: Keeping   53214 out of  106000 clauses (50.20 %)  Time =     0.36 sec
reduceDB: Keeping   53441 out of  107004 clauses (49.94 %)  Time =     0.36 sec
reduceDB: Keeping   54533 out of  108000 clauses (50.49 %)  Time =     0.37 sec
reduceDB: Keeping   54962 out of  109000 clauses (50.42 %)  Time =     0.37 sec
reduceDB: Keeping   55990 out of  110001 clauses (50.90 %)  Time =     0.38 sec
reduceDB: Keeping   56467 out of  111001 clauses (50.87 %)  Time =     0.39 sec
reduceDB: Keeping   56401 out of  112000 clauses (50.36 %)  Time =     0.39 sec
reduceDB: Keeping   57492 out of  113000 clauses (50.88 %)  Time =     0.40 sec
reduceDB: Keeping   57953 out of  114000 clauses (50.84 %)  Time =     0.40 sec
reduceDB: Keeping   58255 out of  115000 clauses (50.66 %)  Time =     0.41 sec
reduceDB: Keeping   58955 out of  116000 clauses (50.82 %)  Time =     0.42 sec
reduceDB: Keeping   59123 out of  117004 clauses (50.53 %)  Time =     0.42 sec
reduceDB: Keeping   62405 out of  118000 clauses (52.89 %)  Time =     0.43 sec
reduceDB: Keeping   64701 out of  119003 clauses (54.37 %)  Time =     0.44 sec
reduceDB: Keeping   65293 out of  120001 clauses (54.41 %)  Time =     0.44 sec
reduceDB: Keeping   64925 out of  121001 clauses (53.66 %)  Time =     0.45 sec
reduceDB: Keeping   65335 out of  122000 clauses (53.55 %)  Time =     0.46 sec
reduceDB: Keeping   66306 out of  123001 clauses (53.91 %)  Time =     0.46 sec
reduceDB: Keeping   51389 out of  124000 clauses (41.44 %)  Time =     0.47 sec
reduceDB: Keeping   62496 out of  125001 clauses (50.00 %)  Time =     0.48 sec
starts        :             6986
conflicts     :          3944370
decisions     :          4551110
propagations  :       1207161218
Final SAT:        Nodes =   2042.  Time =   394.68 sec
Networks are equivalent.  Time =   411.33 sec
End Old Verify =   411.33 sec
