ABC command line: "&read replace_1408.aig; &cec -m -v".

label 1
label 3
Assuming the current network is a single-output miter.
label 6
Start EquivFixOutputPairs =     0.00 sec
End EquivFixOutputPairs =     0.00 sec
Start ManSatSweeping =     0.00 sec
Simulating 15 words for 15 rounds. SAT solving with 1000 conflicts.
nSimWords = 0
cst =    2923  cls =      0  lit =    2923  unused =     256  proof =     0
cst =      13  cls =     56  lit =      85  unused =    3038  proof =     0
cst =       5  cls =     14  lit =      22  unused =    3143  proof =     0
cst =       1  cls =      5  lit =       6  unused =    3168  proof =     0
cst =       0  cls =      2  lit =       2  unused =    3175  proof =     0
cst =       0  cls =      2  lit =       2  unused =    3175  proof =     0
cst =       0  cls =      2  lit =       2  unused =    3175  proof =     0
cst =       0  cls =      2  lit =       2  unused =    3175  proof =     0
cst =       0  cls =      2  lit =       2  unused =    3175  proof =     0
cst =       0  cls =      1  lit =       1  unused =    3177  proof =     0
  1 : P =      0. D =      0. F =     1. M =    1073. And =    2923. Time =     0.03 sec
Increasing conflict limit to 10000.
The result is written into file "cec_giaSweep.aig".
Switching into reduced mode.
  2 : P =      0. D =      0. F =     1. M =    1073. And =    2923. Time =     0.34 sec
Increasing conflict limit to 100000.
The result is written into file "cec_giaSweep.aig".
Switching into normal mode.
  3 : P =      0. D =      0. F =     1. M =       0. And =    2923. Time =     4.36 sec
Performed 3 SAT calls: P = 0  D = 0  F = 3
NBeg = 2923. NEnd = 2923. (Gain =   0.00 %).  RBeg = 0. REnd = 0. (Gain =   0.00 %).
Sim  =     0.01 sec (  0.00 %)
Sat  =     4.73 sec (  0.00 %)
Pat  =     0.00 sec (  0.00 %)
Time =     4.75 sec
End ManSatSweeping =     4.75 sec
Networks are UNDECIDED after the new CEC engine.  Time =     4.75 sec
Calling the old CEC engine.
Start Old Verify =     4.75 sec
Original miter:   Nodes =   2926.
label 27
Initial SAT:      Nodes =   2926.  Time =     0.02 sec
Rewriting:        Nodes =   2926.  Time =     0.03 sec
There are 0 XORs
Balance-X:        Nodes =   3214.  Time =     0.00 sec
Starting Fra_SmlSimulate......classes =     6.   Lits =     12.
Refined classes  after Pattern 0=     6.   Changes =    0.   Lits =     12.
Refined classes after pattern 1 =     6.   Changes =    0.   Lits =     12.
Refined classes  =     1.   Changes =    8.   Lits =      4.
Refined classes  =     1.   Changes =    0.   Lits =      4.
start Fra_FraigSweep...
Fraiging (i=1):   Nodes =   3214.  Time =     0.00 sec
Rewriting:        Nodes =   2948.  Time =     0.01 sec
There are 0 XORs
Balance-X:        Nodes =   3210.  Time =     0.00 sec
Starting Fra_SmlSimulate......classes =     6.   Lits =     12.
Refined classes  after Pattern 0=     6.   Changes =    0.   Lits =     12.
Refined classes after pattern 1 =     6.   Changes =    0.   Lits =     12.
Refined classes  =     1.   Changes =    8.   Lits =      4.
Refined classes  =     1.   Changes =    0.   Lits =      4.
start Fra_FraigSweep...
Fraiging (i=2):   Nodes =   3210.  Time =     0.00 sec
Rewriting:        Nodes =   2951.  Time =     0.01 sec
There are 0 XORs
Balance-X:        Nodes =   3210.  Time =     0.00 sec
Starting Fra_SmlSimulate......classes =     6.   Lits =     12.
Refined classes  after Pattern 0=     6.   Changes =    0.   Lits =     12.
Refined classes after pattern 1 =     6.   Changes =    0.   Lits =     12.
Refined classes  =     1.   Changes =    8.   Lits =      4.
Refined classes  =     1.   Changes =    0.   Lits =      4.
start Fra_FraigSweep...
Fraiging (i=3):   Nodes =   3210.  Time =     0.01 sec
Rewriting:        Nodes =   2950.  Time =     0.01 sec
There are 0 XORs
Balance-X:        Nodes =   3210.  Time =     0.00 sec
Starting Fra_SmlSimulate......classes =     6.   Lits =     12.
Refined classes  after Pattern 0=     6.   Changes =    0.   Lits =     12.
Refined classes after pattern 1 =     6.   Changes =    0.   Lits =     12.
Refined classes  =     1.   Changes =    8.   Lits =      4.
Refined classes  =     1.   Changes =    0.   Lits =      4.
start Fra_FraigSweep...
Fraiging (i=4):   Nodes =   3210.  Time =     0.10 sec
Rewriting:        Nodes =   2950.  Time =     0.01 sec
There are 0 XORs
Balance-X:        Nodes =   3210.  Time =     0.00 sec
Starting Fra_SmlSimulate......classes =     6.   Lits =     12.
Refined classes  after Pattern 0=     6.   Changes =    0.   Lits =     12.
Refined classes after pattern 1 =     6.   Changes =    0.   Lits =     12.
Refined classes  =     1.   Changes =    8.   Lits =      4.
Refined classes  =     1.   Changes =    0.   Lits =      4.
start Fra_FraigSweep...
Fraiging (i=5):   Nodes =   3210.  Time =     1.09 sec
Rewriting:        Nodes =   2950.  Time =     0.01 sec
There are 0 XORs
Balance-X:        Nodes =   3210.  Time =     0.00 sec
Starting Fra_SmlSimulate......classes =     6.   Lits =     12.
Refined classes  after Pattern 0=     6.   Changes =    0.   Lits =     12.
Refined classes after pattern 1 =     6.   Changes =    0.   Lits =     12.
Refined classes  =     1.   Changes =    8.   Lits =      4.
Refined classes  =     1.   Changes =    0.   Lits =      4.
start Fra_FraigSweep...
Fraiging (i=6):   Nodes =   3210.  Time =    12.42 sec
Rewriting:        Nodes =   2950.  Time =     0.01 sec
label 27
CNF stats: Vars =   2006. Clauses =    6511. Literals =    17713. Time =     0.00 sec
Running SAT solver with parameters 10000 and 1000 and 50.
reduceDB: Keeping    5028 out of   10003 clauses (50.26 %)  Time =     0.04 sec
reduceDB: Keeping    5511 out of   11000 clauses (50.10 %)  Time =     0.04 sec
reduceDB: Keeping    6011 out of   12000 clauses (50.09 %)  Time =     0.04 sec
reduceDB: Keeping    6535 out of   13000 clauses (50.27 %)  Time =     0.04 sec
reduceDB: Keeping    7023 out of   14002 clauses (50.16 %)  Time =     0.04 sec
reduceDB: Keeping    7519 out of   15001 clauses (50.12 %)  Time =     0.05 sec
reduceDB: Keeping    8030 out of   16001 clauses (50.18 %)  Time =     0.05 sec
reduceDB: Keeping    8526 out of   17003 clauses (50.14 %)  Time =     0.05 sec
reduceDB: Keeping    9023 out of   18000 clauses (50.13 %)  Time =     0.05 sec
reduceDB: Keeping    9532 out of   19001 clauses (50.17 %)  Time =     0.05 sec
reduceDB: Keeping   10031 out of   20002 clauses (50.15 %)  Time =     0.05 sec
reduceDB: Keeping   10587 out of   21000 clauses (50.41 %)  Time =     0.05 sec
reduceDB: Keeping   11030 out of   22001 clauses (50.13 %)  Time =     0.05 sec
reduceDB: Keeping   11665 out of   23001 clauses (50.72 %)  Time =     0.05 sec
reduceDB: Keeping   12154 out of   24000 clauses (50.64 %)  Time =     0.06 sec
reduceDB: Keeping   12679 out of   25001 clauses (50.71 %)  Time =     0.06 sec
reduceDB: Keeping   13316 out of   26000 clauses (51.22 %)  Time =     0.06 sec
reduceDB: Keeping   13857 out of   27003 clauses (51.32 %)  Time =     0.06 sec
reduceDB: Keeping   14513 out of   28000 clauses (51.83 %)  Time =     0.06 sec
reduceDB: Keeping   15105 out of   29000 clauses (52.09 %)  Time =     0.06 sec
reduceDB: Keeping   15958 out of   30000 clauses (53.19 %)  Time =     0.06 sec
reduceDB: Keeping   16078 out of   31001 clauses (51.86 %)  Time =     0.07 sec
reduceDB: Keeping   16426 out of   32000 clauses (51.33 %)  Time =     0.07 sec
reduceDB: Keeping   16944 out of   33001 clauses (51.34 %)  Time =     0.07 sec
reduceDB: Keeping   17274 out of   34000 clauses (50.81 %)  Time =     0.07 sec
reduceDB: Keeping   17918 out of   35002 clauses (51.19 %)  Time =     0.07 sec
reduceDB: Keeping   18616 out of   36000 clauses (51.71 %)  Time =     0.08 sec
reduceDB: Keeping   18789 out of   37001 clauses (50.78 %)  Time =     0.08 sec
reduceDB: Keeping   19190 out of   38001 clauses (50.50 %)  Time =     0.08 sec
reduceDB: Keeping   19891 out of   39001 clauses (51.00 %)  Time =     0.08 sec
reduceDB: Keeping   20194 out of   40001 clauses (50.48 %)  Time =     0.08 sec
reduceDB: Keeping   20760 out of   41000 clauses (50.63 %)  Time =     0.09 sec
reduceDB: Keeping   21064 out of   42000 clauses (50.15 %)  Time =     0.09 sec
reduceDB: Keeping   21550 out of   43000 clauses (50.12 %)  Time =     0.09 sec
reduceDB: Keeping   22699 out of   44001 clauses (51.59 %)  Time =     0.09 sec
reduceDB: Keeping   23552 out of   45001 clauses (52.34 %)  Time =     0.10 sec
reduceDB: Keeping   23599 out of   46001 clauses (51.30 %)  Time =     0.10 sec
reduceDB: Keeping   23740 out of   47001 clauses (50.51 %)  Time =     0.10 sec
reduceDB: Keeping   24073 out of   48001 clauses (50.15 %)  Time =     0.10 sec
reduceDB: Keeping   24686 out of   49000 clauses (50.38 %)  Time =     0.11 sec
reduceDB: Keeping   25091 out of   50000 clauses (50.18 %)  Time =     0.11 sec
reduceDB: Keeping   25549 out of   51000 clauses (50.10 %)  Time =     0.11 sec
reduceDB: Keeping   26109 out of   52002 clauses (50.21 %)  Time =     0.11 sec
reduceDB: Keeping   26551 out of   53001 clauses (50.10 %)  Time =     0.12 sec
reduceDB: Keeping   27016 out of   54000 clauses (50.03 %)  Time =     0.12 sec
reduceDB: Keeping   27569 out of   55000 clauses (50.13 %)  Time =     0.12 sec
reduceDB: Keeping   28097 out of   56000 clauses (50.17 %)  Time =     0.13 sec
reduceDB: Keeping   28603 out of   57000 clauses (50.18 %)  Time =     0.13 sec
reduceDB: Keeping   29111 out of   58001 clauses (50.19 %)  Time =     0.13 sec
reduceDB: Keeping   29513 out of   59000 clauses (50.02 %)  Time =     0.14 sec
reduceDB: Keeping   29994 out of   60000 clauses (49.99 %)  Time =     0.14 sec
reduceDB: Keeping   30499 out of   61000 clauses (50.00 %)  Time =     0.14 sec
reduceDB: Keeping   30994 out of   62000 clauses (49.99 %)  Time =     0.14 sec
reduceDB: Keeping   31572 out of   63000 clauses (50.11 %)  Time =     0.15 sec
reduceDB: Keeping   32059 out of   64000 clauses (50.09 %)  Time =     0.15 sec
reduceDB: Keeping   32958 out of   65000 clauses (50.70 %)  Time =     0.15 sec
reduceDB: Keeping   33669 out of   66001 clauses (51.01 %)  Time =     0.16 sec
reduceDB: Keeping   34167 out of   67001 clauses (50.99 %)  Time =     0.16 sec
reduceDB: Keeping   34375 out of   68000 clauses (50.55 %)  Time =     0.16 sec
reduceDB: Keeping   34817 out of   69001 clauses (50.46 %)  Time =     0.17 sec
reduceDB: Keeping   35314 out of   70001 clauses (50.45 %)  Time =     0.17 sec
reduceDB: Keeping   35600 out of   71000 clauses (50.14 %)  Time =     0.18 sec
reduceDB: Keeping   35899 out of   72001 clauses (49.86 %)  Time =     0.18 sec
reduceDB: Keeping   36578 out of   73001 clauses (50.11 %)  Time =     0.18 sec
reduceDB: Keeping   36997 out of   74000 clauses (50.00 %)  Time =     0.19 sec
reduceDB: Keeping   37606 out of   75002 clauses (50.14 %)  Time =     0.19 sec
reduceDB: Keeping   38136 out of   76000 clauses (50.18 %)  Time =     0.19 sec
reduceDB: Keeping   38586 out of   77001 clauses (50.11 %)  Time =     0.20 sec
reduceDB: Keeping   39001 out of   78001 clauses (50.00 %)  Time =     0.20 sec
reduceDB: Keeping   39457 out of   79002 clauses (49.94 %)  Time =     0.21 sec
reduceDB: Keeping   39630 out of   80001 clauses (49.54 %)  Time =     0.21 sec
reduceDB: Keeping   40515 out of   81000 clauses (50.02 %)  Time =     0.21 sec
reduceDB: Keeping   40963 out of   82003 clauses (49.95 %)  Time =     0.22 sec
reduceDB: Keeping   41513 out of   83001 clauses (50.02 %)  Time =     0.22 sec
reduceDB: Keeping   41994 out of   84002 clauses (49.99 %)  Time =     0.23 sec
reduceDB: Keeping   42576 out of   85001 clauses (50.09 %)  Time =     0.23 sec
reduceDB: Keeping   43125 out of   86000 clauses (50.15 %)  Time =     0.24 sec
reduceDB: Keeping   42973 out of   87002 clauses (49.39 %)  Time =     0.24 sec
reduceDB: Keeping   43993 out of   88000 clauses (49.99 %)  Time =     0.24 sec
reduceDB: Keeping   44604 out of   89003 clauses (50.12 %)  Time =     0.25 sec
reduceDB: Keeping   44983 out of   90003 clauses (49.98 %)  Time =     0.25 sec
reduceDB: Keeping   45585 out of   91000 clauses (50.09 %)  Time =     0.26 sec
reduceDB: Keeping   45887 out of   92001 clauses (49.88 %)  Time =     0.26 sec
reduceDB: Keeping   46618 out of   93001 clauses (50.13 %)  Time =     0.27 sec
reduceDB: Keeping   46973 out of   94000 clauses (49.97 %)  Time =     0.27 sec
reduceDB: Keeping   48677 out of   95001 clauses (51.24 %)  Time =     0.28 sec
reduceDB: Keeping   51493 out of   96000 clauses (53.64 %)  Time =     0.28 sec
reduceDB: Keeping   40709 out of   97001 clauses (41.97 %)  Time =     0.29 sec
reduceDB: Keeping   48342 out of   98000 clauses (49.33 %)  Time =     0.29 sec
reduceDB: Keeping   48810 out of   99001 clauses (49.30 %)  Time =     0.30 sec
reduceDB: Keeping   49269 out of  100002 clauses (49.27 %)  Time =     0.30 sec
reduceDB: Keeping   49991 out of  101003 clauses (49.49 %)  Time =     0.31 sec
reduceDB: Keeping   50487 out of  102000 clauses (49.50 %)  Time =     0.31 sec
reduceDB: Keeping   51384 out of  103000 clauses (49.89 %)  Time =     0.32 sec
reduceDB: Keeping   51974 out of  104001 clauses (49.97 %)  Time =     0.32 sec
reduceDB: Keeping   52633 out of  105002 clauses (50.13 %)  Time =     0.33 sec
reduceDB: Keeping   49022 out of  106000 clauses (46.25 %)  Time =     0.33 sec
reduceDB: Keeping   53466 out of  107001 clauses (49.97 %)  Time =     0.34 sec
reduceDB: Keeping   54065 out of  108001 clauses (50.06 %)  Time =     0.34 sec
reduceDB: Keeping   53152 out of  109000 clauses (48.76 %)  Time =     0.35 sec
reduceDB: Keeping   55147 out of  110000 clauses (50.13 %)  Time =     0.35 sec
reduceDB: Keeping   54216 out of  111000 clauses (48.84 %)  Time =     0.36 sec
reduceDB: Keeping   56079 out of  112001 clauses (50.07 %)  Time =     0.37 sec
reduceDB: Keeping   56061 out of  113000 clauses (49.61 %)  Time =     0.37 sec
reduceDB: Keeping   57162 out of  114000 clauses (50.14 %)  Time =     0.38 sec
reduceDB: Keeping   57481 out of  115002 clauses (49.98 %)  Time =     0.38 sec
reduceDB: Keeping   56872 out of  116001 clauses (49.03 %)  Time =     0.39 sec
reduceDB: Keeping   55802 out of  117003 clauses (47.69 %)  Time =     0.39 sec
reduceDB: Keeping   57707 out of  118003 clauses (48.90 %)  Time =     0.40 sec
reduceDB: Keeping   58106 out of  119001 clauses (48.83 %)  Time =     0.41 sec
reduceDB: Keeping   57523 out of  120000 clauses (47.94 %)  Time =     0.41 sec
reduceDB: Keeping   60148 out of  121001 clauses (49.71 %)  Time =     0.42 sec
reduceDB: Keeping   60898 out of  122000 clauses (49.92 %)  Time =     0.42 sec
reduceDB: Keeping   61472 out of  123000 clauses (49.98 %)  Time =     0.43 sec
reduceDB: Keeping   61930 out of  124003 clauses (49.94 %)  Time =     0.44 sec
reduceDB: Keeping   62508 out of  125000 clauses (50.01 %)  Time =     0.44 sec
reduceDB: Keeping   62969 out of  126001 clauses (49.98 %)  Time =     0.45 sec
reduceDB: Keeping   63656 out of  127001 clauses (50.12 %)  Time =     0.46 sec
reduceDB: Keeping   62769 out of  128000 clauses (49.04 %)  Time =     0.46 sec
reduceDB: Keeping   64458 out of  129000 clauses (49.97 %)  Time =     0.47 sec
reduceDB: Keeping   65136 out of  130001 clauses (50.10 %)  Time =     0.47 sec
reduceDB: Keeping   65280 out of  131000 clauses (49.83 %)  Time =     0.48 sec
reduceDB: Keeping   66334 out of  132000 clauses (50.25 %)  Time =     0.49 sec
reduceDB: Keeping   67754 out of  133000 clauses (50.94 %)  Time =     0.49 sec
reduceDB: Keeping   68429 out of  134003 clauses (51.07 %)  Time =     0.50 sec
reduceDB: Keeping   70907 out of  135000 clauses (52.52 %)  Time =     0.51 sec
reduceDB: Keeping   73024 out of  136001 clauses (53.69 %)  Time =     0.51 sec
reduceDB: Keeping   56394 out of  137002 clauses (41.16 %)  Time =     0.52 sec
reduceDB: Keeping   67298 out of  138000 clauses (48.77 %)  Time =     0.53 sec
starts        :             8190
conflicts     :          4858494
decisions     :          5567025
propagations  :       1935619961
Final SAT:        Nodes =   2950.  Time =   498.63 sec
Networks are equivalent.  Time =   517.10 sec
End Old Verify =   517.10 sec
