ABC command line: "&read replace_1398.aig; &cec -m -v".

label 1
label 3
Assuming the current network is a single-output miter.
label 6
Start EquivFixOutputPairs =     0.00 sec
End EquivFixOutputPairs =     0.00 sec
Start ManSatSweeping =     0.00 sec
Simulating 15 words for 15 rounds. SAT solving with 1000 conflicts.
nSimWords = 0
cst =    2148  cls =      0  lit =    2148  unused =     256  proof =     0
cst =       3  cls =     14  lit =      17  unused =    2373  proof =     0
cst =       3  cls =      6  lit =       9  unused =    2389  proof =     0
cst =       2  cls =      3  lit =       5  unused =    2396  proof =     0
cst =       2  cls =      3  lit =       5  unused =    2396  proof =     0
cst =       2  cls =      3  lit =       5  unused =    2396  proof =     0
cst =       2  cls =      3  lit =       5  unused =    2396  proof =     0
cst =       2  cls =      3  lit =       5  unused =    2396  proof =     0
cst =       2  cls =      3  lit =       5  unused =    2396  proof =     0
cst =       2  cls =      3  lit =       5  unused =    2396  proof =     0
  1 : P =      0. D =      0. F =     1. M =     708. And =    2148. Time =     0.02 sec
Increasing conflict limit to 10000.
The result is written into file "cec_giaSweep.aig".
Switching into reduced mode.
  2 : P =      0. D =      1. F =     0. M =     708. And =    2148. Time =     0.00 sec
Switching into normal mode.
  3 : P =      0. D =      1. F =     0. M =       0. And =    2148. Time =     0.00 sec
  4 : P =      0. D =      1. F =     0. M =       0. And =    2148. Time =     0.01 sec
  5 : P =      0. D =      0. F =     1. M =       0. And =    2148. Time =     0.33 sec
Increasing conflict limit to 100000.
The result is written into file "cec_giaSweep.aig".
  6 : P =      0. D =      0. F =     1. M =       0. And =    2148. Time =     4.84 sec
Performed 6 SAT calls: P = 0  D = 3  F = 3
NBeg = 2148. NEnd = 2148. (Gain =   0.00 %).  RBeg = 0. REnd = 0. (Gain =   0.00 %).
Sim  =     0.01 sec (  0.00 %)
Sat  =     5.21 sec (  0.00 %)
Pat  =     0.00 sec (  0.00 %)
Time =     5.22 sec
End ManSatSweeping =     5.22 sec
Networks are UNDECIDED after the new CEC engine.  Time =     5.22 sec
Calling the old CEC engine.
Start Old Verify =     5.22 sec
Original miter:   Nodes =   2151.
label 27
Initial SAT:      Nodes =   2151.  Time =     0.02 sec
Rewriting:        Nodes =   2151.  Time =     0.02 sec
There are 0 XORs
Balance-X:        Nodes =   2417.  Time =     0.00 sec
Starting Fra_SmlSimulate......classes =     3.   Lits =      8.
Refined classes  after Pattern 0=     3.   Changes =    0.   Lits =      8.
Refined classes after pattern 1 =     3.   Changes =    0.   Lits =      8.
Refined classes  =     3.   Changes =    0.   Lits =      8.
start Fra_FraigSweep...
Fraiging (i=1):   Nodes =   2417.  Time =     0.00 sec
Rewriting:        Nodes =   2175.  Time =     0.01 sec
There are 0 XORs
Balance-X:        Nodes =   2414.  Time =     0.00 sec
Starting Fra_SmlSimulate......classes =     3.   Lits =      8.
Refined classes  after Pattern 0=     3.   Changes =    0.   Lits =      8.
Refined classes after pattern 1 =     3.   Changes =    0.   Lits =      8.
Refined classes  =     3.   Changes =    0.   Lits =      8.
start Fra_FraigSweep...
Fraiging (i=2):   Nodes =   2414.  Time =     0.00 sec
Rewriting:        Nodes =   2175.  Time =     0.01 sec
There are 0 XORs
Balance-X:        Nodes =   2414.  Time =     0.00 sec
Starting Fra_SmlSimulate......classes =     3.   Lits =      8.
Refined classes  after Pattern 0=     3.   Changes =    0.   Lits =      8.
Refined classes after pattern 1 =     3.   Changes =    0.   Lits =      8.
Refined classes  =     3.   Changes =    0.   Lits =      8.
start Fra_FraigSweep...
Fraiging (i=3):   Nodes =   2414.  Time =     0.01 sec
Rewriting:        Nodes =   2174.  Time =     0.01 sec
There are 0 XORs
Balance-X:        Nodes =   2414.  Time =     0.00 sec
Starting Fra_SmlSimulate......classes =     3.   Lits =      8.
Refined classes  after Pattern 0=     3.   Changes =    0.   Lits =      8.
Refined classes after pattern 1 =     3.   Changes =    0.   Lits =      8.
Refined classes  =     3.   Changes =    0.   Lits =      8.
start Fra_FraigSweep...
Fraiging (i=4):   Nodes =   2414.  Time =     0.04 sec
Rewriting:        Nodes =   2175.  Time =     0.01 sec
There are 0 XORs
Balance-X:        Nodes =   2414.  Time =     0.00 sec
Starting Fra_SmlSimulate......classes =     3.   Lits =      8.
Refined classes  after Pattern 0=     3.   Changes =    0.   Lits =      8.
Refined classes after pattern 1 =     3.   Changes =    0.   Lits =      8.
Refined classes  =     3.   Changes =    0.   Lits =      8.
start Fra_FraigSweep...
Fraiging (i=5):   Nodes =   2414.  Time =     0.43 sec
Rewriting:        Nodes =   2174.  Time =     0.01 sec
There are 0 XORs
Balance-X:        Nodes =   2414.  Time =     0.00 sec
Starting Fra_SmlSimulate......classes =     3.   Lits =      8.
Refined classes  after Pattern 0=     3.   Changes =    0.   Lits =      8.
Refined classes after pattern 1 =     3.   Changes =    0.   Lits =      8.
Refined classes  =     3.   Changes =    0.   Lits =      8.
start Fra_FraigSweep...
Fraiging (i=6):   Nodes =   2414.  Time =     5.00 sec
Rewriting:        Nodes =   2175.  Time =     0.01 sec
label 27
CNF stats: Vars =   1635. Clauses =    4952. Literals =    13397. Time =     0.00 sec
Running SAT solver with parameters 10000 and 1000 and 50.
reduceDB: Keeping    5016 out of   10001 clauses (50.15 %)  Time =     0.03 sec
reduceDB: Keeping    5520 out of   11000 clauses (50.18 %)  Time =     0.03 sec
reduceDB: Keeping    6009 out of   12000 clauses (50.08 %)  Time =     0.03 sec
reduceDB: Keeping    6542 out of   13003 clauses (50.31 %)  Time =     0.03 sec
reduceDB: Keeping    7009 out of   14000 clauses (50.06 %)  Time =     0.03 sec
reduceDB: Keeping    7611 out of   15003 clauses (50.73 %)  Time =     0.03 sec
reduceDB: Keeping    8148 out of   16000 clauses (50.92 %)  Time =     0.03 sec
reduceDB: Keeping    8799 out of   17002 clauses (51.75 %)  Time =     0.04 sec
reduceDB: Keeping    9445 out of   18001 clauses (52.47 %)  Time =     0.04 sec
reduceDB: Keeping    9973 out of   19000 clauses (52.49 %)  Time =     0.04 sec
reduceDB: Keeping   10435 out of   20000 clauses (52.17 %)  Time =     0.04 sec
reduceDB: Keeping   10889 out of   21001 clauses (51.85 %)  Time =     0.04 sec
reduceDB: Keeping   11298 out of   22001 clauses (51.35 %)  Time =     0.04 sec
reduceDB: Keeping   11754 out of   23000 clauses (51.10 %)  Time =     0.04 sec
reduceDB: Keeping   12415 out of   24002 clauses (51.72 %)  Time =     0.04 sec
reduceDB: Keeping   13241 out of   25001 clauses (52.96 %)  Time =     0.05 sec
reduceDB: Keeping   13694 out of   26001 clauses (52.67 %)  Time =     0.05 sec
reduceDB: Keeping   14385 out of   27001 clauses (53.28 %)  Time =     0.05 sec
reduceDB: Keeping   14668 out of   28001 clauses (52.38 %)  Time =     0.05 sec
reduceDB: Keeping   15133 out of   29002 clauses (52.18 %)  Time =     0.05 sec
reduceDB: Keeping   15847 out of   30000 clauses (52.82 %)  Time =     0.05 sec
reduceDB: Keeping   16258 out of   31000 clauses (52.45 %)  Time =     0.05 sec
reduceDB: Keeping   16367 out of   32001 clauses (51.15 %)  Time =     0.06 sec
reduceDB: Keeping   17043 out of   33000 clauses (51.65 %)  Time =     0.06 sec
reduceDB: Keeping   17682 out of   34001 clauses (52.00 %)  Time =     0.06 sec
reduceDB: Keeping   18001 out of   35000 clauses (51.43 %)  Time =     0.06 sec
reduceDB: Keeping   18628 out of   36001 clauses (51.74 %)  Time =     0.06 sec
reduceDB: Keeping   19254 out of   37000 clauses (52.04 %)  Time =     0.07 sec
reduceDB: Keeping   19801 out of   38001 clauses (52.11 %)  Time =     0.07 sec
reduceDB: Keeping   20271 out of   39000 clauses (51.98 %)  Time =     0.07 sec
reduceDB: Keeping   20301 out of   40000 clauses (50.75 %)  Time =     0.07 sec
reduceDB: Keeping   20825 out of   41001 clauses (50.79 %)  Time =     0.07 sec
reduceDB: Keeping   21299 out of   42000 clauses (50.71 %)  Time =     0.08 sec
reduceDB: Keeping   22591 out of   43002 clauses (52.53 %)  Time =     0.08 sec
reduceDB: Keeping   23432 out of   44000 clauses (53.25 %)  Time =     0.08 sec
reduceDB: Keeping   24454 out of   45003 clauses (54.34 %)  Time =     0.08 sec
reduceDB: Keeping   24808 out of   46003 clauses (53.93 %)  Time =     0.09 sec
reduceDB: Keeping   24856 out of   47000 clauses (52.89 %)  Time =     0.09 sec
reduceDB: Keeping   25223 out of   48000 clauses (52.55 %)  Time =     0.09 sec
reduceDB: Keeping   25700 out of   49000 clauses (52.45 %)  Time =     0.09 sec
reduceDB: Keeping   26180 out of   50000 clauses (52.36 %)  Time =     0.10 sec
reduceDB: Keeping   26266 out of   51000 clauses (51.50 %)  Time =     0.10 sec
reduceDB: Keeping   26636 out of   52000 clauses (51.22 %)  Time =     0.10 sec
reduceDB: Keeping   26987 out of   53001 clauses (50.92 %)  Time =     0.11 sec
reduceDB: Keeping   27553 out of   54000 clauses (51.02 %)  Time =     0.11 sec
reduceDB: Keeping   28281 out of   55000 clauses (51.42 %)  Time =     0.11 sec
reduceDB: Keeping   28467 out of   56001 clauses (50.83 %)  Time =     0.11 sec
reduceDB: Keeping   29194 out of   57000 clauses (51.22 %)  Time =     0.12 sec
reduceDB: Keeping   29391 out of   58001 clauses (50.67 %)  Time =     0.12 sec
reduceDB: Keeping   30075 out of   59000 clauses (50.97 %)  Time =     0.12 sec
reduceDB: Keeping   30549 out of   60002 clauses (50.91 %)  Time =     0.13 sec
reduceDB: Keeping   31151 out of   61003 clauses (51.06 %)  Time =     0.13 sec
reduceDB: Keeping   31537 out of   62000 clauses (50.87 %)  Time =     0.13 sec
reduceDB: Keeping   32893 out of   63001 clauses (52.21 %)  Time =     0.14 sec
reduceDB: Keeping   34364 out of   64000 clauses (53.69 %)  Time =     0.14 sec
reduceDB: Keeping   35398 out of   65001 clauses (54.46 %)  Time =     0.14 sec
reduceDB: Keeping   36126 out of   66000 clauses (54.74 %)  Time =     0.15 sec
reduceDB: Keeping   36632 out of   67000 clauses (54.67 %)  Time =     0.15 sec
reduceDB: Keeping   37086 out of   68002 clauses (54.54 %)  Time =     0.15 sec
reduceDB: Keeping   37292 out of   69001 clauses (54.05 %)  Time =     0.16 sec
reduceDB: Keeping   37129 out of   70001 clauses (53.04 %)  Time =     0.16 sec
reduceDB: Keeping   37429 out of   71002 clauses (52.72 %)  Time =     0.16 sec
reduceDB: Keeping   37486 out of   72002 clauses (52.06 %)  Time =     0.17 sec
reduceDB: Keeping   38163 out of   73001 clauses (52.28 %)  Time =     0.17 sec
reduceDB: Keeping   38249 out of   74000 clauses (51.69 %)  Time =     0.18 sec
reduceDB: Keeping   38602 out of   75000 clauses (51.47 %)  Time =     0.18 sec
reduceDB: Keeping   38656 out of   76002 clauses (50.86 %)  Time =     0.18 sec
reduceDB: Keeping   39313 out of   77001 clauses (51.06 %)  Time =     0.19 sec
reduceDB: Keeping   39793 out of   78000 clauses (51.02 %)  Time =     0.19 sec
reduceDB: Keeping   40187 out of   79002 clauses (50.87 %)  Time =     0.19 sec
reduceDB: Keeping   40488 out of   80000 clauses (50.61 %)  Time =     0.20 sec
reduceDB: Keeping   42246 out of   81003 clauses (52.15 %)  Time =     0.20 sec
reduceDB: Keeping   43020 out of   82000 clauses (52.46 %)  Time =     0.21 sec
reduceDB: Keeping   43195 out of   83000 clauses (52.04 %)  Time =     0.21 sec
reduceDB: Keeping   43512 out of   84000 clauses (51.80 %)  Time =     0.22 sec
reduceDB: Keeping   43509 out of   85002 clauses (51.19 %)  Time =     0.22 sec
reduceDB: Keeping   44249 out of   86000 clauses (51.45 %)  Time =     0.22 sec
reduceDB: Keeping   44768 out of   87003 clauses (51.46 %)  Time =     0.23 sec
reduceDB: Keeping   44408 out of   88002 clauses (50.46 %)  Time =     0.23 sec
reduceDB: Keeping   45318 out of   89002 clauses (50.92 %)  Time =     0.24 sec
reduceDB: Keeping   46367 out of   90000 clauses (51.52 %)  Time =     0.24 sec
reduceDB: Keeping   46290 out of   91000 clauses (50.87 %)  Time =     0.25 sec
reduceDB: Keeping   46900 out of   92001 clauses (50.98 %)  Time =     0.25 sec
reduceDB: Keeping   48535 out of   93000 clauses (52.19 %)  Time =     0.26 sec
reduceDB: Keeping   49881 out of   94000 clauses (53.06 %)  Time =     0.26 sec
reduceDB: Keeping   50255 out of   95000 clauses (52.90 %)  Time =     0.27 sec
reduceDB: Keeping   50470 out of   96001 clauses (52.57 %)  Time =     0.27 sec
reduceDB: Keeping   51676 out of   97004 clauses (53.27 %)  Time =     0.28 sec
reduceDB: Keeping   51465 out of   98001 clauses (52.51 %)  Time =     0.28 sec
reduceDB: Keeping   52159 out of   99000 clauses (52.69 %)  Time =     0.29 sec
reduceDB: Keeping   52474 out of  100001 clauses (52.47 %)  Time =     0.29 sec
reduceDB: Keeping   52070 out of  101000 clauses (51.55 %)  Time =     0.30 sec
reduceDB: Keeping   52081 out of  102000 clauses (51.06 %)  Time =     0.30 sec
reduceDB: Keeping   52471 out of  103000 clauses (50.94 %)  Time =     0.31 sec
reduceDB: Keeping   52801 out of  104001 clauses (50.77 %)  Time =     0.31 sec
reduceDB: Keeping   53312 out of  105000 clauses (50.77 %)  Time =     0.32 sec
reduceDB: Keeping   54284 out of  106001 clauses (51.21 %)  Time =     0.32 sec
reduceDB: Keeping   53717 out of  107002 clauses (50.20 %)  Time =     0.33 sec
reduceDB: Keeping   54283 out of  108000 clauses (50.26 %)  Time =     0.33 sec
reduceDB: Keeping   55266 out of  109000 clauses (50.70 %)  Time =     0.34 sec
reduceDB: Keeping   57513 out of  110000 clauses (52.28 %)  Time =     0.34 sec
reduceDB: Keeping   56891 out of  111000 clauses (51.25 %)  Time =     0.35 sec
reduceDB: Keeping   57368 out of  112000 clauses (51.22 %)  Time =     0.35 sec
reduceDB: Keeping   57030 out of  113002 clauses (50.47 %)  Time =     0.36 sec
reduceDB: Keeping   58271 out of  114000 clauses (51.11 %)  Time =     0.37 sec
reduceDB: Keeping   58366 out of  115003 clauses (50.75 %)  Time =     0.37 sec
reduceDB: Keeping   59531 out of  116000 clauses (51.32 %)  Time =     0.38 sec
reduceDB: Keeping   59417 out of  117000 clauses (50.78 %)  Time =     0.38 sec
reduceDB: Keeping   60589 out of  118000 clauses (51.35 %)  Time =     0.39 sec
reduceDB: Keeping   61234 out of  119002 clauses (51.46 %)  Time =     0.40 sec
reduceDB: Keeping   62956 out of  120001 clauses (52.46 %)  Time =     0.40 sec
reduceDB: Keeping   63290 out of  121001 clauses (52.31 %)  Time =     0.41 sec
reduceDB: Keeping   63774 out of  122000 clauses (52.27 %)  Time =     0.41 sec
reduceDB: Keeping   63773 out of  123001 clauses (51.85 %)  Time =     0.42 sec
reduceDB: Keeping   64847 out of  124002 clauses (52.30 %)  Time =     0.43 sec
reduceDB: Keeping   66304 out of  125000 clauses (53.04 %)  Time =     0.43 sec
reduceDB: Keeping   66661 out of  126001 clauses (52.91 %)  Time =     0.44 sec
reduceDB: Keeping   67771 out of  127001 clauses (53.36 %)  Time =     0.44 sec
reduceDB: Keeping   69359 out of  128001 clauses (54.19 %)  Time =     0.45 sec
reduceDB: Keeping   51975 out of  129000 clauses (40.29 %)  Time =     0.46 sec
starts        :             7330
conflicts     :          4155548
decisions     :          4797678
propagations  :       1273155022
Final SAT:        Nodes =   2175.  Time =   384.25 sec
Networks are equivalent.  Time =   395.03 sec
End Old Verify =   395.03 sec
