ABC command line: "&read replace_1376.aig; &cec -m -v".

label 1
label 3
Assuming the current network is a single-output miter.
label 6
Start EquivFixOutputPairs =     0.00 sec
End EquivFixOutputPairs =     0.00 sec
Start ManSatSweeping =     0.00 sec
Simulating 15 words for 15 rounds. SAT solving with 1000 conflicts.
nSimWords = 0
cst =    2029  cls =      0  lit =    2029  unused =     256  proof =     0
cst =       3  cls =      4  lit =       7  unused =    2274  proof =     0
cst =       2  cls =      3  lit =       5  unused =    2277  proof =     0
cst =       0  cls =      1  lit =       1  unused =    2283  proof =     0
cst =       0  cls =      1  lit =       1  unused =    2283  proof =     0
cst =       0  cls =      1  lit =       1  unused =    2283  proof =     0
cst =       0  cls =      1  lit =       1  unused =    2283  proof =     0
cst =       0  cls =      1  lit =       1  unused =    2283  proof =     0
cst =       0  cls =      1  lit =       1  unused =    2283  proof =     0
cst =       0  cls =      1  lit =       1  unused =    2283  proof =     0
  1 : P =      0. D =      0. F =     1. M =     661. And =    2029. Time =     0.02 sec
Increasing conflict limit to 10000.
The result is written into file "cec_giaSweep.aig".
Switching into reduced mode.
  2 : P =      0. D =      0. F =     1. M =     661. And =    2029. Time =     0.35 sec
Increasing conflict limit to 100000.
The result is written into file "cec_giaSweep.aig".
Switching into normal mode.
  3 : P =      0. D =      0. F =     1. M =       0. And =    2029. Time =     4.79 sec
Performed 3 SAT calls: P = 0  D = 0  F = 3
NBeg = 2029. NEnd = 2029. (Gain =   0.00 %).  RBeg = 0. REnd = 0. (Gain =   0.00 %).
Sim  =     0.01 sec (  0.00 %)
Sat  =     5.15 sec (  0.00 %)
Pat  =     0.00 sec (  0.00 %)
Time =     5.16 sec
End ManSatSweeping =     5.16 sec
Networks are UNDECIDED after the new CEC engine.  Time =     5.16 sec
Calling the old CEC engine.
Start Old Verify =     5.16 sec
Original miter:   Nodes =   2032.
label 27
Initial SAT:      Nodes =   2032.  Time =     0.02 sec
Rewriting:        Nodes =   2032.  Time =     0.02 sec
There are 0 XORs
Balance-X:        Nodes =   2297.  Time =     0.00 sec
Starting Fra_SmlSimulate......classes =     1.   Lits =      4.
Refined classes  after Pattern 0=     1.   Changes =    0.   Lits =      4.
Refined classes after pattern 1 =     1.   Changes =    0.   Lits =      4.
Refined classes  =     1.   Changes =    0.   Lits =      4.
start Fra_FraigSweep...
Fraiging (i=1):   Nodes =   2297.  Time =     0.00 sec
Rewriting:        Nodes =   2054.  Time =     0.01 sec
There are 0 XORs
Balance-X:        Nodes =   2295.  Time =     0.00 sec
Starting Fra_SmlSimulate......classes =     1.   Lits =      4.
Refined classes  after Pattern 0=     1.   Changes =    0.   Lits =      4.
Refined classes after pattern 1 =     1.   Changes =    0.   Lits =      4.
Refined classes  =     1.   Changes =    0.   Lits =      4.
start Fra_FraigSweep...
Fraiging (i=2):   Nodes =   2295.  Time =     0.00 sec
Rewriting:        Nodes =   2055.  Time =     0.01 sec
There are 0 XORs
Balance-X:        Nodes =   2294.  Time =     0.00 sec
Starting Fra_SmlSimulate......classes =     1.   Lits =      4.
Refined classes  after Pattern 0=     1.   Changes =    0.   Lits =      4.
Refined classes after pattern 1 =     1.   Changes =    0.   Lits =      4.
Refined classes  =     1.   Changes =    0.   Lits =      4.
start Fra_FraigSweep...
Fraiging (i=3):   Nodes =   2294.  Time =     0.01 sec
Rewriting:        Nodes =   2057.  Time =     0.01 sec
There are 0 XORs
Balance-X:        Nodes =   2294.  Time =     0.00 sec
Starting Fra_SmlSimulate......classes =     1.   Lits =      4.
Refined classes  after Pattern 0=     1.   Changes =    0.   Lits =      4.
Refined classes after pattern 1 =     1.   Changes =    0.   Lits =      4.
Refined classes  =     1.   Changes =    0.   Lits =      4.
start Fra_FraigSweep...
Fraiging (i=4):   Nodes =   2294.  Time =     0.08 sec
Rewriting:        Nodes =   2055.  Time =     0.01 sec
There are 0 XORs
Balance-X:        Nodes =   2293.  Time =     0.00 sec
Starting Fra_SmlSimulate......classes =     1.   Lits =      4.
Refined classes  after Pattern 0=     1.   Changes =    0.   Lits =      4.
Refined classes after pattern 1 =     1.   Changes =    0.   Lits =      4.
Refined classes  =     1.   Changes =    0.   Lits =      4.
start Fra_FraigSweep...
Fraiging (i=5):   Nodes =   2293.  Time =     0.90 sec
Rewriting:        Nodes =   2054.  Time =     0.01 sec
There are 0 XORs
Balance-X:        Nodes =   2293.  Time =     0.00 sec
Starting Fra_SmlSimulate......classes =     1.   Lits =      4.
Refined classes  after Pattern 0=     1.   Changes =    0.   Lits =      4.
Refined classes after pattern 1 =     1.   Changes =    0.   Lits =      4.
Refined classes  =     1.   Changes =    0.   Lits =      4.
start Fra_FraigSweep...
Fraiging (i=6):   Nodes =   2293.  Time =    10.95 sec
Rewriting:        Nodes =   2053.  Time =     0.01 sec
label 27
CNF stats: Vars =   1589. Clauses =    4739. Literals =    12783. Time =     0.00 sec
Running SAT solver with parameters 10000 and 1000 and 50.
reduceDB: Keeping    4872 out of   10003 clauses (48.71 %)  Time =     0.04 sec
reduceDB: Keeping    5526 out of   11000 clauses (50.24 %)  Time =     0.04 sec
reduceDB: Keeping    6005 out of   12001 clauses (50.04 %)  Time =     0.04 sec
reduceDB: Keeping    6527 out of   13000 clauses (50.21 %)  Time =     0.05 sec
reduceDB: Keeping    7017 out of   14002 clauses (50.11 %)  Time =     0.05 sec
reduceDB: Keeping    7526 out of   15000 clauses (50.17 %)  Time =     0.05 sec
reduceDB: Keeping    8028 out of   16002 clauses (50.17 %)  Time =     0.05 sec
reduceDB: Keeping    8524 out of   17000 clauses (50.14 %)  Time =     0.05 sec
reduceDB: Keeping    9016 out of   18000 clauses (50.09 %)  Time =     0.05 sec
reduceDB: Keeping    9738 out of   19004 clauses (51.24 %)  Time =     0.05 sec
reduceDB: Keeping   10549 out of   20000 clauses (52.74 %)  Time =     0.05 sec
reduceDB: Keeping   11338 out of   21000 clauses (53.99 %)  Time =     0.05 sec
reduceDB: Keeping   11847 out of   22001 clauses (53.85 %)  Time =     0.06 sec
reduceDB: Keeping   12204 out of   23000 clauses (53.06 %)  Time =     0.06 sec
reduceDB: Keeping   12807 out of   24002 clauses (53.36 %)  Time =     0.06 sec
reduceDB: Keeping   13605 out of   25000 clauses (54.42 %)  Time =     0.06 sec
reduceDB: Keeping   13872 out of   26001 clauses (53.35 %)  Time =     0.06 sec
reduceDB: Keeping   14319 out of   27001 clauses (53.03 %)  Time =     0.06 sec
reduceDB: Keeping   15068 out of   28000 clauses (53.81 %)  Time =     0.06 sec
reduceDB: Keeping   15768 out of   29002 clauses (54.37 %)  Time =     0.06 sec
reduceDB: Keeping   16355 out of   30000 clauses (54.52 %)  Time =     0.07 sec
reduceDB: Keeping   16902 out of   31000 clauses (54.52 %)  Time =     0.07 sec
reduceDB: Keeping   17290 out of   32001 clauses (54.03 %)  Time =     0.07 sec
reduceDB: Keeping   17655 out of   33003 clauses (53.50 %)  Time =     0.07 sec
reduceDB: Keeping   18250 out of   34001 clauses (53.67 %)  Time =     0.07 sec
reduceDB: Keeping   18746 out of   35001 clauses (53.56 %)  Time =     0.08 sec
reduceDB: Keeping   19067 out of   36000 clauses (52.96 %)  Time =     0.08 sec
reduceDB: Keeping   20134 out of   37001 clauses (54.41 %)  Time =     0.08 sec
reduceDB: Keeping   20296 out of   38001 clauses (53.41 %)  Time =     0.08 sec
reduceDB: Keeping   20983 out of   39000 clauses (53.80 %)  Time =     0.08 sec
reduceDB: Keeping   21340 out of   40001 clauses (53.35 %)  Time =     0.09 sec
reduceDB: Keeping   21761 out of   41003 clauses (53.07 %)  Time =     0.09 sec
reduceDB: Keeping   22325 out of   42000 clauses (53.15 %)  Time =     0.09 sec
reduceDB: Keeping   23339 out of   43001 clauses (54.28 %)  Time =     0.09 sec
reduceDB: Keeping   23937 out of   44000 clauses (54.40 %)  Time =     0.09 sec
reduceDB: Keeping   24431 out of   45000 clauses (54.29 %)  Time =     0.10 sec
reduceDB: Keeping   24889 out of   46003 clauses (54.10 %)  Time =     0.10 sec
reduceDB: Keeping   25170 out of   47001 clauses (53.55 %)  Time =     0.10 sec
reduceDB: Keeping   25588 out of   48000 clauses (53.31 %)  Time =     0.10 sec
reduceDB: Keeping   26138 out of   49001 clauses (53.34 %)  Time =     0.11 sec
reduceDB: Keeping   26618 out of   50001 clauses (53.23 %)  Time =     0.11 sec
reduceDB: Keeping   27172 out of   51000 clauses (53.28 %)  Time =     0.11 sec
reduceDB: Keeping   27332 out of   52000 clauses (52.56 %)  Time =     0.11 sec
reduceDB: Keeping   27880 out of   53000 clauses (52.60 %)  Time =     0.12 sec
reduceDB: Keeping   28036 out of   54000 clauses (51.92 %)  Time =     0.12 sec
reduceDB: Keeping   29232 out of   55001 clauses (53.15 %)  Time =     0.12 sec
reduceDB: Keeping   29543 out of   56000 clauses (52.76 %)  Time =     0.13 sec
reduceDB: Keeping   30034 out of   57001 clauses (52.69 %)  Time =     0.13 sec
reduceDB: Keeping   30280 out of   58000 clauses (52.21 %)  Time =     0.13 sec
reduceDB: Keeping   31155 out of   59000 clauses (52.81 %)  Time =     0.14 sec
reduceDB: Keeping   31586 out of   60000 clauses (52.64 %)  Time =     0.14 sec
reduceDB: Keeping   31731 out of   61001 clauses (52.02 %)  Time =     0.14 sec
reduceDB: Keeping   32085 out of   62000 clauses (51.75 %)  Time =     0.15 sec
reduceDB: Keeping   33657 out of   63000 clauses (53.42 %)  Time =     0.15 sec
reduceDB: Keeping   34086 out of   64002 clauses (53.26 %)  Time =     0.15 sec
reduceDB: Keeping   35262 out of   65002 clauses (54.25 %)  Time =     0.16 sec
reduceDB: Keeping   36062 out of   66000 clauses (54.64 %)  Time =     0.16 sec
reduceDB: Keeping   36668 out of   67002 clauses (54.73 %)  Time =     0.16 sec
reduceDB: Keeping   28340 out of   68000 clauses (41.68 %)  Time =     0.17 sec
reduceDB: Keeping   34609 out of   69002 clauses (50.16 %)  Time =     0.17 sec
reduceDB: Keeping   34612 out of   70000 clauses (49.45 %)  Time =     0.17 sec
reduceDB: Keeping   35563 out of   71001 clauses (50.09 %)  Time =     0.18 sec
reduceDB: Keeping   36005 out of   72002 clauses (50.01 %)  Time =     0.18 sec
reduceDB: Keeping   36601 out of   73000 clauses (50.14 %)  Time =     0.18 sec
reduceDB: Keeping   36990 out of   74000 clauses (49.99 %)  Time =     0.19 sec
reduceDB: Keeping   37550 out of   75002 clauses (50.07 %)  Time =     0.19 sec
reduceDB: Keeping   38124 out of   76000 clauses (50.16 %)  Time =     0.20 sec
reduceDB: Keeping   38580 out of   77003 clauses (50.10 %)  Time =     0.20 sec
reduceDB: Keeping   38988 out of   78002 clauses (49.98 %)  Time =     0.20 sec
reduceDB: Keeping   39458 out of   79000 clauses (49.95 %)  Time =     0.21 sec
reduceDB: Keeping   40010 out of   80002 clauses (50.01 %)  Time =     0.21 sec
reduceDB: Keeping   40812 out of   81001 clauses (50.38 %)  Time =     0.22 sec
reduceDB: Keeping   42366 out of   82002 clauses (51.66 %)  Time =     0.22 sec
reduceDB: Keeping   42457 out of   83002 clauses (51.15 %)  Time =     0.22 sec
reduceDB: Keeping   42693 out of   84001 clauses (50.82 %)  Time =     0.23 sec
reduceDB: Keeping   42786 out of   85002 clauses (50.34 %)  Time =     0.23 sec
reduceDB: Keeping   43155 out of   86000 clauses (50.18 %)  Time =     0.24 sec
reduceDB: Keeping   43985 out of   87002 clauses (50.56 %)  Time =     0.24 sec
reduceDB: Keeping   44084 out of   88000 clauses (50.10 %)  Time =     0.25 sec
reduceDB: Keeping   44608 out of   89002 clauses (50.12 %)  Time =     0.25 sec
reduceDB: Keeping   45142 out of   90000 clauses (50.16 %)  Time =     0.26 sec
reduceDB: Keeping   45512 out of   91000 clauses (50.01 %)  Time =     0.26 sec
reduceDB: Keeping   46060 out of   92000 clauses (50.07 %)  Time =     0.26 sec
reduceDB: Keeping   47682 out of   93001 clauses (51.27 %)  Time =     0.27 sec
reduceDB: Keeping   50325 out of   94000 clauses (53.54 %)  Time =     0.27 sec
reduceDB: Keeping   41012 out of   95001 clauses (43.17 %)  Time =     0.28 sec
reduceDB: Keeping   47994 out of   96001 clauses (49.99 %)  Time =     0.28 sec
reduceDB: Keeping   48557 out of   97000 clauses (50.06 %)  Time =     0.29 sec
reduceDB: Keeping   51137 out of   98000 clauses (52.18 %)  Time =     0.29 sec
reduceDB: Keeping   52982 out of   99000 clauses (53.52 %)  Time =     0.30 sec
reduceDB: Keeping   52832 out of  100001 clauses (52.83 %)  Time =     0.30 sec
reduceDB: Keeping   52643 out of  101000 clauses (52.12 %)  Time =     0.31 sec
reduceDB: Keeping   52995 out of  102001 clauses (51.96 %)  Time =     0.31 sec
reduceDB: Keeping   53083 out of  103002 clauses (51.54 %)  Time =     0.32 sec
reduceDB: Keeping   54031 out of  104001 clauses (51.95 %)  Time =     0.32 sec
reduceDB: Keeping   53671 out of  105001 clauses (51.11 %)  Time =     0.33 sec
reduceDB: Keeping   53210 out of  106001 clauses (50.20 %)  Time =     0.33 sec
reduceDB: Keeping   53975 out of  107000 clauses (50.44 %)  Time =     0.34 sec
reduceDB: Keeping   55134 out of  108003 clauses (51.05 %)  Time =     0.35 sec
reduceDB: Keeping   55862 out of  109000 clauses (51.25 %)  Time =     0.35 sec
reduceDB: Keeping   56658 out of  110000 clauses (51.51 %)  Time =     0.36 sec
reduceDB: Keeping   57444 out of  111004 clauses (51.75 %)  Time =     0.36 sec
reduceDB: Keeping   57499 out of  112000 clauses (51.34 %)  Time =     0.37 sec
reduceDB: Keeping   58055 out of  113000 clauses (51.38 %)  Time =     0.37 sec
reduceDB: Keeping   59558 out of  114002 clauses (52.24 %)  Time =     0.38 sec
reduceDB: Keeping   60470 out of  115000 clauses (52.58 %)  Time =     0.39 sec
reduceDB: Keeping   60942 out of  116000 clauses (52.54 %)  Time =     0.39 sec
reduceDB: Keeping   61382 out of  117003 clauses (52.46 %)  Time =     0.40 sec
reduceDB: Keeping   62557 out of  118002 clauses (53.01 %)  Time =     0.40 sec
reduceDB: Keeping   64518 out of  119001 clauses (54.22 %)  Time =     0.41 sec
reduceDB: Keeping   52613 out of  120000 clauses (43.84 %)  Time =     0.42 sec
reduceDB: Keeping   60952 out of  121001 clauses (50.37 %)  Time =     0.42 sec
starts        :             6363
conflicts     :          3660484
decisions     :          4208710
propagations  :       1129070288
Final SAT:        Nodes =   2053.  Time =   330.95 sec
Networks are equivalent.  Time =   348.12 sec
End Old Verify =   348.12 sec
