ABC command line: "&read replace_1361.aig; &cec -m -v".

label 1
label 3
Assuming the current network is a single-output miter.
label 6
Start EquivFixOutputPairs =     0.00 sec
End EquivFixOutputPairs =     0.00 sec
Start ManSatSweeping =     0.00 sec
Simulating 15 words for 15 rounds. SAT solving with 1000 conflicts.
nSimWords = 0
cst =    2043  cls =      0  lit =    2043  unused =     256  proof =     0
cst =       2  cls =      3  lit =       6  unused =    2290  proof =     0
cst =       2  cls =      2  lit =       5  unused =    2292  proof =     0
cst =       0  cls =      1  lit =       1  unused =    2297  proof =     0
cst =       0  cls =      1  lit =       1  unused =    2297  proof =     0
cst =       0  cls =      1  lit =       1  unused =    2297  proof =     0
cst =       0  cls =      1  lit =       1  unused =    2297  proof =     0
cst =       0  cls =      1  lit =       1  unused =    2297  proof =     0
cst =       0  cls =      1  lit =       1  unused =    2297  proof =     0
cst =       0  cls =      1  lit =       1  unused =    2297  proof =     0
  1 : P =      0. D =      0. F =     1. M =     668. And =    2043. Time =     0.01 sec
Increasing conflict limit to 10000.
The result is written into file "cec_giaSweep.aig".
Switching into reduced mode.
  2 : P =      0. D =      0. F =     1. M =     668. And =    2043. Time =     0.25 sec
Increasing conflict limit to 100000.
The result is written into file "cec_giaSweep.aig".
Switching into normal mode.
  3 : P =      0. D =      0. F =     1. M =       0. And =    2043. Time =     4.00 sec
Performed 3 SAT calls: P = 0  D = 0  F = 3
NBeg = 2043. NEnd = 2043. (Gain =   0.00 %).  RBeg = 0. REnd = 0. (Gain =   0.00 %).
Sim  =     0.00 sec (  0.00 %)
Sat  =     4.27 sec (  0.00 %)
Pat  =     0.00 sec (  0.00 %)
Time =     4.28 sec
End ManSatSweeping =     4.28 sec
Networks are UNDECIDED after the new CEC engine.  Time =     4.28 sec
Calling the old CEC engine.
Start Old Verify =     4.28 sec
Original miter:   Nodes =   2046.
label 27
Initial SAT:      Nodes =   2046.  Time =     0.02 sec
Rewriting:        Nodes =   2045.  Time =     0.02 sec
There are 0 XORs
Balance-X:        Nodes =   2307.  Time =     0.00 sec
Starting Fra_SmlSimulate......classes =     1.   Lits =      4.
Refined classes  after Pattern 0=     1.   Changes =    0.   Lits =      4.
Refined classes after pattern 1 =     1.   Changes =    0.   Lits =      4.
Refined classes  =     1.   Changes =    0.   Lits =      4.
start Fra_FraigSweep...
Fraiging (i=1):   Nodes =   2307.  Time =     0.00 sec
Rewriting:        Nodes =   2068.  Time =     0.01 sec
There are 0 XORs
Balance-X:        Nodes =   2305.  Time =     0.00 sec
Starting Fra_SmlSimulate......classes =     1.   Lits =      4.
Refined classes  after Pattern 0=     1.   Changes =    0.   Lits =      4.
Refined classes after pattern 1 =     1.   Changes =    0.   Lits =      4.
Refined classes  =     1.   Changes =    0.   Lits =      4.
start Fra_FraigSweep...
Fraiging (i=2):   Nodes =   2305.  Time =     0.00 sec
Rewriting:        Nodes =   2069.  Time =     0.01 sec
There are 0 XORs
Balance-X:        Nodes =   2305.  Time =     0.00 sec
Starting Fra_SmlSimulate......classes =     1.   Lits =      4.
Refined classes  after Pattern 0=     1.   Changes =    0.   Lits =      4.
Refined classes after pattern 1 =     1.   Changes =    0.   Lits =      4.
Refined classes  =     1.   Changes =    0.   Lits =      4.
start Fra_FraigSweep...
Fraiging (i=3):   Nodes =   2305.  Time =     0.01 sec
Rewriting:        Nodes =   2069.  Time =     0.01 sec
There are 0 XORs
Balance-X:        Nodes =   2305.  Time =     0.00 sec
Starting Fra_SmlSimulate......classes =     1.   Lits =      4.
Refined classes  after Pattern 0=     1.   Changes =    0.   Lits =      4.
Refined classes after pattern 1 =     1.   Changes =    0.   Lits =      4.
Refined classes  =     1.   Changes =    0.   Lits =      4.
start Fra_FraigSweep...
Fraiging (i=4):   Nodes =   2305.  Time =     0.08 sec
Rewriting:        Nodes =   2069.  Time =     0.01 sec
There are 0 XORs
Balance-X:        Nodes =   2305.  Time =     0.00 sec
Starting Fra_SmlSimulate......classes =     1.   Lits =      4.
Refined classes  after Pattern 0=     1.   Changes =    0.   Lits =      4.
Refined classes after pattern 1 =     1.   Changes =    0.   Lits =      4.
Refined classes  =     1.   Changes =    0.   Lits =      4.
start Fra_FraigSweep...
Fraiging (i=5):   Nodes =   2305.  Time =     0.94 sec
Rewriting:        Nodes =   2069.  Time =     0.01 sec
There are 0 XORs
Balance-X:        Nodes =   2305.  Time =     0.00 sec
Starting Fra_SmlSimulate......classes =     1.   Lits =      4.
Refined classes  after Pattern 0=     1.   Changes =    0.   Lits =      4.
Refined classes after pattern 1 =     1.   Changes =    0.   Lits =      4.
Refined classes  =     1.   Changes =    0.   Lits =      4.
start Fra_FraigSweep...
Fraiging (i=6):   Nodes =   2305.  Time =    11.10 sec
Rewriting:        Nodes =   2069.  Time =     0.01 sec
label 27
CNF stats: Vars =   1589. Clauses =    4765. Literals =    12896. Time =     0.00 sec
Running SAT solver with parameters 10000 and 1000 and 50.
reduceDB: Keeping    5039 out of   10000 clauses (50.39 %)  Time =     0.04 sec
reduceDB: Keeping    5519 out of   11001 clauses (50.17 %)  Time =     0.04 sec
reduceDB: Keeping    6020 out of   12001 clauses (50.16 %)  Time =     0.04 sec
reduceDB: Keeping    6521 out of   13001 clauses (50.16 %)  Time =     0.04 sec
reduceDB: Keeping    7014 out of   14000 clauses (50.10 %)  Time =     0.04 sec
reduceDB: Keeping    7704 out of   15000 clauses (51.36 %)  Time =     0.04 sec
reduceDB: Keeping    8170 out of   16000 clauses (51.06 %)  Time =     0.05 sec
reduceDB: Keeping    8909 out of   17000 clauses (52.41 %)  Time =     0.05 sec
reduceDB: Keeping    9607 out of   18001 clauses (53.37 %)  Time =     0.05 sec
reduceDB: Keeping   10248 out of   19001 clauses (53.93 %)  Time =     0.05 sec
reduceDB: Keeping   10927 out of   20000 clauses (54.63 %)  Time =     0.05 sec
reduceDB: Keeping   11514 out of   21003 clauses (54.82 %)  Time =     0.05 sec
reduceDB: Keeping   10268 out of   22001 clauses (46.67 %)  Time =     0.05 sec
reduceDB: Keeping   11553 out of   23000 clauses (50.23 %)  Time =     0.05 sec
reduceDB: Keeping   12082 out of   24002 clauses (50.34 %)  Time =     0.06 sec
reduceDB: Keeping   12890 out of   25000 clauses (51.56 %)  Time =     0.06 sec
reduceDB: Keeping   13429 out of   26001 clauses (51.65 %)  Time =     0.06 sec
reduceDB: Keeping   14136 out of   27002 clauses (52.35 %)  Time =     0.06 sec
reduceDB: Keeping   14895 out of   28001 clauses (53.19 %)  Time =     0.06 sec
reduceDB: Keeping   15292 out of   29001 clauses (52.73 %)  Time =     0.06 sec
reduceDB: Keeping   16065 out of   30003 clauses (53.54 %)  Time =     0.06 sec
reduceDB: Keeping   16576 out of   31000 clauses (53.47 %)  Time =     0.07 sec
reduceDB: Keeping   17221 out of   32000 clauses (53.82 %)  Time =     0.07 sec
reduceDB: Keeping   17749 out of   33000 clauses (53.78 %)  Time =     0.07 sec
reduceDB: Keeping   18304 out of   34002 clauses (53.83 %)  Time =     0.07 sec
reduceDB: Keeping   18783 out of   35000 clauses (53.67 %)  Time =     0.07 sec
reduceDB: Keeping   19558 out of   36000 clauses (54.33 %)  Time =     0.08 sec
reduceDB: Keeping   16987 out of   37001 clauses (45.91 %)  Time =     0.08 sec
reduceDB: Keeping   19031 out of   38000 clauses (50.08 %)  Time =     0.08 sec
reduceDB: Keeping   19543 out of   39000 clauses (50.11 %)  Time =     0.08 sec
reduceDB: Keeping   20254 out of   40000 clauses (50.63 %)  Time =     0.08 sec
reduceDB: Keeping   20624 out of   41000 clauses (50.30 %)  Time =     0.09 sec
reduceDB: Keeping   21375 out of   42002 clauses (50.89 %)  Time =     0.09 sec
reduceDB: Keeping   22603 out of   43002 clauses (52.56 %)  Time =     0.09 sec
reduceDB: Keeping   23602 out of   44000 clauses (53.64 %)  Time =     0.09 sec
reduceDB: Keeping   24359 out of   45000 clauses (54.13 %)  Time =     0.09 sec
reduceDB: Keeping   24513 out of   46000 clauses (53.29 %)  Time =     0.10 sec
reduceDB: Keeping   24619 out of   47000 clauses (52.38 %)  Time =     0.10 sec
reduceDB: Keeping   24974 out of   48000 clauses (52.03 %)  Time =     0.10 sec
reduceDB: Keeping   25423 out of   49002 clauses (51.88 %)  Time =     0.10 sec
reduceDB: Keeping   26269 out of   50002 clauses (52.54 %)  Time =     0.11 sec
reduceDB: Keeping   26331 out of   51002 clauses (51.63 %)  Time =     0.11 sec
reduceDB: Keeping   27009 out of   52000 clauses (51.94 %)  Time =     0.11 sec
reduceDB: Keeping   27498 out of   53000 clauses (51.88 %)  Time =     0.12 sec
reduceDB: Keeping   27945 out of   54001 clauses (51.75 %)  Time =     0.12 sec
reduceDB: Keeping   28719 out of   55001 clauses (52.22 %)  Time =     0.12 sec
reduceDB: Keeping   29335 out of   56002 clauses (52.38 %)  Time =     0.12 sec
reduceDB: Keeping   29626 out of   57000 clauses (51.98 %)  Time =     0.13 sec
reduceDB: Keeping   30024 out of   58002 clauses (51.76 %)  Time =     0.13 sec
reduceDB: Keeping   30638 out of   59001 clauses (51.93 %)  Time =     0.13 sec
reduceDB: Keeping   30943 out of   60000 clauses (51.57 %)  Time =     0.14 sec
reduceDB: Keeping   30920 out of   61000 clauses (50.69 %)  Time =     0.14 sec
reduceDB: Keeping   31813 out of   62000 clauses (51.31 %)  Time =     0.14 sec
reduceDB: Keeping   32617 out of   63001 clauses (51.77 %)  Time =     0.15 sec
reduceDB: Keeping   33341 out of   64000 clauses (52.10 %)  Time =     0.15 sec
reduceDB: Keeping   34138 out of   65002 clauses (52.52 %)  Time =     0.15 sec
reduceDB: Keeping   34493 out of   66002 clauses (52.26 %)  Time =     0.16 sec
reduceDB: Keeping   34898 out of   67002 clauses (52.09 %)  Time =     0.16 sec
reduceDB: Keeping   35063 out of   68001 clauses (51.56 %)  Time =     0.16 sec
reduceDB: Keeping   35628 out of   69001 clauses (51.63 %)  Time =     0.17 sec
reduceDB: Keeping   35555 out of   70000 clauses (50.79 %)  Time =     0.17 sec
reduceDB: Keeping   36346 out of   71001 clauses (51.19 %)  Time =     0.17 sec
reduceDB: Keeping   36454 out of   72001 clauses (50.63 %)  Time =     0.18 sec
reduceDB: Keeping   36921 out of   73002 clauses (50.58 %)  Time =     0.18 sec
reduceDB: Keeping   37914 out of   74002 clauses (51.23 %)  Time =     0.19 sec
reduceDB: Keeping   38134 out of   75001 clauses (50.84 %)  Time =     0.19 sec
reduceDB: Keeping   38444 out of   76004 clauses (50.58 %)  Time =     0.19 sec
reduceDB: Keeping   39058 out of   77000 clauses (50.72 %)  Time =     0.20 sec
reduceDB: Keeping   39492 out of   78001 clauses (50.63 %)  Time =     0.20 sec
reduceDB: Keeping   39572 out of   79000 clauses (50.09 %)  Time =     0.21 sec
reduceDB: Keeping   41163 out of   80000 clauses (51.45 %)  Time =     0.21 sec
reduceDB: Keeping   41600 out of   81000 clauses (51.36 %)  Time =     0.21 sec
reduceDB: Keeping   41725 out of   82001 clauses (50.88 %)  Time =     0.22 sec
reduceDB: Keeping   42362 out of   83002 clauses (51.04 %)  Time =     0.22 sec
reduceDB: Keeping   42360 out of   84000 clauses (50.43 %)  Time =     0.23 sec
reduceDB: Keeping   42609 out of   85002 clauses (50.13 %)  Time =     0.23 sec
reduceDB: Keeping   43077 out of   86001 clauses (50.09 %)  Time =     0.24 sec
reduceDB: Keeping   44597 out of   87000 clauses (51.26 %)  Time =     0.24 sec
reduceDB: Keeping   45034 out of   88000 clauses (51.17 %)  Time =     0.24 sec
reduceDB: Keeping   44713 out of   89003 clauses (50.24 %)  Time =     0.25 sec
reduceDB: Keeping   45080 out of   90001 clauses (50.09 %)  Time =     0.25 sec
reduceDB: Keeping   45509 out of   91001 clauses (50.01 %)  Time =     0.26 sec
reduceDB: Keeping   46450 out of   92000 clauses (50.49 %)  Time =     0.26 sec
reduceDB: Keeping   47627 out of   93001 clauses (51.21 %)  Time =     0.27 sec
reduceDB: Keeping   48915 out of   94000 clauses (52.04 %)  Time =     0.27 sec
reduceDB: Keeping   50359 out of   95001 clauses (53.01 %)  Time =     0.28 sec
reduceDB: Keeping   51197 out of   96002 clauses (53.33 %)  Time =     0.28 sec
reduceDB: Keeping   52072 out of   97000 clauses (53.68 %)  Time =     0.29 sec
reduceDB: Keeping   53253 out of   98000 clauses (54.34 %)  Time =     0.29 sec
reduceDB: Keeping   41189 out of   99000 clauses (41.61 %)  Time =     0.30 sec
reduceDB: Keeping   49810 out of  100003 clauses (49.81 %)  Time =     0.30 sec
reduceDB: Keeping   50488 out of  101002 clauses (49.99 %)  Time =     0.31 sec
reduceDB: Keeping   50976 out of  102000 clauses (49.98 %)  Time =     0.31 sec
reduceDB: Keeping   51486 out of  103001 clauses (49.99 %)  Time =     0.32 sec
reduceDB: Keeping   52125 out of  104002 clauses (50.12 %)  Time =     0.32 sec
reduceDB: Keeping   52675 out of  105000 clauses (50.17 %)  Time =     0.33 sec
reduceDB: Keeping   53038 out of  106000 clauses (50.04 %)  Time =     0.33 sec
reduceDB: Keeping   53501 out of  107002 clauses (50.00 %)  Time =     0.34 sec
reduceDB: Keeping   54095 out of  108000 clauses (50.09 %)  Time =     0.34 sec
reduceDB: Keeping   55094 out of  109000 clauses (50.54 %)  Time =     0.35 sec
reduceDB: Keeping   55220 out of  110000 clauses (50.20 %)  Time =     0.36 sec
reduceDB: Keeping   55972 out of  111001 clauses (50.42 %)  Time =     0.36 sec
reduceDB: Keeping   56256 out of  112001 clauses (50.23 %)  Time =     0.37 sec
reduceDB: Keeping   57190 out of  113001 clauses (50.61 %)  Time =     0.37 sec
reduceDB: Keeping   57532 out of  114000 clauses (50.47 %)  Time =     0.38 sec
reduceDB: Keeping   58911 out of  115000 clauses (51.23 %)  Time =     0.38 sec
reduceDB: Keeping   60012 out of  116001 clauses (51.73 %)  Time =     0.39 sec
reduceDB: Keeping   60788 out of  117000 clauses (51.96 %)  Time =     0.40 sec
reduceDB: Keeping   63009 out of  118000 clauses (53.40 %)  Time =     0.40 sec
reduceDB: Keeping   49197 out of  119000 clauses (41.34 %)  Time =     0.41 sec
reduceDB: Keeping   60164 out of  120001 clauses (50.14 %)  Time =     0.41 sec
reduceDB: Keeping   63026 out of  121000 clauses (52.09 %)  Time =     0.42 sec
starts        :             6443
conflicts     :          3702375
decisions     :          4257042
propagations  :       1133193156
Final SAT:        Nodes =   2069.  Time =   345.06 sec
Networks are equivalent.  Time =   361.54 sec
End Old Verify =   361.54 sec
