ABC command line: "&read replace_1549.aig; &cec -m -v".

label 1
label 3
Assuming the current network is a single-output miter.
label 6
Start EquivFixOutputPairs =     0.00 sec
End EquivFixOutputPairs =     0.00 sec
Start ManSatSweeping =     0.00 sec
Simulating 15 words for 15 rounds. SAT solving with 1000 conflicts.
nSimWords = 0
cst =    2159  cls =      0  lit =    2159  unused =     256  proof =     0
cst =       2  cls =      6  lit =       9  unused =    2400  proof =     0
cst =       1  cls =      1  lit =       3  unused =    2411  proof =     0
cst =       0  cls =      1  lit =       1  unused =    2413  proof =     0
cst =       0  cls =      1  lit =       1  unused =    2413  proof =     0
cst =       0  cls =      1  lit =       1  unused =    2413  proof =     0
cst =       0  cls =      1  lit =       1  unused =    2413  proof =     0
cst =       0  cls =      1  lit =       1  unused =    2413  proof =     0
cst =       0  cls =      1  lit =       1  unused =    2413  proof =     0
cst =       0  cls =      1  lit =       1  unused =    2413  proof =     0
  1 : P =      0. D =      0. F =     1. M =     718. And =    2159. Time =     0.02 sec
Increasing conflict limit to 10000.
The result is written into file "cec_giaSweep.aig".
Switching into reduced mode.
  2 : P =      0. D =      0. F =     1. M =     718. And =    2159. Time =     0.31 sec
Increasing conflict limit to 100000.
The result is written into file "cec_giaSweep.aig".
Switching into normal mode.
  3 : P =      0. D =      0. F =     1. M =       0. And =    2159. Time =     4.08 sec
Performed 3 SAT calls: P = 0  D = 0  F = 3
NBeg = 2159. NEnd = 2159. (Gain =   0.00 %).  RBeg = 0. REnd = 0. (Gain =   0.00 %).
Sim  =     0.00 sec (  0.00 %)
Sat  =     4.41 sec (  0.00 %)
Pat  =     0.00 sec (  0.00 %)
Time =     4.41 sec
End ManSatSweeping =     4.41 sec
Networks are UNDECIDED after the new CEC engine.  Time =     4.41 sec
Calling the old CEC engine.
Start Old Verify =     4.41 sec
Original miter:   Nodes =   2162.
label 27
Initial SAT:      Nodes =   2162.  Time =     0.02 sec
Rewriting:        Nodes =   2162.  Time =     0.02 sec
There are 0 XORs
Balance-X:        Nodes =   2434.  Time =     0.00 sec
Starting Fra_SmlSimulate......classes =     1.   Lits =      4.
Refined classes  after Pattern 0=     1.   Changes =    0.   Lits =      4.
Refined classes after pattern 1 =     1.   Changes =    0.   Lits =      4.
Refined classes  =     1.   Changes =    0.   Lits =      4.
start Fra_FraigSweep...
Fraiging (i=1):   Nodes =   2434.  Time =     0.00 sec
Rewriting:        Nodes =   2181.  Time =     0.01 sec
There are 0 XORs
Balance-X:        Nodes =   2432.  Time =     0.00 sec
Starting Fra_SmlSimulate......classes =     1.   Lits =      4.
Refined classes  after Pattern 0=     1.   Changes =    0.   Lits =      4.
Refined classes after pattern 1 =     1.   Changes =    0.   Lits =      4.
Refined classes  =     1.   Changes =    0.   Lits =      4.
start Fra_FraigSweep...
Fraiging (i=2):   Nodes =   2432.  Time =     0.00 sec
Rewriting:        Nodes =   2186.  Time =     0.01 sec
There are 0 XORs
Balance-X:        Nodes =   2432.  Time =     0.00 sec
Starting Fra_SmlSimulate......classes =     1.   Lits =      4.
Refined classes  after Pattern 0=     1.   Changes =    0.   Lits =      4.
Refined classes after pattern 1 =     1.   Changes =    0.   Lits =      4.
Refined classes  =     1.   Changes =    0.   Lits =      4.
start Fra_FraigSweep...
Fraiging (i=3):   Nodes =   2432.  Time =     0.01 sec
Rewriting:        Nodes =   2186.  Time =     0.01 sec
There are 0 XORs
Balance-X:        Nodes =   2432.  Time =     0.00 sec
Starting Fra_SmlSimulate......classes =     1.   Lits =      4.
Refined classes  after Pattern 0=     1.   Changes =    0.   Lits =      4.
Refined classes after pattern 1 =     1.   Changes =    0.   Lits =      4.
Refined classes  =     1.   Changes =    0.   Lits =      4.
start Fra_FraigSweep...
Fraiging (i=4):   Nodes =   2432.  Time =     0.09 sec
Rewriting:        Nodes =   2183.  Time =     0.01 sec
There are 0 XORs
Balance-X:        Nodes =   2432.  Time =     0.00 sec
Starting Fra_SmlSimulate......classes =     1.   Lits =      4.
Refined classes  after Pattern 0=     1.   Changes =    0.   Lits =      4.
Refined classes after pattern 1 =     1.   Changes =    0.   Lits =      4.
Refined classes  =     1.   Changes =    0.   Lits =      4.
start Fra_FraigSweep...
Fraiging (i=5):   Nodes =   2432.  Time =     0.99 sec
Rewriting:        Nodes =   2186.  Time =     0.01 sec
There are 0 XORs
Balance-X:        Nodes =   2432.  Time =     0.00 sec
Starting Fra_SmlSimulate......classes =     1.   Lits =      4.
Refined classes  after Pattern 0=     1.   Changes =    0.   Lits =      4.
Refined classes after pattern 1 =     1.   Changes =    0.   Lits =      4.
Refined classes  =     1.   Changes =    0.   Lits =      4.
start Fra_FraigSweep...
Fraiging (i=6):   Nodes =   2432.  Time =    11.73 sec
Rewriting:        Nodes =   2186.  Time =     0.01 sec
label 27
CNF stats: Vars =   1649. Clauses =    4987. Literals =    13469. Time =     0.00 sec
Running SAT solver with parameters 10000 and 1000 and 50.
reduceDB: Keeping    5024 out of   10000 clauses (50.24 %)  Time =     0.04 sec
reduceDB: Keeping    5521 out of   11001 clauses (50.19 %)  Time =     0.04 sec
reduceDB: Keeping    6006 out of   12001 clauses (50.05 %)  Time =     0.05 sec
reduceDB: Keeping    6513 out of   13001 clauses (50.10 %)  Time =     0.05 sec
reduceDB: Keeping    7019 out of   14000 clauses (50.14 %)  Time =     0.05 sec
reduceDB: Keeping    7509 out of   15001 clauses (50.06 %)  Time =     0.05 sec
reduceDB: Keeping    8020 out of   16000 clauses (50.12 %)  Time =     0.05 sec
reduceDB: Keeping    8505 out of   17000 clauses (50.03 %)  Time =     0.05 sec
reduceDB: Keeping    9031 out of   18000 clauses (50.17 %)  Time =     0.05 sec
reduceDB: Keeping    9525 out of   19000 clauses (50.13 %)  Time =     0.05 sec
reduceDB: Keeping   10135 out of   20000 clauses (50.67 %)  Time =     0.05 sec
reduceDB: Keeping   10863 out of   21000 clauses (51.73 %)  Time =     0.06 sec
reduceDB: Keeping   11279 out of   22000 clauses (51.27 %)  Time =     0.06 sec
reduceDB: Keeping   11787 out of   23000 clauses (51.25 %)  Time =     0.06 sec
reduceDB: Keeping   12137 out of   24001 clauses (50.57 %)  Time =     0.06 sec
reduceDB: Keeping   12644 out of   25000 clauses (50.58 %)  Time =     0.06 sec
reduceDB: Keeping   13220 out of   26001 clauses (50.84 %)  Time =     0.06 sec
reduceDB: Keeping   13767 out of   27000 clauses (50.99 %)  Time =     0.06 sec
reduceDB: Keeping   14426 out of   28001 clauses (51.52 %)  Time =     0.07 sec
reduceDB: Keeping   14873 out of   29000 clauses (51.29 %)  Time =     0.07 sec
reduceDB: Keeping   15681 out of   30001 clauses (52.27 %)  Time =     0.07 sec
reduceDB: Keeping   16018 out of   31000 clauses (51.67 %)  Time =     0.07 sec
reduceDB: Keeping   16648 out of   32002 clauses (52.02 %)  Time =     0.07 sec
reduceDB: Keeping   16822 out of   33000 clauses (50.98 %)  Time =     0.07 sec
reduceDB: Keeping   17403 out of   34001 clauses (51.18 %)  Time =     0.08 sec
reduceDB: Keeping   17900 out of   35000 clauses (51.14 %)  Time =     0.08 sec
reduceDB: Keeping   18270 out of   36003 clauses (50.75 %)  Time =     0.08 sec
reduceDB: Keeping   18563 out of   37001 clauses (50.17 %)  Time =     0.08 sec
reduceDB: Keeping   19125 out of   38002 clauses (50.33 %)  Time =     0.09 sec
reduceDB: Keeping   19855 out of   39002 clauses (50.91 %)  Time =     0.09 sec
reduceDB: Keeping   20404 out of   40001 clauses (51.01 %)  Time =     0.09 sec
reduceDB: Keeping   20942 out of   41000 clauses (51.08 %)  Time =     0.09 sec
reduceDB: Keeping   21482 out of   42000 clauses (51.15 %)  Time =     0.10 sec
reduceDB: Keeping   21900 out of   43002 clauses (50.93 %)  Time =     0.10 sec
reduceDB: Keeping   22334 out of   44001 clauses (50.76 %)  Time =     0.10 sec
reduceDB: Keeping   23007 out of   45001 clauses (51.13 %)  Time =     0.10 sec
reduceDB: Keeping   23382 out of   46003 clauses (50.83 %)  Time =     0.11 sec
reduceDB: Keeping   23920 out of   47000 clauses (50.89 %)  Time =     0.11 sec
reduceDB: Keeping   24283 out of   48002 clauses (50.59 %)  Time =     0.11 sec
reduceDB: Keeping   24556 out of   49001 clauses (50.11 %)  Time =     0.11 sec
reduceDB: Keeping   25009 out of   50000 clauses (50.02 %)  Time =     0.12 sec
reduceDB: Keeping   25566 out of   51000 clauses (50.13 %)  Time =     0.12 sec
reduceDB: Keeping   26226 out of   52001 clauses (50.43 %)  Time =     0.12 sec
reduceDB: Keeping   26646 out of   53001 clauses (50.27 %)  Time =     0.13 sec
reduceDB: Keeping   27182 out of   54003 clauses (50.33 %)  Time =     0.13 sec
reduceDB: Keeping   27549 out of   55001 clauses (50.09 %)  Time =     0.13 sec
reduceDB: Keeping   28105 out of   56001 clauses (50.19 %)  Time =     0.14 sec
reduceDB: Keeping   28593 out of   57001 clauses (50.16 %)  Time =     0.14 sec
reduceDB: Keeping   29075 out of   58001 clauses (50.13 %)  Time =     0.14 sec
reduceDB: Keeping   29587 out of   59001 clauses (50.15 %)  Time =     0.15 sec
reduceDB: Keeping   30063 out of   60000 clauses (50.10 %)  Time =     0.15 sec
reduceDB: Keeping   30559 out of   61001 clauses (50.10 %)  Time =     0.15 sec
reduceDB: Keeping   31057 out of   62001 clauses (50.09 %)  Time =     0.16 sec
reduceDB: Keeping   32334 out of   63000 clauses (51.32 %)  Time =     0.16 sec
reduceDB: Keeping   33765 out of   64000 clauses (52.76 %)  Time =     0.16 sec
reduceDB: Keeping   34973 out of   65001 clauses (53.80 %)  Time =     0.17 sec
reduceDB: Keeping   35606 out of   66001 clauses (53.95 %)  Time =     0.17 sec
reduceDB: Keeping   36023 out of   67002 clauses (53.76 %)  Time =     0.17 sec
reduceDB: Keeping   35820 out of   68000 clauses (52.68 %)  Time =     0.18 sec
reduceDB: Keeping   35271 out of   69002 clauses (51.12 %)  Time =     0.18 sec
reduceDB: Keeping   35677 out of   70000 clauses (50.97 %)  Time =     0.19 sec
reduceDB: Keeping   35371 out of   71000 clauses (49.82 %)  Time =     0.19 sec
reduceDB: Keeping   36314 out of   72002 clauses (50.43 %)  Time =     0.19 sec
reduceDB: Keeping   37020 out of   73000 clauses (50.71 %)  Time =     0.20 sec
reduceDB: Keeping   37110 out of   74001 clauses (50.15 %)  Time =     0.20 sec
reduceDB: Keeping   37696 out of   75001 clauses (50.26 %)  Time =     0.21 sec
reduceDB: Keeping   37977 out of   76000 clauses (49.97 %)  Time =     0.21 sec
reduceDB: Keeping   38601 out of   77000 clauses (50.13 %)  Time =     0.22 sec
reduceDB: Keeping   39149 out of   78000 clauses (50.19 %)  Time =     0.22 sec
reduceDB: Keeping   39572 out of   79000 clauses (50.09 %)  Time =     0.22 sec
reduceDB: Keeping   40368 out of   80000 clauses (50.46 %)  Time =     0.23 sec
reduceDB: Keeping   40831 out of   81001 clauses (50.41 %)  Time =     0.23 sec
reduceDB: Keeping   41423 out of   82002 clauses (50.51 %)  Time =     0.24 sec
reduceDB: Keeping   41578 out of   83002 clauses (50.09 %)  Time =     0.24 sec
reduceDB: Keeping   42138 out of   84002 clauses (50.16 %)  Time =     0.25 sec
reduceDB: Keeping   42642 out of   85000 clauses (50.17 %)  Time =     0.25 sec
reduceDB: Keeping   42587 out of   86000 clauses (49.52 %)  Time =     0.26 sec
reduceDB: Keeping   43501 out of   87000 clauses (50.00 %)  Time =     0.26 sec
reduceDB: Keeping   44146 out of   88000 clauses (50.17 %)  Time =     0.27 sec
reduceDB: Keeping   44306 out of   89000 clauses (49.78 %)  Time =     0.27 sec
reduceDB: Keeping   45158 out of   90002 clauses (50.17 %)  Time =     0.28 sec
reduceDB: Keeping   45602 out of   91002 clauses (50.11 %)  Time =     0.28 sec
reduceDB: Keeping   45971 out of   92001 clauses (49.97 %)  Time =     0.29 sec
reduceDB: Keeping   46203 out of   93001 clauses (49.68 %)  Time =     0.29 sec
reduceDB: Keeping   47148 out of   94002 clauses (50.16 %)  Time =     0.30 sec
reduceDB: Keeping   47751 out of   95001 clauses (50.26 %)  Time =     0.30 sec
reduceDB: Keeping   48534 out of   96000 clauses (50.56 %)  Time =     0.31 sec
reduceDB: Keeping   49674 out of   97001 clauses (51.21 %)  Time =     0.31 sec
reduceDB: Keeping   51082 out of   98002 clauses (52.12 %)  Time =     0.32 sec
reduceDB: Keeping   50904 out of   99000 clauses (51.42 %)  Time =     0.33 sec
reduceDB: Keeping   51614 out of  100000 clauses (51.61 %)  Time =     0.33 sec
reduceDB: Keeping   51952 out of  101001 clauses (51.44 %)  Time =     0.34 sec
reduceDB: Keeping   52164 out of  102001 clauses (51.14 %)  Time =     0.34 sec
reduceDB: Keeping   52659 out of  103000 clauses (51.13 %)  Time =     0.35 sec
reduceDB: Keeping   53312 out of  104001 clauses (51.26 %)  Time =     0.36 sec
reduceDB: Keeping   54297 out of  105000 clauses (51.71 %)  Time =     0.36 sec
reduceDB: Keeping   54923 out of  106000 clauses (51.81 %)  Time =     0.37 sec
reduceDB: Keeping   55207 out of  107000 clauses (51.60 %)  Time =     0.37 sec
reduceDB: Keeping   56181 out of  108000 clauses (52.02 %)  Time =     0.38 sec
reduceDB: Keeping   57611 out of  109000 clauses (52.85 %)  Time =     0.39 sec
reduceDB: Keeping   57910 out of  110001 clauses (52.64 %)  Time =     0.39 sec
reduceDB: Keeping   57589 out of  111000 clauses (51.88 %)  Time =     0.40 sec
reduceDB: Keeping   57892 out of  112002 clauses (51.69 %)  Time =     0.41 sec
reduceDB: Keeping   58300 out of  113001 clauses (51.59 %)  Time =     0.41 sec
reduceDB: Keeping   59088 out of  114000 clauses (51.83 %)  Time =     0.42 sec
reduceDB: Keeping   59427 out of  115000 clauses (51.68 %)  Time =     0.43 sec
reduceDB: Keeping   60086 out of  116000 clauses (51.80 %)  Time =     0.43 sec
reduceDB: Keeping   61555 out of  117000 clauses (52.61 %)  Time =     0.44 sec
reduceDB: Keeping   63473 out of  118000 clauses (53.79 %)  Time =     0.45 sec
reduceDB: Keeping   46989 out of  119000 clauses (39.49 %)  Time =     0.45 sec
reduceDB: Keeping   59997 out of  120000 clauses (50.00 %)  Time =     0.46 sec
reduceDB: Keeping   60097 out of  121000 clauses (49.67 %)  Time =     0.47 sec
reduceDB: Keeping   60920 out of  122001 clauses (49.93 %)  Time =     0.48 sec
reduceDB: Keeping   61468 out of  123000 clauses (49.97 %)  Time =     0.48 sec
reduceDB: Keeping   62141 out of  124000 clauses (50.11 %)  Time =     0.49 sec
reduceDB: Keeping   62768 out of  125000 clauses (50.21 %)  Time =     0.50 sec
reduceDB: Keeping   65502 out of  126000 clauses (51.99 %)  Time =     0.51 sec
starts        :             7164
conflicts     :          4030695
decisions     :          4639327
propagations  :       1252288768
Final SAT:        Nodes =   2186.  Time =   402.29 sec
Networks are equivalent.  Time =   419.61 sec
End Old Verify =   419.61 sec
