ABC command line: "&read replace_1655.aig; &cec -m -v".

label 1
label 3
Assuming the current network is a single-output miter.
label 6
Start EquivFixOutputPairs =     0.00 sec
End EquivFixOutputPairs =     0.00 sec
Start ManSatSweeping =     0.00 sec
Simulating 15 words for 15 rounds. SAT solving with 1000 conflicts.
nSimWords = 0
cst =    2277  cls =      0  lit =    2277  unused =     256  proof =     0
cst =      13  cls =     22  lit =      46  unused =    2465  proof =     0
cst =       3  cls =      6  lit =      10  unused =    2517  proof =     0
cst =       0  cls =      1  lit =       1  unused =    2531  proof =     0
cst =       0  cls =      1  lit =       1  unused =    2531  proof =     0
cst =       0  cls =      1  lit =       1  unused =    2531  proof =     0
cst =       0  cls =      1  lit =       1  unused =    2531  proof =     0
cst =       0  cls =      1  lit =       1  unused =    2531  proof =     0
cst =       0  cls =      1  lit =       1  unused =    2531  proof =     0
cst =       0  cls =      1  lit =       1  unused =    2531  proof =     0
  1 : P =      0. D =      0. F =     1. M =     779. And =    2277. Time =     0.02 sec
Increasing conflict limit to 10000.
The result is written into file "cec_giaSweep.aig".
Switching into reduced mode.
  2 : P =      0. D =      0. F =     1. M =     779. And =    2277. Time =     0.28 sec
Increasing conflict limit to 100000.
The result is written into file "cec_giaSweep.aig".
Switching into normal mode.
  3 : P =      0. D =      0. F =     1. M =       0. And =    2277. Time =     3.83 sec
Performed 3 SAT calls: P = 0  D = 0  F = 3
NBeg = 2277. NEnd = 2277. (Gain =   0.00 %).  RBeg = 0. REnd = 0. (Gain =   0.00 %).
Sim  =     0.01 sec (  0.00 %)
Sat  =     4.13 sec (  0.00 %)
Pat  =     0.00 sec (  0.00 %)
Time =     4.14 sec
End ManSatSweeping =     4.14 sec
Networks are UNDECIDED after the new CEC engine.  Time =     4.14 sec
Calling the old CEC engine.
Start Old Verify =     4.14 sec
Original miter:   Nodes =   2280.
label 27
Initial SAT:      Nodes =   2280.  Time =     0.02 sec
Rewriting:        Nodes =   2280.  Time =     0.02 sec
There are 0 XORs
Balance-X:        Nodes =   2555.  Time =     0.00 sec
Starting Fra_SmlSimulate......classes =     1.   Lits =      4.
Refined classes  after Pattern 0=     1.   Changes =    0.   Lits =      4.
Refined classes after pattern 1 =     1.   Changes =    0.   Lits =      4.
Refined classes  =     1.   Changes =    0.   Lits =      4.
start Fra_FraigSweep...
Fraiging (i=1):   Nodes =   2555.  Time =     0.00 sec
Rewriting:        Nodes =   2302.  Time =     0.01 sec
There are 0 XORs
Balance-X:        Nodes =   2553.  Time =     0.00 sec
Starting Fra_SmlSimulate......classes =     1.   Lits =      4.
Refined classes  after Pattern 0=     1.   Changes =    0.   Lits =      4.
Refined classes after pattern 1 =     1.   Changes =    0.   Lits =      4.
Refined classes  =     1.   Changes =    0.   Lits =      4.
start Fra_FraigSweep...
Fraiging (i=2):   Nodes =   2553.  Time =     0.00 sec
Rewriting:        Nodes =   2303.  Time =     0.01 sec
There are 0 XORs
Balance-X:        Nodes =   2553.  Time =     0.00 sec
Starting Fra_SmlSimulate......classes =     1.   Lits =      4.
Refined classes  after Pattern 0=     1.   Changes =    0.   Lits =      4.
Refined classes after pattern 1 =     1.   Changes =    0.   Lits =      4.
Refined classes  =     1.   Changes =    0.   Lits =      4.
start Fra_FraigSweep...
Fraiging (i=3):   Nodes =   2553.  Time =     0.01 sec
Rewriting:        Nodes =   2304.  Time =     0.01 sec
There are 0 XORs
Balance-X:        Nodes =   2553.  Time =     0.00 sec
Starting Fra_SmlSimulate......classes =     1.   Lits =      4.
Refined classes  after Pattern 0=     1.   Changes =    0.   Lits =      4.
Refined classes after pattern 1 =     1.   Changes =    0.   Lits =      4.
Refined classes  =     1.   Changes =    0.   Lits =      4.
start Fra_FraigSweep...
Fraiging (i=4):   Nodes =   2553.  Time =     0.08 sec
Rewriting:        Nodes =   2303.  Time =     0.01 sec
There are 0 XORs
Balance-X:        Nodes =   2553.  Time =     0.00 sec
Starting Fra_SmlSimulate......classes =     1.   Lits =      4.
Refined classes  after Pattern 0=     1.   Changes =    0.   Lits =      4.
Refined classes after pattern 1 =     1.   Changes =    0.   Lits =      4.
Refined classes  =     1.   Changes =    0.   Lits =      4.
start Fra_FraigSweep...
Fraiging (i=5):   Nodes =   2553.  Time =     1.00 sec
Rewriting:        Nodes =   2304.  Time =     0.01 sec
There are 0 XORs
Balance-X:        Nodes =   2553.  Time =     0.00 sec
Starting Fra_SmlSimulate......classes =     1.   Lits =      4.
Refined classes  after Pattern 0=     1.   Changes =    0.   Lits =      4.
Refined classes after pattern 1 =     1.   Changes =    0.   Lits =      4.
Refined classes  =     1.   Changes =    0.   Lits =      4.
start Fra_FraigSweep...
Fraiging (i=6):   Nodes =   2553.  Time =    11.51 sec
Rewriting:        Nodes =   2303.  Time =     0.01 sec
label 27
CNF stats: Vars =   1727. Clauses =    5281. Literals =    14247. Time =     0.00 sec
Running SAT solver with parameters 10000 and 1000 and 50.
reduceDB: Keeping    5019 out of   10000 clauses (50.19 %)  Time =     0.04 sec
reduceDB: Keeping    5510 out of   11001 clauses (50.09 %)  Time =     0.04 sec
reduceDB: Keeping    6026 out of   12000 clauses (50.22 %)  Time =     0.04 sec
reduceDB: Keeping    6522 out of   13000 clauses (50.17 %)  Time =     0.04 sec
reduceDB: Keeping    7014 out of   14000 clauses (50.10 %)  Time =     0.04 sec
reduceDB: Keeping    7525 out of   15001 clauses (50.16 %)  Time =     0.05 sec
reduceDB: Keeping    8030 out of   16000 clauses (50.19 %)  Time =     0.05 sec
reduceDB: Keeping    8516 out of   17001 clauses (50.09 %)  Time =     0.05 sec
reduceDB: Keeping    9020 out of   18000 clauses (50.11 %)  Time =     0.05 sec
reduceDB: Keeping    9523 out of   19001 clauses (50.12 %)  Time =     0.05 sec
reduceDB: Keeping   10132 out of   20001 clauses (50.66 %)  Time =     0.05 sec
reduceDB: Keeping   10533 out of   21002 clauses (50.15 %)  Time =     0.05 sec
reduceDB: Keeping   11052 out of   22000 clauses (50.24 %)  Time =     0.05 sec
reduceDB: Keeping   11593 out of   23000 clauses (50.40 %)  Time =     0.05 sec
reduceDB: Keeping   12044 out of   24002 clauses (50.18 %)  Time =     0.06 sec
reduceDB: Keeping   12548 out of   25000 clauses (50.19 %)  Time =     0.06 sec
reduceDB: Keeping   13126 out of   26003 clauses (50.48 %)  Time =     0.06 sec
reduceDB: Keeping   13649 out of   27001 clauses (50.55 %)  Time =     0.06 sec
reduceDB: Keeping   14037 out of   28000 clauses (50.13 %)  Time =     0.06 sec
reduceDB: Keeping   14995 out of   29001 clauses (51.71 %)  Time =     0.06 sec
reduceDB: Keeping   15353 out of   30000 clauses (51.18 %)  Time =     0.07 sec
reduceDB: Keeping   15678 out of   31002 clauses (50.57 %)  Time =     0.07 sec
reduceDB: Keeping   16554 out of   32001 clauses (51.73 %)  Time =     0.07 sec
reduceDB: Keeping   17330 out of   33002 clauses (52.51 %)  Time =     0.07 sec
reduceDB: Keeping   17791 out of   34000 clauses (52.33 %)  Time =     0.07 sec
reduceDB: Keeping   18214 out of   35000 clauses (52.04 %)  Time =     0.07 sec
reduceDB: Keeping   18766 out of   36000 clauses (52.13 %)  Time =     0.08 sec
reduceDB: Keeping   18854 out of   37000 clauses (50.96 %)  Time =     0.08 sec
reduceDB: Keeping   19076 out of   38000 clauses (50.20 %)  Time =     0.08 sec
reduceDB: Keeping   20129 out of   39002 clauses (51.61 %)  Time =     0.08 sec
reduceDB: Keeping   20503 out of   40000 clauses (51.26 %)  Time =     0.09 sec
reduceDB: Keeping   20736 out of   41002 clauses (50.57 %)  Time =     0.09 sec
reduceDB: Keeping   21320 out of   42000 clauses (50.76 %)  Time =     0.09 sec
reduceDB: Keeping   22077 out of   43000 clauses (51.34 %)  Time =     0.09 sec
reduceDB: Keeping   23335 out of   44000 clauses (53.03 %)  Time =     0.09 sec
reduceDB: Keeping   24494 out of   45000 clauses (54.43 %)  Time =     0.10 sec
reduceDB: Keeping   24458 out of   46003 clauses (53.17 %)  Time =     0.10 sec
reduceDB: Keeping   24884 out of   47000 clauses (52.94 %)  Time =     0.10 sec
reduceDB: Keeping   25154 out of   48001 clauses (52.40 %)  Time =     0.10 sec
reduceDB: Keeping   25638 out of   49000 clauses (52.32 %)  Time =     0.11 sec
reduceDB: Keeping   26217 out of   50000 clauses (52.43 %)  Time =     0.11 sec
reduceDB: Keeping   26645 out of   51002 clauses (52.24 %)  Time =     0.11 sec
reduceDB: Keeping   27096 out of   52000 clauses (52.11 %)  Time =     0.11 sec
reduceDB: Keeping   27447 out of   53000 clauses (51.79 %)  Time =     0.12 sec
reduceDB: Keeping   28260 out of   54000 clauses (52.33 %)  Time =     0.12 sec
reduceDB: Keeping   28589 out of   55002 clauses (51.98 %)  Time =     0.12 sec
reduceDB: Keeping   28497 out of   56001 clauses (50.89 %)  Time =     0.13 sec
reduceDB: Keeping   29210 out of   57001 clauses (51.24 %)  Time =     0.13 sec
reduceDB: Keeping   29244 out of   58001 clauses (50.42 %)  Time =     0.13 sec
reduceDB: Keeping   30162 out of   59001 clauses (51.12 %)  Time =     0.14 sec
reduceDB: Keeping   30602 out of   60002 clauses (51.00 %)  Time =     0.14 sec
reduceDB: Keeping   30811 out of   61000 clauses (50.51 %)  Time =     0.14 sec
reduceDB: Keeping   31558 out of   62002 clauses (50.90 %)  Time =     0.15 sec
reduceDB: Keeping   32589 out of   63003 clauses (51.73 %)  Time =     0.15 sec
reduceDB: Keeping   33528 out of   64000 clauses (52.39 %)  Time =     0.15 sec
reduceDB: Keeping   33761 out of   65000 clauses (51.94 %)  Time =     0.16 sec
reduceDB: Keeping   34742 out of   66000 clauses (52.64 %)  Time =     0.16 sec
reduceDB: Keeping   35610 out of   67000 clauses (53.15 %)  Time =     0.16 sec
reduceDB: Keeping   35269 out of   68003 clauses (51.86 %)  Time =     0.17 sec
reduceDB: Keeping   35567 out of   69003 clauses (51.54 %)  Time =     0.17 sec
reduceDB: Keeping   35833 out of   70001 clauses (51.19 %)  Time =     0.17 sec
reduceDB: Keeping   36596 out of   71001 clauses (51.54 %)  Time =     0.18 sec
reduceDB: Keeping   36962 out of   72001 clauses (51.34 %)  Time =     0.18 sec
reduceDB: Keeping   37607 out of   73001 clauses (51.52 %)  Time =     0.18 sec
reduceDB: Keeping   38727 out of   74000 clauses (52.33 %)  Time =     0.19 sec
reduceDB: Keeping   38521 out of   75005 clauses (51.36 %)  Time =     0.19 sec
reduceDB: Keeping   38735 out of   76002 clauses (50.97 %)  Time =     0.20 sec
reduceDB: Keeping   39697 out of   77000 clauses (51.55 %)  Time =     0.20 sec
reduceDB: Keeping   40269 out of   78000 clauses (51.63 %)  Time =     0.20 sec
reduceDB: Keeping   40069 out of   79005 clauses (50.72 %)  Time =     0.21 sec
reduceDB: Keeping   41114 out of   80000 clauses (51.39 %)  Time =     0.21 sec
reduceDB: Keeping   42808 out of   81000 clauses (52.85 %)  Time =     0.22 sec
reduceDB: Keeping   42671 out of   82002 clauses (52.04 %)  Time =     0.22 sec
reduceDB: Keeping   43232 out of   83000 clauses (52.09 %)  Time =     0.23 sec
reduceDB: Keeping   43816 out of   84000 clauses (52.16 %)  Time =     0.23 sec
reduceDB: Keeping   44194 out of   85000 clauses (51.99 %)  Time =     0.23 sec
reduceDB: Keeping   44276 out of   86001 clauses (51.48 %)  Time =     0.24 sec
reduceDB: Keeping   45063 out of   87000 clauses (51.80 %)  Time =     0.24 sec
reduceDB: Keeping   45559 out of   88001 clauses (51.77 %)  Time =     0.25 sec
reduceDB: Keeping   45532 out of   89003 clauses (51.16 %)  Time =     0.25 sec
reduceDB: Keeping   46115 out of   90001 clauses (51.24 %)  Time =     0.26 sec
reduceDB: Keeping   46285 out of   91000 clauses (50.86 %)  Time =     0.26 sec
reduceDB: Keeping   47784 out of   92000 clauses (51.94 %)  Time =     0.27 sec
reduceDB: Keeping   50076 out of   93002 clauses (53.84 %)  Time =     0.27 sec
reduceDB: Keeping   51136 out of   94000 clauses (54.40 %)  Time =     0.28 sec
reduceDB: Keeping   37633 out of   95000 clauses (39.61 %)  Time =     0.28 sec
reduceDB: Keeping   47726 out of   96002 clauses (49.71 %)  Time =     0.29 sec
reduceDB: Keeping   48269 out of   97000 clauses (49.76 %)  Time =     0.29 sec
reduceDB: Keeping   48951 out of   98002 clauses (49.95 %)  Time =     0.29 sec
reduceDB: Keeping   49319 out of   99000 clauses (49.82 %)  Time =     0.30 sec
reduceDB: Keeping   50143 out of  100001 clauses (50.14 %)  Time =     0.30 sec
reduceDB: Keeping   50650 out of  101002 clauses (50.15 %)  Time =     0.31 sec
reduceDB: Keeping   51147 out of  102004 clauses (50.14 %)  Time =     0.32 sec
reduceDB: Keeping   51626 out of  103006 clauses (50.12 %)  Time =     0.32 sec
reduceDB: Keeping   52091 out of  104000 clauses (50.09 %)  Time =     0.33 sec
reduceDB: Keeping   52493 out of  105000 clauses (49.99 %)  Time =     0.33 sec
reduceDB: Keeping   53031 out of  106000 clauses (50.03 %)  Time =     0.34 sec
reduceDB: Keeping   53642 out of  107002 clauses (50.13 %)  Time =     0.34 sec
reduceDB: Keeping   54095 out of  108000 clauses (50.09 %)  Time =     0.35 sec
reduceDB: Keeping   55110 out of  109001 clauses (50.56 %)  Time =     0.35 sec
reduceDB: Keeping   55666 out of  110000 clauses (50.61 %)  Time =     0.36 sec
reduceDB: Keeping   55623 out of  111000 clauses (50.11 %)  Time =     0.36 sec
reduceDB: Keeping   56334 out of  112001 clauses (50.30 %)  Time =     0.37 sec
reduceDB: Keeping   58511 out of  113002 clauses (51.78 %)  Time =     0.38 sec
reduceDB: Keeping   58799 out of  114001 clauses (51.58 %)  Time =     0.38 sec
reduceDB: Keeping   59864 out of  115002 clauses (52.05 %)  Time =     0.39 sec
reduceDB: Keeping   61544 out of  116001 clauses (53.05 %)  Time =     0.39 sec
reduceDB: Keeping   50300 out of  117001 clauses (42.99 %)  Time =     0.40 sec
starts        :             6141
conflicts     :          3450834
decisions     :          3987164
propagations  :       1150532313
Final SAT:        Nodes =   2303.  Time =   311.52 sec
Networks are equivalent.  Time =   328.35 sec
End Old Verify =   328.35 sec
