ABC command line: "&read replace_2154.aig; &cec -m -v".

label 1
label 3
Assuming the current network is a single-output miter.
label 6
Start EquivFixOutputPairs =     0.00 sec
End EquivFixOutputPairs =     0.00 sec
Start ManSatSweeping =     0.00 sec
Simulating 15 words for 15 rounds. SAT solving with 1000 conflicts.
nSimWords = 0
cst =    2003  cls =      0  lit =    2003  unused =     256  proof =     0
cst =       3  cls =      4  lit =       7  unused =    2248  proof =     0
cst =       2  cls =      3  lit =       5  unused =    2251  proof =     0
cst =       0  cls =      1  lit =       1  unused =    2257  proof =     0
cst =       0  cls =      1  lit =       1  unused =    2257  proof =     0
cst =       0  cls =      1  lit =       1  unused =    2257  proof =     0
cst =       0  cls =      1  lit =       1  unused =    2257  proof =     0
cst =       0  cls =      1  lit =       1  unused =    2257  proof =     0
cst =       0  cls =      1  lit =       1  unused =    2257  proof =     0
cst =       0  cls =      1  lit =       1  unused =    2257  proof =     0
  1 : P =      0. D =      0. F =     1. M =     658. And =    2003. Time =     0.02 sec
Increasing conflict limit to 10000.
The result is written into file "cec_giaSweep.aig".
Switching into reduced mode.
  2 : P =      0. D =      0. F =     1. M =     658. And =    2003. Time =     0.28 sec
Increasing conflict limit to 100000.
The result is written into file "cec_giaSweep.aig".
Switching into normal mode.
  3 : P =      0. D =      0. F =     1. M =       0. And =    2003. Time =     4.03 sec
Performed 3 SAT calls: P = 0  D = 0  F = 3
NBeg = 2003. NEnd = 2003. (Gain =   0.00 %).  RBeg = 0. REnd = 0. (Gain =   0.00 %).
Sim  =     0.00 sec (  0.00 %)
Sat  =     4.32 sec (  0.00 %)
Pat  =     0.00 sec (  0.00 %)
Time =     4.34 sec
End ManSatSweeping =     4.34 sec
Networks are UNDECIDED after the new CEC engine.  Time =     4.34 sec
Calling the old CEC engine.
Start Old Verify =     4.34 sec
Original miter:   Nodes =   2006.
label 27
Initial SAT:      Nodes =   2006.  Time =     0.02 sec
Rewriting:        Nodes =   2006.  Time =     0.02 sec
There are 0 XORs
Balance-X:        Nodes =   2269.  Time =     0.00 sec
Starting Fra_SmlSimulate......classes =     1.   Lits =      4.
Refined classes  after Pattern 0=     1.   Changes =    0.   Lits =      4.
Refined classes after pattern 1 =     1.   Changes =    0.   Lits =      4.
Refined classes  =     1.   Changes =    0.   Lits =      4.
start Fra_FraigSweep...
Fraiging (i=1):   Nodes =   2269.  Time =     0.00 sec
Rewriting:        Nodes =   2027.  Time =     0.01 sec
There are 0 XORs
Balance-X:        Nodes =   2266.  Time =     0.00 sec
Starting Fra_SmlSimulate......classes =     1.   Lits =      4.
Refined classes  after Pattern 0=     1.   Changes =    0.   Lits =      4.
Refined classes after pattern 1 =     1.   Changes =    0.   Lits =      4.
Refined classes  =     1.   Changes =    0.   Lits =      4.
start Fra_FraigSweep...
Fraiging (i=2):   Nodes =   2266.  Time =     0.00 sec
Rewriting:        Nodes =   2026.  Time =     0.01 sec
There are 0 XORs
Balance-X:        Nodes =   2265.  Time =     0.00 sec
Starting Fra_SmlSimulate......classes =     1.   Lits =      4.
Refined classes  after Pattern 0=     1.   Changes =    0.   Lits =      4.
Refined classes after pattern 1 =     1.   Changes =    0.   Lits =      4.
Refined classes  =     1.   Changes =    0.   Lits =      4.
start Fra_FraigSweep...
Fraiging (i=3):   Nodes =   2265.  Time =     0.01 sec
Rewriting:        Nodes =   2025.  Time =     0.01 sec
There are 0 XORs
Balance-X:        Nodes =   2264.  Time =     0.00 sec
Starting Fra_SmlSimulate......classes =     1.   Lits =      4.
Refined classes  after Pattern 0=     1.   Changes =    0.   Lits =      4.
Refined classes after pattern 1 =     1.   Changes =    0.   Lits =      4.
Refined classes  =     1.   Changes =    0.   Lits =      4.
start Fra_FraigSweep...
Fraiging (i=4):   Nodes =   2264.  Time =     0.04 sec
Rewriting:        Nodes =   2026.  Time =     0.01 sec
There are 0 XORs
Balance-X:        Nodes =   2264.  Time =     0.00 sec
Starting Fra_SmlSimulate......classes =     1.   Lits =      4.
Refined classes  after Pattern 0=     1.   Changes =    0.   Lits =      4.
Refined classes after pattern 1 =     1.   Changes =    0.   Lits =      4.
Refined classes  =     1.   Changes =    0.   Lits =      4.
start Fra_FraigSweep...
Fraiging (i=5):   Nodes =   2264.  Time =     0.47 sec
Rewriting:        Nodes =   2027.  Time =     0.01 sec
There are 0 XORs
Balance-X:        Nodes =   2264.  Time =     0.00 sec
Starting Fra_SmlSimulate......classes =     1.   Lits =      4.
Refined classes  after Pattern 0=     1.   Changes =    0.   Lits =      4.
Refined classes after pattern 1 =     1.   Changes =    0.   Lits =      4.
Refined classes  =     1.   Changes =    0.   Lits =      4.
start Fra_FraigSweep...
Fraiging (i=6):   Nodes =   2264.  Time =     5.26 sec
Rewriting:        Nodes =   2026.  Time =     0.01 sec
label 27
CNF stats: Vars =   1561. Clauses =    4657. Literals =    12609. Time =     0.00 sec
Running SAT solver with parameters 10000 and 1000 and 50.
reduceDB: Keeping    5014 out of   10000 clauses (50.14 %)  Time =     0.03 sec
reduceDB: Keeping    5520 out of   11000 clauses (50.18 %)  Time =     0.03 sec
reduceDB: Keeping    6007 out of   12001 clauses (50.05 %)  Time =     0.03 sec
reduceDB: Keeping    6524 out of   13000 clauses (50.18 %)  Time =     0.03 sec
reduceDB: Keeping    7018 out of   14001 clauses (50.12 %)  Time =     0.03 sec
reduceDB: Keeping    7536 out of   15000 clauses (50.24 %)  Time =     0.03 sec
reduceDB: Keeping    8080 out of   16000 clauses (50.50 %)  Time =     0.03 sec
reduceDB: Keeping    8659 out of   17000 clauses (50.94 %)  Time =     0.03 sec
reduceDB: Keeping    9204 out of   18001 clauses (51.13 %)  Time =     0.03 sec
reduceDB: Keeping    9897 out of   19001 clauses (52.09 %)  Time =     0.04 sec
reduceDB: Keeping   10454 out of   20001 clauses (52.27 %)  Time =     0.04 sec
reduceDB: Keeping   11044 out of   21000 clauses (52.59 %)  Time =     0.04 sec
reduceDB: Keeping   11404 out of   22000 clauses (51.84 %)  Time =     0.04 sec
reduceDB: Keeping   11966 out of   23000 clauses (52.03 %)  Time =     0.04 sec
reduceDB: Keeping   12501 out of   24000 clauses (52.09 %)  Time =     0.04 sec
reduceDB: Keeping   13352 out of   25001 clauses (53.41 %)  Time =     0.04 sec
reduceDB: Keeping   13766 out of   26001 clauses (52.94 %)  Time =     0.05 sec
reduceDB: Keeping   14204 out of   27001 clauses (52.61 %)  Time =     0.05 sec
reduceDB: Keeping   14655 out of   28001 clauses (52.34 %)  Time =     0.05 sec
reduceDB: Keeping   15251 out of   29001 clauses (52.59 %)  Time =     0.05 sec
reduceDB: Keeping   15962 out of   30001 clauses (53.20 %)  Time =     0.05 sec
reduceDB: Keeping   16901 out of   31000 clauses (54.52 %)  Time =     0.05 sec
reduceDB: Keeping   17311 out of   32001 clauses (54.10 %)  Time =     0.06 sec
reduceDB: Keeping   17854 out of   33000 clauses (54.10 %)  Time =     0.06 sec
reduceDB: Keeping   18468 out of   34001 clauses (54.32 %)  Time =     0.06 sec
reduceDB: Keeping   18878 out of   35002 clauses (53.93 %)  Time =     0.06 sec
reduceDB: Keeping   19128 out of   36002 clauses (53.13 %)  Time =     0.06 sec
reduceDB: Keeping   19903 out of   37000 clauses (53.79 %)  Time =     0.07 sec
reduceDB: Keeping   20221 out of   38000 clauses (53.21 %)  Time =     0.07 sec
reduceDB: Keeping   20591 out of   39000 clauses (52.80 %)  Time =     0.07 sec
reduceDB: Keeping   21131 out of   40000 clauses (52.83 %)  Time =     0.07 sec
reduceDB: Keeping   21495 out of   41000 clauses (52.43 %)  Time =     0.08 sec
reduceDB: Keeping   21939 out of   42000 clauses (52.24 %)  Time =     0.08 sec
reduceDB: Keeping   22829 out of   43000 clauses (53.09 %)  Time =     0.08 sec
reduceDB: Keeping   23388 out of   44000 clauses (53.15 %)  Time =     0.08 sec
reduceDB: Keeping   24199 out of   45000 clauses (53.78 %)  Time =     0.08 sec
reduceDB: Keeping   24775 out of   46000 clauses (53.86 %)  Time =     0.09 sec
reduceDB: Keeping   25256 out of   47004 clauses (53.73 %)  Time =     0.09 sec
reduceDB: Keeping   25530 out of   48000 clauses (53.19 %)  Time =     0.09 sec
reduceDB: Keeping   26130 out of   49000 clauses (53.33 %)  Time =     0.10 sec
reduceDB: Keeping   26923 out of   50000 clauses (53.85 %)  Time =     0.10 sec
reduceDB: Keeping   27552 out of   51002 clauses (54.02 %)  Time =     0.10 sec
reduceDB: Keeping   28031 out of   52000 clauses (53.91 %)  Time =     0.10 sec
reduceDB: Keeping   28590 out of   53002 clauses (53.94 %)  Time =     0.11 sec
reduceDB: Keeping   28978 out of   54000 clauses (53.66 %)  Time =     0.11 sec
reduceDB: Keeping   23470 out of   55000 clauses (42.67 %)  Time =     0.11 sec
reduceDB: Keeping   28085 out of   56000 clauses (50.15 %)  Time =     0.12 sec
reduceDB: Keeping   28588 out of   57000 clauses (50.15 %)  Time =     0.12 sec
reduceDB: Keeping   29104 out of   58000 clauses (50.18 %)  Time =     0.12 sec
reduceDB: Keeping   29605 out of   59000 clauses (50.18 %)  Time =     0.13 sec
reduceDB: Keeping   30067 out of   60000 clauses (50.11 %)  Time =     0.13 sec
reduceDB: Keeping   30509 out of   61000 clauses (50.01 %)  Time =     0.13 sec
reduceDB: Keeping   31083 out of   62002 clauses (50.13 %)  Time =     0.14 sec
reduceDB: Keeping   31623 out of   63000 clauses (50.20 %)  Time =     0.14 sec
reduceDB: Keeping   32222 out of   64000 clauses (50.35 %)  Time =     0.14 sec
reduceDB: Keeping   32549 out of   65000 clauses (50.08 %)  Time =     0.15 sec
reduceDB: Keeping   33237 out of   66002 clauses (50.36 %)  Time =     0.15 sec
reduceDB: Keeping   33809 out of   67001 clauses (50.46 %)  Time =     0.15 sec
reduceDB: Keeping   34124 out of   68000 clauses (50.18 %)  Time =     0.16 sec
reduceDB: Keeping   34882 out of   69000 clauses (50.55 %)  Time =     0.16 sec
reduceDB: Keeping   35075 out of   70000 clauses (50.11 %)  Time =     0.17 sec
reduceDB: Keeping   35554 out of   71001 clauses (50.08 %)  Time =     0.17 sec
reduceDB: Keeping   36100 out of   72000 clauses (50.14 %)  Time =     0.17 sec
reduceDB: Keeping   36592 out of   73000 clauses (50.13 %)  Time =     0.18 sec
reduceDB: Keeping   37692 out of   74001 clauses (50.93 %)  Time =     0.18 sec
reduceDB: Keeping   37967 out of   75000 clauses (50.62 %)  Time =     0.19 sec
reduceDB: Keeping   38256 out of   76000 clauses (50.34 %)  Time =     0.19 sec
reduceDB: Keeping   38703 out of   77000 clauses (50.26 %)  Time =     0.19 sec
reduceDB: Keeping   39118 out of   78001 clauses (50.15 %)  Time =     0.20 sec
reduceDB: Keeping   39592 out of   79000 clauses (50.12 %)  Time =     0.20 sec
reduceDB: Keeping   40772 out of   80001 clauses (50.96 %)  Time =     0.21 sec
reduceDB: Keeping   41622 out of   81001 clauses (51.38 %)  Time =     0.21 sec
reduceDB: Keeping   41823 out of   82002 clauses (51.00 %)  Time =     0.22 sec
reduceDB: Keeping   41761 out of   83003 clauses (50.31 %)  Time =     0.22 sec
reduceDB: Keeping   42277 out of   84000 clauses (50.33 %)  Time =     0.23 sec
reduceDB: Keeping   42611 out of   85001 clauses (50.13 %)  Time =     0.23 sec
reduceDB: Keeping   43080 out of   86001 clauses (50.09 %)  Time =     0.23 sec
reduceDB: Keeping   43644 out of   87000 clauses (50.17 %)  Time =     0.24 sec
reduceDB: Keeping   44045 out of   88002 clauses (50.05 %)  Time =     0.24 sec
reduceDB: Keeping   45082 out of   89000 clauses (50.65 %)  Time =     0.25 sec
reduceDB: Keeping   44928 out of   90000 clauses (49.92 %)  Time =     0.25 sec
reduceDB: Keeping   45590 out of   91003 clauses (50.10 %)  Time =     0.26 sec
reduceDB: Keeping   46885 out of   92000 clauses (50.96 %)  Time =     0.26 sec
reduceDB: Keeping   48191 out of   93001 clauses (51.82 %)  Time =     0.27 sec
reduceDB: Keeping   49150 out of   94000 clauses (52.29 %)  Time =     0.27 sec
reduceDB: Keeping   50778 out of   95000 clauses (53.45 %)  Time =     0.28 sec
reduceDB: Keeping   51074 out of   96000 clauses (53.20 %)  Time =     0.28 sec
reduceDB: Keeping   51786 out of   97000 clauses (53.39 %)  Time =     0.29 sec
reduceDB: Keeping   53124 out of   98000 clauses (54.21 %)  Time =     0.30 sec
reduceDB: Keeping   53869 out of   99001 clauses (54.41 %)  Time =     0.30 sec
reduceDB: Keeping   53828 out of  100000 clauses (53.83 %)  Time =     0.31 sec
reduceDB: Keeping   53275 out of  101001 clauses (52.75 %)  Time =     0.31 sec
reduceDB: Keeping   53595 out of  102000 clauses (52.54 %)  Time =     0.32 sec
reduceDB: Keeping   53329 out of  103002 clauses (51.77 %)  Time =     0.32 sec
reduceDB: Keeping   54328 out of  104001 clauses (52.24 %)  Time =     0.33 sec
reduceDB: Keeping   54329 out of  105000 clauses (51.74 %)  Time =     0.33 sec
reduceDB: Keeping   54870 out of  106002 clauses (51.76 %)  Time =     0.34 sec
reduceDB: Keeping   54726 out of  107000 clauses (51.15 %)  Time =     0.35 sec
reduceDB: Keeping   55342 out of  108001 clauses (51.24 %)  Time =     0.35 sec
reduceDB: Keeping   56353 out of  109001 clauses (51.70 %)  Time =     0.36 sec
reduceDB: Keeping   56840 out of  110001 clauses (51.67 %)  Time =     0.36 sec
reduceDB: Keeping   57638 out of  111000 clauses (51.93 %)  Time =     0.37 sec
reduceDB: Keeping   58069 out of  112000 clauses (51.85 %)  Time =     0.38 sec
reduceDB: Keeping   58256 out of  113001 clauses (51.55 %)  Time =     0.38 sec
reduceDB: Keeping   58753 out of  114002 clauses (51.54 %)  Time =     0.39 sec
reduceDB: Keeping   59516 out of  115001 clauses (51.75 %)  Time =     0.39 sec
reduceDB: Keeping   59401 out of  116002 clauses (51.21 %)  Time =     0.40 sec
reduceDB: Keeping   60695 out of  117001 clauses (51.88 %)  Time =     0.41 sec
reduceDB: Keeping   61706 out of  118001 clauses (52.29 %)  Time =     0.41 sec
reduceDB: Keeping   63607 out of  119001 clauses (53.45 %)  Time =     0.42 sec
reduceDB: Keeping   48857 out of  120000 clauses (40.71 %)  Time =     0.43 sec
reduceDB: Keeping   60364 out of  121001 clauses (49.89 %)  Time =     0.43 sec
reduceDB: Keeping   60995 out of  122001 clauses (50.00 %)  Time =     0.44 sec
reduceDB: Keeping   63249 out of  123002 clauses (51.42 %)  Time =     0.45 sec
starts        :             6587
conflicts     :          3753562
decisions     :          4347140
propagations  :       1100479581
Final SAT:        Nodes =   2026.  Time =   355.19 sec
Networks are equivalent.  Time =   365.38 sec
End Old Verify =   365.38 sec
