ABC command line: "&read replace_1443.aig; &cec -m -v".

label 1
label 3
Assuming the current network is a single-output miter.
label 6
Start EquivFixOutputPairs =     0.00 sec
End EquivFixOutputPairs =     0.00 sec
Start ManSatSweeping =     0.00 sec
Simulating 15 words for 15 rounds. SAT solving with 1000 conflicts.
nSimWords = 0
cst =    2583  cls =      0  lit =    2583  unused =     256  proof =     0
cst =      20  cls =     34  lit =      66  unused =    2739  proof =     0
cst =       8  cls =     15  lit =      24  unused =    2800  proof =     0
cst =       0  cls =      3  lit =       3  unused =    2833  proof =     0
cst =       0  cls =      2  lit =       2  unused =    2835  proof =     0
cst =       0  cls =      1  lit =       1  unused =    2837  proof =     0
cst =       0  cls =      1  lit =       1  unused =    2837  proof =     0
cst =       0  cls =      1  lit =       1  unused =    2837  proof =     0
cst =       0  cls =      1  lit =       1  unused =    2837  proof =     0
cst =       0  cls =      1  lit =       1  unused =    2837  proof =     0
  1 : P =      0. D =      0. F =     1. M =     910. And =    2583. Time =     0.03 sec
Increasing conflict limit to 10000.
The result is written into file "cec_giaSweep.aig".
Switching into reduced mode.
  2 : P =      0. D =      0. F =     1. M =     910. And =    2583. Time =     0.30 sec
Increasing conflict limit to 100000.
The result is written into file "cec_giaSweep.aig".
Switching into normal mode.
  3 : P =      0. D =      0. F =     1. M =       0. And =    2583. Time =     3.91 sec
Performed 3 SAT calls: P = 0  D = 0  F = 3
NBeg = 2583. NEnd = 2583. (Gain =   0.00 %).  RBeg = 0. REnd = 0. (Gain =   0.00 %).
Sim  =     0.01 sec (  0.00 %)
Sat  =     4.24 sec (  0.00 %)
Pat  =     0.00 sec (  0.00 %)
Time =     4.26 sec
End ManSatSweeping =     4.26 sec
Networks are UNDECIDED after the new CEC engine.  Time =     4.26 sec
Calling the old CEC engine.
Start Old Verify =     4.26 sec
Original miter:   Nodes =   2586.
label 27
Initial SAT:      Nodes =   2586.  Time =     0.02 sec
Rewriting:        Nodes =   2585.  Time =     0.02 sec
There are 0 XORs
Balance-X:        Nodes =   2870.  Time =     0.00 sec
Starting Fra_SmlSimulate......classes =     4.   Lits =      7.
Refined classes  after Pattern 0=     4.   Changes =    0.   Lits =      7.
Refined classes after pattern 1 =     4.   Changes =    0.   Lits =      7.
Refined classes  =     2.   Changes =    2.   Lits =      5.
Refined classes  =     2.   Changes =    0.   Lits =      5.
start Fra_FraigSweep...
Fraiging (i=1):   Nodes =   2870.  Time =     0.00 sec
Rewriting:        Nodes =   2602.  Time =     0.01 sec
There are 0 XORs
Balance-X:        Nodes =   2866.  Time =     0.00 sec
Starting Fra_SmlSimulate......classes =     4.   Lits =      7.
Refined classes  after Pattern 0=     4.   Changes =    0.   Lits =      7.
Refined classes after pattern 1 =     4.   Changes =    0.   Lits =      7.
Refined classes  =     2.   Changes =    2.   Lits =      5.
Refined classes  =     2.   Changes =    0.   Lits =      5.
start Fra_FraigSweep...
Fraiging (i=2):   Nodes =   2866.  Time =     0.00 sec
Rewriting:        Nodes =   2605.  Time =     0.01 sec
There are 0 XORs
Balance-X:        Nodes =   2865.  Time =     0.00 sec
Starting Fra_SmlSimulate......classes =     4.   Lits =      7.
Refined classes  after Pattern 0=     4.   Changes =    0.   Lits =      7.
Refined classes after pattern 1 =     4.   Changes =    0.   Lits =      7.
Refined classes  =     2.   Changes =    2.   Lits =      5.
Refined classes  =     2.   Changes =    0.   Lits =      5.
start Fra_FraigSweep...
Fraiging (i=3):   Nodes =   2865.  Time =     0.01 sec
Rewriting:        Nodes =   2605.  Time =     0.01 sec
There are 0 XORs
Balance-X:        Nodes =   2865.  Time =     0.00 sec
Starting Fra_SmlSimulate......classes =     4.   Lits =      7.
Refined classes  after Pattern 0=     4.   Changes =    0.   Lits =      7.
Refined classes after pattern 1 =     4.   Changes =    0.   Lits =      7.
Refined classes  =     2.   Changes =    2.   Lits =      5.
Refined classes  =     2.   Changes =    0.   Lits =      5.
start Fra_FraigSweep...
Fraiging (i=4):   Nodes =   2865.  Time =     0.08 sec
Rewriting:        Nodes =   2605.  Time =     0.01 sec
There are 0 XORs
Balance-X:        Nodes =   2865.  Time =     0.00 sec
Starting Fra_SmlSimulate......classes =     4.   Lits =      7.
Refined classes  after Pattern 0=     4.   Changes =    0.   Lits =      7.
Refined classes after pattern 1 =     4.   Changes =    0.   Lits =      7.
Refined classes  =     2.   Changes =    2.   Lits =      5.
Refined classes  =     2.   Changes =    0.   Lits =      5.
start Fra_FraigSweep...
Fraiging (i=5):   Nodes =   2865.  Time =     1.05 sec
Rewriting:        Nodes =   2605.  Time =     0.01 sec
There are 0 XORs
Balance-X:        Nodes =   2865.  Time =     0.00 sec
Starting Fra_SmlSimulate......classes =     4.   Lits =      7.
Refined classes  after Pattern 0=     4.   Changes =    0.   Lits =      7.
Refined classes after pattern 1 =     4.   Changes =    0.   Lits =      7.
Refined classes  =     2.   Changes =    2.   Lits =      5.
Refined classes  =     2.   Changes =    0.   Lits =      5.
start Fra_FraigSweep...
Fraiging (i=6):   Nodes =   2865.  Time =    12.00 sec
Rewriting:        Nodes =   2605.  Time =     0.01 sec
label 27
CNF stats: Vars =   1856. Clauses =    5851. Literals =    15829. Time =     0.00 sec
Running SAT solver with parameters 10000 and 1000 and 50.
reduceDB: Keeping    5022 out of   10000 clauses (50.22 %)  Time =     0.04 sec
reduceDB: Keeping    5510 out of   11000 clauses (50.09 %)  Time =     0.04 sec
reduceDB: Keeping    6006 out of   12001 clauses (50.05 %)  Time =     0.04 sec
reduceDB: Keeping    6532 out of   13001 clauses (50.24 %)  Time =     0.04 sec
reduceDB: Keeping    7017 out of   14002 clauses (50.11 %)  Time =     0.04 sec
reduceDB: Keeping    7653 out of   15001 clauses (51.02 %)  Time =     0.05 sec
reduceDB: Keeping    8163 out of   16000 clauses (51.02 %)  Time =     0.05 sec
reduceDB: Keeping    8830 out of   17001 clauses (51.94 %)  Time =     0.05 sec
reduceDB: Keeping    9521 out of   18000 clauses (52.89 %)  Time =     0.05 sec
reduceDB: Keeping   10158 out of   19000 clauses (53.46 %)  Time =     0.05 sec
reduceDB: Keeping   10327 out of   20003 clauses (51.63 %)  Time =     0.05 sec
reduceDB: Keeping   11259 out of   21000 clauses (53.61 %)  Time =     0.05 sec
reduceDB: Keeping   11888 out of   22000 clauses (54.04 %)  Time =     0.05 sec
reduceDB: Keeping   11755 out of   23002 clauses (51.10 %)  Time =     0.05 sec
reduceDB: Keeping   12582 out of   24001 clauses (52.42 %)  Time =     0.06 sec
reduceDB: Keeping   13519 out of   25000 clauses (54.08 %)  Time =     0.06 sec
reduceDB: Keeping   13952 out of   26001 clauses (53.66 %)  Time =     0.06 sec
reduceDB: Keeping   14467 out of   27000 clauses (53.58 %)  Time =     0.06 sec
reduceDB: Keeping   14961 out of   28003 clauses (53.43 %)  Time =     0.06 sec
reduceDB: Keeping   15811 out of   29001 clauses (54.52 %)  Time =     0.06 sec
reduceDB: Keeping   16416 out of   30000 clauses (54.72 %)  Time =     0.06 sec
reduceDB: Keeping   16809 out of   31000 clauses (54.22 %)  Time =     0.07 sec
reduceDB: Keeping   17134 out of   32002 clauses (53.54 %)  Time =     0.07 sec
reduceDB: Keeping   15518 out of   33000 clauses (47.02 %)  Time =     0.07 sec
reduceDB: Keeping   17049 out of   34001 clauses (50.14 %)  Time =     0.07 sec
reduceDB: Keeping   17757 out of   35000 clauses (50.73 %)  Time =     0.07 sec
reduceDB: Keeping   18314 out of   36000 clauses (50.87 %)  Time =     0.08 sec
reduceDB: Keeping   19301 out of   37002 clauses (52.16 %)  Time =     0.08 sec
reduceDB: Keeping   19454 out of   38000 clauses (51.19 %)  Time =     0.08 sec
reduceDB: Keeping   20302 out of   39000 clauses (52.06 %)  Time =     0.08 sec
reduceDB: Keeping   20560 out of   40000 clauses (51.40 %)  Time =     0.08 sec
reduceDB: Keeping   20963 out of   41001 clauses (51.13 %)  Time =     0.09 sec
reduceDB: Keeping   22345 out of   42000 clauses (53.20 %)  Time =     0.09 sec
reduceDB: Keeping   23058 out of   43002 clauses (53.62 %)  Time =     0.09 sec
reduceDB: Keeping   23454 out of   44001 clauses (53.30 %)  Time =     0.09 sec
reduceDB: Keeping   24266 out of   45000 clauses (53.92 %)  Time =     0.10 sec
reduceDB: Keeping   24516 out of   46003 clauses (53.29 %)  Time =     0.10 sec
reduceDB: Keeping   24495 out of   47000 clauses (52.12 %)  Time =     0.10 sec
reduceDB: Keeping   25234 out of   48001 clauses (52.57 %)  Time =     0.10 sec
reduceDB: Keeping   25836 out of   49001 clauses (52.73 %)  Time =     0.11 sec
reduceDB: Keeping   26482 out of   50000 clauses (52.96 %)  Time =     0.11 sec
reduceDB: Keeping   27087 out of   51001 clauses (53.11 %)  Time =     0.11 sec
reduceDB: Keeping   27577 out of   52000 clauses (53.03 %)  Time =     0.11 sec
reduceDB: Keeping   27495 out of   53001 clauses (51.88 %)  Time =     0.12 sec
reduceDB: Keeping   28377 out of   54002 clauses (52.55 %)  Time =     0.12 sec
reduceDB: Keeping   28964 out of   55000 clauses (52.66 %)  Time =     0.12 sec
reduceDB: Keeping   29166 out of   56000 clauses (52.08 %)  Time =     0.13 sec
reduceDB: Keeping   29610 out of   57001 clauses (51.95 %)  Time =     0.13 sec
reduceDB: Keeping   29973 out of   58000 clauses (51.68 %)  Time =     0.13 sec
reduceDB: Keeping   30445 out of   59001 clauses (51.60 %)  Time =     0.13 sec
reduceDB: Keeping   30833 out of   60001 clauses (51.39 %)  Time =     0.14 sec
reduceDB: Keeping   31381 out of   61000 clauses (51.44 %)  Time =     0.14 sec
reduceDB: Keeping   32162 out of   62000 clauses (51.87 %)  Time =     0.14 sec
reduceDB: Keeping   32664 out of   63000 clauses (51.85 %)  Time =     0.15 sec
reduceDB: Keeping   34186 out of   64000 clauses (53.42 %)  Time =     0.15 sec
reduceDB: Keeping   34621 out of   65000 clauses (53.26 %)  Time =     0.15 sec
reduceDB: Keeping   35274 out of   66000 clauses (53.45 %)  Time =     0.16 sec
reduceDB: Keeping   35897 out of   67000 clauses (53.58 %)  Time =     0.16 sec
reduceDB: Keeping   36071 out of   68002 clauses (53.04 %)  Time =     0.16 sec
reduceDB: Keeping   36164 out of   69000 clauses (52.41 %)  Time =     0.17 sec
reduceDB: Keeping   36607 out of   70000 clauses (52.30 %)  Time =     0.17 sec
reduceDB: Keeping   36992 out of   71001 clauses (52.10 %)  Time =     0.17 sec
reduceDB: Keeping   36710 out of   72003 clauses (50.98 %)  Time =     0.18 sec
reduceDB: Keeping   37336 out of   73001 clauses (51.14 %)  Time =     0.18 sec
reduceDB: Keeping   37579 out of   74001 clauses (50.78 %)  Time =     0.19 sec
reduceDB: Keeping   37915 out of   75002 clauses (50.55 %)  Time =     0.19 sec
reduceDB: Keeping   38538 out of   76000 clauses (50.71 %)  Time =     0.19 sec
reduceDB: Keeping   38810 out of   77003 clauses (50.40 %)  Time =     0.20 sec
reduceDB: Keeping   39321 out of   78000 clauses (50.41 %)  Time =     0.20 sec
reduceDB: Keeping   39898 out of   79000 clauses (50.50 %)  Time =     0.21 sec
reduceDB: Keeping   39964 out of   80000 clauses (49.95 %)  Time =     0.21 sec
reduceDB: Keeping   41300 out of   81000 clauses (50.99 %)  Time =     0.21 sec
reduceDB: Keeping   41707 out of   82001 clauses (50.86 %)  Time =     0.22 sec
reduceDB: Keeping   41789 out of   83000 clauses (50.35 %)  Time =     0.22 sec
reduceDB: Keeping   41919 out of   84002 clauses (49.90 %)  Time =     0.23 sec
reduceDB: Keeping   42524 out of   85001 clauses (50.03 %)  Time =     0.23 sec
reduceDB: Keeping   43099 out of   86002 clauses (50.11 %)  Time =     0.24 sec
reduceDB: Keeping   43619 out of   87001 clauses (50.14 %)  Time =     0.24 sec
reduceDB: Keeping   44073 out of   88000 clauses (50.08 %)  Time =     0.24 sec
reduceDB: Keeping   44470 out of   89000 clauses (49.97 %)  Time =     0.25 sec
reduceDB: Keeping   45122 out of   90003 clauses (50.13 %)  Time =     0.25 sec
reduceDB: Keeping   45779 out of   91000 clauses (50.31 %)  Time =     0.26 sec
reduceDB: Keeping   46911 out of   92000 clauses (50.99 %)  Time =     0.26 sec
reduceDB: Keeping   47315 out of   93000 clauses (50.88 %)  Time =     0.27 sec
reduceDB: Keeping   48828 out of   94000 clauses (51.94 %)  Time =     0.27 sec
reduceDB: Keeping   50556 out of   95000 clauses (53.22 %)  Time =     0.28 sec
reduceDB: Keeping   51415 out of   96000 clauses (53.56 %)  Time =     0.28 sec
reduceDB: Keeping   52096 out of   97000 clauses (53.71 %)  Time =     0.29 sec
reduceDB: Keeping   52734 out of   98001 clauses (53.81 %)  Time =     0.29 sec
reduceDB: Keeping   53916 out of   99000 clauses (54.46 %)  Time =     0.30 sec
reduceDB: Keeping   40358 out of  100000 clauses (40.36 %)  Time =     0.30 sec
reduceDB: Keeping   45471 out of  101000 clauses (45.02 %)  Time =     0.31 sec
reduceDB: Keeping   50926 out of  102001 clauses (49.93 %)  Time =     0.31 sec
reduceDB: Keeping   51492 out of  103000 clauses (49.99 %)  Time =     0.32 sec
reduceDB: Keeping   51984 out of  104001 clauses (49.98 %)  Time =     0.32 sec
reduceDB: Keeping   52620 out of  105001 clauses (50.11 %)  Time =     0.33 sec
reduceDB: Keeping   48546 out of  106000 clauses (45.80 %)  Time =     0.33 sec
reduceDB: Keeping   53489 out of  107001 clauses (49.99 %)  Time =     0.34 sec
reduceDB: Keeping   48461 out of  108002 clauses (44.87 %)  Time =     0.34 sec
reduceDB: Keeping   54595 out of  109001 clauses (50.09 %)  Time =     0.35 sec
reduceDB: Keeping   54159 out of  110001 clauses (49.24 %)  Time =     0.36 sec
reduceDB: Keeping   55651 out of  111000 clauses (50.14 %)  Time =     0.36 sec
reduceDB: Keeping   55979 out of  112001 clauses (49.98 %)  Time =     0.37 sec
reduceDB: Keeping   56640 out of  113000 clauses (50.12 %)  Time =     0.37 sec
reduceDB: Keeping   56934 out of  114001 clauses (49.94 %)  Time =     0.38 sec
reduceDB: Keeping   56150 out of  115000 clauses (48.83 %)  Time =     0.38 sec
reduceDB: Keeping   56424 out of  116003 clauses (48.64 %)  Time =     0.39 sec
reduceDB: Keeping   58620 out of  117000 clauses (50.10 %)  Time =     0.40 sec
reduceDB: Keeping   60018 out of  118001 clauses (50.86 %)  Time =     0.40 sec
reduceDB: Keeping   62337 out of  119001 clauses (52.38 %)  Time =     0.41 sec
reduceDB: Keeping   63324 out of  120000 clauses (52.77 %)  Time =     0.41 sec
reduceDB: Keeping   62874 out of  121000 clauses (51.96 %)  Time =     0.42 sec
reduceDB: Keeping   62801 out of  122001 clauses (51.48 %)  Time =     0.43 sec
reduceDB: Keeping   62726 out of  123001 clauses (51.00 %)  Time =     0.43 sec
reduceDB: Keeping   62934 out of  124000 clauses (50.75 %)  Time =     0.44 sec
reduceDB: Keeping   63420 out of  125000 clauses (50.74 %)  Time =     0.44 sec
reduceDB: Keeping   63969 out of  126001 clauses (50.77 %)  Time =     0.45 sec
reduceDB: Keeping   64734 out of  127001 clauses (50.97 %)  Time =     0.46 sec
reduceDB: Keeping   67096 out of  128000 clauses (52.42 %)  Time =     0.46 sec
reduceDB: Keeping   67555 out of  129000 clauses (52.37 %)  Time =     0.47 sec
reduceDB: Keeping   67896 out of  130000 clauses (52.23 %)  Time =     0.48 sec
reduceDB: Keeping   68193 out of  131000 clauses (52.06 %)  Time =     0.48 sec
reduceDB: Keeping   68239 out of  132000 clauses (51.70 %)  Time =     0.49 sec
reduceDB: Keeping   69550 out of  133001 clauses (52.29 %)  Time =     0.50 sec
reduceDB: Keeping   70585 out of  134001 clauses (52.67 %)  Time =     0.50 sec
reduceDB: Keeping   72377 out of  135003 clauses (53.61 %)  Time =     0.51 sec
reduceDB: Keeping   55937 out of  136001 clauses (41.13 %)  Time =     0.52 sec
starts        :             8189
conflicts     :          4626176
decisions     :          5336751
propagations  :       1657775255
Final SAT:        Nodes =   2605.  Time =   473.50 sec
Networks are equivalent.  Time =   490.99 sec
End Old Verify =   490.99 sec
