ABC command line: "&read replace_1420.aig; &cec -m -v".

label 1
label 3
Assuming the current network is a single-output miter.
label 6
Start EquivFixOutputPairs =     0.00 sec
End EquivFixOutputPairs =     0.00 sec
Start ManSatSweeping =     0.00 sec
Simulating 15 words for 15 rounds. SAT solving with 1000 conflicts.
nSimWords = 0
cst =    2028  cls =      0  lit =    2028  unused =     256  proof =     0
cst =       4  cls =      5  lit =      10  unused =    2269  proof =     0
cst =       2  cls =      2  lit =       5  unused =    2277  proof =     0
cst =       0  cls =      1  lit =       1  unused =    2282  proof =     0
cst =       0  cls =      1  lit =       1  unused =    2282  proof =     0
cst =       0  cls =      1  lit =       1  unused =    2282  proof =     0
cst =       0  cls =      1  lit =       1  unused =    2282  proof =     0
cst =       0  cls =      1  lit =       1  unused =    2282  proof =     0
cst =       0  cls =      1  lit =       1  unused =    2282  proof =     0
cst =       0  cls =      1  lit =       1  unused =    2282  proof =     0
  1 : P =      0. D =      0. F =     1. M =     657. And =    2028. Time =     0.02 sec
Increasing conflict limit to 10000.
The result is written into file "cec_giaSweep.aig".
Switching into reduced mode.
  2 : P =      0. D =      0. F =     1. M =     657. And =    2028. Time =     0.26 sec
Increasing conflict limit to 100000.
The result is written into file "cec_giaSweep.aig".
Switching into normal mode.
  3 : P =      0. D =      0. F =     1. M =       0. And =    2028. Time =     3.58 sec
Performed 3 SAT calls: P = 0  D = 0  F = 3
NBeg = 2028. NEnd = 2028. (Gain =   0.00 %).  RBeg = 0. REnd = 0. (Gain =   0.00 %).
Sim  =     0.01 sec (  0.00 %)
Sat  =     3.87 sec (  0.00 %)
Pat  =     0.00 sec (  0.00 %)
Time =     3.88 sec
End ManSatSweeping =     3.88 sec
Networks are UNDECIDED after the new CEC engine.  Time =     3.88 sec
Calling the old CEC engine.
Start Old Verify =     3.88 sec
Original miter:   Nodes =   2031.
label 27
Initial SAT:      Nodes =   2031.  Time =     0.02 sec
Rewriting:        Nodes =   2031.  Time =     0.02 sec
There are 0 XORs
Balance-X:        Nodes =   2296.  Time =     0.00 sec
Starting Fra_SmlSimulate......classes =     1.   Lits =      4.
Refined classes  after Pattern 0=     1.   Changes =    0.   Lits =      4.
Refined classes after pattern 1 =     1.   Changes =    0.   Lits =      4.
Refined classes  =     1.   Changes =    0.   Lits =      4.
start Fra_FraigSweep...
Fraiging (i=1):   Nodes =   2296.  Time =     0.00 sec
Rewriting:        Nodes =   2052.  Time =     0.01 sec
There are 0 XORs
Balance-X:        Nodes =   2294.  Time =     0.00 sec
Starting Fra_SmlSimulate......classes =     1.   Lits =      4.
Refined classes  after Pattern 0=     1.   Changes =    0.   Lits =      4.
Refined classes after pattern 1 =     1.   Changes =    0.   Lits =      4.
Refined classes  =     1.   Changes =    0.   Lits =      4.
start Fra_FraigSweep...
Fraiging (i=2):   Nodes =   2294.  Time =     0.00 sec
Rewriting:        Nodes =   2056.  Time =     0.01 sec
There are 0 XORs
Balance-X:        Nodes =   2294.  Time =     0.00 sec
Starting Fra_SmlSimulate......classes =     1.   Lits =      4.
Refined classes  after Pattern 0=     1.   Changes =    0.   Lits =      4.
Refined classes after pattern 1 =     1.   Changes =    0.   Lits =      4.
Refined classes  =     1.   Changes =    0.   Lits =      4.
start Fra_FraigSweep...
Fraiging (i=3):   Nodes =   2294.  Time =     0.01 sec
Rewriting:        Nodes =   2056.  Time =     0.01 sec
There are 0 XORs
Balance-X:        Nodes =   2294.  Time =     0.00 sec
Starting Fra_SmlSimulate......classes =     1.   Lits =      4.
Refined classes  after Pattern 0=     1.   Changes =    0.   Lits =      4.
Refined classes after pattern 1 =     1.   Changes =    0.   Lits =      4.
Refined classes  =     1.   Changes =    0.   Lits =      4.
start Fra_FraigSweep...
Fraiging (i=4):   Nodes =   2294.  Time =     0.08 sec
Rewriting:        Nodes =   2056.  Time =     0.01 sec
There are 0 XORs
Balance-X:        Nodes =   2294.  Time =     0.00 sec
Starting Fra_SmlSimulate......classes =     1.   Lits =      4.
Refined classes  after Pattern 0=     1.   Changes =    0.   Lits =      4.
Refined classes after pattern 1 =     1.   Changes =    0.   Lits =      4.
Refined classes  =     1.   Changes =    0.   Lits =      4.
start Fra_FraigSweep...
Fraiging (i=5):   Nodes =   2294.  Time =     0.90 sec
Rewriting:        Nodes =   2056.  Time =     0.01 sec
There are 0 XORs
Balance-X:        Nodes =   2294.  Time =     0.00 sec
Starting Fra_SmlSimulate......classes =     1.   Lits =      4.
Refined classes  after Pattern 0=     1.   Changes =    0.   Lits =      4.
Refined classes after pattern 1 =     1.   Changes =    0.   Lits =      4.
Refined classes  =     1.   Changes =    0.   Lits =      4.
start Fra_FraigSweep...
Fraiging (i=6):   Nodes =   2294.  Time =    10.99 sec
Rewriting:        Nodes =   2056.  Time =     0.01 sec
label 27
CNF stats: Vars =   1579. Clauses =    4716. Literals =    12750. Time =     0.00 sec
Running SAT solver with parameters 10000 and 1000 and 50.
reduceDB: Keeping    5021 out of   10001 clauses (50.20 %)  Time =     0.04 sec
reduceDB: Keeping    5511 out of   11002 clauses (50.09 %)  Time =     0.04 sec
reduceDB: Keeping    6011 out of   12001 clauses (50.09 %)  Time =     0.04 sec
reduceDB: Keeping    6534 out of   13002 clauses (50.25 %)  Time =     0.04 sec
reduceDB: Keeping    7019 out of   14002 clauses (50.13 %)  Time =     0.04 sec
reduceDB: Keeping    7524 out of   15000 clauses (50.16 %)  Time =     0.04 sec
reduceDB: Keeping    8039 out of   16002 clauses (50.24 %)  Time =     0.05 sec
reduceDB: Keeping    8566 out of   17000 clauses (50.39 %)  Time =     0.05 sec
reduceDB: Keeping    9207 out of   18003 clauses (51.14 %)  Time =     0.05 sec
reduceDB: Keeping    9717 out of   19000 clauses (51.14 %)  Time =     0.05 sec
reduceDB: Keeping   10478 out of   20000 clauses (52.39 %)  Time =     0.05 sec
reduceDB: Keeping   11453 out of   21000 clauses (54.54 %)  Time =     0.05 sec
reduceDB: Keeping   11766 out of   22000 clauses (53.48 %)  Time =     0.05 sec
reduceDB: Keeping   12057 out of   23002 clauses (52.42 %)  Time =     0.05 sec
reduceDB: Keeping   12794 out of   24001 clauses (53.31 %)  Time =     0.06 sec
reduceDB: Keeping   13341 out of   25001 clauses (53.36 %)  Time =     0.06 sec
reduceDB: Keeping   13778 out of   26001 clauses (52.99 %)  Time =     0.06 sec
reduceDB: Keeping   14374 out of   27002 clauses (53.23 %)  Time =     0.06 sec
reduceDB: Keeping   15063 out of   28000 clauses (53.80 %)  Time =     0.06 sec
reduceDB: Keeping   15795 out of   29001 clauses (54.46 %)  Time =     0.06 sec
reduceDB: Keeping   16395 out of   30000 clauses (54.65 %)  Time =     0.06 sec
reduceDB: Keeping   16994 out of   31001 clauses (54.82 %)  Time =     0.07 sec
reduceDB: Keeping   17180 out of   32002 clauses (53.68 %)  Time =     0.07 sec
reduceDB: Keeping   17736 out of   33002 clauses (53.74 %)  Time =     0.07 sec
reduceDB: Keeping   18404 out of   34000 clauses (54.13 %)  Time =     0.07 sec
reduceDB: Keeping   18675 out of   35003 clauses (53.35 %)  Time =     0.07 sec
reduceDB: Keeping   19199 out of   36002 clauses (53.33 %)  Time =     0.08 sec
reduceDB: Keeping   20062 out of   37000 clauses (54.22 %)  Time =     0.08 sec
reduceDB: Keeping   20183 out of   38002 clauses (53.11 %)  Time =     0.08 sec
reduceDB: Keeping   20668 out of   39000 clauses (52.99 %)  Time =     0.08 sec
reduceDB: Keeping   21068 out of   40000 clauses (52.67 %)  Time =     0.08 sec
reduceDB: Keeping   21364 out of   41001 clauses (52.11 %)  Time =     0.09 sec
reduceDB: Keeping   21934 out of   42000 clauses (52.22 %)  Time =     0.09 sec
reduceDB: Keeping   22681 out of   43001 clauses (52.75 %)  Time =     0.09 sec
reduceDB: Keeping   23366 out of   44002 clauses (53.10 %)  Time =     0.09 sec
reduceDB: Keeping   23993 out of   45002 clauses (53.32 %)  Time =     0.10 sec
reduceDB: Keeping   24482 out of   46001 clauses (53.22 %)  Time =     0.10 sec
reduceDB: Keeping   24535 out of   47000 clauses (52.20 %)  Time =     0.10 sec
reduceDB: Keeping   25071 out of   48000 clauses (52.23 %)  Time =     0.10 sec
reduceDB: Keeping   25464 out of   49000 clauses (51.97 %)  Time =     0.11 sec
reduceDB: Keeping   25920 out of   50000 clauses (51.84 %)  Time =     0.11 sec
reduceDB: Keeping   26077 out of   51000 clauses (51.13 %)  Time =     0.11 sec
reduceDB: Keeping   26734 out of   52000 clauses (51.41 %)  Time =     0.11 sec
reduceDB: Keeping   27234 out of   53000 clauses (51.38 %)  Time =     0.12 sec
reduceDB: Keeping   27426 out of   54001 clauses (50.79 %)  Time =     0.12 sec
reduceDB: Keeping   28453 out of   55000 clauses (51.73 %)  Time =     0.12 sec
reduceDB: Keeping   28600 out of   56000 clauses (51.07 %)  Time =     0.12 sec
reduceDB: Keeping   29236 out of   57000 clauses (51.29 %)  Time =     0.13 sec
reduceDB: Keeping   29615 out of   58000 clauses (51.06 %)  Time =     0.13 sec
reduceDB: Keeping   29956 out of   59001 clauses (50.77 %)  Time =     0.13 sec
reduceDB: Keeping   30075 out of   60000 clauses (50.12 %)  Time =     0.14 sec
reduceDB: Keeping   30974 out of   61000 clauses (50.78 %)  Time =     0.14 sec
reduceDB: Keeping   31440 out of   62000 clauses (50.71 %)  Time =     0.14 sec
reduceDB: Keeping   32142 out of   63000 clauses (51.02 %)  Time =     0.15 sec
reduceDB: Keeping   32663 out of   64000 clauses (51.04 %)  Time =     0.15 sec
reduceDB: Keeping   33573 out of   65002 clauses (51.65 %)  Time =     0.15 sec
reduceDB: Keeping   34027 out of   66002 clauses (51.55 %)  Time =     0.16 sec
reduceDB: Keeping   34387 out of   67003 clauses (51.32 %)  Time =     0.16 sec
reduceDB: Keeping   34700 out of   68000 clauses (51.03 %)  Time =     0.16 sec
reduceDB: Keeping   34920 out of   69001 clauses (50.61 %)  Time =     0.17 sec
reduceDB: Keeping   35195 out of   70000 clauses (50.28 %)  Time =     0.17 sec
reduceDB: Keeping   35615 out of   71001 clauses (50.16 %)  Time =     0.17 sec
reduceDB: Keeping   36121 out of   72002 clauses (50.17 %)  Time =     0.18 sec
reduceDB: Keeping   36565 out of   73000 clauses (50.09 %)  Time =     0.18 sec
reduceDB: Keeping   36929 out of   74000 clauses (49.90 %)  Time =     0.19 sec
reduceDB: Keeping   37595 out of   75000 clauses (50.13 %)  Time =     0.19 sec
reduceDB: Keeping   38128 out of   76000 clauses (50.17 %)  Time =     0.19 sec
reduceDB: Keeping   38498 out of   77001 clauses (50.00 %)  Time =     0.20 sec
reduceDB: Keeping   39020 out of   78000 clauses (50.03 %)  Time =     0.20 sec
reduceDB: Keeping   39574 out of   79002 clauses (50.09 %)  Time =     0.21 sec
reduceDB: Keeping   40066 out of   80000 clauses (50.08 %)  Time =     0.21 sec
reduceDB: Keeping   40564 out of   81001 clauses (50.08 %)  Time =     0.21 sec
reduceDB: Keeping   41124 out of   82002 clauses (50.15 %)  Time =     0.22 sec
reduceDB: Keeping   41624 out of   83002 clauses (50.15 %)  Time =     0.22 sec
reduceDB: Keeping   41717 out of   84001 clauses (49.66 %)  Time =     0.23 sec
reduceDB: Keeping   42424 out of   85003 clauses (49.91 %)  Time =     0.23 sec
reduceDB: Keeping   42990 out of   86001 clauses (49.99 %)  Time =     0.24 sec
reduceDB: Keeping   43614 out of   87001 clauses (50.13 %)  Time =     0.24 sec
reduceDB: Keeping   43519 out of   88001 clauses (49.45 %)  Time =     0.25 sec
reduceDB: Keeping   44617 out of   89001 clauses (50.13 %)  Time =     0.25 sec
reduceDB: Keeping   45148 out of   90000 clauses (50.16 %)  Time =     0.25 sec
reduceDB: Keeping   45507 out of   91002 clauses (50.01 %)  Time =     0.26 sec
reduceDB: Keeping   46080 out of   92000 clauses (50.09 %)  Time =     0.26 sec
reduceDB: Keeping   46466 out of   93001 clauses (49.96 %)  Time =     0.27 sec
reduceDB: Keeping   46441 out of   94004 clauses (49.40 %)  Time =     0.27 sec
reduceDB: Keeping   47581 out of   95000 clauses (50.09 %)  Time =     0.28 sec
reduceDB: Keeping   48050 out of   96000 clauses (50.05 %)  Time =     0.28 sec
reduceDB: Keeping   48552 out of   97000 clauses (50.05 %)  Time =     0.29 sec
reduceDB: Keeping   50089 out of   98000 clauses (51.11 %)  Time =     0.29 sec
reduceDB: Keeping   50632 out of   99000 clauses (51.14 %)  Time =     0.30 sec
reduceDB: Keeping   50292 out of  100000 clauses (50.29 %)  Time =     0.30 sec
reduceDB: Keeping   50502 out of  101001 clauses (50.00 %)  Time =     0.31 sec
reduceDB: Keeping   51021 out of  102000 clauses (50.02 %)  Time =     0.31 sec
reduceDB: Keeping   51482 out of  103000 clauses (49.98 %)  Time =     0.32 sec
reduceDB: Keeping   52117 out of  104001 clauses (50.11 %)  Time =     0.32 sec
reduceDB: Keeping   52642 out of  105001 clauses (50.13 %)  Time =     0.33 sec
reduceDB: Keeping   53137 out of  106000 clauses (50.13 %)  Time =     0.33 sec
reduceDB: Keeping   53666 out of  107000 clauses (50.16 %)  Time =     0.34 sec
reduceDB: Keeping   54162 out of  108001 clauses (50.15 %)  Time =     0.34 sec
reduceDB: Keeping   56414 out of  109001 clauses (51.76 %)  Time =     0.35 sec
reduceDB: Keeping   56220 out of  110000 clauses (51.11 %)  Time =     0.36 sec
reduceDB: Keeping   56381 out of  111000 clauses (50.79 %)  Time =     0.36 sec
reduceDB: Keeping   57293 out of  112001 clauses (51.15 %)  Time =     0.37 sec
reduceDB: Keeping   57667 out of  113001 clauses (51.03 %)  Time =     0.37 sec
reduceDB: Keeping   57731 out of  114000 clauses (50.64 %)  Time =     0.38 sec
reduceDB: Keeping   57912 out of  115003 clauses (50.36 %)  Time =     0.38 sec
reduceDB: Keeping   58315 out of  116000 clauses (50.27 %)  Time =     0.39 sec
reduceDB: Keeping   59171 out of  117000 clauses (50.57 %)  Time =     0.40 sec
reduceDB: Keeping   59822 out of  118001 clauses (50.70 %)  Time =     0.40 sec
reduceDB: Keeping   61078 out of  119001 clauses (51.33 %)  Time =     0.41 sec
reduceDB: Keeping   61194 out of  120001 clauses (50.99 %)  Time =     0.41 sec
reduceDB: Keeping   61670 out of  121001 clauses (50.97 %)  Time =     0.42 sec
reduceDB: Keeping   62230 out of  122000 clauses (51.01 %)  Time =     0.43 sec
reduceDB: Keeping   62307 out of  123002 clauses (50.66 %)  Time =     0.43 sec
reduceDB: Keeping   63101 out of  124002 clauses (50.89 %)  Time =     0.44 sec
reduceDB: Keeping   63430 out of  125000 clauses (50.74 %)  Time =     0.45 sec
reduceDB: Keeping   64441 out of  126001 clauses (51.14 %)  Time =     0.45 sec
reduceDB: Keeping   65136 out of  127001 clauses (51.29 %)  Time =     0.46 sec
reduceDB: Keeping   66807 out of  128000 clauses (52.19 %)  Time =     0.46 sec
reduceDB: Keeping   67708 out of  129001 clauses (52.49 %)  Time =     0.47 sec
reduceDB: Keeping   67649 out of  130000 clauses (52.04 %)  Time =     0.48 sec
reduceDB: Keeping   68895 out of  131001 clauses (52.59 %)  Time =     0.48 sec
reduceDB: Keeping   72182 out of  132000 clauses (54.68 %)  Time =     0.49 sec
reduceDB: Keeping   56757 out of  133001 clauses (42.67 %)  Time =     0.50 sec
starts        :             7929
conflicts     :          4415695
decisions     :          5037826
propagations  :       1400699060
Final SAT:        Nodes =   2056.  Time =   463.96 sec
Networks are equivalent.  Time =   479.90 sec
End Old Verify =   479.90 sec
