ABC command line: "&read replace_1442.aig; &cec -m -v".

label 1
label 3
Assuming the current network is a single-output miter.
label 6
Start EquivFixOutputPairs =     0.00 sec
End EquivFixOutputPairs =     0.00 sec
Start ManSatSweeping =     0.00 sec
Simulating 15 words for 15 rounds. SAT solving with 1000 conflicts.
nSimWords = 0
cst =    2541  cls =      0  lit =    2541  unused =     256  proof =     0
cst =      13  cls =     39  lit =      58  unused =    2700  proof =     0
cst =       2  cls =     13  lit =      16  unused =    2768  proof =     0
cst =       0  cls =      1  lit =       1  unused =    2795  proof =     0
cst =       0  cls =      1  lit =       1  unused =    2795  proof =     0
cst =       0  cls =      1  lit =       1  unused =    2795  proof =     0
cst =       0  cls =      1  lit =       1  unused =    2795  proof =     0
cst =       0  cls =      1  lit =       1  unused =    2795  proof =     0
cst =       0  cls =      1  lit =       1  unused =    2795  proof =     0
cst =       0  cls =      1  lit =       1  unused =    2795  proof =     0
  1 : P =      0. D =      0. F =     1. M =     893. And =    2541. Time =     0.03 sec
Increasing conflict limit to 10000.
The result is written into file "cec_giaSweep.aig".
Switching into reduced mode.
  2 : P =      0. D =      0. F =     1. M =     893. And =    2541. Time =     0.29 sec
Increasing conflict limit to 100000.
The result is written into file "cec_giaSweep.aig".
Switching into normal mode.
  3 : P =      0. D =      0. F =     1. M =       0. And =    2541. Time =     3.89 sec
Performed 3 SAT calls: P = 0  D = 0  F = 3
NBeg = 2541. NEnd = 2541. (Gain =   0.00 %).  RBeg = 0. REnd = 0. (Gain =   0.00 %).
Sim  =     0.00 sec (  0.00 %)
Sat  =     4.20 sec (  0.00 %)
Pat  =     0.00 sec (  0.00 %)
Time =     4.21 sec
End ManSatSweeping =     4.21 sec
Networks are UNDECIDED after the new CEC engine.  Time =     4.21 sec
Calling the old CEC engine.
Start Old Verify =     4.21 sec
Original miter:   Nodes =   2544.
label 27
Initial SAT:      Nodes =   2544.  Time =     0.02 sec
Rewriting:        Nodes =   2541.  Time =     0.02 sec
There are 0 XORs
Balance-X:        Nodes =   2820.  Time =     0.00 sec
Starting Fra_SmlSimulate......classes =     5.   Lits =      8.
Refined classes  after Pattern 0=     5.   Changes =    0.   Lits =      8.
Refined classes after pattern 1 =     5.   Changes =    0.   Lits =      8.
Refined classes  =     2.   Changes =    3.   Lits =      5.
Refined classes  =     2.   Changes =    0.   Lits =      5.
start Fra_FraigSweep...
Fraiging (i=1):   Nodes =   2819.  Time =     0.00 sec
Rewriting:        Nodes =   2562.  Time =     0.01 sec
There are 0 XORs
Balance-X:        Nodes =   2816.  Time =     0.00 sec
Starting Fra_SmlSimulate......classes =     4.   Lits =      7.
Refined classes  after Pattern 0=     4.   Changes =    0.   Lits =      7.
Refined classes after pattern 1 =     4.   Changes =    0.   Lits =      7.
Refined classes  =     1.   Changes =    3.   Lits =      4.
Refined classes  =     1.   Changes =    0.   Lits =      4.
start Fra_FraigSweep...
Fraiging (i=2):   Nodes =   2816.  Time =     0.00 sec
Rewriting:        Nodes =   2563.  Time =     0.01 sec
There are 0 XORs
Balance-X:        Nodes =   2816.  Time =     0.00 sec
Starting Fra_SmlSimulate......classes =     4.   Lits =      7.
Refined classes  after Pattern 0=     4.   Changes =    0.   Lits =      7.
Refined classes after pattern 1 =     4.   Changes =    0.   Lits =      7.
Refined classes  =     1.   Changes =    3.   Lits =      4.
Refined classes  =     1.   Changes =    0.   Lits =      4.
start Fra_FraigSweep...
Fraiging (i=3):   Nodes =   2816.  Time =     0.01 sec
Rewriting:        Nodes =   2563.  Time =     0.01 sec
There are 0 XORs
Balance-X:        Nodes =   2816.  Time =     0.00 sec
Starting Fra_SmlSimulate......classes =     4.   Lits =      7.
Refined classes  after Pattern 0=     4.   Changes =    0.   Lits =      7.
Refined classes after pattern 1 =     4.   Changes =    0.   Lits =      7.
Refined classes  =     1.   Changes =    3.   Lits =      4.
Refined classes  =     1.   Changes =    0.   Lits =      4.
start Fra_FraigSweep...
Fraiging (i=4):   Nodes =   2816.  Time =     0.09 sec
Rewriting:        Nodes =   2563.  Time =     0.01 sec
There are 0 XORs
Balance-X:        Nodes =   2816.  Time =     0.00 sec
Starting Fra_SmlSimulate......classes =     4.   Lits =      7.
Refined classes  after Pattern 0=     4.   Changes =    0.   Lits =      7.
Refined classes after pattern 1 =     4.   Changes =    0.   Lits =      7.
Refined classes  =     1.   Changes =    3.   Lits =      4.
Refined classes  =     1.   Changes =    0.   Lits =      4.
start Fra_FraigSweep...
Fraiging (i=5):   Nodes =   2816.  Time =     1.03 sec
Rewriting:        Nodes =   2563.  Time =     0.01 sec
There are 0 XORs
Balance-X:        Nodes =   2816.  Time =     0.00 sec
Starting Fra_SmlSimulate......classes =     4.   Lits =      7.
Refined classes  after Pattern 0=     4.   Changes =    0.   Lits =      7.
Refined classes after pattern 1 =     4.   Changes =    0.   Lits =      7.
Refined classes  =     1.   Changes =    3.   Lits =      4.
Refined classes  =     1.   Changes =    0.   Lits =      4.
start Fra_FraigSweep...
Fraiging (i=6):   Nodes =   2816.  Time =    11.94 sec
Rewriting:        Nodes =   2563.  Time =     0.01 sec
label 27
CNF stats: Vars =   1840. Clauses =    5781. Literals =    15638. Time =     0.00 sec
Running SAT solver with parameters 10000 and 1000 and 50.
reduceDB: Keeping    4990 out of   10001 clauses (49.90 %)  Time =     0.04 sec
reduceDB: Keeping    5509 out of   11002 clauses (50.07 %)  Time =     0.04 sec
reduceDB: Keeping    6018 out of   12001 clauses (50.15 %)  Time =     0.04 sec
reduceDB: Keeping    6527 out of   13001 clauses (50.20 %)  Time =     0.04 sec
reduceDB: Keeping    7015 out of   14001 clauses (50.10 %)  Time =     0.04 sec
reduceDB: Keeping    7547 out of   15002 clauses (50.31 %)  Time =     0.05 sec
reduceDB: Keeping    8184 out of   16001 clauses (51.15 %)  Time =     0.05 sec
reduceDB: Keeping    8853 out of   17001 clauses (52.07 %)  Time =     0.05 sec
reduceDB: Keeping    9307 out of   18001 clauses (51.70 %)  Time =     0.05 sec
reduceDB: Keeping    9927 out of   19000 clauses (52.25 %)  Time =     0.05 sec
reduceDB: Keeping   10486 out of   20001 clauses (52.43 %)  Time =     0.05 sec
reduceDB: Keeping   11170 out of   21003 clauses (53.18 %)  Time =     0.05 sec
reduceDB: Keeping   11591 out of   22001 clauses (52.68 %)  Time =     0.05 sec
reduceDB: Keeping   12060 out of   23000 clauses (52.43 %)  Time =     0.05 sec
reduceDB: Keeping   12635 out of   24001 clauses (52.64 %)  Time =     0.06 sec
reduceDB: Keeping   13172 out of   25000 clauses (52.69 %)  Time =     0.06 sec
reduceDB: Keeping   13611 out of   26002 clauses (52.35 %)  Time =     0.06 sec
reduceDB: Keeping   14256 out of   27001 clauses (52.80 %)  Time =     0.06 sec
reduceDB: Keeping   14800 out of   28000 clauses (52.86 %)  Time =     0.06 sec
reduceDB: Keeping   15511 out of   29002 clauses (53.48 %)  Time =     0.06 sec
reduceDB: Keeping   13895 out of   30001 clauses (46.32 %)  Time =     0.07 sec
reduceDB: Keeping   15730 out of   31000 clauses (50.74 %)  Time =     0.07 sec
reduceDB: Keeping   16383 out of   32002 clauses (51.19 %)  Time =     0.07 sec
reduceDB: Keeping   16884 out of   33000 clauses (51.16 %)  Time =     0.07 sec
reduceDB: Keeping   17601 out of   34000 clauses (51.77 %)  Time =     0.07 sec
reduceDB: Keeping   18005 out of   35001 clauses (51.44 %)  Time =     0.07 sec
reduceDB: Keeping   18726 out of   36002 clauses (52.01 %)  Time =     0.08 sec
reduceDB: Keeping   19406 out of   37001 clauses (52.45 %)  Time =     0.08 sec
reduceDB: Keeping   19939 out of   38003 clauses (52.47 %)  Time =     0.08 sec
reduceDB: Keeping   20599 out of   39001 clauses (52.82 %)  Time =     0.08 sec
reduceDB: Keeping   21080 out of   40000 clauses (52.70 %)  Time =     0.08 sec
reduceDB: Keeping   21405 out of   41002 clauses (52.20 %)  Time =     0.09 sec
reduceDB: Keeping   21717 out of   42001 clauses (51.71 %)  Time =     0.09 sec
reduceDB: Keeping   22159 out of   43002 clauses (51.53 %)  Time =     0.09 sec
reduceDB: Keeping   22748 out of   44000 clauses (51.70 %)  Time =     0.09 sec
reduceDB: Keeping   23232 out of   45001 clauses (51.63 %)  Time =     0.10 sec
reduceDB: Keeping   23717 out of   46001 clauses (51.56 %)  Time =     0.10 sec
reduceDB: Keeping   23950 out of   47000 clauses (50.96 %)  Time =     0.10 sec
reduceDB: Keeping   24606 out of   48000 clauses (51.26 %)  Time =     0.10 sec
reduceDB: Keeping   24953 out of   49000 clauses (50.92 %)  Time =     0.11 sec
reduceDB: Keeping   25699 out of   50000 clauses (51.40 %)  Time =     0.11 sec
reduceDB: Keeping   26065 out of   51000 clauses (51.11 %)  Time =     0.11 sec
reduceDB: Keeping   26768 out of   52001 clauses (51.48 %)  Time =     0.11 sec
reduceDB: Keeping   27189 out of   53000 clauses (51.30 %)  Time =     0.12 sec
reduceDB: Keeping   28353 out of   54000 clauses (52.51 %)  Time =     0.12 sec
reduceDB: Keeping   28978 out of   55002 clauses (52.69 %)  Time =     0.12 sec
reduceDB: Keeping   29501 out of   56000 clauses (52.68 %)  Time =     0.13 sec
reduceDB: Keeping   29619 out of   57000 clauses (51.96 %)  Time =     0.13 sec
reduceDB: Keeping   30611 out of   58001 clauses (52.78 %)  Time =     0.13 sec
reduceDB: Keeping   30478 out of   59004 clauses (51.65 %)  Time =     0.13 sec
reduceDB: Keeping   31043 out of   60000 clauses (51.74 %)  Time =     0.14 sec
reduceDB: Keeping   31702 out of   61000 clauses (51.97 %)  Time =     0.14 sec
reduceDB: Keeping   31746 out of   62001 clauses (51.20 %)  Time =     0.14 sec
reduceDB: Keeping   33020 out of   63001 clauses (52.41 %)  Time =     0.15 sec
reduceDB: Keeping   33780 out of   64002 clauses (52.78 %)  Time =     0.15 sec
reduceDB: Keeping   34973 out of   65002 clauses (53.80 %)  Time =     0.15 sec
reduceDB: Keeping   28334 out of   66000 clauses (42.93 %)  Time =     0.16 sec
reduceDB: Keeping   33597 out of   67001 clauses (50.14 %)  Time =     0.16 sec
reduceDB: Keeping   33967 out of   68000 clauses (49.95 %)  Time =     0.16 sec
reduceDB: Keeping   34600 out of   69001 clauses (50.14 %)  Time =     0.17 sec
reduceDB: Keeping   35209 out of   70000 clauses (50.30 %)  Time =     0.17 sec
reduceDB: Keeping   35618 out of   71000 clauses (50.17 %)  Time =     0.18 sec
reduceDB: Keeping   35842 out of   72002 clauses (49.78 %)  Time =     0.18 sec
reduceDB: Keeping   36568 out of   73001 clauses (50.09 %)  Time =     0.18 sec
reduceDB: Keeping   37004 out of   74001 clauses (50.00 %)  Time =     0.19 sec
reduceDB: Keeping   37605 out of   75000 clauses (50.14 %)  Time =     0.19 sec
reduceDB: Keeping   38085 out of   76001 clauses (50.11 %)  Time =     0.19 sec
reduceDB: Keeping   38600 out of   77001 clauses (50.13 %)  Time =     0.20 sec
reduceDB: Keeping   39131 out of   78001 clauses (50.17 %)  Time =     0.20 sec
reduceDB: Keeping   39939 out of   79000 clauses (50.56 %)  Time =     0.21 sec
reduceDB: Keeping   40787 out of   80001 clauses (50.98 %)  Time =     0.21 sec
reduceDB: Keeping   42073 out of   81000 clauses (51.94 %)  Time =     0.21 sec
reduceDB: Keeping   42596 out of   82001 clauses (51.95 %)  Time =     0.22 sec
reduceDB: Keeping   42892 out of   83000 clauses (51.68 %)  Time =     0.22 sec
reduceDB: Keeping   42750 out of   84001 clauses (50.89 %)  Time =     0.23 sec
reduceDB: Keeping   43356 out of   85002 clauses (51.01 %)  Time =     0.23 sec
reduceDB: Keeping   44466 out of   86000 clauses (51.70 %)  Time =     0.24 sec
reduceDB: Keeping   45260 out of   87000 clauses (52.02 %)  Time =     0.24 sec
reduceDB: Keeping   45247 out of   88001 clauses (51.42 %)  Time =     0.25 sec
reduceDB: Keeping   45988 out of   89000 clauses (51.67 %)  Time =     0.25 sec
reduceDB: Keeping   46768 out of   90001 clauses (51.96 %)  Time =     0.25 sec
reduceDB: Keeping   46779 out of   91002 clauses (51.40 %)  Time =     0.26 sec
reduceDB: Keeping   48345 out of   92000 clauses (52.55 %)  Time =     0.26 sec
reduceDB: Keeping   40127 out of   93000 clauses (43.15 %)  Time =     0.27 sec
reduceDB: Keeping   45313 out of   94002 clauses (48.20 %)  Time =     0.27 sec
reduceDB: Keeping   47600 out of   95000 clauses (50.11 %)  Time =     0.28 sec
reduceDB: Keeping   48118 out of   96002 clauses (50.12 %)  Time =     0.28 sec
reduceDB: Keeping   48607 out of   97001 clauses (50.11 %)  Time =     0.29 sec
reduceDB: Keeping   49732 out of   98000 clauses (50.75 %)  Time =     0.29 sec
reduceDB: Keeping   51701 out of   99001 clauses (52.22 %)  Time =     0.30 sec
reduceDB: Keeping   52235 out of  100003 clauses (52.23 %)  Time =     0.30 sec
reduceDB: Keeping   53800 out of  101000 clauses (53.27 %)  Time =     0.31 sec
reduceDB: Keeping   53799 out of  102002 clauses (52.74 %)  Time =     0.31 sec
reduceDB: Keeping   54579 out of  103002 clauses (52.99 %)  Time =     0.32 sec
reduceDB: Keeping   55882 out of  104002 clauses (53.73 %)  Time =     0.32 sec
reduceDB: Keeping   55998 out of  105002 clauses (53.33 %)  Time =     0.33 sec
reduceDB: Keeping   56924 out of  106001 clauses (53.70 %)  Time =     0.33 sec
reduceDB: Keeping   57065 out of  107000 clauses (53.33 %)  Time =     0.34 sec
reduceDB: Keeping   58277 out of  108000 clauses (53.96 %)  Time =     0.34 sec
reduceDB: Keeping   46005 out of  109000 clauses (42.21 %)  Time =     0.35 sec
reduceDB: Keeping   53857 out of  110000 clauses (48.96 %)  Time =     0.36 sec
reduceDB: Keeping   55635 out of  111000 clauses (50.12 %)  Time =     0.36 sec
reduceDB: Keeping   57042 out of  112001 clauses (50.93 %)  Time =     0.37 sec
reduceDB: Keeping   58588 out of  113000 clauses (51.85 %)  Time =     0.37 sec
reduceDB: Keeping   60797 out of  114000 clauses (53.33 %)  Time =     0.38 sec
reduceDB: Keeping   52185 out of  115001 clauses (45.38 %)  Time =     0.38 sec
starts        :             5884
conflicts     :          3305896
decisions     :          3804894
propagations  :       1201907782
Final SAT:        Nodes =   2563.  Time =   304.84 sec
Networks are equivalent.  Time =   322.21 sec
End Old Verify =   322.21 sec
