ABC command line: "&read replace_1519.aig; &cec -m -v".

label 1
label 3
Assuming the current network is a single-output miter.
label 6
Start EquivFixOutputPairs =     0.00 sec
End EquivFixOutputPairs =     0.00 sec
Start ManSatSweeping =     0.00 sec
Simulating 15 words for 15 rounds. SAT solving with 1000 conflicts.
nSimWords = 0
cst =    2379  cls =      0  lit =    2379  unused =     256  proof =     0
cst =       9  cls =     24  lit =      33  unused =    2578  proof =     0
cst =       2  cls =      5  lit =       7  unused =    2623  proof =     0
cst =       0  cls =      1  lit =       1  unused =    2633  proof =     0
cst =       0  cls =      1  lit =       1  unused =    2633  proof =     0
cst =       0  cls =      1  lit =       1  unused =    2633  proof =     0
cst =       0  cls =      1  lit =       1  unused =    2633  proof =     0
cst =       0  cls =      1  lit =       1  unused =    2633  proof =     0
cst =       0  cls =      1  lit =       1  unused =    2633  proof =     0
cst =       0  cls =      1  lit =       1  unused =    2633  proof =     0
  1 : P =      0. D =      0. F =     1. M =     807. And =    2379. Time =     0.02 sec
Increasing conflict limit to 10000.
The result is written into file "cec_giaSweep.aig".
Switching into reduced mode.
  2 : P =      0. D =      0. F =     1. M =     807. And =    2379. Time =     0.31 sec
Increasing conflict limit to 100000.
The result is written into file "cec_giaSweep.aig".
Switching into normal mode.
  3 : P =      0. D =      0. F =     1. M =       0. And =    2379. Time =     4.29 sec
Performed 3 SAT calls: P = 0  D = 0  F = 3
NBeg = 2379. NEnd = 2379. (Gain =   0.00 %).  RBeg = 0. REnd = 0. (Gain =   0.00 %).
Sim  =     0.00 sec (  0.00 %)
Sat  =     4.62 sec (  0.00 %)
Pat  =     0.00 sec (  0.00 %)
Time =     4.63 sec
End ManSatSweeping =     4.63 sec
Networks are UNDECIDED after the new CEC engine.  Time =     4.63 sec
Calling the old CEC engine.
Start Old Verify =     4.63 sec
Original miter:   Nodes =   2382.
label 27
Initial SAT:      Nodes =   2382.  Time =     0.02 sec
Rewriting:        Nodes =   2382.  Time =     0.02 sec
There are 0 XORs
Balance-X:        Nodes =   2662.  Time =     0.00 sec
Starting Fra_SmlSimulate......classes =     1.   Lits =      4.
Refined classes  after Pattern 0=     1.   Changes =    0.   Lits =      4.
Refined classes after pattern 1 =     1.   Changes =    0.   Lits =      4.
Refined classes  =     1.   Changes =    0.   Lits =      4.
start Fra_FraigSweep...
Fraiging (i=1):   Nodes =   2662.  Time =     0.00 sec
Rewriting:        Nodes =   2403.  Time =     0.01 sec
There are 0 XORs
Balance-X:        Nodes =   2659.  Time =     0.00 sec
Starting Fra_SmlSimulate......classes =     1.   Lits =      4.
Refined classes  after Pattern 0=     1.   Changes =    0.   Lits =      4.
Refined classes after pattern 1 =     1.   Changes =    0.   Lits =      4.
Refined classes  =     1.   Changes =    0.   Lits =      4.
start Fra_FraigSweep...
Fraiging (i=2):   Nodes =   2659.  Time =     0.00 sec
Rewriting:        Nodes =   2406.  Time =     0.01 sec
There are 0 XORs
Balance-X:        Nodes =   2659.  Time =     0.00 sec
Starting Fra_SmlSimulate......classes =     1.   Lits =      4.
Refined classes  after Pattern 0=     1.   Changes =    0.   Lits =      4.
Refined classes after pattern 1 =     1.   Changes =    0.   Lits =      4.
Refined classes  =     1.   Changes =    0.   Lits =      4.
start Fra_FraigSweep...
Fraiging (i=3):   Nodes =   2659.  Time =     0.01 sec
Rewriting:        Nodes =   2405.  Time =     0.01 sec
There are 0 XORs
Balance-X:        Nodes =   2659.  Time =     0.00 sec
Starting Fra_SmlSimulate......classes =     1.   Lits =      4.
Refined classes  after Pattern 0=     1.   Changes =    0.   Lits =      4.
Refined classes after pattern 1 =     1.   Changes =    0.   Lits =      4.
Refined classes  =     1.   Changes =    0.   Lits =      4.
start Fra_FraigSweep...
Fraiging (i=4):   Nodes =   2659.  Time =     0.09 sec
Rewriting:        Nodes =   2406.  Time =     0.01 sec
There are 0 XORs
Balance-X:        Nodes =   2659.  Time =     0.00 sec
Starting Fra_SmlSimulate......classes =     1.   Lits =      4.
Refined classes  after Pattern 0=     1.   Changes =    0.   Lits =      4.
Refined classes after pattern 1 =     1.   Changes =    0.   Lits =      4.
Refined classes  =     1.   Changes =    0.   Lits =      4.
start Fra_FraigSweep...
Fraiging (i=5):   Nodes =   2659.  Time =     1.03 sec
Rewriting:        Nodes =   2405.  Time =     0.01 sec
There are 0 XORs
Balance-X:        Nodes =   2659.  Time =     0.00 sec
Starting Fra_SmlSimulate......classes =     1.   Lits =      4.
Refined classes  after Pattern 0=     1.   Changes =    0.   Lits =      4.
Refined classes after pattern 1 =     1.   Changes =    0.   Lits =      4.
Refined classes  =     1.   Changes =    0.   Lits =      4.
start Fra_FraigSweep...
Fraiging (i=6):   Nodes =   2659.  Time =    12.33 sec
Rewriting:        Nodes =   2406.  Time =     0.01 sec
label 27
CNF stats: Vars =   1766. Clauses =    5457. Literals =    14728. Time =     0.00 sec
Running SAT solver with parameters 10000 and 1000 and 50.
reduceDB: Keeping    5021 out of   10002 clauses (50.20 %)  Time =     0.04 sec
reduceDB: Keeping    5513 out of   11000 clauses (50.12 %)  Time =     0.04 sec
reduceDB: Keeping    6013 out of   12000 clauses (50.11 %)  Time =     0.05 sec
reduceDB: Keeping    6524 out of   13001 clauses (50.18 %)  Time =     0.05 sec
reduceDB: Keeping    7015 out of   14001 clauses (50.10 %)  Time =     0.05 sec
reduceDB: Keeping    7519 out of   15001 clauses (50.12 %)  Time =     0.05 sec
reduceDB: Keeping    8047 out of   16000 clauses (50.29 %)  Time =     0.05 sec
reduceDB: Keeping    8515 out of   17001 clauses (50.09 %)  Time =     0.05 sec
reduceDB: Keeping    9164 out of   18002 clauses (50.91 %)  Time =     0.05 sec
reduceDB: Keeping    9734 out of   19002 clauses (51.23 %)  Time =     0.05 sec
reduceDB: Keeping   10329 out of   20001 clauses (51.64 %)  Time =     0.05 sec
reduceDB: Keeping   11137 out of   21001 clauses (53.03 %)  Time =     0.05 sec
reduceDB: Keeping   11474 out of   22000 clauses (52.15 %)  Time =     0.06 sec
reduceDB: Keeping   11949 out of   23000 clauses (51.95 %)  Time =     0.06 sec
reduceDB: Keeping   12479 out of   24003 clauses (51.99 %)  Time =     0.06 sec
reduceDB: Keeping   13254 out of   25000 clauses (53.02 %)  Time =     0.06 sec
reduceDB: Keeping   13531 out of   26000 clauses (52.04 %)  Time =     0.06 sec
reduceDB: Keeping   14287 out of   27000 clauses (52.91 %)  Time =     0.06 sec
reduceDB: Keeping   14738 out of   28000 clauses (52.64 %)  Time =     0.06 sec
reduceDB: Keeping   15342 out of   29002 clauses (52.90 %)  Time =     0.07 sec
reduceDB: Keeping   15836 out of   30001 clauses (52.78 %)  Time =     0.07 sec
reduceDB: Keeping   16342 out of   31002 clauses (52.71 %)  Time =     0.07 sec
reduceDB: Keeping   16996 out of   32000 clauses (53.11 %)  Time =     0.07 sec
reduceDB: Keeping   17434 out of   33002 clauses (52.83 %)  Time =     0.07 sec
reduceDB: Keeping   17745 out of   34002 clauses (52.19 %)  Time =     0.08 sec
reduceDB: Keeping   18142 out of   35000 clauses (51.83 %)  Time =     0.08 sec
reduceDB: Keeping   18451 out of   36002 clauses (51.25 %)  Time =     0.08 sec
reduceDB: Keeping   19065 out of   37003 clauses (51.52 %)  Time =     0.08 sec
reduceDB: Keeping   19833 out of   38002 clauses (52.19 %)  Time =     0.08 sec
reduceDB: Keeping   20045 out of   39000 clauses (51.40 %)  Time =     0.09 sec
reduceDB: Keeping   20564 out of   40000 clauses (51.41 %)  Time =     0.09 sec
reduceDB: Keeping   20919 out of   41001 clauses (51.02 %)  Time =     0.09 sec
reduceDB: Keeping   22038 out of   42000 clauses (52.47 %)  Time =     0.09 sec
reduceDB: Keeping   22702 out of   43000 clauses (52.80 %)  Time =     0.10 sec
reduceDB: Keeping   23451 out of   44002 clauses (53.30 %)  Time =     0.10 sec
reduceDB: Keeping   24135 out of   45000 clauses (53.63 %)  Time =     0.10 sec
reduceDB: Keeping   24491 out of   46003 clauses (53.24 %)  Time =     0.10 sec
reduceDB: Keeping   24764 out of   47002 clauses (52.69 %)  Time =     0.11 sec
reduceDB: Keeping   25343 out of   48001 clauses (52.80 %)  Time =     0.11 sec
reduceDB: Keeping   25547 out of   49001 clauses (52.14 %)  Time =     0.11 sec
reduceDB: Keeping   26109 out of   50000 clauses (52.22 %)  Time =     0.11 sec
reduceDB: Keeping   26446 out of   51000 clauses (51.85 %)  Time =     0.12 sec
reduceDB: Keeping   26746 out of   52000 clauses (51.43 %)  Time =     0.12 sec
reduceDB: Keeping   27150 out of   53003 clauses (51.22 %)  Time =     0.12 sec
reduceDB: Keeping   28199 out of   54001 clauses (52.22 %)  Time =     0.13 sec
reduceDB: Keeping   28356 out of   55000 clauses (51.56 %)  Time =     0.13 sec
reduceDB: Keeping   28775 out of   56000 clauses (51.38 %)  Time =     0.13 sec
reduceDB: Keeping   29067 out of   57000 clauses (50.99 %)  Time =     0.14 sec
reduceDB: Keeping   29525 out of   58000 clauses (50.91 %)  Time =     0.14 sec
reduceDB: Keeping   30023 out of   59000 clauses (50.89 %)  Time =     0.14 sec
reduceDB: Keeping   30207 out of   60002 clauses (50.34 %)  Time =     0.15 sec
reduceDB: Keeping   30719 out of   61001 clauses (50.36 %)  Time =     0.15 sec
reduceDB: Keeping   31483 out of   62001 clauses (50.78 %)  Time =     0.15 sec
reduceDB: Keeping   31800 out of   63000 clauses (50.48 %)  Time =     0.16 sec
reduceDB: Keeping   32678 out of   64001 clauses (51.06 %)  Time =     0.16 sec
reduceDB: Keeping   34244 out of   65000 clauses (52.68 %)  Time =     0.16 sec
reduceDB: Keeping   34689 out of   66002 clauses (52.56 %)  Time =     0.17 sec
reduceDB: Keeping   35409 out of   67001 clauses (52.85 %)  Time =     0.17 sec
reduceDB: Keeping   35063 out of   68000 clauses (51.56 %)  Time =     0.18 sec
reduceDB: Keeping   35354 out of   69000 clauses (51.24 %)  Time =     0.18 sec
reduceDB: Keeping   35219 out of   70001 clauses (50.31 %)  Time =     0.18 sec
reduceDB: Keeping   36410 out of   71001 clauses (51.28 %)  Time =     0.19 sec
reduceDB: Keeping   37022 out of   72002 clauses (51.42 %)  Time =     0.19 sec
reduceDB: Keeping   37026 out of   73000 clauses (50.72 %)  Time =     0.20 sec
reduceDB: Keeping   38040 out of   74000 clauses (51.41 %)  Time =     0.20 sec
reduceDB: Keeping   38261 out of   75000 clauses (51.01 %)  Time =     0.20 sec
reduceDB: Keeping   38673 out of   76001 clauses (50.88 %)  Time =     0.21 sec
reduceDB: Keeping   38943 out of   77002 clauses (50.57 %)  Time =     0.21 sec
reduceDB: Keeping   39690 out of   78001 clauses (50.88 %)  Time =     0.22 sec
reduceDB: Keeping   40381 out of   79001 clauses (51.11 %)  Time =     0.22 sec
reduceDB: Keeping   41255 out of   80000 clauses (51.57 %)  Time =     0.23 sec
reduceDB: Keeping   43393 out of   81004 clauses (53.57 %)  Time =     0.23 sec
reduceDB: Keeping   43187 out of   82001 clauses (52.67 %)  Time =     0.24 sec
reduceDB: Keeping   43398 out of   83001 clauses (52.29 %)  Time =     0.24 sec
reduceDB: Keeping   43553 out of   84003 clauses (51.85 %)  Time =     0.25 sec
reduceDB: Keeping   43635 out of   85000 clauses (51.34 %)  Time =     0.25 sec
reduceDB: Keeping   44058 out of   86003 clauses (51.23 %)  Time =     0.26 sec
reduceDB: Keeping   45555 out of   87002 clauses (52.36 %)  Time =     0.26 sec
reduceDB: Keeping   45363 out of   88000 clauses (51.55 %)  Time =     0.26 sec
reduceDB: Keeping   45283 out of   89000 clauses (50.88 %)  Time =     0.27 sec
reduceDB: Keeping   45970 out of   90000 clauses (51.08 %)  Time =     0.28 sec
reduceDB: Keeping   46290 out of   91001 clauses (50.87 %)  Time =     0.28 sec
reduceDB: Keeping   47003 out of   92000 clauses (51.09 %)  Time =     0.29 sec
reduceDB: Keeping   47790 out of   93001 clauses (51.39 %)  Time =     0.29 sec
reduceDB: Keeping   49142 out of   94000 clauses (52.28 %)  Time =     0.30 sec
reduceDB: Keeping   50813 out of   95000 clauses (53.49 %)  Time =     0.30 sec
reduceDB: Keeping   51949 out of   96001 clauses (54.11 %)  Time =     0.31 sec
reduceDB: Keeping   52503 out of   97001 clauses (54.13 %)  Time =     0.31 sec
reduceDB: Keeping   40385 out of   98000 clauses (41.21 %)  Time =     0.32 sec
reduceDB: Keeping   47447 out of   99001 clauses (47.93 %)  Time =     0.32 sec
reduceDB: Keeping   49981 out of  100000 clauses (49.98 %)  Time =     0.33 sec
reduceDB: Keeping   50361 out of  101002 clauses (49.86 %)  Time =     0.34 sec
reduceDB: Keeping   51018 out of  102000 clauses (50.02 %)  Time =     0.34 sec
reduceDB: Keeping   51428 out of  103000 clauses (49.93 %)  Time =     0.35 sec
reduceDB: Keeping   51987 out of  104003 clauses (49.99 %)  Time =     0.35 sec
reduceDB: Keeping   52649 out of  105004 clauses (50.14 %)  Time =     0.36 sec
reduceDB: Keeping   53117 out of  106000 clauses (50.11 %)  Time =     0.37 sec
reduceDB: Keeping   51396 out of  107000 clauses (48.03 %)  Time =     0.37 sec
reduceDB: Keeping   53994 out of  108000 clauses (49.99 %)  Time =     0.38 sec
reduceDB: Keeping   54597 out of  109000 clauses (50.09 %)  Time =     0.38 sec
reduceDB: Keeping   54594 out of  110001 clauses (49.63 %)  Time =     0.39 sec
reduceDB: Keeping   55602 out of  111000 clauses (50.09 %)  Time =     0.40 sec
reduceDB: Keeping   55899 out of  112001 clauses (49.91 %)  Time =     0.40 sec
reduceDB: Keeping   56641 out of  113001 clauses (50.12 %)  Time =     0.41 sec
reduceDB: Keeping   57034 out of  114000 clauses (50.03 %)  Time =     0.42 sec
reduceDB: Keeping   57606 out of  115000 clauses (50.09 %)  Time =     0.42 sec
reduceDB: Keeping   58211 out of  116001 clauses (50.18 %)  Time =     0.43 sec
reduceDB: Keeping   58433 out of  117000 clauses (49.94 %)  Time =     0.44 sec
reduceDB: Keeping   59136 out of  118000 clauses (50.12 %)  Time =     0.44 sec
reduceDB: Keeping   60789 out of  119002 clauses (51.08 %)  Time =     0.45 sec
reduceDB: Keeping   62736 out of  120000 clauses (52.28 %)  Time =     0.45 sec
reduceDB: Keeping   63693 out of  121002 clauses (52.64 %)  Time =     0.46 sec
reduceDB: Keeping   62904 out of  122000 clauses (51.56 %)  Time =     0.47 sec
reduceDB: Keeping   64020 out of  123001 clauses (52.05 %)  Time =     0.48 sec
reduceDB: Keeping   64996 out of  124000 clauses (52.42 %)  Time =     0.48 sec
reduceDB: Keeping   65274 out of  125002 clauses (52.22 %)  Time =     0.49 sec
reduceDB: Keeping   66332 out of  126001 clauses (52.64 %)  Time =     0.50 sec
reduceDB: Keeping   67276 out of  127002 clauses (52.97 %)  Time =     0.50 sec
reduceDB: Keeping   69621 out of  128001 clauses (54.39 %)  Time =     0.51 sec
reduceDB: Keeping   53500 out of  129000 clauses (41.47 %)  Time =     0.52 sec
starts        :             7386
conflicts     :          4172484
decisions     :          4800885
propagations  :       1445824525
Final SAT:        Nodes =   2406.  Time =   456.61 sec
Networks are equivalent.  Time =   474.80 sec
End Old Verify =   474.80 sec
