ABC command line: "&read replace_1392.aig; &cec -m -v".

label 1
label 3
Assuming the current network is a single-output miter.
label 6
Start EquivFixOutputPairs =     0.00 sec
End EquivFixOutputPairs =     0.00 sec
Start ManSatSweeping =     0.00 sec
Simulating 15 words for 15 rounds. SAT solving with 1000 conflicts.
nSimWords = 0
cst =    2228  cls =      0  lit =    2228  unused =     256  proof =     0
cst =       3  cls =     12  lit =      16  unused =    2456  proof =     0
cst =       3  cls =      3  lit =       7  unused =    2474  proof =     0
cst =       0  cls =      2  lit =       2  unused =    2480  proof =     0
cst =       0  cls =      2  lit =       2  unused =    2480  proof =     0
cst =       0  cls =      2  lit =       2  unused =    2480  proof =     0
cst =       0  cls =      2  lit =       2  unused =    2480  proof =     0
cst =       0  cls =      1  lit =       1  unused =    2482  proof =     0
cst =       0  cls =      1  lit =       1  unused =    2482  proof =     0
cst =       0  cls =      1  lit =       1  unused =    2482  proof =     0
  1 : P =      0. D =      0. F =     1. M =     739. And =    2228. Time =     0.02 sec
Increasing conflict limit to 10000.
The result is written into file "cec_giaSweep.aig".
Switching into reduced mode.
  2 : P =      0. D =      0. F =     1. M =     739. And =    2228. Time =     0.29 sec
Increasing conflict limit to 100000.
The result is written into file "cec_giaSweep.aig".
Switching into normal mode.
  3 : P =      0. D =      0. F =     1. M =       0. And =    2228. Time =     3.85 sec
Performed 3 SAT calls: P = 0  D = 0  F = 3
NBeg = 2228. NEnd = 2228. (Gain =   0.00 %).  RBeg = 0. REnd = 0. (Gain =   0.00 %).
Sim  =     0.00 sec (  0.00 %)
Sat  =     4.16 sec (  0.00 %)
Pat  =     0.00 sec (  0.00 %)
Time =     4.17 sec
End ManSatSweeping =     4.17 sec
Networks are UNDECIDED after the new CEC engine.  Time =     4.17 sec
Calling the old CEC engine.
Start Old Verify =     4.17 sec
Original miter:   Nodes =   2231.
label 27
Initial SAT:      Nodes =   2231.  Time =     0.02 sec
Rewriting:        Nodes =   2231.  Time =     0.02 sec
There are 0 XORs
Balance-X:        Nodes =   2507.  Time =     0.00 sec
Starting Fra_SmlSimulate......classes =     3.   Lits =      6.
Refined classes  after Pattern 0=     3.   Changes =    0.   Lits =      6.
Refined classes after pattern 1 =     3.   Changes =    0.   Lits =      6.
Refined classes  =     1.   Changes =    2.   Lits =      4.
Refined classes  =     1.   Changes =    0.   Lits =      4.
start Fra_FraigSweep...
Fraiging (i=1):   Nodes =   2507.  Time =     0.00 sec
Rewriting:        Nodes =   2257.  Time =     0.01 sec
There are 0 XORs
Balance-X:        Nodes =   2506.  Time =     0.00 sec
Starting Fra_SmlSimulate......classes =     3.   Lits =      6.
Refined classes  after Pattern 0=     3.   Changes =    0.   Lits =      6.
Refined classes after pattern 1 =     3.   Changes =    0.   Lits =      6.
Refined classes  =     1.   Changes =    2.   Lits =      4.
Refined classes  =     1.   Changes =    0.   Lits =      4.
start Fra_FraigSweep...
Fraiging (i=2):   Nodes =   2506.  Time =     0.00 sec
Rewriting:        Nodes =   2256.  Time =     0.01 sec
There are 0 XORs
Balance-X:        Nodes =   2506.  Time =     0.00 sec
Starting Fra_SmlSimulate......classes =     3.   Lits =      6.
Refined classes  after Pattern 0=     3.   Changes =    0.   Lits =      6.
Refined classes after pattern 1 =     3.   Changes =    0.   Lits =      6.
Refined classes  =     1.   Changes =    2.   Lits =      4.
Refined classes  =     1.   Changes =    0.   Lits =      4.
start Fra_FraigSweep...
Fraiging (i=3):   Nodes =   2506.  Time =     0.00 sec
Rewriting:        Nodes =   2256.  Time =     0.01 sec
There are 0 XORs
Balance-X:        Nodes =   2506.  Time =     0.00 sec
Starting Fra_SmlSimulate......classes =     3.   Lits =      6.
Refined classes  after Pattern 0=     3.   Changes =    0.   Lits =      6.
Refined classes after pattern 1 =     3.   Changes =    0.   Lits =      6.
Refined classes  =     1.   Changes =    2.   Lits =      4.
Refined classes  =     1.   Changes =    0.   Lits =      4.
start Fra_FraigSweep...
Fraiging (i=4):   Nodes =   2506.  Time =     0.04 sec
Rewriting:        Nodes =   2256.  Time =     0.01 sec
There are 0 XORs
Balance-X:        Nodes =   2506.  Time =     0.00 sec
Starting Fra_SmlSimulate......classes =     3.   Lits =      6.
Refined classes  after Pattern 0=     3.   Changes =    0.   Lits =      6.
Refined classes after pattern 1 =     3.   Changes =    0.   Lits =      6.
Refined classes  =     1.   Changes =    2.   Lits =      4.
Refined classes  =     1.   Changes =    0.   Lits =      4.
start Fra_FraigSweep...
Fraiging (i=5):   Nodes =   2506.  Time =     0.47 sec
Rewriting:        Nodes =   2256.  Time =     0.01 sec
There are 0 XORs
Balance-X:        Nodes =   2506.  Time =     0.00 sec
Starting Fra_SmlSimulate......classes =     3.   Lits =      6.
Refined classes  after Pattern 0=     3.   Changes =    0.   Lits =      6.
Refined classes after pattern 1 =     3.   Changes =    0.   Lits =      6.
Refined classes  =     1.   Changes =    2.   Lits =      4.
Refined classes  =     1.   Changes =    0.   Lits =      4.
start Fra_FraigSweep...
Fraiging (i=6):   Nodes =   2506.  Time =     5.17 sec
Rewriting:        Nodes =   2256.  Time =     0.01 sec
label 27
CNF stats: Vars =   1684. Clauses =    5145. Literals =    13939. Time =     0.00 sec
Running SAT solver with parameters 10000 and 1000 and 50.
reduceDB: Keeping    5017 out of   10000 clauses (50.17 %)  Time =     0.03 sec
reduceDB: Keeping    5522 out of   11001 clauses (50.20 %)  Time =     0.03 sec
reduceDB: Keeping    6011 out of   12000 clauses (50.09 %)  Time =     0.03 sec
reduceDB: Keeping    6522 out of   13001 clauses (50.17 %)  Time =     0.03 sec
reduceDB: Keeping    7013 out of   14000 clauses (50.09 %)  Time =     0.03 sec
reduceDB: Keeping    7702 out of   15000 clauses (51.35 %)  Time =     0.03 sec
reduceDB: Keeping    8315 out of   16001 clauses (51.97 %)  Time =     0.03 sec
reduceDB: Keeping    9040 out of   17002 clauses (53.17 %)  Time =     0.03 sec
reduceDB: Keeping    9733 out of   18000 clauses (54.07 %)  Time =     0.03 sec
reduceDB: Keeping   10386 out of   19001 clauses (54.66 %)  Time =     0.04 sec
reduceDB: Keeping   10935 out of   20000 clauses (54.67 %)  Time =     0.04 sec
reduceDB: Keeping    9788 out of   21001 clauses (46.61 %)  Time =     0.04 sec
reduceDB: Keeping   11033 out of   22000 clauses (50.15 %)  Time =     0.04 sec
reduceDB: Keeping   11534 out of   23000 clauses (50.15 %)  Time =     0.04 sec
reduceDB: Keeping   12182 out of   24001 clauses (50.76 %)  Time =     0.04 sec
reduceDB: Keeping   12929 out of   25000 clauses (51.72 %)  Time =     0.04 sec
reduceDB: Keeping   13635 out of   26001 clauses (52.44 %)  Time =     0.04 sec
reduceDB: Keeping   14063 out of   27000 clauses (52.09 %)  Time =     0.05 sec
reduceDB: Keeping   14962 out of   28000 clauses (53.44 %)  Time =     0.05 sec
reduceDB: Keeping   15814 out of   29000 clauses (54.53 %)  Time =     0.05 sec
reduceDB: Keeping   16376 out of   30002 clauses (54.58 %)  Time =     0.05 sec
reduceDB: Keeping   16914 out of   31003 clauses (54.56 %)  Time =     0.05 sec
reduceDB: Keeping   17391 out of   32001 clauses (54.35 %)  Time =     0.05 sec
reduceDB: Keeping   17766 out of   33000 clauses (53.84 %)  Time =     0.06 sec
reduceDB: Keeping   17891 out of   34000 clauses (52.62 %)  Time =     0.06 sec
reduceDB: Keeping   18513 out of   35000 clauses (52.89 %)  Time =     0.06 sec
reduceDB: Keeping   19146 out of   36000 clauses (53.18 %)  Time =     0.06 sec
reduceDB: Keeping   16945 out of   37003 clauses (45.79 %)  Time =     0.06 sec
reduceDB: Keeping   18987 out of   38000 clauses (49.97 %)  Time =     0.07 sec
reduceDB: Keeping   19609 out of   39000 clauses (50.28 %)  Time =     0.07 sec
reduceDB: Keeping   20265 out of   40001 clauses (50.66 %)  Time =     0.07 sec
reduceDB: Keeping   21148 out of   41000 clauses (51.58 %)  Time =     0.07 sec
reduceDB: Keeping   22039 out of   42001 clauses (52.47 %)  Time =     0.07 sec
reduceDB: Keeping   22652 out of   43000 clauses (52.68 %)  Time =     0.08 sec
reduceDB: Keeping   23454 out of   44002 clauses (53.30 %)  Time =     0.08 sec
reduceDB: Keeping   24257 out of   45003 clauses (53.90 %)  Time =     0.08 sec
reduceDB: Keeping   24911 out of   46000 clauses (54.15 %)  Time =     0.08 sec
reduceDB: Keeping   25448 out of   47001 clauses (54.14 %)  Time =     0.09 sec
reduceDB: Keeping   25781 out of   48000 clauses (53.71 %)  Time =     0.09 sec
reduceDB: Keeping   26089 out of   49003 clauses (53.24 %)  Time =     0.09 sec
reduceDB: Keeping   26874 out of   50001 clauses (53.75 %)  Time =     0.09 sec
reduceDB: Keeping   27069 out of   51002 clauses (53.07 %)  Time =     0.10 sec
reduceDB: Keeping   28077 out of   52001 clauses (53.99 %)  Time =     0.10 sec
reduceDB: Keeping   28471 out of   53000 clauses (53.72 %)  Time =     0.10 sec
reduceDB: Keeping   29572 out of   54000 clauses (54.76 %)  Time =     0.10 sec
reduceDB: Keeping   25151 out of   55000 clauses (45.73 %)  Time =     0.11 sec
reduceDB: Keeping   28076 out of   56002 clauses (50.13 %)  Time =     0.11 sec
reduceDB: Keeping   28470 out of   57001 clauses (49.95 %)  Time =     0.11 sec
reduceDB: Keeping   28887 out of   58000 clauses (49.81 %)  Time =     0.12 sec
reduceDB: Keeping   29610 out of   59001 clauses (50.19 %)  Time =     0.12 sec
reduceDB: Keeping   30053 out of   60001 clauses (50.09 %)  Time =     0.12 sec
reduceDB: Keeping   30572 out of   61001 clauses (50.12 %)  Time =     0.13 sec
reduceDB: Keeping   31683 out of   62002 clauses (51.10 %)  Time =     0.13 sec
reduceDB: Keeping   32748 out of   63000 clauses (51.98 %)  Time =     0.13 sec
reduceDB: Keeping   34238 out of   64000 clauses (53.50 %)  Time =     0.14 sec
reduceDB: Keeping   35051 out of   65000 clauses (53.92 %)  Time =     0.14 sec
reduceDB: Keeping   29104 out of   66000 clauses (44.10 %)  Time =     0.14 sec
reduceDB: Keeping   33558 out of   67002 clauses (50.09 %)  Time =     0.15 sec
reduceDB: Keeping   34071 out of   68001 clauses (50.10 %)  Time =     0.15 sec
reduceDB: Keeping   34589 out of   69000 clauses (50.13 %)  Time =     0.15 sec
reduceDB: Keeping   35088 out of   70001 clauses (50.12 %)  Time =     0.16 sec
reduceDB: Keeping   35632 out of   71000 clauses (50.19 %)  Time =     0.16 sec
reduceDB: Keeping   36120 out of   72002 clauses (50.17 %)  Time =     0.16 sec
reduceDB: Keeping   36558 out of   73001 clauses (50.08 %)  Time =     0.17 sec
reduceDB: Keeping   37045 out of   74000 clauses (50.06 %)  Time =     0.17 sec
reduceDB: Keeping   37563 out of   75000 clauses (50.08 %)  Time =     0.18 sec
reduceDB: Keeping   38128 out of   76002 clauses (50.17 %)  Time =     0.18 sec
reduceDB: Keeping   38603 out of   77000 clauses (50.13 %)  Time =     0.18 sec
reduceDB: Keeping   39111 out of   78002 clauses (50.14 %)  Time =     0.19 sec
reduceDB: Keeping   39485 out of   79000 clauses (49.98 %)  Time =     0.19 sec
reduceDB: Keeping   41285 out of   80002 clauses (51.60 %)  Time =     0.20 sec
reduceDB: Keeping   42248 out of   81000 clauses (52.16 %)  Time =     0.20 sec
reduceDB: Keeping   41499 out of   82000 clauses (50.61 %)  Time =     0.20 sec
reduceDB: Keeping   41625 out of   83002 clauses (50.15 %)  Time =     0.21 sec
reduceDB: Keeping   42209 out of   84001 clauses (50.25 %)  Time =     0.21 sec
reduceDB: Keeping   42529 out of   85000 clauses (50.03 %)  Time =     0.22 sec
reduceDB: Keeping   43144 out of   86003 clauses (50.17 %)  Time =     0.22 sec
reduceDB: Keeping   43880 out of   87000 clauses (50.44 %)  Time =     0.23 sec
reduceDB: Keeping   44247 out of   88001 clauses (50.28 %)  Time =     0.23 sec
reduceDB: Keeping   44610 out of   89001 clauses (50.12 %)  Time =     0.24 sec
reduceDB: Keeping   45161 out of   90000 clauses (50.18 %)  Time =     0.24 sec
reduceDB: Keeping   45567 out of   91000 clauses (50.07 %)  Time =     0.24 sec
reduceDB: Keeping   46215 out of   92001 clauses (50.23 %)  Time =     0.25 sec
reduceDB: Keeping   46793 out of   93000 clauses (50.32 %)  Time =     0.25 sec
reduceDB: Keeping   48307 out of   94001 clauses (51.39 %)  Time =     0.26 sec
reduceDB: Keeping   49246 out of   95001 clauses (51.84 %)  Time =     0.26 sec
reduceDB: Keeping   50439 out of   96001 clauses (52.54 %)  Time =     0.27 sec
reduceDB: Keeping   51454 out of   97000 clauses (53.05 %)  Time =     0.27 sec
reduceDB: Keeping   52247 out of   98000 clauses (53.31 %)  Time =     0.28 sec
reduceDB: Keeping   41298 out of   99000 clauses (41.72 %)  Time =     0.28 sec
reduceDB: Keeping   46635 out of  100000 clauses (46.63 %)  Time =     0.29 sec
reduceDB: Keeping   49589 out of  101003 clauses (49.10 %)  Time =     0.29 sec
reduceDB: Keeping   50912 out of  102000 clauses (49.91 %)  Time =     0.30 sec
reduceDB: Keeping   51475 out of  103000 clauses (49.98 %)  Time =     0.30 sec
reduceDB: Keeping   51982 out of  104000 clauses (49.98 %)  Time =     0.31 sec
reduceDB: Keeping   52697 out of  105000 clauses (50.19 %)  Time =     0.31 sec
reduceDB: Keeping   51637 out of  106002 clauses (48.71 %)  Time =     0.32 sec
reduceDB: Keeping   53495 out of  107002 clauses (49.99 %)  Time =     0.32 sec
reduceDB: Keeping   54139 out of  108000 clauses (50.13 %)  Time =     0.33 sec
reduceDB: Keeping   55174 out of  109000 clauses (50.62 %)  Time =     0.33 sec
reduceDB: Keeping   56235 out of  110002 clauses (51.12 %)  Time =     0.34 sec
reduceDB: Keeping   56701 out of  111001 clauses (51.08 %)  Time =     0.35 sec
reduceDB: Keeping   56866 out of  112001 clauses (50.77 %)  Time =     0.35 sec
reduceDB: Keeping   58826 out of  113000 clauses (52.06 %)  Time =     0.36 sec
reduceDB: Keeping   59242 out of  114000 clauses (51.97 %)  Time =     0.36 sec
reduceDB: Keeping   58902 out of  115000 clauses (51.22 %)  Time =     0.37 sec
reduceDB: Keeping   60222 out of  116000 clauses (51.92 %)  Time =     0.37 sec
reduceDB: Keeping   61218 out of  117000 clauses (52.32 %)  Time =     0.38 sec
reduceDB: Keeping   64208 out of  118004 clauses (54.41 %)  Time =     0.39 sec
reduceDB: Keeping   51305 out of  119000 clauses (43.11 %)  Time =     0.39 sec
reduceDB: Keeping   60179 out of  120001 clauses (50.15 %)  Time =     0.40 sec
reduceDB: Keeping   64608 out of  121003 clauses (53.39 %)  Time =     0.40 sec
starts        :             6396
conflicts     :          3676410
decisions     :          4217078
propagations  :       1209038199
Final SAT:        Nodes =   2256.  Time =   337.67 sec
Networks are equivalent.  Time =   347.62 sec
End Old Verify =   347.62 sec
