ABC command line: "&read replace_1425.aig; &cec -m -v".

label 1
label 3
Assuming the current network is a single-output miter.
label 6
Start EquivFixOutputPairs =     0.00 sec
End EquivFixOutputPairs =     0.00 sec
Start ManSatSweeping =     0.00 sec
Simulating 15 words for 15 rounds. SAT solving with 1000 conflicts.
nSimWords = 0
cst =    2051  cls =      0  lit =    2051  unused =     256  proof =     0
cst =       2  cls =      4  lit =       6  unused =    2297  proof =     0
cst =       1  cls =      2  lit =       3  unused =    2302  proof =     0
cst =       0  cls =      1  lit =       1  unused =    2305  proof =     0
cst =       0  cls =      1  lit =       1  unused =    2305  proof =     0
cst =       0  cls =      1  lit =       1  unused =    2305  proof =     0
cst =       0  cls =      1  lit =       1  unused =    2305  proof =     0
cst =       0  cls =      1  lit =       1  unused =    2305  proof =     0
cst =       0  cls =      1  lit =       1  unused =    2305  proof =     0
cst =       0  cls =      1  lit =       1  unused =    2305  proof =     0
  1 : P =      0. D =      0. F =     1. M =     671. And =    2051. Time =     0.02 sec
Increasing conflict limit to 10000.
The result is written into file "cec_giaSweep.aig".
Switching into reduced mode.
  2 : P =      0. D =      0. F =     1. M =     671. And =    2051. Time =     0.30 sec
Increasing conflict limit to 100000.
The result is written into file "cec_giaSweep.aig".
Switching into normal mode.
  3 : P =      0. D =      0. F =     1. M =       0. And =    2051. Time =     3.76 sec
Performed 3 SAT calls: P = 0  D = 0  F = 3
NBeg = 2051. NEnd = 2051. (Gain =   0.00 %).  RBeg = 0. REnd = 0. (Gain =   0.00 %).
Sim  =     0.01 sec (  0.00 %)
Sat  =     4.09 sec (  0.00 %)
Pat  =     0.00 sec (  0.00 %)
Time =     4.11 sec
End ManSatSweeping =     4.11 sec
Networks are UNDECIDED after the new CEC engine.  Time =     4.11 sec
Calling the old CEC engine.
Start Old Verify =     4.11 sec
Original miter:   Nodes =   2054.
label 27
Initial SAT:      Nodes =   2054.  Time =     0.02 sec
Rewriting:        Nodes =   2054.  Time =     0.02 sec
There are 0 XORs
Balance-X:        Nodes =   2322.  Time =     0.00 sec
Starting Fra_SmlSimulate......classes =     1.   Lits =      4.
Refined classes  after Pattern 0=     1.   Changes =    0.   Lits =      4.
Refined classes after pattern 1 =     1.   Changes =    0.   Lits =      4.
Refined classes  =     1.   Changes =    0.   Lits =      4.
start Fra_FraigSweep...
Fraiging (i=1):   Nodes =   2322.  Time =     0.00 sec
Rewriting:        Nodes =   2076.  Time =     0.01 sec
There are 0 XORs
Balance-X:        Nodes =   2320.  Time =     0.00 sec
Starting Fra_SmlSimulate......classes =     1.   Lits =      4.
Refined classes  after Pattern 0=     1.   Changes =    0.   Lits =      4.
Refined classes after pattern 1 =     1.   Changes =    0.   Lits =      4.
Refined classes  =     1.   Changes =    0.   Lits =      4.
start Fra_FraigSweep...
Fraiging (i=2):   Nodes =   2320.  Time =     0.00 sec
Rewriting:        Nodes =   2075.  Time =     0.01 sec
There are 0 XORs
Balance-X:        Nodes =   2320.  Time =     0.00 sec
Starting Fra_SmlSimulate......classes =     1.   Lits =      4.
Refined classes  after Pattern 0=     1.   Changes =    0.   Lits =      4.
Refined classes after pattern 1 =     1.   Changes =    0.   Lits =      4.
Refined classes  =     1.   Changes =    0.   Lits =      4.
start Fra_FraigSweep...
Fraiging (i=3):   Nodes =   2320.  Time =     0.00 sec
Rewriting:        Nodes =   2075.  Time =     0.01 sec
There are 0 XORs
Balance-X:        Nodes =   2320.  Time =     0.00 sec
Starting Fra_SmlSimulate......classes =     1.   Lits =      4.
Refined classes  after Pattern 0=     1.   Changes =    0.   Lits =      4.
Refined classes after pattern 1 =     1.   Changes =    0.   Lits =      4.
Refined classes  =     1.   Changes =    0.   Lits =      4.
start Fra_FraigSweep...
Fraiging (i=4):   Nodes =   2320.  Time =     0.04 sec
Rewriting:        Nodes =   2075.  Time =     0.01 sec
There are 0 XORs
Balance-X:        Nodes =   2320.  Time =     0.00 sec
Starting Fra_SmlSimulate......classes =     1.   Lits =      4.
Refined classes  after Pattern 0=     1.   Changes =    0.   Lits =      4.
Refined classes after pattern 1 =     1.   Changes =    0.   Lits =      4.
Refined classes  =     1.   Changes =    0.   Lits =      4.
start Fra_FraigSweep...
Fraiging (i=5):   Nodes =   2320.  Time =     0.47 sec
Rewriting:        Nodes =   2075.  Time =     0.01 sec
There are 0 XORs
Balance-X:        Nodes =   2320.  Time =     0.00 sec
Starting Fra_SmlSimulate......classes =     1.   Lits =      4.
Refined classes  after Pattern 0=     1.   Changes =    0.   Lits =      4.
Refined classes after pattern 1 =     1.   Changes =    0.   Lits =      4.
Refined classes  =     1.   Changes =    0.   Lits =      4.
start Fra_FraigSweep...
Fraiging (i=6):   Nodes =   2320.  Time =     4.94 sec
Rewriting:        Nodes =   2075.  Time =     0.01 sec
label 27
CNF stats: Vars =   1598. Clauses =    4784. Literals =    12920. Time =     0.00 sec
Running SAT solver with parameters 10000 and 1000 and 50.
reduceDB: Keeping    5016 out of   10001 clauses (50.15 %)  Time =     0.03 sec
reduceDB: Keeping    5509 out of   11001 clauses (50.08 %)  Time =     0.03 sec
reduceDB: Keeping    6015 out of   12000 clauses (50.12 %)  Time =     0.03 sec
reduceDB: Keeping    6527 out of   13001 clauses (50.20 %)  Time =     0.03 sec
reduceDB: Keeping    7013 out of   14001 clauses (50.09 %)  Time =     0.03 sec
reduceDB: Keeping    7522 out of   15000 clauses (50.15 %)  Time =     0.03 sec
reduceDB: Keeping    8024 out of   16001 clauses (50.15 %)  Time =     0.03 sec
reduceDB: Keeping    8522 out of   17003 clauses (50.12 %)  Time =     0.03 sec
reduceDB: Keeping    9010 out of   18001 clauses (50.05 %)  Time =     0.03 sec
reduceDB: Keeping    9489 out of   19002 clauses (49.94 %)  Time =     0.03 sec
reduceDB: Keeping   10109 out of   20000 clauses (50.55 %)  Time =     0.04 sec
reduceDB: Keeping   10670 out of   21002 clauses (50.80 %)  Time =     0.04 sec
reduceDB: Keeping   11040 out of   22001 clauses (50.18 %)  Time =     0.04 sec
reduceDB: Keeping   11555 out of   23001 clauses (50.24 %)  Time =     0.04 sec
reduceDB: Keeping   12095 out of   24001 clauses (50.39 %)  Time =     0.04 sec
reduceDB: Keeping   12789 out of   25001 clauses (51.15 %)  Time =     0.04 sec
reduceDB: Keeping   13123 out of   26000 clauses (50.47 %)  Time =     0.04 sec
reduceDB: Keeping   13829 out of   27000 clauses (51.22 %)  Time =     0.05 sec
reduceDB: Keeping   14519 out of   28000 clauses (51.85 %)  Time =     0.05 sec
reduceDB: Keeping   15469 out of   29001 clauses (53.34 %)  Time =     0.05 sec
reduceDB: Keeping   16314 out of   30002 clauses (54.38 %)  Time =     0.05 sec
reduceDB: Keeping   16647 out of   31000 clauses (53.70 %)  Time =     0.05 sec
reduceDB: Keeping   17089 out of   32000 clauses (53.40 %)  Time =     0.05 sec
reduceDB: Keeping   17424 out of   33002 clauses (52.80 %)  Time =     0.06 sec
reduceDB: Keeping   17935 out of   34001 clauses (52.75 %)  Time =     0.06 sec
reduceDB: Keeping   18047 out of   35002 clauses (51.56 %)  Time =     0.06 sec
reduceDB: Keeping   18658 out of   36000 clauses (51.83 %)  Time =     0.06 sec
reduceDB: Keeping   19178 out of   37000 clauses (51.83 %)  Time =     0.06 sec
reduceDB: Keeping   19598 out of   38001 clauses (51.57 %)  Time =     0.07 sec
reduceDB: Keeping   20192 out of   39000 clauses (51.77 %)  Time =     0.07 sec
reduceDB: Keeping   20613 out of   40003 clauses (51.53 %)  Time =     0.07 sec
reduceDB: Keeping   20979 out of   41001 clauses (51.17 %)  Time =     0.07 sec
reduceDB: Keeping   22033 out of   42000 clauses (52.46 %)  Time =     0.07 sec
reduceDB: Keeping   23307 out of   43000 clauses (54.20 %)  Time =     0.08 sec
reduceDB: Keeping   23671 out of   44001 clauses (53.80 %)  Time =     0.08 sec
reduceDB: Keeping   24434 out of   45000 clauses (54.30 %)  Time =     0.08 sec
reduceDB: Keeping   24571 out of   46001 clauses (53.41 %)  Time =     0.08 sec
reduceDB: Keeping   24657 out of   47000 clauses (52.46 %)  Time =     0.09 sec
reduceDB: Keeping   25289 out of   48001 clauses (52.68 %)  Time =     0.09 sec
reduceDB: Keeping   25126 out of   49001 clauses (51.28 %)  Time =     0.09 sec
reduceDB: Keeping   25930 out of   50000 clauses (51.86 %)  Time =     0.09 sec
reduceDB: Keeping   26228 out of   51001 clauses (51.43 %)  Time =     0.10 sec
reduceDB: Keeping   26560 out of   52001 clauses (51.08 %)  Time =     0.10 sec
reduceDB: Keeping   26960 out of   53001 clauses (50.87 %)  Time =     0.10 sec
reduceDB: Keeping   28693 out of   54000 clauses (53.14 %)  Time =     0.10 sec
reduceDB: Keeping   30031 out of   55000 clauses (54.60 %)  Time =     0.11 sec
reduceDB: Keeping   30150 out of   56001 clauses (53.84 %)  Time =     0.11 sec
reduceDB: Keeping   30306 out of   57001 clauses (53.17 %)  Time =     0.11 sec
reduceDB: Keeping   30504 out of   58001 clauses (52.59 %)  Time =     0.12 sec
reduceDB: Keeping   31286 out of   59002 clauses (53.03 %)  Time =     0.12 sec
reduceDB: Keeping   31827 out of   60002 clauses (53.04 %)  Time =     0.12 sec
reduceDB: Keeping   32006 out of   61002 clauses (52.47 %)  Time =     0.13 sec
reduceDB: Keeping   32409 out of   62000 clauses (52.27 %)  Time =     0.13 sec
reduceDB: Keeping   26536 out of   63001 clauses (42.12 %)  Time =     0.13 sec
reduceDB: Keeping   32104 out of   64002 clauses (50.16 %)  Time =     0.14 sec
reduceDB: Keeping   31895 out of   65000 clauses (49.07 %)  Time =     0.14 sec
reduceDB: Keeping   32977 out of   66001 clauses (49.96 %)  Time =     0.14 sec
reduceDB: Keeping   33703 out of   67000 clauses (50.30 %)  Time =     0.15 sec
reduceDB: Keeping   34069 out of   68002 clauses (50.10 %)  Time =     0.15 sec
reduceDB: Keeping   34527 out of   69002 clauses (50.04 %)  Time =     0.15 sec
reduceDB: Keeping   35088 out of   70000 clauses (50.13 %)  Time =     0.16 sec
reduceDB: Keeping   35435 out of   71000 clauses (49.91 %)  Time =     0.16 sec
reduceDB: Keeping   36132 out of   72002 clauses (50.18 %)  Time =     0.16 sec
reduceDB: Keeping   36505 out of   73001 clauses (50.01 %)  Time =     0.17 sec
reduceDB: Keeping   37108 out of   74000 clauses (50.15 %)  Time =     0.17 sec
reduceDB: Keeping   37564 out of   75000 clauses (50.09 %)  Time =     0.18 sec
reduceDB: Keeping   37938 out of   76001 clauses (49.92 %)  Time =     0.18 sec
reduceDB: Keeping   38175 out of   77001 clauses (49.58 %)  Time =     0.18 sec
reduceDB: Keeping   39147 out of   78001 clauses (50.19 %)  Time =     0.19 sec
reduceDB: Keeping   39581 out of   79000 clauses (50.10 %)  Time =     0.19 sec
reduceDB: Keeping   40086 out of   80003 clauses (50.11 %)  Time =     0.20 sec
reduceDB: Keeping   40847 out of   81001 clauses (50.43 %)  Time =     0.20 sec
reduceDB: Keeping   41083 out of   82000 clauses (50.10 %)  Time =     0.20 sec
reduceDB: Keeping   41603 out of   83001 clauses (50.12 %)  Time =     0.21 sec
reduceDB: Keeping   42121 out of   84001 clauses (50.14 %)  Time =     0.21 sec
reduceDB: Keeping   41846 out of   85001 clauses (49.23 %)  Time =     0.22 sec
reduceDB: Keeping   42997 out of   86000 clauses (50.00 %)  Time =     0.22 sec
reduceDB: Keeping   43629 out of   87000 clauses (50.15 %)  Time =     0.23 sec
reduceDB: Keeping   44141 out of   88000 clauses (50.16 %)  Time =     0.23 sec
reduceDB: Keeping   44183 out of   89000 clauses (49.64 %)  Time =     0.23 sec
reduceDB: Keeping   45166 out of   90000 clauses (50.18 %)  Time =     0.24 sec
reduceDB: Keeping   44390 out of   91000 clauses (48.78 %)  Time =     0.24 sec
reduceDB: Keeping   46058 out of   92001 clauses (50.06 %)  Time =     0.25 sec
reduceDB: Keeping   46494 out of   93000 clauses (49.99 %)  Time =     0.25 sec
reduceDB: Keeping   48119 out of   94002 clauses (51.19 %)  Time =     0.26 sec
reduceDB: Keeping   49990 out of   95000 clauses (52.62 %)  Time =     0.26 sec
reduceDB: Keeping   51024 out of   96000 clauses (53.15 %)  Time =     0.27 sec
reduceDB: Keeping   53043 out of   97002 clauses (54.68 %)  Time =     0.27 sec
reduceDB: Keeping   41751 out of   98001 clauses (42.60 %)  Time =     0.28 sec
reduceDB: Keeping   47024 out of   99000 clauses (47.50 %)  Time =     0.28 sec
reduceDB: Keeping   49688 out of  100001 clauses (49.69 %)  Time =     0.29 sec
reduceDB: Keeping   50195 out of  101001 clauses (49.70 %)  Time =     0.29 sec
reduceDB: Keeping   50414 out of  102000 clauses (49.43 %)  Time =     0.30 sec
reduceDB: Keeping   51162 out of  103000 clauses (49.67 %)  Time =     0.30 sec
reduceDB: Keeping   51899 out of  104000 clauses (49.90 %)  Time =     0.31 sec
reduceDB: Keeping   52296 out of  105001 clauses (49.81 %)  Time =     0.31 sec
reduceDB: Keeping   53009 out of  106000 clauses (50.01 %)  Time =     0.32 sec
reduceDB: Keeping   48695 out of  107000 clauses (45.51 %)  Time =     0.32 sec
reduceDB: Keeping   54049 out of  108002 clauses (50.04 %)  Time =     0.33 sec
reduceDB: Keeping   52378 out of  109000 clauses (48.05 %)  Time =     0.33 sec
reduceDB: Keeping   54992 out of  110000 clauses (49.99 %)  Time =     0.34 sec
reduceDB: Keeping   53611 out of  111002 clauses (48.30 %)  Time =     0.34 sec
reduceDB: Keeping   56144 out of  112001 clauses (50.13 %)  Time =     0.35 sec
reduceDB: Keeping   56071 out of  113000 clauses (49.62 %)  Time =     0.36 sec
reduceDB: Keeping   53572 out of  114000 clauses (46.99 %)  Time =     0.36 sec
reduceDB: Keeping   53370 out of  115001 clauses (46.41 %)  Time =     0.37 sec
reduceDB: Keeping   53796 out of  116000 clauses (46.38 %)  Time =     0.37 sec
reduceDB: Keeping   55528 out of  117000 clauses (47.46 %)  Time =     0.38 sec
reduceDB: Keeping   57406 out of  118001 clauses (48.65 %)  Time =     0.38 sec
reduceDB: Keeping   58552 out of  119000 clauses (49.20 %)  Time =     0.39 sec
reduceDB: Keeping   59725 out of  120000 clauses (49.77 %)  Time =     0.40 sec
reduceDB: Keeping   59979 out of  121003 clauses (49.57 %)  Time =     0.40 sec
reduceDB: Keeping   60522 out of  122000 clauses (49.61 %)  Time =     0.41 sec
reduceDB: Keeping   61490 out of  123000 clauses (49.99 %)  Time =     0.41 sec
reduceDB: Keeping   61970 out of  124001 clauses (49.98 %)  Time =     0.42 sec
reduceDB: Keeping   62950 out of  125001 clauses (50.36 %)  Time =     0.43 sec
reduceDB: Keeping   66325 out of  126003 clauses (52.64 %)  Time =     0.43 sec
starts        :             7164
conflicts     :          4049523
decisions     :          4674583
propagations  :       1236393390
Final SAT:        Nodes =   2075.  Time =   360.03 sec
Networks are equivalent.  Time =   369.68 sec
End Old Verify =   369.68 sec
