ABC command line: "&read replace_1514.aig; &cec -m -v".

label 1
label 3
Assuming the current network is a single-output miter.
label 6
Start EquivFixOutputPairs =     0.00 sec
End EquivFixOutputPairs =     0.00 sec
Start ManSatSweeping =     0.00 sec
Simulating 15 words for 15 rounds. SAT solving with 1000 conflicts.
nSimWords = 0
cst =    2143  cls =      0  lit =    2143  unused =     256  proof =     0
cst =       2  cls =      7  lit =       9  unused =    2383  proof =     0
cst =       1  cls =      2  lit =       3  unused =    2394  proof =     0
cst =       0  cls =      1  lit =       1  unused =    2397  proof =     0
cst =       0  cls =      1  lit =       1  unused =    2397  proof =     0
cst =       0  cls =      1  lit =       1  unused =    2397  proof =     0
cst =       0  cls =      1  lit =       1  unused =    2397  proof =     0
cst =       0  cls =      1  lit =       1  unused =    2397  proof =     0
cst =       0  cls =      1  lit =       1  unused =    2397  proof =     0
cst =       0  cls =      1  lit =       1  unused =    2397  proof =     0
  1 : P =      0. D =      0. F =     1. M =     703. And =    2143. Time =     0.02 sec
Increasing conflict limit to 10000.
The result is written into file "cec_giaSweep.aig".
Switching into reduced mode.
  2 : P =      0. D =      0. F =     1. M =     703. And =    2143. Time =     0.28 sec
Increasing conflict limit to 100000.
The result is written into file "cec_giaSweep.aig".
Switching into normal mode.
  3 : P =      0. D =      0. F =     1. M =       0. And =    2143. Time =     3.81 sec
Performed 3 SAT calls: P = 0  D = 0  F = 3
NBeg = 2143. NEnd = 2143. (Gain =   0.00 %).  RBeg = 0. REnd = 0. (Gain =   0.00 %).
Sim  =     0.00 sec (  0.00 %)
Sat  =     4.11 sec (  0.00 %)
Pat  =     0.00 sec (  0.00 %)
Time =     4.11 sec
End ManSatSweeping =     4.11 sec
Networks are UNDECIDED after the new CEC engine.  Time =     4.11 sec
Calling the old CEC engine.
Start Old Verify =     4.11 sec
Original miter:   Nodes =   2146.
label 27
Initial SAT:      Nodes =   2146.  Time =     0.02 sec
Rewriting:        Nodes =   2146.  Time =     0.02 sec
There are 0 XORs
Balance-X:        Nodes =   2423.  Time =     0.00 sec
Starting Fra_SmlSimulate......classes =     1.   Lits =      4.
Refined classes  after Pattern 0=     1.   Changes =    0.   Lits =      4.
Refined classes after pattern 1 =     1.   Changes =    0.   Lits =      4.
Refined classes  =     1.   Changes =    0.   Lits =      4.
start Fra_FraigSweep...
Fraiging (i=1):   Nodes =   2423.  Time =     0.00 sec
Rewriting:        Nodes =   2168.  Time =     0.01 sec
There are 0 XORs
Balance-X:        Nodes =   2420.  Time =     0.00 sec
Starting Fra_SmlSimulate......classes =     1.   Lits =      4.
Refined classes  after Pattern 0=     1.   Changes =    0.   Lits =      4.
Refined classes after pattern 1 =     1.   Changes =    0.   Lits =      4.
Refined classes  =     1.   Changes =    0.   Lits =      4.
start Fra_FraigSweep...
Fraiging (i=2):   Nodes =   2420.  Time =     0.00 sec
Rewriting:        Nodes =   2170.  Time =     0.01 sec
There are 0 XORs
Balance-X:        Nodes =   2420.  Time =     0.00 sec
Starting Fra_SmlSimulate......classes =     1.   Lits =      4.
Refined classes  after Pattern 0=     1.   Changes =    0.   Lits =      4.
Refined classes after pattern 1 =     1.   Changes =    0.   Lits =      4.
Refined classes  =     1.   Changes =    0.   Lits =      4.
start Fra_FraigSweep...
Fraiging (i=3):   Nodes =   2420.  Time =     0.01 sec
Rewriting:        Nodes =   2171.  Time =     0.01 sec
There are 0 XORs
Balance-X:        Nodes =   2420.  Time =     0.00 sec
Starting Fra_SmlSimulate......classes =     1.   Lits =      4.
Refined classes  after Pattern 0=     1.   Changes =    0.   Lits =      4.
Refined classes after pattern 1 =     1.   Changes =    0.   Lits =      4.
Refined classes  =     1.   Changes =    0.   Lits =      4.
start Fra_FraigSweep...
Fraiging (i=4):   Nodes =   2420.  Time =     0.09 sec
Rewriting:        Nodes =   2170.  Time =     0.01 sec
There are 0 XORs
Balance-X:        Nodes =   2420.  Time =     0.00 sec
Starting Fra_SmlSimulate......classes =     1.   Lits =      4.
Refined classes  after Pattern 0=     1.   Changes =    0.   Lits =      4.
Refined classes after pattern 1 =     1.   Changes =    0.   Lits =      4.
Refined classes  =     1.   Changes =    0.   Lits =      4.
start Fra_FraigSweep...
Fraiging (i=5):   Nodes =   2420.  Time =     0.99 sec
Rewriting:        Nodes =   2171.  Time =     0.01 sec
There are 0 XORs
Balance-X:        Nodes =   2420.  Time =     0.00 sec
Starting Fra_SmlSimulate......classes =     1.   Lits =      4.
Refined classes  after Pattern 0=     1.   Changes =    0.   Lits =      4.
Refined classes after pattern 1 =     1.   Changes =    0.   Lits =      4.
Refined classes  =     1.   Changes =    0.   Lits =      4.
start Fra_FraigSweep...
Fraiging (i=6):   Nodes =   2420.  Time =    11.42 sec
Rewriting:        Nodes =   2170.  Time =     0.01 sec
label 27
CNF stats: Vars =   1651. Clauses =    4983. Literals =    13425. Time =     0.00 sec
Running SAT solver with parameters 10000 and 1000 and 50.
reduceDB: Keeping    5022 out of   10000 clauses (50.22 %)  Time =     0.05 sec
reduceDB: Keeping    5513 out of   11002 clauses (50.11 %)  Time =     0.05 sec
reduceDB: Keeping    6011 out of   12000 clauses (50.09 %)  Time =     0.05 sec
reduceDB: Keeping    6533 out of   13000 clauses (50.25 %)  Time =     0.05 sec
reduceDB: Keeping    7013 out of   14001 clauses (50.09 %)  Time =     0.05 sec
reduceDB: Keeping    7524 out of   15001 clauses (50.16 %)  Time =     0.05 sec
reduceDB: Keeping    8032 out of   16000 clauses (50.20 %)  Time =     0.05 sec
reduceDB: Keeping    8603 out of   17001 clauses (50.60 %)  Time =     0.05 sec
reduceDB: Keeping    9010 out of   18002 clauses (50.05 %)  Time =     0.05 sec
reduceDB: Keeping    9557 out of   19000 clauses (50.30 %)  Time =     0.05 sec
reduceDB: Keeping   10194 out of   20002 clauses (50.96 %)  Time =     0.05 sec
reduceDB: Keeping   10902 out of   21001 clauses (51.91 %)  Time =     0.06 sec
reduceDB: Keeping   11350 out of   22001 clauses (51.59 %)  Time =     0.06 sec
reduceDB: Keeping   11745 out of   23000 clauses (51.07 %)  Time =     0.06 sec
reduceDB: Keeping   12319 out of   24002 clauses (51.32 %)  Time =     0.06 sec
reduceDB: Keeping   12919 out of   25001 clauses (51.67 %)  Time =     0.06 sec
reduceDB: Keeping   13421 out of   26000 clauses (51.62 %)  Time =     0.06 sec
reduceDB: Keeping   13869 out of   27002 clauses (51.36 %)  Time =     0.06 sec
reduceDB: Keeping   14558 out of   28000 clauses (51.99 %)  Time =     0.07 sec
reduceDB: Keeping   15434 out of   29002 clauses (53.22 %)  Time =     0.07 sec
reduceDB: Keeping   16268 out of   30000 clauses (54.23 %)  Time =     0.07 sec
reduceDB: Keeping   16700 out of   31004 clauses (53.86 %)  Time =     0.07 sec
reduceDB: Keeping   17203 out of   32003 clauses (53.75 %)  Time =     0.07 sec
reduceDB: Keeping   17664 out of   33001 clauses (53.53 %)  Time =     0.08 sec
reduceDB: Keeping   18005 out of   34000 clauses (52.96 %)  Time =     0.08 sec
reduceDB: Keeping   18255 out of   35000 clauses (52.16 %)  Time =     0.08 sec
reduceDB: Keeping   18938 out of   36002 clauses (52.60 %)  Time =     0.08 sec
reduceDB: Keeping   19429 out of   37001 clauses (52.51 %)  Time =     0.08 sec
reduceDB: Keeping   19698 out of   38002 clauses (51.83 %)  Time =     0.09 sec
reduceDB: Keeping   20131 out of   39001 clauses (51.62 %)  Time =     0.09 sec
reduceDB: Keeping   20636 out of   40000 clauses (51.59 %)  Time =     0.09 sec
reduceDB: Keeping   20724 out of   41002 clauses (50.54 %)  Time =     0.09 sec
reduceDB: Keeping   21582 out of   42001 clauses (51.38 %)  Time =     0.10 sec
reduceDB: Keeping   22400 out of   43000 clauses (52.09 %)  Time =     0.10 sec
reduceDB: Keeping   22921 out of   44000 clauses (52.09 %)  Time =     0.10 sec
reduceDB: Keeping   24268 out of   45001 clauses (53.93 %)  Time =     0.10 sec
reduceDB: Keeping   24693 out of   46001 clauses (53.68 %)  Time =     0.11 sec
reduceDB: Keeping   25212 out of   47001 clauses (53.64 %)  Time =     0.11 sec
reduceDB: Keeping   25506 out of   48000 clauses (53.14 %)  Time =     0.11 sec
reduceDB: Keeping   25988 out of   49002 clauses (53.03 %)  Time =     0.11 sec
reduceDB: Keeping   26492 out of   50000 clauses (52.98 %)  Time =     0.12 sec
reduceDB: Keeping   26653 out of   51001 clauses (52.26 %)  Time =     0.12 sec
reduceDB: Keeping   27175 out of   52001 clauses (52.26 %)  Time =     0.12 sec
reduceDB: Keeping   27119 out of   53001 clauses (51.17 %)  Time =     0.13 sec
reduceDB: Keeping   28180 out of   54000 clauses (52.19 %)  Time =     0.13 sec
reduceDB: Keeping   29573 out of   55000 clauses (53.77 %)  Time =     0.13 sec
reduceDB: Keeping   29499 out of   56000 clauses (52.68 %)  Time =     0.14 sec
reduceDB: Keeping   29789 out of   57000 clauses (52.26 %)  Time =     0.14 sec
reduceDB: Keeping   30183 out of   58001 clauses (52.04 %)  Time =     0.14 sec
reduceDB: Keeping   30888 out of   59002 clauses (52.35 %)  Time =     0.15 sec
reduceDB: Keeping   30880 out of   60001 clauses (51.47 %)  Time =     0.15 sec
reduceDB: Keeping   31328 out of   61000 clauses (51.36 %)  Time =     0.15 sec
reduceDB: Keeping   32011 out of   62001 clauses (51.63 %)  Time =     0.16 sec
reduceDB: Keeping   32499 out of   63002 clauses (51.58 %)  Time =     0.16 sec
reduceDB: Keeping   33274 out of   64000 clauses (51.99 %)  Time =     0.16 sec
reduceDB: Keeping   34116 out of   65001 clauses (52.49 %)  Time =     0.17 sec
reduceDB: Keeping   35542 out of   66001 clauses (53.85 %)  Time =     0.17 sec
reduceDB: Keeping   29371 out of   67001 clauses (43.84 %)  Time =     0.17 sec
reduceDB: Keeping   33994 out of   68001 clauses (49.99 %)  Time =     0.18 sec
reduceDB: Keeping   34623 out of   69004 clauses (50.18 %)  Time =     0.18 sec
reduceDB: Keeping   34986 out of   70003 clauses (49.98 %)  Time =     0.19 sec
reduceDB: Keeping   35584 out of   71001 clauses (50.12 %)  Time =     0.19 sec
reduceDB: Keeping   36011 out of   72001 clauses (50.01 %)  Time =     0.19 sec
reduceDB: Keeping   36588 out of   73000 clauses (50.12 %)  Time =     0.20 sec
reduceDB: Keeping   37076 out of   74000 clauses (50.10 %)  Time =     0.20 sec
reduceDB: Keeping   37518 out of   75000 clauses (50.02 %)  Time =     0.21 sec
reduceDB: Keeping   38063 out of   76000 clauses (50.08 %)  Time =     0.21 sec
reduceDB: Keeping   38641 out of   77001 clauses (50.18 %)  Time =     0.22 sec
reduceDB: Keeping   39110 out of   78001 clauses (50.14 %)  Time =     0.22 sec
reduceDB: Keeping   39593 out of   79001 clauses (50.12 %)  Time =     0.22 sec
reduceDB: Keeping   40119 out of   80002 clauses (50.15 %)  Time =     0.23 sec
reduceDB: Keeping   40595 out of   81001 clauses (50.12 %)  Time =     0.23 sec
reduceDB: Keeping   41139 out of   82000 clauses (50.17 %)  Time =     0.24 sec
reduceDB: Keeping   41665 out of   83004 clauses (50.20 %)  Time =     0.24 sec
reduceDB: Keeping   42133 out of   84002 clauses (50.16 %)  Time =     0.25 sec
reduceDB: Keeping   42622 out of   85001 clauses (50.14 %)  Time =     0.25 sec
reduceDB: Keeping   42925 out of   86000 clauses (49.91 %)  Time =     0.26 sec
reduceDB: Keeping   43491 out of   87002 clauses (49.99 %)  Time =     0.26 sec
reduceDB: Keeping   44113 out of   88000 clauses (50.13 %)  Time =     0.27 sec
reduceDB: Keeping   44019 out of   89000 clauses (49.46 %)  Time =     0.27 sec
reduceDB: Keeping   45128 out of   90000 clauses (50.14 %)  Time =     0.28 sec
reduceDB: Keeping   44693 out of   91001 clauses (49.11 %)  Time =     0.28 sec
reduceDB: Keeping   46337 out of   92003 clauses (50.36 %)  Time =     0.29 sec
reduceDB: Keeping   46555 out of   93000 clauses (50.06 %)  Time =     0.29 sec
reduceDB: Keeping   49359 out of   94001 clauses (52.51 %)  Time =     0.30 sec
reduceDB: Keeping   50524 out of   95001 clauses (53.18 %)  Time =     0.30 sec
reduceDB: Keeping   51472 out of   96003 clauses (53.61 %)  Time =     0.31 sec
reduceDB: Keeping   52827 out of   97000 clauses (54.46 %)  Time =     0.31 sec
reduceDB: Keeping   40301 out of   98000 clauses (41.12 %)  Time =     0.32 sec
reduceDB: Keeping   44970 out of   99000 clauses (45.42 %)  Time =     0.32 sec
reduceDB: Keeping   49391 out of  100000 clauses (49.39 %)  Time =     0.33 sec
reduceDB: Keeping   50026 out of  101000 clauses (49.53 %)  Time =     0.33 sec
reduceDB: Keeping   50902 out of  102000 clauses (49.90 %)  Time =     0.34 sec
reduceDB: Keeping   51476 out of  103000 clauses (49.98 %)  Time =     0.35 sec
reduceDB: Keeping   52155 out of  104000 clauses (50.15 %)  Time =     0.35 sec
reduceDB: Keeping   52656 out of  105001 clauses (50.15 %)  Time =     0.36 sec
reduceDB: Keeping   53142 out of  106000 clauses (50.13 %)  Time =     0.36 sec
reduceDB: Keeping   53106 out of  107003 clauses (49.63 %)  Time =     0.37 sec
reduceDB: Keeping   54099 out of  108002 clauses (50.09 %)  Time =     0.38 sec
reduceDB: Keeping   57715 out of  109003 clauses (52.95 %)  Time =     0.38 sec
reduceDB: Keeping   58214 out of  110000 clauses (52.92 %)  Time =     0.39 sec
reduceDB: Keeping   57894 out of  111000 clauses (52.16 %)  Time =     0.39 sec
reduceDB: Keeping   58523 out of  112001 clauses (52.25 %)  Time =     0.40 sec
reduceDB: Keeping   59363 out of  113000 clauses (52.53 %)  Time =     0.41 sec
reduceDB: Keeping   60032 out of  114001 clauses (52.66 %)  Time =     0.41 sec
reduceDB: Keeping   60646 out of  115001 clauses (52.74 %)  Time =     0.42 sec
reduceDB: Keeping   61490 out of  116001 clauses (53.01 %)  Time =     0.43 sec
reduceDB: Keeping   63078 out of  117000 clauses (53.91 %)  Time =     0.43 sec
reduceDB: Keeping   51611 out of  118002 clauses (43.74 %)  Time =     0.44 sec
reduceDB: Keeping   59610 out of  119003 clauses (50.09 %)  Time =     0.45 sec
reduceDB: Keeping   60782 out of  120000 clauses (50.65 %)  Time =     0.45 sec
reduceDB: Keeping   62436 out of  121000 clauses (51.60 %)  Time =     0.46 sec
reduceDB: Keeping   65342 out of  122001 clauses (53.56 %)  Time =     0.47 sec
starts        :             6524
conflicts     :          3731980
decisions     :          4297119
propagations  :       1199989410
Final SAT:        Nodes =   2170.  Time =   377.95 sec
Networks are equivalent.  Time =   394.67 sec
End Old Verify =   394.67 sec
