ABC command line: "&read resub_All.aig; &cec -m -v".

label 1
label 3
Assuming the current network is a single-output miter.
label 6
Start EquivFixOutputPairs =     0.00 sec
End EquivFixOutputPairs =     0.00 sec
Start ManSatSweeping =     0.00 sec
Simulating 15 words for 15 rounds. SAT solving with 1000 conflicts.
nSimWords = 0
cst =    2009  cls =      0  lit =    2009  unused =     256  proof =     0
cst =       5  cls =      3  lit =      10  unused =    2252  proof =     0
cst =       4  cls =      2  lit =       8  unused =    2255  proof =     0
cst =       0  cls =      3  lit =       4  unused =    2258  proof =     0
cst =       0  cls =      3  lit =       4  unused =    2258  proof =     0
cst =       0  cls =      3  lit =       3  unused =    2259  proof =     0
cst =       0  cls =      3  lit =       3  unused =    2259  proof =     0
cst =       0  cls =      3  lit =       3  unused =    2259  proof =     0
cst =       0  cls =      3  lit =       3  unused =    2259  proof =     0
cst =       0  cls =      3  lit =       3  unused =    2259  proof =     0
  1 : P =      0. D =      0. F =     1. M =     441. And =    2009. Time =     0.02 sec
Increasing conflict limit to 10000.
The result is written into file "cec_giaSweep.aig".
Switching into reduced mode.
  2 : P =      0. D =      0. F =     1. M =     441. And =    2009. Time =     0.24 sec
Increasing conflict limit to 100000.
The result is written into file "cec_giaSweep.aig".
Switching into normal mode.
  3 : P =      0. D =      0. F =     2. M =       0. And =    2009. Time =     8.43 sec
Performed 4 SAT calls: P = 0  D = 0  F = 4
NBeg = 2009. NEnd = 2009. (Gain =   0.00 %).  RBeg = 0. REnd = 0. (Gain =   0.00 %).
Sim  =     0.00 sec (  0.00 %)
Sat  =     8.68 sec (  0.00 %)
Pat  =     0.00 sec (  0.00 %)
Time =     8.69 sec
End ManSatSweeping =     8.69 sec
Networks are UNDECIDED after the new CEC engine.  Time =     8.69 sec
Calling the old CEC engine.
Start Old Verify =     8.69 sec
Original miter:   Nodes =   2012.
label 27
Initial SAT:      Nodes =   2012.  Time =     0.02 sec
Rewriting:        Nodes =   2007.  Time =     0.02 sec
There are 0 XORs
Balance-X:        Nodes =   2269.  Time =     0.00 sec
Starting Fra_SmlSimulate......classes =     1.   Lits =      4.
Refined classes  after Pattern 0=     1.   Changes =    0.   Lits =      4.
Refined classes after pattern 1 =     1.   Changes =    0.   Lits =      4.
Refined classes  =     1.   Changes =    0.   Lits =      4.
start Fra_FraigSweep...
Fraiging (i=1):   Nodes =   2269.  Time =     0.00 sec
Rewriting:        Nodes =   2028.  Time =     0.01 sec
There are 0 XORs
Balance-X:        Nodes =   2267.  Time =     0.00 sec
Starting Fra_SmlSimulate......classes =     1.   Lits =      4.
Refined classes  after Pattern 0=     1.   Changes =    0.   Lits =      4.
Refined classes after pattern 1 =     1.   Changes =    0.   Lits =      4.
Refined classes  =     1.   Changes =    0.   Lits =      4.
start Fra_FraigSweep...
Fraiging (i=2):   Nodes =   2267.  Time =     0.00 sec
Rewriting:        Nodes =   2027.  Time =     0.01 sec
There are 0 XORs
Balance-X:        Nodes =   2267.  Time =     0.00 sec
Starting Fra_SmlSimulate......classes =     1.   Lits =      4.
Refined classes  after Pattern 0=     1.   Changes =    0.   Lits =      4.
Refined classes after pattern 1 =     1.   Changes =    0.   Lits =      4.
Refined classes  =     1.   Changes =    0.   Lits =      4.
start Fra_FraigSweep...
Fraiging (i=3):   Nodes =   2267.  Time =     0.01 sec
Rewriting:        Nodes =   2027.  Time =     0.01 sec
There are 0 XORs
Balance-X:        Nodes =   2267.  Time =     0.00 sec
Starting Fra_SmlSimulate......classes =     1.   Lits =      4.
Refined classes  after Pattern 0=     1.   Changes =    0.   Lits =      4.
Refined classes after pattern 1 =     1.   Changes =    0.   Lits =      4.
Refined classes  =     1.   Changes =    0.   Lits =      4.
start Fra_FraigSweep...
Fraiging (i=4):   Nodes =   2267.  Time =     0.04 sec
Rewriting:        Nodes =   2027.  Time =     0.01 sec
There are 0 XORs
Balance-X:        Nodes =   2267.  Time =     0.00 sec
Starting Fra_SmlSimulate......classes =     1.   Lits =      4.
Refined classes  after Pattern 0=     1.   Changes =    0.   Lits =      4.
Refined classes after pattern 1 =     1.   Changes =    0.   Lits =      4.
Refined classes  =     1.   Changes =    0.   Lits =      4.
start Fra_FraigSweep...
Fraiging (i=5):   Nodes =   2267.  Time =     0.47 sec
Rewriting:        Nodes =   2027.  Time =     0.01 sec
There are 0 XORs
Balance-X:        Nodes =   2267.  Time =     0.00 sec
Starting Fra_SmlSimulate......classes =     1.   Lits =      4.
Refined classes  after Pattern 0=     1.   Changes =    0.   Lits =      4.
Refined classes after pattern 1 =     1.   Changes =    0.   Lits =      4.
Refined classes  =     1.   Changes =    0.   Lits =      4.
start Fra_FraigSweep...
Fraiging (i=6):   Nodes =   2267.  Time =     4.99 sec
Rewriting:        Nodes =   2027.  Time =     0.01 sec
label 27
CNF stats: Vars =   1559. Clauses =    4657. Literals =    12620. Time =     0.00 sec
Running SAT solver with parameters 10000 and 1000 and 50.
reduceDB: Keeping    5023 out of   10000 clauses (50.23 %)  Time =     0.04 sec
reduceDB: Keeping    5516 out of   11000 clauses (50.15 %)  Time =     0.04 sec
reduceDB: Keeping    5997 out of   12000 clauses (49.98 %)  Time =     0.04 sec
reduceDB: Keeping    6517 out of   13000 clauses (50.13 %)  Time =     0.04 sec
reduceDB: Keeping    7025 out of   14000 clauses (50.18 %)  Time =     0.04 sec
reduceDB: Keeping    7596 out of   15001 clauses (50.64 %)  Time =     0.04 sec
reduceDB: Keeping    8028 out of   16000 clauses (50.17 %)  Time =     0.05 sec
reduceDB: Keeping    8615 out of   17001 clauses (50.67 %)  Time =     0.05 sec
reduceDB: Keeping    9051 out of   18000 clauses (50.28 %)  Time =     0.05 sec
reduceDB: Keeping    9780 out of   19001 clauses (51.47 %)  Time =     0.05 sec
reduceDB: Keeping   10599 out of   20001 clauses (52.99 %)  Time =     0.05 sec
reduceDB: Keeping   11411 out of   21002 clauses (54.33 %)  Time =     0.05 sec
reduceDB: Keeping   11807 out of   22001 clauses (53.67 %)  Time =     0.05 sec
reduceDB: Keeping   12484 out of   23001 clauses (54.28 %)  Time =     0.05 sec
reduceDB: Keeping   12832 out of   24000 clauses (53.47 %)  Time =     0.06 sec
reduceDB: Keeping   13545 out of   25000 clauses (54.18 %)  Time =     0.06 sec
reduceDB: Keeping   14060 out of   26000 clauses (54.08 %)  Time =     0.06 sec
reduceDB: Keeping   14521 out of   27000 clauses (53.78 %)  Time =     0.06 sec
reduceDB: Keeping   15018 out of   28000 clauses (53.64 %)  Time =     0.06 sec
reduceDB: Keeping   15741 out of   29002 clauses (54.28 %)  Time =     0.06 sec
reduceDB: Keeping   16371 out of   30000 clauses (54.57 %)  Time =     0.07 sec
reduceDB: Keeping   16953 out of   31002 clauses (54.68 %)  Time =     0.07 sec
reduceDB: Keeping   17440 out of   32001 clauses (54.50 %)  Time =     0.07 sec
reduceDB: Keeping   18016 out of   33000 clauses (54.59 %)  Time =     0.07 sec
reduceDB: Keeping   18409 out of   34000 clauses (54.14 %)  Time =     0.07 sec
reduceDB: Keeping   18816 out of   35004 clauses (53.75 %)  Time =     0.08 sec
reduceDB: Keeping   19280 out of   36002 clauses (53.55 %)  Time =     0.08 sec
reduceDB: Keeping   19829 out of   37001 clauses (53.59 %)  Time =     0.08 sec
reduceDB: Keeping   20248 out of   38000 clauses (53.28 %)  Time =     0.08 sec
reduceDB: Keeping   20654 out of   39001 clauses (52.96 %)  Time =     0.08 sec
reduceDB: Keeping   21002 out of   40000 clauses (52.51 %)  Time =     0.09 sec
reduceDB: Keeping   21762 out of   41002 clauses (53.08 %)  Time =     0.09 sec
reduceDB: Keeping   22234 out of   42000 clauses (52.94 %)  Time =     0.09 sec
reduceDB: Keeping   22741 out of   43003 clauses (52.88 %)  Time =     0.09 sec
reduceDB: Keeping   23517 out of   44001 clauses (53.45 %)  Time =     0.10 sec
reduceDB: Keeping   24455 out of   45002 clauses (54.34 %)  Time =     0.10 sec
reduceDB: Keeping   19960 out of   46001 clauses (43.39 %)  Time =     0.10 sec
reduceDB: Keeping   23587 out of   47002 clauses (50.18 %)  Time =     0.11 sec
reduceDB: Keeping   24100 out of   48000 clauses (50.21 %)  Time =     0.11 sec
reduceDB: Keeping   24565 out of   49000 clauses (50.13 %)  Time =     0.11 sec
reduceDB: Keeping   25053 out of   50000 clauses (50.11 %)  Time =     0.11 sec
reduceDB: Keeping   25606 out of   51000 clauses (50.21 %)  Time =     0.12 sec
reduceDB: Keeping   26077 out of   52001 clauses (50.15 %)  Time =     0.12 sec
reduceDB: Keeping   26602 out of   53000 clauses (50.19 %)  Time =     0.12 sec
reduceDB: Keeping   27295 out of   54000 clauses (50.55 %)  Time =     0.13 sec
reduceDB: Keeping   28479 out of   55001 clauses (51.78 %)  Time =     0.13 sec
reduceDB: Keeping   28465 out of   56000 clauses (50.83 %)  Time =     0.13 sec
reduceDB: Keeping   28862 out of   57000 clauses (50.64 %)  Time =     0.14 sec
reduceDB: Keeping   29439 out of   58002 clauses (50.76 %)  Time =     0.14 sec
reduceDB: Keeping   30119 out of   59001 clauses (51.05 %)  Time =     0.14 sec
reduceDB: Keeping   30686 out of   60000 clauses (51.14 %)  Time =     0.15 sec
reduceDB: Keeping   31119 out of   61000 clauses (51.01 %)  Time =     0.15 sec
reduceDB: Keeping   31082 out of   62000 clauses (50.13 %)  Time =     0.15 sec
reduceDB: Keeping   32094 out of   63002 clauses (50.94 %)  Time =     0.16 sec
reduceDB: Keeping   33928 out of   64001 clauses (53.01 %)  Time =     0.16 sec
reduceDB: Keeping   29025 out of   65000 clauses (44.65 %)  Time =     0.17 sec
reduceDB: Keeping   33066 out of   66002 clauses (50.10 %)  Time =     0.17 sec
reduceDB: Keeping   34835 out of   67000 clauses (51.99 %)  Time =     0.17 sec
reduceDB: Keeping   35593 out of   68001 clauses (52.34 %)  Time =     0.18 sec
reduceDB: Keeping   35982 out of   69001 clauses (52.15 %)  Time =     0.18 sec
reduceDB: Keeping   36440 out of   70000 clauses (52.06 %)  Time =     0.18 sec
reduceDB: Keeping   36736 out of   71003 clauses (51.74 %)  Time =     0.19 sec
reduceDB: Keeping   37291 out of   72000 clauses (51.79 %)  Time =     0.19 sec
reduceDB: Keeping   37533 out of   73001 clauses (51.41 %)  Time =     0.20 sec
reduceDB: Keeping   38561 out of   74002 clauses (52.11 %)  Time =     0.20 sec
reduceDB: Keeping   38997 out of   75000 clauses (52.00 %)  Time =     0.21 sec
reduceDB: Keeping   38857 out of   76000 clauses (51.13 %)  Time =     0.21 sec
reduceDB: Keeping   39665 out of   77001 clauses (51.51 %)  Time =     0.21 sec
reduceDB: Keeping   40101 out of   78000 clauses (51.41 %)  Time =     0.22 sec
reduceDB: Keeping   40536 out of   79001 clauses (51.31 %)  Time =     0.22 sec
reduceDB: Keeping   40566 out of   80000 clauses (50.71 %)  Time =     0.23 sec
reduceDB: Keeping   41561 out of   81001 clauses (51.31 %)  Time =     0.23 sec
reduceDB: Keeping   41493 out of   82002 clauses (50.60 %)  Time =     0.24 sec
reduceDB: Keeping   42008 out of   83000 clauses (50.61 %)  Time =     0.24 sec
reduceDB: Keeping   42758 out of   84001 clauses (50.90 %)  Time =     0.25 sec
reduceDB: Keeping   43031 out of   85001 clauses (50.62 %)  Time =     0.25 sec
reduceDB: Keeping   43106 out of   86001 clauses (50.12 %)  Time =     0.26 sec
reduceDB: Keeping   43926 out of   87000 clauses (50.49 %)  Time =     0.26 sec
reduceDB: Keeping   44186 out of   88001 clauses (50.21 %)  Time =     0.27 sec
reduceDB: Keeping   44829 out of   89001 clauses (50.37 %)  Time =     0.27 sec
reduceDB: Keeping   45091 out of   90003 clauses (50.10 %)  Time =     0.28 sec
reduceDB: Keeping   45495 out of   91001 clauses (49.99 %)  Time =     0.28 sec
reduceDB: Keeping   46103 out of   92000 clauses (50.11 %)  Time =     0.29 sec
reduceDB: Keeping   47444 out of   93001 clauses (51.01 %)  Time =     0.29 sec
reduceDB: Keeping   49379 out of   94002 clauses (52.53 %)  Time =     0.30 sec
reduceDB: Keeping   51524 out of   95001 clauses (54.24 %)  Time =     0.30 sec
reduceDB: Keeping   52428 out of   96000 clauses (54.61 %)  Time =     0.31 sec
reduceDB: Keeping   53093 out of   97002 clauses (54.73 %)  Time =     0.32 sec
reduceDB: Keeping   40702 out of   98002 clauses (41.53 %)  Time =     0.32 sec
reduceDB: Keeping   49634 out of   99004 clauses (50.13 %)  Time =     0.33 sec
reduceDB: Keeping   50120 out of  100000 clauses (50.12 %)  Time =     0.33 sec
reduceDB: Keeping   50640 out of  101002 clauses (50.14 %)  Time =     0.34 sec
reduceDB: Keeping   51121 out of  102000 clauses (50.12 %)  Time =     0.34 sec
reduceDB: Keeping   51636 out of  103000 clauses (50.13 %)  Time =     0.35 sec
reduceDB: Keeping   52147 out of  104000 clauses (50.14 %)  Time =     0.36 sec
reduceDB: Keeping   52652 out of  105000 clauses (50.14 %)  Time =     0.36 sec
reduceDB: Keeping   51359 out of  106000 clauses (48.45 %)  Time =     0.37 sec
reduceDB: Keeping   53471 out of  107001 clauses (49.97 %)  Time =     0.38 sec
reduceDB: Keeping   54118 out of  108001 clauses (50.11 %)  Time =     0.38 sec
reduceDB: Keeping   53805 out of  109000 clauses (49.36 %)  Time =     0.39 sec
reduceDB: Keeping   55206 out of  110003 clauses (50.19 %)  Time =     0.39 sec
reduceDB: Keeping   55931 out of  111001 clauses (50.39 %)  Time =     0.40 sec
reduceDB: Keeping   56253 out of  112000 clauses (50.23 %)  Time =     0.41 sec
reduceDB: Keeping   57001 out of  113001 clauses (50.44 %)  Time =     0.41 sec
reduceDB: Keeping   56996 out of  114000 clauses (50.00 %)  Time =     0.42 sec
reduceDB: Keeping   57618 out of  115000 clauses (50.10 %)  Time =     0.43 sec
reduceDB: Keeping   58176 out of  116000 clauses (50.15 %)  Time =     0.43 sec
reduceDB: Keeping   58502 out of  117000 clauses (50.00 %)  Time =     0.44 sec
reduceDB: Keeping   58898 out of  118000 clauses (49.91 %)  Time =     0.45 sec
reduceDB: Keeping   60563 out of  119000 clauses (50.89 %)  Time =     0.45 sec
reduceDB: Keeping   60204 out of  120004 clauses (50.17 %)  Time =     0.46 sec
reduceDB: Keeping   61351 out of  121002 clauses (50.70 %)  Time =     0.47 sec
reduceDB: Keeping   63935 out of  122001 clauses (52.41 %)  Time =     0.48 sec
reduceDB: Keeping   64301 out of  123001 clauses (52.28 %)  Time =     0.48 sec
reduceDB: Keeping   66964 out of  124000 clauses (54.00 %)  Time =     0.49 sec
reduceDB: Keeping   53082 out of  125002 clauses (42.46 %)  Time =     0.50 sec
reduceDB: Keeping   63165 out of  126000 clauses (50.13 %)  Time =     0.50 sec
starts        :             7095
conflicts     :          3980996
decisions     :          4573953
propagations  :       1221518462
Final SAT:        Nodes =   2027.  Time =   431.86 sec
Networks are equivalent.  Time =   446.14 sec
End Old Verify =   446.14 sec
