ABC command line: "&read _init.aig; &fdrw -g -G 2 -E 2 -P 70.0 -a -F _coef.log -C 100".

Level
....level is computed as FO
....use shortest path as dist = 0
....pick min of dist as level = 0
....Level is computed on pAbs = 1
Itp
....Itp is computed with incremental sat solver = 0
....Itp is computed on pAbs = 0
....G support contain merge frontier = 1
....G supprot contain not same merge frontier support = 2
....cost eval of the patch is 2
....coef of cost eval = 70.000000
Shrink
....keep special case 0 in Gsupport first
....shrink base on level of pAbs
FD Rewrite
....synthesis before replacement = 0
....synthesis after rewriting = 0
initial #Unsat: 231
start replace node finding
maxMffc = 329, max reduce = 44
dump 2568, new mffc = 326
dump 2756, new mffc = 323
nid = 2932, patch size = 57
nid = 2637, patch size = 7
nid = 2660, patch size = 8
nid = 2731, patch size = 11
nid = 2759, patch size = 44
nid = 2760, patch size = 52
nid = 2438, patch size = 56
nid = 2723, patch size = 21
nid = 2903, patch size = 13
nid = 2884, patch size = 55
nid = 2883, patch size = 41
nid = 2696, patch size = 29
nid = 2605, patch size = 35
nid = 2487, patch size = 68
nid = 2402, patch size = 32
nid = 2401, patch size = 30
nid = 2700, patch size = 17
nid = 2654, patch size = 35
nid = 2506, patch size = 41
nid = 2590, patch size = 28
nid = 3037, patch size = 47
nid = 2831, patch size = 44
nid = 2627, patch size = 44
nid = 2850, patch size = 48
nid = 2514, patch size = 59
nid = 2815, patch size = 70
nid = 2564, patch size = 56
start replacement
trim: 3213->2641
Trim time:  7.745502 sec
start conflict test
start final
newly find #UNSAT: 2
nid = 1386(1382)
conflict = 59
patch = 50
org status = -5
nid = 1479(1473)
conflict = 100
patch = 52
org status = -1
nSimWords = 0
