ABC command line: "&read _init.aig; &fdrw -g -G 2 -E 2 -P 70.0 -a -F _coef.log -C 100".

Level
....level is computed as FO
....use shortest path as dist = 0
....pick min of dist as level = 0
....Level is computed on pAbs = 1
Itp
....Itp is computed with incremental sat solver = 0
....Itp is computed on pAbs = 0
....G support contain merge frontier = 1
....G supprot contain not same merge frontier support = 2
....cost eval of the patch is 2
....coef of cost eval = 70.000000
Shrink
....keep special case 0 in Gsupport first
....shrink base on level of pAbs
FD Rewrite
....synthesis before replacement = 0
....synthesis after rewriting = 0
initial #Unsat: 530
start replace node finding
maxMffc = 229, max reduce = 33
dump 2033, new mffc = 227
nid = 2041, patch size = 3
nid = 1726, patch size = 15
nid = 1776, patch size = 24
nid = 1786, patch size = 12
nid = 1795, patch size = 32
nid = 1821, patch size = 54
nid = 1930, patch size = 22
nid = 1806, patch size = 23
nid = 1733, patch size = 55
nid = 1721, patch size = 39
nid = 1699, patch size = 9
nid = 1841, patch size = 65
nid = 1718, patch size = 17
nid = 1883, patch size = 27
nid = 2061, patch size = 37
nid = 1757, patch size = 34
nid = 1756, patch size = 35
nid = 1916, patch size = 29
nid = 1915, patch size = 31
nid = 2072, patch size = 47
nid = 1457, patch size = 68
nid = 2016, patch size = 61
start replacement
trim: 2894->2465
Trim time:  6.869081 sec
start conflict test
start final
newly find #UNSAT: 8
nid = 2349(2380)
conflict = 70
patch = 66
org status = -5
nid = 2543(2541)
conflict = 29
patch = 21
org status = -1
nid = 2551(2549)
conflict = 86
patch = 27
org status = -1
nid = 2552(2550)
conflict = 27
patch = 26
org status = -5
nid = 2598(2589)
conflict = 53
patch = 65
org status = -5
nid = 2601(2591)
conflict = 44
patch = 69
org status = -5
nid = 2606(2592)
conflict = 88
patch = 45
org status = -1
nid = 2651(2606)
conflict = 36
patch = 38
org status = -1
nSimWords = 0
    0 : { 2639 2652 2605 }
    1 : { 2383 2646 2636 }
    2 : { 2632 2641 2638 }
    3 : { 1135 1863 2627 }
    4 : { 850 1609 2627 }
    5 : { 2479 2646 2464 }
    6 : { 2475 2639 2460 }
    7 : { 381 2641 1248 }
    8 : { 1541 529 526 }
    9 : { 2123 2084 397 }
   10 : { 2122 2090 2100 }
   11 : { 1420 2084 397 }
   12 : { 369 1331 852 }
   13 : { 1239 1052 983 }
   14 : { 541 1335 1055 }
   15 : { 637 368 1154 }
