ABC command line: "&read _init.aig; &fdrw -g -G 2 -E 2 -P 70.0 -a -F _coef.log -C 100".

Level
....level is computed as FO
....use shortest path as dist = 0
....pick min of dist as level = 0
....Level is computed on pAbs = 1
Itp
....Itp is computed with incremental sat solver = 0
....Itp is computed on pAbs = 0
....G support contain merge frontier = 1
....G supprot contain not same merge frontier support = 2
....cost eval of the patch is 2
....coef of cost eval = 70.000000
Shrink
....keep special case 0 in Gsupport first
....shrink base on level of pAbs
FD Rewrite
....synthesis before replacement = 0
....synthesis after rewriting = 0
initial #Unsat: 523
start replace node finding
maxMffc = 401, max reduce = 51
dump 2381, new mffc = 400
dump 2387, new mffc = 399
dump 2393, new mffc = 398
dump 2429, new mffc = 397
dump 2545, new mffc = 396
dump 2637, new mffc = 395
dump 2642, new mffc = 394
dump 2753, new mffc = 393
dump 2917, new mffc = 392
dump 3014, new mffc = 391
dump 3101, new mffc = 390
dump 2620, new mffc = 388
dump 2621, new mffc = 386
dump 2421, new mffc = 384
dump 2422, new mffc = 383
dump 2386, new mffc = 381
dump 2794, new mffc = 379
dump 2448, new mffc = 377
dump 2992, new mffc = 375
dump 3125, new mffc = 373
dump 2635, new mffc = 369
dump 2397, new mffc = 365
dump 2467, new mffc = 361
nid = 2562, patch size = 15
nid = 2772, patch size = 34
nid = 2802, patch size = 9
nid = 3029, patch size = 60
nid = 2597, patch size = 70
nid = 3008, patch size = 69
nid = 2454, patch size = 63
nid = 2634, patch size = 39
nid = 2556, patch size = 34
nid = 2821, patch size = 52
nid = 2785, patch size = 8
nid = 2790, patch size = 14
nid = 2664, patch size = 11
nid = 3091, patch size = 15
nid = 2792, patch size = 18
nid = 2606, patch size = 65
nid = 2750, patch size = 53
nid = 2766, patch size = 15
nid = 3037, patch size = 47
nid = 2531, patch size = 53
nid = 3098, patch size = 30
nid = 2618, patch size = 69
nid = 2819, patch size = 26
nid = 3089, patch size = 22
nid = 2690, patch size = 43
nid = 2464, patch size = 41
nid = 2737, patch size = 12
nid = 2724, patch size = 24
nid = 2911, patch size = 43
nid = 2882, patch size = 68
nid = 2976, patch size = 31
start replacement
trim: 3483->2843
Trim time:  8.848948 sec
start conflict test
start final
newly find #UNSAT: 4
nid = 1161(1149)
conflict = 24
patch = 27
org status = -5
nid = 1530(1508)
conflict = 28
patch = 22
org status = -5
nid = 1551(1527)
conflict = 52
patch = 31
org status = -5
nid = 1641(1528)
conflict = 33
patch = 56
org status = -1
nSimWords = 0
    0 : { 1290 1281 1418 }
    1 : { 578 564 1281 }
    2 : { 1150 1218 1155 }
    3 : { 1147 1109 1152 }
    4 : { 1138 1025 366 }
    5 : { 387 370 1032 }
    6 : { 1028 1022 1146 }
    7 : { 833 1535 827 }
    8 : { 386 335 536 }
    9 : { 760 1232 747 }
   10 : { 363 368 366 }
   11 : { 338 340 341 }
   12 : { 358 361 360 }
   13 : { 325 332 335 }
   14 : { 397 380 347 }
   15 : { 534 887 513 }
   16 : { 526 536 512 }
   17 : { 527 518 513 }
   18 : { 436 426 422 }
   19 : { 443 422 426 }
   20 : { 328 517 330 }
   21 : { 333 359 335 }
