ABC command line: "&read _init.aig; &fdrw -g -G 2 -E 2 -P 70.0 -a -F _coef.log -C 100".

Level
....level is computed as FO
....use shortest path as dist = 0
....pick min of dist as level = 0
....Level is computed on pAbs = 1
Itp
....Itp is computed with incremental sat solver = 0
....Itp is computed on pAbs = 0
....G support contain merge frontier = 1
....G supprot contain not same merge frontier support = 2
....cost eval of the patch is 2
....coef of cost eval = 70.000000
Shrink
....keep special case 0 in Gsupport first
....shrink base on level of pAbs
FD Rewrite
....synthesis before replacement = 0
....synthesis after rewriting = 0
initial #Unsat: 371
start replace node finding
maxMffc = 160, max reduce = 43
dump 1618, new mffc = 159
dump 1063, new mffc = 157
dump 1240, new mffc = 155
dump 1503, new mffc = 153
dump 1519, new mffc = 151
dump 1528, new mffc = 149
dump 1614, new mffc = 147
dump 1617, new mffc = 144
dump 1620, new mffc = 142
nid = 1236, patch size = 42
nid = 1414, patch size = 44
nid = 1432, patch size = 11
nid = 2339, patch size = 54
nid = 1234, patch size = 12
nid = 1153, patch size = 14
nid = 1233, patch size = 13
nid = 1061, patch size = 11
nid = 1522, patch size = 19
nid = 1514, patch size = 13
nid = 1155, patch size = 34
nid = 1246, patch size = 36
nid = 1107, patch size = 58
nid = 1134, patch size = 58
nid = 1215, patch size = 64
start replacement
trim: 2997->2707
Trim time:  6.822238 sec
start conflict test
start final
newly find #UNSAT: 48
nid = 2474(2466)
conflict = 29
patch = 15
org status = -7
nid = 2586(2562)
conflict = 65
patch = 44
org status = -1
nid = 2627(2605)
conflict = 51
patch = 53
org status = -5
nid = 2660(2616)
conflict = 51
patch = 36
org status = -5
nid = 2665(2620)
conflict = 44
patch = 40
org status = -5
nid = 2706(2678)
conflict = 9
patch = 14
org status = -5
nid = 2707(2679)
conflict = 6
patch = 12
org status = -5
nid = 2708(2704)
conflict = 20
patch = 29
org status = -7
nid = 2715(2705)
conflict = 51
patch = 37
org status = -1
nid = 2716(2706)
conflict = 73
patch = 51
org status = -5
nid = 2717(2707)
conflict = 44
patch = 67
org status = -7
nid = 2743(2713)
conflict = 95
patch = 63
org status = -5
nid = 2746(2728)
conflict = 31
patch = 26
org status = -5
nid = 2753(2731)
conflict = 34
patch = 49
org status = -5
nid = 2768(2735)
conflict = 5
patch = 4
org status = -5
nid = 2769(2736)
conflict = 10
patch = 10
org status = -5
nid = 2770(2737)
conflict = 6
patch = 11
org status = -5
nid = 3048(2920)
conflict = 0
patch = 2
org status = -7
nid = 3051(2923)
conflict = 11
patch = 6
org status = -7
nid = 3052(2924)
conflict = 12
patch = 7
org status = -5
nid = 3064(2930)
conflict = 12
patch = 9
org status = -7
nid = 2823(3077)
conflict = 47
patch = 64
org status = -7
nid = 3041(3152)
conflict = 2
patch = 8
org status = -7
nid = 3043(3154)
conflict = 35
patch = 18
org status = -7
nid = 3044(3155)
conflict = 41
patch = 18
org status = -7
nid = 3057(3157)
conflict = 14
patch = 18
org status = -7
nid = 3058(3158)
conflict = 19
patch = 23
org status = -7
nid = 3059(3159)
conflict = 19
patch = 23
org status = -7
nid = 3060(3160)
conflict = 16
patch = 24
org status = -7
nid = 3061(3161)
conflict = 41
patch = 46
org status = -7
nid = 3062(3162)
conflict = 10
patch = 8
org status = -7
nid = 3065(3163)
conflict = 18
patch = 12
org status = -7
nid = 3071(3168)
conflict = 31
patch = 37
org status = -7
nid = 3072(3169)
conflict = 69
patch = 66
org status = -7
nid = 3076(3172)
conflict = 59
patch = 56
org status = -7
nid = 3089(3185)
conflict = 14
patch = 18
org status = -7
nid = 3092(3188)
conflict = 73
patch = 47
org status = -7
nid = 3093(3189)
conflict = 67
patch = 42
org status = -7
nid = 3094(3190)
conflict = 75
patch = 42
org status = -7
nid = 3128(3194)
conflict = 26
patch = 9
org status = -7
nid = 3129(3195)
conflict = 26
patch = 20
org status = -7
nid = 3130(3196)
conflict = 22
patch = 10
org status = -7
nid = 3131(3197)
conflict = 26
patch = 30
org status = -7
nid = 3135(3201)
conflict = 5
patch = 12
org status = -7
nid = 3136(3202)
conflict = 2
patch = 8
org status = -7
nid = 3137(3203)
conflict = 12
patch = 15
org status = -7
nid = 3138(3204)
conflict = 55
patch = 56
org status = -7
nid = 3140(3206)
conflict = 35
patch = 70
org status = -7
nSimWords = 0
    0 : { 1659 1669 1815 }
    1 : { 1636 1645 752 }
    2 : { 1646 1655 760 }
    3 : { 1538 1548 348 }
    4 : { 1539 1549 760 }
    5 : { 1395 1231 1508 }
    6 : { 364 515 396 }
    7 : { 863 1446 760 }
    8 : { 1392 1234 1208 }
    9 : { 1400 1214 1154 }
   10 : { 1264 1031 1146 }
   11 : { 1306 1061 1144 }
   12 : { 1022 363 1136 }
   13 : { 939 1440 773 }
   14 : { 1040 1441 1389 }
   15 : { 601 529 386 }
   16 : { 399 530 526 }
   17 : { 348 387 348 }
   18 : { 395 736 752 }
   19 : { 349 386 328 }
   20 : { 350 752 333 }
