ABC command line: "&read _init.aig; &fdrw -g -G 2 -E 2 -P 70.0 -a -F _coef.log -C 100".

Level
....level is computed as FO
....use shortest path as dist = 0
....pick min of dist as level = 0
....Level is computed on pAbs = 1
Itp
....Itp is computed with incremental sat solver = 0
....Itp is computed on pAbs = 0
....G support contain merge frontier = 1
....G supprot contain not same merge frontier support = 2
....cost eval of the patch is 2
....coef of cost eval = 70.000000
Shrink
....keep special case 0 in Gsupport first
....shrink base on level of pAbs
FD Rewrite
....synthesis before replacement = 0
....synthesis after rewriting = 0
initial #Unsat: 331
start replace node finding
maxMffc = 167, max reduce = 26
dump 1555, new mffc = 166
dump 1603, new mffc = 165
dump 1615, new mffc = 164
dump 1661, new mffc = 163
dump 1404, new mffc = 161
dump 1342, new mffc = 159
dump 1600, new mffc = 157
nid = 1636, patch size = 11
nid = 1654, patch size = 21
nid = 1491, patch size = 35
nid = 1470, patch size = 18
nid = 1564, patch size = 62
nid = 1573, patch size = 33
nid = 1575, patch size = 66
nid = 1441, patch size = 43
nid = 1596, patch size = 39
nid = 1549, patch size = 33
nid = 1598, patch size = 50
nid = 1550, patch size = 48
nid = 1490, patch size = 43
nid = 1366, patch size = 55
nid = 1380, patch size = 40
nid = 1450, patch size = 28
nid = 1451, patch size = 23
nid = 1506, patch size = 43
nid = 1518, patch size = 20
nid = 1382, patch size = 41
nid = 1519, patch size = 24
nid = 1408, patch size = 43
nid = 1648, patch size = 56
nid = 1398, patch size = 50
nid = 1399, patch size = 49
nid = 1431, patch size = 42
nid = 1432, patch size = 61
start replacement
trim: 2314->1652
Trim time:  7.817320 sec
start conflict test
start final
newly find #UNSAT: 36
nid = 1783(1624)
conflict = 16
patch = 21
org status = -7
nid = 1784(1626)
conflict = 23
patch = 66
org status = -7
nid = 1899(1684)
conflict = 9
patch = 14
org status = -7
nid = 1910(1690)
conflict = 59
patch = 63
org status = -5
nid = 1944(1709)
conflict = 14
patch = 13
org status = -5
nid = 1948(1714)
conflict = 24
patch = 32
org status = -5
nid = 1949(1721)
conflict = 91
patch = 65
org status = -5
nid = 1994(1744)
conflict = 55
patch = 44
org status = -1
nid = 2004(1746)
conflict = 20
patch = 23
org status = -5
nid = 2026(1751)
conflict = 40
patch = 30
org status = -5
nid = 2027(1752)
conflict = 37
patch = 28
org status = -5
nid = 2034(1753)
conflict = 32
patch = 33
org status = -5
nid = 2036(1754)
conflict = 12
patch = 8
org status = -5
nid = 2037(1755)
conflict = 17
patch = 17
org status = -5
nid = 2035(1766)
conflict = 62
patch = 68
org status = -1
nid = 2038(1767)
conflict = 92
patch = 68
org status = -7
nid = 2061(1773)
conflict = 53
patch = 63
org status = -5
nid = 2071(1779)
conflict = 19
patch = 35
org status = -1
nid = 2090(1794)
conflict = 49
patch = 56
org status = -5
nid = 2091(1795)
conflict = 34
patch = 26
org status = -5
nid = 2094(1796)
conflict = 53
patch = 61
org status = -1
nid = 2111(1809)
conflict = 46
patch = 45
org status = -1
nid = 2136(1823)
conflict = 50
patch = 28
org status = -5
nid = 2147(1838)
conflict = 30
patch = 36
org status = -5
nid = 2238(1908)
conflict = 43
patch = 49
org status = -5
nid = 1877(2302)
conflict = 41
patch = 33
org status = -5
nid = 1902(2322)
conflict = 38
patch = 40
org status = -1
nid = 1903(2323)
conflict = 26
patch = 28
org status = -7
nid = 1914(2324)
conflict = 41
patch = 54
org status = -1
nid = 1950(2335)
conflict = 48
patch = 35
org status = -7
nid = 1951(2336)
conflict = 44
patch = 69
org status = -7
nid = 1953(2337)
conflict = 80
patch = 54
org status = -5
nid = 2005(2359)
conflict = 33
patch = 23
org status = -5
nid = 2006(2360)
conflict = 35
patch = 35
org status = -5
nid = 2007(2361)
conflict = 40
patch = 41
org status = -7
nid = 2074(2378)
conflict = 91
patch = 53
org status = -7
nSimWords = 0
