ABC command line: "&read _init.aig; &fdrw -g -G 2 -E 2 -P 70.0 -a -F _coef.log -C 100".

Level
....level is computed as FO
....use shortest path as dist = 0
....pick min of dist as level = 0
....Level is computed on pAbs = 1
Itp
....Itp is computed with incremental sat solver = 0
....Itp is computed on pAbs = 0
....G support contain merge frontier = 1
....G supprot contain not same merge frontier support = 2
....cost eval of the patch is 2
....coef of cost eval = 70.000000
Shrink
....keep special case 0 in Gsupport first
....shrink base on level of pAbs
FD Rewrite
....synthesis before replacement = 0
....synthesis after rewriting = 0
initial #Unsat: 421
start replace node finding
maxMffc = 114, max reduce = 28
dump 1439, new mffc = 113
dump 1457, new mffc = 112
dump 1523, new mffc = 111
dump 1753, new mffc = 110
dump 1994, new mffc = 108
nid = 1522, patch size = 18
nid = 1456, patch size = 64
nid = 1468, patch size = 32
nid = 1846, patch size = 47
nid = 1847, patch size = 32
nid = 1841, patch size = 25
nid = 1766, patch size = 17
nid = 1767, patch size = 36
nid = 1978, patch size = 6
nid = 1815, patch size = 53
nid = 1806, patch size = 35
start replacement
trim: 2692->2394
Trim time:  8.793443 sec
start conflict test
start final
newly find #UNSAT: 18
nid = 2039(1946)
conflict = 39
patch = 31
org status = -5
nid = 2041(1948)
conflict = 59
patch = 50
org status = -5
nid = 2053(1956)
conflict = 34
patch = 53
org status = -7
nid = 2102(2011)
conflict = 78
patch = 54
org status = -5
nid = 2203(2112)
conflict = 20
patch = 59
org status = -7
nid = 2208(2123)
conflict = 13
patch = 17
org status = -5
nid = 2216(2133)
conflict = 23
patch = 43
org status = -5
nid = 2233(2150)
conflict = 43
patch = 59
org status = -1
nid = 2257(2177)
conflict = 42
patch = 50
org status = -1
nid = 2310(2228)
conflict = 35
patch = 33
org status = -5
nid = 2393(2276)
conflict = 74
patch = 67
org status = -1
nid = 2408(2291)
conflict = 23
patch = 21
org status = -5
nid = 2434(2332)
conflict = 26
patch = 35
org status = -5
nid = 2435(2333)
conflict = 36
patch = 43
org status = -1
nid = 2436(2334)
conflict = 35
patch = 68
org status = -5
nid = 2511(2420)
conflict = 14
patch = 18
org status = -1
nid = 2678(2526)
conflict = 37
patch = 37
org status = -5
nid = 2741(2596)
conflict = 42
patch = 70
org status = -5
nSimWords = 0
