ABC command line: "&read _init.aig; &fdrw -g -G 2 -E 2 -P 70.0 -a -F _coef.log -C 100".

Level
....level is computed as FO
....use shortest path as dist = 0
....pick min of dist as level = 0
....Level is computed on pAbs = 1
Itp
....Itp is computed with incremental sat solver = 0
....Itp is computed on pAbs = 0
....G support contain merge frontier = 1
....G supprot contain not same merge frontier support = 2
....cost eval of the patch is 2
....coef of cost eval = 70.000000
Shrink
....keep special case 0 in Gsupport first
....shrink base on level of pAbs
FD Rewrite
....synthesis before replacement = 0
....synthesis after rewriting = 0
initial #Unsat: 383
start replace node finding
maxMffc = 421, max reduce = 49
dump 2379, new mffc = 420
dump 2481, new mffc = 419
dump 2482, new mffc = 418
dump 2513, new mffc = 417
dump 2626, new mffc = 416
dump 2793, new mffc = 415
dump 2945, new mffc = 414
dump 2963, new mffc = 413
dump 2970, new mffc = 412
dump 3045, new mffc = 411
dump 2628, new mffc = 409
dump 2687, new mffc = 407
dump 2383, new mffc = 403
nid = 2476, patch size = 56
nid = 2575, patch size = 11
nid = 2830, patch size = 42
nid = 2452, patch size = 36
nid = 2680, patch size = 20
nid = 2671, patch size = 7
nid = 2682, patch size = 33
nid = 2692, patch size = 10
nid = 2542, patch size = 14
nid = 2764, patch size = 30
nid = 2533, patch size = 40
nid = 2758, patch size = 15
nid = 2662, patch size = 26
nid = 2712, patch size = 51
nid = 3079, patch size = 43
nid = 2930, patch size = 68
nid = 2649, patch size = 18
nid = 2714, patch size = 70
nid = 3089, patch size = 41
nid = 2620, patch size = 29
nid = 2732, patch size = 22
nid = 2570, patch size = 44
nid = 2839, patch size = 20
nid = 2749, patch size = 62
nid = 2816, patch size = 40
nid = 2447, patch size = 66
nid = 3043, patch size = 59
nid = 2602, patch size = 49
nid = 2899, patch size = 51
nid = 2811, patch size = 50
nid = 2881, patch size = 64
start replacement
trim: 3459->2781
Trim time: 10.535651 sec
start conflict test
start final
newly find #UNSAT: 8
nid = 1319(1310)
conflict = 11
patch = 13
org status = -7
nid = 1326(1317)
conflict = 11
patch = 37
org status = -7
nid = 1358(1347)
conflict = 2
patch = 10
org status = -7
nid = 1360(1349)
conflict = 52
patch = 2
org status = -7
nid = 1376(1364)
conflict = 7
patch = 8
org status = -1
nid = 1404(1393)
conflict = 97
patch = 38
org status = -7
nid = 1486(1471)
conflict = 12
patch = 16
org status = -1
nid = 1515(1497)
conflict = 56
patch = 54
org status = -7
nSimWords = 0
    0 : { 907 939 2882 }
    1 : { 1518 1528 1570 }
    2 : { 801 842 1526 }
    3 : { 1273 1065 381 }
    4 : { 1517 1527 430 }
    5 : { 2677 2703 2753 }
    6 : { 2721 2815 2747 }
    7 : { 682 746 734 }
    8 : { 692 758 1121 }
    9 : { 2480 2520 2523 }
   10 : { 2432 2473 2466 }
   11 : { 2417 2414 2447 }
   12 : { 2379 2391 2449 }
   13 : { 2310 3014 2321 }
   14 : { 1372 1378 1636 }
   15 : { 1626 1634 1646 }
   16 : { 1600 1613 1609 }
   17 : { 491 364 1538 }
   18 : { 1558 2081 1539 }
   19 : { 1474 1404 1481 }
   20 : { 1475 1609 1482 }
   21 : { 1498 1392 1508 }
   22 : { 1390 1396 1495 }
   23 : { 1401 1409 1410 }
   24 : { 1033 1113 1306 }
   25 : { 1187 1264 1307 }
   26 : { 1230 1306 1113 }
   27 : { 1034 1151 938 }
   28 : { 781 343 761 }
   29 : { 1030 1078 1110 }
   30 : { 965 336 1010 }
   31 : { 903 1114 938 }
   32 : { 751 422 419 }
   33 : { 752 419 422 }
   34 : { 538 416 616 }
   35 : { 599 679 652 }
   36 : { 571 652 679 }
   37 : { 577 658 681 }
   38 : { 508 357 399 }
   39 : { 513 618 601 }
   40 : { 509 1628 381 }
   41 : { 422 525 532 }
   42 : { 397 317 507 }
   43 : { 291 412 400 }
   44 : { 385 413 416 }
   45 : { 310 349 333 }
   46 : { 313 348 449 }
