ABC command line: "&read _init.aig; &fdrw -G 2 -a -F _coef.log -C 20000".

Level
....level is computed as FO
....use shortest path as dist = 0
....pick min of dist as level = 0
....Level is computed on pAbs = 1
Itp
....Itp is computed with incremental sat solver = 0
....Itp is computed on pAbs = 0
....G support contain merge frontier = 0
....G supprot contain not same merge frontier support = 2
....cost eval of the patch is 0
....coef of cost eval = 0.000000
Shrink
....keep special case 0 in Gsupport first
....shrink base on level of pAbs
FD Rewrite
....synthesis before replacement = 0
....synthesis after rewriting = 0
nid 1405 conflict required 242
nid 1405(242) with shrink lv_lim 3 have found patch sized 12733
G support: { 494 498 499 500 524 525 551 557 558 580 581 583 590 638 639 641 642 655 656 657 663 664 670 693 694 695 698 699 700 701 708 732 733 739 740 741 742 748 771 772 773 774 777 778 779 783 784 785 786 810 811 812 815 816 817 818 819 820 822 838 844 846 847 848 849 850 858 859 860 861 864 865 866 873 874 880 881 882 884 885 894 895 901 902 904 912 915 917 918 926 927 930 931 932 936 943 944 950 951 952 954 959 1003 1004 1024 }
TFI size: 58
nid 1406 conflict required 243
nid 1406(243) with shrink lv_lim 3 have found patch sized 11076
G support: { 494 498 557 580 581 583 590 591 594 601 638 639 640 641 642 655 656 657 661 662 663 664 670 671 676 693 694 695 698 699 700 701 706 708 732 733 739 740 741 742 748 771 772 773 774 777 778 779 783 784 785 786 802 804 810 811 812 815 816 817 818 819 820 822 844 846 847 848 849 850 858 859 860 864 865 866 873 874 880 881 882 884 885 892 894 895 901 902 904 912 915 917 918 926 927 930 931 932 936 943 944 950 951 952 954 959 1003 1004 }
TFI size: 58
nid 1459 conflict required 288
nid 1459(288) with shrink lv_lim 3 have found patch sized 4630
G support: { 494 580 581 583 590 638 639 640 642 655 656 661 663 664 670 671 693 694 695 698 699 700 708 732 733 739 740 742 748 771 772 773 777 778 779 783 784 810 811 812 815 816 817 818 819 820 822 844 846 847 848 849 850 858 860 864 865 866 873 874 880 881 882 884 894 895 901 902 904 910 912 915 917 918 926 927 930 931 932 936 943 944 950 951 952 954 959 1003 }
TFI size: 94
nid 1460 conflict required 289
nid 1460(289) with shrink lv_lim 3 have found patch sized 6803
G support: { 494 499 500 510 525 551 580 581 583 590 591 594 638 639 641 642 655 656 661 663 670 676 693 694 695 698 699 700 706 708 732 733 739 740 742 748 771 772 773 777 778 779 783 784 785 810 811 812 815 816 817 818 819 820 822 844 846 847 848 849 850 858 860 864 865 866 873 874 880 881 882 884 885 894 901 902 904 912 915 917 918 926 927 930 931 932 936 943 944 950 951 952 954 959 1003 1005 }
TFI size: 94
nid 1520 conflict required 344
nid 1520(344) is SAT/UNSOLVED
TFI size: 88
nid 1576 conflict required 392
nid 1576(392) is SAT/UNSOLVED
TFI size: 83
nid 1578 conflict required 394
nid 1578(394) is SAT/UNSOLVED
TFI size: 88
nid 1615 conflict required 425
nid 1615(425) with shrink lv_lim 3 have found patch sized 114
G support: { 732 733 777 783 784 810 811 812 844 846 847 864 865 866 880 881 901 902 904 912 915 917 926 927 930 931 932 936 943 944 950 951 952 954 959 }
TFI size: 78
nid 1617 conflict required 427
nid 1617(427) is SAT/UNSOLVED
TFI size: 83
nid 1637 conflict required 434
nid 1637(434) with shrink lv_lim 3 have found patch sized 612
G support: { 590 642 655 656 664 693 694 695 698 699 708 739 740 741 742 748 771 772 773 777 783 784 810 811 812 815 818 819 820 822 844 846 847 849 850 864 865 866 873 874 880 881 882 884 894 901 902 904 912 915 917 926 927 930 932 936 943 944 950 951 952 954 956 959 960 1004 }
TFI size: 78
nid 1402 conflict required 239
nid 1402(239) with shrink lv_lim 3 have found patch sized 8861
G support: { 494 498 499 500 510 524 525 551 557 573 580 583 590 591 594 601 638 639 640 641 642 655 656 657 661 663 670 671 676 693 694 695 698 699 700 701 708 709 732 733 739 740 741 742 748 764 771 772 773 777 778 779 783 784 785 810 811 812 815 816 817 818 819 820 822 844 846 847 848 849 850 858 859 860 861 864 865 866 873 874 880 881 882 884 885 894 895 901 902 904 912 915 917 918 926 927 930 931 932 936 943 944 950 951 952 954 959 1003 1004 }
TFI size: 55
nid 1456 conflict required 285
nid 1456(285) with shrink lv_lim 3 have found patch sized 3776
G support: { 494 510 524 526 527 530 534 551 557 580 581 590 601 638 639 641 655 656 663 670 693 694 695 698 699 700 708 732 733 739 740 742 748 771 772 773 777 783 784 785 810 811 812 815 816 817 818 819 820 822 844 846 847 848 849 850 858 859 860 864 865 866 873 874 880 881 882 884 885 894 895 901 902 904 912 915 917 926 927 930 931 932 936 943 944 950 951 952 954 959 1003 1004 }
TFI size: 75
nid 1458 conflict required 287
nid 1458(287) with shrink lv_lim 3 have found patch sized 11999
G support: { 494 498 499 500 524 526 530 534 551 557 580 581 589 590 594 601 638 639 640 641 642 655 656 657 661 662 663 664 670 693 694 695 698 699 700 706 707 708 732 733 739 740 741 742 748 764 771 772 773 777 778 779 783 784 785 786 810 811 812 815 816 817 818 819 820 822 823 844 846 847 848 849 850 858 859 860 861 864 865 866 873 874 880 881 882 884 885 894 901 902 904 912 915 917 918 926 927 930 931 932 936 943 944 950 951 952 954 959 1003 1004 }
TFI size: 56
nid 1513 conflict required 339
nid 1513(339) is SAT/UNSOLVED
TFI size: 83
nid 1523 conflict required 347
nid 1523(347) with shrink lv_lim 3 have found patch sized 5369
G support: { 498 499 500 524 533 534 535 551 557 558 580 581 583 590 591 594 638 639 641 655 656 663 670 676 693 694 695 698 699 700 706 708 709 732 733 739 740 741 742 745 748 771 772 773 777 778 783 784 785 810 811 812 815 816 817 818 819 820 822 844 846 847 848 849 850 858 859 860 864 865 866 873 874 880 881 882 884 894 901 902 904 912 915 917 918 926 927 930 931 932 936 943 944 950 951 952 954 959 1003 1004 1024 }
TFI size: 76
nid 1571 conflict required 387
nid 1571(387) is SAT/UNSOLVED
TFI size: 78
nid 1614 conflict required 424
nid 1614(424) with shrink lv_lim 3 have found patch sized 1013
G support: { 662 694 695 698 706 732 733 739 740 771 772 773 777 783 784 810 811 812 815 818 819 820 822 844 846 847 849 850 864 865 866 873 880 881 882 884 901 902 904 912 915 917 926 927 930 931 932 936 943 944 950 951 952 954 956 959 960 }
TFI size: 77
nid 1401 conflict required 238
nid 1401(238) with shrink lv_lim 3 have found patch sized 7380
G support: { 494 498 524 525 559 580 581 583 589 590 594 601 638 639 640 642 655 656 657 661 663 664 670 693 694 695 698 699 700 706 708 732 733 739 740 741 742 748 771 772 773 774 777 778 779 783 784 785 786 810 811 812 815 816 817 818 819 820 822 844 846 847 848 849 850 858 859 860 861 864 865 866 873 874 880 881 882 884 885 894 895 901 902 904 912 915 917 918 926 927 930 931 932 936 943 944 950 951 952 954 959 1003 1004 }
TFI size: 54
nid 1455 conflict required 284
nid 1455(284) with shrink lv_lim 3 have found patch sized 3224
G support: { 526 527 530 534 551 557 580 581 583 591 638 639 655 656 663 664 670 676 693 694 695 698 699 700 708 732 733 739 740 742 748 771 772 773 777 778 779 783 784 802 804 810 811 812 815 817 818 819 820 822 844 846 847 848 849 850 858 860 864 865 866 873 874 880 881 882 884 885 894 895 901 902 904 912 915 917 918 926 927 930 931 932 936 943 944 950 951 952 954 959 1003 1004 1024 }
TFI size: 74
nid 1457 conflict required 286
nid 1457(286) with shrink lv_lim 3 have found patch sized 6206
G support: { 494 498 499 500 525 533 534 535 551 580 581 583 590 594 601 638 639 640 641 642 655 656 657 661 662 663 670 693 694 695 698 699 700 706 708 732 733 739 740 741 742 748 749 771 772 773 777 778 779 783 784 785 786 810 811 812 815 816 817 818 819 820 822 823 844 846 847 848 849 850 858 859 860 861 864 865 866 873 874 880 881 882 884 885 894 895 901 902 904 912 915 917 918 926 927 930 931 932 936 943 944 950 951 952 954 959 1003 1004 }
TFI size: 54
nid 1511 conflict required 337
nid 1511(337) is SAT/UNSOLVED
TFI size: 81
nid 1512 conflict required 338
nid 1512(338) is SAT/UNSOLVED
TFI size: 81
nid 1522 conflict required 346
nid 1522(346) with shrink lv_lim 3 have found patch sized 3050
G support: { 499 500 524 533 534 535 551 581 583 590 591 594 638 639 655 656 663 670 671 676 693 694 695 698 699 700 708 732 733 739 740 742 748 771 772 773 777 778 779 783 784 810 811 812 815 818 819 820 822 844 846 847 848 849 850 858 864 865 866 873 874 880 881 882 884 885 894 901 902 904 912 915 917 918 926 927 930 931 932 936 943 944 950 951 952 954 959 1003 1004 }
TFI size: 74
nid 1569 conflict required 385
nid 1569(385) is SAT/UNSOLVED
TFI size: 76
nid 1570 conflict required 386
nid 1570(386) is SAT/UNSOLVED
TFI size: 76
nid 1612 conflict required 422
nid 1612(422) with shrink lv_lim 3 have found patch sized 338
G support: { 639 656 694 695 698 739 740 742 773 777 783 784 810 811 812 815 816 819 844 846 847 848 849 850 864 865 866 874 880 881 882 884 901 902 904 912 915 917 926 927 930 931 932 936 943 944 950 951 952 954 959 960 }
TFI size: 75
nid 1613 conflict required 423
nid 1613(423) with shrink lv_lim 3 have found patch sized 327
G support: { 583 642 655 663 670 693 694 695 698 708 732 739 740 742 771 772 773 777 783 784 810 811 812 815 818 819 820 822 844 846 847 849 850 864 865 866 874 880 881 882 884 901 902 904 912 915 917 926 927 930 931 932 936 943 944 950 951 952 954 956 959 }
TFI size: 75
nid 1649 conflict required 446
nid 1649(446) is SAT/UNSOLVED
TFI size: 50
nid 1653 conflict required 450
nid 1653(450) is SAT/UNSOLVED
TFI size: 50
nid 1387 conflict required 225
nid 1387(225) with shrink lv_lim 3 have found patch sized 12157
G support: { 494 498 499 500 524 526 530 534 551 557 580 581 583 590 591 601 638 639 640 641 655 656 657 661 663 664 670 693 694 695 698 699 700 708 732 733 739 740 741 742 745 748 771 772 773 774 777 778 779 783 784 785 786 810 811 812 815 816 817 818 819 820 822 844 846 847 848 849 850 858 859 860 861 864 865 866 873 874 880 881 882 884 894 901 902 904 912 915 917 918 926 927 930 931 932 936 943 944 950 951 952 954 959 1003 1004 }
TFI size: 41
nid 1400 conflict required 237
nid 1400(237) with shrink lv_lim 3 have found patch sized 4139
G support: { 494 557 559 580 581 583 590 601 638 639 641 642 655 656 661 663 670 693 694 695 698 699 700 708 732 733 739 740 741 742 748 749 771 772 773 774 777 778 779 783 784 785 810 811 812 815 816 817 818 819 820 822 844 846 847 848 849 850 858 860 864 865 866 873 880 881 882 884 885 894 901 902 904 912 915 917 918 926 927 930 931 932 936 943 944 950 951 952 954 959 1003 1004 1024 }
TFI size: 28
nid 1408 conflict required 245
nid 1408(245) with shrink lv_lim 3 have found patch sized 1700
G support: { 494 499 500 551 580 590 601 638 639 641 655 656 661 663 670 693 694 695 698 699 700 708 732 733 739 740 741 742 748 771 773 777 778 779 783 784 785 810 811 812 815 816 817 818 819 820 822 844 846 847 849 850 858 860 864 865 866 873 874 880 881 882 884 894 901 902 904 912 915 917 926 927 930 931 932 936 943 944 950 951 952 954 959 1003 }
TFI size: 27
nid 1454 conflict required 283
nid 1454(283) with shrink lv_lim 3 have found patch sized 5073
G support: { 494 499 500 524 526 530 534 551 552 557 558 580 581 583 591 594 638 639 641 642 655 656 663 664 670 671 676 693 694 695 698 699 700 708 732 733 739 740 742 745 748 771 772 773 777 778 783 784 785 802 804 810 811 812 815 818 819 820 822 844 846 847 848 849 850 858 859 860 864 865 866 873 880 881 882 884 894 895 901 902 904 912 915 917 918 926 927 930 931 932 936 943 944 950 951 952 954 959 1003 1004 1024 }
TFI size: 64
nid 1508 conflict required 334
nid 1508(334) is SAT/UNSOLVED
TFI size: 46
nid 1566 conflict required 382
nid 1566(382) with shrink lv_lim 3 have found patch sized 975
G support: { 583 642 656 670 694 695 698 699 700 732 739 740 742 748 771 772 773 777 783 784 810 811 812 815 818 819 820 822 844 846 847 849 864 865 866 873 880 881 882 901 902 904 912 915 917 926 927 930 931 932 936 937 943 944 950 951 952 954 959 }
TFI size: 50
nid 1568 conflict required 384
nid 1568(384) is SAT/UNSOLVED
TFI size: 47
nid 1609 conflict required 419
nid 1609(419) with shrink lv_lim 3 have found patch sized 531
G support: { 581 639 642 655 663 693 694 695 698 739 740 742 748 771 772 773 777 783 784 810 811 812 815 818 819 820 822 844 846 847 848 849 850 864 865 866 880 881 882 884 901 902 904 912 915 917 926 927 930 932 936 943 944 950 951 952 954 956 959 }
TFI size: 39
nid 1611 conflict required 421
nid 1611(421) with shrink lv_lim 3 have found patch sized 689
G support: { 581 590 639 642 655 663 670 693 694 695 698 706 733 739 740 742 771 772 773 777 778 779 783 784 810 811 812 815 816 818 819 820 822 844 846 847 849 850 860 864 865 866 880 881 882 884 901 902 904 912 915 917 926 927 930 931 932 936 943 944 950 951 952 954 959 960 }
TFI size: 51
nid 1640 conflict required 437
nid 1640(437) with shrink lv_lim 3 have found patch sized 454
G support: { 656 663 670 694 695 698 732 733 739 740 742 771 772 773 777 783 784 810 811 812 815 818 819 822 844 846 847 849 850 865 866 880 881 882 901 902 904 912 915 917 926 927 930 931 932 936 943 944 950 951 952 954 959 }
TFI size: 40
nid 1385 conflict required 223
nid 1385(223) with shrink lv_lim 3 have found patch sized 5801
G support: { 494 498 499 500 524 551 580 590 591 594 638 639 640 655 656 657 661 663 664 670 673 676 693 694 695 698 699 700 706 708 732 733 739 740 742 748 771 772 773 777 778 779 783 784 785 786 810 811 812 815 816 817 818 819 820 822 844 846 847 848 849 850 858 859 860 861 864 865 866 873 874 880 881 882 884 885 894 895 901 902 904 912 915 917 918 926 927 930 931 932 936 943 944 950 951 952 954 959 1003 1004 }
TFI size: 39
nid 1386 conflict required 224
nid 1386(224) with shrink lv_lim 3 have found patch sized 7352
G support: { 494 499 500 510 524 533 534 535 551 557 558 580 581 583 590 601 638 639 640 641 642 655 656 657 661 663 670 693 694 695 698 699 700 706 708 732 733 739 740 742 748 771 772 773 777 778 779 783 784 785 810 811 812 815 816 817 818 819 820 822 823 844 846 847 848 849 850 858 860 861 864 865 866 873 880 881 882 884 885 894 901 902 904 905 912 915 917 918 926 927 930 931 932 936 943 944 950 951 952 954 959 1003 1004 1024 }
TFI size: 39
nid 1398 conflict required 235
nid 1398(235) with shrink lv_lim 3 have found patch sized 251
G support: { 494 580 601 638 641 655 656 663 670 693 694 695 698 732 733 739 740 773 777 778 779 783 784 785 810 811 812 815 816 817 818 819 822 844 846 847 858 860 864 865 866 873 874 880 881 882 884 901 902 904 912 915 926 950 951 952 1003 }
TFI size: 26
nid 1399 conflict required 236
nid 1399(236) with shrink lv_lim 3 have found patch sized 3962
G support: { 499 500 551 557 558 559 580 581 583 590 601 603 604 605 638 639 641 655 656 661 663 670 693 694 695 698 699 700 708 732 733 739 740 741 742 748 771 772 773 777 778 779 783 784 785 810 811 812 815 816 817 818 819 820 822 844 846 847 848 849 850 858 859 860 864 865 866 873 874 880 881 882 884 885 894 901 902 904 912 915 917 918 926 927 930 931 932 936 943 944 950 951 952 954 959 1003 1024 }
TFI size: 26
nid 1446 conflict required 275
nid 1446(275) with shrink lv_lim 3 have found patch sized 2564
G support: { 494 524 580 583 638 639 641 655 656 664 670 693 694 695 698 699 700 708 732 733 739 740 742 748 749 771 772 773 777 783 784 810 811 812 815 818 819 820 822 844 846 847 848 849 850 858 864 865 866 873 874 880 881 882 884 885 894 895 901 902 904 912 915 917 918 926 927 930 931 932 936 943 944 950 951 952 954 959 1003 1004 }
TFI size: 62
nid 1453 conflict required 282
nid 1453(282) with shrink lv_lim 3 have found patch sized 3517
G support: { 494 524 533 534 535 551 580 581 583 590 594 638 639 641 642 655 656 663 664 670 693 694 695 698 699 700 706 708 732 733 739 740 741 742 745 748 771 772 773 777 779 783 784 785 810 811 812 815 816 818 819 820 822 844 846 847 848 849 850 858 860 864 865 866 873 874 880 881 882 883 884 885 887 888 889 894 901 902 904 912 915 917 918 926 927 930 931 932 936 943 944 950 951 952 954 959 1003 1004 }
TFI size: 62
nid 1507 conflict required 333
nid 1507(333) is SAT/UNSOLVED
TFI size: 45
nid 1565 conflict required 381
nid 1565(381) with shrink lv_lim 3 have found patch sized 682
G support: { 663 670 693 694 695 698 739 740 742 771 772 773 777 783 784 810 811 812 815 818 819 822 844 846 847 848 849 850 858 864 865 866 880 881 882 884 901 902 904 912 915 917 918 926 927 930 931 932 936 943 944 950 951 952 954 959 960 }
TFI size: 49
nid 1567 conflict required 383
nid 1567(383) is SAT/UNSOLVED
TFI size: 45
nid 1608 conflict required 418
nid 1608(418) with shrink lv_lim 3 have found patch sized 422
G support: { 494 580 590 639 641 642 655 656 663 693 694 695 698 708 732 739 740 742 771 772 773 777 783 784 810 811 812 815 816 818 819 820 822 844 846 847 849 850 860 864 865 866 880 881 882 884 901 902 904 912 915 917 918 926 927 930 931 932 936 943 944 950 951 952 954 956 959 960 }
TFI size: 38
nid 1610 conflict required 420
nid 1610(420) with shrink lv_lim 3 have found patch sized 666
G support: { 494 580 583 590 601 639 640 641 642 661 662 670 693 694 695 698 699 706 739 740 742 748 773 777 783 784 810 811 812 815 816 818 819 820 822 844 846 847 849 850 860 864 865 866 873 880 881 882 884 901 902 904 912 915 917 926 927 930 931 932 936 943 944 950 951 952 954 959 960 1004 }
TFI size: 49
nid 1639 conflict required 436
nid 1639(436) with shrink lv_lim 3 have found patch sized 416
G support: { 494 527 583 590 642 655 656 663 670 693 694 695 698 699 708 739 740 742 748 771 772 773 777 779 783 784 810 811 812 815 816 818 819 820 822 844 846 847 849 850 860 864 865 880 881 882 884 901 902 904 912 915 917 926 927 930 931 932 936 943 944 950 951 952 954 956 959 960 1004 }
TFI size: 38
nid: 1615(425), size: 114, TFI size:78
nid: 1398(235), size: 251, TFI size:26
nid: 1613(423), size: 327, TFI size:75
nid: 1612(422), size: 338, TFI size:75
nid: 1639(436), size: 416, TFI size:38
nid: 1608(418), size: 422, TFI size:38
nid: 1640(437), size: 454, TFI size:40
nid: 1609(419), size: 531, TFI size:39
nid: 1637(434), size: 612, TFI size:78
nid: 1610(420), size: 666, TFI size:49
nid: 1565(381), size: 682, TFI size:49
nid: 1611(421), size: 689, TFI size:51
nid: 1566(382), size: 975, TFI size:50
nid: 1614(424), size: 1013, TFI size:77
nid: 1408(245), size: 1700, TFI size:27
nid: 1446(275), size: 2564, TFI size:62
nid: 1522(346), size: 3050, TFI size:74
nid: 1455(284), size: 3224, TFI size:74
nid: 1453(282), size: 3517, TFI size:62
nid: 1456(285), size: 3776, TFI size:75
nid: 1399(236), size: 3962, TFI size:26
nid: 1400(237), size: 4139, TFI size:28
nid: 1459(288), size: 4630, TFI size:94
nid: 1454(283), size: 5073, TFI size:64
nid: 1523(347), size: 5369, TFI size:76
nid: 1385(223), size: 5801, TFI size:39
nid: 1457(286), size: 6206, TFI size:54
nid: 1460(289), size: 6803, TFI size:94
nid: 1386(224), size: 7352, TFI size:39
nid: 1401(238), size: 7380, TFI size:54
nid: 1402(239), size: 8861, TFI size:55
nid: 1406(243), size: 11076, TFI size:58
nid: 1458(287), size: 11999, TFI size:56
nid: 1387(225), size: 12157, TFI size:41
nid: 1405(242), size: 12733, TFI size:58
mapped node info:
