ABC command line: "&read _init.aig; &fdrw -g -G 2 -E 2 -P 70.0 -a -F _coef.log -C 100".

Level
....level is computed as FO
....use shortest path as dist = 0
....pick min of dist as level = 0
....Level is computed on pAbs = 1
Itp
....Itp is computed with incremental sat solver = 0
....Itp is computed on pAbs = 0
....G support contain merge frontier = 1
....G supprot contain not same merge frontier support = 2
....cost eval of the patch is 2
....coef of cost eval = 70.000000
Shrink
....keep special case 0 in Gsupport first
....shrink base on level of pAbs
FD Rewrite
....synthesis before replacement = 0
....synthesis after rewriting = 0
initial #Unsat: 553
start replace node finding
maxMffc = 276, max reduce = 32
dump 1350, new mffc = 275
dump 1555, new mffc = 274
dump 1994, new mffc = 273
dump 2004, new mffc = 272
dump 1399, new mffc = 270
dump 1554, new mffc = 268
dump 1986, new mffc = 266
dump 1367, new mffc = 264
dump 2111, new mffc = 262
dump 2124, new mffc = 260
dump 2133, new mffc = 258
dump 2107, new mffc = 254
nid = 1969, patch size = 12
nid = 1374, patch size = 31
nid = 1883, patch size = 16
nid = 1391, patch size = 7
nid = 2002, patch size = 11
nid = 1395, patch size = 62
nid = 1976, patch size = 42
nid = 1589, patch size = 16
nid = 1689, patch size = 24
nid = 1362, patch size = 18
nid = 1953, patch size = 19
nid = 1724, patch size = 23
nid = 1544, patch size = 34
nid = 1827, patch size = 52
nid = 2055, patch size = 28
nid = 2089, patch size = 48
nid = 1910, patch size = 50
nid = 1666, patch size = 40
nid = 1535, patch size = 49
nid = 1505, patch size = 65
nid = 1825, patch size = 53
start replacement
trim: 2767->2473
Trim time:  9.023758 sec
start conflict test
start final
newly find #UNSAT: 18
nid = 2179(2236)
conflict = 41
patch = 64
org status = -5
nid = 2189(2246)
conflict = 43
patch = 27
org status = -5
nid = 2190(2247)
conflict = 53
patch = 25
org status = -1
nid = 2338(2377)
conflict = 73
patch = 69
org status = -1
nid = 2415(2445)
conflict = 30
patch = 50
org status = -5
nid = 2416(2446)
conflict = 68
patch = 64
org status = -5
nid = 2480(2490)
conflict = 36
patch = 53
org status = -5
nid = 2520(2525)
conflict = 65
patch = 61
org status = -5
nid = 2541(2538)
conflict = 67
patch = 63
org status = -5
nid = 2584(2583)
conflict = 79
patch = 61
org status = -5
nid = 2611(2591)
conflict = 16
patch = 15
org status = -1
nid = 2612(2606)
conflict = 50
patch = 69
org status = -1
nid = 2620(2613)
conflict = 38
patch = 47
org status = -1
nid = 2663(2616)
conflict = 10
patch = 28
org status = -7
nid = 2677(2625)
conflict = 3
patch = 8
org status = -5
nid = 2767(2705)
conflict = 93
patch = 53
org status = -7
nid = 2799(2724)
conflict = 16
patch = 35
org status = -5
nid = 2623(2890)
conflict = 63
patch = 47
org status = -5
nSimWords = 0
