ABC command line: "&read _init.aig; &fdrw -g -G 2 -E 2 -P 70.0 -a -F _coef.log -C 100".

Level
....level is computed as FO
....use shortest path as dist = 0
....pick min of dist as level = 0
....Level is computed on pAbs = 1
Itp
....Itp is computed with incremental sat solver = 0
....Itp is computed on pAbs = 0
....G support contain merge frontier = 1
....G supprot contain not same merge frontier support = 2
....cost eval of the patch is 2
....coef of cost eval = 70.000000
Shrink
....keep special case 0 in Gsupport first
....shrink base on level of pAbs
FD Rewrite
....synthesis before replacement = 0
....synthesis after rewriting = 0
initial #Unsat: 478
start replace node finding
maxMffc = 369, max reduce = 29
dump 1881, new mffc = 368
dump 1942, new mffc = 367
dump 2037, new mffc = 366
dump 2075, new mffc = 365
dump 2079, new mffc = 364
dump 2133, new mffc = 363
dump 2155, new mffc = 362
dump 2182, new mffc = 361
dump 2259, new mffc = 360
dump 2300, new mffc = 359
dump 2307, new mffc = 358
dump 2312, new mffc = 357
dump 2316, new mffc = 356
dump 2465, new mffc = 355
dump 2230, new mffc = 353
dump 2236, new mffc = 351
dump 2260, new mffc = 350
dump 2282, new mffc = 348
dump 2407, new mffc = 346
dump 2405, new mffc = 343
nid = 1894, patch size = 11
nid = 2097, patch size = 8
nid = 2147, patch size = 32
nid = 1900, patch size = 10
nid = 1988, patch size = 24
nid = 2452, patch size = 9
nid = 2179, patch size = 10
nid = 2199, patch size = 53
nid = 2208, patch size = 31
nid = 1951, patch size = 42
nid = 2384, patch size = 15
nid = 2455, patch size = 37
nid = 1916, patch size = 23
nid = 1911, patch size = 14
nid = 2167, patch size = 28
nid = 2163, patch size = 39
nid = 2161, patch size = 43
nid = 2411, patch size = 64
nid = 2521, patch size = 23
nid = 2303, patch size = 57
nid = 2205, patch size = 59
nid = 1996, patch size = 47
nid = 2400, patch size = 52
nid = 2401, patch size = 46
nid = 1931, patch size = 33
nid = 2279, patch size = 45
nid = 2347, patch size = 63
nid = 2425, patch size = 58
nid = 2482, patch size = 49
nid = 2486, patch size = 29
nid = 2511, patch size = 49
nid = 2449, patch size = 47
nid = 2091, patch size = 46
nid = 2007, patch size = 62
nid = 2063, patch size = 36
nid = 2064, patch size = 38
nid = 2127, patch size = 51
nid = 2021, patch size = 40
nid = 1859, patch size = 41
nid = 2376, patch size = 44
start replacement
trim: 2732->1854
Trim time:  6.159938 sec
start conflict test
start final
newly find #UNSAT: 6
nid = 1435(1078)
conflict = 83
patch = 47
org status = -1
nid = 1436(1079)
conflict = 79
patch = 35
org status = -1
nid = 1697(1319)
conflict = 29
patch = 35
org status = -7
nid = 1788(1404)
conflict = 2
patch = 7
org status = -7
nid = 1800(1415)
conflict = 9
patch = 10
org status = -7
nid = 1801(1418)
conflict = 12
patch = 19
org status = -7
nSimWords = 0
    0 : { 1924 1990 538 }
    1 : { 1928 521 498 }
    2 : { 834 2561 834 }
    3 : { 831 2560 831 }
