ABC command line: "&read _init.aig; &fdrw -g -G 2 -E 2 -P 70.0 -a -F _coef.log -C 100".

Level
....level is computed as FO
....use shortest path as dist = 0
....pick min of dist as level = 0
....Level is computed on pAbs = 1
Itp
....Itp is computed with incremental sat solver = 0
....Itp is computed on pAbs = 0
....G support contain merge frontier = 1
....G supprot contain not same merge frontier support = 2
....cost eval of the patch is 2
....coef of cost eval = 70.000000
Shrink
....keep special case 0 in Gsupport first
....shrink base on level of pAbs
FD Rewrite
....synthesis before replacement = 0
....synthesis after rewriting = 0
initial #Unsat: 511
start replace node finding
maxMffc = 372, max reduce = 51
dump 1888, new mffc = 371
dump 1895, new mffc = 370
dump 1902, new mffc = 369
dump 1927, new mffc = 368
dump 1934, new mffc = 367
dump 2076, new mffc = 366
dump 2077, new mffc = 365
dump 2288, new mffc = 364
dump 2294, new mffc = 363
dump 2331, new mffc = 362
dump 2347, new mffc = 361
dump 2376, new mffc = 360
dump 2433, new mffc = 359
dump 2468, new mffc = 358
dump 2481, new mffc = 357
dump 1943, new mffc = 355
dump 2362, new mffc = 353
dump 2412, new mffc = 351
dump 2507, new mffc = 349
dump 2186, new mffc = 346
dump 2269, new mffc = 343
dump 1919, new mffc = 340
dump 2365, new mffc = 337
dump 1920, new mffc = 336
dump 2456, new mffc = 334
nid = 2357, patch size = 6
nid = 2359, patch size = 9
nid = 2287, patch size = 20
nid = 2213, patch size = 28
nid = 2349, patch size = 28
nid = 2216, patch size = 54
nid = 2316, patch size = 36
nid = 2249, patch size = 13
nid = 2375, patch size = 22
nid = 2385, patch size = 16
nid = 2207, patch size = 44
nid = 2209, patch size = 28
nid = 2040, patch size = 20
nid = 2328, patch size = 22
nid = 2247, patch size = 16
nid = 2235, patch size = 13
nid = 2429, patch size = 31
nid = 2264, patch size = 64
nid = 2221, patch size = 60
nid = 2478, patch size = 23
nid = 2372, patch size = 26
nid = 2389, patch size = 55
nid = 2466, patch size = 45
nid = 2311, patch size = 39
nid = 2345, patch size = 65
nid = 2310, patch size = 43
nid = 2284, patch size = 46
nid = 2285, patch size = 39
nid = 2203, patch size = 57
nid = 2417, patch size = 56
nid = 2418, patch size = 57
nid = 2493, patch size = 42
nid = 2006, patch size = 40
nid = 2488, patch size = 49
nid = 2023, patch size = 66
nid = 2175, patch size = 59
nid = 1979, patch size = 54
nid = 1989, patch size = 38
nid = 2397, patch size = 46
nid = 2022, patch size = 57
nid = 2060, patch size = 37
nid = 2059, patch size = 33
nid = 2479, patch size = 53
nid = 2451, patch size = 69
nid = 2164, patch size = 31
nid = 2161, patch size = 43
start replacement
trim: 3008->1873
Trim time:  8.770161 sec
start conflict test
start final
newly find #UNSAT: 3
nid = 1441(1127)
conflict = 58
patch = 43
org status = -5
nid = 1698(1362)
conflict = 83
patch = 69
org status = -1
nid = 1700(1373)
conflict = 77
patch = 62
org status = -5
nSimWords = 0
