ABC command line: "&read _init.aig; &fdrw -g -G 2 -E 2 -P 70.0 -a -F _coef.log -C 100".

Level
....level is computed as FO
....use shortest path as dist = 0
....pick min of dist as level = 0
....Level is computed on pAbs = 1
Itp
....Itp is computed with incremental sat solver = 0
....Itp is computed on pAbs = 0
....G support contain merge frontier = 1
....G supprot contain not same merge frontier support = 2
....cost eval of the patch is 2
....coef of cost eval = 70.000000
Shrink
....keep special case 0 in Gsupport first
....shrink base on level of pAbs
FD Rewrite
....synthesis before replacement = 0
....synthesis after rewriting = 0
initial #Unsat: 232
start replace node finding
maxMffc = 451, max reduce = 36
dump 3106, new mffc = 450
dump 3133, new mffc = 449
dump 2791, new mffc = 446
dump 2849, new mffc = 443
nid = 3064, patch size = 26
nid = 2402, patch size = 44
nid = 2408, patch size = 62
nid = 2575, patch size = 9
nid = 2918, patch size = 9
nid = 2827, patch size = 20
nid = 2764, patch size = 25
nid = 2991, patch size = 11
nid = 3054, patch size = 24
nid = 2784, patch size = 18
nid = 3003, patch size = 27
nid = 2780, patch size = 32
nid = 2932, patch size = 26
nid = 2743, patch size = 36
nid = 2431, patch size = 28
nid = 2432, patch size = 34
nid = 3142, patch size = 58
nid = 2867, patch size = 20
nid = 2807, patch size = 33
nid = 3020, patch size = 64
nid = 2504, patch size = 36
nid = 2525, patch size = 26
nid = 2818, patch size = 56
nid = 2935, patch size = 36
nid = 2727, patch size = 21
nid = 2860, patch size = 32
nid = 2547, patch size = 30
nid = 2699, patch size = 52
nid = 2560, patch size = 42
nid = 2671, patch size = 31
nid = 2608, patch size = 65
nid = 2956, patch size = 51
nid = 2909, patch size = 45
nid = 2644, patch size = 58
start replacement
trim: 3472->2874
Trim time:  6.048637 sec
start conflict test
start final
newly find #UNSAT: 1
nid = 1474(1472)
conflict = 82
patch = 33
org status = -7
nSimWords = 0
