ABC command line: "&read _init.aig; &fdrw -g -G 2 -E 2 -P 70.0 -a -F _coef.log -C 100".

Level
....level is computed as FO
....use shortest path as dist = 0
....pick min of dist as level = 0
....Level is computed on pAbs = 1
Itp
....Itp is computed with incremental sat solver = 0
....Itp is computed on pAbs = 0
....G support contain merge frontier = 1
....G supprot contain not same merge frontier support = 2
....cost eval of the patch is 2
....coef of cost eval = 70.000000
Shrink
....keep special case 0 in Gsupport first
....shrink base on level of pAbs
FD Rewrite
....synthesis before replacement = 0
....synthesis after rewriting = 0
initial #Unsat: 509
start replace node finding
maxMffc = 252, max reduce = 31
dump 1984, new mffc = 251
dump 1987, new mffc = 250
dump 2012, new mffc = 249
dump 2019, new mffc = 248
dump 2025, new mffc = 247
dump 2042, new mffc = 246
dump 2051, new mffc = 245
dump 2085, new mffc = 244
dump 2086, new mffc = 243
dump 2099, new mffc = 242
dump 2127, new mffc = 241
dump 2288, new mffc = 240
dump 2148, new mffc = 238
dump 2366, new mffc = 236
dump 2488, new mffc = 234
dump 2268, new mffc = 231
dump 2138, new mffc = 227
nid = 2098, patch size = 39
nid = 2106, patch size = 9
nid = 2142, patch size = 32
nid = 2193, patch size = 25
nid = 2262, patch size = 21
nid = 2097, patch size = 31
nid = 2137, patch size = 43
nid = 2370, patch size = 36
nid = 2223, patch size = 10
nid = 2255, patch size = 39
nid = 2246, patch size = 13
nid = 2210, patch size = 68
nid = 2281, patch size = 22
nid = 2280, patch size = 38
nid = 2214, patch size = 37
nid = 2107, patch size = 41
nid = 2207, patch size = 69
nid = 2211, patch size = 33
nid = 2192, patch size = 31
nid = 2232, patch size = 36
nid = 2244, patch size = 19
nid = 2265, patch size = 52
nid = 2348, patch size = 33
nid = 2349, patch size = 47
nid = 2380, patch size = 60
nid = 2489, patch size = 62
nid = 1968, patch size = 39
nid = 2354, patch size = 23
nid = 2311, patch size = 41
nid = 2453, patch size = 61
nid = 2180, patch size = 70
nid = 2179, patch size = 64
nid = 2011, patch size = 68
start replacement
trim: 2640->1826
Trim time:  7.402756 sec
start conflict test
start final
newly find #UNSAT: 4
nid = 1386(998)
conflict = 28
patch = 17
org status = -5
nid = 1387(1009)
conflict = 44
patch = 54
org status = -5
nid = 1693(1306)
conflict = 97
patch = 70
org status = -5
nid = 1862(1459)
conflict = 27
patch = 30
org status = -5
nSimWords = 0
