ABC command line: "&read _init.aig; &cec -m -v".

label 1
label 3
Assuming the current network is a single-output miter.
label 6
Start EquivFixOutputPairs =     0.00 sec
End EquivFixOutputPairs =     0.00 sec
Start ManSatSweeping =     0.00 sec
Simulating 15 words for 15 rounds. SAT solving with 1000 conflicts.
nSimWords = 0
cst =    2898  cls =      0  lit =    2898  unused =     256  proof =     0
cst =      22  cls =     56  lit =      86  unused =    3012  proof =     0
cst =      11  cls =     13  lit =      28  unused =    3113  proof =     0
cst =       1  cls =      4  lit =       7  unused =    3143  proof =     0
cst =       1  cls =      3  lit =       5  unused =    3146  proof =     0
cst =       1  cls =      2  lit =       4  unused =    3148  proof =     0
cst =       1  cls =      2  lit =       4  unused =    3148  proof =     0
cst =       1  cls =      2  lit =       4  unused =    3148  proof =     0
cst =       1  cls =      2  lit =       4  unused =    3148  proof =     0
cst =       1  cls =      2  lit =       4  unused =    3148  proof =     0
  1 : P =      0. D =      0. F =     1. M =     403. And =    2898. Time =     0.07 sec
Increasing conflict limit to 10000.
The result is written into file "cec_giaSweep.aig".
Switching into reduced mode.
  2 : P =      0. D =      0. F =     2. M =     403. And =    2898. Time =     0.73 sec
Increasing conflict limit to 100000.
The result is written into file "cec_giaSweep.aig".
Switching into normal mode.
  3 : P =      0. D =      1. F =     0. M =       0. And =    2898. Time =     0.00 sec
  4 : P =      0. D =      0. F =     2. M =       0. And =    2898. Time =    10.75 sec
Performed 6 SAT calls: P = 0  D = 1  F = 5
NBeg = 2898. NEnd = 2898. (Gain =   0.00 %).  RBeg = 0. REnd = 0. (Gain =   0.00 %).
Sim  =     0.01 sec (  0.00 %)
Sat  =    11.53 sec (  0.00 %)
Pat  =     0.00 sec (  0.00 %)
Time =    11.60 sec
End ManSatSweeping =    11.60 sec
Networks are UNDECIDED after the new CEC engine.  Time =    11.60 sec
Calling the old CEC engine.
Start Old Verify =    11.60 sec
Original miter:   Nodes =   2901.
label 27
Initial SAT:      Nodes =   2901.  Time =     0.02 sec
Rewriting:        Nodes =   2901.  Time =     0.02 sec
There are 0 XORs
Balance-X:        Nodes =   3120.  Time =     0.00 sec
Starting Fra_SmlSimulate......classes =     9.   Lits =     17.
Refined classes  after Pattern 0=     9.   Changes =    0.   Lits =     17.
Refined classes after pattern 1 =     9.   Changes =    2.   Lits =     15.
Refined classes  =     7.   Changes =    3.   Lits =     12.
Refined classes  =     6.   Changes =    2.   Lits =     10.
Refined classes  =     5.   Changes =    1.   Lits =      9.
Refined classes  =     5.   Changes =    0.   Lits =      9.
start Fra_FraigSweep...
Fraiging (i=1):   Nodes =   3120.  Time =     0.00 sec
Rewriting:        Nodes =   2934.  Time =     0.01 sec
There are 0 XORs
Balance-X:        Nodes =   3120.  Time =     0.00 sec
Starting Fra_SmlSimulate......classes =     9.   Lits =     17.
Refined classes  after Pattern 0=     9.   Changes =    0.   Lits =     17.
Refined classes after pattern 1 =     9.   Changes =    2.   Lits =     15.
Refined classes  =     7.   Changes =    3.   Lits =     12.
Refined classes  =     6.   Changes =    2.   Lits =     10.
Refined classes  =     5.   Changes =    1.   Lits =      9.
Refined classes  =     5.   Changes =    0.   Lits =      9.
start Fra_FraigSweep...
Fraiging (i=2):   Nodes =   3120.  Time =     0.00 sec
Rewriting:        Nodes =   2935.  Time =     0.01 sec
There are 0 XORs
Balance-X:        Nodes =   3120.  Time =     0.00 sec
Starting Fra_SmlSimulate......classes =     9.   Lits =     17.
Refined classes  after Pattern 0=     9.   Changes =    0.   Lits =     17.
Refined classes after pattern 1 =     9.   Changes =    2.   Lits =     15.
Refined classes  =     7.   Changes =    3.   Lits =     12.
Refined classes  =     6.   Changes =    2.   Lits =     10.
Refined classes  =     5.   Changes =    1.   Lits =      9.
Refined classes  =     5.   Changes =    0.   Lits =      9.
start Fra_FraigSweep...
Fraiging (i=3):   Nodes =   3120.  Time =     0.01 sec
Rewriting:        Nodes =   2935.  Time =     0.01 sec
There are 0 XORs
Balance-X:        Nodes =   3120.  Time =     0.00 sec
Starting Fra_SmlSimulate......classes =     9.   Lits =     17.
Refined classes  after Pattern 0=     9.   Changes =    0.   Lits =     17.
Refined classes after pattern 1 =     9.   Changes =    2.   Lits =     15.
Refined classes  =     7.   Changes =    3.   Lits =     12.
Refined classes  =     6.   Changes =    2.   Lits =     10.
Refined classes  =     5.   Changes =    1.   Lits =      9.
Refined classes  =     5.   Changes =    0.   Lits =      9.
start Fra_FraigSweep...
Fraiging (i=4):   Nodes =   3120.  Time =     0.12 sec
Rewriting:        Nodes =   2935.  Time =     0.01 sec
There are 0 XORs
Balance-X:        Nodes =   3120.  Time =     0.00 sec
Starting Fra_SmlSimulate......classes =     9.   Lits =     17.
Refined classes  after Pattern 0=     9.   Changes =    0.   Lits =     17.
Refined classes after pattern 1 =     9.   Changes =    2.   Lits =     15.
Refined classes  =     7.   Changes =    3.   Lits =     12.
Refined classes  =     6.   Changes =    2.   Lits =     10.
Refined classes  =     5.   Changes =    1.   Lits =      9.
Refined classes  =     5.   Changes =    0.   Lits =      9.
start Fra_FraigSweep...
Fraiging (i=5):   Nodes =   3120.  Time =     1.16 sec
Rewriting:        Nodes =   2935.  Time =     0.01 sec
There are 0 XORs
Balance-X:        Nodes =   3120.  Time =     0.00 sec
Starting Fra_SmlSimulate......classes =     9.   Lits =     17.
Refined classes  after Pattern 0=     9.   Changes =    0.   Lits =     17.
Refined classes after pattern 1 =     9.   Changes =    2.   Lits =     15.
Refined classes  =     7.   Changes =    3.   Lits =     12.
Refined classes  =     6.   Changes =    2.   Lits =     10.
Refined classes  =     5.   Changes =    1.   Lits =      9.
Refined classes  =     5.   Changes =    0.   Lits =      9.
start Fra_FraigSweep...
Fraiging (i=6):   Nodes =   3119.  Time =    11.94 sec
Rewriting:        Nodes =   2933.  Time =     0.01 sec
label 27
CNF stats: Vars =   1960. Clauses =    6346. Literals =    17270. Time =     0.00 sec
Running SAT solver with parameters 10000 and 1000 and 50.
reduceDB: Keeping    5025 out of   10000 clauses (50.25 %)  Time =     0.06 sec
reduceDB: Keeping    5521 out of   11000 clauses (50.19 %)  Time =     0.06 sec
reduceDB: Keeping    6009 out of   12000 clauses (50.08 %)  Time =     0.06 sec
reduceDB: Keeping    6520 out of   13000 clauses (50.15 %)  Time =     0.06 sec
reduceDB: Keeping    7017 out of   14001 clauses (50.12 %)  Time =     0.06 sec
reduceDB: Keeping    7535 out of   15000 clauses (50.23 %)  Time =     0.06 sec
reduceDB: Keeping    8030 out of   16001 clauses (50.18 %)  Time =     0.06 sec
reduceDB: Keeping    8531 out of   17002 clauses (50.18 %)  Time =     0.07 sec
reduceDB: Keeping    9052 out of   18001 clauses (50.29 %)  Time =     0.07 sec
reduceDB: Keeping    9553 out of   19001 clauses (50.28 %)  Time =     0.07 sec
reduceDB: Keeping   10184 out of   20002 clauses (50.91 %)  Time =     0.07 sec
reduceDB: Keeping   10928 out of   21001 clauses (52.04 %)  Time =     0.07 sec
reduceDB: Keeping   11254 out of   22001 clauses (51.15 %)  Time =     0.07 sec
reduceDB: Keeping   11941 out of   23000 clauses (51.92 %)  Time =     0.07 sec
reduceDB: Keeping   12487 out of   24001 clauses (52.03 %)  Time =     0.07 sec
reduceDB: Keeping   13137 out of   25001 clauses (52.55 %)  Time =     0.08 sec
reduceDB: Keeping   13506 out of   26000 clauses (51.95 %)  Time =     0.08 sec
reduceDB: Keeping   14021 out of   27001 clauses (51.93 %)  Time =     0.08 sec
reduceDB: Keeping   14522 out of   28000 clauses (51.86 %)  Time =     0.08 sec
reduceDB: Keeping   15133 out of   29000 clauses (52.18 %)  Time =     0.08 sec
reduceDB: Keeping   15840 out of   30001 clauses (52.80 %)  Time =     0.08 sec
reduceDB: Keeping   16085 out of   31001 clauses (51.89 %)  Time =     0.09 sec
reduceDB: Keeping   16604 out of   32000 clauses (51.89 %)  Time =     0.09 sec
reduceDB: Keeping   17029 out of   33000 clauses (51.60 %)  Time =     0.09 sec
reduceDB: Keeping   17540 out of   34000 clauses (51.59 %)  Time =     0.09 sec
reduceDB: Keeping   18175 out of   35001 clauses (51.93 %)  Time =     0.09 sec
reduceDB: Keeping   18701 out of   36001 clauses (51.95 %)  Time =     0.10 sec
reduceDB: Keeping   19240 out of   37000 clauses (52.00 %)  Time =     0.10 sec
reduceDB: Keeping   19682 out of   38001 clauses (51.79 %)  Time =     0.10 sec
reduceDB: Keeping   20529 out of   39000 clauses (52.64 %)  Time =     0.11 sec
reduceDB: Keeping   21068 out of   40001 clauses (52.67 %)  Time =     0.11 sec
reduceDB: Keeping   21445 out of   41000 clauses (52.30 %)  Time =     0.11 sec
reduceDB: Keeping   21973 out of   42002 clauses (52.31 %)  Time =     0.11 sec
reduceDB: Keeping   22488 out of   43000 clauses (52.30 %)  Time =     0.11 sec
reduceDB: Keeping   23255 out of   44001 clauses (52.85 %)  Time =     0.12 sec
reduceDB: Keeping   23799 out of   45002 clauses (52.88 %)  Time =     0.12 sec
reduceDB: Keeping   23753 out of   46000 clauses (51.64 %)  Time =     0.12 sec
reduceDB: Keeping   23971 out of   47002 clauses (51.00 %)  Time =     0.13 sec
reduceDB: Keeping   24714 out of   48000 clauses (51.49 %)  Time =     0.13 sec
reduceDB: Keeping   24992 out of   49001 clauses (51.00 %)  Time =     0.13 sec
reduceDB: Keeping   25554 out of   50001 clauses (51.11 %)  Time =     0.13 sec
reduceDB: Keeping   26385 out of   51000 clauses (51.74 %)  Time =     0.14 sec
reduceDB: Keeping   26721 out of   52002 clauses (51.38 %)  Time =     0.14 sec
reduceDB: Keeping   26883 out of   53000 clauses (50.72 %)  Time =     0.15 sec
reduceDB: Keeping   27799 out of   54001 clauses (51.48 %)  Time =     0.15 sec
reduceDB: Keeping   28448 out of   55000 clauses (51.72 %)  Time =     0.15 sec
reduceDB: Keeping   28897 out of   56002 clauses (51.60 %)  Time =     0.16 sec
reduceDB: Keeping   29555 out of   57001 clauses (51.85 %)  Time =     0.16 sec
reduceDB: Keeping   29747 out of   58001 clauses (51.29 %)  Time =     0.16 sec
reduceDB: Keeping   30262 out of   59000 clauses (51.29 %)  Time =     0.17 sec
reduceDB: Keeping   31035 out of   60000 clauses (51.73 %)  Time =     0.17 sec
reduceDB: Keeping   31297 out of   61000 clauses (51.31 %)  Time =     0.17 sec
reduceDB: Keeping   31835 out of   62001 clauses (51.35 %)  Time =     0.18 sec
reduceDB: Keeping   32467 out of   63002 clauses (51.53 %)  Time =     0.18 sec
reduceDB: Keeping   33552 out of   64002 clauses (52.42 %)  Time =     0.18 sec
reduceDB: Keeping   34146 out of   65002 clauses (52.53 %)  Time =     0.19 sec
reduceDB: Keeping   35638 out of   66000 clauses (54.00 %)  Time =     0.19 sec
reduceDB: Keeping   28097 out of   67000 clauses (41.94 %)  Time =     0.20 sec
reduceDB: Keeping   34132 out of   68002 clauses (50.19 %)  Time =     0.20 sec
reduceDB: Keeping   34447 out of   69000 clauses (49.92 %)  Time =     0.20 sec
reduceDB: Keeping   35087 out of   70002 clauses (50.12 %)  Time =     0.21 sec
reduceDB: Keeping   35428 out of   71000 clauses (49.90 %)  Time =     0.21 sec
reduceDB: Keeping   36107 out of   72000 clauses (50.15 %)  Time =     0.22 sec
reduceDB: Keeping   36496 out of   73002 clauses (49.99 %)  Time =     0.22 sec
reduceDB: Keeping   36830 out of   74000 clauses (49.77 %)  Time =     0.22 sec
reduceDB: Keeping   37648 out of   75001 clauses (50.20 %)  Time =     0.23 sec
reduceDB: Keeping   38059 out of   76001 clauses (50.08 %)  Time =     0.23 sec
reduceDB: Keeping   38474 out of   77000 clauses (49.97 %)  Time =     0.24 sec
reduceDB: Keeping   38677 out of   78000 clauses (49.59 %)  Time =     0.24 sec
reduceDB: Keeping   39100 out of   79002 clauses (49.49 %)  Time =     0.24 sec
reduceDB: Keeping   39407 out of   80002 clauses (49.26 %)  Time =     0.25 sec
reduceDB: Keeping   40334 out of   81003 clauses (49.79 %)  Time =     0.25 sec
reduceDB: Keeping   40696 out of   82002 clauses (49.63 %)  Time =     0.26 sec
reduceDB: Keeping   41477 out of   83000 clauses (49.97 %)  Time =     0.26 sec
reduceDB: Keeping   41941 out of   84000 clauses (49.93 %)  Time =     0.27 sec
reduceDB: Keeping   42643 out of   85002 clauses (50.17 %)  Time =     0.27 sec
reduceDB: Keeping   43076 out of   86002 clauses (50.09 %)  Time =     0.28 sec
reduceDB: Keeping   43641 out of   87002 clauses (50.16 %)  Time =     0.28 sec
reduceDB: Keeping   43970 out of   88003 clauses (49.96 %)  Time =     0.29 sec
reduceDB: Keeping   44566 out of   89000 clauses (50.07 %)  Time =     0.29 sec
reduceDB: Keeping   44682 out of   90001 clauses (49.65 %)  Time =     0.30 sec
reduceDB: Keeping   45620 out of   91000 clauses (50.13 %)  Time =     0.30 sec
reduceDB: Keeping   45461 out of   92004 clauses (49.41 %)  Time =     0.31 sec
reduceDB: Keeping   46611 out of   93002 clauses (50.12 %)  Time =     0.31 sec
reduceDB: Keeping   48965 out of   94001 clauses (52.09 %)  Time =     0.32 sec
reduceDB: Keeping   48498 out of   95000 clauses (51.05 %)  Time =     0.32 sec
reduceDB: Keeping   48867 out of   96000 clauses (50.90 %)  Time =     0.33 sec
reduceDB: Keeping   50919 out of   97000 clauses (52.49 %)  Time =     0.33 sec
reduceDB: Keeping   41070 out of   98000 clauses (41.91 %)  Time =     0.34 sec
reduceDB: Keeping   47343 out of   99002 clauses (47.82 %)  Time =     0.34 sec
reduceDB: Keeping   50003 out of  100000 clauses (50.00 %)  Time =     0.35 sec
reduceDB: Keeping   49838 out of  101000 clauses (49.34 %)  Time =     0.35 sec
reduceDB: Keeping   50929 out of  102002 clauses (49.93 %)  Time =     0.36 sec
reduceDB: Keeping   52564 out of  103000 clauses (51.03 %)  Time =     0.36 sec
reduceDB: Keeping   54195 out of  104000 clauses (52.11 %)  Time =     0.37 sec
reduceDB: Keeping   54879 out of  105001 clauses (52.27 %)  Time =     0.38 sec
reduceDB: Keeping   54818 out of  106000 clauses (51.72 %)  Time =     0.38 sec
reduceDB: Keeping   55548 out of  107000 clauses (51.91 %)  Time =     0.39 sec
reduceDB: Keeping   57403 out of  108002 clauses (53.15 %)  Time =     0.39 sec
reduceDB: Keeping   59571 out of  109000 clauses (54.65 %)  Time =     0.40 sec
reduceDB: Keeping   59858 out of  110001 clauses (54.42 %)  Time =     0.40 sec
reduceDB: Keeping   60797 out of  111001 clauses (54.77 %)  Time =     0.41 sec
reduceDB: Keeping   49292 out of  112000 clauses (44.01 %)  Time =     0.42 sec
reduceDB: Keeping   56783 out of  113001 clauses (50.25 %)  Time =     0.42 sec
starts        :             5710
conflicts     :          3227026
decisions     :          3742103
propagations  :       1277956056
Final SAT:        Nodes =   2933.  Time =   335.27 sec
Networks are equivalent.  Time =   360.23 sec
End Old Verify =   360.23 sec
