ABC command line: "&read _init.aig; &fdrw -g -G 2 -E 2 -P 70.0 -a -F _coef.log -C 100".

Level
....level is computed as FO
....use shortest path as dist = 0
....pick min of dist as level = 0
....Level is computed on pAbs = 1
Itp
....Itp is computed with incremental sat solver = 0
....Itp is computed on pAbs = 0
....G support contain merge frontier = 1
....G supprot contain not same merge frontier support = 2
....cost eval of the patch is 2
....coef of cost eval = 70.000000
Shrink
....keep special case 0 in Gsupport first
....shrink base on level of pAbs
FD Rewrite
....synthesis before replacement = 0
....synthesis after rewriting = 0
initial #Unsat: 532
start replace node finding
maxMffc = 302, max reduce = 32
dump 1981, new mffc = 301
dump 1992, new mffc = 300
dump 1993, new mffc = 299
dump 2009, new mffc = 298
dump 2100, new mffc = 297
dump 2107, new mffc = 296
dump 2144, new mffc = 295
dump 2156, new mffc = 294
dump 2223, new mffc = 293
dump 2328, new mffc = 292
dump 2368, new mffc = 291
dump 2375, new mffc = 290
dump 2416, new mffc = 289
dump 2429, new mffc = 288
dump 2430, new mffc = 287
dump 2437, new mffc = 286
dump 2438, new mffc = 285
dump 2215, new mffc = 283
dump 2306, new mffc = 281
dump 2413, new mffc = 279
dump 2298, new mffc = 276
dump 2303, new mffc = 273
dump 2427, new mffc = 270
dump 2436, new mffc = 267
dump 2425, new mffc = 265
nid = 2412, patch size = 20
nid = 2414, patch size = 9
nid = 2047, patch size = 12
nid = 2046, patch size = 13
nid = 2344, patch size = 30
nid = 2463, patch size = 40
nid = 2448, patch size = 44
nid = 2347, patch size = 24
nid = 2391, patch size = 30
nid = 2361, patch size = 15
nid = 2373, patch size = 21
nid = 2515, patch size = 46
nid = 2406, patch size = 35
nid = 2407, patch size = 54
nid = 2082, patch size = 37
nid = 2327, patch size = 35
nid = 2125, patch size = 42
nid = 2458, patch size = 63
nid = 2084, patch size = 33
nid = 2390, patch size = 36
nid = 2035, patch size = 43
nid = 2034, patch size = 37
nid = 2555, patch size = 52
nid = 1979, patch size = 24
nid = 2279, patch size = 49
nid = 2271, patch size = 47
nid = 2290, patch size = 55
nid = 2175, patch size = 13
nid = 2226, patch size = 33
nid = 2225, patch size = 21
start replacement
trim: 2525->1923
Trim time:  5.194479 sec
start conflict test
start final
newly find #UNSAT: 8
nid = 1484(1222)
conflict = 44
patch = 54
org status = -5
nid = 1486(1236)
conflict = 90
patch = 41
org status = -7
nid = 1550(1308)
conflict = 27
patch = 59
org status = -5
nid = 1590(1349)
conflict = 60
patch = 67
org status = -5
nid = 1893(1616)
conflict = 64
patch = 54
org status = -1
nid = 1897(1620)
conflict = 86
patch = 59
org status = -1
nid = 1904(1631)
conflict = 78
patch = 44
org status = -1
nid = 1925(1646)
conflict = 6
patch = 3
org status = -7
nSimWords = 0
    0 : { 1764 1780 1336 }
    1 : { 1660 1689 1802 }
    2 : { 1336 1336 1780 }
    3 : { 1765 1782 1813 }
    4 : { 1787 1803 1815 }
    5 : { 1548 1554 1698 }
    6 : { 1718 1677 1552 }
    7 : { 1669 1698 1554 }
    8 : { 1546 1552 1677 }
    9 : { 1571 1578 1583 }
   10 : { 1578 1580 1576 }
   11 : { 1373 1373 1480 }
   12 : { 1238 1238 1054 }
   13 : { 1343 1384 1343 }
   14 : { 847 847 947 }
   15 : { 1162 1162 1070 }
