ABC command line: "&read _init.aig; &fdrw -G 2 -a -F _coef.log -C 2000".

Level
....level is computed as FO
....use shortest path as dist = 0
....pick min of dist as level = 0
....Level is computed on pAbs = 1
Itp
....Itp is computed with incremental sat solver = 0
....Itp is computed on pAbs = 0
....G support contain merge frontier = 0
....G supprot contain not same merge frontier support = 2
....cost eval of the patch is 0
....coef of cost eval = 0.000000
Shrink
....keep special case 0 in Gsupport first
....shrink base on level of pAbs
FD Rewrite
....synthesis before replacement = 0
....synthesis after rewriting = 0
nid 1615 conflict required 425
nid 1615(425) with shrink lv_lim 3 have found patch sized 114
G support: { 732 733 777 783 784 810 811 812 844 846 847 864 865 866 880 881 901 902 904 912 915 917 926 927 930 931 932 936 943 944 950 951 952 954 959 }
mapped node info:
start replacement
trim: 1318->1265
Trim time:  2.783274 sec
after partsyn
Mapping info:
^0->_0,^1->_1,^2->_2,^3->_3,^4->_4,^5->_5,^6->_6,^7->_7,^8->_8,^9->_9,
^10->_10,^11->_11,^12->_12,^13->_13,^14->_14,^15->_15,^16->_16,^17->_17,^18->_18,^19->_19,
^20->_20,^21->_21,^22->_22,^23->_23,^24->_24,^25->_25,^26->_26,^27->_27,^28->_28,^29->_29,
^30->_30,^31->_31,^32->_32,^33->_33,^34->_34,^35->_35,^36->_36,^37->_37,^38->_38,^39->_39,
^40->_40,^41->_41,^42->_42,^43->_43,^44->_44,^45->_45,^46->_46,^47->_47,^48->_48,^49->_49,
^50->_50,^51->_51,^52->_52,^53->_53,^54->_54,^55->_55,^56->_56,^57->_57,^58->_58,^59->_59,
^60->_60,^61->_61,^62->_62,^63->_63,^64->_64,^65->_65,^66->_66,^67->_67,^68->_68,^69->_69,
^70->_70,^71->_71,^72->_72,^73->_73,^74->_74,^75->_75,^76->_76,^77->_77,^78->_78,^79->_79,
^80->_80,^81->_81,^82->_82,^83->_83,^84->_84,^85->_85,^86->_86,^87->_87,^88->_88,^89->_89,
^90->_90,^91->_91,^92->_92,^93->_93,^94->_94,^95->_95,^96->_96,^97->_97,^98->_98,^99->_99,
^100->_100,^101->_101,^102->_102,^103->_103,^104->_104,^105->_105,^106->_106,^107->_107,^108->_108,^109->_109,
^110->_110,^111->_111,^112->_112,^113->_113,^114->_114,^115->_115,^116->_116,^117->_117,^118->_118,^119->_119,
^120->_120,^121->_121,^122->_122,^123->_123,^124->_124,^125->_125,^126->_126,^127->_127,^128->_128,^129->_129,
^130->_130,^131->_131,^132->_132,^133->_133,^134->_134,^135->_135,^136->_136,^137->_137,^138->_138,^139->_139,
^140->_140,^141->_141,^142->_142,^143->_143,^144->_144,^145->_145,^146->_146,^147->_147,^148->_148,^149->_149,
^150->_150,^151->_151,^152->_152,^153->_153,^154->_154,^155->_155,^156->_156,^157->_157,^158->_158,^159->_159,
^160->_160,^161->_161,^162->_162,^163->_163,^164->_164,^165->_165,^166->_166,^167->_167,^168->_168,^169->_169,
^170->_170,^171->_171,^172->_172,^173->_173,^174->_174,^175->_175,^176->_176,^177->_177,^178->_178,^179->_179,
^180->_180,^181->_181,^182->_182,^183->_183,^184->_184,^185->_185,^186->_186,^187->_187,^188->_188,^189->_189,
^190->_190,^191->_191,^192->_192,^193->_193,^194->_194,^195->_195,^196->_196,^197->_197,^198->_198,^199->_199,
^200->_200,^201->_201,^202->_202,^203->_203,^204->_204,^205->_205,^206->_206,^207->_207,^208->_208,^209->_209,
^210->_210,^211->_211,^212->_212,^213->_213,^214->_214,^215->_215,^216->_216,^217->_217,^218->_218,^219->_219,
^220->_220,^221->_221,^222->_222,^223->_223,^224->_224,^225->_225,^226->_226,^227->_227,^228->_228,^229->_229,
^230->_230,^231->_231,^232->_232,^233->_233,^234->_234,^235->_235,^236->_236,^237->_237,^238->_238,^239->_239,
^240->_240,^241->_241,^242->_242,^243->_243,^244->_244,^245->_245,^246->_246,^247->_247,^248->_248,^249->_249,
^250->_250,^251->_251,^252->_252,^253->_253,^254->_254,^255->_255,^256->_256,^257->_-1,^258->_-1,^259->_-1,
^260->_-1,^261->_-1,^262->_-1,^263->_263,^264->_264,^265->_-1,^266->_-1,^267->_-1,^268->_-1,^269->_-1,
^270->_-1,^271->_-1,^272->_-1,^273->_-1,^274->_-1,^275->_-1,^276->_-1,^277->_-1,^278->_-1,^279->_-1,
^280->_-1,^281->_-1,^282->_-1,^283->_-1,^284->_-1,^285->_-1,^286->_-1,^287->_-1,^288->_-1,^289->_-1,
^290->_-1,^291->_-1,^292->_-1,^293->_-1,^294->_-1,^295->_-1,^296->_-1,^297->_-1,^298->_-1,^299->_-1,
^300->_-1,^301->_-1,^302->_-1,^303->_-1,^304->_-1,^305->_-1,^306->_-1,^307->_-1,^308->_-1,^309->_-1,
^310->_-1,^311->_-1,^312->_-1,^313->_-1,^314->_-1,^315->_315,^316->_-1,^317->_317,^318->_-1,^319->_-1,
^320->_-1,^321->_321,^322->_322,^323->_1214,^324->_323,^325->_-1,^326->_-1,^327->_-1,^328->_327,^329->_-1,
^330->_329,^331->_330,^332->_-1,^333->_332,^334->_-1,^335->_334,^336->_335,^337->_393,^338->_-1,^339->_-1,
^340->_-1,^341->_338,^342->_339,^343->_340,^344->_-1,^345->_342,^346->_-1,^347->_-1,^348->_-1,^349->_346,
^350->_347,^351->_-1,^352->_349,^353->_350,^354->_-1,^355->_352,^356->_353,^357->_354,^358->_-1,^359->_356,
^360->_357,^361->_358,^362->_-1,^363->_360,^364->_361,^365->_362,^366->_-1,^367->_-1,^368->_-1,^369->_-1,
^370->_367,^371->_-1,^372->_369,^373->_370,^374->_371,^375->_372,^376->_-1,^377->_375,^378->_376,^379->_-1,
^380->_-1,^381->_378,^382->_-1,^383->_380,^384->_381,^385->_382,^386->_383,^387->_384,^388->_385,^389->_386,
^390->_-1,^391->_-1,^392->_389,^393->_-1,^394->_391,^395->_392,^396->_394,^397->_395,^398->_396,^399->_397,
^400->_-1,^401->_399,^402->_428,^403->_-1,^404->_-1,^405->_402,^406->_403,^407->_404,^408->_405,^409->_406,
^410->_407,^411->_408,^412->_-1,^413->_410,^414->_-1,^415->_412,^416->_413,^417->_414,^418->_-1,^419->_-1,
^420->_417,^421->_418,^422->_419,^423->_420,^424->_421,^425->_-1,^426->_423,^427->_424,^428->_-1,^429->_426,
^430->_427,^431->_431,^432->_-1,^433->_-1,^434->_-1,^435->_-1,^436->_-1,^437->_435,^438->_436,^439->_-1,
^440->_438,^441->_-1,^442->_440,^443->_441,^444->_442,^445->_443,^446->_444,^447->_-1,^448->_446,^449->_468,
^450->_-1,^451->_-1,^452->_449,^453->_450,^454->_453,^455->_-1,^456->_-1,^457->_-1,^458->_-1,^459->_458,
^460->_-1,^461->_-1,^462->_459,^463->_462,^464->_463,^465->_-1,^466->_-1,^467->_-1,^468->_-1,^469->_466,
^470->_467,^471->_-1,^472->_472,^473->_473,^474->_-1,^475->_475,^476->_-1,^477->_-1,^478->_-1,^479->_-1,
^480->_-1,^481->_479,^482->_480,^483->_481,^484->_-1,^485->_483,^486->_484,^487->_485,^488->_-1,^489->_-1,
^490->_-1,^491->_-1,^492->_490,^493->_491,^494->_492,^495->_493,^496->_495,^497->_-1,^498->_-1,^499->_-1,
^500->_-1,^501->_-1,^502->_-1,^503->_-1,^504->_502,^505->_-1,^506->_504,^507->_505,^508->_-1,^509->_-1,
^510->_-1,^511->_-1,^512->_-1,^513->_-1,^514->_-1,^515->_-1,^516->_-1,^517->_-1,^518->_-1,^519->_-1,
^520->_-1,^521->_-1,^522->_-1,^523->_-1,^524->_-1,^525->_-1,^526->_-1,^527->_-1,^528->_-1,^529->_-1,
^530->_-1,^531->_-1,^532->_-1,^533->_-1,^534->_-1,^535->_-1,^536->_-1,^537->_-1,^538->_-1,^539->_-1,
^540->_-1,^541->_-1,^542->_-1,^543->_-1,^544->_-1,^545->_-1,^546->_-1,^547->_-1,^548->_-1,^549->_-1,
^550->_-1,^551->_-1,^552->_-1,^553->_-1,^554->_-1,^555->_-1,^556->_-1,^557->_-1,^558->_-1,^559->_-1,
^560->_-1,^561->_-1,^562->_-1,^563->_-1,^564->_-1,^565->_-1,^566->_-1,^567->_-1,^568->_619,^569->_-1,
^570->_-1,^571->_-1,^572->_-1,^573->_-1,^574->_-1,^575->_-1,^576->_-1,^577->_-1,^578->_-1,^579->_-1,
^580->_-1,^581->_-1,^582->_-1,^583->_-1,^584->_-1,^585->_-1,^586->_-1,^587->_-1,^588->_-1,^589->_-1,
^590->_-1,^591->_-1,^592->_-1,^593->_-1,^594->_645,^595->_-1,^596->_-1,^597->_-1,^598->_-1,^599->_650,
^600->_-1,^601->_653,^602->_-1,^603->_655,^604->_-1,^605->_-1,^606->_-1,^607->_-1,^608->_-1,^609->_-1,
^610->_-1,^611->_-1,^612->_664,^613->_-1,^614->_666,^615->_-1,^616->_-1,^617->_-1,^618->_-1,^619->_-1,
^620->_672,^621->_673,^622->_-1,^623->_-1,^624->_-1,^625->_-1,^626->_-1,^627->_-1,^628->_-1,^629->_-1,
^630->_-1,^631->_-1,^632->_-1,^633->_685,^634->_-1,^635->_-1,^636->_688,^637->_689,^638->_-1,^639->_-1,
^640->_-1,^641->_-1,^642->_-1,^643->_-1,^644->_-1,^645->_-1,^646->_-1,^647->_-1,^648->_-1,^649->_-1,
^650->_-1,^651->_-1,^652->_-1,^653->_-1,^654->_-1,^655->_-1,^656->_-1,^657->_-1,^658->_-1,^659->_-1,
^660->_-1,^661->_713,^662->_-1,^663->_715,^664->_-1,^665->_-1,^666->_-1,^667->_-1,^668->_-1,^669->_-1,
^670->_-1,^671->_-1,^672->_-1,^673->_-1,^674->_-1,^675->_727,^676->_-1,^677->_-1,^678->_-1,^679->_-1,
^680->_-1,^681->_733,^682->_734,^683->_-1,^684->_-1,^685->_-1,^686->_738,^687->_-1,^688->_-1,^689->_-1,
^690->_742,^691->_743,^692->_-1,^693->_745,^694->_-1,^695->_-1,^696->_-1,^697->_-1,^698->_-1,^699->_-1,
^700->_-1,^701->_-1,^702->_754,^703->_-1,^704->_-1,^705->_757,^706->_-1,^707->_759,^708->_-1,^709->_-1,
^710->_-1,^711->_-1,^712->_-1,^713->_-1,^714->_-1,^715->_-1,^716->_-1,^717->_-1,^718->_-1,^719->_-1,
^720->_-1,^721->_-1,^722->_-1,^723->_-1,^724->_-1,^725->_-1,^726->_-1,^727->_779,^728->_-1,^729->_-1,
^730->_-1,^731->_-1,^732->_-1,^733->_-1,^734->_-1,^735->_787,^736->_-1,^737->_-1,^738->_-1,^739->_-1,
^740->_-1,^741->_-1,^742->_-1,^743->_-1,^744->_-1,^745->_-1,^746->_798,^747->_799,^748->_-1,^749->_801,
^750->_-1,^751->_-1,^752->_-1,^753->_-1,^754->_-1,^755->_-1,^756->_-1,^757->_809,^758->_-1,^759->_-1,
^760->_-1,^761->_813,^762->_-1,^763->_-1,^764->_-1,^765->_-1,^766->_-1,^767->_-1,^768->_-1,^769->_-1,
^770->_-1,^771->_-1,^772->_-1,^773->_-1,^774->_-1,^775->_-1,^776->_-1,^777->_-1,^778->_-1,^779->_-1,
^780->_-1,^781->_-1,^782->_-1,^783->_-1,^784->_-1,^785->_-1,^786->_-1,^787->_839,^788->_-1,^789->_-1,
^790->_-1,^791->_-1,^792->_844,^793->_845,^794->_-1,^795->_-1,^796->_-1,^797->_-1,^798->_-1,^799->_-1,
^800->_-1,^801->_-1,^802->_-1,^803->_-1,^804->_-1,^805->_-1,^806->_-1,^807->_-1,^808->_-1,^809->_-1,
^810->_-1,^811->_-1,^812->_-1,^813->_-1,^814->_866,^815->_-1,^816->_868,^817->_869,^818->_-1,^819->_-1,
^820->_872,^821->_-1,^822->_-1,^823->_-1,^824->_876,^825->_-1,^826->_-1,^827->_879,^828->_-1,^829->_-1,
^830->_-1,^831->_-1,^832->_-1,^833->_-1,^834->_-1,^835->_-1,^836->_-1,^837->_-1,^838->_-1,^839->_-1,
^840->_-1,^841->_893,^842->_-1,^843->_-1,^844->_896,^845->_-1,^846->_-1,^847->_899,^848->_-1,^849->_-1,
^850->_902,^851->_-1,^852->_-1,^853->_905,^854->_-1,^855->_-1,^856->_908,^857->_-1,^858->_-1,^859->_-1,
^860->_-1,^861->_-1,^862->_-1,^863->_-1,^864->_-1,^865->_-1,^866->_-1,^867->_-1,^868->_-1,^869->_-1,
^870->_-1,^871->_-1,^872->_-1,^873->_-1,^874->_-1,^875->_-1,^876->_-1,^877->_-1,^878->_-1,^879->_-1,
^880->_-1,^881->_-1,^882->_-1,^883->_-1,^884->_-1,^885->_-1,^886->_-1,^887->_-1,^888->_-1,^889->_-1,
^890->_-1,^891->_-1,^892->_-1,^893->_-1,^894->_-1,^895->_-1,^896->_-1,^897->_-1,^898->_-1,^899->_-1,
^900->_-1,^901->_-1,^902->_-1,^903->_-1,^904->_-1,^905->_-1,^906->_-1,^907->_-1,^908->_-1,^909->_-1,
^910->_962,^911->_963,^912->_-1,^913->_-1,^914->_966,^915->_-1,^916->_968,^917->_969,^918->_-1,^919->_-1,
^920->_972,^921->_-1,^922->_-1,^923->_975,^924->_-1,^925->_977,^926->_-1,^927->_-1,^928->_-1,^929->_981,
^930->_-1,^931->_-1,^932->_-1,^933->_985,^934->_-1,^935->_-1,^936->_-1,^937->_-1,^938->_-1,^939->_-1,
^940->_992,^941->_-1,^942->_-1,^943->_995,^944->_-1,^945->_-1,^946->_998,^947->_-1,^948->_-1,^949->_1001,
^950->_-1,^951->_-1,^952->_1004,^953->_-1,^954->_-1,^955->_-1,^956->_-1,^957->_-1,^958->_-1,^959->_-1,
^960->_-1,^961->_1013,^962->_-1,^963->_-1,^964->_1016,^965->_-1,^966->_-1,^967->_-1,^968->_1020,^969->_-1,
^970->_-1,^971->_-1,^972->_-1,^973->_-1,^974->_-1,^975->_-1,^976->_-1,^977->_-1,^978->_-1,^979->_-1,
^980->_-1,^981->_-1,^982->_-1,^983->_-1,^984->_-1,^985->_-1,^986->_-1,^987->_-1,^988->_-1,^989->_-1,
^990->_-1,^991->_-1,^992->_-1,^993->_-1,^994->_-1,^995->_-1,^996->_-1,^997->_-1,^998->_-1,^999->_-1,
^1000->_-1,^1001->_-1,^1002->_1054,^1003->_-1,^1004->_-1,^1005->_1057,^1006->_-1,^1007->_-1,^1008->_-1,^1009->_-1,
^1010->_1062,^1011->_1063,^1012->_-1,^1013->_1065,^1014->_-1,^1015->_-1,^1016->_-1,^1017->_-1,^1018->_-1,^1019->_-1,
^1020->_-1,^1021->_-1,^1022->_-1,^1023->_-1,^1024->_-1,^1025->_-1,^1026->_-1,^1027->_-1,^1028->_-1,^1029->_-1,
^1030->_-1,^1031->_-1,^1032->_-1,^1033->_-1,^1034->_-1,^1035->_-1,^1036->_-1,^1037->_-1,^1038->_-1,^1039->_-1,
^1040->_-1,^1041->_-1,^1042->_-1,^1043->_-1,^1044->_-1,^1045->_-1,^1046->_-1,^1047->_-1,^1048->_-1,^1049->_-1,
^1050->_-1,^1051->_-1,^1052->_1104,^1053->_-1,^1054->_-1,^1055->_1107,^1056->_-1,^1057->_-1,^1058->_-1,^1059->_-1,
^1060->_-1,^1061->_-1,^1062->_-1,^1063->_-1,^1064->_1116,^1065->_-1,^1066->_1118,^1067->_-1,^1068->_-1,^1069->_-1,
^1070->_-1,^1071->_-1,^1072->_-1,^1073->_-1,^1074->_1126,^1075->_1127,^1076->_-1,^1077->_-1,^1078->_-1,^1079->_-1,
^1080->_-1,^1081->_-1,^1082->_-1,^1083->_-1,^1084->_-1,^1085->_-1,^1086->_-1,^1087->_-1,^1088->_-1,^1089->_-1,
^1090->_-1,^1091->_-1,^1092->_-1,^1093->_-1,^1094->_-1,^1095->_-1,^1096->_-1,^1097->_-1,^1098->_-1,^1099->_-1,
^1100->_-1,^1101->_-1,^1102->_-1,^1103->_1252,^1104->_-1,^1105->_1155,^1106->_-1,^1107->_-1,^1108->_-1,^1109->_-1,
^1110->_-1,^1111->_-1,^1112->_-1,^1113->_-1,^1114->_-1,^1115->_-1,^1116->_-1,^1117->_-1,^1118->_-1,^1119->_-1,
^1120->_-1,^1121->_-1,^1122->_-1,^1123->_-1,^1124->_-1,^1125->_-1,^1126->_-1,^1127->_-1,^1128->_-1,^1129->_-1,
^1130->_-1,^1131->_-1,^1132->_-1,^1133->_-1,^1134->_1185,^1135->_-1,^1136->_-1,^1137->_-1,^1138->_-1,^1139->_-1,
^1140->_-1,^1141->_-1,^1142->_-1,^1143->_-1,^1144->_-1,^1145->_-1,^1146->_-1,^1147->_-1,^1148->_-1,^1149->_-1,
^1150->_-1,^1151->_-1,^1152->_-1,^1153->_-1,^1154->_-1,^1155->_-1,^1156->_-1,^1157->_-1,^1158->_-1,^1159->_-1,
^1160->_-1,^1161->_1212,^1162->_-1,^1163->_-1,^1164->_-1,^1165->_-1,^1166->_-1,^1167->_-1,^1168->_-1,^1169->_-1,
^1170->_-1,^1171->_-1,^1172->_-1,^1173->_-1,^1174->_1226,^1175->_-1,^1176->_-1,^1177->_-1,^1178->_-1,^1179->_-1,
^1180->_-1,^1181->_-1,^1182->_-1,^1183->_-1,^1184->_-1,^1185->_-1,^1186->_-1,^1187->_-1,^1188->_-1,^1189->_-1,
^1190->_-1,^1191->_-1,^1192->_-1,^1193->_-1,^1194->_-1,^1195->_-1,^1196->_-1,^1197->_-1,^1198->_-1,^1199->_-1,
^1200->_1253,^1201->_-1,^1202->_1255,^1203->_-1,^1204->_-1,^1205->_-1,^1206->_-1,^1207->_-1,^1208->_-1,^1209->_-1,
^1210->_-1,^1211->_-1,^1212->_-1,^1213->_-1,^1214->_-1,^1215->_-1,^1216->_-1,^1217->_-1,^1218->_-1,^1219->_-1,
^1220->_-1,^1221->_-1,^1222->_-1,^1223->_-1,^1224->_-1,^1225->_-1,^1226->_-1,^1227->_-1,^1228->_-1,^1229->_-1,
^1230->_-1,^1231->_-1,^1232->_-1,^1233->_-1,^1234->_-1,^1235->_-1,^1236->_-1,^1237->_-1,^1238->_-1,^1239->_-1,
^1240->_-1,^1241->_-1,^1242->_-1,^1243->_-1,^1244->_-1,^1245->_-1,^1246->_-1,^1247->_-1,^1248->_-1,^1249->_-1,
^1250->_-1,^1251->_-1,^1252->_-1,^1253->_-1,^1254->_-1,^1255->_-1,^1256->_-1,^1257->_-1,^1258->_-1,^1259->_-1,
^1260->_-1,^1261->_1314,^1262->_-1,^1263->_-1,^1264->_-1,^1265->_-1,^1266->_-1,^1267->_-1,^1268->_-1,^1269->_1322,
^1270->_1323,^1271->_-1,^1272->_-1,^1273->_-1,^1274->_-1,^1275->_-1,^1276->_-1,^1277->_-1,^1278->_-1,^1279->_-1,
^1280->_1333,^1281->_-1,^1282->_-1,^1283->_-1,^1284->_-1,^1285->_-1,^1286->_-1,^1287->_-1,^1288->_-1,^1289->_-1,
^1290->_-1,^1291->_-1,^1292->_-1,^1293->_-1,^1294->_-1,^1295->_-1,^1296->_-1,^1297->_-1,^1298->_-1,^1299->_-1,
^1300->_-1,^1301->_-1,^1302->_-1,^1303->_-1,^1304->_-1,^1305->_-1,^1306->_-1,^1307->_-1,^1308->_-1,^1309->_-1,
^1310->_-1,^1311->_-1,^1312->_-1,^1313->_-1,^1314->_-1,^1315->_-1,^1316->_1369,^1317->_-1,^1318->_-1,^1319->_-1,
^1320->_-1,^1321->_-1,^1322->_-1,^1323->_-1,^1324->_-1,^1325->_-1,^1326->_-1,^1327->_-1,^1328->_-1,^1329->_-1,
^1330->_-1,^1331->_-1,^1332->_-1,^1333->_-1,^1334->_-1,^1335->_-1,^1336->_-1,^1337->_-1,^1338->_-1,^1339->_-1,
^1340->_-1,^1341->_-1,^1342->_-1,^1343->_-1,^1344->_-1,^1345->_-1,^1346->_-1,^1347->_-1,^1348->_-1,^1349->_-1,
^1350->_-1,^1351->_-1,^1352->_-1,^1353->_-1,^1354->_-1,^1355->_-1,^1356->_-1,^1357->_-1,^1358->_-1,^1359->_-1,
^1360->_-1,^1361->_-1,^1362->_-1,^1363->_-1,^1364->_1417,^1365->_-1,^1366->_-1,^1367->_-1,^1368->_-1,^1369->_-1,
^1370->_-1,^1371->_-1,^1372->_-1,^1373->_-1,^1374->_-1,^1375->_-1,^1376->_-1,^1377->_-1,^1378->_-1,^1379->_-1,
^1380->_-1,^1381->_-1,^1382->_-1,^1383->_-1,^1384->_-1,^1385->_-1,^1386->_-1,^1387->_-1,^1388->_-1,^1389->_-1,
^1390->_-1,^1391->_-1,^1392->_-1,^1393->_-1,^1394->_-1,^1395->_-1,^1396->_-1,^1397->_-1,^1398->_-1,^1399->_-1,
^1400->_-1,^1401->_-1,^1402->_-1,^1403->_-1,^1404->_-1,^1405->_-1,^1406->_-1,^1407->_-1,^1408->_-1,^1409->_-1,
^1410->_-1,^1411->_-1,^1412->_-1,^1413->_-1,^1414->_-1,^1415->_-1,^1416->_-1,^1417->_-1,^1418->_-1,^1419->_-1,
^1420->_-1,^1421->_-1,^1422->_-1,^1423->_-1,^1424->_-1,^1425->_-1,^1426->_-1,^1427->_-1,^1428->_-1,^1429->_-1,
^1430->_-1,^1431->_-1,^1432->_-1,^1433->_-1,^1434->_1487,^1435->_-1,^1436->_-1,^1437->_1490,^1438->_-1,^1439->_-1,
^1440->_-1,^1441->_-1,^1442->_-1,^1443->_1496,^1444->_1497,^1445->_-1,^1446->_-1,^1447->_-1,^1448->_-1,^1449->_1502,
^1450->_1503,^1451->_-1,^1452->_1505,^1453->_-1,^1454->_-1,^1455->_-1,^1456->_-1,^1457->_-1,^1458->_-1,^1459->_-1,
^1460->_1513,^1461->_-1,^1462->_1515,^1463->_1516,^1464->_-1,^1465->_-1,^1466->_-1,^1467->_-1,^1468->_-1,^1469->_1522,
^1470->_-1,^1471->_-1,^1472->_1525,^1473->_1526,^1474->_-1,^1475->_-1,^1476->_-1,^1477->_1530,^1478->_1531,^1479->_-1,
^1480->_-1,^1481->_-1,^1482->_-1,^1483->_-1,^1484->_-1,^1485->_-1,^1486->_-1,^1487->_-1,^1488->_1541,^1489->_1542,
^1490->_-1,^1491->_-1,^1492->_-1,^1493->_-1,^1494->_-1,^1495->_1548,^1496->_-1,^1497->_1550,^1498->_-1,^1499->_1552,
^1500->_1553,^1501->_-1,^1502->_-1,^1503->_-1,^1504->_-1,^1505->_-1,^1506->_1559,^1507->_1560,^1508->_1561,^1509->_-1,
^1510->_1563,^1511->_-1,^1512->_-1,^1513->_-1,^1514->_-1,^1515->_-1,^1516->_-1,^1517->_-1,^1518->_-1,^1519->_-1,
^1520->_1573,^1521->_1821,^1522->_1574,^1523->_1575,^1524->_1576,^1525->_1577,^1526->_1578,^1527->_1579,^1528->_1580,^1529->_1581,
^1530->_1582,^1531->_1583,^1532->_1584,^1533->_1585,^1534->_1586,^1535->_1587,^1536->_1588,^1537->_1589,^1538->_1590,^1539->_1591,
^1540->_1592,^1541->_1593,^1542->_1594,^1543->_1595,^1544->_1596,^1545->_1597,^1546->_1598,^1547->_1599,^1548->_1600,^1549->_1601,
^1550->_1602,^1551->_1603,^1552->_1604,^1553->_1605,^1554->_1606,^1555->_1607,^1556->_1608,^1557->_1609,^1558->_1610,^1559->_1611,
^1560->_1612,^1561->_1613,^1562->_1614,^1563->_1615,^1564->_1616,^1565->_1617,^1566->_1618,^1567->_1619,^1568->_1620,^1569->_1621,
^1570->_1622,^1571->_1623,^1572->_1624,^1573->_1625,^1574->_1626,^1575->_1627,^1576->_1628,^1577->_1629,^1578->_1630,^1579->_1631,
^1580->_1632,^1581->_1633,^1582->_1634,^1583->_1635,^1584->_1636,^1585->_1637,^1586->_1638,^1587->_1639,^1588->_1640,^1589->_1641,
^1590->_1642,^1591->_1643,^1592->_1644,^1593->_1645,^1594->_1646,^1595->_1647,^1596->_1648,^1597->_1649,^1598->_1650,^1599->_1651,
^1600->_1652,^1601->_1653,^1602->_1654,^1603->_1655,^1604->_1656,^1605->_1657,^1606->_1658,^1607->_1659,^1608->_1660,^1609->_1661,
^1610->_1662,^1611->_1663,^1612->_1664,^1613->_1665,^1614->_1666,^1615->_1667,^1616->_1668,^1617->_1669,^1618->_1670,^1619->_1671,
^1620->_1672,^1621->_1673,^1622->_1674,^1623->_1675,^1624->_1676,^1625->_1677,^1626->_1678,^1627->_1679,^1628->_1680,^1629->_1681,
^1630->_1682,^1631->_1683,^1632->_1684,^1633->_1685,^1634->_1686,^1635->_1687,^1636->_1688,^1637->_1689,^1638->_1690,^1639->_1691,
^1640->_1692,^1641->_1693,^1642->_1694,^1643->_1695,^1644->_1696,^1645->_1697,^1646->_1698,^1647->_1699,^1648->_1700,^1649->_1701,
^1650->_1702,^1651->_1703,^1652->_1704,^1653->_1705,^1654->_1706,^1655->_1707,^1656->_1708,^1657->_1709,^1658->_1710,^1659->_1711,
^1660->_1712,^1661->_1713,^1662->_1714,^1663->_1715,^1664->_1716,^1665->_1717,^1666->_1718,^1667->_1719,^1668->_1720,^1669->_1721,
^1670->_1722,^1671->_1723,^1672->_1724,^1673->_1725,^1674->_1726,^1675->_1727,^1676->_1728,^1677->_1729,^1678->_1730,^1679->_1731,
^1680->_1732,^1681->_1733,^1682->_1734,^1683->_1735,^1684->_1736,^1685->_1737,^1686->_1738,^1687->_1739,^1688->_1740,^1689->_1741,
^1690->_1742,^1691->_1743,^1692->_1744,^1693->_1745,^1694->_1746,^1695->_1747,^1696->_1748,^1697->_1749,^1698->_1750,^1699->_1751,
^1700->_1752,^1701->_1753,^1702->_1754,^1703->_1755,^1704->_1756,^1705->_1757,^1706->_1758,^1707->_1759,^1708->_1760,^1709->_1761,
^1710->_1762,^1711->_1763,^1712->_1764,^1713->_1765,^1714->_1766,^1715->_1767,^1716->_1768,^1717->_1769,^1718->_1770,^1719->_1771,
^1720->_1772,^1721->_1773,^1722->_1774,^1723->_1775,^1724->_1776,^1725->_1777,^1726->_1778,^1727->_1779,^1728->_1780,^1729->_1781,
^1730->_1782,^1731->_1783,^1732->_1784,^1733->_1785,^1734->_1786,^1735->_1787,^1736->_1788,^1737->_1789,^1738->_1790,^1739->_1791,
^1740->_1792,^1741->_1793,^1742->_1794,^1743->_1795,^1744->_1796,^1745->_1797,^1746->_1798,^1747->_1799,^1748->_1800,^1749->_1801,
^1750->_1802,^1751->_1803,^1752->_1804,^1753->_1805,^1754->_1806,^1755->_1807,^1756->_1808,^1757->_1809,^1758->_1810,^1759->_1811,
^1760->_1812,^1761->_1813,^1762->_1814,^1763->_1815,^1764->_1816,^1765->_1817,^1766->_1818,^1767->_1819,^1768->_1820,^1769->_1822,
^1770->_1823,^1771->_1824,^1772->_1825,^1773->_1826,^1774->_1827,^1775->_1828,^1776->_1829,^1777->_1830,^1778->_1831,^1779->_1832,
^1780->_1833,^1781->_1834,^1782->_1835,^1783->_1836,^1784->_1837,^1785->_1838,^1786->_1839,^1787->_1840,^1788->_1841,^1789->_1842,
^1790->_1843,^1791->_1844,^1792->_1845,^1793->_1846,^1794->_1847,^1795->_1848,^1796->_1849,^1797->_1850,^1798->_1851,^1799->_1852,
^1800->_1853,^1801->_1854,^1802->_1855,^1803->_1856,^1804->_1857,^1805->_1858,^1806->_1859,^1807->_1860,^1808->_1861,^1809->_1862,
^1810->_1863,^1811->_1864,^1812->_1865,^1813->_1866,^1814->_1867,^1815->_1868,^1816->_1869,^1817->_1870,^1818->_1871,^1819->_1872,
^1820->_1873,^1821->_1874,^1822->_1875,^1823->_1876,^1824->_1877,^1825->_1878,^1826->_1879,^1827->_1880,^1828->_1881,^1829->_1882,
^1830->_1883,^1831->_1884,^1832->_1885,^1833->_1886,^1834->_1887,^1835->_1888,^1836->_1889,^1837->_1890,^1838->_1891,^1839->_1892,
^1840->_1893,^1841->_1894,^1842->_1895,^1843->_1896,^1844->_1897,^1845->_1898,^1846->_1899,^1847->_1900,^1848->_1901,^1849->_1902,
^1850->_1903,^1851->_1904,^1852->_1905,^1853->_1906,^1854->_1907,^1855->_1908,^1856->_1909,^1857->_1910,^1858->_1911,^1859->_1912,
^1860->_1913,^1861->_1914,^1862->_1915,^1863->_1916,^1864->_1917,^1865->_1918,^1866->_1919,^1867->_1920,^1868->_1921,^1869->_1922,
^1870->_1923,^1871->_1924,^1872->_1925,^1873->_1926,^1874->_1927,^1875->_1928,^1876->_1929,^1877->_1930,^1878->_1931,^1879->_1932,
^1880->_1933,^1881->_1934,^1882->_1935,^1883->_1936,^1884->_1937,^1885->_1938,^1886->_1939,^1887->_1940,^1888->_1941,^1889->_1942,
^1890->_1943,^1891->_1944,^1892->_1945,^1893->_1946,^1894->_1947,^1895->_1948,^1896->_1949,^1897->_1950,^1898->_1951,^1899->_1952,
^1900->_1953,^1901->_1954,^1902->_1955,^1903->_1956,^1904->_1957,^1905->_1958,^1906->_1959,^1907->_1960,^1908->_1961,^1909->_1962,
^1910->_1963,^1911->_1964,^1912->_1965,^1913->_1966,^1914->_1967,^1915->_1968,^1916->_1969,^1917->_1970,^1918->_1971,^1919->_1972,
^1920->_1973,^1921->_1974,^1922->_1975,^1923->_1976,^1924->_1977,^1925->_1978,^1926->_1979,^1927->_1980,^1928->_1981,^1929->_1982,
^1930->_1983,^1931->_1984,^1932->_1985,^1933->_1986,^1934->_1987,^1935->_1988,^1936->_1989,^1937->_1990,^1938->_1991,^1939->_1992,
^1940->_1993,^1941->_1994,^1942->_1995,^1943->_1996,^1944->_1997,^1945->_1998,^1946->_1999,^1947->_2000,^1948->_2001,^1949->_2002,
^1950->_2003,^1951->_2004,^1952->_2005,^1953->_2006,^1954->_2007,^1955->_2008,^1956->_2009,^1957->_2010,^1958->_2011,^1959->_2012,
^1960->_2013,^1961->_2014,^1962->_2015,^1963->_2016,^1964->_2017,^1965->_2018,^1966->_2019,^1967->_2020,^1968->_2021,^1969->_2022,
^1970->_2023,^1971->_2024,^1972->_2025,^1973->_2026,^1974->_2027,^1975->_2028,^1976->_2029,^1977->_2030,^1978->_2031,^1979->_2032,
^1980->_2033,^1981->_2034,^1982->_2035,^1983->_2036,^1984->_2037,^1985->_2038,^1986->_2039,^1987->_2040,^1988->_2041,^1989->_2042,
^1990->_2043,^1991->_2044,^1992->_2045,^1993->_2046,^1994->_2047,^1995->_2048,^1996->_2049,^1997->_2050,^1998->_2051,^1999->_2052,
^2000->_2053,^2001->_2054,^2002->_2055,^2003->_2056,^2004->_2057,^2005->_2058,^2006->_2059,^2007->_2060,^2008->_2061,^2009->_2062,
^2010->_2063,^2011->_2064,^2012->_2065,^2013->_2066,^2014->_2067,^2015->_2068,^2016->_2069,^2017->_2070,^2018->_2071,^2019->_2072,
^2020->_2073,^2021->_2074,^2022->_2075,^2023->_2076,^2024->_2077,^2025->_2078,^2026->_2079,^2027->_2080,^2028->_2081,^2029->_2082,
^2030->_2083,^2031->_2084,^2032->_2085,^2033->_2086,^2034->_2087,^2035->_2088,^2036->_2089,^2037->_2090,^2038->_2091,^2039->_2092,
^2040->_2093,^2041->_2094,^2042->_2095,^2043->_2096,^2044->_2097,^2045->_2098,^2046->_2099,^2047->_2100,^2048->_2101,^2049->_2102,
^2050->_2103,^2051->_2104,^2052->_2105,^2053->_2106,^2054->_2107,^2055->_2108,^2056->_2109,^2057->_2110,^2058->_2111,^2059->_2112,
^2060->_2113,^2061->_2114,^2062->_2115,^2063->_2116,^2064->_2117,^2065->_2118,^2066->_2119,^2067->_2120,^2068->_2121,^2069->_2122,
^2070->_2123,^2071->_2124,^2072->_2125,^2073->_2126,^2074->_2127,^2075->_2128,^2076->_2129,^2077->_2130,^2078->_2131,^2079->_2132,
^2080->_2133,^2081->_2134,^2082->_2135,^2083->_2136,^2084->_2137,^2085->_2138,^2086->_2139,^2087->_2140,^2088->_2141,^2089->_2142,
^2090->_2143,^2091->_2144,^2092->_2145,^2093->_2146,^2094->_2147,^2095->_2148,^2096->_2149,^2097->_2150,^2098->_2151,^2099->_2152,
^2100->_2153,^2101->_2154,^2102->_2155,^2103->_2156,^2104->_2157,^2105->_2158,^2106->_2159,^2107->_2160,^2108->_2161,^2109->_2162,
^2110->_2163,^2111->_2164,^2112->_2165,^2113->_2166,^2114->_2167,^2115->_2168,^2116->_2169,^2117->_2170,^2118->_2171,^2119->_2172,
^2120->_2173,^2121->_2174,^2122->_2175,^2123->_2176,^2124->_2177,^2125->_2178,^2126->_2179,^2127->_2180,^2128->_2181,^2129->_2182,
^2130->_2183,^2131->_2184,^2132->_2185,^2133->_2186,^2134->_2187,^2135->_2188,^2136->_2189,^2137->_2190,^2138->_2191,^2139->_2192,
^2140->_2193,^2141->_2194,^2142->_2195,^2143->_2196,^2144->_2197,^2145->_2198,^2146->_2199,^2147->_2200,^2148->_2201,^2149->_2202,
^2150->_2203,^2151->_2204,^2152->_2205,^2153->_2206,^2154->_2207,^2155->_2208,^2156->_2209,^2157->_2210,^2158->_2211,^2159->_2212,
^2160->_2213,^2161->_2214,^2162->_2215,^2163->_2216,^2164->_2217,^2165->_2218,^2166->_2219,^2167->_2220,^2168->_2221,^2169->_2222,
^2170->_2223,^2171->_2224,^2172->_2225,^2173->_2226,^2174->_2227,^2175->_2228,^2176->_2229,^2177->_2230,^2178->_2231,^2179->_2232,
^2180->_2233,^2181->_2234,^2182->_2235,^2183->_2236,^2184->_2237,^2185->_2238,^2186->_2239,^2187->_2240,^2188->_2241,^2189->_2242,
^2190->_2243,^2191->_2244,^2192->_2245,^2193->_2246,^2194->_2247,^2195->_2248,^2196->_2249,^2197->_2250,^2198->_2251,^2199->_2252,
^2200->_2253,^2201->_2254,^2202->_2255,^2203->_2256,^2204->_2257,^2205->_2258,^2206->_2259,^2207->_2260,^2208->_2261,^2209->_2262,
^2210->_2263,^2211->_2264,^2212->_2265,^2213->_2266,^2214->_2267,^2215->_2268,^2216->_2269,^2217->_2270,^2218->_2271,^2219->_2272,
^2220->_2273,^2221->_2274,^2222->_2275,^2223->_2276,^2224->_2277,^2225->_2278,^2226->_2279,^2227->_2280,^2228->_2281,^2229->_2282,
^2230->_2283,^2231->_2284,^2232->_2285,^2233->_2286,^2234->_2287,^2235->_2288,^2236->_2289,^2237->_2290,^2238->_2291,^2239->_2292,
^2240->_2293,^2241->_2294,^2242->_2295,^2243->_2296,^2244->_2297,^2245->_2298,^2246->_2299,^2247->_2300,^2248->_2301,^2249->_2302,
^2250->_2303,^2251->_2304,^2252->_2305,^2253->_2306,^2254->_2307,^2255->_2308,^2256->_2309,^2257->_2310,^2258->_2311,^2259->_2312,
^2260->_2313,^2261->_2314,^2262->_2315,^2263->_2316,^2264->_2317,^2265->_2318,^2266->_2319,^2267->_2320,^2268->_2321,^2269->_2322,
^2270->_2323,^2271->_2324,^2272->_2325,^2273->_2326,^2274->_2327,^2275->_2328,^2276->_2329,^2277->_2330,^2278->_2331,^2279->_2332,
^2280->_2333,^2281->_2334,^2282->_2335,^2283->_2336,^2284->_2337,^2285->_2338,^2286->_2339,^2287->_2340,^2288->_2341,^2289->_2342,
^2290->_2343,^2291->_2344,^2292->_2345,^2293->_2346,^2294->_2347,^2295->_2348,^2296->_2349,^2297->_2350,^2298->_2351,^2299->_2352,
^2300->_2353,^2301->_2354,^2302->_2355,^2303->_2356,^2304->_2357,^2305->_2358,^2306->_2359,^2307->_2360,^2308->_2361,^2309->_2362,
^2310->_2363,^2311->_2364,^2312->_2365,^2313->_2366,^2314->_2367,^2315->_2368,^2316->_2369,^2317->_2370,^2318->_2371,^2319->_2372,
^2320->_2373,^2321->_2374,^2322->_2375,^2323->_2376,^2324->_2377,^2325->_2378,^2326->_2379,^2327->_2380,^2328->_2382,^2329->_2382,
map of replaced nodes (pGia):
map 1615 to 568
map of replaced nodes (pAbs):
map (425) to (486)
