ABC command line: "&read _init.aig; &fdrw -g -G 2 -E 2 -P 70.0 -a -F _coef.log -C 100".

Level
....level is computed as FO
....use shortest path as dist = 0
....pick min of dist as level = 0
....Level is computed on pAbs = 1
Itp
....Itp is computed with incremental sat solver = 0
....Itp is computed on pAbs = 0
....G support contain merge frontier = 1
....G supprot contain not same merge frontier support = 2
....cost eval of the patch is 2
....coef of cost eval = 70.000000
Shrink
....keep special case 0 in Gsupport first
....shrink base on level of pAbs
FD Rewrite
....synthesis before replacement = 0
....synthesis after rewriting = 0
initial #Unsat: 504
start replace node finding
maxMffc = 262, max reduce = 30
dump 1941, new mffc = 261
dump 1952, new mffc = 260
dump 1982, new mffc = 259
dump 1989, new mffc = 258
dump 2009, new mffc = 257
dump 2012, new mffc = 256
dump 2074, new mffc = 255
dump 2081, new mffc = 254
dump 2087, new mffc = 253
dump 2114, new mffc = 252
dump 2118, new mffc = 251
dump 2128, new mffc = 250
dump 2235, new mffc = 249
dump 2236, new mffc = 248
dump 2308, new mffc = 247
dump 2345, new mffc = 246
dump 2354, new mffc = 245
dump 2366, new mffc = 244
dump 2376, new mffc = 243
dump 2394, new mffc = 242
dump 2454, new mffc = 241
dump 2455, new mffc = 240
dump 2188, new mffc = 238
dump 2258, new mffc = 236
dump 2326, new mffc = 234
dump 2014, new mffc = 232
dump 2347, new mffc = 230
dump 2353, new mffc = 228
dump 2468, new mffc = 226
dump 2233, new mffc = 223
nid = 2213, patch size = 5
nid = 2201, patch size = 6
nid = 2254, patch size = 6
nid = 2301, patch size = 49
nid = 2302, patch size = 39
nid = 2255, patch size = 12
nid = 2365, patch size = 60
nid = 2054, patch size = 22
nid = 2322, patch size = 18
nid = 2287, patch size = 18
nid = 2229, patch size = 18
nid = 2402, patch size = 17
nid = 2208, patch size = 21
nid = 2141, patch size = 23
nid = 2195, patch size = 48
nid = 2221, patch size = 30
nid = 2127, patch size = 29
nid = 2061, patch size = 31
nid = 2071, patch size = 54
nid = 2177, patch size = 39
nid = 2193, patch size = 27
nid = 2157, patch size = 29
nid = 2016, patch size = 42
nid = 2017, patch size = 44
nid = 2070, patch size = 47
nid = 2172, patch size = 30
nid = 2174, patch size = 69
nid = 1977, patch size = 18
nid = 2282, patch size = 49
nid = 2509, patch size = 50
nid = 2510, patch size = 49
nid = 2281, patch size = 57
nid = 2334, patch size = 43
start replacement
trim: 2476->1804
Trim time:  4.684744 sec
start conflict test
start final
newly find #UNSAT: 6
nid = 1427(1087)
conflict = 75
patch = 44
org status = -5
nid = 1440(1100)
conflict = 37
patch = 45
org status = -5
nid = 1560(1219)
conflict = 51
patch = 60
org status = -5
nid = 1601(1260)
conflict = 16
patch = 34
org status = -5
nid = 1799(1440)
conflict = 15
patch = 21
org status = -5
nid = 1910(1542)
conflict = 6
patch = 3
org status = -7
nSimWords = 0
