ABC command line: "&read _init.aig; &fdrw -g -G 2 -E 2 -P 70.0 -a -F _coef.log -C 100".

Level
....level is computed as FO
....use shortest path as dist = 0
....pick min of dist as level = 0
....Level is computed on pAbs = 1
Itp
....Itp is computed with incremental sat solver = 0
....Itp is computed on pAbs = 0
....G support contain merge frontier = 1
....G supprot contain not same merge frontier support = 2
....cost eval of the patch is 2
....coef of cost eval = 70.000000
Shrink
....keep special case 0 in Gsupport first
....shrink base on level of pAbs
FD Rewrite
....synthesis before replacement = 0
....synthesis after rewriting = 0
initial #Unsat: 468
start replace node finding
maxMffc = 175, max reduce = 26
dump 1492, new mffc = 174
dump 1729, new mffc = 173
dump 1732, new mffc = 172
dump 1742, new mffc = 170
dump 1778, new mffc = 168
dump 1430, new mffc = 164
dump 1669, new mffc = 160
dump 1796, new mffc = 159
nid = 1612, patch size = 29
nid = 1613, patch size = 35
nid = 1654, patch size = 13
nid = 1719, patch size = 7
nid = 1726, patch size = 14
nid = 1490, patch size = 15
nid = 1658, patch size = 33
nid = 1602, patch size = 16
nid = 1453, patch size = 23
nid = 1576, patch size = 16
nid = 1455, patch size = 39
nid = 1592, patch size = 50
nid = 1757, patch size = 26
nid = 1483, patch size = 24
nid = 1759, patch size = 31
nid = 1740, patch size = 33
nid = 1638, patch size = 36
nid = 1535, patch size = 65
nid = 1516, patch size = 41
start replacement
trim: 2479->2145
Trim time:  5.353680 sec
start conflict test
start final
newly find #UNSAT: 26
nid = 2135(2072)
conflict = 66
patch = 67
org status = -5
nid = 2142(2099)
conflict = 77
patch = 61
org status = -5
nid = 2200(2132)
conflict = 5
patch = 8
org status = -5
nid = 2273(2188)
conflict = 0
patch = 3
org status = -1
nid = 2274(2189)
conflict = 0
patch = 3
org status = -7
nid = 2308(2206)
conflict = 2
patch = 5
org status = -5
nid = 2340(2236)
conflict = 7
patch = 9
org status = -1
nid = 2350(2243)
conflict = 7
patch = 5
org status = -5
nid = 2365(2258)
conflict = 18
patch = 24
org status = -5
nid = 2366(2259)
conflict = 32
patch = 52
org status = -5
nid = 2371(2264)
conflict = 25
patch = 21
org status = -5
nid = 2374(2266)
conflict = 0
patch = 3
org status = -1
nid = 2377(2268)
conflict = 2
patch = 9
org status = -5
nid = 2393(2284)
conflict = 6
patch = 3
org status = -1
nid = 2396(2285)
conflict = 0
patch = 3
org status = -5
nid = 2430(2314)
conflict = 69
patch = 41
org status = -5
nid = 2437(2319)
conflict = 42
patch = 18
org status = -7
nid = 2440(2324)
conflict = 2
patch = 11
org status = -1
nid = 2460(2345)
conflict = 49
patch = 28
org status = -1
nid = 2474(2357)
conflict = 29
patch = 63
org status = -5
nid = 2486(2363)
conflict = 9
patch = 1
org status = -5
nid = 2491(2368)
conflict = 22
patch = 32
org status = -1
nid = 2498(2377)
conflict = 11
patch = 13
org status = -1
nid = 2501(2378)
conflict = 11
patch = 14
org status = -5
nid = 2502(2379)
conflict = 10
patch = 15
org status = -5
nid = 2511(2393)
conflict = 57
patch = 57
org status = -7
nSimWords = 0
    0 : { 2026 2002 1955 }
    1 : { 2027 2003 1961 }
    2 : { 2022 1998 2558 }
    3 : { 1996 1969 2097 }
    4 : { 1990 1963 2551 }
    5 : { 1997 1970 2552 }
    6 : { 1992 1965 2000 }
    7 : { 2001 1976 1955 }
    8 : { 1980 2560 831 }
    9 : { 1160 1163 342 }
   10 : { 1161 1160 1161 }
