ABC command line: "&read _init.aig; &fdrw -g -G 2 -E 2 -P 70.0 -a -F _coef.log -C 100".

Level
....level is computed as FO
....use shortest path as dist = 0
....pick min of dist as level = 0
....Level is computed on pAbs = 1
Itp
....Itp is computed with incremental sat solver = 0
....Itp is computed on pAbs = 0
....G support contain merge frontier = 1
....G supprot contain not same merge frontier support = 2
....cost eval of the patch is 2
....coef of cost eval = 70.000000
Shrink
....keep special case 0 in Gsupport first
....shrink base on level of pAbs
FD Rewrite
....synthesis before replacement = 0
....synthesis after rewriting = 0
initial #Unsat: 585
start replace node finding
maxMffc = 208, max reduce = 34
dump 1126, new mffc = 207
dump 1153, new mffc = 206
dump 1121, new mffc = 203
dump 583, new mffc = 200
nid = 924, patch size = 29
nid = 1306, patch size = 34
nid = 1343, patch size = 46
nid = 1115, patch size = 17
nid = 1176, patch size = 29
nid = 1383, patch size = 9
nid = 1586, patch size = 17
nid = 1587, patch size = 15
nid = 1253, patch size = 20
nid = 1374, patch size = 24
nid = 1498, patch size = 41
nid = 2297, patch size = 27
nid = 1337, patch size = 69
nid = 1229, patch size = 27
nid = 1099, patch size = 49
start replacement
trim: 3181->2963
Trim time: 11.679345 sec
start conflict test
start final
newly find #UNSAT: 19
nid = 2616(2655)
conflict = 34
patch = 28
org status = -5
nid = 2655(2690)
conflict = 17
patch = 14
org status = -5
nid = 2656(2691)
conflict = 8
patch = 10
org status = -1
nid = 2772(2729)
conflict = 6
patch = 18
org status = -1
nid = 2814(2813)
conflict = 44
patch = 60
org status = -5
nid = 2915(2923)
conflict = 89
patch = 58
org status = -5
nid = 2919(2927)
conflict = 31
patch = 40
org status = -5
nid = 2920(2928)
conflict = 27
patch = 24
org status = -5
nid = 2921(2929)
conflict = 41
patch = 44
org status = -1
nid = 3029(2982)
conflict = 5
patch = 15
org status = -5
nid = 3061(3004)
conflict = 10
patch = 9
org status = -1
nid = 3066(3028)
conflict = 92
patch = 69
org status = -5
nid = 3070(3059)
conflict = 25
patch = 20
org status = -1
nid = 3149(3097)
conflict = 10
patch = 16
org status = -5
nid = 3159(3100)
conflict = 29
patch = 35
org status = -5
nid = 3095(3271)
conflict = 34
patch = 36
org status = -5
nid = 3096(3272)
conflict = 35
patch = 35
org status = -1
nid = 3097(3273)
conflict = 54
patch = 67
org status = -7
nid = 3119(3275)
conflict = 74
patch = 56
org status = -7
nSimWords = 0
    0 : { 2195 2149 428 }
    1 : { 419 2149 428 }
    2 : { 1506 2273 1481 }
    3 : { 1509 2276 1482 }
    4 : { 1510 2259 1485 }
    5 : { 1106 1296 1041 }
    6 : { 1359 819 1183 }
    7 : { 1029 1110 1025 }
    8 : { 293 367 329 }
    9 : { 586 591 369 }
   10 : { 660 392 662 }
   11 : { 330 358 359 }
   12 : { 617 620 427 }
   13 : { 390 387 368 }
   14 : { 479 374 484 }
   15 : { 319 346 306 }
   16 : { 409 512 341 }
   17 : { 291 378 386 }
   18 : { 387 350 387 }
   19 : { 320 347 350 }
   20 : { 323 386 353 }
