ABC command line: "&read _init.aig; &fdrw -g -G 2 -E 2 -P 70.0 -a -F _coef.log -C 100".

Level
....level is computed as FO
....use shortest path as dist = 0
....pick min of dist as level = 0
....Level is computed on pAbs = 1
Itp
....Itp is computed with incremental sat solver = 0
....Itp is computed on pAbs = 0
....G support contain merge frontier = 1
....G supprot contain not same merge frontier support = 2
....cost eval of the patch is 2
....coef of cost eval = 70.000000
Shrink
....keep special case 0 in Gsupport first
....shrink base on level of pAbs
FD Rewrite
....synthesis before replacement = 0
....synthesis after rewriting = 0
initial #Unsat: 511
start replace node finding
maxMffc = 431, max reduce = 45
dump 1902, new mffc = 430
dump 2005, new mffc = 429
dump 2101, new mffc = 428
dump 2104, new mffc = 427
dump 2132, new mffc = 426
dump 2155, new mffc = 425
dump 2171, new mffc = 424
dump 2212, new mffc = 423
dump 2219, new mffc = 422
dump 2222, new mffc = 421
dump 2240, new mffc = 420
dump 2342, new mffc = 419
dump 2570, new mffc = 418
dump 2597, new mffc = 417
dump 2620, new mffc = 416
dump 2108, new mffc = 414
dump 2165, new mffc = 412
dump 2224, new mffc = 411
dump 2226, new mffc = 409
dump 2473, new mffc = 407
dump 2098, new mffc = 405
dump 2002, new mffc = 402
dump 2471, new mffc = 399
nid = 2270, patch size = 44
nid = 2145, patch size = 61
nid = 2141, patch size = 68
nid = 2435, patch size = 22
nid = 2444, patch size = 47
nid = 2268, patch size = 39
nid = 2301, patch size = 64
nid = 2052, patch size = 18
nid = 2384, patch size = 22
nid = 2454, patch size = 31
nid = 2476, patch size = 25
nid = 2339, patch size = 43
nid = 2340, patch size = 35
nid = 2059, patch size = 70
nid = 2557, patch size = 42
nid = 2428, patch size = 21
nid = 2466, patch size = 40
nid = 2291, patch size = 58
nid = 2468, patch size = 54
nid = 2391, patch size = 50
nid = 2395, patch size = 69
nid = 2487, patch size = 39
nid = 2090, patch size = 38
nid = 2516, patch size = 44
nid = 2255, patch size = 47
nid = 2412, patch size = 70
nid = 1871, patch size = 34
nid = 1872, patch size = 64
nid = 2332, patch size = 31
nid = 1970, patch size = 36
nid = 1880, patch size = 46
nid = 2047, patch size = 70
nid = 1943, patch size = 52
nid = 2562, patch size = 45
nid = 2216, patch size = 32
nid = 2369, patch size = 39
nid = 2045, patch size = 55
start replacement
trim: 3043->1896
Trim time:  5.790879 sec
start conflict test
start final
newly find #UNSAT: 7
nid = 1435(1167)
conflict = 18
patch = 10
org status = -7
nid = 1603(1253)
conflict = 63
patch = 52
org status = -1
nid = 1779(1475)
conflict = 57
patch = 41
org status = -5
nid = 1783(1477)
conflict = 7
patch = 3
org status = -7
nid = 1784(1478)
conflict = 64
patch = 40
org status = -7
nid = 1820(1506)
conflict = 7
patch = 3
org status = -7
nid = 1838(1514)
conflict = 16
patch = 11
org status = -7
nSimWords = 0
    0 : { 2180 1975 525 }
    1 : { 1953 2639 2636 }
    2 : { 1788 1831 1827 }
    3 : { 1790 1833 1826 }
    4 : { 1784 1833 1826 }
    5 : { 1785 1831 1827 }
    6 : { 1437 1445 1725 }
    7 : { 1620 1724 1726 }
    8 : { 1468 1634 1546 }
    9 : { 1432 1477 1518 }
   10 : { 1452 1523 1453 }
   11 : { 1433 1438 1250 }
   12 : { 1434 1444 1349 }
   13 : { 1401 1781 1406 }
   14 : { 450 445 427 }
   15 : { 528 527 468 }
   16 : { 451 448 468 }
   17 : { 470 534 469 }
   18 : { 447 468 445 }
   19 : { 448 480 448 }
