ABC command line: "&read _init.aig; &fdrw -g -G 2 -E 2 -P 70.0 -a -F _coef.log -C 100".

Level
....level is computed as FO
....use shortest path as dist = 0
....pick min of dist as level = 0
....Level is computed on pAbs = 1
Itp
....Itp is computed with incremental sat solver = 0
....Itp is computed on pAbs = 0
....G support contain merge frontier = 1
....G supprot contain not same merge frontier support = 2
....cost eval of the patch is 2
....coef of cost eval = 70.000000
Shrink
....keep special case 0 in Gsupport first
....shrink base on level of pAbs
FD Rewrite
....synthesis before replacement = 0
....synthesis after rewriting = 0
initial #Unsat: 281
there are 906 initial node to go
there are 27 node still UNSAT in ckt 2
start replace node finding
maxMffc = 418, max reduce = 59
dump 2687, new mffc = 417
dump 2879, new mffc = 416
dump 3156, new mffc = 415
dump 3178, new mffc = 414
dump 3193, new mffc = 413
dump 2639, new mffc = 411
dump 2828, new mffc = 408
nid = 3084, patch size = 34
nid = 2912, patch size = 9
nid = 2870, patch size = 10
nid = 3022, patch size = 14
nid = 2959, patch size = 34
nid = 3031, patch size = 10
nid = 2675, patch size = 19
nid = 2461, patch size = 59
nid = 2706, patch size = 21
nid = 3042, patch size = 22
nid = 3073, patch size = 36
nid = 2850, patch size = 44
nid = 2877, patch size = 28
nid = 3185, patch size = 26
nid = 2898, patch size = 33
nid = 3015, patch size = 70
nid = 2624, patch size = 30
nid = 2848, patch size = 32
nid = 3190, patch size = 14
nid = 2484, patch size = 59
nid = 2574, patch size = 22
nid = 2686, patch size = 43
nid = 2956, patch size = 22
nid = 2933, patch size = 53
nid = 2554, patch size = 48
nid = 2728, patch size = 29
nid = 2601, patch size = 40
nid = 2666, patch size = 56
nid = 2598, patch size = 35
nid = 2822, patch size = 54
nid = 2983, patch size = 45
nid = 2793, patch size = 66
start replacement
trim: 3300->2945
Trim time:  6.043967 sec
nSimWords = 0
found equivalence node....forcing fraig
    0 : { 3349 3180 3189 }
    1 : { 1956 1754 1793 }
    2 : { 2357 2041 1818 }
    3 : { 3216 3069 3007 }
    4 : { 3170 2995 3015 }
    5 : { 2865 2817 1464 }
    6 : { 2867 2816 2798 }
    7 : { 655 639 2789 }
    8 : { 2661 2637 2702 }
    9 : { 2765 2704 2624 }
   10 : { 820 817 818 }
   11 : { 821 818 817 }
   12 : { 642 626 2629 }
   13 : { 2679 2700 2638 }
   14 : { 2417 2435 2424 }
   15 : { 2429 2428 2436 }
   16 : { 2424 2436 2432 }
   17 : { 2067 2319 2249 }
   18 : { 2192 2321 2164 }
   19 : { 1982 1755 1752 }
   20 : { 1484 1256 1585 }
   21 : { 1335 1190 1513 }
   22 : { 1506 1513 1190 }
   23 : { 1441 2802 1464 }
   24 : { 1274 1408 1117 }
   25 : { 531 512 492 }
   26 : { 363 665 2627 }
   27 : { 386 356 451 }
   28 : { 696 692 485 }
   29 : { 306 323 348 }
   30 : { 515 886 494 }
   31 : { 449 420 421 }
   32 : { 417 394 390 }
   33 : { 424 390 394 }
   34 : { 311 1731 346 }
start conflict test
lable conflict
start final
newly find #UNSAT: 1
nid = 1264(1493)
conflict = 7
patch = 4
node is in initial circuit
org status = -7
nSimWords = 0
    0 : { 1751 1771 751 }
    1 : { 1752 1751 1752 }
    2 : { 1691 1505 1692 }
    3 : { 1582 1592 1581 }
    4 : { 1503 1502 1503 }
    5 : { 736 733 484 }
    6 : { 1539 1601 1520 }
    7 : { 1509 1504 1505 }
    8 : { 582 564 855 }
    9 : { 859 626 856 }
   10 : { 792 789 788 }
   11 : { 368 320 512 }
   12 : { 711 708 714 }
   13 : { 328 323 348 }
   14 : { 515 886 494 }
   15 : { 507 494 487 }
   16 : { 508 495 492 }
   17 : { 333 1731 346 }
