ABC command line: "&read _init.aig; &fdrw -g -G 2 -E 2 -P 70.0 -a -F _coef.log -C 100".

Level
....level is computed as FO
....use shortest path as dist = 0
....pick min of dist as level = 0
....Level is computed on pAbs = 1
Itp
....Itp is computed with incremental sat solver = 0
....Itp is computed on pAbs = 0
....G support contain merge frontier = 1
....G supprot contain not same merge frontier support = 2
....cost eval of the patch is 2
....coef of cost eval = 70.000000
Shrink
....keep special case 0 in Gsupport first
....shrink base on level of pAbs
FD Rewrite
....synthesis before replacement = 0
....synthesis after rewriting = 0
initial #Unsat: 484
start replace node finding
maxMffc = 303, max reduce = 31
dump 1876, new mffc = 302
dump 1877, new mffc = 301
dump 1886, new mffc = 300
dump 1893, new mffc = 299
dump 1954, new mffc = 298
dump 1989, new mffc = 297
dump 1996, new mffc = 296
dump 2035, new mffc = 295
dump 2039, new mffc = 294
dump 2043, new mffc = 293
dump 2045, new mffc = 292
dump 2050, new mffc = 291
dump 2069, new mffc = 290
dump 2081, new mffc = 289
dump 2084, new mffc = 288
dump 2103, new mffc = 287
dump 2105, new mffc = 286
dump 2154, new mffc = 285
dump 2162, new mffc = 284
dump 2163, new mffc = 283
dump 2181, new mffc = 282
dump 2255, new mffc = 281
dump 2301, new mffc = 280
dump 2063, new mffc = 278
dump 2106, new mffc = 276
dump 2107, new mffc = 275
dump 2108, new mffc = 274
dump 2046, new mffc = 272
dump 2300, new mffc = 270
dump 2403, new mffc = 268
dump 2282, new mffc = 265
nid = 2286, patch size = 15
nid = 2077, patch size = 58
nid = 2242, patch size = 6
nid = 2221, patch size = 40
nid = 1863, patch size = 33
nid = 2359, patch size = 33
nid = 2055, patch size = 44
nid = 2254, patch size = 24
nid = 2344, patch size = 13
nid = 2235, patch size = 22
nid = 2236, patch size = 19
nid = 2279, patch size = 21
nid = 2089, patch size = 45
nid = 2180, patch size = 23
nid = 1950, patch size = 46
nid = 2318, patch size = 25
nid = 2334, patch size = 59
nid = 2329, patch size = 21
nid = 1920, patch size = 31
nid = 1919, patch size = 50
nid = 1970, patch size = 33
nid = 2272, patch size = 46
nid = 1915, patch size = 41
nid = 2287, patch size = 34
nid = 2202, patch size = 48
nid = 2219, patch size = 38
nid = 1975, patch size = 57
nid = 2223, patch size = 44
nid = 1974, patch size = 39
nid = 2132, patch size = 35
nid = 2143, patch size = 66
nid = 2430, patch size = 65
nid = 2431, patch size = 58
nid = 2024, patch size = 39
start replacement
trim: 2483->1773
Trim time:  4.070934 sec
start conflict test
start final
newly find #UNSAT: 5
nid = 1643(1257)
conflict = 58
patch = 55
org status = -5
nid = 1644(1258)
conflict = 52
patch = 35
org status = -1
nid = 1653(1266)
conflict = 26
patch = 31
org status = -5
nid = 1722(1312)
conflict = 58
patch = 45
org status = -5
nid = 1806(1425)
conflict = 80
patch = 49
org status = -5
nSimWords = 0
