ABC command line: "&read _init.aig; &fdrw -g -G 2 -E 2 -P 70.0 -a -F _coef.log -C 100".

Level
....level is computed as FO
....use shortest path as dist = 0
....pick min of dist as level = 0
....Level is computed on pAbs = 1
Itp
....Itp is computed with incremental sat solver = 0
....Itp is computed on pAbs = 0
....G support contain merge frontier = 1
....G supprot contain not same merge frontier support = 2
....cost eval of the patch is 2
....coef of cost eval = 70.000000
Shrink
....keep special case 0 in Gsupport first
....shrink base on level of pAbs
FD Rewrite
....synthesis before replacement = 0
....synthesis after rewriting = 0
initial #Unsat: 436
start replace node finding
maxMffc = 214, max reduce = 32
dump 1620, new mffc = 213
dump 1740, new mffc = 212
dump 1788, new mffc = 211
dump 1554, new mffc = 209
dump 1737, new mffc = 207
dump 1818, new mffc = 205
dump 1839, new mffc = 203
dump 1752, new mffc = 200
dump 1795, new mffc = 197
dump 1577, new mffc = 193
dump 1661, new mffc = 189
dump 1717, new mffc = 185
dump 1373, new mffc = 184
dump 1709, new mffc = 180
nid = 1631, patch size = 42
nid = 1640, patch size = 17
nid = 1642, patch size = 43
nid = 1667, patch size = 10
nid = 1722, patch size = 33
nid = 1595, patch size = 66
nid = 1535, patch size = 43
nid = 1677, patch size = 59
nid = 1358, patch size = 14
nid = 1548, patch size = 37
nid = 1673, patch size = 43
nid = 1540, patch size = 17
nid = 1542, patch size = 29
nid = 1521, patch size = 9
nid = 1822, patch size = 20
nid = 1467, patch size = 68
nid = 1567, patch size = 46
nid = 1523, patch size = 48
nid = 1698, patch size = 30
nid = 1618, patch size = 28
nid = 1787, patch size = 68
start replacement
trim: 2472->2050
Trim time:  5.628030 sec
start conflict test
start final
newly find #UNSAT: 11
nid = 1897(1833)
conflict = 18
patch = 43
org status = -5
nid = 2185(2062)
conflict = 7
patch = 15
org status = -5
nid = 2186(2091)
conflict = 64
patch = 40
org status = -1
nid = 2197(2092)
conflict = 49
patch = 60
org status = -5
nid = 2198(2093)
conflict = 45
patch = 68
org status = -5
nid = 2249(2140)
conflict = 26
patch = 48
org status = -5
nid = 2250(2142)
conflict = 26
patch = 56
org status = -5
nid = 2252(2143)
conflict = 21
patch = 13
org status = -5
nid = 2253(2144)
conflict = 19
patch = 28
org status = -5
nid = 2322(2207)
conflict = 30
patch = 39
org status = -5
nid = 2324(2211)
conflict = 62
patch = 60
org status = -5
nSimWords = 0
