ABC command line: "&read _init.aig; &fdrw -g -G 2 -E 2 -P 70.0 -a -F _coef.log -C 100".

Level
....level is computed as FO
....use shortest path as dist = 0
....pick min of dist as level = 0
....Level is computed on pAbs = 1
Itp
....Itp is computed with incremental sat solver = 0
....Itp is computed on pAbs = 0
....G support contain merge frontier = 1
....G supprot contain not same merge frontier support = 2
....cost eval of the patch is 2
....coef of cost eval = 70.000000
Shrink
....keep special case 0 in Gsupport first
....shrink base on level of pAbs
FD Rewrite
....synthesis before replacement = 0
....synthesis after rewriting = 0
initial #Unsat: 399
start replace node finding
maxMffc = 463, max reduce = 44
dump 2572, new mffc = 462
dump 2726, new mffc = 461
dump 2768, new mffc = 460
dump 2926, new mffc = 459
dump 2971, new mffc = 458
dump 3016, new mffc = 457
dump 2431, new mffc = 455
dump 2774, new mffc = 453
dump 2411, new mffc = 452
nid = 2767, patch size = 14
nid = 2770, patch size = 18
nid = 2596, patch size = 29
nid = 2721, patch size = 12
nid = 3012, patch size = 11
nid = 2561, patch size = 67
nid = 2845, patch size = 61
nid = 2676, patch size = 13
nid = 2754, patch size = 52
nid = 2438, patch size = 29
nid = 2836, patch size = 18
nid = 2635, patch size = 58
nid = 2786, patch size = 12
nid = 3031, patch size = 57
nid = 2399, patch size = 24
nid = 2994, patch size = 52
nid = 3072, patch size = 14
nid = 2870, patch size = 28
nid = 2493, patch size = 22
nid = 2923, patch size = 30
nid = 3172, patch size = 55
nid = 3190, patch size = 38
nid = 3191, patch size = 54
nid = 2428, patch size = 30
nid = 2414, patch size = 26
nid = 2594, patch size = 47
nid = 2507, patch size = 52
nid = 2500, patch size = 47
nid = 2389, patch size = 14
nid = 2555, patch size = 63
nid = 3090, patch size = 45
nid = 2865, patch size = 41
nid = 2666, patch size = 30
nid = 2332, patch size = 35
nid = 2956, patch size = 53
nid = 2900, patch size = 26
nid = 2826, patch size = 25
nid = 2716, patch size = 57
start replacement
trim: 3603->2842
Trim time:  8.397806 sec
start conflict test
start final
newly find #UNSAT: 3
nid = 1232(1221)
conflict = 43
patch = 35
org status = -5
nid = 1382(1373)
conflict = 6
patch = 3
org status = -7
nid = 1575(1554)
conflict = 26
patch = 44
org status = -5
nSimWords = 0
